[0.057s] Invoking command in '/root/ros_workspace/build/dynamixel_sdk': CMAKE_PREFIX_PATH=${CMAKE_PREFIX_PATH}:/opt/ros/jazzy /usr/bin/cmake --build /root/ros_workspace/build/dynamixel_sdk -- -j8 -l8
[0.226s] [100%] Built target dynamixel_sdk
[0.299s] [100%] Built target ament_cmake_python_symlink_dynamixel_sdk
[0.677s] running egg_info
[0.701s] writing dynamixel_sdk.egg-info/PKG-INFO
[0.702s] writing dependency_links to dynamixel_sdk.egg-info/dependency_links.txt
[0.703s] writing top-level names to dynamixel_sdk.egg-info/top_level.txt
[0.805s] reading manifest file 'dynamixel_sdk.egg-info/SOURCES.txt'
[0.807s] writing manifest file 'dynamixel_sdk.egg-info/SOURCES.txt'
[0.915s] [100%] Built target ament_cmake_python_build_dynamixel_sdk_egg
[1.175s] Invoked command in '/root/ros_workspace/build/dynamixel_sdk' returned '0': CMAKE_PREFIX_PATH=${CMAKE_PREFIX_PATH}:/opt/ros/jazzy /usr/bin/cmake --build /root/ros_workspace/build/dynamixel_sdk -- -j8 -l8
[1.178s] Invoking command in '/root/ros_workspace/build/dynamixel_sdk': CMAKE_PREFIX_PATH=${CMAKE_PREFIX_PATH}:/opt/ros/jazzy /usr/bin/cmake --install /root/ros_workspace/build/dynamixel_sdk
[1.197s] -- Install configuration: ""
[1.198s] -- Execute custom install script
[1.199s] -- Up-to-date symlink: /root/ros_workspace/install/dynamixel_sdk/include//dynamixel_sdk/dynamixel_sdk.h
[1.199s] -- Up-to-date symlink: /root/ros_workspace/install/dynamixel_sdk/include//dynamixel_sdk/group_bulk_read.h
[1.200s] -- Up-to-date symlink: /root/ros_workspace/install/dynamixel_sdk/include//dynamixel_sdk/group_bulk_write.h
[1.200s] -- Up-to-date symlink: /root/ros_workspace/install/dynamixel_sdk/include//dynamixel_sdk/group_fast_bulk_read.h
[1.201s] -- Up-to-date symlink: /root/ros_workspace/install/dynamixel_sdk/include//dynamixel_sdk/group_fast_sync_read.h
[1.201s] -- Up-to-date symlink: /root/ros_workspace/install/dynamixel_sdk/include//dynamixel_sdk/group_handler.h
[1.201s] -- Up-to-date symlink: /root/ros_workspace/install/dynamixel_sdk/include//dynamixel_sdk/group_sync_read.h
[1.202s] -- Up-to-date symlink: /root/ros_workspace/install/dynamixel_sdk/include//dynamixel_sdk/group_sync_write.h
[1.203s] -- Up-to-date symlink: /root/ros_workspace/install/dynamixel_sdk/include//dynamixel_sdk/packet_handler.h
[1.203s] -- Up-to-date symlink: /root/ros_workspace/install/dynamixel_sdk/include//dynamixel_sdk/port_handler.h
[1.203s] -- Up-to-date symlink: /root/ros_workspace/install/dynamixel_sdk/include//dynamixel_sdk/port_handler_arduino.h
[1.203s] -- Up-to-date symlink: /root/ros_workspace/install/dynamixel_sdk/include//dynamixel_sdk/port_handler_linux.h
[1.203s] -- Up-to-date symlink: /root/ros_workspace/install/dynamixel_sdk/include//dynamixel_sdk/port_handler_mac.h
[1.204s] -- Up-to-date symlink: /root/ros_workspace/install/dynamixel_sdk/include//dynamixel_sdk/port_handler_windows.h
[1.204s] -- Up-to-date symlink: /root/ros_workspace/install/dynamixel_sdk/include//dynamixel_sdk/protocol1_packet_handler.h
[1.204s] -- Up-to-date symlink: /root/ros_workspace/install/dynamixel_sdk/include//dynamixel_sdk/protocol2_packet_handler.h
[1.204s] -- Up-to-date symlink: /root/ros_workspace/install/dynamixel_sdk/share/dynamixel_sdk/environment/pythonpath.sh
[1.204s] -- Up-to-date symlink: /root/ros_workspace/install/dynamixel_sdk/share/dynamixel_sdk/environment/pythonpath.dsv
[1.206s] -- Up-to-date symlink: /root/ros_workspace/install/dynamixel_sdk/lib/python3.12/site-packages/dynamixel_sdk-3.8.4-py3.12.egg-info/PKG-INFO
[1.206s] -- Up-to-date symlink: /root/ros_workspace/install/dynamixel_sdk/lib/python3.12/site-packages/dynamixel_sdk-3.8.4-py3.12.egg-info/SOURCES.txt
[1.207s] -- Up-to-date symlink: /root/ros_workspace/install/dynamixel_sdk/lib/python3.12/site-packages/dynamixel_sdk-3.8.4-py3.12.egg-info/dependency_links.txt
[1.208s] -- Up-to-date symlink: /root/ros_workspace/install/dynamixel_sdk/lib/python3.12/site-packages/dynamixel_sdk-3.8.4-py3.12.egg-info/top_level.txt
[1.209s] -- Up-to-date symlink: /root/ros_workspace/install/dynamixel_sdk/lib/python3.12/site-packages/dynamixel_sdk/__init__.py
[1.210s] -- Up-to-date symlink: /root/ros_workspace/install/dynamixel_sdk/lib/python3.12/site-packages/dynamixel_sdk/group_bulk_read.cpp
[1.210s] -- Up-to-date symlink: /root/ros_workspace/install/dynamixel_sdk/lib/python3.12/site-packages/dynamixel_sdk/group_bulk_read.py
[1.210s] -- Up-to-date symlink: /root/ros_workspace/install/dynamixel_sdk/lib/python3.12/site-packages/dynamixel_sdk/group_bulk_write.cpp
[1.211s] -- Up-to-date symlink: /root/ros_workspace/install/dynamixel_sdk/lib/python3.12/site-packages/dynamixel_sdk/group_bulk_write.py
[1.211s] -- Up-to-date symlink: /root/ros_workspace/install/dynamixel_sdk/lib/python3.12/site-packages/dynamixel_sdk/group_fast_bulk_read.cpp
[1.212s] -- Up-to-date symlink: /root/ros_workspace/install/dynamixel_sdk/lib/python3.12/site-packages/dynamixel_sdk/group_fast_sync_read.cpp
[1.212s] -- Up-to-date symlink: /root/ros_workspace/install/dynamixel_sdk/lib/python3.12/site-packages/dynamixel_sdk/group_handler.cpp
[1.212s] -- Up-to-date symlink: /root/ros_workspace/install/dynamixel_sdk/lib/python3.12/site-packages/dynamixel_sdk/group_sync_read.cpp
[1.214s] -- Up-to-date symlink: /root/ros_workspace/install/dynamixel_sdk/lib/python3.12/site-packages/dynamixel_sdk/group_sync_read.py
[1.214s] -- Up-to-date symlink: /root/ros_workspace/install/dynamixel_sdk/lib/python3.12/site-packages/dynamixel_sdk/group_sync_write.cpp
[1.215s] -- Up-to-date symlink: /root/ros_workspace/install/dynamixel_sdk/lib/python3.12/site-packages/dynamixel_sdk/group_sync_write.py
[1.215s] -- Up-to-date symlink: /root/ros_workspace/install/dynamixel_sdk/lib/python3.12/site-packages/dynamixel_sdk/packet_handler.cpp
[1.216s] -- Up-to-date symlink: /root/ros_workspace/install/dynamixel_sdk/lib/python3.12/site-packages/dynamixel_sdk/packet_handler.py
[1.216s] -- Up-to-date symlink: /root/ros_workspace/install/dynamixel_sdk/lib/python3.12/site-packages/dynamixel_sdk/port_handler.cpp
[1.216s] -- Up-to-date symlink: /root/ros_workspace/install/dynamixel_sdk/lib/python3.12/site-packages/dynamixel_sdk/port_handler.py
[1.216s] -- Up-to-date symlink: /root/ros_workspace/install/dynamixel_sdk/lib/python3.12/site-packages/dynamixel_sdk/port_handler_arduino.cpp
[1.216s] -- Up-to-date symlink: /root/ros_workspace/install/dynamixel_sdk/lib/python3.12/site-packages/dynamixel_sdk/port_handler_linux.cpp
[1.216s] -- Up-to-date symlink: /root/ros_workspace/install/dynamixel_sdk/lib/python3.12/site-packages/dynamixel_sdk/port_handler_mac.cpp
[1.217s] -- Up-to-date symlink: /root/ros_workspace/install/dynamixel_sdk/lib/python3.12/site-packages/dynamixel_sdk/port_handler_windows.cpp
[1.217s] -- Up-to-date symlink: /root/ros_workspace/install/dynamixel_sdk/lib/python3.12/site-packages/dynamixel_sdk/protocol1_packet_handler.cpp
[1.217s] -- Up-to-date symlink: /root/ros_workspace/install/dynamixel_sdk/lib/python3.12/site-packages/dynamixel_sdk/protocol1_packet_handler.py
[1.217s] -- Up-to-date symlink: /root/ros_workspace/install/dynamixel_sdk/lib/python3.12/site-packages/dynamixel_sdk/protocol2_packet_handler.cpp
[1.218s] -- Up-to-date symlink: /root/ros_workspace/install/dynamixel_sdk/lib/python3.12/site-packages/dynamixel_sdk/protocol2_packet_handler.py
[1.218s] -- Up-to-date symlink: /root/ros_workspace/install/dynamixel_sdk/lib/python3.12/site-packages/dynamixel_sdk/robotis_def.py
[1.219s] -- Up-to-date symlink: /root/ros_workspace/install/dynamixel_sdk/share/dynamixel_sdk/environment/library_path.sh
[1.219s] -- Up-to-date symlink: /root/ros_workspace/install/dynamixel_sdk/share/dynamixel_sdk/environment/library_path.dsv
[1.220s] -- Up-to-date symlink: /root/ros_workspace/install/dynamixel_sdk/share/ament_index/resource_index/package_run_dependencies/dynamixel_sdk
[1.220s] -- Up-to-date symlink: /root/ros_workspace/install/dynamixel_sdk/share/ament_index/resource_index/parent_prefix_path/dynamixel_sdk
[1.221s] -- Up-to-date symlink: /root/ros_workspace/install/dynamixel_sdk/share/dynamixel_sdk/environment/ament_prefix_path.sh
[1.221s] -- Up-to-date symlink: /root/ros_workspace/install/dynamixel_sdk/share/dynamixel_sdk/environment/ament_prefix_path.dsv
[1.222s] -- Up-to-date symlink: /root/ros_workspace/install/dynamixel_sdk/share/dynamixel_sdk/environment/path.sh
[1.222s] -- Up-to-date symlink: /root/ros_workspace/install/dynamixel_sdk/share/dynamixel_sdk/environment/path.dsv
[1.223s] -- Up-to-date symlink: /root/ros_workspace/install/dynamixel_sdk/share/dynamixel_sdk/local_setup.bash
[1.223s] -- Up-to-date symlink: /root/ros_workspace/install/dynamixel_sdk/share/dynamixel_sdk/local_setup.sh
[1.223s] -- Up-to-date symlink: /root/ros_workspace/install/dynamixel_sdk/share/dynamixel_sdk/local_setup.zsh
[1.224s] -- Up-to-date symlink: /root/ros_workspace/install/dynamixel_sdk/share/dynamixel_sdk/local_setup.dsv
[1.224s] -- Symlinking: /root/ros_workspace/install/dynamixel_sdk/share/dynamixel_sdk/package.dsv
[1.247s] -- Up-to-date symlink: /root/ros_workspace/install/dynamixel_sdk/share/ament_index/resource_index/packages/dynamixel_sdk
[1.247s] -- Up-to-date symlink: /root/ros_workspace/install/dynamixel_sdk/share/dynamixel_sdk/cmake/ament_cmake_export_targets-extras.cmake
[1.248s] -- Up-to-date symlink: /root/ros_workspace/install/dynamixel_sdk/share/dynamixel_sdk/cmake/ament_cmake_export_include_directories-extras.cmake
[1.248s] -- Up-to-date symlink: /root/ros_workspace/install/dynamixel_sdk/share/dynamixel_sdk/cmake/ament_cmake_export_libraries-extras.cmake
[1.248s] -- Up-to-date symlink: /root/ros_workspace/install/dynamixel_sdk/share/dynamixel_sdk/cmake/dynamixel_sdkConfig.cmake
[1.249s] -- Up-to-date symlink: /root/ros_workspace/install/dynamixel_sdk/share/dynamixel_sdk/cmake/dynamixel_sdkConfig-version.cmake
[1.249s] -- Up-to-date symlink: /root/ros_workspace/install/dynamixel_sdk/share/dynamixel_sdk/package.xml
[1.250s] -- Up-to-date: /root/ros_workspace/install/dynamixel_sdk/lib/libdynamixel_sdk.so
[1.304s] Listing '/root/ros_workspace/install/dynamixel_sdk/lib/python3.12/site-packages/dynamixel_sdk'...
[1.318s] -- Up-to-date: /root/ros_workspace/install/dynamixel_sdk/share/dynamixel_sdk/cmake/dynamixel_sdkExport.cmake
[1.318s] -- Up-to-date: /root/ros_workspace/install/dynamixel_sdk/share/dynamixel_sdk/cmake/dynamixel_sdkExport-noconfig.cmake
[1.322s] Invoked command in '/root/ros_workspace/build/dynamixel_sdk' returned '0': CMAKE_PREFIX_PATH=${CMAKE_PREFIX_PATH}:/opt/ros/jazzy /usr/bin/cmake --install /root/ros_workspace/build/dynamixel_sdk
