[0.082s] Invoking command in '/root/ros_workspace/build/turtlebot3_description': CMAKE_PREFIX_PATH=${CMAKE_PREFIX_PATH}:/opt/ros/jazzy /usr/bin/cmake /root/ros_workspace/src/turtlebot3/turtlebot3_description -DAMENT_CMAKE_SYMLINK_INSTALL=1 -DCMAKE_INSTALL_PREFIX=/root/ros_workspace/install/turtlebot3_description
[0.497s] -- The C compiler identification is GNU 13.3.0
[0.881s] -- The CXX compiler identification is GNU 13.3.0
[0.947s] -- Detecting C compiler ABI info
[1.383s] -- Detecting C compiler ABI info - done
[1.420s] -- Check for working C compiler: /usr/bin/cc - skipped
[1.420s] -- Detecting C compile features
[1.421s] -- Detecting C compile features - done
[1.458s] -- Detecting CXX compiler ABI info
[1.876s] -- Detecting CXX compiler ABI info - done
[1.924s] -- Check for working CXX compiler: /usr/bin/c++ - skipped
[1.925s] -- Detecting CXX compile features
[1.927s] -- Detecting CXX compile features - done
[1.973s] -- Found ament_cmake: 2.5.4 (/opt/ros/jazzy/share/ament_cmake/cmake)
[2.670s] -- Found Python3: /usr/bin/python3 (found version "3.12.3") found components: Interpreter 
[2.925s] -- Override CMake install command with custom implementation using symlinks instead of copying resources
[3.155s] -- Found urdf: 2.10.0 (/opt/ros/jazzy/share/urdf/cmake)
[3.361s] -- Found TinyXML2 via Config file: /usr/lib/x86_64-linux-gnu/cmake/tinyxml2
[3.910s] -- Configuring done (3.7s)
[3.922s] -- Generating done (0.0s)
[3.927s] -- Build files have been written to: /root/ros_workspace/build/turtlebot3_description
[3.945s] Invoked command in '/root/ros_workspace/build/turtlebot3_description' returned '0': CMAKE_PREFIX_PATH=${CMAKE_PREFIX_PATH}:/opt/ros/jazzy /usr/bin/cmake /root/ros_workspace/src/turtlebot3/turtlebot3_description -DAMENT_CMAKE_SYMLINK_INSTALL=1 -DCMAKE_INSTALL_PREFIX=/root/ros_workspace/install/turtlebot3_description
[3.951s] Invoking command in '/root/ros_workspace/build/turtlebot3_description': CMAKE_PREFIX_PATH=${CMAKE_PREFIX_PATH}:/opt/ros/jazzy /usr/bin/cmake --build /root/ros_workspace/build/turtlebot3_description -- -j12 -l12
[4.098s] Invoked command in '/root/ros_workspace/build/turtlebot3_description' returned '0': CMAKE_PREFIX_PATH=${CMAKE_PREFIX_PATH}:/opt/ros/jazzy /usr/bin/cmake --build /root/ros_workspace/build/turtlebot3_description -- -j12 -l12
[4.102s] Invoking command in '/root/ros_workspace/build/turtlebot3_description': CMAKE_PREFIX_PATH=${CMAKE_PREFIX_PATH}:/opt/ros/jazzy /usr/bin/cmake --install /root/ros_workspace/build/turtlebot3_description
[4.147s] -- Install configuration: ""
[4.149s] -- Execute custom install script
[4.160s] -- Symlinking: /root/ros_workspace/install/turtlebot3_description/share/turtlebot3_description/meshes/bases/burger_base.stl
[4.207s] -- Symlinking: /root/ros_workspace/install/turtlebot3_description/share/turtlebot3_description/meshes/bases/waffle_base.stl
[4.296s] -- Symlinking: /root/ros_workspace/install/turtlebot3_description/share/turtlebot3_description/meshes/bases/waffle_pi_base.stl
[4.357s] -- Symlinking: /root/ros_workspace/install/turtlebot3_description/share/turtlebot3_description/meshes/sensors/astra.dae
[4.393s] -- Symlinking: /root/ros_workspace/install/turtlebot3_description/share/turtlebot3_description/meshes/sensors/astra.jpg
[4.473s] -- Symlinking: /root/ros_workspace/install/turtlebot3_description/share/turtlebot3_description/meshes/sensors/lds.stl
[4.528s] -- Symlinking: /root/ros_workspace/install/turtlebot3_description/share/turtlebot3_description/meshes/sensors/r200.dae
[4.690s] -- Symlinking: /root/ros_workspace/install/turtlebot3_description/share/turtlebot3_description/meshes/sensors/r200.jpg
[4.775s] -- Symlinking: /root/ros_workspace/install/turtlebot3_description/share/turtlebot3_description/meshes/wheels/left_tire.stl
[4.825s] -- Symlinking: /root/ros_workspace/install/turtlebot3_description/share/turtlebot3_description/meshes/wheels/right_tire.stl
[5.013s] -- Symlinking: /root/ros_workspace/install/turtlebot3_description/share/turtlebot3_description/rviz/model.rviz
[5.127s] -- Symlinking: /root/ros_workspace/install/turtlebot3_description/share/turtlebot3_description/urdf/common_properties.urdf
[5.302s] -- Symlinking: /root/ros_workspace/install/turtlebot3_description/share/turtlebot3_description/urdf/turtlebot3_burger.urdf
[5.513s] -- Symlinking: /root/ros_workspace/install/turtlebot3_description/share/turtlebot3_description/urdf/turtlebot3_waffle.urdf
[5.601s] -- Symlinking: /root/ros_workspace/install/turtlebot3_description/share/turtlebot3_description/urdf/turtlebot3_waffle_pi.urdf
[5.751s] -- Symlinking: /root/ros_workspace/install/turtlebot3_description/share/ament_index/resource_index/package_run_dependencies/turtlebot3_description
[5.888s] -- Symlinking: /root/ros_workspace/install/turtlebot3_description/share/ament_index/resource_index/parent_prefix_path/turtlebot3_description
[6.003s] -- Symlinking: /root/ros_workspace/install/turtlebot3_description/share/turtlebot3_description/environment/ament_prefix_path.sh
[6.080s] -- Symlinking: /root/ros_workspace/install/turtlebot3_description/share/turtlebot3_description/environment/ament_prefix_path.dsv
[6.185s] -- Symlinking: /root/ros_workspace/install/turtlebot3_description/share/turtlebot3_description/environment/path.sh
[6.219s] -- Symlinking: /root/ros_workspace/install/turtlebot3_description/share/turtlebot3_description/environment/path.dsv
[6.304s] -- Symlinking: /root/ros_workspace/install/turtlebot3_description/share/turtlebot3_description/local_setup.bash
[6.401s] -- Symlinking: /root/ros_workspace/install/turtlebot3_description/share/turtlebot3_description/local_setup.sh
[6.498s] -- Symlinking: /root/ros_workspace/install/turtlebot3_description/share/turtlebot3_description/local_setup.zsh
[6.610s] -- Symlinking: /root/ros_workspace/install/turtlebot3_description/share/turtlebot3_description/local_setup.dsv
[6.695s] -- Symlinking: /root/ros_workspace/install/turtlebot3_description/share/turtlebot3_description/package.dsv
[6.731s] -- Symlinking: /root/ros_workspace/install/turtlebot3_description/share/ament_index/resource_index/packages/turtlebot3_description
[6.766s] -- Symlinking: /root/ros_workspace/install/turtlebot3_description/share/turtlebot3_description/cmake/turtlebot3_descriptionConfig.cmake
[6.836s] -- Symlinking: /root/ros_workspace/install/turtlebot3_description/share/turtlebot3_description/cmake/turtlebot3_descriptionConfig-version.cmake
[6.879s] -- Symlinking: /root/ros_workspace/install/turtlebot3_description/share/turtlebot3_description/package.xml
[6.925s] Invoked command in '/root/ros_workspace/build/turtlebot3_description' returned '0': CMAKE_PREFIX_PATH=${CMAKE_PREFIX_PATH}:/opt/ros/jazzy /usr/bin/cmake --install /root/ros_workspace/build/turtlebot3_description
