-- Found ament_cmake: 2.5.4 (/opt/ros/jazzy/share/ament_cmake/cmake)
-- Override CMake install command with custom implementation using symlinks instead of copying resources
-- Configuring done (0.8s)
-- Generating done (0.0s)
-- Build files have been written to: /root/ros_workspace/build/turtlebot3
-- Install configuration: "Release"
-- Execute custom install script
-- Up-to-date symlink: /root/ros_workspace/install/turtlebot3/share/ament_index/resource_index/package_run_dependencies/turtlebot3
-- Up-to-date symlink: /root/ros_workspace/install/turtlebot3/share/ament_index/resource_index/parent_prefix_path/turtlebot3
-- Up-to-date symlink: /root/ros_workspace/install/turtlebot3/share/turtlebot3/environment/ament_prefix_path.sh
-- Up-to-date symlink: /root/ros_workspace/install/turtlebot3/share/turtlebot3/environment/ament_prefix_path.dsv
-- Up-to-date symlink: /root/ros_workspace/install/turtlebot3/share/turtlebot3/environment/path.sh
-- Up-to-date symlink: /root/ros_workspace/install/turtlebot3/share/turtlebot3/environment/path.dsv
-- Up-to-date symlink: /root/ros_workspace/install/turtlebot3/share/turtlebot3/local_setup.bash
-- Up-to-date symlink: /root/ros_workspace/install/turtlebot3/share/turtlebot3/local_setup.sh
-- Up-to-date symlink: /root/ros_workspace/install/turtlebot3/share/turtlebot3/local_setup.zsh
-- Up-to-date symlink: /root/ros_workspace/install/turtlebot3/share/turtlebot3/local_setup.dsv
-- Symlinking: /root/ros_workspace/install/turtlebot3/share/turtlebot3/package.dsv
-- Up-to-date symlink: /root/ros_workspace/install/turtlebot3/share/ament_index/resource_index/packages/turtlebot3
-- Up-to-date symlink: /root/ros_workspace/install/turtlebot3/share/turtlebot3/cmake/turtlebot3Config.cmake
-- Up-to-date symlink: /root/ros_workspace/install/turtlebot3/share/turtlebot3/cmake/turtlebot3Config-version.cmake
-- Up-to-date symlink: /root/ros_workspace/install/turtlebot3/share/turtlebot3/package.xml
