[0.194s] Invoking command in '/root/ros_workspace/build/dynamixel_sdk_custom_interfaces': CMAKE_PREFIX_PATH=${CMAKE_PREFIX_PATH}:/root/ros_workspace/install/turtlebot3_teleop:/root/ros_workspace/install/turtlebot3_example:/opt/ros/jazzy /usr/bin/cmake --build /root/ros_workspace/build/dynamixel_sdk_custom_interfaces -- -j12 -l12
[1.532s] [  2%] Built target dynamixel_sdk_custom_interfaces__rosidl_generator_type_description
[1.533s] [  2%] Built target ament_cmake_python_symlink_dynamixel_sdk_custom_interfaces
[1.533s] [ 22%] Built target dynamixel_sdk_custom_interfaces__rosidl_generator_c
[1.533s] [ 22%] Built target dynamixel_sdk_custom_interfaces__cpp
[1.545s] [ 31%] Built target dynamixel_sdk_custom_interfaces__rosidl_typesupport_fastrtps_c
[1.551s] [ 40%] Built target dynamixel_sdk_custom_interfaces__rosidl_typesupport_c
[1.551s] [ 50%] Built target dynamixel_sdk_custom_interfaces__rosidl_typesupport_introspection_c
[1.552s] [ 61%] Built target dynamixel_sdk_custom_interfaces__rosidl_typesupport_introspection_cpp
[1.552s] [ 75%] Built target dynamixel_sdk_custom_interfaces__rosidl_typesupport_fastrtps_cpp
[1.552s] [ 77%] Built target dynamixel_sdk_custom_interfaces__rosidl_typesupport_cpp
[1.555s] [ 77%] Built target dynamixel_sdk_custom_interfaces
[1.556s] [ 79%] Built target dynamixel_sdk_custom_interfaces__py
[1.561s] [ 86%] Built target dynamixel_sdk_custom_interfaces__rosidl_generator_py
[1.562s] [ 95%] Built target dynamixel_sdk_custom_interfaces_s__rosidl_typesupport_fastrtps_c
[1.562s] [ 95%] Built target dynamixel_sdk_custom_interfaces_s__rosidl_typesupport_introspection_c
[1.562s] [100%] Built target dynamixel_sdk_custom_interfaces_s__rosidl_typesupport_c
[1.564s] running egg_info
[1.633s] writing dynamixel_sdk_custom_interfaces.egg-info/PKG-INFO
[1.635s] writing dependency_links to dynamixel_sdk_custom_interfaces.egg-info/dependency_links.txt
[1.636s] writing top-level names to dynamixel_sdk_custom_interfaces.egg-info/top_level.txt
[1.901s] reading manifest file 'dynamixel_sdk_custom_interfaces.egg-info/SOURCES.txt'
[1.902s] writing manifest file 'dynamixel_sdk_custom_interfaces.egg-info/SOURCES.txt'
[2.069s] [100%] Built target ament_cmake_python_build_dynamixel_sdk_custom_interfaces_egg
[2.175s] Invoked command in '/root/ros_workspace/build/dynamixel_sdk_custom_interfaces' returned '0': CMAKE_PREFIX_PATH=${CMAKE_PREFIX_PATH}:/root/ros_workspace/install/turtlebot3_teleop:/root/ros_workspace/install/turtlebot3_example:/opt/ros/jazzy /usr/bin/cmake --build /root/ros_workspace/build/dynamixel_sdk_custom_interfaces -- -j12 -l12
[2.181s] Invoking command in '/root/ros_workspace/build/dynamixel_sdk_custom_interfaces': CMAKE_PREFIX_PATH=${CMAKE_PREFIX_PATH}:/root/ros_workspace/install/turtlebot3_teleop:/root/ros_workspace/install/turtlebot3_example:/opt/ros/jazzy /usr/bin/cmake --install /root/ros_workspace/build/dynamixel_sdk_custom_interfaces
[2.254s] -- Install configuration: ""
[2.257s] -- Execute custom install script
[2.258s] -- Up-to-date symlink: /root/ros_workspace/install/dynamixel_sdk_custom_interfaces/share/ament_index/resource_index/rosidl_interfaces/dynamixel_sdk_custom_interfaces
[2.258s] -- Up-to-date symlink: /root/ros_workspace/install/dynamixel_sdk_custom_interfaces/share/dynamixel_sdk_custom_interfaces/msg/SetPosition.json
[2.259s] -- Up-to-date symlink: /root/ros_workspace/install/dynamixel_sdk_custom_interfaces/share/dynamixel_sdk_custom_interfaces/srv/GetPosition.json
[2.259s] -- Up-to-date symlink: /root/ros_workspace/install/dynamixel_sdk_custom_interfaces/include/dynamixel_sdk_custom_interfaces/dynamixel_sdk_custom_interfaces/msg/detail/set_position__functions.h
[2.260s] -- Up-to-date symlink: /root/ros_workspace/install/dynamixel_sdk_custom_interfaces/include/dynamixel_sdk_custom_interfaces/dynamixel_sdk_custom_interfaces/msg/detail/set_position__struct.h
[2.261s] -- Up-to-date symlink: /root/ros_workspace/install/dynamixel_sdk_custom_interfaces/include/dynamixel_sdk_custom_interfaces/dynamixel_sdk_custom_interfaces/msg/detail/set_position__type_support.h
[2.262s] -- Up-to-date symlink: /root/ros_workspace/install/dynamixel_sdk_custom_interfaces/include/dynamixel_sdk_custom_interfaces/dynamixel_sdk_custom_interfaces/msg/rosidl_generator_c__visibility_control.h
[2.263s] -- Up-to-date symlink: /root/ros_workspace/install/dynamixel_sdk_custom_interfaces/include/dynamixel_sdk_custom_interfaces/dynamixel_sdk_custom_interfaces/msg/set_position.h
[2.264s] -- Up-to-date symlink: /root/ros_workspace/install/dynamixel_sdk_custom_interfaces/include/dynamixel_sdk_custom_interfaces/dynamixel_sdk_custom_interfaces/srv/detail/get_position__functions.h
[2.264s] -- Up-to-date symlink: /root/ros_workspace/install/dynamixel_sdk_custom_interfaces/include/dynamixel_sdk_custom_interfaces/dynamixel_sdk_custom_interfaces/srv/detail/get_position__struct.h
[2.265s] -- Up-to-date symlink: /root/ros_workspace/install/dynamixel_sdk_custom_interfaces/include/dynamixel_sdk_custom_interfaces/dynamixel_sdk_custom_interfaces/srv/detail/get_position__type_support.h
[2.266s] -- Up-to-date symlink: /root/ros_workspace/install/dynamixel_sdk_custom_interfaces/include/dynamixel_sdk_custom_interfaces/dynamixel_sdk_custom_interfaces/srv/get_position.h
[2.267s] -- Up-to-date symlink: /root/ros_workspace/install/dynamixel_sdk_custom_interfaces/share/dynamixel_sdk_custom_interfaces/environment/library_path.sh
[2.267s] -- Up-to-date symlink: /root/ros_workspace/install/dynamixel_sdk_custom_interfaces/share/dynamixel_sdk_custom_interfaces/environment/library_path.dsv
[2.269s] -- Up-to-date symlink: /root/ros_workspace/install/dynamixel_sdk_custom_interfaces/include/dynamixel_sdk_custom_interfaces/dynamixel_sdk_custom_interfaces/msg/detail/set_position__rosidl_typesupport_fastrtps_c.h
[2.269s] -- Up-to-date symlink: /root/ros_workspace/install/dynamixel_sdk_custom_interfaces/include/dynamixel_sdk_custom_interfaces/dynamixel_sdk_custom_interfaces/msg/rosidl_typesupport_fastrtps_c__visibility_control.h
[2.269s] -- Up-to-date symlink: /root/ros_workspace/install/dynamixel_sdk_custom_interfaces/include/dynamixel_sdk_custom_interfaces/dynamixel_sdk_custom_interfaces/srv/detail/get_position__rosidl_typesupport_fastrtps_c.h
[2.269s] -- Up-to-date symlink: /root/ros_workspace/install/dynamixel_sdk_custom_interfaces/include/dynamixel_sdk_custom_interfaces/dynamixel_sdk_custom_interfaces/msg/detail/set_position__builder.hpp
[2.269s] -- Up-to-date symlink: /root/ros_workspace/install/dynamixel_sdk_custom_interfaces/include/dynamixel_sdk_custom_interfaces/dynamixel_sdk_custom_interfaces/msg/detail/set_position__struct.hpp
[2.270s] -- Up-to-date symlink: /root/ros_workspace/install/dynamixel_sdk_custom_interfaces/include/dynamixel_sdk_custom_interfaces/dynamixel_sdk_custom_interfaces/msg/detail/set_position__traits.hpp
[2.270s] -- Up-to-date symlink: /root/ros_workspace/install/dynamixel_sdk_custom_interfaces/include/dynamixel_sdk_custom_interfaces/dynamixel_sdk_custom_interfaces/msg/detail/set_position__type_support.hpp
[2.271s] -- Up-to-date symlink: /root/ros_workspace/install/dynamixel_sdk_custom_interfaces/include/dynamixel_sdk_custom_interfaces/dynamixel_sdk_custom_interfaces/msg/rosidl_generator_cpp__visibility_control.hpp
[2.271s] -- Up-to-date symlink: /root/ros_workspace/install/dynamixel_sdk_custom_interfaces/include/dynamixel_sdk_custom_interfaces/dynamixel_sdk_custom_interfaces/msg/set_position.hpp
[2.273s] -- Up-to-date symlink: /root/ros_workspace/install/dynamixel_sdk_custom_interfaces/include/dynamixel_sdk_custom_interfaces/dynamixel_sdk_custom_interfaces/srv/detail/get_position__builder.hpp
[2.274s] -- Up-to-date symlink: /root/ros_workspace/install/dynamixel_sdk_custom_interfaces/include/dynamixel_sdk_custom_interfaces/dynamixel_sdk_custom_interfaces/srv/detail/get_position__struct.hpp
[2.275s] -- Up-to-date symlink: /root/ros_workspace/install/dynamixel_sdk_custom_interfaces/include/dynamixel_sdk_custom_interfaces/dynamixel_sdk_custom_interfaces/srv/detail/get_position__traits.hpp
[2.275s] -- Up-to-date symlink: /root/ros_workspace/install/dynamixel_sdk_custom_interfaces/include/dynamixel_sdk_custom_interfaces/dynamixel_sdk_custom_interfaces/srv/detail/get_position__type_support.hpp
[2.275s] -- Up-to-date symlink: /root/ros_workspace/install/dynamixel_sdk_custom_interfaces/include/dynamixel_sdk_custom_interfaces/dynamixel_sdk_custom_interfaces/srv/get_position.hpp
[2.276s] -- Up-to-date symlink: /root/ros_workspace/install/dynamixel_sdk_custom_interfaces/include/dynamixel_sdk_custom_interfaces/dynamixel_sdk_custom_interfaces/msg/detail/set_position__rosidl_typesupport_fastrtps_cpp.hpp
[2.276s] -- Up-to-date symlink: /root/ros_workspace/install/dynamixel_sdk_custom_interfaces/include/dynamixel_sdk_custom_interfaces/dynamixel_sdk_custom_interfaces/msg/rosidl_typesupport_fastrtps_cpp__visibility_control.h
[2.276s] -- Up-to-date symlink: /root/ros_workspace/install/dynamixel_sdk_custom_interfaces/include/dynamixel_sdk_custom_interfaces/dynamixel_sdk_custom_interfaces/srv/detail/get_position__rosidl_typesupport_fastrtps_cpp.hpp
[2.277s] -- Up-to-date symlink: /root/ros_workspace/install/dynamixel_sdk_custom_interfaces/include/dynamixel_sdk_custom_interfaces/dynamixel_sdk_custom_interfaces/msg/detail/set_position__rosidl_typesupport_introspection_c.h
[2.277s] -- Up-to-date symlink: /root/ros_workspace/install/dynamixel_sdk_custom_interfaces/include/dynamixel_sdk_custom_interfaces/dynamixel_sdk_custom_interfaces/msg/rosidl_typesupport_introspection_c__visibility_control.h
[2.277s] -- Up-to-date symlink: /root/ros_workspace/install/dynamixel_sdk_custom_interfaces/include/dynamixel_sdk_custom_interfaces/dynamixel_sdk_custom_interfaces/srv/detail/get_position__rosidl_typesupport_introspection_c.h
[2.277s] -- Up-to-date symlink: /root/ros_workspace/install/dynamixel_sdk_custom_interfaces/include/dynamixel_sdk_custom_interfaces/dynamixel_sdk_custom_interfaces/msg/detail/set_position__rosidl_typesupport_introspection_cpp.hpp
[2.277s] -- Up-to-date symlink: /root/ros_workspace/install/dynamixel_sdk_custom_interfaces/include/dynamixel_sdk_custom_interfaces/dynamixel_sdk_custom_interfaces/srv/detail/get_position__rosidl_typesupport_introspection_cpp.hpp
[2.278s] -- Up-to-date symlink: /root/ros_workspace/install/dynamixel_sdk_custom_interfaces/share/dynamixel_sdk_custom_interfaces/environment/pythonpath.sh
[2.279s] -- Up-to-date symlink: /root/ros_workspace/install/dynamixel_sdk_custom_interfaces/share/dynamixel_sdk_custom_interfaces/environment/pythonpath.dsv
[2.287s] -- Up-to-date symlink: /root/ros_workspace/install/dynamixel_sdk_custom_interfaces/lib/python3.12/site-packages/dynamixel_sdk_custom_interfaces-3.8.4-py3.12.egg-info/PKG-INFO
[2.287s] -- Up-to-date symlink: /root/ros_workspace/install/dynamixel_sdk_custom_interfaces/lib/python3.12/site-packages/dynamixel_sdk_custom_interfaces-3.8.4-py3.12.egg-info/SOURCES.txt
[2.287s] -- Up-to-date symlink: /root/ros_workspace/install/dynamixel_sdk_custom_interfaces/lib/python3.12/site-packages/dynamixel_sdk_custom_interfaces-3.8.4-py3.12.egg-info/dependency_links.txt
[2.288s] -- Up-to-date symlink: /root/ros_workspace/install/dynamixel_sdk_custom_interfaces/lib/python3.12/site-packages/dynamixel_sdk_custom_interfaces-3.8.4-py3.12.egg-info/top_level.txt
[2.288s] -- Up-to-date symlink: /root/ros_workspace/install/dynamixel_sdk_custom_interfaces/lib/python3.12/site-packages/dynamixel_sdk_custom_interfaces/__init__.py
[2.288s] -- Up-to-date symlink: /root/ros_workspace/install/dynamixel_sdk_custom_interfaces/lib/python3.12/site-packages/dynamixel_sdk_custom_interfaces/_dynamixel_sdk_custom_interfaces_s.ep.rosidl_typesupport_c.c
[2.288s] -- Up-to-date symlink: /root/ros_workspace/install/dynamixel_sdk_custom_interfaces/lib/python3.12/site-packages/dynamixel_sdk_custom_interfaces/_dynamixel_sdk_custom_interfaces_s.ep.rosidl_typesupport_fastrtps_c.c
[2.288s] -- Up-to-date symlink: /root/ros_workspace/install/dynamixel_sdk_custom_interfaces/lib/python3.12/site-packages/dynamixel_sdk_custom_interfaces/_dynamixel_sdk_custom_interfaces_s.ep.rosidl_typesupport_introspection_c.c
[2.288s] -- Up-to-date symlink: /root/ros_workspace/install/dynamixel_sdk_custom_interfaces/lib/python3.12/site-packages/dynamixel_sdk_custom_interfaces/dynamixel_sdk_custom_interfaces_s__rosidl_typesupport_c.so
[2.289s] -- Up-to-date symlink: /root/ros_workspace/install/dynamixel_sdk_custom_interfaces/lib/python3.12/site-packages/dynamixel_sdk_custom_interfaces/dynamixel_sdk_custom_interfaces_s__rosidl_typesupport_fastrtps_c.so
[2.289s] -- Up-to-date symlink: /root/ros_workspace/install/dynamixel_sdk_custom_interfaces/lib/python3.12/site-packages/dynamixel_sdk_custom_interfaces/dynamixel_sdk_custom_interfaces_s__rosidl_typesupport_introspection_c.so
[2.289s] -- Up-to-date symlink: /root/ros_workspace/install/dynamixel_sdk_custom_interfaces/lib/python3.12/site-packages/dynamixel_sdk_custom_interfaces/msg/__init__.py
[2.289s] -- Up-to-date symlink: /root/ros_workspace/install/dynamixel_sdk_custom_interfaces/lib/python3.12/site-packages/dynamixel_sdk_custom_interfaces/msg/_set_position.py
[2.289s] -- Up-to-date symlink: /root/ros_workspace/install/dynamixel_sdk_custom_interfaces/lib/python3.12/site-packages/dynamixel_sdk_custom_interfaces/msg/_set_position_s.c
[2.289s] -- Up-to-date symlink: /root/ros_workspace/install/dynamixel_sdk_custom_interfaces/lib/python3.12/site-packages/dynamixel_sdk_custom_interfaces/srv/__init__.py
[2.290s] -- Up-to-date symlink: /root/ros_workspace/install/dynamixel_sdk_custom_interfaces/lib/python3.12/site-packages/dynamixel_sdk_custom_interfaces/srv/_get_position.py
[2.290s] -- Up-to-date symlink: /root/ros_workspace/install/dynamixel_sdk_custom_interfaces/lib/python3.12/site-packages/dynamixel_sdk_custom_interfaces/srv/_get_position_s.c
[2.290s] -- Up-to-date symlink: /root/ros_workspace/install/dynamixel_sdk_custom_interfaces/lib/python3.12/site-packages/dynamixel_sdk_custom_interfaces/dynamixel_sdk_custom_interfaces_s__rosidl_typesupport_fastrtps_c.so
[2.290s] -- Up-to-date symlink: /root/ros_workspace/install/dynamixel_sdk_custom_interfaces/lib/python3.12/site-packages/dynamixel_sdk_custom_interfaces/dynamixel_sdk_custom_interfaces_s__rosidl_typesupport_introspection_c.so
[2.290s] -- Up-to-date symlink: /root/ros_workspace/install/dynamixel_sdk_custom_interfaces/lib/python3.12/site-packages/dynamixel_sdk_custom_interfaces/dynamixel_sdk_custom_interfaces_s__rosidl_typesupport_c.so
[2.290s] -- Up-to-date symlink: /root/ros_workspace/install/dynamixel_sdk_custom_interfaces/share/dynamixel_sdk_custom_interfaces/msg/SetPosition.idl
[2.291s] -- Up-to-date symlink: /root/ros_workspace/install/dynamixel_sdk_custom_interfaces/share/dynamixel_sdk_custom_interfaces/srv/GetPosition.idl
[2.291s] -- Up-to-date symlink: /root/ros_workspace/install/dynamixel_sdk_custom_interfaces/share/dynamixel_sdk_custom_interfaces/msg/SetPosition.msg
[2.291s] -- Up-to-date symlink: /root/ros_workspace/install/dynamixel_sdk_custom_interfaces/share/dynamixel_sdk_custom_interfaces/srv/GetPosition.srv
[2.292s] -- Up-to-date symlink: /root/ros_workspace/install/dynamixel_sdk_custom_interfaces/share/ament_index/resource_index/package_run_dependencies/dynamixel_sdk_custom_interfaces
[2.298s] -- Up-to-date symlink: /root/ros_workspace/install/dynamixel_sdk_custom_interfaces/share/ament_index/resource_index/parent_prefix_path/dynamixel_sdk_custom_interfaces
[2.299s] -- Up-to-date symlink: /root/ros_workspace/install/dynamixel_sdk_custom_interfaces/share/dynamixel_sdk_custom_interfaces/environment/ament_prefix_path.sh
[2.302s] -- Up-to-date symlink: /root/ros_workspace/install/dynamixel_sdk_custom_interfaces/share/dynamixel_sdk_custom_interfaces/environment/ament_prefix_path.dsv
[2.304s] -- Up-to-date symlink: /root/ros_workspace/install/dynamixel_sdk_custom_interfaces/share/dynamixel_sdk_custom_interfaces/environment/path.sh
[2.305s] -- Up-to-date symlink: /root/ros_workspace/install/dynamixel_sdk_custom_interfaces/share/dynamixel_sdk_custom_interfaces/environment/path.dsv
[2.306s] -- Up-to-date symlink: /root/ros_workspace/install/dynamixel_sdk_custom_interfaces/share/dynamixel_sdk_custom_interfaces/local_setup.bash
[2.306s] -- Up-to-date symlink: /root/ros_workspace/install/dynamixel_sdk_custom_interfaces/share/dynamixel_sdk_custom_interfaces/local_setup.sh
[2.307s] -- Up-to-date symlink: /root/ros_workspace/install/dynamixel_sdk_custom_interfaces/share/dynamixel_sdk_custom_interfaces/local_setup.zsh
[2.307s] -- Up-to-date symlink: /root/ros_workspace/install/dynamixel_sdk_custom_interfaces/share/dynamixel_sdk_custom_interfaces/local_setup.dsv
[2.307s] -- Symlinking: /root/ros_workspace/install/dynamixel_sdk_custom_interfaces/share/dynamixel_sdk_custom_interfaces/package.dsv
[2.339s] -- Up-to-date symlink: /root/ros_workspace/install/dynamixel_sdk_custom_interfaces/share/ament_index/resource_index/packages/dynamixel_sdk_custom_interfaces
[2.340s] -- Up-to-date symlink: /root/ros_workspace/install/dynamixel_sdk_custom_interfaces/share/dynamixel_sdk_custom_interfaces/cmake/rosidl_cmake-extras.cmake
[2.340s] -- Up-to-date symlink: /root/ros_workspace/install/dynamixel_sdk_custom_interfaces/share/dynamixel_sdk_custom_interfaces/cmake/ament_cmake_export_dependencies-extras.cmake
[2.340s] -- Up-to-date symlink: /root/ros_workspace/install/dynamixel_sdk_custom_interfaces/share/dynamixel_sdk_custom_interfaces/cmake/ament_cmake_export_include_directories-extras.cmake
[2.340s] -- Up-to-date symlink: /root/ros_workspace/install/dynamixel_sdk_custom_interfaces/share/dynamixel_sdk_custom_interfaces/cmake/ament_cmake_export_libraries-extras.cmake
[2.342s] -- Up-to-date symlink: /root/ros_workspace/install/dynamixel_sdk_custom_interfaces/share/dynamixel_sdk_custom_interfaces/cmake/ament_cmake_export_targets-extras.cmake
[2.342s] -- Up-to-date symlink: /root/ros_workspace/install/dynamixel_sdk_custom_interfaces/share/dynamixel_sdk_custom_interfaces/cmake/rosidl_cmake_export_typesupport_targets-extras.cmake
[2.343s] -- Up-to-date symlink: /root/ros_workspace/install/dynamixel_sdk_custom_interfaces/share/dynamixel_sdk_custom_interfaces/cmake/rosidl_cmake_export_typesupport_libraries-extras.cmake
[2.343s] -- Up-to-date symlink: /root/ros_workspace/install/dynamixel_sdk_custom_interfaces/share/dynamixel_sdk_custom_interfaces/cmake/dynamixel_sdk_custom_interfacesConfig.cmake
[2.344s] -- Up-to-date symlink: /root/ros_workspace/install/dynamixel_sdk_custom_interfaces/share/dynamixel_sdk_custom_interfaces/cmake/dynamixel_sdk_custom_interfacesConfig-version.cmake
[2.344s] -- Up-to-date symlink: /root/ros_workspace/install/dynamixel_sdk_custom_interfaces/share/dynamixel_sdk_custom_interfaces/package.xml
[2.344s] -- Up-to-date: /root/ros_workspace/install/dynamixel_sdk_custom_interfaces/lib/libdynamixel_sdk_custom_interfaces__rosidl_generator_c.so
[2.346s] -- Up-to-date: /root/ros_workspace/install/dynamixel_sdk_custom_interfaces/lib/libdynamixel_sdk_custom_interfaces__rosidl_typesupport_fastrtps_c.so
[2.347s] -- Up-to-date: /root/ros_workspace/install/dynamixel_sdk_custom_interfaces/lib/libdynamixel_sdk_custom_interfaces__rosidl_typesupport_fastrtps_cpp.so
[2.347s] -- Up-to-date: /root/ros_workspace/install/dynamixel_sdk_custom_interfaces/lib/libdynamixel_sdk_custom_interfaces__rosidl_typesupport_introspection_c.so
[2.352s] -- Up-to-date: /root/ros_workspace/install/dynamixel_sdk_custom_interfaces/lib/libdynamixel_sdk_custom_interfaces__rosidl_typesupport_c.so
[2.352s] -- Up-to-date: /root/ros_workspace/install/dynamixel_sdk_custom_interfaces/lib/libdynamixel_sdk_custom_interfaces__rosidl_typesupport_introspection_cpp.so
[2.352s] -- Up-to-date: /root/ros_workspace/install/dynamixel_sdk_custom_interfaces/lib/libdynamixel_sdk_custom_interfaces__rosidl_typesupport_cpp.so
[2.499s] Listing '/root/ros_workspace/install/dynamixel_sdk_custom_interfaces/lib/python3.12/site-packages/dynamixel_sdk_custom_interfaces'...
[2.502s] Listing '/root/ros_workspace/install/dynamixel_sdk_custom_interfaces/lib/python3.12/site-packages/dynamixel_sdk_custom_interfaces/msg'...
[2.503s] Listing '/root/ros_workspace/install/dynamixel_sdk_custom_interfaces/lib/python3.12/site-packages/dynamixel_sdk_custom_interfaces/srv'...
[2.548s] -- Up-to-date: /root/ros_workspace/install/dynamixel_sdk_custom_interfaces/lib/libdynamixel_sdk_custom_interfaces__rosidl_generator_py.so
[2.548s] -- Up-to-date: /root/ros_workspace/install/dynamixel_sdk_custom_interfaces/share/dynamixel_sdk_custom_interfaces/cmake/export_dynamixel_sdk_custom_interfaces__rosidl_generator_cExport.cmake
[2.548s] -- Up-to-date: /root/ros_workspace/install/dynamixel_sdk_custom_interfaces/share/dynamixel_sdk_custom_interfaces/cmake/export_dynamixel_sdk_custom_interfaces__rosidl_generator_cExport-noconfig.cmake
[2.549s] -- Up-to-date: /root/ros_workspace/install/dynamixel_sdk_custom_interfaces/share/dynamixel_sdk_custom_interfaces/cmake/export_dynamixel_sdk_custom_interfaces__rosidl_typesupport_fastrtps_cExport.cmake
[2.549s] -- Up-to-date: /root/ros_workspace/install/dynamixel_sdk_custom_interfaces/share/dynamixel_sdk_custom_interfaces/cmake/export_dynamixel_sdk_custom_interfaces__rosidl_typesupport_fastrtps_cExport-noconfig.cmake
[2.550s] -- Up-to-date: /root/ros_workspace/install/dynamixel_sdk_custom_interfaces/share/dynamixel_sdk_custom_interfaces/cmake/export_dynamixel_sdk_custom_interfaces__rosidl_generator_cppExport.cmake
[2.550s] -- Up-to-date: /root/ros_workspace/install/dynamixel_sdk_custom_interfaces/share/dynamixel_sdk_custom_interfaces/cmake/export_dynamixel_sdk_custom_interfaces__rosidl_typesupport_fastrtps_cppExport.cmake
[2.551s] -- Up-to-date: /root/ros_workspace/install/dynamixel_sdk_custom_interfaces/share/dynamixel_sdk_custom_interfaces/cmake/export_dynamixel_sdk_custom_interfaces__rosidl_typesupport_fastrtps_cppExport-noconfig.cmake
[2.551s] -- Up-to-date: /root/ros_workspace/install/dynamixel_sdk_custom_interfaces/share/dynamixel_sdk_custom_interfaces/cmake/dynamixel_sdk_custom_interfaces__rosidl_typesupport_introspection_cExport.cmake
[2.552s] -- Up-to-date: /root/ros_workspace/install/dynamixel_sdk_custom_interfaces/share/dynamixel_sdk_custom_interfaces/cmake/dynamixel_sdk_custom_interfaces__rosidl_typesupport_introspection_cExport-noconfig.cmake
[2.553s] -- Up-to-date: /root/ros_workspace/install/dynamixel_sdk_custom_interfaces/share/dynamixel_sdk_custom_interfaces/cmake/dynamixel_sdk_custom_interfaces__rosidl_typesupport_cExport.cmake
[2.554s] -- Up-to-date: /root/ros_workspace/install/dynamixel_sdk_custom_interfaces/share/dynamixel_sdk_custom_interfaces/cmake/dynamixel_sdk_custom_interfaces__rosidl_typesupport_cExport-noconfig.cmake
[2.554s] -- Up-to-date: /root/ros_workspace/install/dynamixel_sdk_custom_interfaces/share/dynamixel_sdk_custom_interfaces/cmake/dynamixel_sdk_custom_interfaces__rosidl_typesupport_introspection_cppExport.cmake
[2.555s] -- Up-to-date: /root/ros_workspace/install/dynamixel_sdk_custom_interfaces/share/dynamixel_sdk_custom_interfaces/cmake/dynamixel_sdk_custom_interfaces__rosidl_typesupport_introspection_cppExport-noconfig.cmake
[2.555s] -- Up-to-date: /root/ros_workspace/install/dynamixel_sdk_custom_interfaces/share/dynamixel_sdk_custom_interfaces/cmake/dynamixel_sdk_custom_interfaces__rosidl_typesupport_cppExport.cmake
[2.556s] -- Up-to-date: /root/ros_workspace/install/dynamixel_sdk_custom_interfaces/share/dynamixel_sdk_custom_interfaces/cmake/dynamixel_sdk_custom_interfaces__rosidl_typesupport_cppExport-noconfig.cmake
[2.556s] -- Up-to-date: /root/ros_workspace/install/dynamixel_sdk_custom_interfaces/share/dynamixel_sdk_custom_interfaces/cmake/export_dynamixel_sdk_custom_interfaces__rosidl_generator_pyExport.cmake
[2.556s] -- Up-to-date: /root/ros_workspace/install/dynamixel_sdk_custom_interfaces/share/dynamixel_sdk_custom_interfaces/cmake/export_dynamixel_sdk_custom_interfaces__rosidl_generator_pyExport-noconfig.cmake
[2.623s] Invoked command in '/root/ros_workspace/build/dynamixel_sdk_custom_interfaces' returned '0': CMAKE_PREFIX_PATH=${CMAKE_PREFIX_PATH}:/root/ros_workspace/install/turtlebot3_teleop:/root/ros_workspace/install/turtlebot3_example:/opt/ros/jazzy /usr/bin/cmake --install /root/ros_workspace/build/dynamixel_sdk_custom_interfaces
