running egg_info
writing ../../build/turtlebot3_control/turtlebot3_control.egg-info/PKG-INFO
writing dependency_links to ../../build/turtlebot3_control/turtlebot3_control.egg-info/dependency_links.txt
writing entry points to ../../build/turtlebot3_control/turtlebot3_control.egg-info/entry_points.txt
writing requirements to ../../build/turtlebot3_control/turtlebot3_control.egg-info/requires.txt
writing top-level names to ../../build/turtlebot3_control/turtlebot3_control.egg-info/top_level.txt
reading manifest file '../../build/turtlebot3_control/turtlebot3_control.egg-info/SOURCES.txt'
writing manifest file '../../build/turtlebot3_control/turtlebot3_control.egg-info/SOURCES.txt'
running build
running build_py
copying turtlebot3_control/waypoint_controller.py -> /root/ros_workspace/build/turtlebot3_control/build/lib/turtlebot3_control
running install
running install_lib
copying /root/ros_workspace/build/turtlebot3_control/build/lib/turtlebot3_control/waypoint_controller.py -> /root/ros_workspace/install/turtlebot3_control/lib/python3.12/site-packages/turtlebot3_control
byte-compiling /root/ros_workspace/install/turtlebot3_control/lib/python3.12/site-packages/turtlebot3_control/waypoint_controller.py to waypoint_controller.cpython-312.pyc
running install_data
running install_egg_info
removing '/root/ros_workspace/install/turtlebot3_control/lib/python3.12/site-packages/turtlebot3_control-0.0.0-py3.12.egg-info' (and everything under it)
Copying ../../build/turtlebot3_control/turtlebot3_control.egg-info to /root/ros_workspace/install/turtlebot3_control/lib/python3.12/site-packages/turtlebot3_control-0.0.0-py3.12.egg-info
running install_scripts
Installing waypoint_controller script to /root/ros_workspace/install/turtlebot3_control/lib/turtlebot3_control
writing list of installed files to '/root/ros_workspace/build/turtlebot3_control/install.log'
