[  7%] [32mBuilding CXX object CMakeFiles/turtlebot3_node_lib.dir/src/devices/sound.cpp.o[0m
[ 14%] [32mBuilding CXX object CMakeFiles/turtlebot3_node_lib.dir/src/devices/reset.cpp.o[0m
[ 21%] [32mBuilding CXX object CMakeFiles/turtlebot3_node_lib.dir/src/odometry.cpp.o[0m
[ 28%] [32mBuilding CXX object CMakeFiles/turtlebot3_node_lib.dir/src/devices/motor_power.cpp.o[0m
[ 35%] [32mBuilding CXX object CMakeFiles/turtlebot3_node_lib.dir/src/diff_drive_controller.cpp.o[0m
[ 42%] [32mBuilding CXX object CMakeFiles/turtlebot3_node_lib.dir/src/turtlebot3.cpp.o[0m
[ 50%] [32mBuilding CXX object CMakeFiles/turtlebot3_node_lib.dir/src/sensors/battery_state.cpp.o[0m
[ 57%] [32mBuilding CXX object CMakeFiles/turtlebot3_node_lib.dir/src/sensors/imu.cpp.o[0m
[ 64%] [32mBuilding CXX object CMakeFiles/turtlebot3_node_lib.dir/src/sensors/joint_state.cpp.o[0m
[ 71%] [32mBuilding CXX object CMakeFiles/turtlebot3_node_lib.dir/src/sensors/sensor_state.cpp.o[0m
[ 78%] [32m[1mLinking CXX static library libturtlebot3_node_lib.a[0m
[ 85%] Built target turtlebot3_node_lib
[ 92%] [32mBuilding CXX object CMakeFiles/turtlebot3_ros.dir/src/node_main.cpp.o[0m
[100%] [32m[1mLinking CXX executable turtlebot3_ros[0m
[100%] Built target turtlebot3_ros
-- Install configuration: ""
-- Installing: /root/ros_workspace/install/turtlebot3_node/share/turtlebot3_node/param
-- Installing: /root/ros_workspace/install/turtlebot3_node/share/turtlebot3_node/param/waffle.yaml
-- Installing: /root/ros_workspace/install/turtlebot3_node/share/turtlebot3_node/param/waffle_pi.yaml
-- Installing: /root/ros_workspace/install/turtlebot3_node/share/turtlebot3_node/param/burger.yaml
-- Installing: /root/ros_workspace/install/turtlebot3_node/lib/turtlebot3_node/turtlebot3_ros
-- Set non-toolchain portion of runtime path of "/root/ros_workspace/install/turtlebot3_node/lib/turtlebot3_node/turtlebot3_ros" to ""
-- Installing: /root/ros_workspace/install/turtlebot3_node/share/ament_index/resource_index/package_run_dependencies/turtlebot3_node
-- Installing: /root/ros_workspace/install/turtlebot3_node/share/ament_index/resource_index/parent_prefix_path/turtlebot3_node
-- Installing: /root/ros_workspace/install/turtlebot3_node/share/turtlebot3_node/environment/ament_prefix_path.sh
-- Installing: /root/ros_workspace/install/turtlebot3_node/share/turtlebot3_node/environment/ament_prefix_path.dsv
-- Installing: /root/ros_workspace/install/turtlebot3_node/share/turtlebot3_node/environment/path.sh
-- Installing: /root/ros_workspace/install/turtlebot3_node/share/turtlebot3_node/environment/path.dsv
-- Installing: /root/ros_workspace/install/turtlebot3_node/share/turtlebot3_node/local_setup.bash
-- Installing: /root/ros_workspace/install/turtlebot3_node/share/turtlebot3_node/local_setup.sh
-- Installing: /root/ros_workspace/install/turtlebot3_node/share/turtlebot3_node/local_setup.zsh
-- Installing: /root/ros_workspace/install/turtlebot3_node/share/turtlebot3_node/local_setup.dsv
-- Installing: /root/ros_workspace/install/turtlebot3_node/share/turtlebot3_node/package.dsv
-- Installing: /root/ros_workspace/install/turtlebot3_node/share/ament_index/resource_index/packages/turtlebot3_node
-- Installing: /root/ros_workspace/install/turtlebot3_node/share/turtlebot3_node/cmake/ament_cmake_export_dependencies-extras.cmake
-- Installing: /root/ros_workspace/install/turtlebot3_node/share/turtlebot3_node/cmake/ament_cmake_export_include_directories-extras.cmake
-- Installing: /root/ros_workspace/install/turtlebot3_node/share/turtlebot3_node/cmake/turtlebot3_nodeConfig.cmake
-- Installing: /root/ros_workspace/install/turtlebot3_node/share/turtlebot3_node/cmake/turtlebot3_nodeConfig-version.cmake
-- Installing: /root/ros_workspace/install/turtlebot3_node/share/turtlebot3_node/package.xml
