[3.425s] Invoking command in '/root/ros_workspace/src/turtlebot3/turtlebot3_teleop': PYTHONPATH=/root/ros_workspace/build/turtlebot3_teleop/prefix_override:/usr/lib/python3/dist-packages/colcon_core/task/python/colcon_distutils_commands:/root/ros_workspace/install/turtlebot3_teleop/lib/python3.12/site-packages:${PYTHONPATH} /usr/bin/python3 -W ignore:setup.py install is deprecated -W ignore:easy_install command is deprecated setup.py egg_info --egg-base ../../../build/turtlebot3_teleop build --build-base /root/ros_workspace/build/turtlebot3_teleop/build install --record /root/ros_workspace/build/turtlebot3_teleop/install.log --single-version-externally-managed install_data
[4.403s] running egg_info
[4.445s] writing ../../../build/turtlebot3_teleop/turtlebot3_teleop.egg-info/PKG-INFO
[4.447s] writing dependency_links to ../../../build/turtlebot3_teleop/turtlebot3_teleop.egg-info/dependency_links.txt
[4.448s] writing entry points to ../../../build/turtlebot3_teleop/turtlebot3_teleop.egg-info/entry_points.txt
[4.448s] writing requirements to ../../../build/turtlebot3_teleop/turtlebot3_teleop.egg-info/requires.txt
[4.449s] writing top-level names to ../../../build/turtlebot3_teleop/turtlebot3_teleop.egg-info/top_level.txt
[4.520s] reading manifest file '../../../build/turtlebot3_teleop/turtlebot3_teleop.egg-info/SOURCES.txt'
[4.522s] writing manifest file '../../../build/turtlebot3_teleop/turtlebot3_teleop.egg-info/SOURCES.txt'
[4.523s] running build
[4.523s] running build_py
[4.526s] copying turtlebot3_teleop/__init__.py -> /root/ros_workspace/build/turtlebot3_teleop/build/lib/turtlebot3_teleop
[4.526s] copying turtlebot3_teleop/script/teleop_keyboard.py -> /root/ros_workspace/build/turtlebot3_teleop/build/lib/turtlebot3_teleop/script
[4.527s] copying turtlebot3_teleop/script/__init__.py -> /root/ros_workspace/build/turtlebot3_teleop/build/lib/turtlebot3_teleop/script
[4.528s] running install
[4.538s] running install_lib
[4.573s] copying /root/ros_workspace/build/turtlebot3_teleop/build/lib/turtlebot3_teleop/__init__.py -> /root/ros_workspace/install/turtlebot3_teleop/lib/python3.12/site-packages/turtlebot3_teleop
[4.575s] copying /root/ros_workspace/build/turtlebot3_teleop/build/lib/turtlebot3_teleop/script/teleop_keyboard.py -> /root/ros_workspace/install/turtlebot3_teleop/lib/python3.12/site-packages/turtlebot3_teleop/script
[4.576s] copying /root/ros_workspace/build/turtlebot3_teleop/build/lib/turtlebot3_teleop/script/__init__.py -> /root/ros_workspace/install/turtlebot3_teleop/lib/python3.12/site-packages/turtlebot3_teleop/script
[4.578s] byte-compiling /root/ros_workspace/install/turtlebot3_teleop/lib/python3.12/site-packages/turtlebot3_teleop/__init__.py to __init__.cpython-312.pyc
[4.580s] byte-compiling /root/ros_workspace/install/turtlebot3_teleop/lib/python3.12/site-packages/turtlebot3_teleop/script/teleop_keyboard.py to teleop_keyboard.cpython-312.pyc
[4.585s] byte-compiling /root/ros_workspace/install/turtlebot3_teleop/lib/python3.12/site-packages/turtlebot3_teleop/script/__init__.py to __init__.cpython-312.pyc
[4.586s] running install_data
[4.586s] copying resource/turtlebot3_teleop -> /root/ros_workspace/install/turtlebot3_teleop/share/ament_index/resource_index/packages
[4.587s] copying package.xml -> /root/ros_workspace/install/turtlebot3_teleop/share/turtlebot3_teleop
[4.589s] running install_egg_info
[4.619s] removing '/root/ros_workspace/install/turtlebot3_teleop/lib/python3.12/site-packages/turtlebot3_teleop-2.3.4-py3.12.egg-info' (and everything under it)
[4.620s] Copying ../../../build/turtlebot3_teleop/turtlebot3_teleop.egg-info to /root/ros_workspace/install/turtlebot3_teleop/lib/python3.12/site-packages/turtlebot3_teleop-2.3.4-py3.12.egg-info
[4.626s] running install_scripts
[4.859s] Installing teleop_keyboard script to /root/ros_workspace/install/turtlebot3_teleop/lib/turtlebot3_teleop
[4.860s] writing list of installed files to '/root/ros_workspace/build/turtlebot3_teleop/install.log'
[4.999s] Invoked command in '/root/ros_workspace/src/turtlebot3/turtlebot3_teleop' returned '0': PYTHONPATH=/root/ros_workspace/build/turtlebot3_teleop/prefix_override:/usr/lib/python3/dist-packages/colcon_core/task/python/colcon_distutils_commands:/root/ros_workspace/install/turtlebot3_teleop/lib/python3.12/site-packages:${PYTHONPATH} /usr/bin/python3 -W ignore:setup.py install is deprecated -W ignore:easy_install command is deprecated setup.py egg_info --egg-base ../../../build/turtlebot3_teleop build --build-base /root/ros_workspace/build/turtlebot3_teleop/build install --record /root/ros_workspace/build/turtlebot3_teleop/install.log --single-version-externally-managed install_data
