[0.673s] Invoking command in '/root/ros_workspace/build/turtlebot3_example': AMENT_PREFIX_PATH=/root/ros_workspace/install/turtlebot3_msgs:${AMENT_PREFIX_PATH} CMAKE_PREFIX_PATH=/root/ros_workspace/install/turtlebot3_msgs:${CMAKE_PREFIX_PATH} LD_LIBRARY_PATH=/root/ros_workspace/install/turtlebot3_msgs/lib:${LD_LIBRARY_PATH} PYTHONPATH=/root/ros_workspace/build/turtlebot3_example/prefix_override:/usr/lib/python3/dist-packages/colcon_core/task/python/colcon_distutils_commands:/root/ros_workspace/install/turtlebot3_example/lib/python3.12/site-packages:/root/ros_workspace/install/turtlebot3_msgs/lib/python3.12/site-packages:${PYTHONPATH} /usr/bin/python3 -W ignore:setup.py install is deprecated -W ignore:easy_install command is deprecated setup.py develop --editable --build-directory /root/ros_workspace/build/turtlebot3_example/build --no-deps symlink_data
[0.926s] running develop
[1.017s] running egg_info
[1.024s] writing turtlebot3_example.egg-info/PKG-INFO
[1.025s] writing dependency_links to turtlebot3_example.egg-info/dependency_links.txt
[1.025s] writing entry points to turtlebot3_example.egg-info/entry_points.txt
[1.025s] writing requirements to turtlebot3_example.egg-info/requires.txt
[1.025s] writing top-level names to turtlebot3_example.egg-info/top_level.txt
[1.043s] reading manifest file 'turtlebot3_example.egg-info/SOURCES.txt'
[1.044s] writing manifest file 'turtlebot3_example.egg-info/SOURCES.txt'
[1.053s] running build_ext
[1.054s] Creating /root/ros_workspace/install/turtlebot3_example/lib/python3.12/site-packages/turtlebot3-example.egg-link (link to .)
[1.055s] Installing turtlebot3_absolute_move script to /root/ros_workspace/install/turtlebot3_example/lib/turtlebot3_example
[1.055s] Installing turtlebot3_interactive_marker script to /root/ros_workspace/install/turtlebot3_example/lib/turtlebot3_example
[1.056s] Installing turtlebot3_obstacle_detection script to /root/ros_workspace/install/turtlebot3_example/lib/turtlebot3_example
[1.056s] Installing turtlebot3_patrol_client script to /root/ros_workspace/install/turtlebot3_example/lib/turtlebot3_example
[1.056s] Installing turtlebot3_patrol_server script to /root/ros_workspace/install/turtlebot3_example/lib/turtlebot3_example
[1.056s] Installing turtlebot3_relative_move script to /root/ros_workspace/install/turtlebot3_example/lib/turtlebot3_example
[1.056s] 
[1.056s] Installed /root/ros_workspace/build/turtlebot3_example
[1.057s] running symlink_data
[1.083s] Invoked command in '/root/ros_workspace/build/turtlebot3_example' returned '0': AMENT_PREFIX_PATH=/root/ros_workspace/install/turtlebot3_msgs:${AMENT_PREFIX_PATH} CMAKE_PREFIX_PATH=/root/ros_workspace/install/turtlebot3_msgs:${CMAKE_PREFIX_PATH} LD_LIBRARY_PATH=/root/ros_workspace/install/turtlebot3_msgs/lib:${LD_LIBRARY_PATH} PYTHONPATH=/root/ros_workspace/build/turtlebot3_example/prefix_override:/usr/lib/python3/dist-packages/colcon_core/task/python/colcon_distutils_commands:/root/ros_workspace/install/turtlebot3_example/lib/python3.12/site-packages:/root/ros_workspace/install/turtlebot3_msgs/lib/python3.12/site-packages:${PYTHONPATH} /usr/bin/python3 -W ignore:setup.py install is deprecated -W ignore:easy_install command is deprecated setup.py develop --editable --build-directory /root/ros_workspace/build/turtlebot3_example/build --no-deps symlink_data
