[0.292s] Invoking command in '/root/ros_workspace/build/dynamixel_sdk_custom_interfaces': /usr/bin/cmake --build /root/ros_workspace/build/dynamixel_sdk_custom_interfaces -- -j12 -l12
[2.674s] [  2%] Built target dynamixel_sdk_custom_interfaces__rosidl_generator_type_description
[2.675s] [  2%] Built target ament_cmake_python_symlink_dynamixel_sdk_custom_interfaces
[2.695s] [  4%] Built target dynamixel_sdk_custom_interfaces__cpp
[2.712s] running egg_info
[2.713s] writing dynamixel_sdk_custom_interfaces.egg-info/PKG-INFO
[2.714s] writing dependency_links to dynamixel_sdk_custom_interfaces.egg-info/dependency_links.txt
[2.715s] writing top-level names to dynamixel_sdk_custom_interfaces.egg-info/top_level.txt
[2.732s] reading manifest file 'dynamixel_sdk_custom_interfaces.egg-info/SOURCES.txt'
[2.732s] writing manifest file 'dynamixel_sdk_custom_interfaces.egg-info/SOURCES.txt'
[3.103s] [  4%] Built target ament_cmake_python_build_dynamixel_sdk_custom_interfaces_egg
[3.146s] [ 22%] Built target dynamixel_sdk_custom_interfaces__rosidl_generator_c
[3.399s] [ 31%] Built target dynamixel_sdk_custom_interfaces__rosidl_typesupport_fastrtps_c
[3.597s] [ 40%] Built target dynamixel_sdk_custom_interfaces__rosidl_typesupport_introspection_c
[3.838s] [ 50%] Built target dynamixel_sdk_custom_interfaces__rosidl_typesupport_fastrtps_cpp
[3.937s] [ 59%] Built target dynamixel_sdk_custom_interfaces__rosidl_typesupport_cpp
[4.144s] [ 68%] Built target dynamixel_sdk_custom_interfaces__rosidl_typesupport_introspection_cpp
[4.357s] [ 77%] Built target dynamixel_sdk_custom_interfaces__rosidl_typesupport_c
[4.480s] [ 77%] Built target dynamixel_sdk_custom_interfaces
[4.596s] [ 79%] Built target dynamixel_sdk_custom_interfaces__py
[4.751s] [ 86%] Built target dynamixel_sdk_custom_interfaces__rosidl_generator_py
[5.083s] [ 90%] Built target dynamixel_sdk_custom_interfaces_s__rosidl_typesupport_fastrtps_c
[5.162s] [ 95%] Built target dynamixel_sdk_custom_interfaces_s__rosidl_typesupport_c
[5.307s] [100%] Built target dynamixel_sdk_custom_interfaces_s__rosidl_typesupport_introspection_c
[5.353s] Invoked command in '/root/ros_workspace/build/dynamixel_sdk_custom_interfaces' returned '0': /usr/bin/cmake --build /root/ros_workspace/build/dynamixel_sdk_custom_interfaces -- -j12 -l12
[5.362s] Invoking command in '/root/ros_workspace/build/dynamixel_sdk_custom_interfaces': /usr/bin/cmake --install /root/ros_workspace/build/dynamixel_sdk_custom_interfaces
[5.386s] -- Install configuration: ""
[5.401s] -- Execute custom install script
[5.403s] -- Up-to-date symlink: /root/ros_workspace/install/dynamixel_sdk_custom_interfaces/share/ament_index/resource_index/rosidl_interfaces/dynamixel_sdk_custom_interfaces
[5.403s] -- Up-to-date symlink: /root/ros_workspace/install/dynamixel_sdk_custom_interfaces/share/dynamixel_sdk_custom_interfaces/msg/SetPosition.json
[5.404s] -- Up-to-date symlink: /root/ros_workspace/install/dynamixel_sdk_custom_interfaces/share/dynamixel_sdk_custom_interfaces/srv/GetPosition.json
[5.404s] -- Up-to-date symlink: /root/ros_workspace/install/dynamixel_sdk_custom_interfaces/include/dynamixel_sdk_custom_interfaces/dynamixel_sdk_custom_interfaces/msg/detail/set_position__functions.h
[5.404s] -- Up-to-date symlink: /root/ros_workspace/install/dynamixel_sdk_custom_interfaces/include/dynamixel_sdk_custom_interfaces/dynamixel_sdk_custom_interfaces/msg/detail/set_position__struct.h
[5.405s] -- Up-to-date symlink: /root/ros_workspace/install/dynamixel_sdk_custom_interfaces/include/dynamixel_sdk_custom_interfaces/dynamixel_sdk_custom_interfaces/msg/detail/set_position__type_support.h
[5.405s] -- Up-to-date symlink: /root/ros_workspace/install/dynamixel_sdk_custom_interfaces/include/dynamixel_sdk_custom_interfaces/dynamixel_sdk_custom_interfaces/msg/rosidl_generator_c__visibility_control.h
[5.406s] -- Up-to-date symlink: /root/ros_workspace/install/dynamixel_sdk_custom_interfaces/include/dynamixel_sdk_custom_interfaces/dynamixel_sdk_custom_interfaces/msg/set_position.h
[5.411s] -- Up-to-date symlink: /root/ros_workspace/install/dynamixel_sdk_custom_interfaces/include/dynamixel_sdk_custom_interfaces/dynamixel_sdk_custom_interfaces/srv/detail/get_position__functions.h
[5.424s] -- Up-to-date symlink: /root/ros_workspace/install/dynamixel_sdk_custom_interfaces/include/dynamixel_sdk_custom_interfaces/dynamixel_sdk_custom_interfaces/srv/detail/get_position__struct.h
[5.424s] -- Up-to-date symlink: /root/ros_workspace/install/dynamixel_sdk_custom_interfaces/include/dynamixel_sdk_custom_interfaces/dynamixel_sdk_custom_interfaces/srv/detail/get_position__type_support.h
[5.424s] -- Up-to-date symlink: /root/ros_workspace/install/dynamixel_sdk_custom_interfaces/include/dynamixel_sdk_custom_interfaces/dynamixel_sdk_custom_interfaces/srv/get_position.h
[5.436s] -- Up-to-date symlink: /root/ros_workspace/install/dynamixel_sdk_custom_interfaces/share/dynamixel_sdk_custom_interfaces/environment/library_path.sh
[5.438s] -- Up-to-date symlink: /root/ros_workspace/install/dynamixel_sdk_custom_interfaces/share/dynamixel_sdk_custom_interfaces/environment/library_path.dsv
[5.438s] -- Up-to-date symlink: /root/ros_workspace/install/dynamixel_sdk_custom_interfaces/include/dynamixel_sdk_custom_interfaces/dynamixel_sdk_custom_interfaces/msg/detail/set_position__rosidl_typesupport_fastrtps_c.h
[5.439s] -- Up-to-date symlink: /root/ros_workspace/install/dynamixel_sdk_custom_interfaces/include/dynamixel_sdk_custom_interfaces/dynamixel_sdk_custom_interfaces/msg/rosidl_typesupport_fastrtps_c__visibility_control.h
[5.439s] -- Up-to-date symlink: /root/ros_workspace/install/dynamixel_sdk_custom_interfaces/include/dynamixel_sdk_custom_interfaces/dynamixel_sdk_custom_interfaces/srv/detail/get_position__rosidl_typesupport_fastrtps_c.h
[5.439s] -- Up-to-date symlink: /root/ros_workspace/install/dynamixel_sdk_custom_interfaces/include/dynamixel_sdk_custom_interfaces/dynamixel_sdk_custom_interfaces/msg/detail/set_position__builder.hpp
[5.439s] -- Up-to-date symlink: /root/ros_workspace/install/dynamixel_sdk_custom_interfaces/include/dynamixel_sdk_custom_interfaces/dynamixel_sdk_custom_interfaces/msg/detail/set_position__struct.hpp
[5.439s] -- Up-to-date symlink: /root/ros_workspace/install/dynamixel_sdk_custom_interfaces/include/dynamixel_sdk_custom_interfaces/dynamixel_sdk_custom_interfaces/msg/detail/set_position__traits.hpp
[5.439s] -- Up-to-date symlink: /root/ros_workspace/install/dynamixel_sdk_custom_interfaces/include/dynamixel_sdk_custom_interfaces/dynamixel_sdk_custom_interfaces/msg/detail/set_position__type_support.hpp
[5.440s] -- Up-to-date symlink: /root/ros_workspace/install/dynamixel_sdk_custom_interfaces/include/dynamixel_sdk_custom_interfaces/dynamixel_sdk_custom_interfaces/msg/rosidl_generator_cpp__visibility_control.hpp
[5.440s] -- Up-to-date symlink: /root/ros_workspace/install/dynamixel_sdk_custom_interfaces/include/dynamixel_sdk_custom_interfaces/dynamixel_sdk_custom_interfaces/msg/set_position.hpp
[5.440s] -- Up-to-date symlink: /root/ros_workspace/install/dynamixel_sdk_custom_interfaces/include/dynamixel_sdk_custom_interfaces/dynamixel_sdk_custom_interfaces/srv/detail/get_position__builder.hpp
[5.453s] -- Up-to-date symlink: /root/ros_workspace/install/dynamixel_sdk_custom_interfaces/include/dynamixel_sdk_custom_interfaces/dynamixel_sdk_custom_interfaces/srv/detail/get_position__struct.hpp
[5.454s] -- Up-to-date symlink: /root/ros_workspace/install/dynamixel_sdk_custom_interfaces/include/dynamixel_sdk_custom_interfaces/dynamixel_sdk_custom_interfaces/srv/detail/get_position__traits.hpp
[5.454s] -- Up-to-date symlink: /root/ros_workspace/install/dynamixel_sdk_custom_interfaces/include/dynamixel_sdk_custom_interfaces/dynamixel_sdk_custom_interfaces/srv/detail/get_position__type_support.hpp
[5.454s] -- Up-to-date symlink: /root/ros_workspace/install/dynamixel_sdk_custom_interfaces/include/dynamixel_sdk_custom_interfaces/dynamixel_sdk_custom_interfaces/srv/get_position.hpp
[5.454s] -- Up-to-date symlink: /root/ros_workspace/install/dynamixel_sdk_custom_interfaces/include/dynamixel_sdk_custom_interfaces/dynamixel_sdk_custom_interfaces/msg/detail/set_position__rosidl_typesupport_fastrtps_cpp.hpp
[5.455s] -- Up-to-date symlink: /root/ros_workspace/install/dynamixel_sdk_custom_interfaces/include/dynamixel_sdk_custom_interfaces/dynamixel_sdk_custom_interfaces/msg/rosidl_typesupport_fastrtps_cpp__visibility_control.h
[5.455s] -- Up-to-date symlink: /root/ros_workspace/install/dynamixel_sdk_custom_interfaces/include/dynamixel_sdk_custom_interfaces/dynamixel_sdk_custom_interfaces/srv/detail/get_position__rosidl_typesupport_fastrtps_cpp.hpp
[5.455s] -- Up-to-date symlink: /root/ros_workspace/install/dynamixel_sdk_custom_interfaces/include/dynamixel_sdk_custom_interfaces/dynamixel_sdk_custom_interfaces/msg/detail/set_position__rosidl_typesupport_introspection_c.h
[5.455s] -- Up-to-date symlink: /root/ros_workspace/install/dynamixel_sdk_custom_interfaces/include/dynamixel_sdk_custom_interfaces/dynamixel_sdk_custom_interfaces/msg/rosidl_typesupport_introspection_c__visibility_control.h
[5.455s] -- Up-to-date symlink: /root/ros_workspace/install/dynamixel_sdk_custom_interfaces/include/dynamixel_sdk_custom_interfaces/dynamixel_sdk_custom_interfaces/srv/detail/get_position__rosidl_typesupport_introspection_c.h
[5.455s] -- Up-to-date symlink: /root/ros_workspace/install/dynamixel_sdk_custom_interfaces/include/dynamixel_sdk_custom_interfaces/dynamixel_sdk_custom_interfaces/msg/detail/set_position__rosidl_typesupport_introspection_cpp.hpp
[5.456s] -- Up-to-date symlink: /root/ros_workspace/install/dynamixel_sdk_custom_interfaces/include/dynamixel_sdk_custom_interfaces/dynamixel_sdk_custom_interfaces/srv/detail/get_position__rosidl_typesupport_introspection_cpp.hpp
[5.456s] -- Up-to-date symlink: /root/ros_workspace/install/dynamixel_sdk_custom_interfaces/share/dynamixel_sdk_custom_interfaces/environment/pythonpath.sh
[5.456s] -- Up-to-date symlink: /root/ros_workspace/install/dynamixel_sdk_custom_interfaces/share/dynamixel_sdk_custom_interfaces/environment/pythonpath.dsv
[5.456s] -- Up-to-date symlink: /root/ros_workspace/install/dynamixel_sdk_custom_interfaces/lib/python3.12/site-packages/dynamixel_sdk_custom_interfaces-3.8.4-py3.12.egg-info/PKG-INFO
[5.456s] -- Up-to-date symlink: /root/ros_workspace/install/dynamixel_sdk_custom_interfaces/lib/python3.12/site-packages/dynamixel_sdk_custom_interfaces-3.8.4-py3.12.egg-info/SOURCES.txt
[5.457s] -- Up-to-date symlink: /root/ros_workspace/install/dynamixel_sdk_custom_interfaces/lib/python3.12/site-packages/dynamixel_sdk_custom_interfaces-3.8.4-py3.12.egg-info/dependency_links.txt
[5.457s] -- Up-to-date symlink: /root/ros_workspace/install/dynamixel_sdk_custom_interfaces/lib/python3.12/site-packages/dynamixel_sdk_custom_interfaces-3.8.4-py3.12.egg-info/top_level.txt
[5.461s] -- Up-to-date symlink: /root/ros_workspace/install/dynamixel_sdk_custom_interfaces/lib/python3.12/site-packages/dynamixel_sdk_custom_interfaces/__init__.py
[5.463s] -- Up-to-date symlink: /root/ros_workspace/install/dynamixel_sdk_custom_interfaces/lib/python3.12/site-packages/dynamixel_sdk_custom_interfaces/_dynamixel_sdk_custom_interfaces_s.ep.rosidl_typesupport_c.c
[5.463s] -- Up-to-date symlink: /root/ros_workspace/install/dynamixel_sdk_custom_interfaces/lib/python3.12/site-packages/dynamixel_sdk_custom_interfaces/_dynamixel_sdk_custom_interfaces_s.ep.rosidl_typesupport_fastrtps_c.c
[5.464s] -- Up-to-date symlink: /root/ros_workspace/install/dynamixel_sdk_custom_interfaces/lib/python3.12/site-packages/dynamixel_sdk_custom_interfaces/_dynamixel_sdk_custom_interfaces_s.ep.rosidl_typesupport_introspection_c.c
[5.464s] -- Up-to-date symlink: /root/ros_workspace/install/dynamixel_sdk_custom_interfaces/lib/python3.12/site-packages/dynamixel_sdk_custom_interfaces/dynamixel_sdk_custom_interfaces_s__rosidl_typesupport_c.so
[5.464s] -- Up-to-date symlink: /root/ros_workspace/install/dynamixel_sdk_custom_interfaces/lib/python3.12/site-packages/dynamixel_sdk_custom_interfaces/dynamixel_sdk_custom_interfaces_s__rosidl_typesupport_fastrtps_c.so
[5.464s] -- Up-to-date symlink: /root/ros_workspace/install/dynamixel_sdk_custom_interfaces/lib/python3.12/site-packages/dynamixel_sdk_custom_interfaces/dynamixel_sdk_custom_interfaces_s__rosidl_typesupport_introspection_c.so
[5.464s] -- Up-to-date symlink: /root/ros_workspace/install/dynamixel_sdk_custom_interfaces/lib/python3.12/site-packages/dynamixel_sdk_custom_interfaces/msg/__init__.py
[5.464s] -- Up-to-date symlink: /root/ros_workspace/install/dynamixel_sdk_custom_interfaces/lib/python3.12/site-packages/dynamixel_sdk_custom_interfaces/msg/_set_position.py
[5.465s] -- Up-to-date symlink: /root/ros_workspace/install/dynamixel_sdk_custom_interfaces/lib/python3.12/site-packages/dynamixel_sdk_custom_interfaces/msg/_set_position_s.c
[5.465s] -- Up-to-date symlink: /root/ros_workspace/install/dynamixel_sdk_custom_interfaces/lib/python3.12/site-packages/dynamixel_sdk_custom_interfaces/srv/__init__.py
[5.474s] -- Up-to-date symlink: /root/ros_workspace/install/dynamixel_sdk_custom_interfaces/lib/python3.12/site-packages/dynamixel_sdk_custom_interfaces/srv/_get_position.py
[5.475s] -- Up-to-date symlink: /root/ros_workspace/install/dynamixel_sdk_custom_interfaces/lib/python3.12/site-packages/dynamixel_sdk_custom_interfaces/srv/_get_position_s.c
[5.475s] -- Up-to-date symlink: /root/ros_workspace/install/dynamixel_sdk_custom_interfaces/lib/python3.12/site-packages/dynamixel_sdk_custom_interfaces/dynamixel_sdk_custom_interfaces_s__rosidl_typesupport_fastrtps_c.so
[5.475s] -- Up-to-date symlink: /root/ros_workspace/install/dynamixel_sdk_custom_interfaces/lib/python3.12/site-packages/dynamixel_sdk_custom_interfaces/dynamixel_sdk_custom_interfaces_s__rosidl_typesupport_introspection_c.so
[5.475s] -- Up-to-date symlink: /root/ros_workspace/install/dynamixel_sdk_custom_interfaces/lib/python3.12/site-packages/dynamixel_sdk_custom_interfaces/dynamixel_sdk_custom_interfaces_s__rosidl_typesupport_c.so
[5.475s] -- Up-to-date symlink: /root/ros_workspace/install/dynamixel_sdk_custom_interfaces/share/dynamixel_sdk_custom_interfaces/msg/SetPosition.idl
[5.476s] -- Up-to-date symlink: /root/ros_workspace/install/dynamixel_sdk_custom_interfaces/share/dynamixel_sdk_custom_interfaces/srv/GetPosition.idl
[5.476s] -- Up-to-date symlink: /root/ros_workspace/install/dynamixel_sdk_custom_interfaces/share/dynamixel_sdk_custom_interfaces/msg/SetPosition.msg
[5.476s] -- Up-to-date symlink: /root/ros_workspace/install/dynamixel_sdk_custom_interfaces/share/dynamixel_sdk_custom_interfaces/srv/GetPosition.srv
[5.476s] -- Up-to-date symlink: /root/ros_workspace/install/dynamixel_sdk_custom_interfaces/share/ament_index/resource_index/package_run_dependencies/dynamixel_sdk_custom_interfaces
[5.511s] -- Up-to-date symlink: /root/ros_workspace/install/dynamixel_sdk_custom_interfaces/share/ament_index/resource_index/parent_prefix_path/dynamixel_sdk_custom_interfaces
[5.516s] -- Up-to-date symlink: /root/ros_workspace/install/dynamixel_sdk_custom_interfaces/share/dynamixel_sdk_custom_interfaces/environment/ament_prefix_path.sh
[5.522s] -- Up-to-date symlink: /root/ros_workspace/install/dynamixel_sdk_custom_interfaces/share/dynamixel_sdk_custom_interfaces/environment/ament_prefix_path.dsv
[5.523s] -- Up-to-date symlink: /root/ros_workspace/install/dynamixel_sdk_custom_interfaces/share/dynamixel_sdk_custom_interfaces/environment/path.sh
[5.523s] -- Up-to-date symlink: /root/ros_workspace/install/dynamixel_sdk_custom_interfaces/share/dynamixel_sdk_custom_interfaces/environment/path.dsv
[5.523s] -- Up-to-date symlink: /root/ros_workspace/install/dynamixel_sdk_custom_interfaces/share/dynamixel_sdk_custom_interfaces/local_setup.bash
[5.523s] -- Up-to-date symlink: /root/ros_workspace/install/dynamixel_sdk_custom_interfaces/share/dynamixel_sdk_custom_interfaces/local_setup.sh
[5.523s] -- Up-to-date symlink: /root/ros_workspace/install/dynamixel_sdk_custom_interfaces/share/dynamixel_sdk_custom_interfaces/local_setup.zsh
[5.524s] -- Up-to-date symlink: /root/ros_workspace/install/dynamixel_sdk_custom_interfaces/share/dynamixel_sdk_custom_interfaces/local_setup.dsv
[5.524s] -- Symlinking: /root/ros_workspace/install/dynamixel_sdk_custom_interfaces/share/dynamixel_sdk_custom_interfaces/package.dsv
[5.564s] -- Up-to-date symlink: /root/ros_workspace/install/dynamixel_sdk_custom_interfaces/share/ament_index/resource_index/packages/dynamixel_sdk_custom_interfaces
[5.564s] -- Up-to-date symlink: /root/ros_workspace/install/dynamixel_sdk_custom_interfaces/share/dynamixel_sdk_custom_interfaces/cmake/rosidl_cmake-extras.cmake
[5.569s] -- Up-to-date symlink: /root/ros_workspace/install/dynamixel_sdk_custom_interfaces/share/dynamixel_sdk_custom_interfaces/cmake/ament_cmake_export_dependencies-extras.cmake
[5.570s] -- Up-to-date symlink: /root/ros_workspace/install/dynamixel_sdk_custom_interfaces/share/dynamixel_sdk_custom_interfaces/cmake/ament_cmake_export_include_directories-extras.cmake
[5.570s] -- Up-to-date symlink: /root/ros_workspace/install/dynamixel_sdk_custom_interfaces/share/dynamixel_sdk_custom_interfaces/cmake/ament_cmake_export_libraries-extras.cmake
[5.570s] -- Up-to-date symlink: /root/ros_workspace/install/dynamixel_sdk_custom_interfaces/share/dynamixel_sdk_custom_interfaces/cmake/ament_cmake_export_targets-extras.cmake
[5.571s] -- Up-to-date symlink: /root/ros_workspace/install/dynamixel_sdk_custom_interfaces/share/dynamixel_sdk_custom_interfaces/cmake/rosidl_cmake_export_typesupport_targets-extras.cmake
[5.571s] -- Up-to-date symlink: /root/ros_workspace/install/dynamixel_sdk_custom_interfaces/share/dynamixel_sdk_custom_interfaces/cmake/rosidl_cmake_export_typesupport_libraries-extras.cmake
[5.571s] -- Up-to-date symlink: /root/ros_workspace/install/dynamixel_sdk_custom_interfaces/share/dynamixel_sdk_custom_interfaces/cmake/dynamixel_sdk_custom_interfacesConfig.cmake
[5.571s] -- Up-to-date symlink: /root/ros_workspace/install/dynamixel_sdk_custom_interfaces/share/dynamixel_sdk_custom_interfaces/cmake/dynamixel_sdk_custom_interfacesConfig-version.cmake
[5.572s] -- Up-to-date symlink: /root/ros_workspace/install/dynamixel_sdk_custom_interfaces/share/dynamixel_sdk_custom_interfaces/package.xml
[5.572s] -- Up-to-date: /root/ros_workspace/install/dynamixel_sdk_custom_interfaces/lib/libdynamixel_sdk_custom_interfaces__rosidl_generator_c.so
[5.572s] -- Up-to-date: /root/ros_workspace/install/dynamixel_sdk_custom_interfaces/lib/libdynamixel_sdk_custom_interfaces__rosidl_typesupport_fastrtps_c.so
[5.572s] -- Up-to-date: /root/ros_workspace/install/dynamixel_sdk_custom_interfaces/lib/libdynamixel_sdk_custom_interfaces__rosidl_typesupport_fastrtps_cpp.so
[5.573s] -- Up-to-date: /root/ros_workspace/install/dynamixel_sdk_custom_interfaces/lib/libdynamixel_sdk_custom_interfaces__rosidl_typesupport_introspection_c.so
[5.573s] -- Up-to-date: /root/ros_workspace/install/dynamixel_sdk_custom_interfaces/lib/libdynamixel_sdk_custom_interfaces__rosidl_typesupport_c.so
[5.573s] -- Up-to-date: /root/ros_workspace/install/dynamixel_sdk_custom_interfaces/lib/libdynamixel_sdk_custom_interfaces__rosidl_typesupport_introspection_cpp.so
[5.573s] -- Up-to-date: /root/ros_workspace/install/dynamixel_sdk_custom_interfaces/lib/libdynamixel_sdk_custom_interfaces__rosidl_typesupport_cpp.so
[5.713s] Listing '/root/ros_workspace/install/dynamixel_sdk_custom_interfaces/lib/python3.12/site-packages/dynamixel_sdk_custom_interfaces'...
[5.713s] Listing '/root/ros_workspace/install/dynamixel_sdk_custom_interfaces/lib/python3.12/site-packages/dynamixel_sdk_custom_interfaces/msg'...
[5.714s] Listing '/root/ros_workspace/install/dynamixel_sdk_custom_interfaces/lib/python3.12/site-packages/dynamixel_sdk_custom_interfaces/srv'...
[5.753s] -- Up-to-date: /root/ros_workspace/install/dynamixel_sdk_custom_interfaces/lib/libdynamixel_sdk_custom_interfaces__rosidl_generator_py.so
[5.754s] -- Up-to-date: /root/ros_workspace/install/dynamixel_sdk_custom_interfaces/share/dynamixel_sdk_custom_interfaces/cmake/export_dynamixel_sdk_custom_interfaces__rosidl_generator_cExport.cmake
[5.754s] -- Up-to-date: /root/ros_workspace/install/dynamixel_sdk_custom_interfaces/share/dynamixel_sdk_custom_interfaces/cmake/export_dynamixel_sdk_custom_interfaces__rosidl_generator_cExport-noconfig.cmake
[5.761s] -- Up-to-date: /root/ros_workspace/install/dynamixel_sdk_custom_interfaces/share/dynamixel_sdk_custom_interfaces/cmake/export_dynamixel_sdk_custom_interfaces__rosidl_typesupport_fastrtps_cExport.cmake
[5.762s] -- Up-to-date: /root/ros_workspace/install/dynamixel_sdk_custom_interfaces/share/dynamixel_sdk_custom_interfaces/cmake/export_dynamixel_sdk_custom_interfaces__rosidl_typesupport_fastrtps_cExport-noconfig.cmake
[5.762s] -- Up-to-date: /root/ros_workspace/install/dynamixel_sdk_custom_interfaces/share/dynamixel_sdk_custom_interfaces/cmake/export_dynamixel_sdk_custom_interfaces__rosidl_generator_cppExport.cmake
[5.762s] -- Up-to-date: /root/ros_workspace/install/dynamixel_sdk_custom_interfaces/share/dynamixel_sdk_custom_interfaces/cmake/export_dynamixel_sdk_custom_interfaces__rosidl_typesupport_fastrtps_cppExport.cmake
[5.770s] -- Up-to-date: /root/ros_workspace/install/dynamixel_sdk_custom_interfaces/share/dynamixel_sdk_custom_interfaces/cmake/export_dynamixel_sdk_custom_interfaces__rosidl_typesupport_fastrtps_cppExport-noconfig.cmake
[5.771s] -- Up-to-date: /root/ros_workspace/install/dynamixel_sdk_custom_interfaces/share/dynamixel_sdk_custom_interfaces/cmake/dynamixel_sdk_custom_interfaces__rosidl_typesupport_introspection_cExport.cmake
[5.776s] -- Up-to-date: /root/ros_workspace/install/dynamixel_sdk_custom_interfaces/share/dynamixel_sdk_custom_interfaces/cmake/dynamixel_sdk_custom_interfaces__rosidl_typesupport_introspection_cExport-noconfig.cmake
[5.777s] -- Up-to-date: /root/ros_workspace/install/dynamixel_sdk_custom_interfaces/share/dynamixel_sdk_custom_interfaces/cmake/dynamixel_sdk_custom_interfaces__rosidl_typesupport_cExport.cmake
[5.777s] -- Up-to-date: /root/ros_workspace/install/dynamixel_sdk_custom_interfaces/share/dynamixel_sdk_custom_interfaces/cmake/dynamixel_sdk_custom_interfaces__rosidl_typesupport_cExport-noconfig.cmake
[5.778s] -- Up-to-date: /root/ros_workspace/install/dynamixel_sdk_custom_interfaces/share/dynamixel_sdk_custom_interfaces/cmake/dynamixel_sdk_custom_interfaces__rosidl_typesupport_introspection_cppExport.cmake
[5.778s] -- Up-to-date: /root/ros_workspace/install/dynamixel_sdk_custom_interfaces/share/dynamixel_sdk_custom_interfaces/cmake/dynamixel_sdk_custom_interfaces__rosidl_typesupport_introspection_cppExport-noconfig.cmake
[5.786s] -- Up-to-date: /root/ros_workspace/install/dynamixel_sdk_custom_interfaces/share/dynamixel_sdk_custom_interfaces/cmake/dynamixel_sdk_custom_interfaces__rosidl_typesupport_cppExport.cmake
[5.787s] -- Up-to-date: /root/ros_workspace/install/dynamixel_sdk_custom_interfaces/share/dynamixel_sdk_custom_interfaces/cmake/dynamixel_sdk_custom_interfaces__rosidl_typesupport_cppExport-noconfig.cmake
[5.794s] -- Up-to-date: /root/ros_workspace/install/dynamixel_sdk_custom_interfaces/share/dynamixel_sdk_custom_interfaces/cmake/export_dynamixel_sdk_custom_interfaces__rosidl_generator_pyExport.cmake
[5.795s] -- Up-to-date: /root/ros_workspace/install/dynamixel_sdk_custom_interfaces/share/dynamixel_sdk_custom_interfaces/cmake/export_dynamixel_sdk_custom_interfaces__rosidl_generator_pyExport-noconfig.cmake
[5.881s] Invoked command in '/root/ros_workspace/build/dynamixel_sdk_custom_interfaces' returned '0': /usr/bin/cmake --install /root/ros_workspace/build/dynamixel_sdk_custom_interfaces
