[1.288s] Invoking command in '/root/ros_workspace/build/turtlebot3_fake_node': AMENT_PREFIX_PATH=/root/ros_workspace/install/turtlebot3_msgs:${AMENT_PREFIX_PATH} CMAKE_PREFIX_PATH=/root/ros_workspace/install/turtlebot3_msgs:/opt/ros/jazzy/opt/gz_sim_vendor:/opt/ros/jazzy/opt/gz_sensors_vendor:/opt/ros/jazzy/opt/gz_physics_vendor:/opt/ros/jazzy/opt/sdformat_vendor:/opt/ros/jazzy/opt/gz_gui_vendor:/opt/ros/jazzy/opt/gz_transport_vendor:/opt/ros/jazzy/opt/gz_rendering_vendor:/opt/ros/jazzy/opt/gz_plugin_vendor:/opt/ros/jazzy/opt/gz_fuel_tools_vendor:/opt/ros/jazzy/opt/gz_msgs_vendor:/opt/ros/jazzy/opt/gz_common_vendor:/opt/ros/jazzy/opt/gz_math_vendor:/opt/ros/jazzy/opt/gz_utils_vendor:/opt/ros/jazzy/opt/gz_tools_vendor:/opt/ros/jazzy/opt/gz_ogre_next_vendor:/opt/ros/jazzy/opt/gz_dartsim_vendor:/opt/ros/jazzy/opt/gz_cmake_vendor:/opt/ros/jazzy LD_LIBRARY_PATH=/root/ros_workspace/install/turtlebot3_msgs/lib:${LD_LIBRARY_PATH} PYTHONPATH=/root/ros_workspace/install/turtlebot3_msgs/lib/python3.12/site-packages:${PYTHONPATH} /usr/bin/cmake /root/ros_workspace/src/turtlebot3_simulations/turtlebot3_fake_node -DCMAKE_INSTALL_PREFIX=/root/ros_workspace/install/turtlebot3_fake_node
[1.386s] -- Found ament_cmake: 2.5.4 (/opt/ros/jazzy/share/ament_cmake/cmake)
[3.559s] -- Override CMake install command with custom implementation using symlinks instead of copying resources
[3.599s] -- Found geometry_msgs: 5.3.6 (/opt/ros/jazzy/share/geometry_msgs/cmake)
[3.765s] -- Found rosidl_generator_c: 4.6.6 (/opt/ros/jazzy/share/rosidl_generator_c/cmake)
[3.871s] -- Found rosidl_generator_cpp: 4.6.6 (/opt/ros/jazzy/share/rosidl_generator_cpp/cmake)
[4.016s] -- Using all available rosidl_typesupport_c: rosidl_typesupport_fastrtps_c;rosidl_typesupport_introspection_c
[4.200s] -- Using all available rosidl_typesupport_cpp: rosidl_typesupport_fastrtps_cpp;rosidl_typesupport_introspection_cpp
[4.576s] -- Found nav_msgs: 5.3.6 (/opt/ros/jazzy/share/nav_msgs/cmake)
[4.957s] -- Found rclcpp: 28.1.12 (/opt/ros/jazzy/share/rclcpp/cmake)
[5.456s] -- Found rmw_implementation_cmake: 7.3.2 (/opt/ros/jazzy/share/rmw_implementation_cmake/cmake)
[5.477s] -- Found rmw_fastrtps_cpp: 8.4.3 (/opt/ros/jazzy/share/rmw_fastrtps_cpp/cmake)
[6.085s] -- Using RMW implementation 'rmw_fastrtps_cpp' as default
[6.530s] -- Found sensor_msgs: 5.3.6 (/opt/ros/jazzy/share/sensor_msgs/cmake)
[6.719s] -- Found tf2: 0.36.14 (/opt/ros/jazzy/share/tf2/cmake)
[6.737s] -- Found tf2_msgs: 0.36.14 (/opt/ros/jazzy/share/tf2_msgs/cmake)
[7.138s] -- Found turtlebot3_msgs: 2.4.0 (/root/ros_workspace/install/turtlebot3_msgs/share/turtlebot3_msgs/cmake)
[7.962s] -- Configuring done (6.6s)
[8.080s] -- Generating done (0.1s)
[8.135s] -- Build files have been written to: /root/ros_workspace/build/turtlebot3_fake_node
[8.244s] Invoked command in '/root/ros_workspace/build/turtlebot3_fake_node' returned '0': AMENT_PREFIX_PATH=/root/ros_workspace/install/turtlebot3_msgs:${AMENT_PREFIX_PATH} CMAKE_PREFIX_PATH=/root/ros_workspace/install/turtlebot3_msgs:/opt/ros/jazzy/opt/gz_sim_vendor:/opt/ros/jazzy/opt/gz_sensors_vendor:/opt/ros/jazzy/opt/gz_physics_vendor:/opt/ros/jazzy/opt/sdformat_vendor:/opt/ros/jazzy/opt/gz_gui_vendor:/opt/ros/jazzy/opt/gz_transport_vendor:/opt/ros/jazzy/opt/gz_rendering_vendor:/opt/ros/jazzy/opt/gz_plugin_vendor:/opt/ros/jazzy/opt/gz_fuel_tools_vendor:/opt/ros/jazzy/opt/gz_msgs_vendor:/opt/ros/jazzy/opt/gz_common_vendor:/opt/ros/jazzy/opt/gz_math_vendor:/opt/ros/jazzy/opt/gz_utils_vendor:/opt/ros/jazzy/opt/gz_tools_vendor:/opt/ros/jazzy/opt/gz_ogre_next_vendor:/opt/ros/jazzy/opt/gz_dartsim_vendor:/opt/ros/jazzy/opt/gz_cmake_vendor:/opt/ros/jazzy LD_LIBRARY_PATH=/root/ros_workspace/install/turtlebot3_msgs/lib:${LD_LIBRARY_PATH} PYTHONPATH=/root/ros_workspace/install/turtlebot3_msgs/lib/python3.12/site-packages:${PYTHONPATH} /usr/bin/cmake /root/ros_workspace/src/turtlebot3_simulations/turtlebot3_fake_node -DCMAKE_INSTALL_PREFIX=/root/ros_workspace/install/turtlebot3_fake_node
[8.246s] Invoking command in '/root/ros_workspace/build/turtlebot3_fake_node': AMENT_PREFIX_PATH=/root/ros_workspace/install/turtlebot3_msgs:${AMENT_PREFIX_PATH} CMAKE_PREFIX_PATH=/root/ros_workspace/install/turtlebot3_msgs:/opt/ros/jazzy/opt/gz_sim_vendor:/opt/ros/jazzy/opt/gz_sensors_vendor:/opt/ros/jazzy/opt/gz_physics_vendor:/opt/ros/jazzy/opt/sdformat_vendor:/opt/ros/jazzy/opt/gz_gui_vendor:/opt/ros/jazzy/opt/gz_transport_vendor:/opt/ros/jazzy/opt/gz_rendering_vendor:/opt/ros/jazzy/opt/gz_plugin_vendor:/opt/ros/jazzy/opt/gz_fuel_tools_vendor:/opt/ros/jazzy/opt/gz_msgs_vendor:/opt/ros/jazzy/opt/gz_common_vendor:/opt/ros/jazzy/opt/gz_math_vendor:/opt/ros/jazzy/opt/gz_utils_vendor:/opt/ros/jazzy/opt/gz_tools_vendor:/opt/ros/jazzy/opt/gz_ogre_next_vendor:/opt/ros/jazzy/opt/gz_dartsim_vendor:/opt/ros/jazzy/opt/gz_cmake_vendor:/opt/ros/jazzy LD_LIBRARY_PATH=/root/ros_workspace/install/turtlebot3_msgs/lib:${LD_LIBRARY_PATH} PYTHONPATH=/root/ros_workspace/install/turtlebot3_msgs/lib/python3.12/site-packages:${PYTHONPATH} /usr/bin/cmake --build /root/ros_workspace/build/turtlebot3_fake_node -- -j12 -l12
[8.820s] [100%] Built target turtlebot3_fake_node
[8.951s] Invoked command in '/root/ros_workspace/build/turtlebot3_fake_node' returned '0': AMENT_PREFIX_PATH=/root/ros_workspace/install/turtlebot3_msgs:${AMENT_PREFIX_PATH} CMAKE_PREFIX_PATH=/root/ros_workspace/install/turtlebot3_msgs:/opt/ros/jazzy/opt/gz_sim_vendor:/opt/ros/jazzy/opt/gz_sensors_vendor:/opt/ros/jazzy/opt/gz_physics_vendor:/opt/ros/jazzy/opt/sdformat_vendor:/opt/ros/jazzy/opt/gz_gui_vendor:/opt/ros/jazzy/opt/gz_transport_vendor:/opt/ros/jazzy/opt/gz_rendering_vendor:/opt/ros/jazzy/opt/gz_plugin_vendor:/opt/ros/jazzy/opt/gz_fuel_tools_vendor:/opt/ros/jazzy/opt/gz_msgs_vendor:/opt/ros/jazzy/opt/gz_common_vendor:/opt/ros/jazzy/opt/gz_math_vendor:/opt/ros/jazzy/opt/gz_utils_vendor:/opt/ros/jazzy/opt/gz_tools_vendor:/opt/ros/jazzy/opt/gz_ogre_next_vendor:/opt/ros/jazzy/opt/gz_dartsim_vendor:/opt/ros/jazzy/opt/gz_cmake_vendor:/opt/ros/jazzy LD_LIBRARY_PATH=/root/ros_workspace/install/turtlebot3_msgs/lib:${LD_LIBRARY_PATH} PYTHONPATH=/root/ros_workspace/install/turtlebot3_msgs/lib/python3.12/site-packages:${PYTHONPATH} /usr/bin/cmake --build /root/ros_workspace/build/turtlebot3_fake_node -- -j12 -l12
[8.974s] Invoking command in '/root/ros_workspace/build/turtlebot3_fake_node': AMENT_PREFIX_PATH=/root/ros_workspace/install/turtlebot3_msgs:${AMENT_PREFIX_PATH} CMAKE_PREFIX_PATH=/root/ros_workspace/install/turtlebot3_msgs:/opt/ros/jazzy/opt/gz_sim_vendor:/opt/ros/jazzy/opt/gz_sensors_vendor:/opt/ros/jazzy/opt/gz_physics_vendor:/opt/ros/jazzy/opt/sdformat_vendor:/opt/ros/jazzy/opt/gz_gui_vendor:/opt/ros/jazzy/opt/gz_transport_vendor:/opt/ros/jazzy/opt/gz_rendering_vendor:/opt/ros/jazzy/opt/gz_plugin_vendor:/opt/ros/jazzy/opt/gz_fuel_tools_vendor:/opt/ros/jazzy/opt/gz_msgs_vendor:/opt/ros/jazzy/opt/gz_common_vendor:/opt/ros/jazzy/opt/gz_math_vendor:/opt/ros/jazzy/opt/gz_utils_vendor:/opt/ros/jazzy/opt/gz_tools_vendor:/opt/ros/jazzy/opt/gz_ogre_next_vendor:/opt/ros/jazzy/opt/gz_dartsim_vendor:/opt/ros/jazzy/opt/gz_cmake_vendor:/opt/ros/jazzy LD_LIBRARY_PATH=/root/ros_workspace/install/turtlebot3_msgs/lib:${LD_LIBRARY_PATH} PYTHONPATH=/root/ros_workspace/install/turtlebot3_msgs/lib/python3.12/site-packages:${PYTHONPATH} /usr/bin/cmake --install /root/ros_workspace/build/turtlebot3_fake_node
[9.018s] -- Install configuration: ""
[9.024s] -- Execute custom install script
[9.040s] -- Up-to-date symlink: /root/ros_workspace/install/turtlebot3_fake_node/lib/turtlebot3_fake_node/turtlebot3_fake_node
[9.041s] -- Up-to-date symlink: /root/ros_workspace/install/turtlebot3_fake_node/share/turtlebot3_fake_node/launch/rviz2.launch.py
[9.042s] -- Up-to-date symlink: /root/ros_workspace/install/turtlebot3_fake_node/share/turtlebot3_fake_node/launch/turtlebot3_fake_node.launch.py
[9.042s] -- Up-to-date symlink: /root/ros_workspace/install/turtlebot3_fake_node/share/turtlebot3_fake_node/param/burger.yaml
[9.042s] -- Up-to-date symlink: /root/ros_workspace/install/turtlebot3_fake_node/share/turtlebot3_fake_node/param/waffle.yaml
[9.043s] -- Up-to-date symlink: /root/ros_workspace/install/turtlebot3_fake_node/share/turtlebot3_fake_node/param/waffle_pi.yaml
[9.043s] -- Up-to-date symlink: /root/ros_workspace/install/turtlebot3_fake_node/include//turtlebot3_fake_node/turtlebot3_fake_node.hpp
[9.043s] -- Up-to-date symlink: /root/ros_workspace/install/turtlebot3_fake_node/share/ament_index/resource_index/package_run_dependencies/turtlebot3_fake_node
[9.055s] -- Up-to-date symlink: /root/ros_workspace/install/turtlebot3_fake_node/share/ament_index/resource_index/parent_prefix_path/turtlebot3_fake_node
[9.057s] -- Up-to-date symlink: /root/ros_workspace/install/turtlebot3_fake_node/share/turtlebot3_fake_node/environment/ament_prefix_path.sh
[9.070s] -- Up-to-date symlink: /root/ros_workspace/install/turtlebot3_fake_node/share/turtlebot3_fake_node/environment/ament_prefix_path.dsv
[9.070s] -- Up-to-date symlink: /root/ros_workspace/install/turtlebot3_fake_node/share/turtlebot3_fake_node/environment/path.sh
[9.070s] -- Up-to-date symlink: /root/ros_workspace/install/turtlebot3_fake_node/share/turtlebot3_fake_node/environment/path.dsv
[9.071s] -- Up-to-date symlink: /root/ros_workspace/install/turtlebot3_fake_node/share/turtlebot3_fake_node/local_setup.bash
[9.071s] -- Up-to-date symlink: /root/ros_workspace/install/turtlebot3_fake_node/share/turtlebot3_fake_node/local_setup.sh
[9.071s] -- Up-to-date symlink: /root/ros_workspace/install/turtlebot3_fake_node/share/turtlebot3_fake_node/local_setup.zsh
[9.071s] -- Up-to-date symlink: /root/ros_workspace/install/turtlebot3_fake_node/share/turtlebot3_fake_node/local_setup.dsv
[9.072s] -- Symlinking: /root/ros_workspace/install/turtlebot3_fake_node/share/turtlebot3_fake_node/package.dsv
[9.125s] -- Up-to-date symlink: /root/ros_workspace/install/turtlebot3_fake_node/share/ament_index/resource_index/packages/turtlebot3_fake_node
[9.144s] -- Up-to-date symlink: /root/ros_workspace/install/turtlebot3_fake_node/share/turtlebot3_fake_node/cmake/ament_cmake_export_include_directories-extras.cmake
[9.149s] -- Up-to-date symlink: /root/ros_workspace/install/turtlebot3_fake_node/share/turtlebot3_fake_node/cmake/ament_cmake_export_dependencies-extras.cmake
[9.150s] -- Up-to-date symlink: /root/ros_workspace/install/turtlebot3_fake_node/share/turtlebot3_fake_node/cmake/turtlebot3_fake_nodeConfig.cmake
[9.152s] -- Up-to-date symlink: /root/ros_workspace/install/turtlebot3_fake_node/share/turtlebot3_fake_node/cmake/turtlebot3_fake_nodeConfig-version.cmake
[9.153s] -- Up-to-date symlink: /root/ros_workspace/install/turtlebot3_fake_node/share/turtlebot3_fake_node/package.xml
[9.153s] Invoked command in '/root/ros_workspace/build/turtlebot3_fake_node' returned '0': AMENT_PREFIX_PATH=/root/ros_workspace/install/turtlebot3_msgs:${AMENT_PREFIX_PATH} CMAKE_PREFIX_PATH=/root/ros_workspace/install/turtlebot3_msgs:/opt/ros/jazzy/opt/gz_sim_vendor:/opt/ros/jazzy/opt/gz_sensors_vendor:/opt/ros/jazzy/opt/gz_physics_vendor:/opt/ros/jazzy/opt/sdformat_vendor:/opt/ros/jazzy/opt/gz_gui_vendor:/opt/ros/jazzy/opt/gz_transport_vendor:/opt/ros/jazzy/opt/gz_rendering_vendor:/opt/ros/jazzy/opt/gz_plugin_vendor:/opt/ros/jazzy/opt/gz_fuel_tools_vendor:/opt/ros/jazzy/opt/gz_msgs_vendor:/opt/ros/jazzy/opt/gz_common_vendor:/opt/ros/jazzy/opt/gz_math_vendor:/opt/ros/jazzy/opt/gz_utils_vendor:/opt/ros/jazzy/opt/gz_tools_vendor:/opt/ros/jazzy/opt/gz_ogre_next_vendor:/opt/ros/jazzy/opt/gz_dartsim_vendor:/opt/ros/jazzy/opt/gz_cmake_vendor:/opt/ros/jazzy LD_LIBRARY_PATH=/root/ros_workspace/install/turtlebot3_msgs/lib:${LD_LIBRARY_PATH} PYTHONPATH=/root/ros_workspace/install/turtlebot3_msgs/lib/python3.12/site-packages:${PYTHONPATH} /usr/bin/cmake --install /root/ros_workspace/build/turtlebot3_fake_node
