[0.159s] Invoking command in '/root/ros_workspace/build/dynamixel_sdk': /usr/bin/cmake /root/ros_workspace/src/DynamixelSDK/ros/dynamixel_sdk -DCMAKE_INSTALL_PREFIX=/root/ros_workspace/install/dynamixel_sdk
[1.685s] -- Found ament_cmake: 2.5.4 (/opt/ros/jazzy/share/ament_cmake/cmake)
[1.686s] -- Configuring incomplete, errors occurred!
[1.689s] Traceback (most recent call last):
[1.689s]   File "/opt/ros/jazzy/share/ament_cmake_core/cmake/package_templates/templates_2_cmake.py", line 21, in <module>
[1.689s]     from ament_package.templates import get_environment_hook_template_path
[1.689s] ModuleNotFoundError: No module named 'ament_package'
[1.690s] [31mCMake Error at /opt/ros/jazzy/share/ament_cmake_core/cmake/ament_cmake_package_templates-extras.cmake:41 (message):
[1.692s]   execute_process(/usr/bin/python3
[1.692s]   /opt/ros/jazzy/share/ament_cmake_core/cmake/package_templates/templates_2_cmake.py
[1.693s]   /root/ros_workspace/build/dynamixel_sdk/ament_cmake_package_templates/templates.cmake)
[1.693s]   returned error code 1
[1.694s] Call Stack (most recent call first):
[1.694s]   /opt/ros/jazzy/share/ament_cmake_core/cmake/ament_cmake_coreConfig.cmake:41 (include)
[1.694s]   /opt/ros/jazzy/share/ament_cmake/cmake/ament_cmake_export_dependencies-extras.cmake:15 (find_package)
[1.694s]   /opt/ros/jazzy/share/ament_cmake/cmake/ament_cmakeConfig.cmake:41 (include)
[1.694s]   CMakeLists.txt:18 (find_package)
[1.695s] 
[1.695s] [0m
[1.784s] Invoked command in '/root/ros_workspace/build/dynamixel_sdk' returned '1': /usr/bin/cmake /root/ros_workspace/src/DynamixelSDK/ros/dynamixel_sdk -DCMAKE_INSTALL_PREFIX=/root/ros_workspace/install/dynamixel_sdk
