[0.063s] Invoking command in '/root/ros_workspace/build/dynamixel_sdk': CMAKE_PREFIX_PATH=${CMAKE_PREFIX_PATH}:/root/ros_workspace/install/turtlebot3_teleop:/root/ros_workspace/install/turtlebot3_example:/root/ros_workspace/install/turtlebot3_control:/opt/ros/jazzy /usr/bin/cmake /root/ros_workspace/src/DynamixelSDK/ros/dynamixel_sdk -DAMENT_CMAKE_SYMLINK_INSTALL=1 -DCMAKE_INSTALL_PREFIX=/root/ros_workspace/install/dynamixel_sdk
[1.070s] -- Found ament_cmake: 2.5.4 (/opt/ros/jazzy/share/ament_cmake/cmake)
[1.070s] -- Override CMake install command with custom implementation using symlinks instead of copying resources
[1.070s] -- Configuring done (1.0s)
[1.097s] -- Generating done (0.0s)
[1.122s] -- Build files have been written to: /root/ros_workspace/build/dynamixel_sdk
[1.144s] Invoked command in '/root/ros_workspace/build/dynamixel_sdk' returned '0': CMAKE_PREFIX_PATH=${CMAKE_PREFIX_PATH}:/root/ros_workspace/install/turtlebot3_teleop:/root/ros_workspace/install/turtlebot3_example:/root/ros_workspace/install/turtlebot3_control:/opt/ros/jazzy /usr/bin/cmake /root/ros_workspace/src/DynamixelSDK/ros/dynamixel_sdk -DAMENT_CMAKE_SYMLINK_INSTALL=1 -DCMAKE_INSTALL_PREFIX=/root/ros_workspace/install/dynamixel_sdk
[1.146s] Invoking command in '/root/ros_workspace/build/dynamixel_sdk': CMAKE_PREFIX_PATH=${CMAKE_PREFIX_PATH}:/root/ros_workspace/install/turtlebot3_teleop:/root/ros_workspace/install/turtlebot3_example:/root/ros_workspace/install/turtlebot3_control:/opt/ros/jazzy /usr/bin/cmake --build /root/ros_workspace/build/dynamixel_sdk -- -j12 -l12
[1.307s] [  0%] Built target ament_cmake_python_symlink_dynamixel_sdk
[1.351s] [100%] Built target dynamixel_sdk
[2.039s] running egg_info
[2.084s] writing dynamixel_sdk.egg-info/PKG-INFO
[2.085s] writing dependency_links to dynamixel_sdk.egg-info/dependency_links.txt
[2.086s] writing top-level names to dynamixel_sdk.egg-info/top_level.txt
[2.183s] reading manifest file 'dynamixel_sdk.egg-info/SOURCES.txt'
[2.185s] writing manifest file 'dynamixel_sdk.egg-info/SOURCES.txt'
[2.269s] [100%] Built target ament_cmake_python_build_dynamixel_sdk_egg
[2.305s] Invoked command in '/root/ros_workspace/build/dynamixel_sdk' returned '0': CMAKE_PREFIX_PATH=${CMAKE_PREFIX_PATH}:/root/ros_workspace/install/turtlebot3_teleop:/root/ros_workspace/install/turtlebot3_example:/root/ros_workspace/install/turtlebot3_control:/opt/ros/jazzy /usr/bin/cmake --build /root/ros_workspace/build/dynamixel_sdk -- -j12 -l12
[2.307s] Invoking command in '/root/ros_workspace/build/dynamixel_sdk': CMAKE_PREFIX_PATH=${CMAKE_PREFIX_PATH}:/root/ros_workspace/install/turtlebot3_teleop:/root/ros_workspace/install/turtlebot3_example:/root/ros_workspace/install/turtlebot3_control:/opt/ros/jazzy /usr/bin/cmake --install /root/ros_workspace/build/dynamixel_sdk
[2.330s] -- Install configuration: ""
[2.332s] -- Execute custom install script
[2.334s] -- Up-to-date symlink: /root/ros_workspace/install/dynamixel_sdk/include//dynamixel_sdk/dynamixel_sdk.h
[2.334s] -- Up-to-date symlink: /root/ros_workspace/install/dynamixel_sdk/include//dynamixel_sdk/group_bulk_read.h
[2.335s] -- Up-to-date symlink: /root/ros_workspace/install/dynamixel_sdk/include//dynamixel_sdk/group_bulk_write.h
[2.336s] -- Up-to-date symlink: /root/ros_workspace/install/dynamixel_sdk/include//dynamixel_sdk/group_fast_bulk_read.h
[2.337s] -- Up-to-date symlink: /root/ros_workspace/install/dynamixel_sdk/include//dynamixel_sdk/group_fast_sync_read.h
[2.339s] -- Up-to-date symlink: /root/ros_workspace/install/dynamixel_sdk/include//dynamixel_sdk/group_handler.h
[2.340s] -- Up-to-date symlink: /root/ros_workspace/install/dynamixel_sdk/include//dynamixel_sdk/group_sync_read.h
[2.340s] -- Up-to-date symlink: /root/ros_workspace/install/dynamixel_sdk/include//dynamixel_sdk/group_sync_write.h
[2.341s] -- Up-to-date symlink: /root/ros_workspace/install/dynamixel_sdk/include//dynamixel_sdk/packet_handler.h
[2.344s] -- Up-to-date symlink: /root/ros_workspace/install/dynamixel_sdk/include//dynamixel_sdk/port_handler.h
[2.345s] -- Up-to-date symlink: /root/ros_workspace/install/dynamixel_sdk/include//dynamixel_sdk/port_handler_arduino.h
[2.347s] -- Up-to-date symlink: /root/ros_workspace/install/dynamixel_sdk/include//dynamixel_sdk/port_handler_linux.h
[2.347s] -- Up-to-date symlink: /root/ros_workspace/install/dynamixel_sdk/include//dynamixel_sdk/port_handler_mac.h
[2.347s] -- Up-to-date symlink: /root/ros_workspace/install/dynamixel_sdk/include//dynamixel_sdk/port_handler_windows.h
[2.347s] -- Up-to-date symlink: /root/ros_workspace/install/dynamixel_sdk/include//dynamixel_sdk/protocol1_packet_handler.h
[2.347s] -- Up-to-date symlink: /root/ros_workspace/install/dynamixel_sdk/include//dynamixel_sdk/protocol2_packet_handler.h
[2.348s] -- Up-to-date symlink: /root/ros_workspace/install/dynamixel_sdk/share/dynamixel_sdk/environment/pythonpath.sh
[2.349s] -- Up-to-date symlink: /root/ros_workspace/install/dynamixel_sdk/share/dynamixel_sdk/environment/pythonpath.dsv
[2.351s] -- Up-to-date symlink: /root/ros_workspace/install/dynamixel_sdk/lib/python3.12/site-packages/dynamixel_sdk-3.8.4-py3.12.egg-info/PKG-INFO
[2.352s] -- Up-to-date symlink: /root/ros_workspace/install/dynamixel_sdk/lib/python3.12/site-packages/dynamixel_sdk-3.8.4-py3.12.egg-info/SOURCES.txt
[2.352s] -- Up-to-date symlink: /root/ros_workspace/install/dynamixel_sdk/lib/python3.12/site-packages/dynamixel_sdk-3.8.4-py3.12.egg-info/dependency_links.txt
[2.352s] -- Up-to-date symlink: /root/ros_workspace/install/dynamixel_sdk/lib/python3.12/site-packages/dynamixel_sdk-3.8.4-py3.12.egg-info/top_level.txt
[2.353s] -- Up-to-date symlink: /root/ros_workspace/install/dynamixel_sdk/lib/python3.12/site-packages/dynamixel_sdk/__init__.py
[2.353s] -- Up-to-date symlink: /root/ros_workspace/install/dynamixel_sdk/lib/python3.12/site-packages/dynamixel_sdk/group_bulk_read.cpp
[2.353s] -- Up-to-date symlink: /root/ros_workspace/install/dynamixel_sdk/lib/python3.12/site-packages/dynamixel_sdk/group_bulk_read.py
[2.354s] -- Up-to-date symlink: /root/ros_workspace/install/dynamixel_sdk/lib/python3.12/site-packages/dynamixel_sdk/group_bulk_write.cpp
[2.355s] -- Up-to-date symlink: /root/ros_workspace/install/dynamixel_sdk/lib/python3.12/site-packages/dynamixel_sdk/group_bulk_write.py
[2.359s] -- Up-to-date symlink: /root/ros_workspace/install/dynamixel_sdk/lib/python3.12/site-packages/dynamixel_sdk/group_fast_bulk_read.cpp
[2.361s] -- Up-to-date symlink: /root/ros_workspace/install/dynamixel_sdk/lib/python3.12/site-packages/dynamixel_sdk/group_fast_sync_read.cpp
[2.362s] -- Up-to-date symlink: /root/ros_workspace/install/dynamixel_sdk/lib/python3.12/site-packages/dynamixel_sdk/group_handler.cpp
[2.362s] -- Up-to-date symlink: /root/ros_workspace/install/dynamixel_sdk/lib/python3.12/site-packages/dynamixel_sdk/group_sync_read.cpp
[2.362s] -- Up-to-date symlink: /root/ros_workspace/install/dynamixel_sdk/lib/python3.12/site-packages/dynamixel_sdk/group_sync_read.py
[2.362s] -- Up-to-date symlink: /root/ros_workspace/install/dynamixel_sdk/lib/python3.12/site-packages/dynamixel_sdk/group_sync_write.cpp
[2.362s] -- Up-to-date symlink: /root/ros_workspace/install/dynamixel_sdk/lib/python3.12/site-packages/dynamixel_sdk/group_sync_write.py
[2.363s] -- Up-to-date symlink: /root/ros_workspace/install/dynamixel_sdk/lib/python3.12/site-packages/dynamixel_sdk/packet_handler.cpp
[2.364s] -- Up-to-date symlink: /root/ros_workspace/install/dynamixel_sdk/lib/python3.12/site-packages/dynamixel_sdk/packet_handler.py
[2.365s] -- Up-to-date symlink: /root/ros_workspace/install/dynamixel_sdk/lib/python3.12/site-packages/dynamixel_sdk/port_handler.cpp
[2.365s] -- Up-to-date symlink: /root/ros_workspace/install/dynamixel_sdk/lib/python3.12/site-packages/dynamixel_sdk/port_handler.py
[2.366s] -- Up-to-date symlink: /root/ros_workspace/install/dynamixel_sdk/lib/python3.12/site-packages/dynamixel_sdk/port_handler_arduino.cpp
[2.366s] -- Up-to-date symlink: /root/ros_workspace/install/dynamixel_sdk/lib/python3.12/site-packages/dynamixel_sdk/port_handler_linux.cpp
[2.367s] -- Up-to-date symlink: /root/ros_workspace/install/dynamixel_sdk/lib/python3.12/site-packages/dynamixel_sdk/port_handler_mac.cpp
[2.367s] -- Up-to-date symlink: /root/ros_workspace/install/dynamixel_sdk/lib/python3.12/site-packages/dynamixel_sdk/port_handler_windows.cpp
[2.367s] -- Up-to-date symlink: /root/ros_workspace/install/dynamixel_sdk/lib/python3.12/site-packages/dynamixel_sdk/protocol1_packet_handler.cpp
[2.367s] -- Up-to-date symlink: /root/ros_workspace/install/dynamixel_sdk/lib/python3.12/site-packages/dynamixel_sdk/protocol1_packet_handler.py
[2.367s] -- Up-to-date symlink: /root/ros_workspace/install/dynamixel_sdk/lib/python3.12/site-packages/dynamixel_sdk/protocol2_packet_handler.cpp
[2.367s] -- Up-to-date symlink: /root/ros_workspace/install/dynamixel_sdk/lib/python3.12/site-packages/dynamixel_sdk/protocol2_packet_handler.py
[2.368s] -- Up-to-date symlink: /root/ros_workspace/install/dynamixel_sdk/lib/python3.12/site-packages/dynamixel_sdk/robotis_def.py
[2.368s] -- Up-to-date symlink: /root/ros_workspace/install/dynamixel_sdk/share/dynamixel_sdk/environment/library_path.sh
[2.368s] -- Up-to-date symlink: /root/ros_workspace/install/dynamixel_sdk/share/dynamixel_sdk/environment/library_path.dsv
[2.368s] -- Up-to-date symlink: /root/ros_workspace/install/dynamixel_sdk/share/ament_index/resource_index/package_run_dependencies/dynamixel_sdk
[2.369s] -- Up-to-date symlink: /root/ros_workspace/install/dynamixel_sdk/share/ament_index/resource_index/parent_prefix_path/dynamixel_sdk
[2.369s] -- Up-to-date symlink: /root/ros_workspace/install/dynamixel_sdk/share/dynamixel_sdk/environment/ament_prefix_path.sh
[2.369s] -- Up-to-date symlink: /root/ros_workspace/install/dynamixel_sdk/share/dynamixel_sdk/environment/ament_prefix_path.dsv
[2.369s] -- Up-to-date symlink: /root/ros_workspace/install/dynamixel_sdk/share/dynamixel_sdk/environment/path.sh
[2.370s] -- Up-to-date symlink: /root/ros_workspace/install/dynamixel_sdk/share/dynamixel_sdk/environment/path.dsv
[2.370s] -- Up-to-date symlink: /root/ros_workspace/install/dynamixel_sdk/share/dynamixel_sdk/local_setup.bash
[2.370s] -- Up-to-date symlink: /root/ros_workspace/install/dynamixel_sdk/share/dynamixel_sdk/local_setup.sh
[2.370s] -- Up-to-date symlink: /root/ros_workspace/install/dynamixel_sdk/share/dynamixel_sdk/local_setup.zsh
[2.371s] -- Up-to-date symlink: /root/ros_workspace/install/dynamixel_sdk/share/dynamixel_sdk/local_setup.dsv
[2.371s] -- Symlinking: /root/ros_workspace/install/dynamixel_sdk/share/dynamixel_sdk/package.dsv
[2.392s] -- Up-to-date symlink: /root/ros_workspace/install/dynamixel_sdk/share/ament_index/resource_index/packages/dynamixel_sdk
[2.393s] -- Up-to-date symlink: /root/ros_workspace/install/dynamixel_sdk/share/dynamixel_sdk/cmake/ament_cmake_export_targets-extras.cmake
[2.393s] -- Up-to-date symlink: /root/ros_workspace/install/dynamixel_sdk/share/dynamixel_sdk/cmake/ament_cmake_export_include_directories-extras.cmake
[2.395s] -- Up-to-date symlink: /root/ros_workspace/install/dynamixel_sdk/share/dynamixel_sdk/cmake/ament_cmake_export_libraries-extras.cmake
[2.396s] -- Up-to-date symlink: /root/ros_workspace/install/dynamixel_sdk/share/dynamixel_sdk/cmake/dynamixel_sdkConfig.cmake
[2.397s] -- Up-to-date symlink: /root/ros_workspace/install/dynamixel_sdk/share/dynamixel_sdk/cmake/dynamixel_sdkConfig-version.cmake
[2.398s] -- Up-to-date symlink: /root/ros_workspace/install/dynamixel_sdk/share/dynamixel_sdk/package.xml
[2.398s] -- Up-to-date: /root/ros_workspace/install/dynamixel_sdk/lib/libdynamixel_sdk.so
[2.506s] Listing '/root/ros_workspace/install/dynamixel_sdk/lib/python3.12/site-packages/dynamixel_sdk'...
[2.518s] -- Up-to-date: /root/ros_workspace/install/dynamixel_sdk/share/dynamixel_sdk/cmake/dynamixel_sdkExport.cmake
[2.519s] -- Up-to-date: /root/ros_workspace/install/dynamixel_sdk/share/dynamixel_sdk/cmake/dynamixel_sdkExport-noconfig.cmake
[2.525s] Invoked command in '/root/ros_workspace/build/dynamixel_sdk' returned '0': CMAKE_PREFIX_PATH=${CMAKE_PREFIX_PATH}:/root/ros_workspace/install/turtlebot3_teleop:/root/ros_workspace/install/turtlebot3_example:/root/ros_workspace/install/turtlebot3_control:/opt/ros/jazzy /usr/bin/cmake --install /root/ros_workspace/build/dynamixel_sdk
