[0.201s] Invoking command in '/root/ros_workspace/build/turtlebot3_gazebo': CMAKE_PREFIX_PATH=${CMAKE_PREFIX_PATH}:/opt/ros/jazzy /usr/bin/cmake /root/ros_workspace/src/turtlebot3_simulations/turtlebot3_gazebo -DCMAKE_INSTALL_PREFIX=/root/ros_workspace/install/turtlebot3_gazebo
[0.358s] -- Found ament_cmake: 2.5.4 (/opt/ros/jazzy/share/ament_cmake/cmake)
[1.935s] -- Override CMake install command with custom implementation using symlinks instead of copying resources
[2.010s] -- Found ros_gz_sim: 1.0.16 (/opt/ros/jazzy/share/ros_gz_sim/cmake)
[2.334s] -- Found rosidl_generator_c: 4.6.6 (/opt/ros/jazzy/share/rosidl_generator_c/cmake)
[2.387s] -- Found rosidl_generator_cpp: 4.6.6 (/opt/ros/jazzy/share/rosidl_generator_cpp/cmake)
[2.438s] -- Using all available rosidl_typesupport_c: rosidl_typesupport_fastrtps_c;rosidl_typesupport_introspection_c
[2.522s] -- Using all available rosidl_typesupport_cpp: rosidl_typesupport_fastrtps_cpp;rosidl_typesupport_introspection_cpp
[2.915s] -- Found rmw_implementation_cmake: 7.3.2 (/opt/ros/jazzy/share/rmw_implementation_cmake/cmake)
[2.921s] -- Found rmw_fastrtps_cpp: 8.4.3 (/opt/ros/jazzy/share/rmw_fastrtps_cpp/cmake)
[3.322s] -- Using RMW implementation 'rmw_fastrtps_cpp' as default
[4.308s] -- Found nav_msgs: 5.3.6 (/opt/ros/jazzy/share/nav_msgs/cmake)
[4.425s] -- Found sensor_msgs: 5.3.6 (/opt/ros/jazzy/share/sensor_msgs/cmake)
[4.514s] -- Found gz_math_vendor: 0.0.8 (/opt/ros/jazzy/share/gz_math_vendor/cmake)
[4.520s] -- Looking for gz-math7 -- found version 7.5.2
[4.545s] -- Searching for dependencies of gz-math7
[4.548s] -- Looking for gz-utils2 -- found version 2.2.1
[4.548s] -- Searching for dependencies of gz-utils2
[4.557s] -- Found gz_sim_vendor: 0.0.9 (/opt/ros/jazzy/share/gz_sim_vendor/cmake)
[4.624s] -- Looking for gz-sim8 -- found version 8.10.0
[4.624s] -- Searching for dependencies of gz-sim8
[4.624s] -- Looking for sdformat14 -- found version 14.8.0
[4.624s] -- Searching for dependencies of sdformat14
[4.632s] -- Checking for module 'tinyxml2'
[4.711s] --   Found tinyxml2, version 10.0.0
[4.960s] -- Looking for gz-math7 -- found version 7.5.2
[4.964s] -- Looking for gz-utils2 -- found version 2.2.1
[4.975s] -- Searching for dependencies of gz-utils2
[4.987s] -- Searching for <gz-utils2> component [cli]
[4.989s] -- Looking for gz-utils2-cli -- found version 2.2.1
[4.990s] -- Searching for dependencies of gz-utils2-cli
[4.997s] -- Looking for gz-plugin2 -- found version 2.0.4
[4.999s] -- Searching for dependencies of gz-plugin2
[5.000s] -- Looking for gz-utils2 -- found version 2.2.1
[5.004s] -- Searching for <gz-plugin2> component [loader]
[5.016s] -- Looking for gz-plugin2-loader -- found version 2.0.4
[5.034s] -- Searching for dependencies of gz-plugin2-loader
[5.034s] -- Searching for <gz-plugin2> component [register]
[5.035s] -- Looking for gz-plugin2-register -- found version 2.0.4
[5.035s] -- Searching for dependencies of gz-plugin2-register
[5.035s] -- Looking for gz-transport13 -- found version 13.5.0
[5.035s] -- Searching for dependencies of gz-transport13
[5.235s] -- Config-file not installed for ZeroMQ -- checking for pkg-config
[5.295s] -- Checking for module 'libzmq >= 4'
[5.402s] --   Found libzmq, version 4.3.5
[5.650s] -- Checking for module 'uuid'
[5.729s] --   Found uuid, version 2.39.3
[5.883s] -- Looking for gz-utils2 -- found version 2.2.1
[5.885s] -- Looking for gz-msgs10 -- found version 10.3.2
[5.887s] -- Searching for dependencies of gz-msgs10
[6.000s] -- Looking for gz-utils2 -- found version 2.2.1
[6.000s] -- Looking for gz-math7 -- found version 7.5.2
[6.033s] -- Searching for <gz-transport13> component [log]
[6.036s] -- Looking for gz-transport13-log -- found version 13.5.0
[6.037s] -- Searching for dependencies of gz-transport13-log
[6.039s] -- Searching for <gz-transport13> component [parameters]
[6.041s] -- Looking for gz-transport13-parameters -- found version 13.5.0
[6.042s] -- Searching for dependencies of gz-transport13-parameters
[6.048s] -- Looking for gz-msgs10 -- found version 10.3.2
[6.050s] -- Looking for gz-common5 -- found version 5.7.1
[6.051s] -- Searching for dependencies of gz-common5
[6.052s] -- Looking for gz-utils2 -- found version 2.2.1
[6.061s] -- Looking for dlfcn.h - found
[6.062s] -- Looking for libdl - found
[6.103s] -- Searching for <gz-common5> component [av]
[6.108s] -- Looking for gz-common5-av -- found version 5.7.1
[6.109s] -- Searching for dependencies of gz-common5-av
[6.123s] -- Checking for module 'libswscale'
[6.210s] --   Found libswscale, version 7.5.100
[6.403s] -- Checking for module 'libavdevice >= 56.4.100'
[6.477s] --   Found libavdevice, version 60.3.100
[6.679s] -- Checking for module 'libavformat'
[6.783s] --   Found libavformat, version 60.16.100
[7.076s] -- Checking for module 'libavcodec'
[7.164s] --   Found libavcodec, version 60.31.102
[7.364s] -- Checking for module 'libavutil'
[7.472s] --   Found libavutil, version 58.29.100
[7.666s] -- Searching for <gz-common5> component [events]
[7.668s] -- Looking for gz-common5-events -- found version 5.7.1
[7.668s] -- Searching for dependencies of gz-common5-events
[7.671s] -- Looking for gz-math7 -- found version 7.5.2
[7.680s] -- Searching for <gz-common5> component [graphics]
[7.689s] -- Looking for gz-common5-graphics -- found version 5.7.1
[7.689s] -- Searching for dependencies of gz-common5-graphics
[7.689s] -- Looking for gz-math7 -- found version 7.5.2
[7.700s] -- Searching for <gz-common5> component [io]
[7.700s] -- Looking for gz-common5-io -- found version 5.7.1
[7.705s] -- Searching for dependencies of gz-common5-io
[7.705s] -- Searching for <gz-common5> component [profiler]
[7.714s] -- Looking for gz-common5-profiler -- found version 5.7.1
[7.714s] -- Searching for dependencies of gz-common5-profiler
[7.717s] -- Looking for gz-fuel_tools9 -- found version 9.1.1
[7.718s] -- Searching for dependencies of gz-fuel_tools9
[7.899s] -- Checking for module 'jsoncpp'
[8.042s] --   Found jsoncpp, version 1.9.5
[8.313s] -- Checking for module 'yaml-0.1'
[8.372s] --   Found yaml-0.1, version 0.2.5
[8.540s] -- Checking for module 'libzip'
[8.621s] --   Found libzip, version 1.7.3
[8.742s] -- Looking for gz-utils2 -- found version 2.2.1
[8.745s] -- Looking for gz-common5 -- found version 5.7.1
[8.746s] -- Searching for dependencies of gz-common5
[8.747s] -- Looking for gz-utils2 -- found version 2.2.1
[8.747s] -- Looking for dlfcn.h - found
[8.748s] -- Looking for libdl - found
[8.798s] -- Searching for <gz-common5> component [testing]
[8.799s] -- Looking for gz-common5-testing -- found version 5.7.1
[8.800s] -- Searching for dependencies of gz-common5-testing
[8.802s] -- Looking for gz-math7 -- found version 7.5.2
[8.804s] -- Looking for gz-msgs10 -- found version 10.3.2
[8.808s] -- Looking for gz-gui8 -- found version 8.4.0
[8.811s] -- Searching for dependencies of gz-gui8
[8.907s] -- Looking for gz-utils2 -- found version 2.2.1
[8.909s] -- Looking for gz-math7 -- found version 7.5.2
[8.911s] -- Looking for gz-common5 -- found version 5.7.1
[8.915s] -- Looking for gz-plugin2 -- found version 2.0.4
[8.916s] -- Looking for gz-transport13 -- found version 13.5.0
[8.920s] -- Looking for gz-rendering8 -- found version 8.2.2
[8.920s] -- Searching for dependencies of gz-rendering8
[8.921s] -- Looking for gz-math7 -- found version 7.5.2
[8.921s] -- Searching for dependencies of gz-math7
[8.930s] -- Looking for gz-utils2 -- found version 2.2.1
[8.930s] -- Searching for <gz-math7> component [eigen3]
[8.930s] -- Looking for gz-math7-eigen3 -- found version 7.5.2
[8.930s] -- Searching for dependencies of gz-math7-eigen3
[8.939s] -- Looking for gz-common5 -- found version 5.7.1
[8.940s] -- Searching for dependencies of gz-common5
[8.941s] -- Looking for gz-utils2 -- found version 2.2.1
[8.942s] -- Looking for dlfcn.h - found
[8.943s] -- Looking for libdl - found
[8.972s] -- Searching for <gz-common5> component [graphics]
[8.973s] -- Searching for <gz-common5> component [events]
[8.983s] -- Searching for <gz-common5> component [geospatial]
[8.984s] -- Looking for gz-common5-geospatial -- found version 5.7.1
[8.984s] -- Searching for dependencies of gz-common5-geospatial
[8.984s] -- Looking for gz-math7 -- found version 7.5.2
[8.985s] -- Looking for gz-common5 -- found version 5.7.1
[8.986s] -- Looking for gz-plugin2 -- found version 2.0.4
[8.987s] -- Searching for dependencies of gz-plugin2
[8.991s] -- Looking for gz-utils2 -- found version 2.2.1
[8.991s] -- Searching for <gz-plugin2> component [all]
[8.999s] -- Looking for all libraries of gz-plugin2 -- found version 2.0.4
[9.000s] -- Looking for gz-plugin2 -- found version 2.0.4
[9.000s] -- Looking for gz-utils2 -- found version 2.2.1
[9.009s] -- Looking for gz-msgs10 -- found version 10.3.2
[9.091s] -- Looking for gz-physics7 -- found version 7.6.0
[9.091s] -- Searching for dependencies of gz-physics7
[9.092s] -- Looking for gz-common5 -- found version 5.7.1
[9.092s] -- Looking for gz-math7 -- found version 7.5.2
[9.094s] -- Looking for gz-plugin2 -- found version 2.0.4
[9.096s] -- Looking for gz-utils2 -- found version 2.2.1
[9.109s] -- Searching for <gz-physics7> component [heightmap]
[9.113s] -- Looking for gz-physics7-heightmap -- found version 7.6.0
[9.113s] -- Searching for dependencies of gz-physics7-heightmap
[9.113s] -- Looking for gz-common5 -- found version 5.7.1
[9.114s] -- Searching for <gz-physics7> component [mesh]
[9.114s] -- Looking for gz-physics7-mesh -- found version 7.6.0
[9.114s] -- Searching for dependencies of gz-physics7-mesh
[9.115s] -- Looking for gz-common5 -- found version 5.7.1
[9.120s] -- Searching for <gz-physics7> component [sdf]
[9.122s] -- Looking for gz-physics7-sdf -- found version 7.6.0
[9.124s] -- Searching for dependencies of gz-physics7-sdf
[9.124s] -- Looking for sdformat14 -- found version 14.8.0
[9.129s] -- Looking for gz-sensors8 -- found version 8.2.2
[9.129s] -- Searching for dependencies of gz-sensors8
[9.225s] -- Looking for gz-math7 -- found version 7.5.2
[9.225s] -- Looking for gz-common5 -- found version 5.7.1
[9.225s] -- Looking for gz-transport13 -- found version 13.5.0
[9.226s] -- Looking for gz-rendering8 -- found version 8.2.2
[9.226s] -- Looking for gz-msgs10 -- found version 10.3.2
[9.226s] -- Looking for sdformat14 -- found version 14.8.0
[9.227s] -- Searching for <gz-sensors8> component [air_pressure]
[9.227s] -- Looking for gz-sensors8-air_pressure -- found version 8.2.2
[9.228s] -- Searching for dependencies of gz-sensors8-air_pressure
[9.229s] -- Searching for <gz-sensors8> component [air_speed]
[9.235s] -- Looking for gz-sensors8-air_speed -- found version 8.2.2
[9.236s] -- Searching for dependencies of gz-sensors8-air_speed
[9.240s] -- Searching for <gz-sensors8> component [altimeter]
[9.241s] -- Looking for gz-sensors8-altimeter -- found version 8.2.2
[9.241s] -- Searching for dependencies of gz-sensors8-altimeter
[9.242s] -- Searching for <gz-sensors8> component [imu]
[9.246s] -- Looking for gz-sensors8-imu -- found version 8.2.2
[9.250s] -- Searching for dependencies of gz-sensors8-imu
[9.252s] -- Searching for <gz-sensors8> component [force_torque]
[9.262s] -- Looking for gz-sensors8-force_torque -- found version 8.2.2
[9.262s] -- Searching for dependencies of gz-sensors8-force_torque
[9.263s] -- Searching for <gz-sensors8> component [logical_camera]
[9.263s] -- Looking for gz-sensors8-logical_camera -- found version 8.2.2
[9.263s] -- Searching for dependencies of gz-sensors8-logical_camera
[9.264s] -- Searching for <gz-sensors8> component [magnetometer]
[9.264s] -- Looking for gz-sensors8-magnetometer -- found version 8.2.2
[9.264s] -- Searching for dependencies of gz-sensors8-magnetometer
[9.267s] -- Searching for <gz-sensors8> component [navsat]
[9.267s] -- Looking for gz-sensors8-navsat -- found version 8.2.2
[9.267s] -- Searching for dependencies of gz-sensors8-navsat
[9.272s] -- Searching for <gz-sensors8> component [dvl]
[9.272s] -- Looking for gz-sensors8-dvl -- found version 8.2.2
[9.288s] -- Searching for dependencies of gz-sensors8-dvl
[9.288s] -- Looking for gz-sensors8 -- found version 8.2.2
[9.289s] -- Searching for dependencies of gz-sensors8
[9.370s] -- Looking for gz-math7 -- found version 7.5.2
[9.370s] -- Looking for gz-common5 -- found version 5.7.1
[9.371s] -- Looking for gz-transport13 -- found version 13.5.0
[9.373s] -- Looking for gz-rendering8 -- found version 8.2.2
[9.375s] -- Looking for gz-msgs10 -- found version 10.3.2
[9.376s] -- Looking for sdformat14 -- found version 14.8.0
[9.376s] -- Searching for <gz-sensors8> component [rendering]
[9.381s] -- Looking for gz-sensors8-rendering -- found version 8.2.2
[9.386s] -- Searching for dependencies of gz-sensors8-rendering
[9.386s] -- Searching for <gz-sensors8> component [rendering]
[9.387s] -- Searching for <gz-sensors8> component [lidar]
[9.389s] -- Looking for gz-sensors8-lidar -- found version 8.2.2
[9.391s] -- Searching for dependencies of gz-sensors8-lidar
[9.393s] -- Looking for gz-sensors8 -- found version 8.2.2
[9.396s] -- Searching for <gz-sensors8> component [gpu_lidar]
[9.400s] -- Looking for gz-sensors8-gpu_lidar -- found version 8.2.2
[9.402s] -- Searching for dependencies of gz-sensors8-gpu_lidar
[9.404s] -- Looking for gz-sensors8 -- found version 8.2.2
[9.414s] -- Searching for <gz-sensors8> component [camera]
[9.418s] -- Looking for gz-sensors8-camera -- found version 8.2.2
[9.420s] -- Searching for dependencies of gz-sensors8-camera
[9.425s] -- Looking for gz-sensors8 -- found version 8.2.2
[9.429s] -- Searching for <gz-sensors8> component [boundingbox_camera]
[9.435s] -- Looking for gz-sensors8-boundingbox_camera -- found version 8.2.2
[9.437s] -- Searching for dependencies of gz-sensors8-boundingbox_camera
[9.442s] -- Searching for <gz-sensors8> component [segmentation_camera]
[9.446s] -- Looking for gz-sensors8-segmentation_camera -- found version 8.2.2
[9.447s] -- Searching for dependencies of gz-sensors8-segmentation_camera
[9.451s] -- Searching for <gz-sensors8> component [depth_camera]
[9.454s] -- Looking for gz-sensors8-depth_camera -- found version 8.2.2
[9.455s] -- Searching for dependencies of gz-sensors8-depth_camera
[9.458s] -- Looking for gz-sensors8 -- found version 8.2.2
[9.462s] -- Searching for <gz-sensors8> component [rgbd_camera]
[9.471s] -- Looking for gz-sensors8-rgbd_camera -- found version 8.2.2
[9.472s] -- Searching for dependencies of gz-sensors8-rgbd_camera
[9.475s] -- Looking for gz-sensors8 -- found version 8.2.2
[9.480s] -- Searching for <gz-sensors8> component [thermal_camera]
[9.486s] -- Looking for gz-sensors8-thermal_camera -- found version 8.2.2
[9.488s] -- Searching for dependencies of gz-sensors8-thermal_camera
[9.490s] -- Looking for gz-sensors8 -- found version 8.2.2
[9.493s] -- Searching for <gz-sensors8> component [wide_angle_camera]
[9.494s] -- Looking for gz-sensors8-wide_angle_camera -- found version 8.2.2
[9.496s] -- Searching for dependencies of gz-sensors8-wide_angle_camera
[9.501s] -- Looking for gz-rendering8 -- found version 8.2.2
[9.502s] -- Looking for gz-math7 -- found version 7.5.2
[9.504s] -- Looking for gz-utils2 -- found version 2.2.1
[9.642s] -- Looking for gz-plugin2 -- found version 2.0.4
[10.102s] -- Configuring done (9.9s)
[10.268s] -- Generating done (0.1s)
[10.313s] -- Build files have been written to: /root/ros_workspace/build/turtlebot3_gazebo
[10.404s] Invoked command in '/root/ros_workspace/build/turtlebot3_gazebo' returned '0': CMAKE_PREFIX_PATH=${CMAKE_PREFIX_PATH}:/opt/ros/jazzy /usr/bin/cmake /root/ros_workspace/src/turtlebot3_simulations/turtlebot3_gazebo -DCMAKE_INSTALL_PREFIX=/root/ros_workspace/install/turtlebot3_gazebo
[10.406s] Invoking command in '/root/ros_workspace/build/turtlebot3_gazebo': CMAKE_PREFIX_PATH=${CMAKE_PREFIX_PATH}:/opt/ros/jazzy /usr/bin/cmake --build /root/ros_workspace/build/turtlebot3_gazebo -- -j12 -l12
[10.637s] [ 25%] Built target obstacles
[10.652s] [ 50%] Built target obstacle1
[10.688s] [ 75%] Built target obstacle2
[10.709s] [100%] Built target turtlebot3_drive
[10.757s] Invoked command in '/root/ros_workspace/build/turtlebot3_gazebo' returned '0': CMAKE_PREFIX_PATH=${CMAKE_PREFIX_PATH}:/opt/ros/jazzy /usr/bin/cmake --build /root/ros_workspace/build/turtlebot3_gazebo -- -j12 -l12
[10.762s] Invoking command in '/root/ros_workspace/build/turtlebot3_gazebo': CMAKE_PREFIX_PATH=${CMAKE_PREFIX_PATH}:/opt/ros/jazzy /usr/bin/cmake --install /root/ros_workspace/build/turtlebot3_gazebo
[10.801s] -- Install configuration: ""
[10.804s] -- Execute custom install script
[10.824s] -- Up-to-date symlink: /root/ros_workspace/install/turtlebot3_gazebo/lib/turtlebot3_gazebo/turtlebot3_drive
[10.824s] -- Up-to-date symlink: /root/ros_workspace/install/turtlebot3_gazebo/lib/turtlebot3_gazebo/libobstacles.so
[10.825s] -- Up-to-date symlink: /root/ros_workspace/install/turtlebot3_gazebo/lib/turtlebot3_gazebo/libobstacle1.so
[10.825s] -- Up-to-date symlink: /root/ros_workspace/install/turtlebot3_gazebo/lib/turtlebot3_gazebo/libobstacle2.so
[10.827s] -- Up-to-date symlink: /root/ros_workspace/install/turtlebot3_gazebo/share/turtlebot3_gazebo//launch/empty_world.launch.py
[10.828s] -- Up-to-date symlink: /root/ros_workspace/install/turtlebot3_gazebo/share/turtlebot3_gazebo//launch/robot_state_publisher.launch.py
[10.828s] -- Up-to-date symlink: /root/ros_workspace/install/turtlebot3_gazebo/share/turtlebot3_gazebo//launch/spawn_turtlebot3.launch.py
[10.831s] -- Up-to-date symlink: /root/ros_workspace/install/turtlebot3_gazebo/share/turtlebot3_gazebo//launch/turtlebot3_dqn_stage1.launch.py
[10.831s] -- Up-to-date symlink: /root/ros_workspace/install/turtlebot3_gazebo/share/turtlebot3_gazebo//launch/turtlebot3_dqn_stage2.launch.py
[10.836s] -- Up-to-date symlink: /root/ros_workspace/install/turtlebot3_gazebo/share/turtlebot3_gazebo//launch/turtlebot3_dqn_stage3.launch.py
[10.843s] -- Up-to-date symlink: /root/ros_workspace/install/turtlebot3_gazebo/share/turtlebot3_gazebo//launch/turtlebot3_dqn_stage4.launch.py
[10.846s] -- Up-to-date symlink: /root/ros_workspace/install/turtlebot3_gazebo/share/turtlebot3_gazebo//launch/turtlebot3_house.launch.py
[10.846s] -- Up-to-date symlink: /root/ros_workspace/install/turtlebot3_gazebo/share/turtlebot3_gazebo//launch/turtlebot3_world.launch.py
[10.854s] -- Up-to-date symlink: /root/ros_workspace/install/turtlebot3_gazebo/share/turtlebot3_gazebo//models/turtlebot3_burger/model-1_4.sdf
[10.855s] -- Up-to-date symlink: /root/ros_workspace/install/turtlebot3_gazebo/share/turtlebot3_gazebo//models/turtlebot3_burger/model.config
[10.855s] -- Up-to-date symlink: /root/ros_workspace/install/turtlebot3_gazebo/share/turtlebot3_gazebo//models/turtlebot3_burger/model.sdf
[10.855s] -- Up-to-date symlink: /root/ros_workspace/install/turtlebot3_gazebo/share/turtlebot3_gazebo//models/turtlebot3_burger_cam/model-1_4.sdf
[10.856s] -- Up-to-date symlink: /root/ros_workspace/install/turtlebot3_gazebo/share/turtlebot3_gazebo//models/turtlebot3_burger_cam/model.config
[10.856s] -- Up-to-date symlink: /root/ros_workspace/install/turtlebot3_gazebo/share/turtlebot3_gazebo//models/turtlebot3_burger_cam/model.sdf
[10.856s] -- Up-to-date symlink: /root/ros_workspace/install/turtlebot3_gazebo/share/turtlebot3_gazebo//models/turtlebot3_common/meshes/bases/burger_base.stl
[10.856s] -- Up-to-date symlink: /root/ros_workspace/install/turtlebot3_gazebo/share/turtlebot3_gazebo//models/turtlebot3_common/meshes/bases/waffle_base.stl
[10.857s] -- Up-to-date symlink: /root/ros_workspace/install/turtlebot3_gazebo/share/turtlebot3_gazebo//models/turtlebot3_common/meshes/bases/waffle_pi_base.stl
[10.857s] -- Up-to-date symlink: /root/ros_workspace/install/turtlebot3_gazebo/share/turtlebot3_gazebo//models/turtlebot3_common/meshes/burger_base.dae
[10.868s] -- Up-to-date symlink: /root/ros_workspace/install/turtlebot3_gazebo/share/turtlebot3_gazebo//models/turtlebot3_common/meshes/lds.dae
[10.869s] -- Up-to-date symlink: /root/ros_workspace/install/turtlebot3_gazebo/share/turtlebot3_gazebo//models/turtlebot3_common/meshes/r200.dae
[10.869s] -- Up-to-date symlink: /root/ros_workspace/install/turtlebot3_gazebo/share/turtlebot3_gazebo//models/turtlebot3_common/meshes/sensors/astra.dae
[10.870s] -- Up-to-date symlink: /root/ros_workspace/install/turtlebot3_gazebo/share/turtlebot3_gazebo//models/turtlebot3_common/meshes/sensors/astra.jpg
[10.870s] -- Up-to-date symlink: /root/ros_workspace/install/turtlebot3_gazebo/share/turtlebot3_gazebo//models/turtlebot3_common/meshes/sensors/lds.stl
[10.870s] -- Up-to-date symlink: /root/ros_workspace/install/turtlebot3_gazebo/share/turtlebot3_gazebo//models/turtlebot3_common/meshes/sensors/r200.dae
[10.870s] -- Up-to-date symlink: /root/ros_workspace/install/turtlebot3_gazebo/share/turtlebot3_gazebo//models/turtlebot3_common/meshes/sensors/r200.jpg
[10.871s] -- Up-to-date symlink: /root/ros_workspace/install/turtlebot3_gazebo/share/turtlebot3_gazebo//models/turtlebot3_common/meshes/tire.dae
[10.871s] -- Up-to-date symlink: /root/ros_workspace/install/turtlebot3_gazebo/share/turtlebot3_gazebo//models/turtlebot3_common/meshes/waffle_base.dae
[10.871s] -- Up-to-date symlink: /root/ros_workspace/install/turtlebot3_gazebo/share/turtlebot3_gazebo//models/turtlebot3_common/meshes/waffle_pi_base.dae
[10.872s] -- Up-to-date symlink: /root/ros_workspace/install/turtlebot3_gazebo/share/turtlebot3_gazebo//models/turtlebot3_common/meshes/wheels/left_tire.stl
[10.872s] -- Up-to-date symlink: /root/ros_workspace/install/turtlebot3_gazebo/share/turtlebot3_gazebo//models/turtlebot3_common/meshes/wheels/right_tire.stl
[10.873s] -- Up-to-date symlink: /root/ros_workspace/install/turtlebot3_gazebo/share/turtlebot3_gazebo//models/turtlebot3_common/model.config
[10.873s] -- Up-to-date symlink: /root/ros_workspace/install/turtlebot3_gazebo/share/turtlebot3_gazebo//models/turtlebot3_dqn_world/goal_box/model.config
[10.879s] -- Up-to-date symlink: /root/ros_workspace/install/turtlebot3_gazebo/share/turtlebot3_gazebo//models/turtlebot3_dqn_world/goal_box/model.sdf
[10.886s] -- Up-to-date symlink: /root/ros_workspace/install/turtlebot3_gazebo/share/turtlebot3_gazebo//models/turtlebot3_dqn_world/inner_walls/model.config
[10.887s] -- Up-to-date symlink: /root/ros_workspace/install/turtlebot3_gazebo/share/turtlebot3_gazebo//models/turtlebot3_dqn_world/inner_walls/model.sdf
[10.887s] -- Up-to-date symlink: /root/ros_workspace/install/turtlebot3_gazebo/share/turtlebot3_gazebo//models/turtlebot3_dqn_world/inner_walls/textures/wood.png
[10.888s] -- Up-to-date symlink: /root/ros_workspace/install/turtlebot3_gazebo/share/turtlebot3_gazebo//models/turtlebot3_dqn_world/model.config
[10.888s] -- Up-to-date symlink: /root/ros_workspace/install/turtlebot3_gazebo/share/turtlebot3_gazebo//models/turtlebot3_dqn_world/model.sdf
[10.888s] -- Up-to-date symlink: /root/ros_workspace/install/turtlebot3_gazebo/share/turtlebot3_gazebo//models/turtlebot3_dqn_world/obstacle1/model.config
[10.888s] -- Up-to-date symlink: /root/ros_workspace/install/turtlebot3_gazebo/share/turtlebot3_gazebo//models/turtlebot3_dqn_world/obstacle1/model.sdf
[10.888s] -- Up-to-date symlink: /root/ros_workspace/install/turtlebot3_gazebo/share/turtlebot3_gazebo//models/turtlebot3_dqn_world/obstacle2/model.config
[10.888s] -- Up-to-date symlink: /root/ros_workspace/install/turtlebot3_gazebo/share/turtlebot3_gazebo//models/turtlebot3_dqn_world/obstacle2/model.sdf
[10.890s] -- Up-to-date symlink: /root/ros_workspace/install/turtlebot3_gazebo/share/turtlebot3_gazebo//models/turtlebot3_dqn_world/obstacles/model.config
[10.890s] -- Up-to-date symlink: /root/ros_workspace/install/turtlebot3_gazebo/share/turtlebot3_gazebo//models/turtlebot3_dqn_world/obstacles/model.sdf
[10.890s] -- Up-to-date symlink: /root/ros_workspace/install/turtlebot3_gazebo/share/turtlebot3_gazebo//models/turtlebot3_dqn_world/textures/wood.png
[10.890s] -- Up-to-date symlink: /root/ros_workspace/install/turtlebot3_gazebo/share/turtlebot3_gazebo//models/turtlebot3_house/cafe_table/materials/textures/Maple.jpg
[10.890s] -- Up-to-date symlink: /root/ros_workspace/install/turtlebot3_gazebo/share/turtlebot3_gazebo//models/turtlebot3_house/cafe_table/materials/textures/Wood_Floor_Dark.jpg
[10.891s] -- Up-to-date symlink: /root/ros_workspace/install/turtlebot3_gazebo/share/turtlebot3_gazebo//models/turtlebot3_house/cafe_table/meshes/cafe_table.dae
[10.891s] -- Up-to-date symlink: /root/ros_workspace/install/turtlebot3_gazebo/share/turtlebot3_gazebo//models/turtlebot3_house/cafe_table/model-1_4.sdf
[10.891s] -- Up-to-date symlink: /root/ros_workspace/install/turtlebot3_gazebo/share/turtlebot3_gazebo//models/turtlebot3_house/cafe_table/model.config
[10.891s] -- Up-to-date symlink: /root/ros_workspace/install/turtlebot3_gazebo/share/turtlebot3_gazebo//models/turtlebot3_house/cafe_table/model.sdf
[10.892s] -- Up-to-date symlink: /root/ros_workspace/install/turtlebot3_gazebo/share/turtlebot3_gazebo//models/turtlebot3_house/first_2015_trash_can/meshes/trash_can.dae
[10.892s] -- Up-to-date symlink: /root/ros_workspace/install/turtlebot3_gazebo/share/turtlebot3_gazebo//models/turtlebot3_house/first_2015_trash_can/model.config
[10.892s] -- Up-to-date symlink: /root/ros_workspace/install/turtlebot3_gazebo/share/turtlebot3_gazebo//models/turtlebot3_house/first_2015_trash_can/model.sdf
[10.894s] -- Up-to-date symlink: /root/ros_workspace/install/turtlebot3_gazebo/share/turtlebot3_gazebo//models/turtlebot3_house/mailbox/materials/scripts/mailbox.material
[10.897s] -- Up-to-date symlink: /root/ros_workspace/install/turtlebot3_gazebo/share/turtlebot3_gazebo//models/turtlebot3_house/mailbox/materials/textures/Mailbox_Diffuse.png
[10.897s] -- Up-to-date symlink: /root/ros_workspace/install/turtlebot3_gazebo/share/turtlebot3_gazebo//models/turtlebot3_house/mailbox/materials/textures/Mailbox_Diffuse.tga.orig
[10.898s] -- Up-to-date symlink: /root/ros_workspace/install/turtlebot3_gazebo/share/turtlebot3_gazebo//models/turtlebot3_house/mailbox/materials/textures/Mailbox_Spec.png
[10.902s] -- Up-to-date symlink: /root/ros_workspace/install/turtlebot3_gazebo/share/turtlebot3_gazebo//models/turtlebot3_house/mailbox/meshes/mailbox.dae
[10.902s] -- Up-to-date symlink: /root/ros_workspace/install/turtlebot3_gazebo/share/turtlebot3_gazebo//models/turtlebot3_house/mailbox/model-1_3.sdf
[10.903s] -- Up-to-date symlink: /root/ros_workspace/install/turtlebot3_gazebo/share/turtlebot3_gazebo//models/turtlebot3_house/mailbox/model-1_4.sdf
[10.903s] -- Up-to-date symlink: /root/ros_workspace/install/turtlebot3_gazebo/share/turtlebot3_gazebo//models/turtlebot3_house/mailbox/model.config
[10.903s] -- Up-to-date symlink: /root/ros_workspace/install/turtlebot3_gazebo/share/turtlebot3_gazebo//models/turtlebot3_house/mailbox/model.sdf
[10.903s] -- Up-to-date symlink: /root/ros_workspace/install/turtlebot3_gazebo/share/turtlebot3_gazebo//models/turtlebot3_house/model.config
[10.904s] -- Up-to-date symlink: /root/ros_workspace/install/turtlebot3_gazebo/share/turtlebot3_gazebo//models/turtlebot3_house/model.sdf
[10.904s] -- Up-to-date symlink: /root/ros_workspace/install/turtlebot3_gazebo/share/turtlebot3_gazebo//models/turtlebot3_house/table_marble/materials/scripts/table_lightmap.material
[10.904s] -- Up-to-date symlink: /root/ros_workspace/install/turtlebot3_gazebo/share/turtlebot3_gazebo//models/turtlebot3_house/table_marble/materials/textures/marble.png
[10.904s] -- Up-to-date symlink: /root/ros_workspace/install/turtlebot3_gazebo/share/turtlebot3_gazebo//models/turtlebot3_house/table_marble/materials/textures/table_lightmap.png
[10.917s] -- Up-to-date symlink: /root/ros_workspace/install/turtlebot3_gazebo/share/turtlebot3_gazebo//models/turtlebot3_house/table_marble/meshes/table_lightmap.dae
[10.918s] -- Up-to-date symlink: /root/ros_workspace/install/turtlebot3_gazebo/share/turtlebot3_gazebo//models/turtlebot3_house/table_marble/model-1_4.sdf
[10.918s] -- Up-to-date symlink: /root/ros_workspace/install/turtlebot3_gazebo/share/turtlebot3_gazebo//models/turtlebot3_house/table_marble/model.config
[10.918s] -- Up-to-date symlink: /root/ros_workspace/install/turtlebot3_gazebo/share/turtlebot3_gazebo//models/turtlebot3_house/table_marble/model.sdf
[10.918s] -- Up-to-date symlink: /root/ros_workspace/install/turtlebot3_gazebo/share/turtlebot3_gazebo//models/turtlebot3_house/textures/bricks.png
[10.919s] -- Up-to-date symlink: /root/ros_workspace/install/turtlebot3_gazebo/share/turtlebot3_gazebo//models/turtlebot3_house/textures/wood.png
[10.919s] -- Up-to-date symlink: /root/ros_workspace/install/turtlebot3_gazebo/share/turtlebot3_gazebo//models/turtlebot3_waffle/model-1_4.sdf
[10.919s] -- Up-to-date symlink: /root/ros_workspace/install/turtlebot3_gazebo/share/turtlebot3_gazebo//models/turtlebot3_waffle/model.config
[10.920s] -- Up-to-date symlink: /root/ros_workspace/install/turtlebot3_gazebo/share/turtlebot3_gazebo//models/turtlebot3_waffle/model.sdf
[10.920s] -- Up-to-date symlink: /root/ros_workspace/install/turtlebot3_gazebo/share/turtlebot3_gazebo//models/turtlebot3_waffle_pi/model-1_4_.sdf
[10.921s] -- Up-to-date symlink: /root/ros_workspace/install/turtlebot3_gazebo/share/turtlebot3_gazebo//models/turtlebot3_waffle_pi/model.config
[10.921s] -- Up-to-date symlink: /root/ros_workspace/install/turtlebot3_gazebo/share/turtlebot3_gazebo//models/turtlebot3_waffle_pi/model.sdf
[10.922s] -- Up-to-date symlink: /root/ros_workspace/install/turtlebot3_gazebo/share/turtlebot3_gazebo//models/turtlebot3_world/meshes/hexagon.dae
[10.922s] -- Up-to-date symlink: /root/ros_workspace/install/turtlebot3_gazebo/share/turtlebot3_gazebo//models/turtlebot3_world/meshes/wall.dae
[10.923s] -- Up-to-date symlink: /root/ros_workspace/install/turtlebot3_gazebo/share/turtlebot3_gazebo//models/turtlebot3_world/model-1_4.sdf
[10.935s] -- Up-to-date symlink: /root/ros_workspace/install/turtlebot3_gazebo/share/turtlebot3_gazebo//models/turtlebot3_world/model.config
[10.935s] -- Up-to-date symlink: /root/ros_workspace/install/turtlebot3_gazebo/share/turtlebot3_gazebo//models/turtlebot3_world/model.sdf
[10.936s] -- Up-to-date symlink: /root/ros_workspace/install/turtlebot3_gazebo/share/turtlebot3_gazebo//params/turtlebot3_burger_bridge.yaml
[10.937s] -- Up-to-date symlink: /root/ros_workspace/install/turtlebot3_gazebo/share/turtlebot3_gazebo//params/turtlebot3_burger_cam_bridge.yaml
[10.937s] -- Up-to-date symlink: /root/ros_workspace/install/turtlebot3_gazebo/share/turtlebot3_gazebo//params/turtlebot3_waffle_bridge.yaml
[10.938s] -- Up-to-date symlink: /root/ros_workspace/install/turtlebot3_gazebo/share/turtlebot3_gazebo//params/turtlebot3_waffle_pi_bridge.yaml
[10.938s] -- Up-to-date symlink: /root/ros_workspace/install/turtlebot3_gazebo/share/turtlebot3_gazebo//rviz/tb3_gazebo.rviz
[10.939s] -- Up-to-date symlink: /root/ros_workspace/install/turtlebot3_gazebo/share/turtlebot3_gazebo//urdf/common_properties.urdf
[10.940s] -- Up-to-date symlink: /root/ros_workspace/install/turtlebot3_gazebo/share/turtlebot3_gazebo//urdf/turtlebot3_burger.urdf
[10.940s] -- Up-to-date symlink: /root/ros_workspace/install/turtlebot3_gazebo/share/turtlebot3_gazebo//urdf/turtlebot3_burger_cam.urdf
[10.940s] -- Up-to-date symlink: /root/ros_workspace/install/turtlebot3_gazebo/share/turtlebot3_gazebo//urdf/turtlebot3_waffle.urdf
[10.941s] -- Up-to-date symlink: /root/ros_workspace/install/turtlebot3_gazebo/share/turtlebot3_gazebo//urdf/turtlebot3_waffle_pi.urdf
[10.941s] -- Up-to-date symlink: /root/ros_workspace/install/turtlebot3_gazebo/share/turtlebot3_gazebo//worlds/empty_world.world
[10.941s] -- Up-to-date symlink: /root/ros_workspace/install/turtlebot3_gazebo/share/turtlebot3_gazebo//worlds/turtlebot3_autorace_2020.world
[10.950s] -- Up-to-date symlink: /root/ros_workspace/install/turtlebot3_gazebo/share/turtlebot3_gazebo//worlds/turtlebot3_dqn_stage1.world
[10.951s] -- Up-to-date symlink: /root/ros_workspace/install/turtlebot3_gazebo/share/turtlebot3_gazebo//worlds/turtlebot3_dqn_stage2.world
[10.951s] -- Up-to-date symlink: /root/ros_workspace/install/turtlebot3_gazebo/share/turtlebot3_gazebo//worlds/turtlebot3_dqn_stage3.world
[10.952s] -- Up-to-date symlink: /root/ros_workspace/install/turtlebot3_gazebo/share/turtlebot3_gazebo//worlds/turtlebot3_dqn_stage4.world
[10.952s] -- Up-to-date symlink: /root/ros_workspace/install/turtlebot3_gazebo/share/turtlebot3_gazebo//worlds/turtlebot3_house.world
[10.952s] -- Up-to-date symlink: /root/ros_workspace/install/turtlebot3_gazebo/share/turtlebot3_gazebo//worlds/turtlebot3_world.world
[10.953s] -- Up-to-date symlink: /root/ros_workspace/install/turtlebot3_gazebo/include//turtlebot3_gazebo/obstacle1.hpp
[10.964s] -- Up-to-date symlink: /root/ros_workspace/install/turtlebot3_gazebo/include//turtlebot3_gazebo/obstacle2.hpp
[10.964s] -- Up-to-date symlink: /root/ros_workspace/install/turtlebot3_gazebo/include//turtlebot3_gazebo/obstacles.hpp
[10.964s] -- Up-to-date symlink: /root/ros_workspace/install/turtlebot3_gazebo/include//turtlebot3_gazebo/traffic_bar_plugin.hpp
[10.965s] -- Up-to-date symlink: /root/ros_workspace/install/turtlebot3_gazebo/include//turtlebot3_gazebo/traffic_light_plugin.hpp
[10.965s] -- Up-to-date symlink: /root/ros_workspace/install/turtlebot3_gazebo/include//turtlebot3_gazebo/turtlebot3_drive.hpp
[10.965s] -- Up-to-date symlink: /root/ros_workspace/install/turtlebot3_gazebo/share/ament_index/resource_index/package_run_dependencies/turtlebot3_gazebo
[10.965s] -- Up-to-date symlink: /root/ros_workspace/install/turtlebot3_gazebo/share/ament_index/resource_index/parent_prefix_path/turtlebot3_gazebo
[10.966s] -- Up-to-date symlink: /root/ros_workspace/install/turtlebot3_gazebo/share/turtlebot3_gazebo/environment/ament_prefix_path.sh
[10.966s] -- Up-to-date symlink: /root/ros_workspace/install/turtlebot3_gazebo/share/turtlebot3_gazebo/environment/ament_prefix_path.dsv
[10.966s] -- Up-to-date symlink: /root/ros_workspace/install/turtlebot3_gazebo/share/turtlebot3_gazebo/environment/path.sh
[10.966s] -- Up-to-date symlink: /root/ros_workspace/install/turtlebot3_gazebo/share/turtlebot3_gazebo/environment/path.dsv
[10.967s] -- Up-to-date symlink: /root/ros_workspace/install/turtlebot3_gazebo/share/turtlebot3_gazebo/local_setup.bash
[10.967s] -- Up-to-date symlink: /root/ros_workspace/install/turtlebot3_gazebo/share/turtlebot3_gazebo/local_setup.sh
[10.967s] -- Up-to-date symlink: /root/ros_workspace/install/turtlebot3_gazebo/share/turtlebot3_gazebo/local_setup.zsh
[10.967s] -- Up-to-date symlink: /root/ros_workspace/install/turtlebot3_gazebo/share/turtlebot3_gazebo/local_setup.dsv
[10.968s] -- Symlinking: /root/ros_workspace/install/turtlebot3_gazebo/share/turtlebot3_gazebo/package.dsv
[10.988s] -- Up-to-date symlink: /root/ros_workspace/install/turtlebot3_gazebo/share/ament_index/resource_index/packages/turtlebot3_gazebo
[10.989s] -- Up-to-date symlink: /root/ros_workspace/install/turtlebot3_gazebo/share/turtlebot3_gazebo/cmake/ament_cmake_export_include_directories-extras.cmake
[10.990s] -- Up-to-date symlink: /root/ros_workspace/install/turtlebot3_gazebo/share/turtlebot3_gazebo/cmake/ament_cmake_export_dependencies-extras.cmake
[10.991s] -- Up-to-date symlink: /root/ros_workspace/install/turtlebot3_gazebo/share/turtlebot3_gazebo/cmake/turtlebot3_gazeboConfig.cmake
[10.992s] -- Up-to-date symlink: /root/ros_workspace/install/turtlebot3_gazebo/share/turtlebot3_gazebo/cmake/turtlebot3_gazeboConfig-version.cmake
[10.992s] -- Up-to-date symlink: /root/ros_workspace/install/turtlebot3_gazebo/share/turtlebot3_gazebo/package.xml
[11.014s] Invoked command in '/root/ros_workspace/build/turtlebot3_gazebo' returned '0': CMAKE_PREFIX_PATH=${CMAKE_PREFIX_PATH}:/opt/ros/jazzy /usr/bin/cmake --install /root/ros_workspace/build/turtlebot3_gazebo
