[0.111s] Invoking command in '/root/ros_workspace/build/config_utilities': CMAKE_PREFIX_PATH=${CMAKE_PREFIX_PATH}:/opt/ros/jazzy /usr/bin/cmake --build /root/ros_workspace/build/config_utilities -- -j8 -l8
[0.472s] [31mCMake Error at /usr/lib/x86_64-linux-gnu/cmake/Boost-1.83.0/BoostConfig.cmake:141 (find_package):
[0.473s]   Could not find a package configuration file provided by "boost_filesystem"
[0.473s]   (requested version 1.83.0) with any of the following names:
[0.473s] 
[0.473s]     boost_filesystemConfig.cmake
[0.473s]     boost_filesystem-config.cmake
[0.473s] 
[0.474s]   Add the installation prefix of "boost_filesystem" to CMAKE_PREFIX_PATH or
[0.474s]   set "boost_filesystem_DIR" to a directory containing one of the above
[0.474s]   files.  If "boost_filesystem" provides a separate development package or
[0.474s]   SDK, be sure it has been installed.
[0.474s] Call Stack (most recent call first):
[0.474s]   /usr/lib/x86_64-linux-gnu/cmake/Boost-1.83.0/BoostConfig.cmake:262 (boost_find_component)
[0.474s]   CMakeLists.txt:16 (find_package)
[0.474s] 
[0.474s] [0m
[0.475s] -- Configuring incomplete, errors occurred!
[0.475s] gmake: *** [Makefile:1432: cmake_check_build_system] Error 1
[0.584s] Invoked command in '/root/ros_workspace/build/config_utilities' returned '2': CMAKE_PREFIX_PATH=${CMAKE_PREFIX_PATH}:/opt/ros/jazzy /usr/bin/cmake --build /root/ros_workspace/build/config_utilities -- -j8 -l8
