[0.307s] Invoking command in '/root/ros_workspace/build/turtlebot3_gazebo': CMAKE_PREFIX_PATH=${CMAKE_PREFIX_PATH}:/root/ros_workspace/install/turtlebot3_teleop:/root/ros_workspace/install/turtlebot3_example:/root/ros_workspace/install/turtlebot3_control:/opt/ros/jazzy /usr/bin/cmake /root/ros_workspace/src/turtlebot3_simulations/turtlebot3_gazebo -DCMAKE_INSTALL_PREFIX=/root/ros_workspace/install/turtlebot3_gazebo
[3.367s] -- Found ament_cmake: 2.5.4 (/opt/ros/jazzy/share/ament_cmake/cmake)
[3.376s] -- Override CMake install command with custom implementation using symlinks instead of copying resources
[3.394s] -- Found ros_gz_sim: 1.0.16 (/opt/ros/jazzy/share/ros_gz_sim/cmake)
[3.395s] -- Found rosidl_generator_c: 4.6.6 (/opt/ros/jazzy/share/rosidl_generator_c/cmake)
[3.395s] -- Found rosidl_generator_cpp: 4.6.6 (/opt/ros/jazzy/share/rosidl_generator_cpp/cmake)
[3.395s] -- Using all available rosidl_typesupport_c: rosidl_typesupport_fastrtps_c;rosidl_typesupport_introspection_c
[3.396s] -- Using all available rosidl_typesupport_cpp: rosidl_typesupport_fastrtps_cpp;rosidl_typesupport_introspection_cpp
[3.396s] -- Found rmw_implementation_cmake: 7.3.2 (/opt/ros/jazzy/share/rmw_implementation_cmake/cmake)
[3.396s] -- Found rmw_fastrtps_cpp: 8.4.3 (/opt/ros/jazzy/share/rmw_fastrtps_cpp/cmake)
[3.967s] -- Using RMW implementation 'rmw_fastrtps_cpp' as default
[5.183s] -- Found nav_msgs: 5.3.6 (/opt/ros/jazzy/share/nav_msgs/cmake)
[5.301s] -- Found sensor_msgs: 5.3.6 (/opt/ros/jazzy/share/sensor_msgs/cmake)
[5.436s] -- Found gz_math_vendor: 0.0.8 (/opt/ros/jazzy/share/gz_math_vendor/cmake)
[5.448s] -- Looking for gz-math7 -- found version 7.5.2
[5.468s] -- Searching for dependencies of gz-math7
[5.469s] -- Looking for gz-utils2 -- found version 2.2.1
[5.470s] -- Searching for dependencies of gz-utils2
[5.483s] -- Found gz_sim_vendor: 0.0.9 (/opt/ros/jazzy/share/gz_sim_vendor/cmake)
[5.573s] -- Looking for gz-sim8 -- found version 8.10.0
[5.575s] -- Searching for dependencies of gz-sim8
[5.576s] -- Looking for sdformat14 -- found version 14.8.0
[5.576s] -- Searching for dependencies of sdformat14
[5.607s] -- Checking for module 'tinyxml2'
[5.881s] --   Found tinyxml2, version 10.0.0
[6.176s] -- Looking for gz-math7 -- found version 7.5.2
[6.191s] -- Looking for gz-utils2 -- found version 2.2.1
[6.192s] -- Searching for dependencies of gz-utils2
[6.192s] -- Searching for <gz-utils2> component [cli]
[6.193s] -- Looking for gz-utils2-cli -- found version 2.2.1
[6.193s] -- Searching for dependencies of gz-utils2-cli
[6.208s] -- Looking for gz-plugin2 -- found version 2.0.4
[6.210s] -- Searching for dependencies of gz-plugin2
[6.211s] -- Looking for gz-utils2 -- found version 2.2.1
[6.211s] -- Searching for <gz-plugin2> component [loader]
[6.215s] -- Looking for gz-plugin2-loader -- found version 2.0.4
[6.216s] -- Searching for dependencies of gz-plugin2-loader
[6.230s] -- Searching for <gz-plugin2> component [register]
[6.251s] -- Looking for gz-plugin2-register -- found version 2.0.4
[6.281s] -- Searching for dependencies of gz-plugin2-register
[6.282s] -- Looking for gz-transport13 -- found version 13.5.0
[6.284s] -- Searching for dependencies of gz-transport13
[6.434s] -- Config-file not installed for ZeroMQ -- checking for pkg-config
[6.455s] -- Checking for module 'libzmq >= 4'
[6.588s] --   Found libzmq, version 4.3.5
[6.957s] -- Checking for module 'uuid'
[7.078s] --   Found uuid, version 2.39.3
[7.395s] -- Looking for gz-utils2 -- found version 2.2.1
[7.397s] -- Looking for gz-msgs10 -- found version 10.3.2
[7.398s] -- Searching for dependencies of gz-msgs10
[7.531s] -- Looking for gz-utils2 -- found version 2.2.1
[7.543s] -- Looking for gz-math7 -- found version 7.5.2
[7.598s] -- Searching for <gz-transport13> component [log]
[7.615s] -- Looking for gz-transport13-log -- found version 13.5.0
[7.620s] -- Searching for dependencies of gz-transport13-log
[7.621s] -- Searching for <gz-transport13> component [parameters]
[7.621s] -- Looking for gz-transport13-parameters -- found version 13.5.0
[7.622s] -- Searching for dependencies of gz-transport13-parameters
[7.625s] -- Looking for gz-msgs10 -- found version 10.3.2
[7.628s] -- Looking for gz-common5 -- found version 5.7.1
[7.630s] -- Searching for dependencies of gz-common5
[7.631s] -- Looking for gz-utils2 -- found version 2.2.1
[7.631s] -- Looking for dlfcn.h - found
[7.632s] -- Looking for libdl - found
[7.722s] -- Searching for <gz-common5> component [av]
[7.723s] -- Looking for gz-common5-av -- found version 5.7.1
[7.723s] -- Searching for dependencies of gz-common5-av
[7.759s] -- Checking for module 'libswscale'
[7.885s] --   Found libswscale, version 7.5.100
[8.205s] -- Checking for module 'libavdevice >= 56.4.100'
[8.267s] --   Found libavdevice, version 60.3.100
[8.759s] -- Checking for module 'libavformat'
[8.872s] --   Found libavformat, version 60.16.100
[9.156s] -- Checking for module 'libavcodec'
[9.313s] --   Found libavcodec, version 60.31.102
[9.630s] -- Checking for module 'libavutil'
[9.824s] --   Found libavutil, version 58.29.100
[10.055s] -- Searching for <gz-common5> component [events]
[10.059s] -- Looking for gz-common5-events -- found version 5.7.1
[10.060s] -- Searching for dependencies of gz-common5-events
[10.062s] -- Looking for gz-math7 -- found version 7.5.2
[10.068s] -- Searching for <gz-common5> component [graphics]
[10.069s] -- Looking for gz-common5-graphics -- found version 5.7.1
[10.070s] -- Searching for dependencies of gz-common5-graphics
[10.077s] -- Looking for gz-math7 -- found version 7.5.2
[10.084s] -- Searching for <gz-common5> component [io]
[10.086s] -- Looking for gz-common5-io -- found version 5.7.1
[10.086s] -- Searching for dependencies of gz-common5-io
[10.090s] -- Searching for <gz-common5> component [profiler]
[10.095s] -- Looking for gz-common5-profiler -- found version 5.7.1
[10.096s] -- Searching for dependencies of gz-common5-profiler
[10.111s] -- Looking for gz-fuel_tools9 -- found version 9.1.1
[10.137s] -- Searching for dependencies of gz-fuel_tools9
[10.500s] -- Checking for module 'jsoncpp'
[10.694s] --   Found jsoncpp, version 1.9.5
[11.133s] -- Checking for module 'yaml-0.1'
[11.267s] --   Found yaml-0.1, version 0.2.5
[11.623s] -- Checking for module 'libzip'
[11.659s] --   Found libzip, version 1.7.3
[12.150s] -- Looking for gz-utils2 -- found version 2.2.1
[12.156s] -- Looking for gz-common5 -- found version 5.7.1
[12.157s] -- Searching for dependencies of gz-common5
[12.160s] -- Looking for gz-utils2 -- found version 2.2.1
[12.161s] -- Looking for dlfcn.h - found
[12.161s] -- Looking for libdl - found
[12.211s] -- Searching for <gz-common5> component [testing]
[12.216s] -- Looking for gz-common5-testing -- found version 5.7.1
[12.217s] -- Searching for dependencies of gz-common5-testing
[12.232s] -- Looking for gz-math7 -- found version 7.5.2
[12.233s] -- Looking for gz-msgs10 -- found version 10.3.2
[12.240s] -- Looking for gz-gui8 -- found version 8.4.0
[12.240s] -- Searching for dependencies of gz-gui8
[12.420s] -- Looking for gz-utils2 -- found version 2.2.1
[12.423s] -- Looking for gz-math7 -- found version 7.5.2
[12.428s] -- Looking for gz-common5 -- found version 5.7.1
[12.430s] -- Looking for gz-plugin2 -- found version 2.0.4
[12.439s] -- Looking for gz-transport13 -- found version 13.5.0
[12.443s] -- Looking for gz-rendering8 -- found version 8.2.2
[12.444s] -- Searching for dependencies of gz-rendering8
[12.445s] -- Looking for gz-math7 -- found version 7.5.2
[12.445s] -- Searching for dependencies of gz-math7
[12.450s] -- Looking for gz-utils2 -- found version 2.2.1
[12.459s] -- Searching for <gz-math7> component [eigen3]
[12.460s] -- Looking for gz-math7-eigen3 -- found version 7.5.2
[12.460s] -- Searching for dependencies of gz-math7-eigen3
[12.482s] -- Looking for gz-common5 -- found version 5.7.1
[12.484s] -- Searching for dependencies of gz-common5
[12.527s] -- Looking for gz-utils2 -- found version 2.2.1
[12.527s] -- Looking for dlfcn.h - found
[12.543s] -- Looking for libdl - found
[12.632s] -- Searching for <gz-common5> component [graphics]
[12.635s] -- Searching for <gz-common5> component [events]
[12.636s] -- Searching for <gz-common5> component [geospatial]
[12.636s] -- Looking for gz-common5-geospatial -- found version 5.7.1
[12.663s] -- Searching for dependencies of gz-common5-geospatial
[12.667s] -- Looking for gz-math7 -- found version 7.5.2
[12.668s] -- Looking for gz-common5 -- found version 5.7.1
[12.668s] -- Looking for gz-plugin2 -- found version 2.0.4
[12.669s] -- Searching for dependencies of gz-plugin2
[12.669s] -- Looking for gz-utils2 -- found version 2.2.1
[12.669s] -- Searching for <gz-plugin2> component [all]
[12.670s] -- Looking for all libraries of gz-plugin2 -- found version 2.0.4
[12.670s] -- Looking for gz-plugin2 -- found version 2.0.4
[12.670s] -- Looking for gz-utils2 -- found version 2.2.1
[12.689s] -- Looking for gz-msgs10 -- found version 10.3.2
[12.808s] -- Looking for gz-physics7 -- found version 7.6.0
[12.810s] -- Searching for dependencies of gz-physics7
[12.814s] -- Looking for gz-common5 -- found version 5.7.1
[12.821s] -- Looking for gz-math7 -- found version 7.5.2
[12.822s] -- Looking for gz-plugin2 -- found version 2.0.4
[12.822s] -- Looking for gz-utils2 -- found version 2.2.1
[12.829s] -- Searching for <gz-physics7> component [heightmap]
[12.842s] -- Looking for gz-physics7-heightmap -- found version 7.6.0
[12.842s] -- Searching for dependencies of gz-physics7-heightmap
[12.842s] -- Looking for gz-common5 -- found version 5.7.1
[12.847s] -- Searching for <gz-physics7> component [mesh]
[12.848s] -- Looking for gz-physics7-mesh -- found version 7.6.0
[12.850s] -- Searching for dependencies of gz-physics7-mesh
[12.867s] -- Looking for gz-common5 -- found version 5.7.1
[12.896s] -- Searching for <gz-physics7> component [sdf]
[12.900s] -- Looking for gz-physics7-sdf -- found version 7.6.0
[12.902s] -- Searching for dependencies of gz-physics7-sdf
[12.902s] -- Looking for sdformat14 -- found version 14.8.0
[13.004s] -- Looking for gz-sensors8 -- found version 8.2.2
[13.005s] -- Searching for dependencies of gz-sensors8
[13.033s] -- Looking for gz-math7 -- found version 7.5.2
[13.034s] -- Looking for gz-common5 -- found version 5.7.1
[13.034s] -- Looking for gz-transport13 -- found version 13.5.0
[13.034s] -- Looking for gz-rendering8 -- found version 8.2.2
[13.034s] -- Looking for gz-msgs10 -- found version 10.3.2
[13.034s] -- Looking for sdformat14 -- found version 14.8.0
[13.035s] -- Searching for <gz-sensors8> component [air_pressure]
[13.043s] -- Looking for gz-sensors8-air_pressure -- found version 8.2.2
[13.043s] -- Searching for dependencies of gz-sensors8-air_pressure
[13.046s] -- Searching for <gz-sensors8> component [air_speed]
[13.048s] -- Looking for gz-sensors8-air_speed -- found version 8.2.2
[13.050s] -- Searching for dependencies of gz-sensors8-air_speed
[13.054s] -- Searching for <gz-sensors8> component [altimeter]
[13.058s] -- Looking for gz-sensors8-altimeter -- found version 8.2.2
[13.059s] -- Searching for dependencies of gz-sensors8-altimeter
[13.074s] -- Searching for <gz-sensors8> component [imu]
[13.086s] -- Looking for gz-sensors8-imu -- found version 8.2.2
[13.086s] -- Searching for dependencies of gz-sensors8-imu
[13.088s] -- Searching for <gz-sensors8> component [force_torque]
[13.093s] -- Looking for gz-sensors8-force_torque -- found version 8.2.2
[13.094s] -- Searching for dependencies of gz-sensors8-force_torque
[13.101s] -- Searching for <gz-sensors8> component [logical_camera]
[13.103s] -- Looking for gz-sensors8-logical_camera -- found version 8.2.2
[13.104s] -- Searching for dependencies of gz-sensors8-logical_camera
[13.107s] -- Searching for <gz-sensors8> component [magnetometer]
[13.113s] -- Looking for gz-sensors8-magnetometer -- found version 8.2.2
[13.114s] -- Searching for dependencies of gz-sensors8-magnetometer
[13.118s] -- Searching for <gz-sensors8> component [navsat]
[13.127s] -- Looking for gz-sensors8-navsat -- found version 8.2.2
[13.144s] -- Searching for dependencies of gz-sensors8-navsat
[13.147s] -- Searching for <gz-sensors8> component [dvl]
[13.149s] -- Looking for gz-sensors8-dvl -- found version 8.2.2
[13.150s] -- Searching for dependencies of gz-sensors8-dvl
[13.152s] -- Looking for gz-sensors8 -- found version 8.2.2
[13.160s] -- Searching for dependencies of gz-sensors8
[13.292s] -- Looking for gz-math7 -- found version 7.5.2
[13.299s] -- Looking for gz-common5 -- found version 5.7.1
[13.305s] -- Looking for gz-transport13 -- found version 13.5.0
[13.311s] -- Looking for gz-rendering8 -- found version 8.2.2
[13.315s] -- Looking for gz-msgs10 -- found version 10.3.2
[13.320s] -- Looking for sdformat14 -- found version 14.8.0
[13.323s] -- Searching for <gz-sensors8> component [rendering]
[13.328s] -- Looking for gz-sensors8-rendering -- found version 8.2.2
[13.334s] -- Searching for dependencies of gz-sensors8-rendering
[13.339s] -- Searching for <gz-sensors8> component [rendering]
[13.340s] -- Searching for <gz-sensors8> component [lidar]
[13.344s] -- Looking for gz-sensors8-lidar -- found version 8.2.2
[13.346s] -- Searching for dependencies of gz-sensors8-lidar
[13.346s] -- Looking for gz-sensors8 -- found version 8.2.2
[13.347s] -- Searching for <gz-sensors8> component [gpu_lidar]
[13.349s] -- Looking for gz-sensors8-gpu_lidar -- found version 8.2.2
[13.350s] -- Searching for dependencies of gz-sensors8-gpu_lidar
[13.351s] -- Looking for gz-sensors8 -- found version 8.2.2
[13.356s] -- Searching for <gz-sensors8> component [camera]
[13.357s] -- Looking for gz-sensors8-camera -- found version 8.2.2
[13.357s] -- Searching for dependencies of gz-sensors8-camera
[13.358s] -- Looking for gz-sensors8 -- found version 8.2.2
[13.360s] -- Searching for <gz-sensors8> component [boundingbox_camera]
[13.362s] -- Looking for gz-sensors8-boundingbox_camera -- found version 8.2.2
[13.382s] -- Searching for dependencies of gz-sensors8-boundingbox_camera
[13.425s] -- Searching for <gz-sensors8> component [segmentation_camera]
[13.425s] -- Looking for gz-sensors8-segmentation_camera -- found version 8.2.2
[13.426s] -- Searching for dependencies of gz-sensors8-segmentation_camera
[13.431s] -- Searching for <gz-sensors8> component [depth_camera]
[13.431s] -- Looking for gz-sensors8-depth_camera -- found version 8.2.2
[13.432s] -- Searching for dependencies of gz-sensors8-depth_camera
[13.432s] -- Looking for gz-sensors8 -- found version 8.2.2
[13.432s] -- Searching for <gz-sensors8> component [rgbd_camera]
[13.433s] -- Looking for gz-sensors8-rgbd_camera -- found version 8.2.2
[13.434s] -- Searching for dependencies of gz-sensors8-rgbd_camera
[13.434s] -- Looking for gz-sensors8 -- found version 8.2.2
[13.435s] -- Searching for <gz-sensors8> component [thermal_camera]
[13.435s] -- Looking for gz-sensors8-thermal_camera -- found version 8.2.2
[13.436s] -- Searching for dependencies of gz-sensors8-thermal_camera
[13.436s] -- Looking for gz-sensors8 -- found version 8.2.2
[13.436s] -- Searching for <gz-sensors8> component [wide_angle_camera]
[13.439s] -- Looking for gz-sensors8-wide_angle_camera -- found version 8.2.2
[13.440s] -- Searching for dependencies of gz-sensors8-wide_angle_camera
[13.441s] -- Looking for gz-rendering8 -- found version 8.2.2
[13.442s] -- Looking for gz-math7 -- found version 7.5.2
[13.444s] -- Looking for gz-utils2 -- found version 2.2.1
[13.619s] -- Looking for gz-plugin2 -- found version 2.0.4
[14.429s] -- Configuring done (14.0s)
[14.617s] -- Generating done (0.1s)
[14.690s] -- Build files have been written to: /root/ros_workspace/build/turtlebot3_gazebo
[14.851s] Invoked command in '/root/ros_workspace/build/turtlebot3_gazebo' returned '0': CMAKE_PREFIX_PATH=${CMAKE_PREFIX_PATH}:/root/ros_workspace/install/turtlebot3_teleop:/root/ros_workspace/install/turtlebot3_example:/root/ros_workspace/install/turtlebot3_control:/opt/ros/jazzy /usr/bin/cmake /root/ros_workspace/src/turtlebot3_simulations/turtlebot3_gazebo -DCMAKE_INSTALL_PREFIX=/root/ros_workspace/install/turtlebot3_gazebo
[14.859s] Invoking command in '/root/ros_workspace/build/turtlebot3_gazebo': CMAKE_PREFIX_PATH=${CMAKE_PREFIX_PATH}:/root/ros_workspace/install/turtlebot3_teleop:/root/ros_workspace/install/turtlebot3_example:/root/ros_workspace/install/turtlebot3_control:/opt/ros/jazzy /usr/bin/cmake --build /root/ros_workspace/build/turtlebot3_gazebo -- -j12 -l12
[15.365s] [ 25%] Built target obstacles
[15.477s] [ 50%] Built target turtlebot3_drive
[15.481s] [ 75%] Built target obstacle1
[15.523s] [100%] Built target obstacle2
[15.830s] Invoked command in '/root/ros_workspace/build/turtlebot3_gazebo' returned '0': CMAKE_PREFIX_PATH=${CMAKE_PREFIX_PATH}:/root/ros_workspace/install/turtlebot3_teleop:/root/ros_workspace/install/turtlebot3_example:/root/ros_workspace/install/turtlebot3_control:/opt/ros/jazzy /usr/bin/cmake --build /root/ros_workspace/build/turtlebot3_gazebo -- -j12 -l12
[15.869s] Invoking command in '/root/ros_workspace/build/turtlebot3_gazebo': CMAKE_PREFIX_PATH=${CMAKE_PREFIX_PATH}:/root/ros_workspace/install/turtlebot3_teleop:/root/ros_workspace/install/turtlebot3_example:/root/ros_workspace/install/turtlebot3_control:/opt/ros/jazzy /usr/bin/cmake --install /root/ros_workspace/build/turtlebot3_gazebo
[16.126s] -- Install configuration: ""
[16.127s] -- Execute custom install script
[16.142s] -- Up-to-date symlink: /root/ros_workspace/install/turtlebot3_gazebo/lib/turtlebot3_gazebo/turtlebot3_drive
[16.147s] -- Up-to-date symlink: /root/ros_workspace/install/turtlebot3_gazebo/lib/turtlebot3_gazebo/libobstacles.so
[16.158s] -- Up-to-date symlink: /root/ros_workspace/install/turtlebot3_gazebo/lib/turtlebot3_gazebo/libobstacle1.so
[16.159s] -- Up-to-date symlink: /root/ros_workspace/install/turtlebot3_gazebo/lib/turtlebot3_gazebo/libobstacle2.so
[16.159s] -- Up-to-date symlink: /root/ros_workspace/install/turtlebot3_gazebo/share/turtlebot3_gazebo//launch/empty_world.launch.py
[16.159s] -- Up-to-date symlink: /root/ros_workspace/install/turtlebot3_gazebo/share/turtlebot3_gazebo//launch/robot_state_publisher.launch.py
[16.159s] -- Up-to-date symlink: /root/ros_workspace/install/turtlebot3_gazebo/share/turtlebot3_gazebo//launch/spawn_turtlebot3.launch.py
[16.159s] -- Up-to-date symlink: /root/ros_workspace/install/turtlebot3_gazebo/share/turtlebot3_gazebo//launch/turtlebot3_dqn_stage1.launch.py
[16.170s] -- Up-to-date symlink: /root/ros_workspace/install/turtlebot3_gazebo/share/turtlebot3_gazebo//launch/turtlebot3_dqn_stage2.launch.py
[16.186s] -- Up-to-date symlink: /root/ros_workspace/install/turtlebot3_gazebo/share/turtlebot3_gazebo//launch/turtlebot3_dqn_stage3.launch.py
[16.187s] -- Up-to-date symlink: /root/ros_workspace/install/turtlebot3_gazebo/share/turtlebot3_gazebo//launch/turtlebot3_dqn_stage4.launch.py
[16.187s] -- Up-to-date symlink: /root/ros_workspace/install/turtlebot3_gazebo/share/turtlebot3_gazebo//launch/turtlebot3_house.launch.py
[16.187s] -- Up-to-date symlink: /root/ros_workspace/install/turtlebot3_gazebo/share/turtlebot3_gazebo//launch/turtlebot3_world.launch.py
[16.197s] -- Up-to-date symlink: /root/ros_workspace/install/turtlebot3_gazebo/share/turtlebot3_gazebo//models/turtlebot3_burger/model-1_4.sdf
[16.198s] -- Up-to-date symlink: /root/ros_workspace/install/turtlebot3_gazebo/share/turtlebot3_gazebo//models/turtlebot3_burger/model.config
[16.198s] -- Up-to-date symlink: /root/ros_workspace/install/turtlebot3_gazebo/share/turtlebot3_gazebo//models/turtlebot3_burger/model.sdf
[16.198s] -- Up-to-date symlink: /root/ros_workspace/install/turtlebot3_gazebo/share/turtlebot3_gazebo//models/turtlebot3_burger_cam/model-1_4.sdf
[16.198s] -- Up-to-date symlink: /root/ros_workspace/install/turtlebot3_gazebo/share/turtlebot3_gazebo//models/turtlebot3_burger_cam/model.config
[16.198s] -- Up-to-date symlink: /root/ros_workspace/install/turtlebot3_gazebo/share/turtlebot3_gazebo//models/turtlebot3_burger_cam/model.sdf
[16.198s] -- Up-to-date symlink: /root/ros_workspace/install/turtlebot3_gazebo/share/turtlebot3_gazebo//models/turtlebot3_common/meshes/bases/burger_base.stl
[16.199s] -- Up-to-date symlink: /root/ros_workspace/install/turtlebot3_gazebo/share/turtlebot3_gazebo//models/turtlebot3_common/meshes/bases/waffle_base.stl
[16.199s] -- Up-to-date symlink: /root/ros_workspace/install/turtlebot3_gazebo/share/turtlebot3_gazebo//models/turtlebot3_common/meshes/bases/waffle_pi_base.stl
[16.201s] -- Up-to-date symlink: /root/ros_workspace/install/turtlebot3_gazebo/share/turtlebot3_gazebo//models/turtlebot3_common/meshes/burger_base.dae
[16.202s] -- Up-to-date symlink: /root/ros_workspace/install/turtlebot3_gazebo/share/turtlebot3_gazebo//models/turtlebot3_common/meshes/lds.dae
[16.202s] -- Up-to-date symlink: /root/ros_workspace/install/turtlebot3_gazebo/share/turtlebot3_gazebo//models/turtlebot3_common/meshes/r200.dae
[16.202s] -- Up-to-date symlink: /root/ros_workspace/install/turtlebot3_gazebo/share/turtlebot3_gazebo//models/turtlebot3_common/meshes/sensors/astra.dae
[16.202s] -- Up-to-date symlink: /root/ros_workspace/install/turtlebot3_gazebo/share/turtlebot3_gazebo//models/turtlebot3_common/meshes/sensors/astra.jpg
[16.216s] -- Up-to-date symlink: /root/ros_workspace/install/turtlebot3_gazebo/share/turtlebot3_gazebo//models/turtlebot3_common/meshes/sensors/lds.stl
[16.217s] -- Up-to-date symlink: /root/ros_workspace/install/turtlebot3_gazebo/share/turtlebot3_gazebo//models/turtlebot3_common/meshes/sensors/r200.dae
[16.217s] -- Up-to-date symlink: /root/ros_workspace/install/turtlebot3_gazebo/share/turtlebot3_gazebo//models/turtlebot3_common/meshes/sensors/r200.jpg
[16.217s] -- Up-to-date symlink: /root/ros_workspace/install/turtlebot3_gazebo/share/turtlebot3_gazebo//models/turtlebot3_common/meshes/tire.dae
[16.217s] -- Up-to-date symlink: /root/ros_workspace/install/turtlebot3_gazebo/share/turtlebot3_gazebo//models/turtlebot3_common/meshes/waffle_base.dae
[16.218s] -- Up-to-date symlink: /root/ros_workspace/install/turtlebot3_gazebo/share/turtlebot3_gazebo//models/turtlebot3_common/meshes/waffle_pi_base.dae
[16.218s] -- Up-to-date symlink: /root/ros_workspace/install/turtlebot3_gazebo/share/turtlebot3_gazebo//models/turtlebot3_common/meshes/wheels/left_tire.stl
[16.218s] -- Up-to-date symlink: /root/ros_workspace/install/turtlebot3_gazebo/share/turtlebot3_gazebo//models/turtlebot3_common/meshes/wheels/right_tire.stl
[16.218s] -- Up-to-date symlink: /root/ros_workspace/install/turtlebot3_gazebo/share/turtlebot3_gazebo//models/turtlebot3_common/model.config
[16.219s] -- Up-to-date symlink: /root/ros_workspace/install/turtlebot3_gazebo/share/turtlebot3_gazebo//models/turtlebot3_dqn_world/goal_box/model.config
[16.221s] -- Up-to-date symlink: /root/ros_workspace/install/turtlebot3_gazebo/share/turtlebot3_gazebo//models/turtlebot3_dqn_world/goal_box/model.sdf
[16.221s] -- Up-to-date symlink: /root/ros_workspace/install/turtlebot3_gazebo/share/turtlebot3_gazebo//models/turtlebot3_dqn_world/inner_walls/model.config
[16.221s] -- Up-to-date symlink: /root/ros_workspace/install/turtlebot3_gazebo/share/turtlebot3_gazebo//models/turtlebot3_dqn_world/inner_walls/model.sdf
[16.222s] -- Up-to-date symlink: /root/ros_workspace/install/turtlebot3_gazebo/share/turtlebot3_gazebo//models/turtlebot3_dqn_world/inner_walls/textures/wood.png
[16.222s] -- Up-to-date symlink: /root/ros_workspace/install/turtlebot3_gazebo/share/turtlebot3_gazebo//models/turtlebot3_dqn_world/model.config
[16.222s] -- Up-to-date symlink: /root/ros_workspace/install/turtlebot3_gazebo/share/turtlebot3_gazebo//models/turtlebot3_dqn_world/model.sdf
[16.222s] -- Up-to-date symlink: /root/ros_workspace/install/turtlebot3_gazebo/share/turtlebot3_gazebo//models/turtlebot3_dqn_world/obstacle1/model.config
[16.223s] -- Up-to-date symlink: /root/ros_workspace/install/turtlebot3_gazebo/share/turtlebot3_gazebo//models/turtlebot3_dqn_world/obstacle1/model.sdf
[16.223s] -- Up-to-date symlink: /root/ros_workspace/install/turtlebot3_gazebo/share/turtlebot3_gazebo//models/turtlebot3_dqn_world/obstacle2/model.config
[16.223s] -- Up-to-date symlink: /root/ros_workspace/install/turtlebot3_gazebo/share/turtlebot3_gazebo//models/turtlebot3_dqn_world/obstacle2/model.sdf
[16.223s] -- Up-to-date symlink: /root/ros_workspace/install/turtlebot3_gazebo/share/turtlebot3_gazebo//models/turtlebot3_dqn_world/obstacles/model.config
[16.223s] -- Up-to-date symlink: /root/ros_workspace/install/turtlebot3_gazebo/share/turtlebot3_gazebo//models/turtlebot3_dqn_world/obstacles/model.sdf
[16.224s] -- Up-to-date symlink: /root/ros_workspace/install/turtlebot3_gazebo/share/turtlebot3_gazebo//models/turtlebot3_dqn_world/textures/wood.png
[16.224s] -- Up-to-date symlink: /root/ros_workspace/install/turtlebot3_gazebo/share/turtlebot3_gazebo//models/turtlebot3_house/cafe_table/materials/textures/Maple.jpg
[16.224s] -- Up-to-date symlink: /root/ros_workspace/install/turtlebot3_gazebo/share/turtlebot3_gazebo//models/turtlebot3_house/cafe_table/materials/textures/Wood_Floor_Dark.jpg
[16.225s] -- Up-to-date symlink: /root/ros_workspace/install/turtlebot3_gazebo/share/turtlebot3_gazebo//models/turtlebot3_house/cafe_table/meshes/cafe_table.dae
[16.225s] -- Up-to-date symlink: /root/ros_workspace/install/turtlebot3_gazebo/share/turtlebot3_gazebo//models/turtlebot3_house/cafe_table/model-1_4.sdf
[16.225s] -- Up-to-date symlink: /root/ros_workspace/install/turtlebot3_gazebo/share/turtlebot3_gazebo//models/turtlebot3_house/cafe_table/model.config
[16.225s] -- Up-to-date symlink: /root/ros_workspace/install/turtlebot3_gazebo/share/turtlebot3_gazebo//models/turtlebot3_house/cafe_table/model.sdf
[16.226s] -- Up-to-date symlink: /root/ros_workspace/install/turtlebot3_gazebo/share/turtlebot3_gazebo//models/turtlebot3_house/first_2015_trash_can/meshes/trash_can.dae
[16.226s] -- Up-to-date symlink: /root/ros_workspace/install/turtlebot3_gazebo/share/turtlebot3_gazebo//models/turtlebot3_house/first_2015_trash_can/model.config
[16.227s] -- Up-to-date symlink: /root/ros_workspace/install/turtlebot3_gazebo/share/turtlebot3_gazebo//models/turtlebot3_house/first_2015_trash_can/model.sdf
[16.227s] -- Up-to-date symlink: /root/ros_workspace/install/turtlebot3_gazebo/share/turtlebot3_gazebo//models/turtlebot3_house/mailbox/materials/scripts/mailbox.material
[16.227s] -- Up-to-date symlink: /root/ros_workspace/install/turtlebot3_gazebo/share/turtlebot3_gazebo//models/turtlebot3_house/mailbox/materials/textures/Mailbox_Diffuse.png
[16.229s] -- Up-to-date symlink: /root/ros_workspace/install/turtlebot3_gazebo/share/turtlebot3_gazebo//models/turtlebot3_house/mailbox/materials/textures/Mailbox_Diffuse.tga.orig
[16.229s] -- Up-to-date symlink: /root/ros_workspace/install/turtlebot3_gazebo/share/turtlebot3_gazebo//models/turtlebot3_house/mailbox/materials/textures/Mailbox_Spec.png
[16.229s] -- Up-to-date symlink: /root/ros_workspace/install/turtlebot3_gazebo/share/turtlebot3_gazebo//models/turtlebot3_house/mailbox/meshes/mailbox.dae
[16.229s] -- Up-to-date symlink: /root/ros_workspace/install/turtlebot3_gazebo/share/turtlebot3_gazebo//models/turtlebot3_house/mailbox/model-1_3.sdf
[16.229s] -- Up-to-date symlink: /root/ros_workspace/install/turtlebot3_gazebo/share/turtlebot3_gazebo//models/turtlebot3_house/mailbox/model-1_4.sdf
[16.231s] -- Up-to-date symlink: /root/ros_workspace/install/turtlebot3_gazebo/share/turtlebot3_gazebo//models/turtlebot3_house/mailbox/model.config
[16.231s] -- Up-to-date symlink: /root/ros_workspace/install/turtlebot3_gazebo/share/turtlebot3_gazebo//models/turtlebot3_house/mailbox/model.sdf
[16.240s] -- Up-to-date symlink: /root/ros_workspace/install/turtlebot3_gazebo/share/turtlebot3_gazebo//models/turtlebot3_house/model.config
[16.241s] -- Up-to-date symlink: /root/ros_workspace/install/turtlebot3_gazebo/share/turtlebot3_gazebo//models/turtlebot3_house/model.sdf
[16.241s] -- Up-to-date symlink: /root/ros_workspace/install/turtlebot3_gazebo/share/turtlebot3_gazebo//models/turtlebot3_house/table_marble/materials/scripts/table_lightmap.material
[16.241s] -- Up-to-date symlink: /root/ros_workspace/install/turtlebot3_gazebo/share/turtlebot3_gazebo//models/turtlebot3_house/table_marble/materials/textures/marble.png
[16.241s] -- Up-to-date symlink: /root/ros_workspace/install/turtlebot3_gazebo/share/turtlebot3_gazebo//models/turtlebot3_house/table_marble/materials/textures/table_lightmap.png
[16.241s] -- Up-to-date symlink: /root/ros_workspace/install/turtlebot3_gazebo/share/turtlebot3_gazebo//models/turtlebot3_house/table_marble/meshes/table_lightmap.dae
[16.242s] -- Up-to-date symlink: /root/ros_workspace/install/turtlebot3_gazebo/share/turtlebot3_gazebo//models/turtlebot3_house/table_marble/model-1_4.sdf
[16.242s] -- Up-to-date symlink: /root/ros_workspace/install/turtlebot3_gazebo/share/turtlebot3_gazebo//models/turtlebot3_house/table_marble/model.config
[16.242s] -- Up-to-date symlink: /root/ros_workspace/install/turtlebot3_gazebo/share/turtlebot3_gazebo//models/turtlebot3_house/table_marble/model.sdf
[16.242s] -- Up-to-date symlink: /root/ros_workspace/install/turtlebot3_gazebo/share/turtlebot3_gazebo//models/turtlebot3_house/textures/bricks.png
[16.243s] -- Up-to-date symlink: /root/ros_workspace/install/turtlebot3_gazebo/share/turtlebot3_gazebo//models/turtlebot3_house/textures/wood.png
[16.243s] -- Up-to-date symlink: /root/ros_workspace/install/turtlebot3_gazebo/share/turtlebot3_gazebo//models/turtlebot3_waffle/model-1_4.sdf
[16.243s] -- Up-to-date symlink: /root/ros_workspace/install/turtlebot3_gazebo/share/turtlebot3_gazebo//models/turtlebot3_waffle/model.config
[16.244s] -- Up-to-date symlink: /root/ros_workspace/install/turtlebot3_gazebo/share/turtlebot3_gazebo//models/turtlebot3_waffle/model.sdf
[16.244s] -- Up-to-date symlink: /root/ros_workspace/install/turtlebot3_gazebo/share/turtlebot3_gazebo//models/turtlebot3_waffle_pi/model-1_4_.sdf
[16.244s] -- Up-to-date symlink: /root/ros_workspace/install/turtlebot3_gazebo/share/turtlebot3_gazebo//models/turtlebot3_waffle_pi/model.config
[16.244s] -- Up-to-date symlink: /root/ros_workspace/install/turtlebot3_gazebo/share/turtlebot3_gazebo//models/turtlebot3_waffle_pi/model.sdf
[16.244s] -- Up-to-date symlink: /root/ros_workspace/install/turtlebot3_gazebo/share/turtlebot3_gazebo//models/turtlebot3_world/meshes/hexagon.dae
[16.245s] -- Up-to-date symlink: /root/ros_workspace/install/turtlebot3_gazebo/share/turtlebot3_gazebo//models/turtlebot3_world/meshes/wall.dae
[16.245s] -- Up-to-date symlink: /root/ros_workspace/install/turtlebot3_gazebo/share/turtlebot3_gazebo//models/turtlebot3_world/model-1_4.sdf
[16.250s] -- Up-to-date symlink: /root/ros_workspace/install/turtlebot3_gazebo/share/turtlebot3_gazebo//models/turtlebot3_world/model.config
[16.251s] -- Up-to-date symlink: /root/ros_workspace/install/turtlebot3_gazebo/share/turtlebot3_gazebo//models/turtlebot3_world/model.sdf
[16.254s] -- Up-to-date symlink: /root/ros_workspace/install/turtlebot3_gazebo/share/turtlebot3_gazebo//params/turtlebot3_burger_bridge.yaml
[16.254s] -- Up-to-date symlink: /root/ros_workspace/install/turtlebot3_gazebo/share/turtlebot3_gazebo//params/turtlebot3_burger_cam_bridge.yaml
[16.254s] -- Up-to-date symlink: /root/ros_workspace/install/turtlebot3_gazebo/share/turtlebot3_gazebo//params/turtlebot3_waffle_bridge.yaml
[16.254s] -- Up-to-date symlink: /root/ros_workspace/install/turtlebot3_gazebo/share/turtlebot3_gazebo//params/turtlebot3_waffle_pi_bridge.yaml
[16.255s] -- Up-to-date symlink: /root/ros_workspace/install/turtlebot3_gazebo/share/turtlebot3_gazebo//rviz/tb3_gazebo.rviz
[16.255s] -- Up-to-date symlink: /root/ros_workspace/install/turtlebot3_gazebo/share/turtlebot3_gazebo//urdf/common_properties.urdf
[16.255s] -- Up-to-date symlink: /root/ros_workspace/install/turtlebot3_gazebo/share/turtlebot3_gazebo//urdf/turtlebot3_burger.urdf
[16.255s] -- Up-to-date symlink: /root/ros_workspace/install/turtlebot3_gazebo/share/turtlebot3_gazebo//urdf/turtlebot3_burger_cam.urdf
[16.256s] -- Up-to-date symlink: /root/ros_workspace/install/turtlebot3_gazebo/share/turtlebot3_gazebo//urdf/turtlebot3_waffle.urdf
[16.256s] -- Up-to-date symlink: /root/ros_workspace/install/turtlebot3_gazebo/share/turtlebot3_gazebo//urdf/turtlebot3_waffle_pi.urdf
[16.256s] -- Up-to-date symlink: /root/ros_workspace/install/turtlebot3_gazebo/share/turtlebot3_gazebo//worlds/empty_world.world
[16.256s] -- Up-to-date symlink: /root/ros_workspace/install/turtlebot3_gazebo/share/turtlebot3_gazebo//worlds/turtlebot3_autorace_2020.world
[16.256s] -- Up-to-date symlink: /root/ros_workspace/install/turtlebot3_gazebo/share/turtlebot3_gazebo//worlds/turtlebot3_dqn_stage1.world
[16.256s] -- Up-to-date symlink: /root/ros_workspace/install/turtlebot3_gazebo/share/turtlebot3_gazebo//worlds/turtlebot3_dqn_stage2.world
[16.257s] -- Up-to-date symlink: /root/ros_workspace/install/turtlebot3_gazebo/share/turtlebot3_gazebo//worlds/turtlebot3_dqn_stage3.world
[16.257s] -- Up-to-date symlink: /root/ros_workspace/install/turtlebot3_gazebo/share/turtlebot3_gazebo//worlds/turtlebot3_dqn_stage4.world
[16.257s] -- Up-to-date symlink: /root/ros_workspace/install/turtlebot3_gazebo/share/turtlebot3_gazebo//worlds/turtlebot3_house.world
[16.258s] -- Up-to-date symlink: /root/ros_workspace/install/turtlebot3_gazebo/share/turtlebot3_gazebo//worlds/turtlebot3_world.world
[16.260s] -- Up-to-date symlink: /root/ros_workspace/install/turtlebot3_gazebo/include//turtlebot3_gazebo/obstacle1.hpp
[16.260s] -- Up-to-date symlink: /root/ros_workspace/install/turtlebot3_gazebo/include//turtlebot3_gazebo/obstacle2.hpp
[16.261s] -- Up-to-date symlink: /root/ros_workspace/install/turtlebot3_gazebo/include//turtlebot3_gazebo/obstacles.hpp
[16.261s] -- Up-to-date symlink: /root/ros_workspace/install/turtlebot3_gazebo/include//turtlebot3_gazebo/traffic_bar_plugin.hpp
[16.261s] -- Up-to-date symlink: /root/ros_workspace/install/turtlebot3_gazebo/include//turtlebot3_gazebo/traffic_light_plugin.hpp
[16.261s] -- Up-to-date symlink: /root/ros_workspace/install/turtlebot3_gazebo/include//turtlebot3_gazebo/turtlebot3_drive.hpp
[16.263s] -- Up-to-date symlink: /root/ros_workspace/install/turtlebot3_gazebo/share/ament_index/resource_index/package_run_dependencies/turtlebot3_gazebo
[16.263s] -- Up-to-date symlink: /root/ros_workspace/install/turtlebot3_gazebo/share/ament_index/resource_index/parent_prefix_path/turtlebot3_gazebo
[16.263s] -- Up-to-date symlink: /root/ros_workspace/install/turtlebot3_gazebo/share/turtlebot3_gazebo/environment/ament_prefix_path.sh
[16.263s] -- Up-to-date symlink: /root/ros_workspace/install/turtlebot3_gazebo/share/turtlebot3_gazebo/environment/ament_prefix_path.dsv
[16.264s] -- Up-to-date symlink: /root/ros_workspace/install/turtlebot3_gazebo/share/turtlebot3_gazebo/environment/path.sh
[16.270s] -- Up-to-date symlink: /root/ros_workspace/install/turtlebot3_gazebo/share/turtlebot3_gazebo/environment/path.dsv
[16.270s] -- Up-to-date symlink: /root/ros_workspace/install/turtlebot3_gazebo/share/turtlebot3_gazebo/local_setup.bash
[16.270s] -- Up-to-date symlink: /root/ros_workspace/install/turtlebot3_gazebo/share/turtlebot3_gazebo/local_setup.sh
[16.271s] -- Up-to-date symlink: /root/ros_workspace/install/turtlebot3_gazebo/share/turtlebot3_gazebo/local_setup.zsh
[16.271s] -- Up-to-date symlink: /root/ros_workspace/install/turtlebot3_gazebo/share/turtlebot3_gazebo/local_setup.dsv
[16.271s] -- Symlinking: /root/ros_workspace/install/turtlebot3_gazebo/share/turtlebot3_gazebo/package.dsv
[16.427s] -- Up-to-date symlink: /root/ros_workspace/install/turtlebot3_gazebo/share/ament_index/resource_index/packages/turtlebot3_gazebo
[16.428s] -- Up-to-date symlink: /root/ros_workspace/install/turtlebot3_gazebo/share/turtlebot3_gazebo/cmake/ament_cmake_export_include_directories-extras.cmake
[16.437s] -- Up-to-date symlink: /root/ros_workspace/install/turtlebot3_gazebo/share/turtlebot3_gazebo/cmake/ament_cmake_export_dependencies-extras.cmake
[16.437s] -- Up-to-date symlink: /root/ros_workspace/install/turtlebot3_gazebo/share/turtlebot3_gazebo/cmake/turtlebot3_gazeboConfig.cmake
[16.437s] -- Up-to-date symlink: /root/ros_workspace/install/turtlebot3_gazebo/share/turtlebot3_gazebo/cmake/turtlebot3_gazeboConfig-version.cmake
[16.438s] -- Up-to-date symlink: /root/ros_workspace/install/turtlebot3_gazebo/share/turtlebot3_gazebo/package.xml
[17.941s] Invoked command in '/root/ros_workspace/build/turtlebot3_gazebo' returned '0': CMAKE_PREFIX_PATH=${CMAKE_PREFIX_PATH}:/root/ros_workspace/install/turtlebot3_teleop:/root/ros_workspace/install/turtlebot3_example:/root/ros_workspace/install/turtlebot3_control:/opt/ros/jazzy /usr/bin/cmake --install /root/ros_workspace/build/turtlebot3_gazebo
