[0.179s] Invoking command in '/root/ros_workspace/build/turtlebot3_gazebo': CMAKE_PREFIX_PATH=${CMAKE_PREFIX_PATH}:/opt/ros/jazzy /usr/bin/cmake /root/ros_workspace/src/turtlebot3_simulations/turtlebot3_gazebo -DCMAKE_INSTALL_PREFIX=/root/ros_workspace/install/turtlebot3_gazebo
[0.875s] -- Found ament_cmake: 2.5.4 (/opt/ros/jazzy/share/ament_cmake/cmake)
[1.188s] -- Override CMake install command with custom implementation using symlinks instead of copying resources
[1.238s] -- Found ros_gz_sim: 1.0.16 (/opt/ros/jazzy/share/ros_gz_sim/cmake)
[1.352s] -- Found rosidl_generator_c: 4.6.6 (/opt/ros/jazzy/share/rosidl_generator_c/cmake)
[1.399s] -- Found rosidl_generator_cpp: 4.6.6 (/opt/ros/jazzy/share/rosidl_generator_cpp/cmake)
[1.463s] -- Using all available rosidl_typesupport_c: rosidl_typesupport_fastrtps_c;rosidl_typesupport_introspection_c
[1.543s] -- Using all available rosidl_typesupport_cpp: rosidl_typesupport_fastrtps_cpp;rosidl_typesupport_introspection_cpp
[1.859s] -- Found rmw_implementation_cmake: 7.3.2 (/opt/ros/jazzy/share/rmw_implementation_cmake/cmake)
[1.874s] -- Found rmw_fastrtps_cpp: 8.4.3 (/opt/ros/jazzy/share/rmw_fastrtps_cpp/cmake)
[2.133s] -- Using RMW implementation 'rmw_fastrtps_cpp' as default
[3.226s] -- Found nav_msgs: 5.3.6 (/opt/ros/jazzy/share/nav_msgs/cmake)
[3.321s] -- Found sensor_msgs: 5.3.6 (/opt/ros/jazzy/share/sensor_msgs/cmake)
[3.406s] -- Found gz_math_vendor: 0.0.8 (/opt/ros/jazzy/share/gz_math_vendor/cmake)
[3.416s] -- Looking for gz-math7 -- found version 7.5.2
[3.434s] -- Searching for dependencies of gz-math7
[3.435s] -- Looking for gz-utils2 -- found version 2.2.1
[3.435s] -- Searching for dependencies of gz-utils2
[3.439s] -- Found gz_sim_vendor: 0.0.9 (/opt/ros/jazzy/share/gz_sim_vendor/cmake)
[3.505s] -- Looking for gz-sim8 -- found version 8.10.0
[3.506s] -- Searching for dependencies of gz-sim8
[3.508s] -- Looking for sdformat14 -- found version 14.8.0
[3.510s] -- Searching for dependencies of sdformat14
[3.557s] -- Checking for module 'tinyxml2'
[3.647s] --   Found tinyxml2, version 10.0.0
[3.867s] -- Looking for gz-math7 -- found version 7.5.2
[3.875s] -- Looking for gz-utils2 -- found version 2.2.1
[3.876s] -- Searching for dependencies of gz-utils2
[3.876s] -- Searching for <gz-utils2> component [cli]
[3.878s] -- Looking for gz-utils2-cli -- found version 2.2.1
[3.879s] -- Searching for dependencies of gz-utils2-cli
[3.891s] -- Looking for gz-plugin2 -- found version 2.0.4
[3.892s] -- Searching for dependencies of gz-plugin2
[3.894s] -- Looking for gz-utils2 -- found version 2.2.1
[3.896s] -- Searching for <gz-plugin2> component [loader]
[3.901s] -- Looking for gz-plugin2-loader -- found version 2.0.4
[3.901s] -- Searching for dependencies of gz-plugin2-loader
[3.915s] -- Searching for <gz-plugin2> component [register]
[3.915s] -- Looking for gz-plugin2-register -- found version 2.0.4
[3.916s] -- Searching for dependencies of gz-plugin2-register
[3.916s] -- Looking for gz-transport13 -- found version 13.5.0
[3.916s] -- Searching for dependencies of gz-transport13
[4.058s] -- Config-file not installed for ZeroMQ -- checking for pkg-config
[4.084s] -- Checking for module 'libzmq >= 4'
[4.167s] --   Found libzmq, version 4.3.5
[4.367s] -- Checking for module 'uuid'
[4.444s] --   Found uuid, version 2.39.3
[4.563s] -- Looking for gz-utils2 -- found version 2.2.1
[4.565s] -- Looking for gz-msgs10 -- found version 10.3.2
[4.567s] -- Searching for dependencies of gz-msgs10
[4.623s] -- Looking for gz-utils2 -- found version 2.2.1
[4.625s] -- Looking for gz-math7 -- found version 7.5.2
[4.655s] -- Searching for <gz-transport13> component [log]
[4.657s] -- Looking for gz-transport13-log -- found version 13.5.0
[4.660s] -- Searching for dependencies of gz-transport13-log
[4.663s] -- Searching for <gz-transport13> component [parameters]
[4.667s] -- Looking for gz-transport13-parameters -- found version 13.5.0
[4.667s] -- Searching for dependencies of gz-transport13-parameters
[4.670s] -- Looking for gz-msgs10 -- found version 10.3.2
[4.671s] -- Looking for gz-common5 -- found version 5.7.1
[4.681s] -- Searching for dependencies of gz-common5
[4.684s] -- Looking for gz-utils2 -- found version 2.2.1
[4.686s] -- Looking for dlfcn.h - found
[4.686s] -- Looking for libdl - found
[4.747s] -- Searching for <gz-common5> component [av]
[4.751s] -- Looking for gz-common5-av -- found version 5.7.1
[4.753s] -- Searching for dependencies of gz-common5-av
[4.792s] -- Checking for module 'libswscale'
[4.858s] --   Found libswscale, version 7.5.100
[5.067s] -- Checking for module 'libavdevice >= 56.4.100'
[5.181s] --   Found libavdevice, version 60.3.100
[5.389s] -- Checking for module 'libavformat'
[5.443s] --   Found libavformat, version 60.16.100
[5.635s] -- Checking for module 'libavcodec'
[5.708s] --   Found libavcodec, version 60.31.102
[5.849s] -- Checking for module 'libavutil'
[5.948s] --   Found libavutil, version 58.29.100
[6.145s] -- Searching for <gz-common5> component [events]
[6.153s] -- Looking for gz-common5-events -- found version 5.7.1
[6.156s] -- Searching for dependencies of gz-common5-events
[6.160s] -- Looking for gz-math7 -- found version 7.5.2
[6.161s] -- Searching for <gz-common5> component [graphics]
[6.162s] -- Looking for gz-common5-graphics -- found version 5.7.1
[6.166s] -- Searching for dependencies of gz-common5-graphics
[6.228s] -- Looking for gz-math7 -- found version 7.5.2
[6.230s] -- Searching for <gz-common5> component [io]
[6.239s] -- Looking for gz-common5-io -- found version 5.7.1
[6.239s] -- Searching for dependencies of gz-common5-io
[6.240s] -- Searching for <gz-common5> component [profiler]
[6.240s] -- Looking for gz-common5-profiler -- found version 5.7.1
[6.240s] -- Searching for dependencies of gz-common5-profiler
[6.240s] -- Looking for gz-fuel_tools9 -- found version 9.1.1
[6.240s] -- Searching for dependencies of gz-fuel_tools9
[6.498s] -- Checking for module 'jsoncpp'
[6.567s] --   Found jsoncpp, version 1.9.5
[6.863s] -- Checking for module 'yaml-0.1'
[6.943s] --   Found yaml-0.1, version 0.2.5
[7.086s] -- Checking for module 'libzip'
[7.191s] --   Found libzip, version 1.7.3
[7.331s] -- Looking for gz-utils2 -- found version 2.2.1
[7.332s] -- Looking for gz-common5 -- found version 5.7.1
[7.334s] -- Searching for dependencies of gz-common5
[7.335s] -- Looking for gz-utils2 -- found version 2.2.1
[7.336s] -- Looking for dlfcn.h - found
[7.336s] -- Looking for libdl - found
[7.358s] -- Searching for <gz-common5> component [testing]
[7.360s] -- Looking for gz-common5-testing -- found version 5.7.1
[7.361s] -- Searching for dependencies of gz-common5-testing
[7.364s] -- Looking for gz-math7 -- found version 7.5.2
[7.365s] -- Looking for gz-msgs10 -- found version 10.3.2
[7.369s] -- Looking for gz-gui8 -- found version 8.4.0
[7.369s] -- Searching for dependencies of gz-gui8
[7.443s] -- Looking for gz-utils2 -- found version 2.2.1
[7.447s] -- Looking for gz-math7 -- found version 7.5.2
[7.450s] -- Looking for gz-common5 -- found version 5.7.1
[7.454s] -- Looking for gz-plugin2 -- found version 2.0.4
[7.458s] -- Looking for gz-transport13 -- found version 13.5.0
[7.470s] -- Looking for gz-rendering8 -- found version 8.2.2
[7.471s] -- Searching for dependencies of gz-rendering8
[7.471s] -- Looking for gz-math7 -- found version 7.5.2
[7.471s] -- Searching for dependencies of gz-math7
[7.471s] -- Looking for gz-utils2 -- found version 2.2.1
[7.471s] -- Searching for <gz-math7> component [eigen3]
[7.475s] -- Looking for gz-math7-eigen3 -- found version 7.5.2
[7.475s] -- Searching for dependencies of gz-math7-eigen3
[7.478s] -- Looking for gz-common5 -- found version 5.7.1
[7.479s] -- Searching for dependencies of gz-common5
[7.479s] -- Looking for gz-utils2 -- found version 2.2.1
[7.482s] -- Looking for dlfcn.h - found
[7.482s] -- Looking for libdl - found
[7.561s] -- Searching for <gz-common5> component [graphics]
[7.561s] -- Searching for <gz-common5> component [events]
[7.583s] -- Searching for <gz-common5> component [geospatial]
[7.585s] -- Looking for gz-common5-geospatial -- found version 5.7.1
[7.585s] -- Searching for dependencies of gz-common5-geospatial
[7.586s] -- Looking for gz-math7 -- found version 7.5.2
[7.586s] -- Looking for gz-common5 -- found version 5.7.1
[7.595s] -- Looking for gz-plugin2 -- found version 2.0.4
[7.595s] -- Searching for dependencies of gz-plugin2
[7.595s] -- Looking for gz-utils2 -- found version 2.2.1
[7.595s] -- Searching for <gz-plugin2> component [all]
[7.595s] -- Looking for all libraries of gz-plugin2 -- found version 2.0.4
[7.597s] -- Looking for gz-plugin2 -- found version 2.0.4
[7.597s] -- Looking for gz-utils2 -- found version 2.2.1
[7.614s] -- Looking for gz-msgs10 -- found version 10.3.2
[7.623s] -- Looking for gz-physics7 -- found version 7.6.0
[7.623s] -- Searching for dependencies of gz-physics7
[7.623s] -- Looking for gz-common5 -- found version 5.7.1
[7.624s] -- Looking for gz-math7 -- found version 7.5.2
[7.624s] -- Looking for gz-plugin2 -- found version 2.0.4
[7.624s] -- Looking for gz-utils2 -- found version 2.2.1
[7.639s] -- Searching for <gz-physics7> component [heightmap]
[7.639s] -- Looking for gz-physics7-heightmap -- found version 7.6.0
[7.640s] -- Searching for dependencies of gz-physics7-heightmap
[7.640s] -- Looking for gz-common5 -- found version 5.7.1
[7.643s] -- Searching for <gz-physics7> component [mesh]
[7.644s] -- Looking for gz-physics7-mesh -- found version 7.6.0
[7.644s] -- Searching for dependencies of gz-physics7-mesh
[7.644s] -- Looking for gz-common5 -- found version 5.7.1
[7.645s] -- Searching for <gz-physics7> component [sdf]
[7.645s] -- Looking for gz-physics7-sdf -- found version 7.6.0
[7.645s] -- Searching for dependencies of gz-physics7-sdf
[7.645s] -- Looking for sdformat14 -- found version 14.8.0
[7.645s] -- Looking for gz-sensors8 -- found version 8.2.2
[7.648s] -- Searching for dependencies of gz-sensors8
[7.703s] -- Looking for gz-math7 -- found version 7.5.2
[7.706s] -- Looking for gz-common5 -- found version 5.7.1
[7.707s] -- Looking for gz-transport13 -- found version 13.5.0
[7.708s] -- Looking for gz-rendering8 -- found version 8.2.2
[7.710s] -- Looking for gz-msgs10 -- found version 10.3.2
[7.713s] -- Looking for sdformat14 -- found version 14.8.0
[7.717s] -- Searching for <gz-sensors8> component [air_pressure]
[7.719s] -- Looking for gz-sensors8-air_pressure -- found version 8.2.2
[7.719s] -- Searching for dependencies of gz-sensors8-air_pressure
[7.720s] -- Searching for <gz-sensors8> component [air_speed]
[7.722s] -- Looking for gz-sensors8-air_speed -- found version 8.2.2
[7.722s] -- Searching for dependencies of gz-sensors8-air_speed
[7.724s] -- Searching for <gz-sensors8> component [altimeter]
[7.726s] -- Looking for gz-sensors8-altimeter -- found version 8.2.2
[7.726s] -- Searching for dependencies of gz-sensors8-altimeter
[7.728s] -- Searching for <gz-sensors8> component [imu]
[7.730s] -- Looking for gz-sensors8-imu -- found version 8.2.2
[7.731s] -- Searching for dependencies of gz-sensors8-imu
[7.737s] -- Searching for <gz-sensors8> component [force_torque]
[7.738s] -- Looking for gz-sensors8-force_torque -- found version 8.2.2
[7.738s] -- Searching for dependencies of gz-sensors8-force_torque
[7.738s] -- Searching for <gz-sensors8> component [logical_camera]
[7.739s] -- Looking for gz-sensors8-logical_camera -- found version 8.2.2
[7.739s] -- Searching for dependencies of gz-sensors8-logical_camera
[7.740s] -- Searching for <gz-sensors8> component [magnetometer]
[7.742s] -- Looking for gz-sensors8-magnetometer -- found version 8.2.2
[7.742s] -- Searching for dependencies of gz-sensors8-magnetometer
[7.744s] -- Searching for <gz-sensors8> component [navsat]
[7.747s] -- Looking for gz-sensors8-navsat -- found version 8.2.2
[7.748s] -- Searching for dependencies of gz-sensors8-navsat
[7.752s] -- Searching for <gz-sensors8> component [dvl]
[7.757s] -- Looking for gz-sensors8-dvl -- found version 8.2.2
[7.758s] -- Searching for dependencies of gz-sensors8-dvl
[7.759s] -- Looking for gz-sensors8 -- found version 8.2.2
[7.760s] -- Searching for dependencies of gz-sensors8
[7.817s] -- Looking for gz-math7 -- found version 7.5.2
[7.818s] -- Looking for gz-common5 -- found version 5.7.1
[7.818s] -- Looking for gz-transport13 -- found version 13.5.0
[7.819s] -- Looking for gz-rendering8 -- found version 8.2.2
[7.828s] -- Looking for gz-msgs10 -- found version 10.3.2
[7.828s] -- Looking for sdformat14 -- found version 14.8.0
[7.829s] -- Searching for <gz-sensors8> component [rendering]
[7.832s] -- Looking for gz-sensors8-rendering -- found version 8.2.2
[7.833s] -- Searching for dependencies of gz-sensors8-rendering
[7.833s] -- Searching for <gz-sensors8> component [rendering]
[7.834s] -- Searching for <gz-sensors8> component [lidar]
[7.834s] -- Looking for gz-sensors8-lidar -- found version 8.2.2
[7.834s] -- Searching for dependencies of gz-sensors8-lidar
[7.834s] -- Looking for gz-sensors8 -- found version 8.2.2
[7.834s] -- Searching for <gz-sensors8> component [gpu_lidar]
[7.834s] -- Looking for gz-sensors8-gpu_lidar -- found version 8.2.2
[7.836s] -- Searching for dependencies of gz-sensors8-gpu_lidar
[7.838s] -- Looking for gz-sensors8 -- found version 8.2.2
[7.842s] -- Searching for <gz-sensors8> component [camera]
[7.845s] -- Looking for gz-sensors8-camera -- found version 8.2.2
[7.846s] -- Searching for dependencies of gz-sensors8-camera
[7.846s] -- Looking for gz-sensors8 -- found version 8.2.2
[7.849s] -- Searching for <gz-sensors8> component [boundingbox_camera]
[7.850s] -- Looking for gz-sensors8-boundingbox_camera -- found version 8.2.2
[7.853s] -- Searching for dependencies of gz-sensors8-boundingbox_camera
[7.854s] -- Searching for <gz-sensors8> component [segmentation_camera]
[7.854s] -- Looking for gz-sensors8-segmentation_camera -- found version 8.2.2
[7.854s] -- Searching for dependencies of gz-sensors8-segmentation_camera
[7.855s] -- Searching for <gz-sensors8> component [depth_camera]
[7.858s] -- Looking for gz-sensors8-depth_camera -- found version 8.2.2
[7.859s] -- Searching for dependencies of gz-sensors8-depth_camera
[7.862s] -- Looking for gz-sensors8 -- found version 8.2.2
[7.865s] -- Searching for <gz-sensors8> component [rgbd_camera]
[7.866s] -- Looking for gz-sensors8-rgbd_camera -- found version 8.2.2
[7.870s] -- Searching for dependencies of gz-sensors8-rgbd_camera
[7.872s] -- Looking for gz-sensors8 -- found version 8.2.2
[7.873s] -- Searching for <gz-sensors8> component [thermal_camera]
[7.873s] -- Looking for gz-sensors8-thermal_camera -- found version 8.2.2
[7.874s] -- Searching for dependencies of gz-sensors8-thermal_camera
[7.874s] -- Looking for gz-sensors8 -- found version 8.2.2
[7.874s] -- Searching for <gz-sensors8> component [wide_angle_camera]
[7.874s] -- Looking for gz-sensors8-wide_angle_camera -- found version 8.2.2
[7.875s] -- Searching for dependencies of gz-sensors8-wide_angle_camera
[7.878s] -- Looking for gz-rendering8 -- found version 8.2.2
[7.881s] -- Looking for gz-math7 -- found version 7.5.2
[7.881s] -- Looking for gz-utils2 -- found version 2.2.1
[7.980s] -- Looking for gz-plugin2 -- found version 2.0.4
[8.289s] -- Configuring done (8.1s)
[8.384s] -- Generating done (0.1s)
[8.404s] -- Build files have been written to: /root/ros_workspace/build/turtlebot3_gazebo
[8.640s] Invoked command in '/root/ros_workspace/build/turtlebot3_gazebo' returned '0': CMAKE_PREFIX_PATH=${CMAKE_PREFIX_PATH}:/opt/ros/jazzy /usr/bin/cmake /root/ros_workspace/src/turtlebot3_simulations/turtlebot3_gazebo -DCMAKE_INSTALL_PREFIX=/root/ros_workspace/install/turtlebot3_gazebo
[8.641s] Invoking command in '/root/ros_workspace/build/turtlebot3_gazebo': CMAKE_PREFIX_PATH=${CMAKE_PREFIX_PATH}:/opt/ros/jazzy /usr/bin/cmake --build /root/ros_workspace/build/turtlebot3_gazebo -- -j12 -l12
[8.901s] [ 25%] Built target obstacle1
[8.909s] [ 50%] Built target obstacle2
[8.916s] [ 75%] Built target obstacles
[8.947s] [100%] Built target turtlebot3_drive
[8.998s] Invoked command in '/root/ros_workspace/build/turtlebot3_gazebo' returned '0': CMAKE_PREFIX_PATH=${CMAKE_PREFIX_PATH}:/opt/ros/jazzy /usr/bin/cmake --build /root/ros_workspace/build/turtlebot3_gazebo -- -j12 -l12
[9.001s] Invoking command in '/root/ros_workspace/build/turtlebot3_gazebo': CMAKE_PREFIX_PATH=${CMAKE_PREFIX_PATH}:/opt/ros/jazzy /usr/bin/cmake --install /root/ros_workspace/build/turtlebot3_gazebo
[9.019s] -- Install configuration: ""
[9.020s] -- Execute custom install script
[9.021s] -- Up-to-date symlink: /root/ros_workspace/install/turtlebot3_gazebo/lib/turtlebot3_gazebo/turtlebot3_drive
[9.021s] -- Up-to-date symlink: /root/ros_workspace/install/turtlebot3_gazebo/lib/turtlebot3_gazebo/libobstacles.so
[9.024s] -- Up-to-date symlink: /root/ros_workspace/install/turtlebot3_gazebo/lib/turtlebot3_gazebo/libobstacle1.so
[9.024s] -- Up-to-date symlink: /root/ros_workspace/install/turtlebot3_gazebo/lib/turtlebot3_gazebo/libobstacle2.so
[9.024s] -- Up-to-date symlink: /root/ros_workspace/install/turtlebot3_gazebo/share/turtlebot3_gazebo//launch/empty_world.launch.py
[9.025s] -- Up-to-date symlink: /root/ros_workspace/install/turtlebot3_gazebo/share/turtlebot3_gazebo//launch/robot_state_publisher.launch.py
[9.025s] -- Up-to-date symlink: /root/ros_workspace/install/turtlebot3_gazebo/share/turtlebot3_gazebo//launch/spawn_turtlebot3.launch.py
[9.037s] -- Up-to-date symlink: /root/ros_workspace/install/turtlebot3_gazebo/share/turtlebot3_gazebo//launch/turtlebot3_dqn_stage1.launch.py
[9.038s] -- Up-to-date symlink: /root/ros_workspace/install/turtlebot3_gazebo/share/turtlebot3_gazebo//launch/turtlebot3_dqn_stage2.launch.py
[9.039s] -- Up-to-date symlink: /root/ros_workspace/install/turtlebot3_gazebo/share/turtlebot3_gazebo//launch/turtlebot3_dqn_stage3.launch.py
[9.040s] -- Up-to-date symlink: /root/ros_workspace/install/turtlebot3_gazebo/share/turtlebot3_gazebo//launch/turtlebot3_dqn_stage4.launch.py
[9.040s] -- Up-to-date symlink: /root/ros_workspace/install/turtlebot3_gazebo/share/turtlebot3_gazebo//launch/turtlebot3_house.launch.py
[9.040s] -- Up-to-date symlink: /root/ros_workspace/install/turtlebot3_gazebo/share/turtlebot3_gazebo//launch/turtlebot3_world.launch.py
[9.042s] -- Up-to-date symlink: /root/ros_workspace/install/turtlebot3_gazebo/share/turtlebot3_gazebo//models/turtlebot3_burger/model-1_4.sdf
[9.043s] -- Up-to-date symlink: /root/ros_workspace/install/turtlebot3_gazebo/share/turtlebot3_gazebo//models/turtlebot3_burger/model.config
[9.043s] -- Up-to-date symlink: /root/ros_workspace/install/turtlebot3_gazebo/share/turtlebot3_gazebo//models/turtlebot3_burger/model.sdf
[9.043s] -- Up-to-date symlink: /root/ros_workspace/install/turtlebot3_gazebo/share/turtlebot3_gazebo//models/turtlebot3_burger_cam/model-1_4.sdf
[9.043s] -- Up-to-date symlink: /root/ros_workspace/install/turtlebot3_gazebo/share/turtlebot3_gazebo//models/turtlebot3_burger_cam/model.config
[9.044s] -- Up-to-date symlink: /root/ros_workspace/install/turtlebot3_gazebo/share/turtlebot3_gazebo//models/turtlebot3_burger_cam/model.sdf
[9.044s] -- Up-to-date symlink: /root/ros_workspace/install/turtlebot3_gazebo/share/turtlebot3_gazebo//models/turtlebot3_common/meshes/bases/burger_base.stl
[9.044s] -- Up-to-date symlink: /root/ros_workspace/install/turtlebot3_gazebo/share/turtlebot3_gazebo//models/turtlebot3_common/meshes/bases/waffle_base.stl
[9.044s] -- Up-to-date symlink: /root/ros_workspace/install/turtlebot3_gazebo/share/turtlebot3_gazebo//models/turtlebot3_common/meshes/bases/waffle_pi_base.stl
[9.044s] -- Up-to-date symlink: /root/ros_workspace/install/turtlebot3_gazebo/share/turtlebot3_gazebo//models/turtlebot3_common/meshes/burger_base.dae
[9.044s] -- Up-to-date symlink: /root/ros_workspace/install/turtlebot3_gazebo/share/turtlebot3_gazebo//models/turtlebot3_common/meshes/lds.dae
[9.044s] -- Up-to-date symlink: /root/ros_workspace/install/turtlebot3_gazebo/share/turtlebot3_gazebo//models/turtlebot3_common/meshes/r200.dae
[9.045s] -- Up-to-date symlink: /root/ros_workspace/install/turtlebot3_gazebo/share/turtlebot3_gazebo//models/turtlebot3_common/meshes/sensors/astra.dae
[9.045s] -- Up-to-date symlink: /root/ros_workspace/install/turtlebot3_gazebo/share/turtlebot3_gazebo//models/turtlebot3_common/meshes/sensors/astra.jpg
[9.045s] -- Up-to-date symlink: /root/ros_workspace/install/turtlebot3_gazebo/share/turtlebot3_gazebo//models/turtlebot3_common/meshes/sensors/lds.stl
[9.045s] -- Up-to-date symlink: /root/ros_workspace/install/turtlebot3_gazebo/share/turtlebot3_gazebo//models/turtlebot3_common/meshes/sensors/r200.dae
[9.045s] -- Up-to-date symlink: /root/ros_workspace/install/turtlebot3_gazebo/share/turtlebot3_gazebo//models/turtlebot3_common/meshes/sensors/r200.jpg
[9.045s] -- Up-to-date symlink: /root/ros_workspace/install/turtlebot3_gazebo/share/turtlebot3_gazebo//models/turtlebot3_common/meshes/tire.dae
[9.046s] -- Up-to-date symlink: /root/ros_workspace/install/turtlebot3_gazebo/share/turtlebot3_gazebo//models/turtlebot3_common/meshes/waffle_base.dae
[9.046s] -- Up-to-date symlink: /root/ros_workspace/install/turtlebot3_gazebo/share/turtlebot3_gazebo//models/turtlebot3_common/meshes/waffle_pi_base.dae
[9.047s] -- Up-to-date symlink: /root/ros_workspace/install/turtlebot3_gazebo/share/turtlebot3_gazebo//models/turtlebot3_common/meshes/wheels/left_tire.stl
[9.047s] -- Up-to-date symlink: /root/ros_workspace/install/turtlebot3_gazebo/share/turtlebot3_gazebo//models/turtlebot3_common/meshes/wheels/right_tire.stl
[9.047s] -- Up-to-date symlink: /root/ros_workspace/install/turtlebot3_gazebo/share/turtlebot3_gazebo//models/turtlebot3_common/model.config
[9.047s] -- Up-to-date symlink: /root/ros_workspace/install/turtlebot3_gazebo/share/turtlebot3_gazebo//models/turtlebot3_dqn_world/goal_box/model.config
[9.047s] -- Up-to-date symlink: /root/ros_workspace/install/turtlebot3_gazebo/share/turtlebot3_gazebo//models/turtlebot3_dqn_world/goal_box/model.sdf
[9.048s] -- Up-to-date symlink: /root/ros_workspace/install/turtlebot3_gazebo/share/turtlebot3_gazebo//models/turtlebot3_dqn_world/inner_walls/model.config
[9.048s] -- Up-to-date symlink: /root/ros_workspace/install/turtlebot3_gazebo/share/turtlebot3_gazebo//models/turtlebot3_dqn_world/inner_walls/model.sdf
[9.049s] -- Up-to-date symlink: /root/ros_workspace/install/turtlebot3_gazebo/share/turtlebot3_gazebo//models/turtlebot3_dqn_world/inner_walls/textures/wood.png
[9.052s] -- Up-to-date symlink: /root/ros_workspace/install/turtlebot3_gazebo/share/turtlebot3_gazebo//models/turtlebot3_dqn_world/model.config
[9.053s] -- Up-to-date symlink: /root/ros_workspace/install/turtlebot3_gazebo/share/turtlebot3_gazebo//models/turtlebot3_dqn_world/model.sdf
[9.053s] -- Up-to-date symlink: /root/ros_workspace/install/turtlebot3_gazebo/share/turtlebot3_gazebo//models/turtlebot3_dqn_world/obstacle1/model.config
[9.053s] -- Up-to-date symlink: /root/ros_workspace/install/turtlebot3_gazebo/share/turtlebot3_gazebo//models/turtlebot3_dqn_world/obstacle1/model.sdf
[9.053s] -- Up-to-date symlink: /root/ros_workspace/install/turtlebot3_gazebo/share/turtlebot3_gazebo//models/turtlebot3_dqn_world/obstacle2/model.config
[9.081s] -- Up-to-date symlink: /root/ros_workspace/install/turtlebot3_gazebo/share/turtlebot3_gazebo//models/turtlebot3_dqn_world/obstacle2/model.sdf
[9.083s] -- Up-to-date symlink: /root/ros_workspace/install/turtlebot3_gazebo/share/turtlebot3_gazebo//models/turtlebot3_dqn_world/obstacles/model.config
[9.084s] -- Up-to-date symlink: /root/ros_workspace/install/turtlebot3_gazebo/share/turtlebot3_gazebo//models/turtlebot3_dqn_world/obstacles/model.sdf
[9.084s] -- Up-to-date symlink: /root/ros_workspace/install/turtlebot3_gazebo/share/turtlebot3_gazebo//models/turtlebot3_dqn_world/textures/wood.png
[9.085s] -- Up-to-date symlink: /root/ros_workspace/install/turtlebot3_gazebo/share/turtlebot3_gazebo//models/turtlebot3_house/cafe_table/materials/textures/Maple.jpg
[9.086s] -- Up-to-date symlink: /root/ros_workspace/install/turtlebot3_gazebo/share/turtlebot3_gazebo//models/turtlebot3_house/cafe_table/materials/textures/Wood_Floor_Dark.jpg
[9.086s] -- Up-to-date symlink: /root/ros_workspace/install/turtlebot3_gazebo/share/turtlebot3_gazebo//models/turtlebot3_house/cafe_table/meshes/cafe_table.dae
[9.088s] -- Up-to-date symlink: /root/ros_workspace/install/turtlebot3_gazebo/share/turtlebot3_gazebo//models/turtlebot3_house/cafe_table/model-1_4.sdf
[9.109s] -- Up-to-date symlink: /root/ros_workspace/install/turtlebot3_gazebo/share/turtlebot3_gazebo//models/turtlebot3_house/cafe_table/model.config
[9.110s] -- Up-to-date symlink: /root/ros_workspace/install/turtlebot3_gazebo/share/turtlebot3_gazebo//models/turtlebot3_house/cafe_table/model.sdf
[9.110s] -- Up-to-date symlink: /root/ros_workspace/install/turtlebot3_gazebo/share/turtlebot3_gazebo//models/turtlebot3_house/first_2015_trash_can/meshes/trash_can.dae
[9.110s] -- Up-to-date symlink: /root/ros_workspace/install/turtlebot3_gazebo/share/turtlebot3_gazebo//models/turtlebot3_house/first_2015_trash_can/model.config
[9.112s] -- Up-to-date symlink: /root/ros_workspace/install/turtlebot3_gazebo/share/turtlebot3_gazebo//models/turtlebot3_house/first_2015_trash_can/model.sdf
[9.113s] -- Up-to-date symlink: /root/ros_workspace/install/turtlebot3_gazebo/share/turtlebot3_gazebo//models/turtlebot3_house/mailbox/materials/scripts/mailbox.material
[9.113s] -- Up-to-date symlink: /root/ros_workspace/install/turtlebot3_gazebo/share/turtlebot3_gazebo//models/turtlebot3_house/mailbox/materials/textures/Mailbox_Diffuse.png
[9.114s] -- Up-to-date symlink: /root/ros_workspace/install/turtlebot3_gazebo/share/turtlebot3_gazebo//models/turtlebot3_house/mailbox/materials/textures/Mailbox_Diffuse.tga.orig
[9.114s] -- Up-to-date symlink: /root/ros_workspace/install/turtlebot3_gazebo/share/turtlebot3_gazebo//models/turtlebot3_house/mailbox/materials/textures/Mailbox_Spec.png
[9.115s] -- Up-to-date symlink: /root/ros_workspace/install/turtlebot3_gazebo/share/turtlebot3_gazebo//models/turtlebot3_house/mailbox/meshes/mailbox.dae
[9.116s] -- Up-to-date symlink: /root/ros_workspace/install/turtlebot3_gazebo/share/turtlebot3_gazebo//models/turtlebot3_house/mailbox/model-1_3.sdf
[9.116s] -- Up-to-date symlink: /root/ros_workspace/install/turtlebot3_gazebo/share/turtlebot3_gazebo//models/turtlebot3_house/mailbox/model-1_4.sdf
[9.118s] -- Up-to-date symlink: /root/ros_workspace/install/turtlebot3_gazebo/share/turtlebot3_gazebo//models/turtlebot3_house/mailbox/model.config
[9.118s] -- Up-to-date symlink: /root/ros_workspace/install/turtlebot3_gazebo/share/turtlebot3_gazebo//models/turtlebot3_house/mailbox/model.sdf
[9.119s] -- Up-to-date symlink: /root/ros_workspace/install/turtlebot3_gazebo/share/turtlebot3_gazebo//models/turtlebot3_house/model.config
[9.145s] -- Up-to-date symlink: /root/ros_workspace/install/turtlebot3_gazebo/share/turtlebot3_gazebo//models/turtlebot3_house/model.sdf
[9.146s] -- Up-to-date symlink: /root/ros_workspace/install/turtlebot3_gazebo/share/turtlebot3_gazebo//models/turtlebot3_house/table_marble/materials/scripts/table_lightmap.material
[9.146s] -- Up-to-date symlink: /root/ros_workspace/install/turtlebot3_gazebo/share/turtlebot3_gazebo//models/turtlebot3_house/table_marble/materials/textures/marble.png
[9.146s] -- Up-to-date symlink: /root/ros_workspace/install/turtlebot3_gazebo/share/turtlebot3_gazebo//models/turtlebot3_house/table_marble/materials/textures/table_lightmap.png
[9.146s] -- Up-to-date symlink: /root/ros_workspace/install/turtlebot3_gazebo/share/turtlebot3_gazebo//models/turtlebot3_house/table_marble/meshes/table_lightmap.dae
[9.146s] -- Up-to-date symlink: /root/ros_workspace/install/turtlebot3_gazebo/share/turtlebot3_gazebo//models/turtlebot3_house/table_marble/model-1_4.sdf
[9.147s] -- Up-to-date symlink: /root/ros_workspace/install/turtlebot3_gazebo/share/turtlebot3_gazebo//models/turtlebot3_house/table_marble/model.config
[9.147s] -- Up-to-date symlink: /root/ros_workspace/install/turtlebot3_gazebo/share/turtlebot3_gazebo//models/turtlebot3_house/table_marble/model.sdf
[9.147s] -- Up-to-date symlink: /root/ros_workspace/install/turtlebot3_gazebo/share/turtlebot3_gazebo//models/turtlebot3_house/textures/bricks.png
[9.147s] -- Up-to-date symlink: /root/ros_workspace/install/turtlebot3_gazebo/share/turtlebot3_gazebo//models/turtlebot3_house/textures/wood.png
[9.147s] -- Up-to-date symlink: /root/ros_workspace/install/turtlebot3_gazebo/share/turtlebot3_gazebo//models/turtlebot3_waffle/model-1_4.sdf
[9.147s] -- Up-to-date symlink: /root/ros_workspace/install/turtlebot3_gazebo/share/turtlebot3_gazebo//models/turtlebot3_waffle/model.config
[9.147s] -- Up-to-date symlink: /root/ros_workspace/install/turtlebot3_gazebo/share/turtlebot3_gazebo//models/turtlebot3_waffle/model.sdf
[9.148s] -- Up-to-date symlink: /root/ros_workspace/install/turtlebot3_gazebo/share/turtlebot3_gazebo//models/turtlebot3_waffle_pi/model-1_4_.sdf
[9.148s] -- Up-to-date symlink: /root/ros_workspace/install/turtlebot3_gazebo/share/turtlebot3_gazebo//models/turtlebot3_waffle_pi/model.config
[9.148s] -- Up-to-date symlink: /root/ros_workspace/install/turtlebot3_gazebo/share/turtlebot3_gazebo//models/turtlebot3_waffle_pi/model.sdf
[9.148s] -- Up-to-date symlink: /root/ros_workspace/install/turtlebot3_gazebo/share/turtlebot3_gazebo//models/turtlebot3_world/meshes/hexagon.dae
[9.148s] -- Up-to-date symlink: /root/ros_workspace/install/turtlebot3_gazebo/share/turtlebot3_gazebo//models/turtlebot3_world/meshes/wall.dae
[9.148s] -- Up-to-date symlink: /root/ros_workspace/install/turtlebot3_gazebo/share/turtlebot3_gazebo//models/turtlebot3_world/model-1_4.sdf
[9.148s] -- Up-to-date symlink: /root/ros_workspace/install/turtlebot3_gazebo/share/turtlebot3_gazebo//models/turtlebot3_world/model.config
[9.148s] -- Up-to-date symlink: /root/ros_workspace/install/turtlebot3_gazebo/share/turtlebot3_gazebo//models/turtlebot3_world/model.sdf
[9.149s] -- Up-to-date symlink: /root/ros_workspace/install/turtlebot3_gazebo/share/turtlebot3_gazebo//params/turtlebot3_burger_bridge.yaml
[9.149s] -- Up-to-date symlink: /root/ros_workspace/install/turtlebot3_gazebo/share/turtlebot3_gazebo//params/turtlebot3_burger_cam_bridge.yaml
[9.149s] -- Up-to-date symlink: /root/ros_workspace/install/turtlebot3_gazebo/share/turtlebot3_gazebo//params/turtlebot3_waffle_bridge.yaml
[9.149s] -- Up-to-date symlink: /root/ros_workspace/install/turtlebot3_gazebo/share/turtlebot3_gazebo//params/turtlebot3_waffle_pi_bridge.yaml
[9.149s] -- Up-to-date symlink: /root/ros_workspace/install/turtlebot3_gazebo/share/turtlebot3_gazebo//rviz/tb3_gazebo.rviz
[9.149s] -- Up-to-date symlink: /root/ros_workspace/install/turtlebot3_gazebo/share/turtlebot3_gazebo//urdf/common_properties.urdf
[9.150s] -- Up-to-date symlink: /root/ros_workspace/install/turtlebot3_gazebo/share/turtlebot3_gazebo//urdf/turtlebot3_burger.urdf
[9.150s] -- Up-to-date symlink: /root/ros_workspace/install/turtlebot3_gazebo/share/turtlebot3_gazebo//urdf/turtlebot3_burger_cam.urdf
[9.150s] -- Up-to-date symlink: /root/ros_workspace/install/turtlebot3_gazebo/share/turtlebot3_gazebo//urdf/turtlebot3_waffle.urdf
[9.150s] -- Up-to-date symlink: /root/ros_workspace/install/turtlebot3_gazebo/share/turtlebot3_gazebo//urdf/turtlebot3_waffle_pi.urdf
[9.150s] -- Up-to-date symlink: /root/ros_workspace/install/turtlebot3_gazebo/share/turtlebot3_gazebo//worlds/empty_world.world
[9.150s] -- Up-to-date symlink: /root/ros_workspace/install/turtlebot3_gazebo/share/turtlebot3_gazebo//worlds/turtlebot3_autorace_2020.world
[9.150s] -- Up-to-date symlink: /root/ros_workspace/install/turtlebot3_gazebo/share/turtlebot3_gazebo//worlds/turtlebot3_dqn_stage1.world
[9.150s] -- Up-to-date symlink: /root/ros_workspace/install/turtlebot3_gazebo/share/turtlebot3_gazebo//worlds/turtlebot3_dqn_stage2.world
[9.150s] -- Up-to-date symlink: /root/ros_workspace/install/turtlebot3_gazebo/share/turtlebot3_gazebo//worlds/turtlebot3_dqn_stage3.world
[9.151s] -- Up-to-date symlink: /root/ros_workspace/install/turtlebot3_gazebo/share/turtlebot3_gazebo//worlds/turtlebot3_dqn_stage4.world
[9.151s] -- Up-to-date symlink: /root/ros_workspace/install/turtlebot3_gazebo/share/turtlebot3_gazebo//worlds/turtlebot3_house.world
[9.151s] -- Up-to-date symlink: /root/ros_workspace/install/turtlebot3_gazebo/share/turtlebot3_gazebo//worlds/turtlebot3_world.world
[9.151s] -- Up-to-date symlink: /root/ros_workspace/install/turtlebot3_gazebo/include//turtlebot3_gazebo/obstacle1.hpp
[9.151s] -- Up-to-date symlink: /root/ros_workspace/install/turtlebot3_gazebo/include//turtlebot3_gazebo/obstacle2.hpp
[9.151s] -- Up-to-date symlink: /root/ros_workspace/install/turtlebot3_gazebo/include//turtlebot3_gazebo/obstacles.hpp
[9.152s] -- Up-to-date symlink: /root/ros_workspace/install/turtlebot3_gazebo/include//turtlebot3_gazebo/traffic_bar_plugin.hpp
[9.152s] -- Up-to-date symlink: /root/ros_workspace/install/turtlebot3_gazebo/include//turtlebot3_gazebo/traffic_light_plugin.hpp
[9.152s] -- Up-to-date symlink: /root/ros_workspace/install/turtlebot3_gazebo/include//turtlebot3_gazebo/turtlebot3_drive.hpp
[9.152s] -- Up-to-date symlink: /root/ros_workspace/install/turtlebot3_gazebo/share/ament_index/resource_index/package_run_dependencies/turtlebot3_gazebo
[9.153s] -- Up-to-date symlink: /root/ros_workspace/install/turtlebot3_gazebo/share/ament_index/resource_index/parent_prefix_path/turtlebot3_gazebo
[9.153s] -- Up-to-date symlink: /root/ros_workspace/install/turtlebot3_gazebo/share/turtlebot3_gazebo/environment/ament_prefix_path.sh
[9.153s] -- Up-to-date symlink: /root/ros_workspace/install/turtlebot3_gazebo/share/turtlebot3_gazebo/environment/ament_prefix_path.dsv
[9.153s] -- Up-to-date symlink: /root/ros_workspace/install/turtlebot3_gazebo/share/turtlebot3_gazebo/environment/path.sh
[9.153s] -- Up-to-date symlink: /root/ros_workspace/install/turtlebot3_gazebo/share/turtlebot3_gazebo/environment/path.dsv
[9.154s] -- Up-to-date symlink: /root/ros_workspace/install/turtlebot3_gazebo/share/turtlebot3_gazebo/local_setup.bash
[9.154s] -- Up-to-date symlink: /root/ros_workspace/install/turtlebot3_gazebo/share/turtlebot3_gazebo/local_setup.sh
[9.154s] -- Up-to-date symlink: /root/ros_workspace/install/turtlebot3_gazebo/share/turtlebot3_gazebo/local_setup.zsh
[9.154s] -- Up-to-date symlink: /root/ros_workspace/install/turtlebot3_gazebo/share/turtlebot3_gazebo/local_setup.dsv
[9.154s] -- Symlinking: /root/ros_workspace/install/turtlebot3_gazebo/share/turtlebot3_gazebo/package.dsv
[9.155s] -- Up-to-date symlink: /root/ros_workspace/install/turtlebot3_gazebo/share/ament_index/resource_index/packages/turtlebot3_gazebo
[9.155s] -- Up-to-date symlink: /root/ros_workspace/install/turtlebot3_gazebo/share/turtlebot3_gazebo/cmake/ament_cmake_export_include_directories-extras.cmake
[9.155s] -- Up-to-date symlink: /root/ros_workspace/install/turtlebot3_gazebo/share/turtlebot3_gazebo/cmake/ament_cmake_export_dependencies-extras.cmake
[9.155s] -- Up-to-date symlink: /root/ros_workspace/install/turtlebot3_gazebo/share/turtlebot3_gazebo/cmake/turtlebot3_gazeboConfig.cmake
[9.155s] -- Up-to-date symlink: /root/ros_workspace/install/turtlebot3_gazebo/share/turtlebot3_gazebo/cmake/turtlebot3_gazeboConfig-version.cmake
[9.155s] -- Up-to-date symlink: /root/ros_workspace/install/turtlebot3_gazebo/share/turtlebot3_gazebo/package.xml
[9.218s] Invoked command in '/root/ros_workspace/build/turtlebot3_gazebo' returned '0': CMAKE_PREFIX_PATH=${CMAKE_PREFIX_PATH}:/opt/ros/jazzy /usr/bin/cmake --install /root/ros_workspace/build/turtlebot3_gazebo
