[0.159s] Invoking command in '/root/ros_workspace/build/turtlebot3_msgs': CMAKE_PREFIX_PATH=${CMAKE_PREFIX_PATH}:/root/ros_workspace/install/turtlebot3_teleop:/root/ros_workspace/install/turtlebot3_example /usr/bin/cmake /root/ros_workspace/src/turtlebot3_msgs -DCMAKE_INSTALL_PREFIX=/root/ros_workspace/install/turtlebot3_msgs
[1.289s] -- Found action_msgs: 2.0.3 (/opt/ros/jazzy/share/action_msgs/cmake)
[1.291s] -- Configuring incomplete, errors occurred!
[1.297s] Traceback (most recent call last):
[1.297s]   File "/opt/ros/jazzy/share/ament_cmake_core/cmake/package_templates/templates_2_cmake.py", line 21, in <module>
[1.298s]     from ament_package.templates import get_environment_hook_template_path
[1.298s] ModuleNotFoundError: No module named 'ament_package'
[1.309s] [31mCMake Error at /opt/ros/jazzy/share/ament_cmake_core/cmake/ament_cmake_package_templates-extras.cmake:41 (message):
[1.310s]   execute_process(/usr/bin/python3
[1.310s]   /opt/ros/jazzy/share/ament_cmake_core/cmake/package_templates/templates_2_cmake.py
[1.310s]   /root/ros_workspace/build/turtlebot3_msgs/ament_cmake_package_templates/templates.cmake)
[1.310s]   returned error code 1
[1.310s] Call Stack (most recent call first):
[1.311s]   /opt/ros/jazzy/share/ament_cmake_core/cmake/ament_cmake_coreConfig.cmake:41 (include)
[1.311s]   /opt/ros/jazzy/share/action_msgs/cmake/ament_cmake_export_dependencies-extras.cmake:15 (find_package)
[1.311s]   /opt/ros/jazzy/share/action_msgs/cmake/action_msgsConfig.cmake:41 (include)
[1.311s]   CMakeLists.txt:18 (find_package)
[1.311s] 
[1.311s] [0m
[1.432s] Invoked command in '/root/ros_workspace/build/turtlebot3_msgs' returned '1': CMAKE_PREFIX_PATH=${CMAKE_PREFIX_PATH}:/root/ros_workspace/install/turtlebot3_teleop:/root/ros_workspace/install/turtlebot3_example /usr/bin/cmake /root/ros_workspace/src/turtlebot3_msgs -DCMAKE_INSTALL_PREFIX=/root/ros_workspace/install/turtlebot3_msgs
