[0.222s] Invoking command in '/root/ros_workspace/build/turtlebot3_description': CMAKE_PREFIX_PATH=${CMAKE_PREFIX_PATH}:/root/ros_workspace/install/turtlebot3_teleop:/root/ros_workspace/install/turtlebot3_example:/root/ros_workspace/install/turtlebot3_control:/opt/ros/jazzy /usr/bin/cmake /root/ros_workspace/src/turtlebot3/turtlebot3_description -DCMAKE_INSTALL_PREFIX=/root/ros_workspace/install/turtlebot3_description
[1.441s] -- Found ament_cmake: 2.5.4 (/opt/ros/jazzy/share/ament_cmake/cmake)
[1.442s] -- Override CMake install command with custom implementation using symlinks instead of copying resources
[1.442s] -- Found urdf: 2.10.0 (/opt/ros/jazzy/share/urdf/cmake)
[1.442s] -- Found TinyXML2 via Config file: /usr/lib/x86_64-linux-gnu/cmake/tinyxml2
[1.673s] -- Configuring done (1.4s)
[1.709s] -- Generating done (0.0s)
[1.714s] -- Build files have been written to: /root/ros_workspace/build/turtlebot3_description
[2.591s] Invoked command in '/root/ros_workspace/build/turtlebot3_description' returned '0': CMAKE_PREFIX_PATH=${CMAKE_PREFIX_PATH}:/root/ros_workspace/install/turtlebot3_teleop:/root/ros_workspace/install/turtlebot3_example:/root/ros_workspace/install/turtlebot3_control:/opt/ros/jazzy /usr/bin/cmake /root/ros_workspace/src/turtlebot3/turtlebot3_description -DCMAKE_INSTALL_PREFIX=/root/ros_workspace/install/turtlebot3_description
[2.595s] Invoking command in '/root/ros_workspace/build/turtlebot3_description': CMAKE_PREFIX_PATH=${CMAKE_PREFIX_PATH}:/root/ros_workspace/install/turtlebot3_teleop:/root/ros_workspace/install/turtlebot3_example:/root/ros_workspace/install/turtlebot3_control:/opt/ros/jazzy /usr/bin/cmake --build /root/ros_workspace/build/turtlebot3_description -- -j12 -l12
[2.925s] Invoked command in '/root/ros_workspace/build/turtlebot3_description' returned '0': CMAKE_PREFIX_PATH=${CMAKE_PREFIX_PATH}:/root/ros_workspace/install/turtlebot3_teleop:/root/ros_workspace/install/turtlebot3_example:/root/ros_workspace/install/turtlebot3_control:/opt/ros/jazzy /usr/bin/cmake --build /root/ros_workspace/build/turtlebot3_description -- -j12 -l12
[2.926s] Invoking command in '/root/ros_workspace/build/turtlebot3_description': CMAKE_PREFIX_PATH=${CMAKE_PREFIX_PATH}:/root/ros_workspace/install/turtlebot3_teleop:/root/ros_workspace/install/turtlebot3_example:/root/ros_workspace/install/turtlebot3_control:/opt/ros/jazzy /usr/bin/cmake --install /root/ros_workspace/build/turtlebot3_description
[2.989s] -- Install configuration: ""
[2.989s] -- Execute custom install script
[2.989s] -- Up-to-date symlink: /root/ros_workspace/install/turtlebot3_description/share/turtlebot3_description/meshes/bases/burger_base.stl
[2.989s] -- Up-to-date symlink: /root/ros_workspace/install/turtlebot3_description/share/turtlebot3_description/meshes/bases/waffle_base.stl
[2.989s] -- Up-to-date symlink: /root/ros_workspace/install/turtlebot3_description/share/turtlebot3_description/meshes/bases/waffle_pi_base.stl
[2.989s] -- Up-to-date symlink: /root/ros_workspace/install/turtlebot3_description/share/turtlebot3_description/meshes/sensors/astra.dae
[2.990s] -- Up-to-date symlink: /root/ros_workspace/install/turtlebot3_description/share/turtlebot3_description/meshes/sensors/astra.jpg
[2.990s] -- Up-to-date symlink: /root/ros_workspace/install/turtlebot3_description/share/turtlebot3_description/meshes/sensors/lds.stl
[2.990s] -- Up-to-date symlink: /root/ros_workspace/install/turtlebot3_description/share/turtlebot3_description/meshes/sensors/r200.dae
[2.990s] -- Up-to-date symlink: /root/ros_workspace/install/turtlebot3_description/share/turtlebot3_description/meshes/sensors/r200.jpg
[2.990s] -- Up-to-date symlink: /root/ros_workspace/install/turtlebot3_description/share/turtlebot3_description/meshes/wheels/left_tire.stl
[2.990s] -- Up-to-date symlink: /root/ros_workspace/install/turtlebot3_description/share/turtlebot3_description/meshes/wheels/right_tire.stl
[2.991s] -- Up-to-date symlink: /root/ros_workspace/install/turtlebot3_description/share/turtlebot3_description/rviz/model.rviz
[2.991s] -- Up-to-date symlink: /root/ros_workspace/install/turtlebot3_description/share/turtlebot3_description/urdf/common_properties.urdf
[2.991s] -- Up-to-date symlink: /root/ros_workspace/install/turtlebot3_description/share/turtlebot3_description/urdf/turtlebot3_burger.urdf
[2.991s] -- Up-to-date symlink: /root/ros_workspace/install/turtlebot3_description/share/turtlebot3_description/urdf/turtlebot3_waffle.urdf
[2.992s] -- Up-to-date symlink: /root/ros_workspace/install/turtlebot3_description/share/turtlebot3_description/urdf/turtlebot3_waffle_pi.urdf
[2.993s] -- Up-to-date symlink: /root/ros_workspace/install/turtlebot3_description/share/ament_index/resource_index/package_run_dependencies/turtlebot3_description
[2.994s] -- Up-to-date symlink: /root/ros_workspace/install/turtlebot3_description/share/ament_index/resource_index/parent_prefix_path/turtlebot3_description
[2.994s] -- Up-to-date symlink: /root/ros_workspace/install/turtlebot3_description/share/turtlebot3_description/environment/ament_prefix_path.sh
[2.995s] -- Up-to-date symlink: /root/ros_workspace/install/turtlebot3_description/share/turtlebot3_description/environment/ament_prefix_path.dsv
[2.995s] -- Up-to-date symlink: /root/ros_workspace/install/turtlebot3_description/share/turtlebot3_description/environment/path.sh
[2.995s] -- Up-to-date symlink: /root/ros_workspace/install/turtlebot3_description/share/turtlebot3_description/environment/path.dsv
[2.995s] -- Up-to-date symlink: /root/ros_workspace/install/turtlebot3_description/share/turtlebot3_description/local_setup.bash
[2.996s] -- Up-to-date symlink: /root/ros_workspace/install/turtlebot3_description/share/turtlebot3_description/local_setup.sh
[2.996s] -- Up-to-date symlink: /root/ros_workspace/install/turtlebot3_description/share/turtlebot3_description/local_setup.zsh
[2.996s] -- Up-to-date symlink: /root/ros_workspace/install/turtlebot3_description/share/turtlebot3_description/local_setup.dsv
[2.996s] -- Symlinking: /root/ros_workspace/install/turtlebot3_description/share/turtlebot3_description/package.dsv
[3.025s] -- Up-to-date symlink: /root/ros_workspace/install/turtlebot3_description/share/ament_index/resource_index/packages/turtlebot3_description
[3.086s] -- Up-to-date symlink: /root/ros_workspace/install/turtlebot3_description/share/turtlebot3_description/cmake/turtlebot3_descriptionConfig.cmake
[3.092s] -- Up-to-date symlink: /root/ros_workspace/install/turtlebot3_description/share/turtlebot3_description/cmake/turtlebot3_descriptionConfig-version.cmake
[3.094s] -- Up-to-date symlink: /root/ros_workspace/install/turtlebot3_description/share/turtlebot3_description/package.xml
[3.096s] Invoked command in '/root/ros_workspace/build/turtlebot3_description' returned '0': CMAKE_PREFIX_PATH=${CMAKE_PREFIX_PATH}:/root/ros_workspace/install/turtlebot3_teleop:/root/ros_workspace/install/turtlebot3_example:/root/ros_workspace/install/turtlebot3_control:/opt/ros/jazzy /usr/bin/cmake --install /root/ros_workspace/build/turtlebot3_description
