[0.067s] Invoking command in '/root/ros_workspace/build/turtlebot3_gazebo': CMAKE_PREFIX_PATH=${CMAKE_PREFIX_PATH}:/root/ros_workspace/install/turtlebot3_teleop:/root/ros_workspace/install/turtlebot3_example:/root/ros_workspace/install/turtlebot3_control:/opt/ros/jazzy /usr/bin/cmake /root/ros_workspace/src/turtlebot3_simulations/turtlebot3_gazebo -DAMENT_CMAKE_SYMLINK_INSTALL=1 -DCMAKE_INSTALL_PREFIX=/root/ros_workspace/install/turtlebot3_gazebo
[0.477s] -- Found ament_cmake: 2.5.4 (/opt/ros/jazzy/share/ament_cmake/cmake)
[0.477s] -- Override CMake install command with custom implementation using symlinks instead of copying resources
[0.483s] -- Found ros_gz_sim: 1.0.16 (/opt/ros/jazzy/share/ros_gz_sim/cmake)
[0.529s] -- Found rosidl_generator_c: 4.6.6 (/opt/ros/jazzy/share/rosidl_generator_c/cmake)
[0.555s] -- Found rosidl_generator_cpp: 4.6.6 (/opt/ros/jazzy/share/rosidl_generator_cpp/cmake)
[0.566s] -- Using all available rosidl_typesupport_c: rosidl_typesupport_fastrtps_c;rosidl_typesupport_introspection_c
[0.590s] -- Using all available rosidl_typesupport_cpp: rosidl_typesupport_fastrtps_cpp;rosidl_typesupport_introspection_cpp
[0.702s] -- Found rmw_implementation_cmake: 7.3.2 (/opt/ros/jazzy/share/rmw_implementation_cmake/cmake)
[0.704s] -- Found rmw_fastrtps_cpp: 8.4.3 (/opt/ros/jazzy/share/rmw_fastrtps_cpp/cmake)
[0.793s] -- Using RMW implementation 'rmw_fastrtps_cpp' as default
[1.166s] -- Found nav_msgs: 5.3.6 (/opt/ros/jazzy/share/nav_msgs/cmake)
[1.208s] -- Found sensor_msgs: 5.3.6 (/opt/ros/jazzy/share/sensor_msgs/cmake)
[1.246s] -- Found gz_math_vendor: 0.0.8 (/opt/ros/jazzy/share/gz_math_vendor/cmake)
[1.250s] -- Looking for gz-math7 -- found version 7.5.2
[1.259s] -- Searching for dependencies of gz-math7
[1.260s] -- Looking for gz-utils2 -- found version 2.2.1
[1.261s] -- Searching for dependencies of gz-utils2
[1.263s] -- Found gz_sim_vendor: 0.0.9 (/opt/ros/jazzy/share/gz_sim_vendor/cmake)
[1.283s] -- Looking for gz-sim8 -- found version 8.10.0
[1.283s] -- Searching for dependencies of gz-sim8
[1.284s] -- Looking for sdformat14 -- found version 14.8.0
[1.284s] -- Searching for dependencies of sdformat14
[1.293s] -- Checking for module 'tinyxml2'
[1.330s] --   Found tinyxml2, version 10.0.0
[1.422s] -- Looking for gz-math7 -- found version 7.5.2
[1.430s] -- Looking for gz-utils2 -- found version 2.2.1
[1.431s] -- Searching for dependencies of gz-utils2
[1.431s] -- Searching for <gz-utils2> component [cli]
[1.432s] -- Looking for gz-utils2-cli -- found version 2.2.1
[1.432s] -- Searching for dependencies of gz-utils2-cli
[1.440s] -- Looking for gz-plugin2 -- found version 2.0.4
[1.441s] -- Searching for dependencies of gz-plugin2
[1.441s] -- Looking for gz-utils2 -- found version 2.2.1
[1.441s] -- Searching for <gz-plugin2> component [loader]
[1.441s] -- Looking for gz-plugin2-loader -- found version 2.0.4
[1.441s] -- Searching for dependencies of gz-plugin2-loader
[1.442s] -- Searching for <gz-plugin2> component [register]
[1.443s] -- Looking for gz-plugin2-register -- found version 2.0.4
[1.459s] -- Searching for dependencies of gz-plugin2-register
[1.459s] -- Looking for gz-transport13 -- found version 13.5.0
[1.459s] -- Searching for dependencies of gz-transport13
[1.528s] -- Config-file not installed for ZeroMQ -- checking for pkg-config
[1.535s] -- Checking for module 'libzmq >= 4'
[1.559s] --   Found libzmq, version 4.3.5
[1.639s] -- Checking for module 'uuid'
[1.664s] --   Found uuid, version 2.39.3
[1.715s] -- Looking for gz-utils2 -- found version 2.2.1
[1.715s] -- Looking for gz-msgs10 -- found version 10.3.2
[1.715s] -- Searching for dependencies of gz-msgs10
[1.743s] -- Looking for gz-utils2 -- found version 2.2.1
[1.744s] -- Looking for gz-math7 -- found version 7.5.2
[1.757s] -- Searching for <gz-transport13> component [log]
[1.757s] -- Looking for gz-transport13-log -- found version 13.5.0
[1.758s] -- Searching for dependencies of gz-transport13-log
[1.759s] -- Searching for <gz-transport13> component [parameters]
[1.759s] -- Looking for gz-transport13-parameters -- found version 13.5.0
[1.760s] -- Searching for dependencies of gz-transport13-parameters
[1.761s] -- Looking for gz-msgs10 -- found version 10.3.2
[1.762s] -- Looking for gz-common5 -- found version 5.7.1
[1.762s] -- Searching for dependencies of gz-common5
[1.762s] -- Looking for gz-utils2 -- found version 2.2.1
[1.763s] -- Looking for dlfcn.h - found
[1.763s] -- Looking for libdl - found
[1.775s] -- Searching for <gz-common5> component [av]
[1.775s] -- Looking for gz-common5-av -- found version 5.7.1
[1.775s] -- Searching for dependencies of gz-common5-av
[1.783s] -- Checking for module 'libswscale'
[1.809s] --   Found libswscale, version 7.5.100
[1.870s] -- Checking for module 'libavdevice >= 56.4.100'
[1.897s] --   Found libavdevice, version 60.3.100
[1.964s] -- Checking for module 'libavformat'
[1.992s] --   Found libavformat, version 60.16.100
[2.076s] -- Checking for module 'libavcodec'
[2.103s] --   Found libavcodec, version 60.31.102
[2.175s] -- Checking for module 'libavutil'
[2.203s] --   Found libavutil, version 58.29.100
[2.260s] -- Searching for <gz-common5> component [events]
[2.261s] -- Looking for gz-common5-events -- found version 5.7.1
[2.261s] -- Searching for dependencies of gz-common5-events
[2.262s] -- Looking for gz-math7 -- found version 7.5.2
[2.263s] -- Searching for <gz-common5> component [graphics]
[2.264s] -- Looking for gz-common5-graphics -- found version 5.7.1
[2.264s] -- Searching for dependencies of gz-common5-graphics
[2.265s] -- Looking for gz-math7 -- found version 7.5.2
[2.269s] -- Searching for <gz-common5> component [io]
[2.269s] -- Looking for gz-common5-io -- found version 5.7.1
[2.270s] -- Searching for dependencies of gz-common5-io
[2.270s] -- Searching for <gz-common5> component [profiler]
[2.270s] -- Looking for gz-common5-profiler -- found version 5.7.1
[2.271s] -- Searching for dependencies of gz-common5-profiler
[2.272s] -- Looking for gz-fuel_tools9 -- found version 9.1.1
[2.273s] -- Searching for dependencies of gz-fuel_tools9
[2.340s] -- Checking for module 'jsoncpp'
[2.367s] --   Found jsoncpp, version 1.9.5
[2.445s] -- Checking for module 'yaml-0.1'
[2.471s] --   Found yaml-0.1, version 0.2.5
[2.561s] -- Checking for module 'libzip'
[2.589s] --   Found libzip, version 1.7.3
[2.674s] -- Looking for gz-utils2 -- found version 2.2.1
[2.674s] -- Looking for gz-common5 -- found version 5.7.1
[2.675s] -- Searching for dependencies of gz-common5
[2.675s] -- Looking for gz-utils2 -- found version 2.2.1
[2.675s] -- Looking for dlfcn.h - found
[2.675s] -- Looking for libdl - found
[2.686s] -- Searching for <gz-common5> component [testing]
[2.687s] -- Looking for gz-common5-testing -- found version 5.7.1
[2.687s] -- Searching for dependencies of gz-common5-testing
[2.688s] -- Looking for gz-math7 -- found version 7.5.2
[2.689s] -- Looking for gz-msgs10 -- found version 10.3.2
[2.691s] -- Looking for gz-gui8 -- found version 8.4.0
[2.692s] -- Searching for dependencies of gz-gui8
[2.730s] -- Looking for gz-utils2 -- found version 2.2.1
[2.730s] -- Looking for gz-math7 -- found version 7.5.2
[2.731s] -- Looking for gz-common5 -- found version 5.7.1
[2.731s] -- Looking for gz-plugin2 -- found version 2.0.4
[2.732s] -- Looking for gz-transport13 -- found version 13.5.0
[2.733s] -- Looking for gz-rendering8 -- found version 8.2.2
[2.733s] -- Searching for dependencies of gz-rendering8
[2.733s] -- Looking for gz-math7 -- found version 7.5.2
[2.734s] -- Searching for dependencies of gz-math7
[2.734s] -- Looking for gz-utils2 -- found version 2.2.1
[2.735s] -- Searching for <gz-math7> component [eigen3]
[2.735s] -- Looking for gz-math7-eigen3 -- found version 7.5.2
[2.735s] -- Searching for dependencies of gz-math7-eigen3
[2.738s] -- Looking for gz-common5 -- found version 5.7.1
[2.738s] -- Searching for dependencies of gz-common5
[2.738s] -- Looking for gz-utils2 -- found version 2.2.1
[2.739s] -- Looking for dlfcn.h - found
[2.739s] -- Looking for libdl - found
[2.747s] -- Searching for <gz-common5> component [graphics]
[2.747s] -- Searching for <gz-common5> component [events]
[2.748s] -- Searching for <gz-common5> component [geospatial]
[2.748s] -- Looking for gz-common5-geospatial -- found version 5.7.1
[2.748s] -- Searching for dependencies of gz-common5-geospatial
[2.749s] -- Looking for gz-math7 -- found version 7.5.2
[2.749s] -- Looking for gz-common5 -- found version 5.7.1
[2.751s] -- Looking for gz-plugin2 -- found version 2.0.4
[2.751s] -- Searching for dependencies of gz-plugin2
[2.752s] -- Looking for gz-utils2 -- found version 2.2.1
[2.752s] -- Searching for <gz-plugin2> component [all]
[2.752s] -- Looking for all libraries of gz-plugin2 -- found version 2.0.4
[2.753s] -- Looking for gz-plugin2 -- found version 2.0.4
[2.755s] -- Looking for gz-utils2 -- found version 2.2.1
[2.760s] -- Looking for gz-msgs10 -- found version 10.3.2
[2.789s] -- Looking for gz-physics7 -- found version 7.6.0
[2.790s] -- Searching for dependencies of gz-physics7
[2.791s] -- Looking for gz-common5 -- found version 5.7.1
[2.791s] -- Looking for gz-math7 -- found version 7.5.2
[2.792s] -- Looking for gz-plugin2 -- found version 2.0.4
[2.793s] -- Looking for gz-utils2 -- found version 2.2.1
[2.795s] -- Searching for <gz-physics7> component [heightmap]
[2.796s] -- Looking for gz-physics7-heightmap -- found version 7.6.0
[2.796s] -- Searching for dependencies of gz-physics7-heightmap
[2.797s] -- Looking for gz-common5 -- found version 5.7.1
[2.798s] -- Searching for <gz-physics7> component [mesh]
[2.800s] -- Looking for gz-physics7-mesh -- found version 7.6.0
[2.800s] -- Searching for dependencies of gz-physics7-mesh
[2.801s] -- Looking for gz-common5 -- found version 5.7.1
[2.803s] -- Searching for <gz-physics7> component [sdf]
[2.804s] -- Looking for gz-physics7-sdf -- found version 7.6.0
[2.804s] -- Searching for dependencies of gz-physics7-sdf
[2.805s] -- Looking for sdformat14 -- found version 14.8.0
[2.807s] -- Looking for gz-sensors8 -- found version 8.2.2
[2.808s] -- Searching for dependencies of gz-sensors8
[2.840s] -- Looking for gz-math7 -- found version 7.5.2
[2.840s] -- Looking for gz-common5 -- found version 5.7.1
[2.841s] -- Looking for gz-transport13 -- found version 13.5.0
[2.841s] -- Looking for gz-rendering8 -- found version 8.2.2
[2.841s] -- Looking for gz-msgs10 -- found version 10.3.2
[2.842s] -- Looking for sdformat14 -- found version 14.8.0
[2.843s] -- Searching for <gz-sensors8> component [air_pressure]
[2.843s] -- Looking for gz-sensors8-air_pressure -- found version 8.2.2
[2.844s] -- Searching for dependencies of gz-sensors8-air_pressure
[2.844s] -- Searching for <gz-sensors8> component [air_speed]
[2.844s] -- Looking for gz-sensors8-air_speed -- found version 8.2.2
[2.845s] -- Searching for dependencies of gz-sensors8-air_speed
[2.845s] -- Searching for <gz-sensors8> component [altimeter]
[2.846s] -- Looking for gz-sensors8-altimeter -- found version 8.2.2
[2.846s] -- Searching for dependencies of gz-sensors8-altimeter
[2.847s] -- Searching for <gz-sensors8> component [imu]
[2.847s] -- Looking for gz-sensors8-imu -- found version 8.2.2
[2.848s] -- Searching for dependencies of gz-sensors8-imu
[2.848s] -- Searching for <gz-sensors8> component [force_torque]
[2.848s] -- Looking for gz-sensors8-force_torque -- found version 8.2.2
[2.849s] -- Searching for dependencies of gz-sensors8-force_torque
[2.849s] -- Searching for <gz-sensors8> component [logical_camera]
[2.850s] -- Looking for gz-sensors8-logical_camera -- found version 8.2.2
[2.850s] -- Searching for dependencies of gz-sensors8-logical_camera
[2.851s] -- Searching for <gz-sensors8> component [magnetometer]
[2.851s] -- Looking for gz-sensors8-magnetometer -- found version 8.2.2
[2.852s] -- Searching for dependencies of gz-sensors8-magnetometer
[2.852s] -- Searching for <gz-sensors8> component [navsat]
[2.852s] -- Looking for gz-sensors8-navsat -- found version 8.2.2
[2.853s] -- Searching for dependencies of gz-sensors8-navsat
[2.853s] -- Searching for <gz-sensors8> component [dvl]
[2.854s] -- Looking for gz-sensors8-dvl -- found version 8.2.2
[2.854s] -- Searching for dependencies of gz-sensors8-dvl
[2.855s] -- Looking for gz-sensors8 -- found version 8.2.2
[2.855s] -- Searching for dependencies of gz-sensors8
[2.880s] -- Looking for gz-math7 -- found version 7.5.2
[2.881s] -- Looking for gz-common5 -- found version 5.7.1
[2.882s] -- Looking for gz-transport13 -- found version 13.5.0
[2.882s] -- Looking for gz-rendering8 -- found version 8.2.2
[2.883s] -- Looking for gz-msgs10 -- found version 10.3.2
[2.884s] -- Looking for sdformat14 -- found version 14.8.0
[2.884s] -- Searching for <gz-sensors8> component [rendering]
[2.885s] -- Looking for gz-sensors8-rendering -- found version 8.2.2
[2.885s] -- Searching for dependencies of gz-sensors8-rendering
[2.887s] -- Searching for <gz-sensors8> component [rendering]
[2.888s] -- Searching for <gz-sensors8> component [lidar]
[2.890s] -- Looking for gz-sensors8-lidar -- found version 8.2.2
[2.891s] -- Searching for dependencies of gz-sensors8-lidar
[2.891s] -- Looking for gz-sensors8 -- found version 8.2.2
[2.893s] -- Searching for <gz-sensors8> component [gpu_lidar]
[2.894s] -- Looking for gz-sensors8-gpu_lidar -- found version 8.2.2
[2.894s] -- Searching for dependencies of gz-sensors8-gpu_lidar
[2.895s] -- Looking for gz-sensors8 -- found version 8.2.2
[2.897s] -- Searching for <gz-sensors8> component [camera]
[2.897s] -- Looking for gz-sensors8-camera -- found version 8.2.2
[2.898s] -- Searching for dependencies of gz-sensors8-camera
[2.899s] -- Looking for gz-sensors8 -- found version 8.2.2
[2.900s] -- Searching for <gz-sensors8> component [boundingbox_camera]
[2.900s] -- Looking for gz-sensors8-boundingbox_camera -- found version 8.2.2
[2.901s] -- Searching for dependencies of gz-sensors8-boundingbox_camera
[2.901s] -- Searching for <gz-sensors8> component [segmentation_camera]
[2.903s] -- Looking for gz-sensors8-segmentation_camera -- found version 8.2.2
[2.903s] -- Searching for dependencies of gz-sensors8-segmentation_camera
[2.904s] -- Searching for <gz-sensors8> component [depth_camera]
[2.905s] -- Looking for gz-sensors8-depth_camera -- found version 8.2.2
[2.905s] -- Searching for dependencies of gz-sensors8-depth_camera
[2.905s] -- Looking for gz-sensors8 -- found version 8.2.2
[2.906s] -- Searching for <gz-sensors8> component [rgbd_camera]
[2.907s] -- Looking for gz-sensors8-rgbd_camera -- found version 8.2.2
[2.907s] -- Searching for dependencies of gz-sensors8-rgbd_camera
[2.907s] -- Looking for gz-sensors8 -- found version 8.2.2
[2.908s] -- Searching for <gz-sensors8> component [thermal_camera]
[2.909s] -- Looking for gz-sensors8-thermal_camera -- found version 8.2.2
[2.909s] -- Searching for dependencies of gz-sensors8-thermal_camera
[2.909s] -- Looking for gz-sensors8 -- found version 8.2.2
[2.910s] -- Searching for <gz-sensors8> component [wide_angle_camera]
[2.910s] -- Looking for gz-sensors8-wide_angle_camera -- found version 8.2.2
[2.910s] -- Searching for dependencies of gz-sensors8-wide_angle_camera
[2.911s] -- Looking for gz-rendering8 -- found version 8.2.2
[2.911s] -- Looking for gz-math7 -- found version 7.5.2
[2.912s] -- Looking for gz-utils2 -- found version 2.2.1
[2.938s] -- Looking for gz-plugin2 -- found version 2.0.4
[3.074s] -- Configuring done (3.0s)
[3.115s] -- Generating done (0.0s)
[3.124s] -- Build files have been written to: /root/ros_workspace/build/turtlebot3_gazebo
[3.423s] Invoked command in '/root/ros_workspace/build/turtlebot3_gazebo' returned '0': CMAKE_PREFIX_PATH=${CMAKE_PREFIX_PATH}:/root/ros_workspace/install/turtlebot3_teleop:/root/ros_workspace/install/turtlebot3_example:/root/ros_workspace/install/turtlebot3_control:/opt/ros/jazzy /usr/bin/cmake /root/ros_workspace/src/turtlebot3_simulations/turtlebot3_gazebo -DAMENT_CMAKE_SYMLINK_INSTALL=1 -DCMAKE_INSTALL_PREFIX=/root/ros_workspace/install/turtlebot3_gazebo
[3.423s] Invoking command in '/root/ros_workspace/build/turtlebot3_gazebo': CMAKE_PREFIX_PATH=${CMAKE_PREFIX_PATH}:/root/ros_workspace/install/turtlebot3_teleop:/root/ros_workspace/install/turtlebot3_example:/root/ros_workspace/install/turtlebot3_control:/opt/ros/jazzy /usr/bin/cmake --build /root/ros_workspace/build/turtlebot3_gazebo -- -j12 -l12
[3.535s] [ 50%] Built target obstacle2
[3.536s] [ 50%] Built target obstacle1
[3.539s] [ 75%] Built target obstacles
[3.539s] [100%] Built target turtlebot3_drive
[3.557s] Invoked command in '/root/ros_workspace/build/turtlebot3_gazebo' returned '0': CMAKE_PREFIX_PATH=${CMAKE_PREFIX_PATH}:/root/ros_workspace/install/turtlebot3_teleop:/root/ros_workspace/install/turtlebot3_example:/root/ros_workspace/install/turtlebot3_control:/opt/ros/jazzy /usr/bin/cmake --build /root/ros_workspace/build/turtlebot3_gazebo -- -j12 -l12
[3.559s] Invoking command in '/root/ros_workspace/build/turtlebot3_gazebo': CMAKE_PREFIX_PATH=${CMAKE_PREFIX_PATH}:/root/ros_workspace/install/turtlebot3_teleop:/root/ros_workspace/install/turtlebot3_example:/root/ros_workspace/install/turtlebot3_control:/opt/ros/jazzy /usr/bin/cmake --install /root/ros_workspace/build/turtlebot3_gazebo
[3.568s] -- Install configuration: ""
[3.569s] -- Execute custom install script
[3.571s] -- Up-to-date symlink: /root/ros_workspace/install/turtlebot3_gazebo/lib/turtlebot3_gazebo/turtlebot3_drive
[3.571s] -- Up-to-date symlink: /root/ros_workspace/install/turtlebot3_gazebo/lib/turtlebot3_gazebo/libobstacles.so
[3.572s] -- Up-to-date symlink: /root/ros_workspace/install/turtlebot3_gazebo/lib/turtlebot3_gazebo/libobstacle1.so
[3.572s] -- Up-to-date symlink: /root/ros_workspace/install/turtlebot3_gazebo/lib/turtlebot3_gazebo/libobstacle2.so
[3.573s] -- Up-to-date symlink: /root/ros_workspace/install/turtlebot3_gazebo/share/turtlebot3_gazebo//launch/empty_world.launch.py
[3.573s] -- Up-to-date symlink: /root/ros_workspace/install/turtlebot3_gazebo/share/turtlebot3_gazebo//launch/robot_state_publisher.launch.py
[3.573s] -- Up-to-date symlink: /root/ros_workspace/install/turtlebot3_gazebo/share/turtlebot3_gazebo//launch/spawn_turtlebot3.launch.py
[3.573s] -- Up-to-date symlink: /root/ros_workspace/install/turtlebot3_gazebo/share/turtlebot3_gazebo//launch/turtlebot3_dqn_stage1.launch.py
[3.573s] -- Up-to-date symlink: /root/ros_workspace/install/turtlebot3_gazebo/share/turtlebot3_gazebo//launch/turtlebot3_dqn_stage2.launch.py
[3.573s] -- Up-to-date symlink: /root/ros_workspace/install/turtlebot3_gazebo/share/turtlebot3_gazebo//launch/turtlebot3_dqn_stage3.launch.py
[3.573s] -- Up-to-date symlink: /root/ros_workspace/install/turtlebot3_gazebo/share/turtlebot3_gazebo//launch/turtlebot3_dqn_stage4.launch.py
[3.573s] -- Up-to-date symlink: /root/ros_workspace/install/turtlebot3_gazebo/share/turtlebot3_gazebo//launch/turtlebot3_house.launch.py
[3.574s] -- Up-to-date symlink: /root/ros_workspace/install/turtlebot3_gazebo/share/turtlebot3_gazebo//launch/turtlebot3_world.launch.py
[3.574s] -- Up-to-date symlink: /root/ros_workspace/install/turtlebot3_gazebo/share/turtlebot3_gazebo//models/turtlebot3_burger/model-1_4.sdf
[3.575s] -- Up-to-date symlink: /root/ros_workspace/install/turtlebot3_gazebo/share/turtlebot3_gazebo//models/turtlebot3_burger/model.config
[3.575s] -- Up-to-date symlink: /root/ros_workspace/install/turtlebot3_gazebo/share/turtlebot3_gazebo//models/turtlebot3_burger/model.sdf
[3.575s] -- Up-to-date symlink: /root/ros_workspace/install/turtlebot3_gazebo/share/turtlebot3_gazebo//models/turtlebot3_burger_cam/model-1_4.sdf
[3.576s] -- Up-to-date symlink: /root/ros_workspace/install/turtlebot3_gazebo/share/turtlebot3_gazebo//models/turtlebot3_burger_cam/model.config
[3.576s] -- Up-to-date symlink: /root/ros_workspace/install/turtlebot3_gazebo/share/turtlebot3_gazebo//models/turtlebot3_burger_cam/model.sdf
[3.576s] -- Up-to-date symlink: /root/ros_workspace/install/turtlebot3_gazebo/share/turtlebot3_gazebo//models/turtlebot3_common/meshes/bases/burger_base.stl
[3.576s] -- Up-to-date symlink: /root/ros_workspace/install/turtlebot3_gazebo/share/turtlebot3_gazebo//models/turtlebot3_common/meshes/bases/waffle_base.stl
[3.576s] -- Up-to-date symlink: /root/ros_workspace/install/turtlebot3_gazebo/share/turtlebot3_gazebo//models/turtlebot3_common/meshes/bases/waffle_pi_base.stl
[3.576s] -- Up-to-date symlink: /root/ros_workspace/install/turtlebot3_gazebo/share/turtlebot3_gazebo//models/turtlebot3_common/meshes/burger_base.dae
[3.576s] -- Up-to-date symlink: /root/ros_workspace/install/turtlebot3_gazebo/share/turtlebot3_gazebo//models/turtlebot3_common/meshes/lds.dae
[3.576s] -- Up-to-date symlink: /root/ros_workspace/install/turtlebot3_gazebo/share/turtlebot3_gazebo//models/turtlebot3_common/meshes/r200.dae
[3.577s] -- Up-to-date symlink: /root/ros_workspace/install/turtlebot3_gazebo/share/turtlebot3_gazebo//models/turtlebot3_common/meshes/sensors/astra.dae
[3.577s] -- Up-to-date symlink: /root/ros_workspace/install/turtlebot3_gazebo/share/turtlebot3_gazebo//models/turtlebot3_common/meshes/sensors/astra.jpg
[3.577s] -- Up-to-date symlink: /root/ros_workspace/install/turtlebot3_gazebo/share/turtlebot3_gazebo//models/turtlebot3_common/meshes/sensors/lds.stl
[3.577s] -- Up-to-date symlink: /root/ros_workspace/install/turtlebot3_gazebo/share/turtlebot3_gazebo//models/turtlebot3_common/meshes/sensors/r200.dae
[3.578s] -- Up-to-date symlink: /root/ros_workspace/install/turtlebot3_gazebo/share/turtlebot3_gazebo//models/turtlebot3_common/meshes/sensors/r200.jpg
[3.578s] -- Up-to-date symlink: /root/ros_workspace/install/turtlebot3_gazebo/share/turtlebot3_gazebo//models/turtlebot3_common/meshes/tire.dae
[3.578s] -- Up-to-date symlink: /root/ros_workspace/install/turtlebot3_gazebo/share/turtlebot3_gazebo//models/turtlebot3_common/meshes/waffle_base.dae
[3.579s] -- Up-to-date symlink: /root/ros_workspace/install/turtlebot3_gazebo/share/turtlebot3_gazebo//models/turtlebot3_common/meshes/waffle_pi_base.dae
[3.579s] -- Up-to-date symlink: /root/ros_workspace/install/turtlebot3_gazebo/share/turtlebot3_gazebo//models/turtlebot3_common/meshes/wheels/left_tire.stl
[3.579s] -- Up-to-date symlink: /root/ros_workspace/install/turtlebot3_gazebo/share/turtlebot3_gazebo//models/turtlebot3_common/meshes/wheels/right_tire.stl
[3.579s] -- Up-to-date symlink: /root/ros_workspace/install/turtlebot3_gazebo/share/turtlebot3_gazebo//models/turtlebot3_common/model.config
[3.579s] -- Up-to-date symlink: /root/ros_workspace/install/turtlebot3_gazebo/share/turtlebot3_gazebo//models/turtlebot3_dqn_world/goal_box/model.config
[3.580s] -- Up-to-date symlink: /root/ros_workspace/install/turtlebot3_gazebo/share/turtlebot3_gazebo//models/turtlebot3_dqn_world/goal_box/model.sdf
[3.580s] -- Up-to-date symlink: /root/ros_workspace/install/turtlebot3_gazebo/share/turtlebot3_gazebo//models/turtlebot3_dqn_world/inner_walls/model.config
[3.580s] -- Up-to-date symlink: /root/ros_workspace/install/turtlebot3_gazebo/share/turtlebot3_gazebo//models/turtlebot3_dqn_world/inner_walls/model.sdf
[3.580s] -- Up-to-date symlink: /root/ros_workspace/install/turtlebot3_gazebo/share/turtlebot3_gazebo//models/turtlebot3_dqn_world/inner_walls/textures/wood.png
[3.580s] -- Up-to-date symlink: /root/ros_workspace/install/turtlebot3_gazebo/share/turtlebot3_gazebo//models/turtlebot3_dqn_world/model.config
[3.580s] -- Up-to-date symlink: /root/ros_workspace/install/turtlebot3_gazebo/share/turtlebot3_gazebo//models/turtlebot3_dqn_world/model.sdf
[3.580s] -- Up-to-date symlink: /root/ros_workspace/install/turtlebot3_gazebo/share/turtlebot3_gazebo//models/turtlebot3_dqn_world/obstacle1/model.config
[3.581s] -- Up-to-date symlink: /root/ros_workspace/install/turtlebot3_gazebo/share/turtlebot3_gazebo//models/turtlebot3_dqn_world/obstacle1/model.sdf
[3.581s] -- Up-to-date symlink: /root/ros_workspace/install/turtlebot3_gazebo/share/turtlebot3_gazebo//models/turtlebot3_dqn_world/obstacle2/model.config
[3.581s] -- Up-to-date symlink: /root/ros_workspace/install/turtlebot3_gazebo/share/turtlebot3_gazebo//models/turtlebot3_dqn_world/obstacle2/model.sdf
[3.582s] -- Up-to-date symlink: /root/ros_workspace/install/turtlebot3_gazebo/share/turtlebot3_gazebo//models/turtlebot3_dqn_world/obstacles/model.config
[3.582s] -- Up-to-date symlink: /root/ros_workspace/install/turtlebot3_gazebo/share/turtlebot3_gazebo//models/turtlebot3_dqn_world/obstacles/model.sdf
[3.582s] -- Up-to-date symlink: /root/ros_workspace/install/turtlebot3_gazebo/share/turtlebot3_gazebo//models/turtlebot3_dqn_world/textures/wood.png
[3.582s] -- Up-to-date symlink: /root/ros_workspace/install/turtlebot3_gazebo/share/turtlebot3_gazebo//models/turtlebot3_house/cafe_table/materials/textures/Maple.jpg
[3.582s] -- Up-to-date symlink: /root/ros_workspace/install/turtlebot3_gazebo/share/turtlebot3_gazebo//models/turtlebot3_house/cafe_table/materials/textures/Wood_Floor_Dark.jpg
[3.582s] -- Up-to-date symlink: /root/ros_workspace/install/turtlebot3_gazebo/share/turtlebot3_gazebo//models/turtlebot3_house/cafe_table/meshes/cafe_table.dae
[3.583s] -- Up-to-date symlink: /root/ros_workspace/install/turtlebot3_gazebo/share/turtlebot3_gazebo//models/turtlebot3_house/cafe_table/model-1_4.sdf
[3.583s] -- Up-to-date symlink: /root/ros_workspace/install/turtlebot3_gazebo/share/turtlebot3_gazebo//models/turtlebot3_house/cafe_table/model.config
[3.583s] -- Up-to-date symlink: /root/ros_workspace/install/turtlebot3_gazebo/share/turtlebot3_gazebo//models/turtlebot3_house/cafe_table/model.sdf
[3.583s] -- Up-to-date symlink: /root/ros_workspace/install/turtlebot3_gazebo/share/turtlebot3_gazebo//models/turtlebot3_house/first_2015_trash_can/meshes/trash_can.dae
[3.583s] -- Up-to-date symlink: /root/ros_workspace/install/turtlebot3_gazebo/share/turtlebot3_gazebo//models/turtlebot3_house/first_2015_trash_can/model.config
[3.584s] -- Up-to-date symlink: /root/ros_workspace/install/turtlebot3_gazebo/share/turtlebot3_gazebo//models/turtlebot3_house/first_2015_trash_can/model.sdf
[3.584s] -- Up-to-date symlink: /root/ros_workspace/install/turtlebot3_gazebo/share/turtlebot3_gazebo//models/turtlebot3_house/mailbox/materials/scripts/mailbox.material
[3.584s] -- Up-to-date symlink: /root/ros_workspace/install/turtlebot3_gazebo/share/turtlebot3_gazebo//models/turtlebot3_house/mailbox/materials/textures/Mailbox_Diffuse.png
[3.585s] -- Up-to-date symlink: /root/ros_workspace/install/turtlebot3_gazebo/share/turtlebot3_gazebo//models/turtlebot3_house/mailbox/materials/textures/Mailbox_Diffuse.tga.orig
[3.585s] -- Up-to-date symlink: /root/ros_workspace/install/turtlebot3_gazebo/share/turtlebot3_gazebo//models/turtlebot3_house/mailbox/materials/textures/Mailbox_Spec.png
[3.585s] -- Up-to-date symlink: /root/ros_workspace/install/turtlebot3_gazebo/share/turtlebot3_gazebo//models/turtlebot3_house/mailbox/meshes/mailbox.dae
[3.585s] -- Up-to-date symlink: /root/ros_workspace/install/turtlebot3_gazebo/share/turtlebot3_gazebo//models/turtlebot3_house/mailbox/model-1_3.sdf
[3.585s] -- Up-to-date symlink: /root/ros_workspace/install/turtlebot3_gazebo/share/turtlebot3_gazebo//models/turtlebot3_house/mailbox/model-1_4.sdf
[3.585s] -- Up-to-date symlink: /root/ros_workspace/install/turtlebot3_gazebo/share/turtlebot3_gazebo//models/turtlebot3_house/mailbox/model.config
[3.586s] -- Up-to-date symlink: /root/ros_workspace/install/turtlebot3_gazebo/share/turtlebot3_gazebo//models/turtlebot3_house/mailbox/model.sdf
[3.586s] -- Up-to-date symlink: /root/ros_workspace/install/turtlebot3_gazebo/share/turtlebot3_gazebo//models/turtlebot3_house/model.config
[3.587s] -- Up-to-date symlink: /root/ros_workspace/install/turtlebot3_gazebo/share/turtlebot3_gazebo//models/turtlebot3_house/model.sdf
[3.587s] -- Up-to-date symlink: /root/ros_workspace/install/turtlebot3_gazebo/share/turtlebot3_gazebo//models/turtlebot3_house/table_marble/materials/scripts/table_lightmap.material
[3.587s] -- Up-to-date symlink: /root/ros_workspace/install/turtlebot3_gazebo/share/turtlebot3_gazebo//models/turtlebot3_house/table_marble/materials/textures/marble.png
[3.588s] -- Up-to-date symlink: /root/ros_workspace/install/turtlebot3_gazebo/share/turtlebot3_gazebo//models/turtlebot3_house/table_marble/materials/textures/table_lightmap.png
[3.588s] -- Up-to-date symlink: /root/ros_workspace/install/turtlebot3_gazebo/share/turtlebot3_gazebo//models/turtlebot3_house/table_marble/meshes/table_lightmap.dae
[3.588s] -- Up-to-date symlink: /root/ros_workspace/install/turtlebot3_gazebo/share/turtlebot3_gazebo//models/turtlebot3_house/table_marble/model-1_4.sdf
[3.589s] -- Up-to-date symlink: /root/ros_workspace/install/turtlebot3_gazebo/share/turtlebot3_gazebo//models/turtlebot3_house/table_marble/model.config
[3.589s] -- Up-to-date symlink: /root/ros_workspace/install/turtlebot3_gazebo/share/turtlebot3_gazebo//models/turtlebot3_house/table_marble/model.sdf
[3.589s] -- Up-to-date symlink: /root/ros_workspace/install/turtlebot3_gazebo/share/turtlebot3_gazebo//models/turtlebot3_house/textures/bricks.png
[3.589s] -- Up-to-date symlink: /root/ros_workspace/install/turtlebot3_gazebo/share/turtlebot3_gazebo//models/turtlebot3_house/textures/wood.png
[3.589s] -- Up-to-date symlink: /root/ros_workspace/install/turtlebot3_gazebo/share/turtlebot3_gazebo//models/turtlebot3_waffle/model-1_4.sdf
[3.589s] -- Up-to-date symlink: /root/ros_workspace/install/turtlebot3_gazebo/share/turtlebot3_gazebo//models/turtlebot3_waffle/model.config
[3.590s] -- Up-to-date symlink: /root/ros_workspace/install/turtlebot3_gazebo/share/turtlebot3_gazebo//models/turtlebot3_waffle/model.sdf
[3.590s] -- Up-to-date symlink: /root/ros_workspace/install/turtlebot3_gazebo/share/turtlebot3_gazebo//models/turtlebot3_waffle_pi/model-1_4_.sdf
[3.590s] -- Up-to-date symlink: /root/ros_workspace/install/turtlebot3_gazebo/share/turtlebot3_gazebo//models/turtlebot3_waffle_pi/model.config
[3.590s] -- Up-to-date symlink: /root/ros_workspace/install/turtlebot3_gazebo/share/turtlebot3_gazebo//models/turtlebot3_waffle_pi/model.sdf
[3.591s] -- Up-to-date symlink: /root/ros_workspace/install/turtlebot3_gazebo/share/turtlebot3_gazebo//models/turtlebot3_world/meshes/hexagon.dae
[3.591s] -- Up-to-date symlink: /root/ros_workspace/install/turtlebot3_gazebo/share/turtlebot3_gazebo//models/turtlebot3_world/meshes/wall.dae
[3.592s] -- Up-to-date symlink: /root/ros_workspace/install/turtlebot3_gazebo/share/turtlebot3_gazebo//models/turtlebot3_world/model-1_4.sdf
[3.592s] -- Up-to-date symlink: /root/ros_workspace/install/turtlebot3_gazebo/share/turtlebot3_gazebo//models/turtlebot3_world/model.config
[3.592s] -- Up-to-date symlink: /root/ros_workspace/install/turtlebot3_gazebo/share/turtlebot3_gazebo//models/turtlebot3_world/model.sdf
[3.593s] -- Up-to-date symlink: /root/ros_workspace/install/turtlebot3_gazebo/share/turtlebot3_gazebo//params/turtlebot3_burger_bridge.yaml
[3.593s] -- Up-to-date symlink: /root/ros_workspace/install/turtlebot3_gazebo/share/turtlebot3_gazebo//params/turtlebot3_burger_cam_bridge.yaml
[3.593s] -- Up-to-date symlink: /root/ros_workspace/install/turtlebot3_gazebo/share/turtlebot3_gazebo//params/turtlebot3_waffle_bridge.yaml
[3.594s] -- Up-to-date symlink: /root/ros_workspace/install/turtlebot3_gazebo/share/turtlebot3_gazebo//params/turtlebot3_waffle_pi_bridge.yaml
[3.594s] -- Up-to-date symlink: /root/ros_workspace/install/turtlebot3_gazebo/share/turtlebot3_gazebo//rviz/tb3_gazebo.rviz
[3.594s] -- Up-to-date symlink: /root/ros_workspace/install/turtlebot3_gazebo/share/turtlebot3_gazebo//urdf/common_properties.urdf
[3.595s] -- Up-to-date symlink: /root/ros_workspace/install/turtlebot3_gazebo/share/turtlebot3_gazebo//urdf/turtlebot3_burger.urdf
[3.595s] -- Up-to-date symlink: /root/ros_workspace/install/turtlebot3_gazebo/share/turtlebot3_gazebo//urdf/turtlebot3_burger_cam.urdf
[3.595s] -- Up-to-date symlink: /root/ros_workspace/install/turtlebot3_gazebo/share/turtlebot3_gazebo//urdf/turtlebot3_waffle.urdf
[3.595s] -- Up-to-date symlink: /root/ros_workspace/install/turtlebot3_gazebo/share/turtlebot3_gazebo//urdf/turtlebot3_waffle_pi.urdf
[3.595s] -- Up-to-date symlink: /root/ros_workspace/install/turtlebot3_gazebo/share/turtlebot3_gazebo//worlds/empty_world.world
[3.595s] -- Up-to-date symlink: /root/ros_workspace/install/turtlebot3_gazebo/share/turtlebot3_gazebo//worlds/turtlebot3_autorace_2020.world
[3.595s] -- Up-to-date symlink: /root/ros_workspace/install/turtlebot3_gazebo/share/turtlebot3_gazebo//worlds/turtlebot3_dqn_stage1.world
[3.596s] -- Up-to-date symlink: /root/ros_workspace/install/turtlebot3_gazebo/share/turtlebot3_gazebo//worlds/turtlebot3_dqn_stage2.world
[3.596s] -- Up-to-date symlink: /root/ros_workspace/install/turtlebot3_gazebo/share/turtlebot3_gazebo//worlds/turtlebot3_dqn_stage3.world
[3.596s] -- Up-to-date symlink: /root/ros_workspace/install/turtlebot3_gazebo/share/turtlebot3_gazebo//worlds/turtlebot3_dqn_stage4.world
[3.596s] -- Up-to-date symlink: /root/ros_workspace/install/turtlebot3_gazebo/share/turtlebot3_gazebo//worlds/turtlebot3_house.world
[3.596s] -- Up-to-date symlink: /root/ros_workspace/install/turtlebot3_gazebo/share/turtlebot3_gazebo//worlds/turtlebot3_world.world
[3.596s] -- Up-to-date symlink: /root/ros_workspace/install/turtlebot3_gazebo/include//turtlebot3_gazebo/obstacle1.hpp
[3.596s] -- Up-to-date symlink: /root/ros_workspace/install/turtlebot3_gazebo/include//turtlebot3_gazebo/obstacle2.hpp
[3.596s] -- Up-to-date symlink: /root/ros_workspace/install/turtlebot3_gazebo/include//turtlebot3_gazebo/obstacles.hpp
[3.596s] -- Up-to-date symlink: /root/ros_workspace/install/turtlebot3_gazebo/include//turtlebot3_gazebo/traffic_bar_plugin.hpp
[3.596s] -- Up-to-date symlink: /root/ros_workspace/install/turtlebot3_gazebo/include//turtlebot3_gazebo/traffic_light_plugin.hpp
[3.597s] -- Up-to-date symlink: /root/ros_workspace/install/turtlebot3_gazebo/include//turtlebot3_gazebo/turtlebot3_drive.hpp
[3.597s] -- Up-to-date symlink: /root/ros_workspace/install/turtlebot3_gazebo/share/ament_index/resource_index/package_run_dependencies/turtlebot3_gazebo
[3.597s] -- Up-to-date symlink: /root/ros_workspace/install/turtlebot3_gazebo/share/ament_index/resource_index/parent_prefix_path/turtlebot3_gazebo
[3.597s] -- Up-to-date symlink: /root/ros_workspace/install/turtlebot3_gazebo/share/turtlebot3_gazebo/environment/ament_prefix_path.sh
[3.597s] -- Up-to-date symlink: /root/ros_workspace/install/turtlebot3_gazebo/share/turtlebot3_gazebo/environment/ament_prefix_path.dsv
[3.597s] -- Up-to-date symlink: /root/ros_workspace/install/turtlebot3_gazebo/share/turtlebot3_gazebo/environment/path.sh
[3.597s] -- Up-to-date symlink: /root/ros_workspace/install/turtlebot3_gazebo/share/turtlebot3_gazebo/environment/path.dsv
[3.597s] -- Up-to-date symlink: /root/ros_workspace/install/turtlebot3_gazebo/share/turtlebot3_gazebo/local_setup.bash
[3.597s] -- Up-to-date symlink: /root/ros_workspace/install/turtlebot3_gazebo/share/turtlebot3_gazebo/local_setup.sh
[3.597s] -- Up-to-date symlink: /root/ros_workspace/install/turtlebot3_gazebo/share/turtlebot3_gazebo/local_setup.zsh
[3.597s] -- Up-to-date symlink: /root/ros_workspace/install/turtlebot3_gazebo/share/turtlebot3_gazebo/local_setup.dsv
[3.597s] -- Symlinking: /root/ros_workspace/install/turtlebot3_gazebo/share/turtlebot3_gazebo/package.dsv
[3.610s] -- Up-to-date symlink: /root/ros_workspace/install/turtlebot3_gazebo/share/ament_index/resource_index/packages/turtlebot3_gazebo
[3.611s] -- Up-to-date symlink: /root/ros_workspace/install/turtlebot3_gazebo/share/turtlebot3_gazebo/cmake/ament_cmake_export_include_directories-extras.cmake
[3.611s] -- Up-to-date symlink: /root/ros_workspace/install/turtlebot3_gazebo/share/turtlebot3_gazebo/cmake/ament_cmake_export_dependencies-extras.cmake
[3.612s] -- Up-to-date symlink: /root/ros_workspace/install/turtlebot3_gazebo/share/turtlebot3_gazebo/cmake/turtlebot3_gazeboConfig.cmake
[3.612s] -- Up-to-date symlink: /root/ros_workspace/install/turtlebot3_gazebo/share/turtlebot3_gazebo/cmake/turtlebot3_gazeboConfig-version.cmake
[3.612s] -- Up-to-date symlink: /root/ros_workspace/install/turtlebot3_gazebo/share/turtlebot3_gazebo/package.xml
[3.615s] Invoked command in '/root/ros_workspace/build/turtlebot3_gazebo' returned '0': CMAKE_PREFIX_PATH=${CMAKE_PREFIX_PATH}:/root/ros_workspace/install/turtlebot3_teleop:/root/ros_workspace/install/turtlebot3_example:/root/ros_workspace/install/turtlebot3_control:/opt/ros/jazzy /usr/bin/cmake --install /root/ros_workspace/build/turtlebot3_gazebo
