[0.073s] Invoking command in '/root/ros_workspace/build/turtlebot3_bringup': AMENT_PREFIX_PATH=/root/ros_workspace/install/turtlebot3_node:/root/ros_workspace/install/turtlebot3_msgs:/root/ros_workspace/install/turtlebot3_description:/root/ros_workspace/install/dynamixel_sdk CMAKE_PREFIX_PATH=/root/ros_workspace/install/turtlebot3_node:/root/ros_workspace/install/turtlebot3_msgs:/root/ros_workspace/install/turtlebot3_description:/root/ros_workspace/install/dynamixel_sdk LD_LIBRARY_PATH=/root/ros_workspace/install/turtlebot3_msgs/lib:/root/ros_workspace/install/dynamixel_sdk/lib PYTHONPATH=/root/ros_workspace/install/turtlebot3_msgs/lib/python3.12/site-packages:/root/ros_workspace/install/dynamixel_sdk/lib/python3.12/site-packages /usr/bin/cmake --build /root/ros_workspace/build/turtlebot3_bringup -- -j12 -l12
[0.249s] Invoked command in '/root/ros_workspace/build/turtlebot3_bringup' returned '0': AMENT_PREFIX_PATH=/root/ros_workspace/install/turtlebot3_node:/root/ros_workspace/install/turtlebot3_msgs:/root/ros_workspace/install/turtlebot3_description:/root/ros_workspace/install/dynamixel_sdk CMAKE_PREFIX_PATH=/root/ros_workspace/install/turtlebot3_node:/root/ros_workspace/install/turtlebot3_msgs:/root/ros_workspace/install/turtlebot3_description:/root/ros_workspace/install/dynamixel_sdk LD_LIBRARY_PATH=/root/ros_workspace/install/turtlebot3_msgs/lib:/root/ros_workspace/install/dynamixel_sdk/lib PYTHONPATH=/root/ros_workspace/install/turtlebot3_msgs/lib/python3.12/site-packages:/root/ros_workspace/install/dynamixel_sdk/lib/python3.12/site-packages /usr/bin/cmake --build /root/ros_workspace/build/turtlebot3_bringup -- -j12 -l12
[0.251s] Invoking command in '/root/ros_workspace/build/turtlebot3_bringup': AMENT_PREFIX_PATH=/root/ros_workspace/install/turtlebot3_node:/root/ros_workspace/install/turtlebot3_msgs:/root/ros_workspace/install/turtlebot3_description:/root/ros_workspace/install/dynamixel_sdk CMAKE_PREFIX_PATH=/root/ros_workspace/install/turtlebot3_node:/root/ros_workspace/install/turtlebot3_msgs:/root/ros_workspace/install/turtlebot3_description:/root/ros_workspace/install/dynamixel_sdk LD_LIBRARY_PATH=/root/ros_workspace/install/turtlebot3_msgs/lib:/root/ros_workspace/install/dynamixel_sdk/lib PYTHONPATH=/root/ros_workspace/install/turtlebot3_msgs/lib/python3.12/site-packages:/root/ros_workspace/install/dynamixel_sdk/lib/python3.12/site-packages /usr/bin/cmake --install /root/ros_workspace/build/turtlebot3_bringup
[0.358s] -- Install configuration: ""
[0.359s] -- Execute custom install script
[0.360s] -- Up-to-date symlink: /root/ros_workspace/install/turtlebot3_bringup/share/turtlebot3_bringup/launch/camera.launch.py
[0.361s] -- Up-to-date symlink: /root/ros_workspace/install/turtlebot3_bringup/share/turtlebot3_bringup/launch/robot.launch.py
[0.361s] -- Up-to-date symlink: /root/ros_workspace/install/turtlebot3_bringup/share/turtlebot3_bringup/launch/rviz2.launch.py
[0.362s] -- Up-to-date symlink: /root/ros_workspace/install/turtlebot3_bringup/share/turtlebot3_bringup/launch/turtlebot3_state_publisher.launch.py
[0.362s] -- Up-to-date symlink: /root/ros_workspace/install/turtlebot3_bringup/share/turtlebot3_bringup/param/burger.yaml
[0.363s] -- Up-to-date symlink: /root/ros_workspace/install/turtlebot3_bringup/share/turtlebot3_bringup/param/humble/burger.yaml
[0.363s] -- Up-to-date symlink: /root/ros_workspace/install/turtlebot3_bringup/share/turtlebot3_bringup/param/humble/waffle.yaml
[0.363s] -- Up-to-date symlink: /root/ros_workspace/install/turtlebot3_bringup/share/turtlebot3_bringup/param/humble/waffle_pi.yaml
[0.364s] -- Up-to-date symlink: /root/ros_workspace/install/turtlebot3_bringup/share/turtlebot3_bringup/param/waffle.yaml
[0.364s] -- Up-to-date symlink: /root/ros_workspace/install/turtlebot3_bringup/share/turtlebot3_bringup/param/waffle_pi.yaml
[0.366s] -- Up-to-date symlink: /root/ros_workspace/install/turtlebot3_bringup/share/turtlebot3_bringup/script/99-turtlebot3-cdc.rules
[0.369s] -- Up-to-date symlink: /root/ros_workspace/install/turtlebot3_bringup/share/turtlebot3_bringup/script/create_udev_rules
[0.370s] -- Up-to-date symlink: /root/ros_workspace/install/turtlebot3_bringup/share/ament_index/resource_index/package_run_dependencies/turtlebot3_bringup
[0.370s] -- Up-to-date symlink: /root/ros_workspace/install/turtlebot3_bringup/share/ament_index/resource_index/parent_prefix_path/turtlebot3_bringup
[0.370s] -- Up-to-date symlink: /root/ros_workspace/install/turtlebot3_bringup/share/turtlebot3_bringup/environment/ament_prefix_path.sh
[0.371s] -- Up-to-date symlink: /root/ros_workspace/install/turtlebot3_bringup/share/turtlebot3_bringup/environment/ament_prefix_path.dsv
[0.372s] -- Up-to-date symlink: /root/ros_workspace/install/turtlebot3_bringup/share/turtlebot3_bringup/environment/path.sh
[0.373s] -- Up-to-date symlink: /root/ros_workspace/install/turtlebot3_bringup/share/turtlebot3_bringup/environment/path.dsv
[0.382s] -- Up-to-date symlink: /root/ros_workspace/install/turtlebot3_bringup/share/turtlebot3_bringup/local_setup.bash
[0.382s] -- Up-to-date symlink: /root/ros_workspace/install/turtlebot3_bringup/share/turtlebot3_bringup/local_setup.sh
[0.383s] -- Up-to-date symlink: /root/ros_workspace/install/turtlebot3_bringup/share/turtlebot3_bringup/local_setup.zsh
[0.383s] -- Up-to-date symlink: /root/ros_workspace/install/turtlebot3_bringup/share/turtlebot3_bringup/local_setup.dsv
[0.384s] -- Symlinking: /root/ros_workspace/install/turtlebot3_bringup/share/turtlebot3_bringup/package.dsv
[0.385s] -- Up-to-date symlink: /root/ros_workspace/install/turtlebot3_bringup/share/ament_index/resource_index/packages/turtlebot3_bringup
[0.386s] -- Up-to-date symlink: /root/ros_workspace/install/turtlebot3_bringup/share/turtlebot3_bringup/cmake/turtlebot3_bringupConfig.cmake
[0.386s] -- Up-to-date symlink: /root/ros_workspace/install/turtlebot3_bringup/share/turtlebot3_bringup/cmake/turtlebot3_bringupConfig-version.cmake
[0.386s] -- Up-to-date symlink: /root/ros_workspace/install/turtlebot3_bringup/share/turtlebot3_bringup/package.xml
[0.392s] Invoked command in '/root/ros_workspace/build/turtlebot3_bringup' returned '0': AMENT_PREFIX_PATH=/root/ros_workspace/install/turtlebot3_node:/root/ros_workspace/install/turtlebot3_msgs:/root/ros_workspace/install/turtlebot3_description:/root/ros_workspace/install/dynamixel_sdk CMAKE_PREFIX_PATH=/root/ros_workspace/install/turtlebot3_node:/root/ros_workspace/install/turtlebot3_msgs:/root/ros_workspace/install/turtlebot3_description:/root/ros_workspace/install/dynamixel_sdk LD_LIBRARY_PATH=/root/ros_workspace/install/turtlebot3_msgs/lib:/root/ros_workspace/install/dynamixel_sdk/lib PYTHONPATH=/root/ros_workspace/install/turtlebot3_msgs/lib/python3.12/site-packages:/root/ros_workspace/install/dynamixel_sdk/lib/python3.12/site-packages /usr/bin/cmake --install /root/ros_workspace/build/turtlebot3_bringup
