[4.677s] Invoking command in '/root/ros_workspace/src/turtlebot3_control': PYTHONPATH=/root/ros_workspace/build/turtlebot3_control/prefix_override:/usr/lib/python3/dist-packages/colcon_core/task/python/colcon_distutils_commands:/root/ros_workspace/install/turtlebot3_control/lib/python3.12/site-packages:${PYTHONPATH} /usr/bin/python3 -W ignore:setup.py install is deprecated -W ignore:easy_install command is deprecated setup.py egg_info --egg-base ../../build/turtlebot3_control build --build-base /root/ros_workspace/build/turtlebot3_control/build install --record /root/ros_workspace/build/turtlebot3_control/install.log --single-version-externally-managed install_data
[5.608s] running egg_info
[5.648s] writing ../../build/turtlebot3_control/turtlebot3_control.egg-info/PKG-INFO
[5.649s] writing dependency_links to ../../build/turtlebot3_control/turtlebot3_control.egg-info/dependency_links.txt
[5.649s] writing entry points to ../../build/turtlebot3_control/turtlebot3_control.egg-info/entry_points.txt
[5.650s] writing requirements to ../../build/turtlebot3_control/turtlebot3_control.egg-info/requires.txt
[5.650s] writing top-level names to ../../build/turtlebot3_control/turtlebot3_control.egg-info/top_level.txt
[5.777s] reading manifest file '../../build/turtlebot3_control/turtlebot3_control.egg-info/SOURCES.txt'
[5.787s] writing manifest file '../../build/turtlebot3_control/turtlebot3_control.egg-info/SOURCES.txt'
[5.795s] running build
[5.798s] running build_py
[5.798s] copying turtlebot3_control/waypoint_controller.py -> /root/ros_workspace/build/turtlebot3_control/build/lib/turtlebot3_control
[5.798s] running install
[5.817s] running install_lib
[5.860s] copying /root/ros_workspace/build/turtlebot3_control/build/lib/turtlebot3_control/waypoint_controller.py -> /root/ros_workspace/install/turtlebot3_control/lib/python3.12/site-packages/turtlebot3_control
[5.862s] byte-compiling /root/ros_workspace/install/turtlebot3_control/lib/python3.12/site-packages/turtlebot3_control/waypoint_controller.py to waypoint_controller.cpython-312.pyc
[5.865s] running install_data
[5.871s] running install_egg_info
[5.928s] removing '/root/ros_workspace/install/turtlebot3_control/lib/python3.12/site-packages/turtlebot3_control-0.0.0-py3.12.egg-info' (and everything under it)
[5.929s] Copying ../../build/turtlebot3_control/turtlebot3_control.egg-info to /root/ros_workspace/install/turtlebot3_control/lib/python3.12/site-packages/turtlebot3_control-0.0.0-py3.12.egg-info
[5.938s] running install_scripts
[6.277s] Installing waypoint_controller script to /root/ros_workspace/install/turtlebot3_control/lib/turtlebot3_control
[6.277s] writing list of installed files to '/root/ros_workspace/build/turtlebot3_control/install.log'
[6.368s] Invoked command in '/root/ros_workspace/src/turtlebot3_control' returned '0': PYTHONPATH=/root/ros_workspace/build/turtlebot3_control/prefix_override:/usr/lib/python3/dist-packages/colcon_core/task/python/colcon_distutils_commands:/root/ros_workspace/install/turtlebot3_control/lib/python3.12/site-packages:${PYTHONPATH} /usr/bin/python3 -W ignore:setup.py install is deprecated -W ignore:easy_install command is deprecated setup.py egg_info --egg-base ../../build/turtlebot3_control build --build-base /root/ros_workspace/build/turtlebot3_control/build install --record /root/ros_workspace/build/turtlebot3_control/install.log --single-version-externally-managed install_data
