[0.035s] Invoking command in '/root/ros_workspace/build/turtlebot3_bringup': AMENT_PREFIX_PATH=/root/ros_workspace/install/turtlebot3_node:/root/ros_workspace/install/turtlebot3_msgs:/root/ros_workspace/install/turtlebot3_description:/root/ros_workspace/install/dynamixel_sdk:${AMENT_PREFIX_PATH} CMAKE_PREFIX_PATH=/root/ros_workspace/install/turtlebot3_node:/root/ros_workspace/install/turtlebot3_msgs:/root/ros_workspace/install/turtlebot3_description:/root/ros_workspace/install/dynamixel_sdk:/opt/ros/jazzy/opt/gz_sim_vendor:/opt/ros/jazzy/opt/gz_sensors_vendor:/opt/ros/jazzy/opt/gz_physics_vendor:/opt/ros/jazzy/opt/sdformat_vendor:/opt/ros/jazzy/opt/gz_gui_vendor:/opt/ros/jazzy/opt/gz_transport_vendor:/opt/ros/jazzy/opt/gz_rendering_vendor:/opt/ros/jazzy/opt/gz_plugin_vendor:/opt/ros/jazzy/opt/gz_fuel_tools_vendor:/opt/ros/jazzy/opt/gz_msgs_vendor:/opt/ros/jazzy/opt/gz_common_vendor:/opt/ros/jazzy/opt/gz_math_vendor:/opt/ros/jazzy/opt/gz_utils_vendor:/opt/ros/jazzy/opt/gz_tools_vendor:/opt/ros/jazzy/opt/gz_ogre_next_vendor:/opt/ros/jazzy/opt/gz_dartsim_vendor:/opt/ros/jazzy/opt/gz_cmake_vendor:/opt/ros/jazzy LD_LIBRARY_PATH=/root/ros_workspace/install/turtlebot3_msgs/lib:/root/ros_workspace/install/dynamixel_sdk/lib:${LD_LIBRARY_PATH} PYTHONPATH=/root/ros_workspace/install/turtlebot3_msgs/lib/python3.12/site-packages:/root/ros_workspace/install/dynamixel_sdk/lib/python3.12/site-packages:${PYTHONPATH} /usr/bin/cmake --build /root/ros_workspace/build/turtlebot3_bringup -- -j8 -l8
[0.116s] -- Found ament_cmake: 2.5.4 (/opt/ros/jazzy/share/ament_cmake/cmake)
[0.517s] -- Override CMake install command with custom implementation using symlinks instead of copying resources
[0.675s] -- Configuring done (0.6s)
[0.687s] -- Generating done (0.0s)
[0.692s] -- Build files have been written to: /root/ros_workspace/build/turtlebot3_bringup
[0.746s] Invoked command in '/root/ros_workspace/build/turtlebot3_bringup' returned '0': AMENT_PREFIX_PATH=/root/ros_workspace/install/turtlebot3_node:/root/ros_workspace/install/turtlebot3_msgs:/root/ros_workspace/install/turtlebot3_description:/root/ros_workspace/install/dynamixel_sdk:${AMENT_PREFIX_PATH} CMAKE_PREFIX_PATH=/root/ros_workspace/install/turtlebot3_node:/root/ros_workspace/install/turtlebot3_msgs:/root/ros_workspace/install/turtlebot3_description:/root/ros_workspace/install/dynamixel_sdk:/opt/ros/jazzy/opt/gz_sim_vendor:/opt/ros/jazzy/opt/gz_sensors_vendor:/opt/ros/jazzy/opt/gz_physics_vendor:/opt/ros/jazzy/opt/sdformat_vendor:/opt/ros/jazzy/opt/gz_gui_vendor:/opt/ros/jazzy/opt/gz_transport_vendor:/opt/ros/jazzy/opt/gz_rendering_vendor:/opt/ros/jazzy/opt/gz_plugin_vendor:/opt/ros/jazzy/opt/gz_fuel_tools_vendor:/opt/ros/jazzy/opt/gz_msgs_vendor:/opt/ros/jazzy/opt/gz_common_vendor:/opt/ros/jazzy/opt/gz_math_vendor:/opt/ros/jazzy/opt/gz_utils_vendor:/opt/ros/jazzy/opt/gz_tools_vendor:/opt/ros/jazzy/opt/gz_ogre_next_vendor:/opt/ros/jazzy/opt/gz_dartsim_vendor:/opt/ros/jazzy/opt/gz_cmake_vendor:/opt/ros/jazzy LD_LIBRARY_PATH=/root/ros_workspace/install/turtlebot3_msgs/lib:/root/ros_workspace/install/dynamixel_sdk/lib:${LD_LIBRARY_PATH} PYTHONPATH=/root/ros_workspace/install/turtlebot3_msgs/lib/python3.12/site-packages:/root/ros_workspace/install/dynamixel_sdk/lib/python3.12/site-packages:${PYTHONPATH} /usr/bin/cmake --build /root/ros_workspace/build/turtlebot3_bringup -- -j8 -l8
[0.752s] Invoking command in '/root/ros_workspace/build/turtlebot3_bringup': AMENT_PREFIX_PATH=/root/ros_workspace/install/turtlebot3_node:/root/ros_workspace/install/turtlebot3_msgs:/root/ros_workspace/install/turtlebot3_description:/root/ros_workspace/install/dynamixel_sdk:${AMENT_PREFIX_PATH} CMAKE_PREFIX_PATH=/root/ros_workspace/install/turtlebot3_node:/root/ros_workspace/install/turtlebot3_msgs:/root/ros_workspace/install/turtlebot3_description:/root/ros_workspace/install/dynamixel_sdk:/opt/ros/jazzy/opt/gz_sim_vendor:/opt/ros/jazzy/opt/gz_sensors_vendor:/opt/ros/jazzy/opt/gz_physics_vendor:/opt/ros/jazzy/opt/sdformat_vendor:/opt/ros/jazzy/opt/gz_gui_vendor:/opt/ros/jazzy/opt/gz_transport_vendor:/opt/ros/jazzy/opt/gz_rendering_vendor:/opt/ros/jazzy/opt/gz_plugin_vendor:/opt/ros/jazzy/opt/gz_fuel_tools_vendor:/opt/ros/jazzy/opt/gz_msgs_vendor:/opt/ros/jazzy/opt/gz_common_vendor:/opt/ros/jazzy/opt/gz_math_vendor:/opt/ros/jazzy/opt/gz_utils_vendor:/opt/ros/jazzy/opt/gz_tools_vendor:/opt/ros/jazzy/opt/gz_ogre_next_vendor:/opt/ros/jazzy/opt/gz_dartsim_vendor:/opt/ros/jazzy/opt/gz_cmake_vendor:/opt/ros/jazzy LD_LIBRARY_PATH=/root/ros_workspace/install/turtlebot3_msgs/lib:/root/ros_workspace/install/dynamixel_sdk/lib:${LD_LIBRARY_PATH} PYTHONPATH=/root/ros_workspace/install/turtlebot3_msgs/lib/python3.12/site-packages:/root/ros_workspace/install/dynamixel_sdk/lib/python3.12/site-packages:${PYTHONPATH} /usr/bin/cmake --install /root/ros_workspace/build/turtlebot3_bringup
[0.772s] -- Install configuration: ""
[0.773s] -- Execute custom install script
[0.775s] -- Up-to-date symlink: /root/ros_workspace/install/turtlebot3_bringup/share/turtlebot3_bringup/launch/camera.launch.py
[0.776s] -- Up-to-date symlink: /root/ros_workspace/install/turtlebot3_bringup/share/turtlebot3_bringup/launch/robot.launch.py
[0.777s] -- Up-to-date symlink: /root/ros_workspace/install/turtlebot3_bringup/share/turtlebot3_bringup/launch/rviz2.launch.py
[0.778s] -- Up-to-date symlink: /root/ros_workspace/install/turtlebot3_bringup/share/turtlebot3_bringup/launch/turtlebot3_state_publisher.launch.py
[0.779s] -- Up-to-date symlink: /root/ros_workspace/install/turtlebot3_bringup/share/turtlebot3_bringup/param/burger.yaml
[0.780s] -- Up-to-date symlink: /root/ros_workspace/install/turtlebot3_bringup/share/turtlebot3_bringup/param/humble/burger.yaml
[0.781s] -- Up-to-date symlink: /root/ros_workspace/install/turtlebot3_bringup/share/turtlebot3_bringup/param/humble/waffle.yaml
[0.781s] -- Up-to-date symlink: /root/ros_workspace/install/turtlebot3_bringup/share/turtlebot3_bringup/param/humble/waffle_pi.yaml
[0.782s] -- Up-to-date symlink: /root/ros_workspace/install/turtlebot3_bringup/share/turtlebot3_bringup/param/waffle.yaml
[0.783s] -- Up-to-date symlink: /root/ros_workspace/install/turtlebot3_bringup/share/turtlebot3_bringup/param/waffle_pi.yaml
[0.784s] -- Up-to-date symlink: /root/ros_workspace/install/turtlebot3_bringup/share/turtlebot3_bringup/script/99-turtlebot3-cdc.rules
[0.785s] -- Up-to-date symlink: /root/ros_workspace/install/turtlebot3_bringup/share/turtlebot3_bringup/script/create_udev_rules
[0.786s] -- Up-to-date symlink: /root/ros_workspace/install/turtlebot3_bringup/share/ament_index/resource_index/package_run_dependencies/turtlebot3_bringup
[0.787s] -- Up-to-date symlink: /root/ros_workspace/install/turtlebot3_bringup/share/ament_index/resource_index/parent_prefix_path/turtlebot3_bringup
[0.789s] -- Up-to-date symlink: /root/ros_workspace/install/turtlebot3_bringup/share/turtlebot3_bringup/environment/ament_prefix_path.sh
[0.790s] -- Up-to-date symlink: /root/ros_workspace/install/turtlebot3_bringup/share/turtlebot3_bringup/environment/ament_prefix_path.dsv
[0.792s] -- Up-to-date symlink: /root/ros_workspace/install/turtlebot3_bringup/share/turtlebot3_bringup/environment/path.sh
[0.793s] -- Up-to-date symlink: /root/ros_workspace/install/turtlebot3_bringup/share/turtlebot3_bringup/environment/path.dsv
[0.794s] -- Up-to-date symlink: /root/ros_workspace/install/turtlebot3_bringup/share/turtlebot3_bringup/local_setup.bash
[0.795s] -- Up-to-date symlink: /root/ros_workspace/install/turtlebot3_bringup/share/turtlebot3_bringup/local_setup.sh
[0.795s] -- Up-to-date symlink: /root/ros_workspace/install/turtlebot3_bringup/share/turtlebot3_bringup/local_setup.zsh
[0.796s] -- Up-to-date symlink: /root/ros_workspace/install/turtlebot3_bringup/share/turtlebot3_bringup/local_setup.dsv
[0.797s] -- Symlinking: /root/ros_workspace/install/turtlebot3_bringup/share/turtlebot3_bringup/package.dsv
[0.823s] -- Up-to-date symlink: /root/ros_workspace/install/turtlebot3_bringup/share/ament_index/resource_index/packages/turtlebot3_bringup
[0.824s] -- Up-to-date symlink: /root/ros_workspace/install/turtlebot3_bringup/share/turtlebot3_bringup/cmake/turtlebot3_bringupConfig.cmake
[0.825s] -- Up-to-date symlink: /root/ros_workspace/install/turtlebot3_bringup/share/turtlebot3_bringup/cmake/turtlebot3_bringupConfig-version.cmake
[0.825s] -- Up-to-date symlink: /root/ros_workspace/install/turtlebot3_bringup/share/turtlebot3_bringup/package.xml
[0.830s] Invoked command in '/root/ros_workspace/build/turtlebot3_bringup' returned '0': AMENT_PREFIX_PATH=/root/ros_workspace/install/turtlebot3_node:/root/ros_workspace/install/turtlebot3_msgs:/root/ros_workspace/install/turtlebot3_description:/root/ros_workspace/install/dynamixel_sdk:${AMENT_PREFIX_PATH} CMAKE_PREFIX_PATH=/root/ros_workspace/install/turtlebot3_node:/root/ros_workspace/install/turtlebot3_msgs:/root/ros_workspace/install/turtlebot3_description:/root/ros_workspace/install/dynamixel_sdk:/opt/ros/jazzy/opt/gz_sim_vendor:/opt/ros/jazzy/opt/gz_sensors_vendor:/opt/ros/jazzy/opt/gz_physics_vendor:/opt/ros/jazzy/opt/sdformat_vendor:/opt/ros/jazzy/opt/gz_gui_vendor:/opt/ros/jazzy/opt/gz_transport_vendor:/opt/ros/jazzy/opt/gz_rendering_vendor:/opt/ros/jazzy/opt/gz_plugin_vendor:/opt/ros/jazzy/opt/gz_fuel_tools_vendor:/opt/ros/jazzy/opt/gz_msgs_vendor:/opt/ros/jazzy/opt/gz_common_vendor:/opt/ros/jazzy/opt/gz_math_vendor:/opt/ros/jazzy/opt/gz_utils_vendor:/opt/ros/jazzy/opt/gz_tools_vendor:/opt/ros/jazzy/opt/gz_ogre_next_vendor:/opt/ros/jazzy/opt/gz_dartsim_vendor:/opt/ros/jazzy/opt/gz_cmake_vendor:/opt/ros/jazzy LD_LIBRARY_PATH=/root/ros_workspace/install/turtlebot3_msgs/lib:/root/ros_workspace/install/dynamixel_sdk/lib:${LD_LIBRARY_PATH} PYTHONPATH=/root/ros_workspace/install/turtlebot3_msgs/lib/python3.12/site-packages:/root/ros_workspace/install/dynamixel_sdk/lib/python3.12/site-packages:${PYTHONPATH} /usr/bin/cmake --install /root/ros_workspace/build/turtlebot3_bringup
