[0.087s] Invoking command in '/root/ros_workspace/build/turtlebot3_gazebo': CMAKE_PREFIX_PATH=${CMAKE_PREFIX_PATH}:/root/ros_workspace/install/turtlebot3_teleop:/root/ros_workspace/install/turtlebot3_example:/root/ros_workspace/install/turtlebot3_control:/opt/ros/jazzy /usr/bin/cmake /root/ros_workspace/src/turtlebot3_simulations/turtlebot3_gazebo -DAMENT_CMAKE_SYMLINK_INSTALL=1 -DCMAKE_INSTALL_PREFIX=/root/ros_workspace/install/turtlebot3_gazebo
[0.938s] -- Found ament_cmake: 2.5.4 (/opt/ros/jazzy/share/ament_cmake/cmake)
[1.039s] -- Override CMake install command with custom implementation using symlinks instead of copying resources
[1.060s] -- Found ros_gz_sim: 1.0.16 (/opt/ros/jazzy/share/ros_gz_sim/cmake)
[1.143s] -- Found rosidl_generator_c: 4.6.6 (/opt/ros/jazzy/share/rosidl_generator_c/cmake)
[1.170s] -- Found rosidl_generator_cpp: 4.6.6 (/opt/ros/jazzy/share/rosidl_generator_cpp/cmake)
[1.211s] -- Using all available rosidl_typesupport_c: rosidl_typesupport_fastrtps_c;rosidl_typesupport_introspection_c
[1.259s] -- Using all available rosidl_typesupport_cpp: rosidl_typesupport_fastrtps_cpp;rosidl_typesupport_introspection_cpp
[1.595s] -- Found rmw_implementation_cmake: 7.3.2 (/opt/ros/jazzy/share/rmw_implementation_cmake/cmake)
[1.600s] -- Found rmw_fastrtps_cpp: 8.4.3 (/opt/ros/jazzy/share/rmw_fastrtps_cpp/cmake)
[1.833s] -- Using RMW implementation 'rmw_fastrtps_cpp' as default
[2.571s] -- Found nav_msgs: 5.3.6 (/opt/ros/jazzy/share/nav_msgs/cmake)
[2.648s] -- Found sensor_msgs: 5.3.6 (/opt/ros/jazzy/share/sensor_msgs/cmake)
[2.714s] -- Found gz_math_vendor: 0.0.8 (/opt/ros/jazzy/share/gz_math_vendor/cmake)
[2.724s] -- Looking for gz-math7 -- found version 7.5.2
[2.739s] -- Searching for dependencies of gz-math7
[2.739s] -- Looking for gz-utils2 -- found version 2.2.1
[2.740s] -- Searching for dependencies of gz-utils2
[2.743s] -- Found gz_sim_vendor: 0.0.9 (/opt/ros/jazzy/share/gz_sim_vendor/cmake)
[2.783s] -- Looking for gz-sim8 -- found version 8.10.0
[2.783s] -- Searching for dependencies of gz-sim8
[2.784s] -- Looking for sdformat14 -- found version 14.8.0
[2.785s] -- Searching for dependencies of sdformat14
[2.797s] -- Checking for module 'tinyxml2'
[2.842s] --   Found tinyxml2, version 10.0.0
[2.933s] -- Looking for gz-math7 -- found version 7.5.2
[2.935s] -- Looking for gz-utils2 -- found version 2.2.1
[2.935s] -- Searching for dependencies of gz-utils2
[2.936s] -- Searching for <gz-utils2> component [cli]
[2.937s] -- Looking for gz-utils2-cli -- found version 2.2.1
[2.939s] -- Searching for dependencies of gz-utils2-cli
[2.943s] -- Looking for gz-plugin2 -- found version 2.0.4
[2.944s] -- Searching for dependencies of gz-plugin2
[2.944s] -- Looking for gz-utils2 -- found version 2.2.1
[2.945s] -- Searching for <gz-plugin2> component [loader]
[2.947s] -- Looking for gz-plugin2-loader -- found version 2.0.4
[2.949s] -- Searching for dependencies of gz-plugin2-loader
[2.950s] -- Searching for <gz-plugin2> component [register]
[2.950s] -- Looking for gz-plugin2-register -- found version 2.0.4
[2.950s] -- Searching for dependencies of gz-plugin2-register
[2.953s] -- Looking for gz-transport13 -- found version 13.5.0
[2.954s] -- Searching for dependencies of gz-transport13
[3.040s] -- Config-file not installed for ZeroMQ -- checking for pkg-config
[3.052s] -- Checking for module 'libzmq >= 4'
[3.099s] --   Found libzmq, version 4.3.5
[3.239s] -- Checking for module 'uuid'
[3.291s] --   Found uuid, version 2.39.3
[3.377s] -- Looking for gz-utils2 -- found version 2.2.1
[3.377s] -- Looking for gz-msgs10 -- found version 10.3.2
[3.378s] -- Searching for dependencies of gz-msgs10
[3.421s] -- Looking for gz-utils2 -- found version 2.2.1
[3.422s] -- Looking for gz-math7 -- found version 7.5.2
[3.438s] -- Searching for <gz-transport13> component [log]
[3.440s] -- Looking for gz-transport13-log -- found version 13.5.0
[3.440s] -- Searching for dependencies of gz-transport13-log
[3.442s] -- Searching for <gz-transport13> component [parameters]
[3.443s] -- Looking for gz-transport13-parameters -- found version 13.5.0
[3.444s] -- Searching for dependencies of gz-transport13-parameters
[3.446s] -- Looking for gz-msgs10 -- found version 10.3.2
[3.448s] -- Looking for gz-common5 -- found version 5.7.1
[3.449s] -- Searching for dependencies of gz-common5
[3.449s] -- Looking for gz-utils2 -- found version 2.2.1
[3.449s] -- Looking for dlfcn.h - found
[3.450s] -- Looking for libdl - found
[3.473s] -- Searching for <gz-common5> component [av]
[3.476s] -- Looking for gz-common5-av -- found version 5.7.1
[3.476s] -- Searching for dependencies of gz-common5-av
[3.488s] -- Checking for module 'libswscale'
[3.536s] --   Found libswscale, version 7.5.100
[3.637s] -- Checking for module 'libavdevice >= 56.4.100'
[3.677s] --   Found libavdevice, version 60.3.100
[3.806s] -- Checking for module 'libavformat'
[3.849s] --   Found libavformat, version 60.16.100
[3.953s] -- Checking for module 'libavcodec'
[4.001s] --   Found libavcodec, version 60.31.102
[4.105s] -- Checking for module 'libavutil'
[4.143s] --   Found libavutil, version 58.29.100
[4.233s] -- Searching for <gz-common5> component [events]
[4.235s] -- Looking for gz-common5-events -- found version 5.7.1
[4.236s] -- Searching for dependencies of gz-common5-events
[4.236s] -- Looking for gz-math7 -- found version 7.5.2
[4.238s] -- Searching for <gz-common5> component [graphics]
[4.239s] -- Looking for gz-common5-graphics -- found version 5.7.1
[4.240s] -- Searching for dependencies of gz-common5-graphics
[4.240s] -- Looking for gz-math7 -- found version 7.5.2
[4.246s] -- Searching for <gz-common5> component [io]
[4.247s] -- Looking for gz-common5-io -- found version 5.7.1
[4.248s] -- Searching for dependencies of gz-common5-io
[4.249s] -- Searching for <gz-common5> component [profiler]
[4.250s] -- Looking for gz-common5-profiler -- found version 5.7.1
[4.251s] -- Searching for dependencies of gz-common5-profiler
[4.254s] -- Looking for gz-fuel_tools9 -- found version 9.1.1
[4.254s] -- Searching for dependencies of gz-fuel_tools9
[4.413s] -- Checking for module 'jsoncpp'
[4.478s] --   Found jsoncpp, version 1.9.5
[4.616s] -- Checking for module 'yaml-0.1'
[4.661s] --   Found yaml-0.1, version 0.2.5
[4.768s] -- Checking for module 'libzip'
[4.817s] --   Found libzip, version 1.7.3
[4.896s] -- Looking for gz-utils2 -- found version 2.2.1
[4.899s] -- Looking for gz-common5 -- found version 5.7.1
[4.900s] -- Searching for dependencies of gz-common5
[4.900s] -- Looking for gz-utils2 -- found version 2.2.1
[4.903s] -- Looking for dlfcn.h - found
[4.904s] -- Looking for libdl - found
[4.920s] -- Searching for <gz-common5> component [testing]
[4.921s] -- Looking for gz-common5-testing -- found version 5.7.1
[4.922s] -- Searching for dependencies of gz-common5-testing
[4.926s] -- Looking for gz-math7 -- found version 7.5.2
[4.926s] -- Looking for gz-msgs10 -- found version 10.3.2
[4.928s] -- Looking for gz-gui8 -- found version 8.4.0
[4.928s] -- Searching for dependencies of gz-gui8
[4.988s] -- Looking for gz-utils2 -- found version 2.2.1
[4.989s] -- Looking for gz-math7 -- found version 7.5.2
[4.991s] -- Looking for gz-common5 -- found version 5.7.1
[4.991s] -- Looking for gz-plugin2 -- found version 2.0.4
[4.994s] -- Looking for gz-transport13 -- found version 13.5.0
[4.995s] -- Looking for gz-rendering8 -- found version 8.2.2
[4.996s] -- Searching for dependencies of gz-rendering8
[4.997s] -- Looking for gz-math7 -- found version 7.5.2
[4.998s] -- Searching for dependencies of gz-math7
[5.000s] -- Looking for gz-utils2 -- found version 2.2.1
[5.002s] -- Searching for <gz-math7> component [eigen3]
[5.002s] -- Looking for gz-math7-eigen3 -- found version 7.5.2
[5.005s] -- Searching for dependencies of gz-math7-eigen3
[5.007s] -- Looking for gz-common5 -- found version 5.7.1
[5.007s] -- Searching for dependencies of gz-common5
[5.007s] -- Looking for gz-utils2 -- found version 2.2.1
[5.009s] -- Looking for dlfcn.h - found
[5.010s] -- Looking for libdl - found
[5.019s] -- Searching for <gz-common5> component [graphics]
[5.020s] -- Searching for <gz-common5> component [events]
[5.022s] -- Searching for <gz-common5> component [geospatial]
[5.022s] -- Looking for gz-common5-geospatial -- found version 5.7.1
[5.023s] -- Searching for dependencies of gz-common5-geospatial
[5.023s] -- Looking for gz-math7 -- found version 7.5.2
[5.026s] -- Looking for gz-common5 -- found version 5.7.1
[5.027s] -- Looking for gz-plugin2 -- found version 2.0.4
[5.028s] -- Searching for dependencies of gz-plugin2
[5.030s] -- Looking for gz-utils2 -- found version 2.2.1
[5.031s] -- Searching for <gz-plugin2> component [all]
[5.031s] -- Looking for all libraries of gz-plugin2 -- found version 2.0.4
[5.034s] -- Looking for gz-plugin2 -- found version 2.0.4
[5.037s] -- Looking for gz-utils2 -- found version 2.2.1
[5.046s] -- Looking for gz-msgs10 -- found version 10.3.2
[5.089s] -- Looking for gz-physics7 -- found version 7.6.0
[5.091s] -- Searching for dependencies of gz-physics7
[5.092s] -- Looking for gz-common5 -- found version 5.7.1
[5.093s] -- Looking for gz-math7 -- found version 7.5.2
[5.094s] -- Looking for gz-plugin2 -- found version 2.0.4
[5.096s] -- Looking for gz-utils2 -- found version 2.2.1
[5.098s] -- Searching for <gz-physics7> component [heightmap]
[5.100s] -- Looking for gz-physics7-heightmap -- found version 7.6.0
[5.100s] -- Searching for dependencies of gz-physics7-heightmap
[5.103s] -- Looking for gz-common5 -- found version 5.7.1
[5.104s] -- Searching for <gz-physics7> component [mesh]
[5.104s] -- Looking for gz-physics7-mesh -- found version 7.6.0
[5.106s] -- Searching for dependencies of gz-physics7-mesh
[5.109s] -- Looking for gz-common5 -- found version 5.7.1
[5.111s] -- Searching for <gz-physics7> component [sdf]
[5.112s] -- Looking for gz-physics7-sdf -- found version 7.6.0
[5.112s] -- Searching for dependencies of gz-physics7-sdf
[5.113s] -- Looking for sdformat14 -- found version 14.8.0
[5.116s] -- Looking for gz-sensors8 -- found version 8.2.2
[5.117s] -- Searching for dependencies of gz-sensors8
[5.164s] -- Looking for gz-math7 -- found version 7.5.2
[5.165s] -- Looking for gz-common5 -- found version 5.7.1
[5.167s] -- Looking for gz-transport13 -- found version 13.5.0
[5.168s] -- Looking for gz-rendering8 -- found version 8.2.2
[5.170s] -- Looking for gz-msgs10 -- found version 10.3.2
[5.171s] -- Looking for sdformat14 -- found version 14.8.0
[5.173s] -- Searching for <gz-sensors8> component [air_pressure]
[5.174s] -- Looking for gz-sensors8-air_pressure -- found version 8.2.2
[5.175s] -- Searching for dependencies of gz-sensors8-air_pressure
[5.178s] -- Searching for <gz-sensors8> component [air_speed]
[5.178s] -- Looking for gz-sensors8-air_speed -- found version 8.2.2
[5.179s] -- Searching for dependencies of gz-sensors8-air_speed
[5.181s] -- Searching for <gz-sensors8> component [altimeter]
[5.182s] -- Looking for gz-sensors8-altimeter -- found version 8.2.2
[5.182s] -- Searching for dependencies of gz-sensors8-altimeter
[5.184s] -- Searching for <gz-sensors8> component [imu]
[5.185s] -- Looking for gz-sensors8-imu -- found version 8.2.2
[5.186s] -- Searching for dependencies of gz-sensors8-imu
[5.187s] -- Searching for <gz-sensors8> component [force_torque]
[5.189s] -- Looking for gz-sensors8-force_torque -- found version 8.2.2
[5.189s] -- Searching for dependencies of gz-sensors8-force_torque
[5.191s] -- Searching for <gz-sensors8> component [logical_camera]
[5.192s] -- Looking for gz-sensors8-logical_camera -- found version 8.2.2
[5.194s] -- Searching for dependencies of gz-sensors8-logical_camera
[5.197s] -- Searching for <gz-sensors8> component [magnetometer]
[5.199s] -- Looking for gz-sensors8-magnetometer -- found version 8.2.2
[5.199s] -- Searching for dependencies of gz-sensors8-magnetometer
[5.199s] -- Searching for <gz-sensors8> component [navsat]
[5.200s] -- Looking for gz-sensors8-navsat -- found version 8.2.2
[5.201s] -- Searching for dependencies of gz-sensors8-navsat
[5.204s] -- Searching for <gz-sensors8> component [dvl]
[5.206s] -- Looking for gz-sensors8-dvl -- found version 8.2.2
[5.206s] -- Searching for dependencies of gz-sensors8-dvl
[5.207s] -- Looking for gz-sensors8 -- found version 8.2.2
[5.208s] -- Searching for dependencies of gz-sensors8
[5.259s] -- Looking for gz-math7 -- found version 7.5.2
[5.264s] -- Looking for gz-common5 -- found version 5.7.1
[5.267s] -- Looking for gz-transport13 -- found version 13.5.0
[5.268s] -- Looking for gz-rendering8 -- found version 8.2.2
[5.269s] -- Looking for gz-msgs10 -- found version 10.3.2
[5.271s] -- Looking for sdformat14 -- found version 14.8.0
[5.271s] -- Searching for <gz-sensors8> component [rendering]
[5.272s] -- Looking for gz-sensors8-rendering -- found version 8.2.2
[5.273s] -- Searching for dependencies of gz-sensors8-rendering
[5.279s] -- Searching for <gz-sensors8> component [rendering]
[5.279s] -- Searching for <gz-sensors8> component [lidar]
[5.282s] -- Looking for gz-sensors8-lidar -- found version 8.2.2
[5.283s] -- Searching for dependencies of gz-sensors8-lidar
[5.285s] -- Looking for gz-sensors8 -- found version 8.2.2
[5.287s] -- Searching for <gz-sensors8> component [gpu_lidar]
[5.288s] -- Looking for gz-sensors8-gpu_lidar -- found version 8.2.2
[5.288s] -- Searching for dependencies of gz-sensors8-gpu_lidar
[5.289s] -- Looking for gz-sensors8 -- found version 8.2.2
[5.291s] -- Searching for <gz-sensors8> component [camera]
[5.292s] -- Looking for gz-sensors8-camera -- found version 8.2.2
[5.292s] -- Searching for dependencies of gz-sensors8-camera
[5.293s] -- Looking for gz-sensors8 -- found version 8.2.2
[5.295s] -- Searching for <gz-sensors8> component [boundingbox_camera]
[5.296s] -- Looking for gz-sensors8-boundingbox_camera -- found version 8.2.2
[5.297s] -- Searching for dependencies of gz-sensors8-boundingbox_camera
[5.299s] -- Searching for <gz-sensors8> component [segmentation_camera]
[5.301s] -- Looking for gz-sensors8-segmentation_camera -- found version 8.2.2
[5.301s] -- Searching for dependencies of gz-sensors8-segmentation_camera
[5.303s] -- Searching for <gz-sensors8> component [depth_camera]
[5.304s] -- Looking for gz-sensors8-depth_camera -- found version 8.2.2
[5.304s] -- Searching for dependencies of gz-sensors8-depth_camera
[5.305s] -- Looking for gz-sensors8 -- found version 8.2.2
[5.307s] -- Searching for <gz-sensors8> component [rgbd_camera]
[5.308s] -- Looking for gz-sensors8-rgbd_camera -- found version 8.2.2
[5.308s] -- Searching for dependencies of gz-sensors8-rgbd_camera
[5.309s] -- Looking for gz-sensors8 -- found version 8.2.2
[5.311s] -- Searching for <gz-sensors8> component [thermal_camera]
[5.312s] -- Looking for gz-sensors8-thermal_camera -- found version 8.2.2
[5.313s] -- Searching for dependencies of gz-sensors8-thermal_camera
[5.314s] -- Looking for gz-sensors8 -- found version 8.2.2
[5.316s] -- Searching for <gz-sensors8> component [wide_angle_camera]
[5.318s] -- Looking for gz-sensors8-wide_angle_camera -- found version 8.2.2
[5.318s] -- Searching for dependencies of gz-sensors8-wide_angle_camera
[5.321s] -- Looking for gz-rendering8 -- found version 8.2.2
[5.322s] -- Looking for gz-math7 -- found version 7.5.2
[5.326s] -- Looking for gz-utils2 -- found version 2.2.1
[5.374s] -- Looking for gz-plugin2 -- found version 2.0.4
[5.600s] -- Configuring done (5.5s)
[5.661s] -- Generating done (0.0s)
[5.679s] -- Build files have been written to: /root/ros_workspace/build/turtlebot3_gazebo
[5.744s] Invoked command in '/root/ros_workspace/build/turtlebot3_gazebo' returned '0': CMAKE_PREFIX_PATH=${CMAKE_PREFIX_PATH}:/root/ros_workspace/install/turtlebot3_teleop:/root/ros_workspace/install/turtlebot3_example:/root/ros_workspace/install/turtlebot3_control:/opt/ros/jazzy /usr/bin/cmake /root/ros_workspace/src/turtlebot3_simulations/turtlebot3_gazebo -DAMENT_CMAKE_SYMLINK_INSTALL=1 -DCMAKE_INSTALL_PREFIX=/root/ros_workspace/install/turtlebot3_gazebo
[5.752s] Invoking command in '/root/ros_workspace/build/turtlebot3_gazebo': CMAKE_PREFIX_PATH=${CMAKE_PREFIX_PATH}:/root/ros_workspace/install/turtlebot3_teleop:/root/ros_workspace/install/turtlebot3_example:/root/ros_workspace/install/turtlebot3_control:/opt/ros/jazzy /usr/bin/cmake --build /root/ros_workspace/build/turtlebot3_gazebo -- -j12 -l12
[5.846s] [ 25%] Built target obstacle1
[5.859s] [ 50%] Built target obstacles
[5.867s] [ 75%] Built target turtlebot3_drive
[5.890s] [100%] Built target obstacle2
[5.944s] Invoked command in '/root/ros_workspace/build/turtlebot3_gazebo' returned '0': CMAKE_PREFIX_PATH=${CMAKE_PREFIX_PATH}:/root/ros_workspace/install/turtlebot3_teleop:/root/ros_workspace/install/turtlebot3_example:/root/ros_workspace/install/turtlebot3_control:/opt/ros/jazzy /usr/bin/cmake --build /root/ros_workspace/build/turtlebot3_gazebo -- -j12 -l12
[5.947s] Invoking command in '/root/ros_workspace/build/turtlebot3_gazebo': CMAKE_PREFIX_PATH=${CMAKE_PREFIX_PATH}:/root/ros_workspace/install/turtlebot3_teleop:/root/ros_workspace/install/turtlebot3_example:/root/ros_workspace/install/turtlebot3_control:/opt/ros/jazzy /usr/bin/cmake --install /root/ros_workspace/build/turtlebot3_gazebo
[5.966s] -- Install configuration: ""
[5.968s] -- Execute custom install script
[5.969s] -- Up-to-date symlink: /root/ros_workspace/install/turtlebot3_gazebo/lib/turtlebot3_gazebo/turtlebot3_drive
[5.969s] -- Up-to-date symlink: /root/ros_workspace/install/turtlebot3_gazebo/lib/turtlebot3_gazebo/libobstacles.so
[5.970s] -- Up-to-date symlink: /root/ros_workspace/install/turtlebot3_gazebo/lib/turtlebot3_gazebo/libobstacle1.so
[5.970s] -- Up-to-date symlink: /root/ros_workspace/install/turtlebot3_gazebo/lib/turtlebot3_gazebo/libobstacle2.so
[5.971s] -- Up-to-date symlink: /root/ros_workspace/install/turtlebot3_gazebo/share/turtlebot3_gazebo//launch/empty_world.launch.py
[5.972s] -- Up-to-date symlink: /root/ros_workspace/install/turtlebot3_gazebo/share/turtlebot3_gazebo//launch/robot_state_publisher.launch.py
[5.972s] -- Up-to-date symlink: /root/ros_workspace/install/turtlebot3_gazebo/share/turtlebot3_gazebo//launch/spawn_turtlebot3.launch.py
[5.973s] -- Up-to-date symlink: /root/ros_workspace/install/turtlebot3_gazebo/share/turtlebot3_gazebo//launch/turtlebot3_dqn_stage1.launch.py
[5.973s] -- Up-to-date symlink: /root/ros_workspace/install/turtlebot3_gazebo/share/turtlebot3_gazebo//launch/turtlebot3_dqn_stage2.launch.py
[5.974s] -- Up-to-date symlink: /root/ros_workspace/install/turtlebot3_gazebo/share/turtlebot3_gazebo//launch/turtlebot3_dqn_stage3.launch.py
[5.974s] -- Up-to-date symlink: /root/ros_workspace/install/turtlebot3_gazebo/share/turtlebot3_gazebo//launch/turtlebot3_dqn_stage4.launch.py
[5.974s] -- Up-to-date symlink: /root/ros_workspace/install/turtlebot3_gazebo/share/turtlebot3_gazebo//launch/turtlebot3_house.launch.py
[5.974s] -- Up-to-date symlink: /root/ros_workspace/install/turtlebot3_gazebo/share/turtlebot3_gazebo//launch/turtlebot3_world.launch.py
[5.976s] -- Up-to-date symlink: /root/ros_workspace/install/turtlebot3_gazebo/share/turtlebot3_gazebo//models/turtlebot3_burger/model-1_4.sdf
[5.977s] -- Up-to-date symlink: /root/ros_workspace/install/turtlebot3_gazebo/share/turtlebot3_gazebo//models/turtlebot3_burger/model.config
[5.978s] -- Up-to-date symlink: /root/ros_workspace/install/turtlebot3_gazebo/share/turtlebot3_gazebo//models/turtlebot3_burger/model.sdf
[5.978s] -- Up-to-date symlink: /root/ros_workspace/install/turtlebot3_gazebo/share/turtlebot3_gazebo//models/turtlebot3_burger_cam/model-1_4.sdf
[5.978s] -- Up-to-date symlink: /root/ros_workspace/install/turtlebot3_gazebo/share/turtlebot3_gazebo//models/turtlebot3_burger_cam/model.config
[5.978s] -- Up-to-date symlink: /root/ros_workspace/install/turtlebot3_gazebo/share/turtlebot3_gazebo//models/turtlebot3_burger_cam/model.sdf
[5.978s] -- Up-to-date symlink: /root/ros_workspace/install/turtlebot3_gazebo/share/turtlebot3_gazebo//models/turtlebot3_common/meshes/bases/burger_base.stl
[5.978s] -- Up-to-date symlink: /root/ros_workspace/install/turtlebot3_gazebo/share/turtlebot3_gazebo//models/turtlebot3_common/meshes/bases/waffle_base.stl
[5.979s] -- Up-to-date symlink: /root/ros_workspace/install/turtlebot3_gazebo/share/turtlebot3_gazebo//models/turtlebot3_common/meshes/bases/waffle_pi_base.stl
[5.980s] -- Up-to-date symlink: /root/ros_workspace/install/turtlebot3_gazebo/share/turtlebot3_gazebo//models/turtlebot3_common/meshes/burger_base.dae
[5.980s] -- Up-to-date symlink: /root/ros_workspace/install/turtlebot3_gazebo/share/turtlebot3_gazebo//models/turtlebot3_common/meshes/lds.dae
[5.981s] -- Up-to-date symlink: /root/ros_workspace/install/turtlebot3_gazebo/share/turtlebot3_gazebo//models/turtlebot3_common/meshes/r200.dae
[5.982s] -- Up-to-date symlink: /root/ros_workspace/install/turtlebot3_gazebo/share/turtlebot3_gazebo//models/turtlebot3_common/meshes/sensors/astra.dae
[5.982s] -- Up-to-date symlink: /root/ros_workspace/install/turtlebot3_gazebo/share/turtlebot3_gazebo//models/turtlebot3_common/meshes/sensors/astra.jpg
[5.983s] -- Up-to-date symlink: /root/ros_workspace/install/turtlebot3_gazebo/share/turtlebot3_gazebo//models/turtlebot3_common/meshes/sensors/lds.stl
[5.984s] -- Up-to-date symlink: /root/ros_workspace/install/turtlebot3_gazebo/share/turtlebot3_gazebo//models/turtlebot3_common/meshes/sensors/r200.dae
[5.984s] -- Up-to-date symlink: /root/ros_workspace/install/turtlebot3_gazebo/share/turtlebot3_gazebo//models/turtlebot3_common/meshes/sensors/r200.jpg
[5.984s] -- Up-to-date symlink: /root/ros_workspace/install/turtlebot3_gazebo/share/turtlebot3_gazebo//models/turtlebot3_common/meshes/tire.dae
[5.984s] -- Up-to-date symlink: /root/ros_workspace/install/turtlebot3_gazebo/share/turtlebot3_gazebo//models/turtlebot3_common/meshes/waffle_base.dae
[5.984s] -- Up-to-date symlink: /root/ros_workspace/install/turtlebot3_gazebo/share/turtlebot3_gazebo//models/turtlebot3_common/meshes/waffle_pi_base.dae
[5.985s] -- Up-to-date symlink: /root/ros_workspace/install/turtlebot3_gazebo/share/turtlebot3_gazebo//models/turtlebot3_common/meshes/wheels/left_tire.stl
[5.985s] -- Up-to-date symlink: /root/ros_workspace/install/turtlebot3_gazebo/share/turtlebot3_gazebo//models/turtlebot3_common/meshes/wheels/right_tire.stl
[5.985s] -- Up-to-date symlink: /root/ros_workspace/install/turtlebot3_gazebo/share/turtlebot3_gazebo//models/turtlebot3_common/model.config
[5.986s] -- Up-to-date symlink: /root/ros_workspace/install/turtlebot3_gazebo/share/turtlebot3_gazebo//models/turtlebot3_dqn_world/goal_box/model.config
[5.986s] -- Up-to-date symlink: /root/ros_workspace/install/turtlebot3_gazebo/share/turtlebot3_gazebo//models/turtlebot3_dqn_world/goal_box/model.sdf
[5.986s] -- Up-to-date symlink: /root/ros_workspace/install/turtlebot3_gazebo/share/turtlebot3_gazebo//models/turtlebot3_dqn_world/inner_walls/model.config
[5.986s] -- Up-to-date symlink: /root/ros_workspace/install/turtlebot3_gazebo/share/turtlebot3_gazebo//models/turtlebot3_dqn_world/inner_walls/model.sdf
[5.986s] -- Up-to-date symlink: /root/ros_workspace/install/turtlebot3_gazebo/share/turtlebot3_gazebo//models/turtlebot3_dqn_world/inner_walls/textures/wood.png
[5.987s] -- Up-to-date symlink: /root/ros_workspace/install/turtlebot3_gazebo/share/turtlebot3_gazebo//models/turtlebot3_dqn_world/model.config
[5.987s] -- Up-to-date symlink: /root/ros_workspace/install/turtlebot3_gazebo/share/turtlebot3_gazebo//models/turtlebot3_dqn_world/model.sdf
[5.988s] -- Up-to-date symlink: /root/ros_workspace/install/turtlebot3_gazebo/share/turtlebot3_gazebo//models/turtlebot3_dqn_world/obstacle1/model.config
[5.988s] -- Up-to-date symlink: /root/ros_workspace/install/turtlebot3_gazebo/share/turtlebot3_gazebo//models/turtlebot3_dqn_world/obstacle1/model.sdf
[5.989s] -- Up-to-date symlink: /root/ros_workspace/install/turtlebot3_gazebo/share/turtlebot3_gazebo//models/turtlebot3_dqn_world/obstacle2/model.config
[5.989s] -- Up-to-date symlink: /root/ros_workspace/install/turtlebot3_gazebo/share/turtlebot3_gazebo//models/turtlebot3_dqn_world/obstacle2/model.sdf
[5.990s] -- Up-to-date symlink: /root/ros_workspace/install/turtlebot3_gazebo/share/turtlebot3_gazebo//models/turtlebot3_dqn_world/obstacles/model.config
[5.990s] -- Up-to-date symlink: /root/ros_workspace/install/turtlebot3_gazebo/share/turtlebot3_gazebo//models/turtlebot3_dqn_world/obstacles/model.sdf
[5.991s] -- Up-to-date symlink: /root/ros_workspace/install/turtlebot3_gazebo/share/turtlebot3_gazebo//models/turtlebot3_dqn_world/textures/wood.png
[5.991s] -- Up-to-date symlink: /root/ros_workspace/install/turtlebot3_gazebo/share/turtlebot3_gazebo//models/turtlebot3_house/cafe_table/materials/textures/Maple.jpg
[5.991s] -- Up-to-date symlink: /root/ros_workspace/install/turtlebot3_gazebo/share/turtlebot3_gazebo//models/turtlebot3_house/cafe_table/materials/textures/Wood_Floor_Dark.jpg
[5.992s] -- Up-to-date symlink: /root/ros_workspace/install/turtlebot3_gazebo/share/turtlebot3_gazebo//models/turtlebot3_house/cafe_table/meshes/cafe_table.dae
[5.992s] -- Up-to-date symlink: /root/ros_workspace/install/turtlebot3_gazebo/share/turtlebot3_gazebo//models/turtlebot3_house/cafe_table/model-1_4.sdf
[5.993s] -- Up-to-date symlink: /root/ros_workspace/install/turtlebot3_gazebo/share/turtlebot3_gazebo//models/turtlebot3_house/cafe_table/model.config
[5.993s] -- Up-to-date symlink: /root/ros_workspace/install/turtlebot3_gazebo/share/turtlebot3_gazebo//models/turtlebot3_house/cafe_table/model.sdf
[5.994s] -- Up-to-date symlink: /root/ros_workspace/install/turtlebot3_gazebo/share/turtlebot3_gazebo//models/turtlebot3_house/first_2015_trash_can/meshes/trash_can.dae
[5.995s] -- Up-to-date symlink: /root/ros_workspace/install/turtlebot3_gazebo/share/turtlebot3_gazebo//models/turtlebot3_house/first_2015_trash_can/model.config
[5.995s] -- Up-to-date symlink: /root/ros_workspace/install/turtlebot3_gazebo/share/turtlebot3_gazebo//models/turtlebot3_house/first_2015_trash_can/model.sdf
[5.995s] -- Up-to-date symlink: /root/ros_workspace/install/turtlebot3_gazebo/share/turtlebot3_gazebo//models/turtlebot3_house/mailbox/materials/scripts/mailbox.material
[5.995s] -- Up-to-date symlink: /root/ros_workspace/install/turtlebot3_gazebo/share/turtlebot3_gazebo//models/turtlebot3_house/mailbox/materials/textures/Mailbox_Diffuse.png
[5.995s] -- Up-to-date symlink: /root/ros_workspace/install/turtlebot3_gazebo/share/turtlebot3_gazebo//models/turtlebot3_house/mailbox/materials/textures/Mailbox_Diffuse.tga.orig
[5.995s] -- Up-to-date symlink: /root/ros_workspace/install/turtlebot3_gazebo/share/turtlebot3_gazebo//models/turtlebot3_house/mailbox/materials/textures/Mailbox_Spec.png
[5.996s] -- Up-to-date symlink: /root/ros_workspace/install/turtlebot3_gazebo/share/turtlebot3_gazebo//models/turtlebot3_house/mailbox/meshes/mailbox.dae
[5.996s] -- Up-to-date symlink: /root/ros_workspace/install/turtlebot3_gazebo/share/turtlebot3_gazebo//models/turtlebot3_house/mailbox/model-1_3.sdf
[5.998s] -- Up-to-date symlink: /root/ros_workspace/install/turtlebot3_gazebo/share/turtlebot3_gazebo//models/turtlebot3_house/mailbox/model-1_4.sdf
[5.998s] -- Up-to-date symlink: /root/ros_workspace/install/turtlebot3_gazebo/share/turtlebot3_gazebo//models/turtlebot3_house/mailbox/model.config
[5.999s] -- Up-to-date symlink: /root/ros_workspace/install/turtlebot3_gazebo/share/turtlebot3_gazebo//models/turtlebot3_house/mailbox/model.sdf
[5.999s] -- Up-to-date symlink: /root/ros_workspace/install/turtlebot3_gazebo/share/turtlebot3_gazebo//models/turtlebot3_house/model.config
[5.999s] -- Up-to-date symlink: /root/ros_workspace/install/turtlebot3_gazebo/share/turtlebot3_gazebo//models/turtlebot3_house/model.sdf
[6.000s] -- Up-to-date symlink: /root/ros_workspace/install/turtlebot3_gazebo/share/turtlebot3_gazebo//models/turtlebot3_house/table_marble/materials/scripts/table_lightmap.material
[6.000s] -- Up-to-date symlink: /root/ros_workspace/install/turtlebot3_gazebo/share/turtlebot3_gazebo//models/turtlebot3_house/table_marble/materials/textures/marble.png
[6.001s] -- Up-to-date symlink: /root/ros_workspace/install/turtlebot3_gazebo/share/turtlebot3_gazebo//models/turtlebot3_house/table_marble/materials/textures/table_lightmap.png
[6.001s] -- Up-to-date symlink: /root/ros_workspace/install/turtlebot3_gazebo/share/turtlebot3_gazebo//models/turtlebot3_house/table_marble/meshes/table_lightmap.dae
[6.002s] -- Up-to-date symlink: /root/ros_workspace/install/turtlebot3_gazebo/share/turtlebot3_gazebo//models/turtlebot3_house/table_marble/model-1_4.sdf
[6.002s] -- Up-to-date symlink: /root/ros_workspace/install/turtlebot3_gazebo/share/turtlebot3_gazebo//models/turtlebot3_house/table_marble/model.config
[6.002s] -- Up-to-date symlink: /root/ros_workspace/install/turtlebot3_gazebo/share/turtlebot3_gazebo//models/turtlebot3_house/table_marble/model.sdf
[6.003s] -- Up-to-date symlink: /root/ros_workspace/install/turtlebot3_gazebo/share/turtlebot3_gazebo//models/turtlebot3_house/textures/bricks.png
[6.003s] -- Up-to-date symlink: /root/ros_workspace/install/turtlebot3_gazebo/share/turtlebot3_gazebo//models/turtlebot3_house/textures/wood.png
[6.003s] -- Up-to-date symlink: /root/ros_workspace/install/turtlebot3_gazebo/share/turtlebot3_gazebo//models/turtlebot3_waffle/model-1_4.sdf
[6.003s] -- Up-to-date symlink: /root/ros_workspace/install/turtlebot3_gazebo/share/turtlebot3_gazebo//models/turtlebot3_waffle/model.config
[6.004s] -- Up-to-date symlink: /root/ros_workspace/install/turtlebot3_gazebo/share/turtlebot3_gazebo//models/turtlebot3_waffle/model.sdf
[6.004s] -- Up-to-date symlink: /root/ros_workspace/install/turtlebot3_gazebo/share/turtlebot3_gazebo//models/turtlebot3_waffle_pi/model-1_4_.sdf
[6.004s] -- Up-to-date symlink: /root/ros_workspace/install/turtlebot3_gazebo/share/turtlebot3_gazebo//models/turtlebot3_waffle_pi/model.config
[6.005s] -- Up-to-date symlink: /root/ros_workspace/install/turtlebot3_gazebo/share/turtlebot3_gazebo//models/turtlebot3_waffle_pi/model.sdf
[6.006s] -- Up-to-date symlink: /root/ros_workspace/install/turtlebot3_gazebo/share/turtlebot3_gazebo//models/turtlebot3_world/meshes/hexagon.dae
[6.006s] -- Up-to-date symlink: /root/ros_workspace/install/turtlebot3_gazebo/share/turtlebot3_gazebo//models/turtlebot3_world/meshes/wall.dae
[6.007s] -- Up-to-date symlink: /root/ros_workspace/install/turtlebot3_gazebo/share/turtlebot3_gazebo//models/turtlebot3_world/model-1_4.sdf
[6.007s] -- Up-to-date symlink: /root/ros_workspace/install/turtlebot3_gazebo/share/turtlebot3_gazebo//models/turtlebot3_world/model.config
[6.008s] -- Up-to-date symlink: /root/ros_workspace/install/turtlebot3_gazebo/share/turtlebot3_gazebo//models/turtlebot3_world/model.sdf
[6.009s] -- Up-to-date symlink: /root/ros_workspace/install/turtlebot3_gazebo/share/turtlebot3_gazebo//params/turtlebot3_burger_bridge.yaml
[6.009s] -- Up-to-date symlink: /root/ros_workspace/install/turtlebot3_gazebo/share/turtlebot3_gazebo//params/turtlebot3_burger_cam_bridge.yaml
[6.010s] -- Up-to-date symlink: /root/ros_workspace/install/turtlebot3_gazebo/share/turtlebot3_gazebo//params/turtlebot3_waffle_bridge.yaml
[6.010s] -- Up-to-date symlink: /root/ros_workspace/install/turtlebot3_gazebo/share/turtlebot3_gazebo//params/turtlebot3_waffle_pi_bridge.yaml
[6.010s] -- Up-to-date symlink: /root/ros_workspace/install/turtlebot3_gazebo/share/turtlebot3_gazebo//rviz/tb3_gazebo.rviz
[6.010s] -- Up-to-date symlink: /root/ros_workspace/install/turtlebot3_gazebo/share/turtlebot3_gazebo//urdf/common_properties.urdf
[6.010s] -- Up-to-date symlink: /root/ros_workspace/install/turtlebot3_gazebo/share/turtlebot3_gazebo//urdf/turtlebot3_burger.urdf
[6.011s] -- Up-to-date symlink: /root/ros_workspace/install/turtlebot3_gazebo/share/turtlebot3_gazebo//urdf/turtlebot3_burger_cam.urdf
[6.011s] -- Up-to-date symlink: /root/ros_workspace/install/turtlebot3_gazebo/share/turtlebot3_gazebo//urdf/turtlebot3_waffle.urdf
[6.011s] -- Up-to-date symlink: /root/ros_workspace/install/turtlebot3_gazebo/share/turtlebot3_gazebo//urdf/turtlebot3_waffle_pi.urdf
[6.012s] -- Up-to-date symlink: /root/ros_workspace/install/turtlebot3_gazebo/share/turtlebot3_gazebo//worlds/empty_world.world
[6.012s] -- Up-to-date symlink: /root/ros_workspace/install/turtlebot3_gazebo/share/turtlebot3_gazebo//worlds/turtlebot3_autorace_2020.world
[6.012s] -- Up-to-date symlink: /root/ros_workspace/install/turtlebot3_gazebo/share/turtlebot3_gazebo//worlds/turtlebot3_dqn_stage1.world
[6.012s] -- Up-to-date symlink: /root/ros_workspace/install/turtlebot3_gazebo/share/turtlebot3_gazebo//worlds/turtlebot3_dqn_stage2.world
[6.012s] -- Up-to-date symlink: /root/ros_workspace/install/turtlebot3_gazebo/share/turtlebot3_gazebo//worlds/turtlebot3_dqn_stage3.world
[6.012s] -- Up-to-date symlink: /root/ros_workspace/install/turtlebot3_gazebo/share/turtlebot3_gazebo//worlds/turtlebot3_dqn_stage4.world
[6.013s] -- Up-to-date symlink: /root/ros_workspace/install/turtlebot3_gazebo/share/turtlebot3_gazebo//worlds/turtlebot3_house.world
[6.013s] -- Up-to-date symlink: /root/ros_workspace/install/turtlebot3_gazebo/share/turtlebot3_gazebo//worlds/turtlebot3_world.world
[6.013s] -- Up-to-date symlink: /root/ros_workspace/install/turtlebot3_gazebo/include//turtlebot3_gazebo/obstacle1.hpp
[6.013s] -- Up-to-date symlink: /root/ros_workspace/install/turtlebot3_gazebo/include//turtlebot3_gazebo/obstacle2.hpp
[6.014s] -- Up-to-date symlink: /root/ros_workspace/install/turtlebot3_gazebo/include//turtlebot3_gazebo/obstacles.hpp
[6.014s] -- Up-to-date symlink: /root/ros_workspace/install/turtlebot3_gazebo/include//turtlebot3_gazebo/traffic_bar_plugin.hpp
[6.014s] -- Up-to-date symlink: /root/ros_workspace/install/turtlebot3_gazebo/include//turtlebot3_gazebo/traffic_light_plugin.hpp
[6.015s] -- Up-to-date symlink: /root/ros_workspace/install/turtlebot3_gazebo/include//turtlebot3_gazebo/turtlebot3_drive.hpp
[6.016s] -- Up-to-date symlink: /root/ros_workspace/install/turtlebot3_gazebo/share/ament_index/resource_index/package_run_dependencies/turtlebot3_gazebo
[6.016s] -- Up-to-date symlink: /root/ros_workspace/install/turtlebot3_gazebo/share/ament_index/resource_index/parent_prefix_path/turtlebot3_gazebo
[6.017s] -- Up-to-date symlink: /root/ros_workspace/install/turtlebot3_gazebo/share/turtlebot3_gazebo/environment/ament_prefix_path.sh
[6.017s] -- Up-to-date symlink: /root/ros_workspace/install/turtlebot3_gazebo/share/turtlebot3_gazebo/environment/ament_prefix_path.dsv
[6.017s] -- Up-to-date symlink: /root/ros_workspace/install/turtlebot3_gazebo/share/turtlebot3_gazebo/environment/path.sh
[6.017s] -- Up-to-date symlink: /root/ros_workspace/install/turtlebot3_gazebo/share/turtlebot3_gazebo/environment/path.dsv
[6.017s] -- Up-to-date symlink: /root/ros_workspace/install/turtlebot3_gazebo/share/turtlebot3_gazebo/local_setup.bash
[6.017s] -- Up-to-date symlink: /root/ros_workspace/install/turtlebot3_gazebo/share/turtlebot3_gazebo/local_setup.sh
[6.017s] -- Up-to-date symlink: /root/ros_workspace/install/turtlebot3_gazebo/share/turtlebot3_gazebo/local_setup.zsh
[6.018s] -- Up-to-date symlink: /root/ros_workspace/install/turtlebot3_gazebo/share/turtlebot3_gazebo/local_setup.dsv
[6.018s] -- Symlinking: /root/ros_workspace/install/turtlebot3_gazebo/share/turtlebot3_gazebo/package.dsv
[6.041s] -- Up-to-date symlink: /root/ros_workspace/install/turtlebot3_gazebo/share/ament_index/resource_index/packages/turtlebot3_gazebo
[6.042s] -- Up-to-date symlink: /root/ros_workspace/install/turtlebot3_gazebo/share/turtlebot3_gazebo/cmake/ament_cmake_export_include_directories-extras.cmake
[6.042s] -- Up-to-date symlink: /root/ros_workspace/install/turtlebot3_gazebo/share/turtlebot3_gazebo/cmake/ament_cmake_export_dependencies-extras.cmake
[6.043s] -- Up-to-date symlink: /root/ros_workspace/install/turtlebot3_gazebo/share/turtlebot3_gazebo/cmake/turtlebot3_gazeboConfig.cmake
[6.043s] -- Up-to-date symlink: /root/ros_workspace/install/turtlebot3_gazebo/share/turtlebot3_gazebo/cmake/turtlebot3_gazeboConfig-version.cmake
[6.044s] -- Up-to-date symlink: /root/ros_workspace/install/turtlebot3_gazebo/share/turtlebot3_gazebo/package.xml
[6.367s] Invoked command in '/root/ros_workspace/build/turtlebot3_gazebo' returned '0': CMAKE_PREFIX_PATH=${CMAKE_PREFIX_PATH}:/root/ros_workspace/install/turtlebot3_teleop:/root/ros_workspace/install/turtlebot3_example:/root/ros_workspace/install/turtlebot3_control:/opt/ros/jazzy /usr/bin/cmake --install /root/ros_workspace/build/turtlebot3_gazebo
