[0.092s] Invoking command in '/root/ros_workspace/build/turtlebot3_gazebo': CMAKE_PREFIX_PATH=${CMAKE_PREFIX_PATH}:/root/ros_workspace/install/turtlebot3_teleop:/root/ros_workspace/install/turtlebot3_example:/root/ros_workspace/install/turtlebot3_control:/opt/ros/jazzy /usr/bin/cmake /root/ros_workspace/src/turtlebot3_simulations/turtlebot3_gazebo -DAMENT_CMAKE_SYMLINK_INSTALL=1 -DCMAKE_INSTALL_PREFIX=/root/ros_workspace/install/turtlebot3_gazebo
[1.522s] -- Found ament_cmake: 2.5.4 (/opt/ros/jazzy/share/ament_cmake/cmake)
[1.522s] -- Override CMake install command with custom implementation using symlinks instead of copying resources
[1.523s] -- Found ros_gz_sim: 1.0.16 (/opt/ros/jazzy/share/ros_gz_sim/cmake)
[1.523s] -- Found rosidl_generator_c: 4.6.6 (/opt/ros/jazzy/share/rosidl_generator_c/cmake)
[1.523s] -- Found rosidl_generator_cpp: 4.6.6 (/opt/ros/jazzy/share/rosidl_generator_cpp/cmake)
[1.523s] -- Using all available rosidl_typesupport_c: rosidl_typesupport_fastrtps_c;rosidl_typesupport_introspection_c
[1.523s] -- Using all available rosidl_typesupport_cpp: rosidl_typesupport_fastrtps_cpp;rosidl_typesupport_introspection_cpp
[1.523s] -- Found rmw_implementation_cmake: 7.3.2 (/opt/ros/jazzy/share/rmw_implementation_cmake/cmake)
[1.524s] -- Found rmw_fastrtps_cpp: 8.4.3 (/opt/ros/jazzy/share/rmw_fastrtps_cpp/cmake)
[1.524s] -- Using RMW implementation 'rmw_fastrtps_cpp' as default
[2.177s] -- Found nav_msgs: 5.3.6 (/opt/ros/jazzy/share/nav_msgs/cmake)
[2.252s] -- Found sensor_msgs: 5.3.6 (/opt/ros/jazzy/share/sensor_msgs/cmake)
[2.333s] -- Found gz_math_vendor: 0.0.8 (/opt/ros/jazzy/share/gz_math_vendor/cmake)
[2.340s] -- Looking for gz-math7 -- found version 7.5.2
[2.352s] -- Searching for dependencies of gz-math7
[2.353s] -- Looking for gz-utils2 -- found version 2.2.1
[2.354s] -- Searching for dependencies of gz-utils2
[2.357s] -- Found gz_sim_vendor: 0.0.9 (/opt/ros/jazzy/share/gz_sim_vendor/cmake)
[2.386s] -- Looking for gz-sim8 -- found version 8.10.0
[2.387s] -- Searching for dependencies of gz-sim8
[2.391s] -- Looking for sdformat14 -- found version 14.8.0
[2.391s] -- Searching for dependencies of sdformat14
[2.404s] -- Checking for module 'tinyxml2'
[2.449s] --   Found tinyxml2, version 10.0.0
[2.554s] -- Looking for gz-math7 -- found version 7.5.2
[2.556s] -- Looking for gz-utils2 -- found version 2.2.1
[2.557s] -- Searching for dependencies of gz-utils2
[2.557s] -- Searching for <gz-utils2> component [cli]
[2.559s] -- Looking for gz-utils2-cli -- found version 2.2.1
[2.559s] -- Searching for dependencies of gz-utils2-cli
[2.567s] -- Looking for gz-plugin2 -- found version 2.0.4
[2.570s] -- Searching for dependencies of gz-plugin2
[2.571s] -- Looking for gz-utils2 -- found version 2.2.1
[2.574s] -- Searching for <gz-plugin2> component [loader]
[2.576s] -- Looking for gz-plugin2-loader -- found version 2.0.4
[2.579s] -- Searching for dependencies of gz-plugin2-loader
[2.586s] -- Searching for <gz-plugin2> component [register]
[2.587s] -- Looking for gz-plugin2-register -- found version 2.0.4
[2.588s] -- Searching for dependencies of gz-plugin2-register
[2.590s] -- Looking for gz-transport13 -- found version 13.5.0
[2.592s] -- Searching for dependencies of gz-transport13
[2.687s] -- Config-file not installed for ZeroMQ -- checking for pkg-config
[2.701s] -- Checking for module 'libzmq >= 4'
[2.752s] --   Found libzmq, version 4.3.5
[2.876s] -- Checking for module 'uuid'
[2.926s] --   Found uuid, version 2.39.3
[3.053s] -- Looking for gz-utils2 -- found version 2.2.1
[3.053s] -- Looking for gz-msgs10 -- found version 10.3.2
[3.053s] -- Searching for dependencies of gz-msgs10
[3.128s] -- Looking for gz-utils2 -- found version 2.2.1
[3.129s] -- Looking for gz-math7 -- found version 7.5.2
[3.157s] -- Searching for <gz-transport13> component [log]
[3.161s] -- Looking for gz-transport13-log -- found version 13.5.0
[3.161s] -- Searching for dependencies of gz-transport13-log
[3.164s] -- Searching for <gz-transport13> component [parameters]
[3.166s] -- Looking for gz-transport13-parameters -- found version 13.5.0
[3.166s] -- Searching for dependencies of gz-transport13-parameters
[3.171s] -- Looking for gz-msgs10 -- found version 10.3.2
[3.172s] -- Looking for gz-common5 -- found version 5.7.1
[3.173s] -- Searching for dependencies of gz-common5
[3.175s] -- Looking for gz-utils2 -- found version 2.2.1
[3.176s] -- Looking for dlfcn.h - found
[3.176s] -- Looking for libdl - found
[3.199s] -- Searching for <gz-common5> component [av]
[3.202s] -- Looking for gz-common5-av -- found version 5.7.1
[3.202s] -- Searching for dependencies of gz-common5-av
[3.218s] -- Checking for module 'libswscale'
[3.263s] --   Found libswscale, version 7.5.100
[3.370s] -- Checking for module 'libavdevice >= 56.4.100'
[3.429s] --   Found libavdevice, version 60.3.100
[3.583s] -- Checking for module 'libavformat'
[3.628s] --   Found libavformat, version 60.16.100
[3.756s] -- Checking for module 'libavcodec'
[3.810s] --   Found libavcodec, version 60.31.102
[3.914s] -- Checking for module 'libavutil'
[3.956s] --   Found libavutil, version 58.29.100
[4.049s] -- Searching for <gz-common5> component [events]
[4.050s] -- Looking for gz-common5-events -- found version 5.7.1
[4.054s] -- Searching for dependencies of gz-common5-events
[4.054s] -- Looking for gz-math7 -- found version 7.5.2
[4.055s] -- Searching for <gz-common5> component [graphics]
[4.056s] -- Looking for gz-common5-graphics -- found version 5.7.1
[4.056s] -- Searching for dependencies of gz-common5-graphics
[4.057s] -- Looking for gz-math7 -- found version 7.5.2
[4.071s] -- Searching for <gz-common5> component [io]
[4.072s] -- Looking for gz-common5-io -- found version 5.7.1
[4.072s] -- Searching for dependencies of gz-common5-io
[4.073s] -- Searching for <gz-common5> component [profiler]
[4.074s] -- Looking for gz-common5-profiler -- found version 5.7.1
[4.075s] -- Searching for dependencies of gz-common5-profiler
[4.077s] -- Looking for gz-fuel_tools9 -- found version 9.1.1
[4.079s] -- Searching for dependencies of gz-fuel_tools9
[4.294s] -- Checking for module 'jsoncpp'
[4.338s] --   Found jsoncpp, version 1.9.5
[4.461s] -- Checking for module 'yaml-0.1'
[4.503s] --   Found yaml-0.1, version 0.2.5
[4.603s] -- Checking for module 'libzip'
[4.656s] --   Found libzip, version 1.7.3
[4.773s] -- Looking for gz-utils2 -- found version 2.2.1
[4.774s] -- Looking for gz-common5 -- found version 5.7.1
[4.782s] -- Searching for dependencies of gz-common5
[4.783s] -- Looking for gz-utils2 -- found version 2.2.1
[4.783s] -- Looking for dlfcn.h - found
[4.784s] -- Looking for libdl - found
[4.786s] -- Searching for <gz-common5> component [testing]
[4.786s] -- Looking for gz-common5-testing -- found version 5.7.1
[4.789s] -- Searching for dependencies of gz-common5-testing
[4.804s] -- Looking for gz-math7 -- found version 7.5.2
[4.806s] -- Looking for gz-msgs10 -- found version 10.3.2
[4.806s] -- Looking for gz-gui8 -- found version 8.4.0
[4.806s] -- Searching for dependencies of gz-gui8
[4.856s] -- Looking for gz-utils2 -- found version 2.2.1
[4.857s] -- Looking for gz-math7 -- found version 7.5.2
[4.860s] -- Looking for gz-common5 -- found version 5.7.1
[4.861s] -- Looking for gz-plugin2 -- found version 2.0.4
[4.862s] -- Looking for gz-transport13 -- found version 13.5.0
[4.863s] -- Looking for gz-rendering8 -- found version 8.2.2
[4.863s] -- Searching for dependencies of gz-rendering8
[4.864s] -- Looking for gz-math7 -- found version 7.5.2
[4.865s] -- Searching for dependencies of gz-math7
[4.865s] -- Looking for gz-utils2 -- found version 2.2.1
[4.866s] -- Searching for <gz-math7> component [eigen3]
[4.867s] -- Looking for gz-math7-eigen3 -- found version 7.5.2
[4.867s] -- Searching for dependencies of gz-math7-eigen3
[4.871s] -- Looking for gz-common5 -- found version 5.7.1
[4.871s] -- Searching for dependencies of gz-common5
[4.872s] -- Looking for gz-utils2 -- found version 2.2.1
[4.873s] -- Looking for dlfcn.h - found
[4.874s] -- Looking for libdl - found
[4.899s] -- Searching for <gz-common5> component [graphics]
[4.899s] -- Searching for <gz-common5> component [events]
[4.900s] -- Searching for <gz-common5> component [geospatial]
[4.901s] -- Looking for gz-common5-geospatial -- found version 5.7.1
[4.903s] -- Searching for dependencies of gz-common5-geospatial
[4.906s] -- Looking for gz-math7 -- found version 7.5.2
[4.911s] -- Looking for gz-common5 -- found version 5.7.1
[4.921s] -- Looking for gz-plugin2 -- found version 2.0.4
[4.922s] -- Searching for dependencies of gz-plugin2
[4.922s] -- Looking for gz-utils2 -- found version 2.2.1
[4.923s] -- Searching for <gz-plugin2> component [all]
[4.923s] -- Looking for all libraries of gz-plugin2 -- found version 2.0.4
[4.924s] -- Looking for gz-plugin2 -- found version 2.0.4
[4.924s] -- Looking for gz-utils2 -- found version 2.2.1
[4.927s] -- Looking for gz-msgs10 -- found version 10.3.2
[4.962s] -- Looking for gz-physics7 -- found version 7.6.0
[4.963s] -- Searching for dependencies of gz-physics7
[4.963s] -- Looking for gz-common5 -- found version 5.7.1
[4.966s] -- Looking for gz-math7 -- found version 7.5.2
[4.967s] -- Looking for gz-plugin2 -- found version 2.0.4
[4.969s] -- Looking for gz-utils2 -- found version 2.2.1
[4.969s] -- Searching for <gz-physics7> component [heightmap]
[4.970s] -- Looking for gz-physics7-heightmap -- found version 7.6.0
[4.971s] -- Searching for dependencies of gz-physics7-heightmap
[4.972s] -- Looking for gz-common5 -- found version 5.7.1
[4.972s] -- Searching for <gz-physics7> component [mesh]
[4.973s] -- Looking for gz-physics7-mesh -- found version 7.6.0
[4.973s] -- Searching for dependencies of gz-physics7-mesh
[4.974s] -- Looking for gz-common5 -- found version 5.7.1
[4.975s] -- Searching for <gz-physics7> component [sdf]
[4.975s] -- Looking for gz-physics7-sdf -- found version 7.6.0
[4.976s] -- Searching for dependencies of gz-physics7-sdf
[4.976s] -- Looking for sdformat14 -- found version 14.8.0
[4.979s] -- Looking for gz-sensors8 -- found version 8.2.2
[4.981s] -- Searching for dependencies of gz-sensors8
[5.029s] -- Looking for gz-math7 -- found version 7.5.2
[5.029s] -- Looking for gz-common5 -- found version 5.7.1
[5.029s] -- Looking for gz-transport13 -- found version 13.5.0
[5.029s] -- Looking for gz-rendering8 -- found version 8.2.2
[5.030s] -- Looking for gz-msgs10 -- found version 10.3.2
[5.030s] -- Looking for sdformat14 -- found version 14.8.0
[5.032s] -- Searching for <gz-sensors8> component [air_pressure]
[5.033s] -- Looking for gz-sensors8-air_pressure -- found version 8.2.2
[5.034s] -- Searching for dependencies of gz-sensors8-air_pressure
[5.034s] -- Searching for <gz-sensors8> component [air_speed]
[5.036s] -- Looking for gz-sensors8-air_speed -- found version 8.2.2
[5.036s] -- Searching for dependencies of gz-sensors8-air_speed
[5.037s] -- Searching for <gz-sensors8> component [altimeter]
[5.038s] -- Looking for gz-sensors8-altimeter -- found version 8.2.2
[5.039s] -- Searching for dependencies of gz-sensors8-altimeter
[5.040s] -- Searching for <gz-sensors8> component [imu]
[5.041s] -- Looking for gz-sensors8-imu -- found version 8.2.2
[5.041s] -- Searching for dependencies of gz-sensors8-imu
[5.042s] -- Searching for <gz-sensors8> component [force_torque]
[5.044s] -- Looking for gz-sensors8-force_torque -- found version 8.2.2
[5.044s] -- Searching for dependencies of gz-sensors8-force_torque
[5.045s] -- Searching for <gz-sensors8> component [logical_camera]
[5.047s] -- Looking for gz-sensors8-logical_camera -- found version 8.2.2
[5.047s] -- Searching for dependencies of gz-sensors8-logical_camera
[5.049s] -- Searching for <gz-sensors8> component [magnetometer]
[5.049s] -- Looking for gz-sensors8-magnetometer -- found version 8.2.2
[5.050s] -- Searching for dependencies of gz-sensors8-magnetometer
[5.053s] -- Searching for <gz-sensors8> component [navsat]
[5.054s] -- Looking for gz-sensors8-navsat -- found version 8.2.2
[5.054s] -- Searching for dependencies of gz-sensors8-navsat
[5.056s] -- Searching for <gz-sensors8> component [dvl]
[5.059s] -- Looking for gz-sensors8-dvl -- found version 8.2.2
[5.059s] -- Searching for dependencies of gz-sensors8-dvl
[5.060s] -- Looking for gz-sensors8 -- found version 8.2.2
[5.060s] -- Searching for dependencies of gz-sensors8
[5.116s] -- Looking for gz-math7 -- found version 7.5.2
[5.117s] -- Looking for gz-common5 -- found version 5.7.1
[5.119s] -- Looking for gz-transport13 -- found version 13.5.0
[5.120s] -- Looking for gz-rendering8 -- found version 8.2.2
[5.122s] -- Looking for gz-msgs10 -- found version 10.3.2
[5.123s] -- Looking for sdformat14 -- found version 14.8.0
[5.124s] -- Searching for <gz-sensors8> component [rendering]
[5.125s] -- Looking for gz-sensors8-rendering -- found version 8.2.2
[5.126s] -- Searching for dependencies of gz-sensors8-rendering
[5.130s] -- Searching for <gz-sensors8> component [rendering]
[5.130s] -- Searching for <gz-sensors8> component [lidar]
[5.136s] -- Looking for gz-sensors8-lidar -- found version 8.2.2
[5.136s] -- Searching for dependencies of gz-sensors8-lidar
[5.138s] -- Looking for gz-sensors8 -- found version 8.2.2
[5.141s] -- Searching for <gz-sensors8> component [gpu_lidar]
[5.142s] -- Looking for gz-sensors8-gpu_lidar -- found version 8.2.2
[5.142s] -- Searching for dependencies of gz-sensors8-gpu_lidar
[5.143s] -- Looking for gz-sensors8 -- found version 8.2.2
[5.145s] -- Searching for <gz-sensors8> component [camera]
[5.147s] -- Looking for gz-sensors8-camera -- found version 8.2.2
[5.147s] -- Searching for dependencies of gz-sensors8-camera
[5.149s] -- Looking for gz-sensors8 -- found version 8.2.2
[5.151s] -- Searching for <gz-sensors8> component [boundingbox_camera]
[5.152s] -- Looking for gz-sensors8-boundingbox_camera -- found version 8.2.2
[5.152s] -- Searching for dependencies of gz-sensors8-boundingbox_camera
[5.154s] -- Searching for <gz-sensors8> component [segmentation_camera]
[5.156s] -- Looking for gz-sensors8-segmentation_camera -- found version 8.2.2
[5.157s] -- Searching for dependencies of gz-sensors8-segmentation_camera
[5.159s] -- Searching for <gz-sensors8> component [depth_camera]
[5.160s] -- Looking for gz-sensors8-depth_camera -- found version 8.2.2
[5.161s] -- Searching for dependencies of gz-sensors8-depth_camera
[5.162s] -- Looking for gz-sensors8 -- found version 8.2.2
[5.165s] -- Searching for <gz-sensors8> component [rgbd_camera]
[5.166s] -- Looking for gz-sensors8-rgbd_camera -- found version 8.2.2
[5.166s] -- Searching for dependencies of gz-sensors8-rgbd_camera
[5.168s] -- Looking for gz-sensors8 -- found version 8.2.2
[5.170s] -- Searching for <gz-sensors8> component [thermal_camera]
[5.171s] -- Looking for gz-sensors8-thermal_camera -- found version 8.2.2
[5.171s] -- Searching for dependencies of gz-sensors8-thermal_camera
[5.173s] -- Looking for gz-sensors8 -- found version 8.2.2
[5.174s] -- Searching for <gz-sensors8> component [wide_angle_camera]
[5.176s] -- Looking for gz-sensors8-wide_angle_camera -- found version 8.2.2
[5.176s] -- Searching for dependencies of gz-sensors8-wide_angle_camera
[5.179s] -- Looking for gz-rendering8 -- found version 8.2.2
[5.180s] -- Looking for gz-math7 -- found version 7.5.2
[5.181s] -- Looking for gz-utils2 -- found version 2.2.1
[5.220s] -- Looking for gz-plugin2 -- found version 2.0.4
[5.438s] -- Configuring done (5.3s)
[5.509s] -- Generating done (0.1s)
[5.525s] -- Build files have been written to: /root/ros_workspace/build/turtlebot3_gazebo
[5.549s] Invoked command in '/root/ros_workspace/build/turtlebot3_gazebo' returned '0': CMAKE_PREFIX_PATH=${CMAKE_PREFIX_PATH}:/root/ros_workspace/install/turtlebot3_teleop:/root/ros_workspace/install/turtlebot3_example:/root/ros_workspace/install/turtlebot3_control:/opt/ros/jazzy /usr/bin/cmake /root/ros_workspace/src/turtlebot3_simulations/turtlebot3_gazebo -DAMENT_CMAKE_SYMLINK_INSTALL=1 -DCMAKE_INSTALL_PREFIX=/root/ros_workspace/install/turtlebot3_gazebo
[5.550s] Invoking command in '/root/ros_workspace/build/turtlebot3_gazebo': CMAKE_PREFIX_PATH=${CMAKE_PREFIX_PATH}:/root/ros_workspace/install/turtlebot3_teleop:/root/ros_workspace/install/turtlebot3_example:/root/ros_workspace/install/turtlebot3_control:/opt/ros/jazzy /usr/bin/cmake --build /root/ros_workspace/build/turtlebot3_gazebo -- -j12 -l12
[5.658s] [ 25%] Built target obstacles
[5.670s] [ 50%] Built target turtlebot3_drive
[5.705s] [ 75%] Built target obstacle2
[5.710s] [100%] Built target obstacle1
[5.729s] Invoked command in '/root/ros_workspace/build/turtlebot3_gazebo' returned '0': CMAKE_PREFIX_PATH=${CMAKE_PREFIX_PATH}:/root/ros_workspace/install/turtlebot3_teleop:/root/ros_workspace/install/turtlebot3_example:/root/ros_workspace/install/turtlebot3_control:/opt/ros/jazzy /usr/bin/cmake --build /root/ros_workspace/build/turtlebot3_gazebo -- -j12 -l12
[5.733s] Invoking command in '/root/ros_workspace/build/turtlebot3_gazebo': CMAKE_PREFIX_PATH=${CMAKE_PREFIX_PATH}:/root/ros_workspace/install/turtlebot3_teleop:/root/ros_workspace/install/turtlebot3_example:/root/ros_workspace/install/turtlebot3_control:/opt/ros/jazzy /usr/bin/cmake --install /root/ros_workspace/build/turtlebot3_gazebo
[5.740s] -- Install configuration: ""
[5.741s] -- Execute custom install script
[5.742s] -- Up-to-date symlink: /root/ros_workspace/install/turtlebot3_gazebo/lib/turtlebot3_gazebo/turtlebot3_drive
[5.742s] -- Up-to-date symlink: /root/ros_workspace/install/turtlebot3_gazebo/lib/turtlebot3_gazebo/libobstacles.so
[5.742s] -- Up-to-date symlink: /root/ros_workspace/install/turtlebot3_gazebo/lib/turtlebot3_gazebo/libobstacle1.so
[5.743s] -- Up-to-date symlink: /root/ros_workspace/install/turtlebot3_gazebo/lib/turtlebot3_gazebo/libobstacle2.so
[5.743s] -- Up-to-date symlink: /root/ros_workspace/install/turtlebot3_gazebo/share/turtlebot3_gazebo//launch/empty_world.launch.py
[5.744s] -- Up-to-date symlink: /root/ros_workspace/install/turtlebot3_gazebo/share/turtlebot3_gazebo//launch/robot_state_publisher.launch.py
[5.744s] -- Up-to-date symlink: /root/ros_workspace/install/turtlebot3_gazebo/share/turtlebot3_gazebo//launch/spawn_turtlebot3.launch.py
[5.744s] -- Up-to-date symlink: /root/ros_workspace/install/turtlebot3_gazebo/share/turtlebot3_gazebo//launch/turtlebot3_dqn_stage1.launch.py
[5.744s] -- Up-to-date symlink: /root/ros_workspace/install/turtlebot3_gazebo/share/turtlebot3_gazebo//launch/turtlebot3_dqn_stage2.launch.py
[5.745s] -- Up-to-date symlink: /root/ros_workspace/install/turtlebot3_gazebo/share/turtlebot3_gazebo//launch/turtlebot3_dqn_stage3.launch.py
[5.745s] -- Up-to-date symlink: /root/ros_workspace/install/turtlebot3_gazebo/share/turtlebot3_gazebo//launch/turtlebot3_dqn_stage4.launch.py
[5.745s] -- Up-to-date symlink: /root/ros_workspace/install/turtlebot3_gazebo/share/turtlebot3_gazebo//launch/turtlebot3_house.launch.py
[5.745s] -- Up-to-date symlink: /root/ros_workspace/install/turtlebot3_gazebo/share/turtlebot3_gazebo//launch/turtlebot3_world.launch.py
[5.748s] -- Up-to-date symlink: /root/ros_workspace/install/turtlebot3_gazebo/share/turtlebot3_gazebo//models/turtlebot3_burger/model-1_4.sdf
[5.748s] -- Up-to-date symlink: /root/ros_workspace/install/turtlebot3_gazebo/share/turtlebot3_gazebo//models/turtlebot3_burger/model.config
[5.749s] -- Up-to-date symlink: /root/ros_workspace/install/turtlebot3_gazebo/share/turtlebot3_gazebo//models/turtlebot3_burger/model.sdf
[5.749s] -- Up-to-date symlink: /root/ros_workspace/install/turtlebot3_gazebo/share/turtlebot3_gazebo//models/turtlebot3_burger_cam/model-1_4.sdf
[5.749s] -- Up-to-date symlink: /root/ros_workspace/install/turtlebot3_gazebo/share/turtlebot3_gazebo//models/turtlebot3_burger_cam/model.config
[5.753s] -- Up-to-date symlink: /root/ros_workspace/install/turtlebot3_gazebo/share/turtlebot3_gazebo//models/turtlebot3_burger_cam/model.sdf
[5.753s] -- Up-to-date symlink: /root/ros_workspace/install/turtlebot3_gazebo/share/turtlebot3_gazebo//models/turtlebot3_common/meshes/bases/burger_base.stl
[5.754s] -- Up-to-date symlink: /root/ros_workspace/install/turtlebot3_gazebo/share/turtlebot3_gazebo//models/turtlebot3_common/meshes/bases/waffle_base.stl
[5.755s] -- Up-to-date symlink: /root/ros_workspace/install/turtlebot3_gazebo/share/turtlebot3_gazebo//models/turtlebot3_common/meshes/bases/waffle_pi_base.stl
[5.755s] -- Up-to-date symlink: /root/ros_workspace/install/turtlebot3_gazebo/share/turtlebot3_gazebo//models/turtlebot3_common/meshes/burger_base.dae
[5.756s] -- Up-to-date symlink: /root/ros_workspace/install/turtlebot3_gazebo/share/turtlebot3_gazebo//models/turtlebot3_common/meshes/lds.dae
[5.756s] -- Up-to-date symlink: /root/ros_workspace/install/turtlebot3_gazebo/share/turtlebot3_gazebo//models/turtlebot3_common/meshes/r200.dae
[5.756s] -- Up-to-date symlink: /root/ros_workspace/install/turtlebot3_gazebo/share/turtlebot3_gazebo//models/turtlebot3_common/meshes/sensors/astra.dae
[5.756s] -- Up-to-date symlink: /root/ros_workspace/install/turtlebot3_gazebo/share/turtlebot3_gazebo//models/turtlebot3_common/meshes/sensors/astra.jpg
[5.756s] -- Up-to-date symlink: /root/ros_workspace/install/turtlebot3_gazebo/share/turtlebot3_gazebo//models/turtlebot3_common/meshes/sensors/lds.stl
[5.757s] -- Up-to-date symlink: /root/ros_workspace/install/turtlebot3_gazebo/share/turtlebot3_gazebo//models/turtlebot3_common/meshes/sensors/r200.dae
[5.758s] -- Up-to-date symlink: /root/ros_workspace/install/turtlebot3_gazebo/share/turtlebot3_gazebo//models/turtlebot3_common/meshes/sensors/r200.jpg
[5.758s] -- Up-to-date symlink: /root/ros_workspace/install/turtlebot3_gazebo/share/turtlebot3_gazebo//models/turtlebot3_common/meshes/tire.dae
[5.759s] -- Up-to-date symlink: /root/ros_workspace/install/turtlebot3_gazebo/share/turtlebot3_gazebo//models/turtlebot3_common/meshes/waffle_base.dae
[5.759s] -- Up-to-date symlink: /root/ros_workspace/install/turtlebot3_gazebo/share/turtlebot3_gazebo//models/turtlebot3_common/meshes/waffle_pi_base.dae
[5.760s] -- Up-to-date symlink: /root/ros_workspace/install/turtlebot3_gazebo/share/turtlebot3_gazebo//models/turtlebot3_common/meshes/wheels/left_tire.stl
[5.760s] -- Up-to-date symlink: /root/ros_workspace/install/turtlebot3_gazebo/share/turtlebot3_gazebo//models/turtlebot3_common/meshes/wheels/right_tire.stl
[5.761s] -- Up-to-date symlink: /root/ros_workspace/install/turtlebot3_gazebo/share/turtlebot3_gazebo//models/turtlebot3_common/model.config
[5.762s] -- Up-to-date symlink: /root/ros_workspace/install/turtlebot3_gazebo/share/turtlebot3_gazebo//models/turtlebot3_dqn_world/goal_box/model.config
[5.763s] -- Up-to-date symlink: /root/ros_workspace/install/turtlebot3_gazebo/share/turtlebot3_gazebo//models/turtlebot3_dqn_world/goal_box/model.sdf
[5.763s] -- Up-to-date symlink: /root/ros_workspace/install/turtlebot3_gazebo/share/turtlebot3_gazebo//models/turtlebot3_dqn_world/inner_walls/model.config
[5.764s] -- Up-to-date symlink: /root/ros_workspace/install/turtlebot3_gazebo/share/turtlebot3_gazebo//models/turtlebot3_dqn_world/inner_walls/model.sdf
[5.765s] -- Up-to-date symlink: /root/ros_workspace/install/turtlebot3_gazebo/share/turtlebot3_gazebo//models/turtlebot3_dqn_world/inner_walls/textures/wood.png
[5.766s] -- Up-to-date symlink: /root/ros_workspace/install/turtlebot3_gazebo/share/turtlebot3_gazebo//models/turtlebot3_dqn_world/model.config
[5.767s] -- Up-to-date symlink: /root/ros_workspace/install/turtlebot3_gazebo/share/turtlebot3_gazebo//models/turtlebot3_dqn_world/model.sdf
[5.769s] -- Up-to-date symlink: /root/ros_workspace/install/turtlebot3_gazebo/share/turtlebot3_gazebo//models/turtlebot3_dqn_world/obstacle1/model.config
[5.770s] -- Up-to-date symlink: /root/ros_workspace/install/turtlebot3_gazebo/share/turtlebot3_gazebo//models/turtlebot3_dqn_world/obstacle1/model.sdf
[5.770s] -- Up-to-date symlink: /root/ros_workspace/install/turtlebot3_gazebo/share/turtlebot3_gazebo//models/turtlebot3_dqn_world/obstacle2/model.config
[5.773s] -- Up-to-date symlink: /root/ros_workspace/install/turtlebot3_gazebo/share/turtlebot3_gazebo//models/turtlebot3_dqn_world/obstacle2/model.sdf
[5.774s] -- Up-to-date symlink: /root/ros_workspace/install/turtlebot3_gazebo/share/turtlebot3_gazebo//models/turtlebot3_dqn_world/obstacles/model.config
[5.774s] -- Up-to-date symlink: /root/ros_workspace/install/turtlebot3_gazebo/share/turtlebot3_gazebo//models/turtlebot3_dqn_world/obstacles/model.sdf
[5.775s] -- Up-to-date symlink: /root/ros_workspace/install/turtlebot3_gazebo/share/turtlebot3_gazebo//models/turtlebot3_dqn_world/textures/wood.png
[5.775s] -- Up-to-date symlink: /root/ros_workspace/install/turtlebot3_gazebo/share/turtlebot3_gazebo//models/turtlebot3_house/cafe_table/materials/textures/Maple.jpg
[5.776s] -- Up-to-date symlink: /root/ros_workspace/install/turtlebot3_gazebo/share/turtlebot3_gazebo//models/turtlebot3_house/cafe_table/materials/textures/Wood_Floor_Dark.jpg
[5.777s] -- Up-to-date symlink: /root/ros_workspace/install/turtlebot3_gazebo/share/turtlebot3_gazebo//models/turtlebot3_house/cafe_table/meshes/cafe_table.dae
[5.778s] -- Up-to-date symlink: /root/ros_workspace/install/turtlebot3_gazebo/share/turtlebot3_gazebo//models/turtlebot3_house/cafe_table/model-1_4.sdf
[5.779s] -- Up-to-date symlink: /root/ros_workspace/install/turtlebot3_gazebo/share/turtlebot3_gazebo//models/turtlebot3_house/cafe_table/model.config
[5.780s] -- Up-to-date symlink: /root/ros_workspace/install/turtlebot3_gazebo/share/turtlebot3_gazebo//models/turtlebot3_house/cafe_table/model.sdf
[5.780s] -- Up-to-date symlink: /root/ros_workspace/install/turtlebot3_gazebo/share/turtlebot3_gazebo//models/turtlebot3_house/first_2015_trash_can/meshes/trash_can.dae
[5.781s] -- Up-to-date symlink: /root/ros_workspace/install/turtlebot3_gazebo/share/turtlebot3_gazebo//models/turtlebot3_house/first_2015_trash_can/model.config
[5.782s] -- Up-to-date symlink: /root/ros_workspace/install/turtlebot3_gazebo/share/turtlebot3_gazebo//models/turtlebot3_house/first_2015_trash_can/model.sdf
[5.782s] -- Up-to-date symlink: /root/ros_workspace/install/turtlebot3_gazebo/share/turtlebot3_gazebo//models/turtlebot3_house/mailbox/materials/scripts/mailbox.material
[5.783s] -- Up-to-date symlink: /root/ros_workspace/install/turtlebot3_gazebo/share/turtlebot3_gazebo//models/turtlebot3_house/mailbox/materials/textures/Mailbox_Diffuse.png
[5.784s] -- Up-to-date symlink: /root/ros_workspace/install/turtlebot3_gazebo/share/turtlebot3_gazebo//models/turtlebot3_house/mailbox/materials/textures/Mailbox_Diffuse.tga.orig
[5.785s] -- Up-to-date symlink: /root/ros_workspace/install/turtlebot3_gazebo/share/turtlebot3_gazebo//models/turtlebot3_house/mailbox/materials/textures/Mailbox_Spec.png
[5.785s] -- Up-to-date symlink: /root/ros_workspace/install/turtlebot3_gazebo/share/turtlebot3_gazebo//models/turtlebot3_house/mailbox/meshes/mailbox.dae
[5.785s] -- Up-to-date symlink: /root/ros_workspace/install/turtlebot3_gazebo/share/turtlebot3_gazebo//models/turtlebot3_house/mailbox/model-1_3.sdf
[5.786s] -- Up-to-date symlink: /root/ros_workspace/install/turtlebot3_gazebo/share/turtlebot3_gazebo//models/turtlebot3_house/mailbox/model-1_4.sdf
[5.786s] -- Up-to-date symlink: /root/ros_workspace/install/turtlebot3_gazebo/share/turtlebot3_gazebo//models/turtlebot3_house/mailbox/model.config
[5.787s] -- Up-to-date symlink: /root/ros_workspace/install/turtlebot3_gazebo/share/turtlebot3_gazebo//models/turtlebot3_house/mailbox/model.sdf
[5.787s] -- Up-to-date symlink: /root/ros_workspace/install/turtlebot3_gazebo/share/turtlebot3_gazebo//models/turtlebot3_house/model.config
[5.787s] -- Up-to-date symlink: /root/ros_workspace/install/turtlebot3_gazebo/share/turtlebot3_gazebo//models/turtlebot3_house/model.sdf
[5.788s] -- Up-to-date symlink: /root/ros_workspace/install/turtlebot3_gazebo/share/turtlebot3_gazebo//models/turtlebot3_house/table_marble/materials/scripts/table_lightmap.material
[5.789s] -- Up-to-date symlink: /root/ros_workspace/install/turtlebot3_gazebo/share/turtlebot3_gazebo//models/turtlebot3_house/table_marble/materials/textures/marble.png
[5.790s] -- Up-to-date symlink: /root/ros_workspace/install/turtlebot3_gazebo/share/turtlebot3_gazebo//models/turtlebot3_house/table_marble/materials/textures/table_lightmap.png
[5.791s] -- Up-to-date symlink: /root/ros_workspace/install/turtlebot3_gazebo/share/turtlebot3_gazebo//models/turtlebot3_house/table_marble/meshes/table_lightmap.dae
[5.792s] -- Up-to-date symlink: /root/ros_workspace/install/turtlebot3_gazebo/share/turtlebot3_gazebo//models/turtlebot3_house/table_marble/model-1_4.sdf
[5.793s] -- Up-to-date symlink: /root/ros_workspace/install/turtlebot3_gazebo/share/turtlebot3_gazebo//models/turtlebot3_house/table_marble/model.config
[5.794s] -- Up-to-date symlink: /root/ros_workspace/install/turtlebot3_gazebo/share/turtlebot3_gazebo//models/turtlebot3_house/table_marble/model.sdf
[5.794s] -- Up-to-date symlink: /root/ros_workspace/install/turtlebot3_gazebo/share/turtlebot3_gazebo//models/turtlebot3_house/textures/bricks.png
[5.795s] -- Up-to-date symlink: /root/ros_workspace/install/turtlebot3_gazebo/share/turtlebot3_gazebo//models/turtlebot3_house/textures/wood.png
[5.795s] -- Up-to-date symlink: /root/ros_workspace/install/turtlebot3_gazebo/share/turtlebot3_gazebo//models/turtlebot3_waffle/model-1_4.sdf
[5.795s] -- Up-to-date symlink: /root/ros_workspace/install/turtlebot3_gazebo/share/turtlebot3_gazebo//models/turtlebot3_waffle/model.config
[5.797s] -- Up-to-date symlink: /root/ros_workspace/install/turtlebot3_gazebo/share/turtlebot3_gazebo//models/turtlebot3_waffle/model.sdf
[5.799s] -- Up-to-date symlink: /root/ros_workspace/install/turtlebot3_gazebo/share/turtlebot3_gazebo//models/turtlebot3_waffle_pi/model-1_4_.sdf
[5.799s] -- Up-to-date symlink: /root/ros_workspace/install/turtlebot3_gazebo/share/turtlebot3_gazebo//models/turtlebot3_waffle_pi/model.config
[5.799s] -- Up-to-date symlink: /root/ros_workspace/install/turtlebot3_gazebo/share/turtlebot3_gazebo//models/turtlebot3_waffle_pi/model.sdf
[5.800s] -- Up-to-date symlink: /root/ros_workspace/install/turtlebot3_gazebo/share/turtlebot3_gazebo//models/turtlebot3_world/meshes/hexagon.dae
[5.800s] -- Up-to-date symlink: /root/ros_workspace/install/turtlebot3_gazebo/share/turtlebot3_gazebo//models/turtlebot3_world/meshes/wall.dae
[5.800s] -- Up-to-date symlink: /root/ros_workspace/install/turtlebot3_gazebo/share/turtlebot3_gazebo//models/turtlebot3_world/model-1_4.sdf
[5.802s] -- Up-to-date symlink: /root/ros_workspace/install/turtlebot3_gazebo/share/turtlebot3_gazebo//models/turtlebot3_world/model.config
[5.805s] -- Up-to-date symlink: /root/ros_workspace/install/turtlebot3_gazebo/share/turtlebot3_gazebo//models/turtlebot3_world/model.sdf
[5.807s] -- Up-to-date symlink: /root/ros_workspace/install/turtlebot3_gazebo/share/turtlebot3_gazebo//params/turtlebot3_burger_bridge.yaml
[5.808s] -- Up-to-date symlink: /root/ros_workspace/install/turtlebot3_gazebo/share/turtlebot3_gazebo//params/turtlebot3_burger_cam_bridge.yaml
[5.809s] -- Up-to-date symlink: /root/ros_workspace/install/turtlebot3_gazebo/share/turtlebot3_gazebo//params/turtlebot3_waffle_bridge.yaml
[5.809s] -- Up-to-date symlink: /root/ros_workspace/install/turtlebot3_gazebo/share/turtlebot3_gazebo//params/turtlebot3_waffle_pi_bridge.yaml
[5.809s] -- Up-to-date symlink: /root/ros_workspace/install/turtlebot3_gazebo/share/turtlebot3_gazebo//rviz/tb3_gazebo.rviz
[5.810s] -- Up-to-date symlink: /root/ros_workspace/install/turtlebot3_gazebo/share/turtlebot3_gazebo//urdf/common_properties.urdf
[5.810s] -- Up-to-date symlink: /root/ros_workspace/install/turtlebot3_gazebo/share/turtlebot3_gazebo//urdf/turtlebot3_burger.urdf
[5.811s] -- Up-to-date symlink: /root/ros_workspace/install/turtlebot3_gazebo/share/turtlebot3_gazebo//urdf/turtlebot3_burger_cam.urdf
[5.811s] -- Up-to-date symlink: /root/ros_workspace/install/turtlebot3_gazebo/share/turtlebot3_gazebo//urdf/turtlebot3_waffle.urdf
[5.813s] -- Up-to-date symlink: /root/ros_workspace/install/turtlebot3_gazebo/share/turtlebot3_gazebo//urdf/turtlebot3_waffle_pi.urdf
[5.813s] -- Up-to-date symlink: /root/ros_workspace/install/turtlebot3_gazebo/share/turtlebot3_gazebo//worlds/empty_world.world
[5.814s] -- Up-to-date symlink: /root/ros_workspace/install/turtlebot3_gazebo/share/turtlebot3_gazebo//worlds/turtlebot3_autorace_2020.world
[5.824s] -- Up-to-date symlink: /root/ros_workspace/install/turtlebot3_gazebo/share/turtlebot3_gazebo//worlds/turtlebot3_dqn_stage1.world
[5.824s] -- Up-to-date symlink: /root/ros_workspace/install/turtlebot3_gazebo/share/turtlebot3_gazebo//worlds/turtlebot3_dqn_stage2.world
[5.825s] -- Up-to-date symlink: /root/ros_workspace/install/turtlebot3_gazebo/share/turtlebot3_gazebo//worlds/turtlebot3_dqn_stage3.world
[5.826s] -- Up-to-date symlink: /root/ros_workspace/install/turtlebot3_gazebo/share/turtlebot3_gazebo//worlds/turtlebot3_dqn_stage4.world
[5.826s] -- Up-to-date symlink: /root/ros_workspace/install/turtlebot3_gazebo/share/turtlebot3_gazebo//worlds/turtlebot3_house.world
[5.827s] -- Up-to-date symlink: /root/ros_workspace/install/turtlebot3_gazebo/share/turtlebot3_gazebo//worlds/turtlebot3_world.world
[5.827s] -- Up-to-date symlink: /root/ros_workspace/install/turtlebot3_gazebo/include//turtlebot3_gazebo/obstacle1.hpp
[5.827s] -- Up-to-date symlink: /root/ros_workspace/install/turtlebot3_gazebo/include//turtlebot3_gazebo/obstacle2.hpp
[5.829s] -- Up-to-date symlink: /root/ros_workspace/install/turtlebot3_gazebo/include//turtlebot3_gazebo/obstacles.hpp
[5.829s] -- Up-to-date symlink: /root/ros_workspace/install/turtlebot3_gazebo/include//turtlebot3_gazebo/traffic_bar_plugin.hpp
[5.829s] -- Up-to-date symlink: /root/ros_workspace/install/turtlebot3_gazebo/include//turtlebot3_gazebo/traffic_light_plugin.hpp
[5.829s] -- Up-to-date symlink: /root/ros_workspace/install/turtlebot3_gazebo/include//turtlebot3_gazebo/turtlebot3_drive.hpp
[5.830s] -- Up-to-date symlink: /root/ros_workspace/install/turtlebot3_gazebo/share/ament_index/resource_index/package_run_dependencies/turtlebot3_gazebo
[5.830s] -- Up-to-date symlink: /root/ros_workspace/install/turtlebot3_gazebo/share/ament_index/resource_index/parent_prefix_path/turtlebot3_gazebo
[5.831s] -- Up-to-date symlink: /root/ros_workspace/install/turtlebot3_gazebo/share/turtlebot3_gazebo/environment/ament_prefix_path.sh
[5.831s] -- Up-to-date symlink: /root/ros_workspace/install/turtlebot3_gazebo/share/turtlebot3_gazebo/environment/ament_prefix_path.dsv
[5.831s] -- Up-to-date symlink: /root/ros_workspace/install/turtlebot3_gazebo/share/turtlebot3_gazebo/environment/path.sh
[5.831s] -- Up-to-date symlink: /root/ros_workspace/install/turtlebot3_gazebo/share/turtlebot3_gazebo/environment/path.dsv
[5.833s] -- Up-to-date symlink: /root/ros_workspace/install/turtlebot3_gazebo/share/turtlebot3_gazebo/local_setup.bash
[5.833s] -- Up-to-date symlink: /root/ros_workspace/install/turtlebot3_gazebo/share/turtlebot3_gazebo/local_setup.sh
[5.833s] -- Up-to-date symlink: /root/ros_workspace/install/turtlebot3_gazebo/share/turtlebot3_gazebo/local_setup.zsh
[5.833s] -- Up-to-date symlink: /root/ros_workspace/install/turtlebot3_gazebo/share/turtlebot3_gazebo/local_setup.dsv
[5.833s] -- Symlinking: /root/ros_workspace/install/turtlebot3_gazebo/share/turtlebot3_gazebo/package.dsv
[5.835s] -- Up-to-date symlink: /root/ros_workspace/install/turtlebot3_gazebo/share/ament_index/resource_index/packages/turtlebot3_gazebo
[5.835s] -- Up-to-date symlink: /root/ros_workspace/install/turtlebot3_gazebo/share/turtlebot3_gazebo/cmake/ament_cmake_export_include_directories-extras.cmake
[5.836s] -- Up-to-date symlink: /root/ros_workspace/install/turtlebot3_gazebo/share/turtlebot3_gazebo/cmake/ament_cmake_export_dependencies-extras.cmake
[5.837s] -- Up-to-date symlink: /root/ros_workspace/install/turtlebot3_gazebo/share/turtlebot3_gazebo/cmake/turtlebot3_gazeboConfig.cmake
[5.838s] -- Up-to-date symlink: /root/ros_workspace/install/turtlebot3_gazebo/share/turtlebot3_gazebo/cmake/turtlebot3_gazeboConfig-version.cmake
[5.838s] -- Up-to-date symlink: /root/ros_workspace/install/turtlebot3_gazebo/share/turtlebot3_gazebo/package.xml
[5.889s] Invoked command in '/root/ros_workspace/build/turtlebot3_gazebo' returned '0': CMAKE_PREFIX_PATH=${CMAKE_PREFIX_PATH}:/root/ros_workspace/install/turtlebot3_teleop:/root/ros_workspace/install/turtlebot3_example:/root/ros_workspace/install/turtlebot3_control:/opt/ros/jazzy /usr/bin/cmake --install /root/ros_workspace/build/turtlebot3_gazebo
