[0.097s] Invoking command in '/root/ros_workspace/build/turtlebot3_gazebo': CMAKE_PREFIX_PATH=${CMAKE_PREFIX_PATH}:/opt/ros/jazzy /usr/bin/cmake /root/ros_workspace/src/turtlebot3_simulations/turtlebot3_gazebo -DCMAKE_INSTALL_PREFIX=/root/ros_workspace/install/turtlebot3_gazebo
[0.160s] -- Found ament_cmake: 2.5.4 (/opt/ros/jazzy/share/ament_cmake/cmake)
[1.103s] -- Override CMake install command with custom implementation using symlinks instead of copying resources
[1.122s] -- Found ros_gz_sim: 1.0.16 (/opt/ros/jazzy/share/ros_gz_sim/cmake)
[1.212s] -- Found rosidl_generator_c: 4.6.6 (/opt/ros/jazzy/share/rosidl_generator_c/cmake)
[1.247s] -- Found rosidl_generator_cpp: 4.6.6 (/opt/ros/jazzy/share/rosidl_generator_cpp/cmake)
[1.284s] -- Using all available rosidl_typesupport_c: rosidl_typesupport_fastrtps_c;rosidl_typesupport_introspection_c
[1.333s] -- Using all available rosidl_typesupport_cpp: rosidl_typesupport_fastrtps_cpp;rosidl_typesupport_introspection_cpp
[1.525s] -- Found rmw_implementation_cmake: 7.3.2 (/opt/ros/jazzy/share/rmw_implementation_cmake/cmake)
[1.528s] -- Found rmw_fastrtps_cpp: 8.4.3 (/opt/ros/jazzy/share/rmw_fastrtps_cpp/cmake)
[1.744s] -- Using RMW implementation 'rmw_fastrtps_cpp' as default
[2.327s] -- Found nav_msgs: 5.3.6 (/opt/ros/jazzy/share/nav_msgs/cmake)
[2.385s] -- Found sensor_msgs: 5.3.6 (/opt/ros/jazzy/share/sensor_msgs/cmake)
[2.447s] -- Found gz_math_vendor: 0.0.8 (/opt/ros/jazzy/share/gz_math_vendor/cmake)
[2.457s] -- Looking for gz-math7 -- found version 7.5.2
[2.477s] -- Searching for dependencies of gz-math7
[2.481s] -- Looking for gz-utils2 -- found version 2.2.1
[2.482s] -- Searching for dependencies of gz-utils2
[2.485s] -- Found gz_sim_vendor: 0.0.9 (/opt/ros/jazzy/share/gz_sim_vendor/cmake)
[2.538s] -- Looking for gz-sim8 -- found version 8.10.0
[2.539s] -- Searching for dependencies of gz-sim8
[2.541s] -- Looking for sdformat14 -- found version 14.8.0
[2.542s] -- Searching for dependencies of sdformat14
[2.558s] -- Checking for module 'tinyxml2'
[2.608s] --   Found tinyxml2, version 10.0.0
[2.728s] -- Looking for gz-math7 -- found version 7.5.2
[2.730s] -- Looking for gz-utils2 -- found version 2.2.1
[2.732s] -- Searching for dependencies of gz-utils2
[2.734s] -- Searching for <gz-utils2> component [cli]
[2.735s] -- Looking for gz-utils2-cli -- found version 2.2.1
[2.735s] -- Searching for dependencies of gz-utils2-cli
[2.739s] -- Looking for gz-plugin2 -- found version 2.0.4
[2.740s] -- Searching for dependencies of gz-plugin2
[2.741s] -- Looking for gz-utils2 -- found version 2.2.1
[2.744s] -- Searching for <gz-plugin2> component [loader]
[2.746s] -- Looking for gz-plugin2-loader -- found version 2.0.4
[2.747s] -- Searching for dependencies of gz-plugin2-loader
[2.749s] -- Searching for <gz-plugin2> component [register]
[2.752s] -- Looking for gz-plugin2-register -- found version 2.0.4
[2.752s] -- Searching for dependencies of gz-plugin2-register
[2.753s] -- Looking for gz-transport13 -- found version 13.5.0
[2.754s] -- Searching for dependencies of gz-transport13
[2.860s] -- Config-file not installed for ZeroMQ -- checking for pkg-config
[2.873s] -- Checking for module 'libzmq >= 4'
[2.926s] --   Found libzmq, version 4.3.5
[3.128s] -- Checking for module 'uuid'
[3.179s] --   Found uuid, version 2.39.3
[3.319s] -- Looking for gz-utils2 -- found version 2.2.1
[3.324s] -- Looking for gz-msgs10 -- found version 10.3.2
[3.324s] -- Searching for dependencies of gz-msgs10
[3.384s] -- Looking for gz-utils2 -- found version 2.2.1
[3.385s] -- Looking for gz-math7 -- found version 7.5.2
[3.405s] -- Searching for <gz-transport13> component [log]
[3.406s] -- Looking for gz-transport13-log -- found version 13.5.0
[3.407s] -- Searching for dependencies of gz-transport13-log
[3.409s] -- Searching for <gz-transport13> component [parameters]
[3.410s] -- Looking for gz-transport13-parameters -- found version 13.5.0
[3.411s] -- Searching for dependencies of gz-transport13-parameters
[3.413s] -- Looking for gz-msgs10 -- found version 10.3.2
[3.415s] -- Looking for gz-common5 -- found version 5.7.1
[3.416s] -- Searching for dependencies of gz-common5
[3.418s] -- Looking for gz-utils2 -- found version 2.2.1
[3.422s] -- Looking for dlfcn.h - found
[3.423s] -- Looking for libdl - found
[3.444s] -- Searching for <gz-common5> component [av]
[3.445s] -- Looking for gz-common5-av -- found version 5.7.1
[3.446s] -- Searching for dependencies of gz-common5-av
[3.461s] -- Checking for module 'libswscale'
[3.515s] --   Found libswscale, version 7.5.100
[3.648s] -- Checking for module 'libavdevice >= 56.4.100'
[3.695s] --   Found libavdevice, version 60.3.100
[3.928s] -- Checking for module 'libavformat'
[4.020s] --   Found libavformat, version 60.16.100
[4.178s] -- Checking for module 'libavcodec'
[4.237s] --   Found libavcodec, version 60.31.102
[4.415s] -- Checking for module 'libavutil'
[4.475s] --   Found libavutil, version 58.29.100
[4.592s] -- Searching for <gz-common5> component [events]
[4.594s] -- Looking for gz-common5-events -- found version 5.7.1
[4.595s] -- Searching for dependencies of gz-common5-events
[4.596s] -- Looking for gz-math7 -- found version 7.5.2
[4.598s] -- Searching for <gz-common5> component [graphics]
[4.603s] -- Looking for gz-common5-graphics -- found version 5.7.1
[4.609s] -- Searching for dependencies of gz-common5-graphics
[4.609s] -- Looking for gz-math7 -- found version 7.5.2
[4.614s] -- Searching for <gz-common5> component [io]
[4.617s] -- Looking for gz-common5-io -- found version 5.7.1
[4.617s] -- Searching for dependencies of gz-common5-io
[4.621s] -- Searching for <gz-common5> component [profiler]
[4.622s] -- Looking for gz-common5-profiler -- found version 5.7.1
[4.623s] -- Searching for dependencies of gz-common5-profiler
[4.626s] -- Looking for gz-fuel_tools9 -- found version 9.1.1
[4.627s] -- Searching for dependencies of gz-fuel_tools9
[4.767s] -- Checking for module 'jsoncpp'
[4.835s] --   Found jsoncpp, version 1.9.5
[5.109s] -- Checking for module 'yaml-0.1'
[5.162s] --   Found yaml-0.1, version 0.2.5
[5.304s] -- Checking for module 'libzip'
[5.373s] --   Found libzip, version 1.7.3
[5.489s] -- Looking for gz-utils2 -- found version 2.2.1
[5.490s] -- Looking for gz-common5 -- found version 5.7.1
[5.495s] -- Searching for dependencies of gz-common5
[5.500s] -- Looking for gz-utils2 -- found version 2.2.1
[5.501s] -- Looking for dlfcn.h - found
[5.502s] -- Looking for libdl - found
[5.540s] -- Searching for <gz-common5> component [testing]
[5.546s] -- Looking for gz-common5-testing -- found version 5.7.1
[5.547s] -- Searching for dependencies of gz-common5-testing
[5.552s] -- Looking for gz-math7 -- found version 7.5.2
[5.553s] -- Looking for gz-msgs10 -- found version 10.3.2
[5.556s] -- Looking for gz-gui8 -- found version 8.4.0
[5.557s] -- Searching for dependencies of gz-gui8
[5.637s] -- Looking for gz-utils2 -- found version 2.2.1
[5.638s] -- Looking for gz-math7 -- found version 7.5.2
[5.641s] -- Looking for gz-common5 -- found version 5.7.1
[5.642s] -- Looking for gz-plugin2 -- found version 2.0.4
[5.643s] -- Looking for gz-transport13 -- found version 13.5.0
[5.645s] -- Looking for gz-rendering8 -- found version 8.2.2
[5.645s] -- Searching for dependencies of gz-rendering8
[5.648s] -- Looking for gz-math7 -- found version 7.5.2
[5.649s] -- Searching for dependencies of gz-math7
[5.650s] -- Looking for gz-utils2 -- found version 2.2.1
[5.651s] -- Searching for <gz-math7> component [eigen3]
[5.653s] -- Looking for gz-math7-eigen3 -- found version 7.5.2
[5.653s] -- Searching for dependencies of gz-math7-eigen3
[5.658s] -- Looking for gz-common5 -- found version 5.7.1
[5.659s] -- Searching for dependencies of gz-common5
[5.660s] -- Looking for gz-utils2 -- found version 2.2.1
[5.661s] -- Looking for dlfcn.h - found
[5.662s] -- Looking for libdl - found
[5.681s] -- Searching for <gz-common5> component [graphics]
[5.681s] -- Searching for <gz-common5> component [events]
[5.682s] -- Searching for <gz-common5> component [geospatial]
[5.683s] -- Looking for gz-common5-geospatial -- found version 5.7.1
[5.683s] -- Searching for dependencies of gz-common5-geospatial
[5.685s] -- Looking for gz-math7 -- found version 7.5.2
[5.687s] -- Looking for gz-common5 -- found version 5.7.1
[5.692s] -- Looking for gz-plugin2 -- found version 2.0.4
[5.693s] -- Searching for dependencies of gz-plugin2
[5.694s] -- Looking for gz-utils2 -- found version 2.2.1
[5.695s] -- Searching for <gz-plugin2> component [all]
[5.696s] -- Looking for all libraries of gz-plugin2 -- found version 2.0.4
[5.698s] -- Looking for gz-plugin2 -- found version 2.0.4
[5.700s] -- Looking for gz-utils2 -- found version 2.2.1
[5.717s] -- Looking for gz-msgs10 -- found version 10.3.2
[5.809s] -- Looking for gz-physics7 -- found version 7.6.0
[5.809s] -- Searching for dependencies of gz-physics7
[5.811s] -- Looking for gz-common5 -- found version 5.7.1
[5.812s] -- Looking for gz-math7 -- found version 7.5.2
[5.815s] -- Looking for gz-plugin2 -- found version 2.0.4
[5.819s] -- Looking for gz-utils2 -- found version 2.2.1
[5.825s] -- Searching for <gz-physics7> component [heightmap]
[5.826s] -- Looking for gz-physics7-heightmap -- found version 7.6.0
[5.827s] -- Searching for dependencies of gz-physics7-heightmap
[5.828s] -- Looking for gz-common5 -- found version 5.7.1
[5.830s] -- Searching for <gz-physics7> component [mesh]
[5.832s] -- Looking for gz-physics7-mesh -- found version 7.6.0
[5.833s] -- Searching for dependencies of gz-physics7-mesh
[5.834s] -- Looking for gz-common5 -- found version 5.7.1
[5.836s] -- Searching for <gz-physics7> component [sdf]
[5.837s] -- Looking for gz-physics7-sdf -- found version 7.6.0
[5.839s] -- Searching for dependencies of gz-physics7-sdf
[5.840s] -- Looking for sdformat14 -- found version 14.8.0
[5.845s] -- Looking for gz-sensors8 -- found version 8.2.2
[5.846s] -- Searching for dependencies of gz-sensors8
[5.904s] -- Looking for gz-math7 -- found version 7.5.2
[5.905s] -- Looking for gz-common5 -- found version 5.7.1
[5.910s] -- Looking for gz-transport13 -- found version 13.5.0
[5.913s] -- Looking for gz-rendering8 -- found version 8.2.2
[5.914s] -- Looking for gz-msgs10 -- found version 10.3.2
[5.915s] -- Looking for sdformat14 -- found version 14.8.0
[5.917s] -- Searching for <gz-sensors8> component [air_pressure]
[5.919s] -- Looking for gz-sensors8-air_pressure -- found version 8.2.2
[5.919s] -- Searching for dependencies of gz-sensors8-air_pressure
[5.920s] -- Searching for <gz-sensors8> component [air_speed]
[5.922s] -- Looking for gz-sensors8-air_speed -- found version 8.2.2
[5.922s] -- Searching for dependencies of gz-sensors8-air_speed
[5.924s] -- Searching for <gz-sensors8> component [altimeter]
[5.926s] -- Looking for gz-sensors8-altimeter -- found version 8.2.2
[5.929s] -- Searching for dependencies of gz-sensors8-altimeter
[5.932s] -- Searching for <gz-sensors8> component [imu]
[5.933s] -- Looking for gz-sensors8-imu -- found version 8.2.2
[5.934s] -- Searching for dependencies of gz-sensors8-imu
[5.935s] -- Searching for <gz-sensors8> component [force_torque]
[5.937s] -- Looking for gz-sensors8-force_torque -- found version 8.2.2
[5.937s] -- Searching for dependencies of gz-sensors8-force_torque
[5.938s] -- Searching for <gz-sensors8> component [logical_camera]
[5.940s] -- Looking for gz-sensors8-logical_camera -- found version 8.2.2
[5.941s] -- Searching for dependencies of gz-sensors8-logical_camera
[5.943s] -- Searching for <gz-sensors8> component [magnetometer]
[5.948s] -- Looking for gz-sensors8-magnetometer -- found version 8.2.2
[5.949s] -- Searching for dependencies of gz-sensors8-magnetometer
[5.950s] -- Searching for <gz-sensors8> component [navsat]
[5.950s] -- Looking for gz-sensors8-navsat -- found version 8.2.2
[5.950s] -- Searching for dependencies of gz-sensors8-navsat
[5.953s] -- Searching for <gz-sensors8> component [dvl]
[5.953s] -- Looking for gz-sensors8-dvl -- found version 8.2.2
[5.954s] -- Searching for dependencies of gz-sensors8-dvl
[5.954s] -- Looking for gz-sensors8 -- found version 8.2.2
[5.955s] -- Searching for dependencies of gz-sensors8
[6.016s] -- Looking for gz-math7 -- found version 7.5.2
[6.017s] -- Looking for gz-common5 -- found version 5.7.1
[6.019s] -- Looking for gz-transport13 -- found version 13.5.0
[6.021s] -- Looking for gz-rendering8 -- found version 8.2.2
[6.023s] -- Looking for gz-msgs10 -- found version 10.3.2
[6.026s] -- Looking for sdformat14 -- found version 14.8.0
[6.026s] -- Searching for <gz-sensors8> component [rendering]
[6.029s] -- Looking for gz-sensors8-rendering -- found version 8.2.2
[6.029s] -- Searching for dependencies of gz-sensors8-rendering
[6.032s] -- Searching for <gz-sensors8> component [rendering]
[6.033s] -- Searching for <gz-sensors8> component [lidar]
[6.037s] -- Looking for gz-sensors8-lidar -- found version 8.2.2
[6.037s] -- Searching for dependencies of gz-sensors8-lidar
[6.038s] -- Looking for gz-sensors8 -- found version 8.2.2
[6.041s] -- Searching for <gz-sensors8> component [gpu_lidar]
[6.045s] -- Looking for gz-sensors8-gpu_lidar -- found version 8.2.2
[6.046s] -- Searching for dependencies of gz-sensors8-gpu_lidar
[6.049s] -- Looking for gz-sensors8 -- found version 8.2.2
[6.049s] -- Searching for <gz-sensors8> component [camera]
[6.052s] -- Looking for gz-sensors8-camera -- found version 8.2.2
[6.052s] -- Searching for dependencies of gz-sensors8-camera
[6.053s] -- Looking for gz-sensors8 -- found version 8.2.2
[6.055s] -- Searching for <gz-sensors8> component [boundingbox_camera]
[6.059s] -- Looking for gz-sensors8-boundingbox_camera -- found version 8.2.2
[6.061s] -- Searching for dependencies of gz-sensors8-boundingbox_camera
[6.062s] -- Searching for <gz-sensors8> component [segmentation_camera]
[6.062s] -- Looking for gz-sensors8-segmentation_camera -- found version 8.2.2
[6.063s] -- Searching for dependencies of gz-sensors8-segmentation_camera
[6.065s] -- Searching for <gz-sensors8> component [depth_camera]
[6.066s] -- Looking for gz-sensors8-depth_camera -- found version 8.2.2
[6.066s] -- Searching for dependencies of gz-sensors8-depth_camera
[6.068s] -- Looking for gz-sensors8 -- found version 8.2.2
[6.070s] -- Searching for <gz-sensors8> component [rgbd_camera]
[6.071s] -- Looking for gz-sensors8-rgbd_camera -- found version 8.2.2
[6.072s] -- Searching for dependencies of gz-sensors8-rgbd_camera
[6.075s] -- Looking for gz-sensors8 -- found version 8.2.2
[6.077s] -- Searching for <gz-sensors8> component [thermal_camera]
[6.078s] -- Looking for gz-sensors8-thermal_camera -- found version 8.2.2
[6.080s] -- Searching for dependencies of gz-sensors8-thermal_camera
[6.080s] -- Looking for gz-sensors8 -- found version 8.2.2
[6.081s] -- Searching for <gz-sensors8> component [wide_angle_camera]
[6.082s] -- Looking for gz-sensors8-wide_angle_camera -- found version 8.2.2
[6.083s] -- Searching for dependencies of gz-sensors8-wide_angle_camera
[6.086s] -- Looking for gz-rendering8 -- found version 8.2.2
[6.087s] -- Looking for gz-math7 -- found version 7.5.2
[6.089s] -- Looking for gz-utils2 -- found version 2.2.1
[6.153s] -- Looking for gz-plugin2 -- found version 2.0.4
[6.432s] -- Configuring done (6.3s)
[6.537s] -- Generating done (0.1s)
[6.556s] -- Build files have been written to: /root/ros_workspace/build/turtlebot3_gazebo
[6.595s] Invoked command in '/root/ros_workspace/build/turtlebot3_gazebo' returned '0': CMAKE_PREFIX_PATH=${CMAKE_PREFIX_PATH}:/opt/ros/jazzy /usr/bin/cmake /root/ros_workspace/src/turtlebot3_simulations/turtlebot3_gazebo -DCMAKE_INSTALL_PREFIX=/root/ros_workspace/install/turtlebot3_gazebo
[6.596s] Invoking command in '/root/ros_workspace/build/turtlebot3_gazebo': CMAKE_PREFIX_PATH=${CMAKE_PREFIX_PATH}:/opt/ros/jazzy /usr/bin/cmake --build /root/ros_workspace/build/turtlebot3_gazebo -- -j8 -l8
[6.772s] [ 50%] Built target obstacle1
[6.773s] [ 50%] Built target obstacles
[6.773s] [ 75%] Built target obstacle2
[6.783s] [100%] Built target turtlebot3_drive
[6.817s] Invoked command in '/root/ros_workspace/build/turtlebot3_gazebo' returned '0': CMAKE_PREFIX_PATH=${CMAKE_PREFIX_PATH}:/opt/ros/jazzy /usr/bin/cmake --build /root/ros_workspace/build/turtlebot3_gazebo -- -j8 -l8
[6.819s] Invoking command in '/root/ros_workspace/build/turtlebot3_gazebo': CMAKE_PREFIX_PATH=${CMAKE_PREFIX_PATH}:/opt/ros/jazzy /usr/bin/cmake --install /root/ros_workspace/build/turtlebot3_gazebo
[6.842s] -- Install configuration: ""
[6.843s] -- Execute custom install script
[6.846s] -- Symlinking: /root/ros_workspace/install/turtlebot3_gazebo/lib/turtlebot3_gazebo/turtlebot3_drive
[6.874s] -- Symlinking: /root/ros_workspace/install/turtlebot3_gazebo/lib/turtlebot3_gazebo/libobstacles.so
[6.901s] -- Symlinking: /root/ros_workspace/install/turtlebot3_gazebo/lib/turtlebot3_gazebo/libobstacle1.so
[6.925s] -- Symlinking: /root/ros_workspace/install/turtlebot3_gazebo/lib/turtlebot3_gazebo/libobstacle2.so
[6.953s] -- Symlinking: /root/ros_workspace/install/turtlebot3_gazebo/share/turtlebot3_gazebo//launch/empty_world.launch.py
[6.979s] -- Symlinking: /root/ros_workspace/install/turtlebot3_gazebo/share/turtlebot3_gazebo//launch/robot_state_publisher.launch.py
[7.004s] -- Symlinking: /root/ros_workspace/install/turtlebot3_gazebo/share/turtlebot3_gazebo//launch/spawn_turtlebot3.launch.py
[7.032s] -- Symlinking: /root/ros_workspace/install/turtlebot3_gazebo/share/turtlebot3_gazebo//launch/turtlebot3_dqn_stage1.launch.py
[7.065s] -- Symlinking: /root/ros_workspace/install/turtlebot3_gazebo/share/turtlebot3_gazebo//launch/turtlebot3_dqn_stage2.launch.py
[7.089s] -- Symlinking: /root/ros_workspace/install/turtlebot3_gazebo/share/turtlebot3_gazebo//launch/turtlebot3_dqn_stage3.launch.py
[7.114s] -- Symlinking: /root/ros_workspace/install/turtlebot3_gazebo/share/turtlebot3_gazebo//launch/turtlebot3_dqn_stage4.launch.py
[7.137s] -- Symlinking: /root/ros_workspace/install/turtlebot3_gazebo/share/turtlebot3_gazebo//launch/turtlebot3_house.launch.py
[7.165s] -- Symlinking: /root/ros_workspace/install/turtlebot3_gazebo/share/turtlebot3_gazebo//launch/turtlebot3_world.launch.py
[7.235s] -- Symlinking: /root/ros_workspace/install/turtlebot3_gazebo/share/turtlebot3_gazebo//models/turtlebot3_burger/model-1_4.sdf
[7.263s] -- Symlinking: /root/ros_workspace/install/turtlebot3_gazebo/share/turtlebot3_gazebo//models/turtlebot3_burger/model.config
[7.287s] -- Symlinking: /root/ros_workspace/install/turtlebot3_gazebo/share/turtlebot3_gazebo//models/turtlebot3_burger/model.sdf
[7.318s] -- Symlinking: /root/ros_workspace/install/turtlebot3_gazebo/share/turtlebot3_gazebo//models/turtlebot3_burger_cam/model-1_4.sdf
[7.345s] -- Symlinking: /root/ros_workspace/install/turtlebot3_gazebo/share/turtlebot3_gazebo//models/turtlebot3_burger_cam/model.config
[7.372s] -- Symlinking: /root/ros_workspace/install/turtlebot3_gazebo/share/turtlebot3_gazebo//models/turtlebot3_burger_cam/model.sdf
[7.402s] -- Symlinking: /root/ros_workspace/install/turtlebot3_gazebo/share/turtlebot3_gazebo//models/turtlebot3_common/meshes/bases/burger_base.stl
[7.428s] -- Symlinking: /root/ros_workspace/install/turtlebot3_gazebo/share/turtlebot3_gazebo//models/turtlebot3_common/meshes/bases/waffle_base.stl
[7.456s] -- Symlinking: /root/ros_workspace/install/turtlebot3_gazebo/share/turtlebot3_gazebo//models/turtlebot3_common/meshes/bases/waffle_pi_base.stl
[7.482s] -- Symlinking: /root/ros_workspace/install/turtlebot3_gazebo/share/turtlebot3_gazebo//models/turtlebot3_common/meshes/burger_base.dae
[7.515s] -- Symlinking: /root/ros_workspace/install/turtlebot3_gazebo/share/turtlebot3_gazebo//models/turtlebot3_common/meshes/lds.dae
[7.541s] -- Symlinking: /root/ros_workspace/install/turtlebot3_gazebo/share/turtlebot3_gazebo//models/turtlebot3_common/meshes/r200.dae
[7.570s] -- Symlinking: /root/ros_workspace/install/turtlebot3_gazebo/share/turtlebot3_gazebo//models/turtlebot3_common/meshes/sensors/astra.dae
[7.602s] -- Symlinking: /root/ros_workspace/install/turtlebot3_gazebo/share/turtlebot3_gazebo//models/turtlebot3_common/meshes/sensors/astra.jpg
[7.636s] -- Symlinking: /root/ros_workspace/install/turtlebot3_gazebo/share/turtlebot3_gazebo//models/turtlebot3_common/meshes/sensors/lds.stl
[7.664s] -- Symlinking: /root/ros_workspace/install/turtlebot3_gazebo/share/turtlebot3_gazebo//models/turtlebot3_common/meshes/sensors/r200.dae
[7.691s] -- Symlinking: /root/ros_workspace/install/turtlebot3_gazebo/share/turtlebot3_gazebo//models/turtlebot3_common/meshes/sensors/r200.jpg
[7.720s] -- Symlinking: /root/ros_workspace/install/turtlebot3_gazebo/share/turtlebot3_gazebo//models/turtlebot3_common/meshes/tire.dae
[7.751s] -- Symlinking: /root/ros_workspace/install/turtlebot3_gazebo/share/turtlebot3_gazebo//models/turtlebot3_common/meshes/waffle_base.dae
[7.783s] -- Symlinking: /root/ros_workspace/install/turtlebot3_gazebo/share/turtlebot3_gazebo//models/turtlebot3_common/meshes/waffle_pi_base.dae
[7.812s] -- Symlinking: /root/ros_workspace/install/turtlebot3_gazebo/share/turtlebot3_gazebo//models/turtlebot3_common/meshes/wheels/left_tire.stl
[7.842s] -- Symlinking: /root/ros_workspace/install/turtlebot3_gazebo/share/turtlebot3_gazebo//models/turtlebot3_common/meshes/wheels/right_tire.stl
[7.869s] -- Symlinking: /root/ros_workspace/install/turtlebot3_gazebo/share/turtlebot3_gazebo//models/turtlebot3_common/model.config
[7.899s] -- Symlinking: /root/ros_workspace/install/turtlebot3_gazebo/share/turtlebot3_gazebo//models/turtlebot3_dqn_world/goal_box/model.config
[7.927s] -- Symlinking: /root/ros_workspace/install/turtlebot3_gazebo/share/turtlebot3_gazebo//models/turtlebot3_dqn_world/goal_box/model.sdf
[7.955s] -- Symlinking: /root/ros_workspace/install/turtlebot3_gazebo/share/turtlebot3_gazebo//models/turtlebot3_dqn_world/inner_walls/model.config
[7.984s] -- Symlinking: /root/ros_workspace/install/turtlebot3_gazebo/share/turtlebot3_gazebo//models/turtlebot3_dqn_world/inner_walls/model.sdf
[8.011s] -- Symlinking: /root/ros_workspace/install/turtlebot3_gazebo/share/turtlebot3_gazebo//models/turtlebot3_dqn_world/inner_walls/textures/wood.png
[8.039s] -- Symlinking: /root/ros_workspace/install/turtlebot3_gazebo/share/turtlebot3_gazebo//models/turtlebot3_dqn_world/model.config
[8.063s] -- Symlinking: /root/ros_workspace/install/turtlebot3_gazebo/share/turtlebot3_gazebo//models/turtlebot3_dqn_world/model.sdf
[8.089s] -- Symlinking: /root/ros_workspace/install/turtlebot3_gazebo/share/turtlebot3_gazebo//models/turtlebot3_dqn_world/obstacle1/model.config
[8.113s] -- Symlinking: /root/ros_workspace/install/turtlebot3_gazebo/share/turtlebot3_gazebo//models/turtlebot3_dqn_world/obstacle1/model.sdf
[8.141s] -- Symlinking: /root/ros_workspace/install/turtlebot3_gazebo/share/turtlebot3_gazebo//models/turtlebot3_dqn_world/obstacle2/model.config
[8.168s] -- Symlinking: /root/ros_workspace/install/turtlebot3_gazebo/share/turtlebot3_gazebo//models/turtlebot3_dqn_world/obstacle2/model.sdf
[8.194s] -- Symlinking: /root/ros_workspace/install/turtlebot3_gazebo/share/turtlebot3_gazebo//models/turtlebot3_dqn_world/obstacles/model.config
[8.221s] -- Symlinking: /root/ros_workspace/install/turtlebot3_gazebo/share/turtlebot3_gazebo//models/turtlebot3_dqn_world/obstacles/model.sdf
[8.270s] -- Symlinking: /root/ros_workspace/install/turtlebot3_gazebo/share/turtlebot3_gazebo//models/turtlebot3_dqn_world/textures/wood.png
[8.312s] -- Symlinking: /root/ros_workspace/install/turtlebot3_gazebo/share/turtlebot3_gazebo//models/turtlebot3_house/cafe_table/materials/textures/Maple.jpg
[8.338s] -- Symlinking: /root/ros_workspace/install/turtlebot3_gazebo/share/turtlebot3_gazebo//models/turtlebot3_house/cafe_table/materials/textures/Wood_Floor_Dark.jpg
[8.364s] -- Symlinking: /root/ros_workspace/install/turtlebot3_gazebo/share/turtlebot3_gazebo//models/turtlebot3_house/cafe_table/meshes/cafe_table.dae
[8.389s] -- Symlinking: /root/ros_workspace/install/turtlebot3_gazebo/share/turtlebot3_gazebo//models/turtlebot3_house/cafe_table/model-1_4.sdf
[8.414s] -- Symlinking: /root/ros_workspace/install/turtlebot3_gazebo/share/turtlebot3_gazebo//models/turtlebot3_house/cafe_table/model.config
[8.439s] -- Symlinking: /root/ros_workspace/install/turtlebot3_gazebo/share/turtlebot3_gazebo//models/turtlebot3_house/cafe_table/model.sdf
[8.467s] -- Symlinking: /root/ros_workspace/install/turtlebot3_gazebo/share/turtlebot3_gazebo//models/turtlebot3_house/first_2015_trash_can/meshes/trash_can.dae
[8.494s] -- Symlinking: /root/ros_workspace/install/turtlebot3_gazebo/share/turtlebot3_gazebo//models/turtlebot3_house/first_2015_trash_can/model.config
[8.519s] -- Symlinking: /root/ros_workspace/install/turtlebot3_gazebo/share/turtlebot3_gazebo//models/turtlebot3_house/first_2015_trash_can/model.sdf
[8.549s] -- Symlinking: /root/ros_workspace/install/turtlebot3_gazebo/share/turtlebot3_gazebo//models/turtlebot3_house/mailbox/materials/scripts/mailbox.material
[8.577s] -- Symlinking: /root/ros_workspace/install/turtlebot3_gazebo/share/turtlebot3_gazebo//models/turtlebot3_house/mailbox/materials/textures/Mailbox_Diffuse.png
[8.603s] -- Symlinking: /root/ros_workspace/install/turtlebot3_gazebo/share/turtlebot3_gazebo//models/turtlebot3_house/mailbox/materials/textures/Mailbox_Diffuse.tga.orig
[8.629s] -- Symlinking: /root/ros_workspace/install/turtlebot3_gazebo/share/turtlebot3_gazebo//models/turtlebot3_house/mailbox/materials/textures/Mailbox_Spec.png
[8.655s] -- Symlinking: /root/ros_workspace/install/turtlebot3_gazebo/share/turtlebot3_gazebo//models/turtlebot3_house/mailbox/meshes/mailbox.dae
[8.679s] -- Symlinking: /root/ros_workspace/install/turtlebot3_gazebo/share/turtlebot3_gazebo//models/turtlebot3_house/mailbox/model-1_3.sdf
[8.745s] -- Symlinking: /root/ros_workspace/install/turtlebot3_gazebo/share/turtlebot3_gazebo//models/turtlebot3_house/mailbox/model-1_4.sdf
[8.773s] -- Symlinking: /root/ros_workspace/install/turtlebot3_gazebo/share/turtlebot3_gazebo//models/turtlebot3_house/mailbox/model.config
[8.799s] -- Symlinking: /root/ros_workspace/install/turtlebot3_gazebo/share/turtlebot3_gazebo//models/turtlebot3_house/mailbox/model.sdf
[8.823s] -- Symlinking: /root/ros_workspace/install/turtlebot3_gazebo/share/turtlebot3_gazebo//models/turtlebot3_house/model.config
[8.848s] -- Symlinking: /root/ros_workspace/install/turtlebot3_gazebo/share/turtlebot3_gazebo//models/turtlebot3_house/model.sdf
[8.877s] -- Symlinking: /root/ros_workspace/install/turtlebot3_gazebo/share/turtlebot3_gazebo//models/turtlebot3_house/table_marble/materials/scripts/table_lightmap.material
[8.908s] -- Symlinking: /root/ros_workspace/install/turtlebot3_gazebo/share/turtlebot3_gazebo//models/turtlebot3_house/table_marble/materials/textures/marble.png
[8.933s] -- Symlinking: /root/ros_workspace/install/turtlebot3_gazebo/share/turtlebot3_gazebo//models/turtlebot3_house/table_marble/materials/textures/table_lightmap.png
[8.961s] -- Symlinking: /root/ros_workspace/install/turtlebot3_gazebo/share/turtlebot3_gazebo//models/turtlebot3_house/table_marble/meshes/table_lightmap.dae
[8.993s] -- Symlinking: /root/ros_workspace/install/turtlebot3_gazebo/share/turtlebot3_gazebo//models/turtlebot3_house/table_marble/model-1_4.sdf
[9.019s] -- Symlinking: /root/ros_workspace/install/turtlebot3_gazebo/share/turtlebot3_gazebo//models/turtlebot3_house/table_marble/model.config
[9.044s] -- Symlinking: /root/ros_workspace/install/turtlebot3_gazebo/share/turtlebot3_gazebo//models/turtlebot3_house/table_marble/model.sdf
[9.074s] -- Symlinking: /root/ros_workspace/install/turtlebot3_gazebo/share/turtlebot3_gazebo//models/turtlebot3_house/textures/bricks.png
[9.105s] -- Symlinking: /root/ros_workspace/install/turtlebot3_gazebo/share/turtlebot3_gazebo//models/turtlebot3_house/textures/wood.png
[9.134s] -- Symlinking: /root/ros_workspace/install/turtlebot3_gazebo/share/turtlebot3_gazebo//models/turtlebot3_waffle/model-1_4.sdf
[9.165s] -- Symlinking: /root/ros_workspace/install/turtlebot3_gazebo/share/turtlebot3_gazebo//models/turtlebot3_waffle/model.config
[9.193s] -- Symlinking: /root/ros_workspace/install/turtlebot3_gazebo/share/turtlebot3_gazebo//models/turtlebot3_waffle/model.sdf
[9.222s] -- Symlinking: /root/ros_workspace/install/turtlebot3_gazebo/share/turtlebot3_gazebo//models/turtlebot3_waffle_pi/model-1_4_.sdf
[9.247s] -- Symlinking: /root/ros_workspace/install/turtlebot3_gazebo/share/turtlebot3_gazebo//models/turtlebot3_waffle_pi/model.config
[9.276s] -- Symlinking: /root/ros_workspace/install/turtlebot3_gazebo/share/turtlebot3_gazebo//models/turtlebot3_waffle_pi/model.sdf
[9.305s] -- Symlinking: /root/ros_workspace/install/turtlebot3_gazebo/share/turtlebot3_gazebo//models/turtlebot3_world/meshes/hexagon.dae
[9.332s] -- Symlinking: /root/ros_workspace/install/turtlebot3_gazebo/share/turtlebot3_gazebo//models/turtlebot3_world/meshes/wall.dae
[9.358s] -- Symlinking: /root/ros_workspace/install/turtlebot3_gazebo/share/turtlebot3_gazebo//models/turtlebot3_world/model-1_4.sdf
[9.386s] -- Symlinking: /root/ros_workspace/install/turtlebot3_gazebo/share/turtlebot3_gazebo//models/turtlebot3_world/model.config
[9.409s] -- Symlinking: /root/ros_workspace/install/turtlebot3_gazebo/share/turtlebot3_gazebo//models/turtlebot3_world/model.sdf
[9.459s] -- Symlinking: /root/ros_workspace/install/turtlebot3_gazebo/share/turtlebot3_gazebo//params/turtlebot3_burger_bridge.yaml
[9.488s] -- Symlinking: /root/ros_workspace/install/turtlebot3_gazebo/share/turtlebot3_gazebo//params/turtlebot3_burger_cam_bridge.yaml
[9.520s] -- Symlinking: /root/ros_workspace/install/turtlebot3_gazebo/share/turtlebot3_gazebo//params/turtlebot3_waffle_bridge.yaml
[9.545s] -- Symlinking: /root/ros_workspace/install/turtlebot3_gazebo/share/turtlebot3_gazebo//params/turtlebot3_waffle_pi_bridge.yaml
[9.595s] -- Symlinking: /root/ros_workspace/install/turtlebot3_gazebo/share/turtlebot3_gazebo//rviz/tb3_gazebo.rviz
[9.659s] -- Symlinking: /root/ros_workspace/install/turtlebot3_gazebo/share/turtlebot3_gazebo//urdf/common_properties.urdf
[9.693s] -- Symlinking: /root/ros_workspace/install/turtlebot3_gazebo/share/turtlebot3_gazebo//urdf/turtlebot3_burger.urdf
[9.724s] -- Symlinking: /root/ros_workspace/install/turtlebot3_gazebo/share/turtlebot3_gazebo//urdf/turtlebot3_burger_cam.urdf
[9.757s] -- Symlinking: /root/ros_workspace/install/turtlebot3_gazebo/share/turtlebot3_gazebo//urdf/turtlebot3_waffle.urdf
[9.784s] -- Symlinking: /root/ros_workspace/install/turtlebot3_gazebo/share/turtlebot3_gazebo//urdf/turtlebot3_waffle_pi.urdf
[9.833s] -- Symlinking: /root/ros_workspace/install/turtlebot3_gazebo/share/turtlebot3_gazebo//worlds/empty_world.world
[9.863s] -- Symlinking: /root/ros_workspace/install/turtlebot3_gazebo/share/turtlebot3_gazebo//worlds/turtlebot3_autorace_2020.world
[9.896s] -- Symlinking: /root/ros_workspace/install/turtlebot3_gazebo/share/turtlebot3_gazebo//worlds/turtlebot3_dqn_stage1.world
[9.925s] -- Symlinking: /root/ros_workspace/install/turtlebot3_gazebo/share/turtlebot3_gazebo//worlds/turtlebot3_dqn_stage2.world
[9.952s] -- Symlinking: /root/ros_workspace/install/turtlebot3_gazebo/share/turtlebot3_gazebo//worlds/turtlebot3_dqn_stage3.world
[9.980s] -- Symlinking: /root/ros_workspace/install/turtlebot3_gazebo/share/turtlebot3_gazebo//worlds/turtlebot3_dqn_stage4.world
[10.007s] -- Symlinking: /root/ros_workspace/install/turtlebot3_gazebo/share/turtlebot3_gazebo//worlds/turtlebot3_house.world
[10.035s] -- Symlinking: /root/ros_workspace/install/turtlebot3_gazebo/share/turtlebot3_gazebo//worlds/turtlebot3_world.world
[10.064s] -- Symlinking: /root/ros_workspace/install/turtlebot3_gazebo/include//turtlebot3_gazebo/obstacle1.hpp
[10.093s] -- Symlinking: /root/ros_workspace/install/turtlebot3_gazebo/include//turtlebot3_gazebo/obstacle2.hpp
[10.121s] -- Symlinking: /root/ros_workspace/install/turtlebot3_gazebo/include//turtlebot3_gazebo/obstacles.hpp
[10.146s] -- Symlinking: /root/ros_workspace/install/turtlebot3_gazebo/include//turtlebot3_gazebo/traffic_bar_plugin.hpp
[10.170s] -- Symlinking: /root/ros_workspace/install/turtlebot3_gazebo/include//turtlebot3_gazebo/traffic_light_plugin.hpp
[10.197s] -- Symlinking: /root/ros_workspace/install/turtlebot3_gazebo/include//turtlebot3_gazebo/turtlebot3_drive.hpp
[10.229s] -- Symlinking: /root/ros_workspace/install/turtlebot3_gazebo/share/ament_index/resource_index/package_run_dependencies/turtlebot3_gazebo
[10.263s] -- Symlinking: /root/ros_workspace/install/turtlebot3_gazebo/share/ament_index/resource_index/parent_prefix_path/turtlebot3_gazebo
[10.293s] -- Symlinking: /root/ros_workspace/install/turtlebot3_gazebo/share/turtlebot3_gazebo/environment/ament_prefix_path.sh
[10.333s] -- Symlinking: /root/ros_workspace/install/turtlebot3_gazebo/share/turtlebot3_gazebo/environment/ament_prefix_path.dsv
[10.382s] -- Symlinking: /root/ros_workspace/install/turtlebot3_gazebo/share/turtlebot3_gazebo/environment/path.sh
[10.417s] -- Symlinking: /root/ros_workspace/install/turtlebot3_gazebo/share/turtlebot3_gazebo/environment/path.dsv
[10.453s] -- Symlinking: /root/ros_workspace/install/turtlebot3_gazebo/share/turtlebot3_gazebo/local_setup.bash
[10.492s] -- Symlinking: /root/ros_workspace/install/turtlebot3_gazebo/share/turtlebot3_gazebo/local_setup.sh
[10.532s] -- Symlinking: /root/ros_workspace/install/turtlebot3_gazebo/share/turtlebot3_gazebo/local_setup.zsh
[10.570s] -- Symlinking: /root/ros_workspace/install/turtlebot3_gazebo/share/turtlebot3_gazebo/local_setup.dsv
[10.599s] -- Symlinking: /root/ros_workspace/install/turtlebot3_gazebo/share/turtlebot3_gazebo/package.dsv
[10.631s] -- Symlinking: /root/ros_workspace/install/turtlebot3_gazebo/share/ament_index/resource_index/packages/turtlebot3_gazebo
[10.659s] -- Symlinking: /root/ros_workspace/install/turtlebot3_gazebo/share/turtlebot3_gazebo/cmake/ament_cmake_export_include_directories-extras.cmake
[10.691s] -- Symlinking: /root/ros_workspace/install/turtlebot3_gazebo/share/turtlebot3_gazebo/cmake/ament_cmake_export_dependencies-extras.cmake
[10.717s] -- Symlinking: /root/ros_workspace/install/turtlebot3_gazebo/share/turtlebot3_gazebo/cmake/turtlebot3_gazeboConfig.cmake
[10.742s] -- Symlinking: /root/ros_workspace/install/turtlebot3_gazebo/share/turtlebot3_gazebo/cmake/turtlebot3_gazeboConfig-version.cmake
[10.770s] -- Symlinking: /root/ros_workspace/install/turtlebot3_gazebo/share/turtlebot3_gazebo/package.xml
[10.800s] Invoked command in '/root/ros_workspace/build/turtlebot3_gazebo' returned '0': CMAKE_PREFIX_PATH=${CMAKE_PREFIX_PATH}:/opt/ros/jazzy /usr/bin/cmake --install /root/ros_workspace/build/turtlebot3_gazebo
