[4.620s] Invoking command in '/root/ros_workspace/build/turtlebot3_control': PYTHONPATH=/root/ros_workspace/build/turtlebot3_control/prefix_override:/usr/lib/python3/dist-packages/colcon_core/task/python/colcon_distutils_commands:/root/ros_workspace/install/turtlebot3_control/lib/python3.12/site-packages:${PYTHONPATH} /usr/bin/python3 -W ignore:setup.py install is deprecated -W ignore:easy_install command is deprecated setup.py develop --uninstall --editable --build-directory /root/ros_workspace/build/turtlebot3_control/build
[5.894s] running develop
[6.721s] Removing /root/ros_workspace/install/turtlebot3_control/lib/python3.12/site-packages/turtlebot3-control.egg-link (link to .)
[6.860s] Invoked command in '/root/ros_workspace/build/turtlebot3_control' returned '0': PYTHONPATH=/root/ros_workspace/build/turtlebot3_control/prefix_override:/usr/lib/python3/dist-packages/colcon_core/task/python/colcon_distutils_commands:/root/ros_workspace/install/turtlebot3_control/lib/python3.12/site-packages:${PYTHONPATH} /usr/bin/python3 -W ignore:setup.py install is deprecated -W ignore:easy_install command is deprecated setup.py develop --uninstall --editable --build-directory /root/ros_workspace/build/turtlebot3_control/build
[6.863s] Invoking command in '/root/ros_workspace/src/turtlebot3_control': PYTHONPATH=/root/ros_workspace/build/turtlebot3_control/prefix_override:/usr/lib/python3/dist-packages/colcon_core/task/python/colcon_distutils_commands:/root/ros_workspace/install/turtlebot3_control/lib/python3.12/site-packages:${PYTHONPATH} /usr/bin/python3 -W ignore:setup.py install is deprecated -W ignore:easy_install command is deprecated setup.py egg_info --egg-base ../../build/turtlebot3_control build --build-base /root/ros_workspace/build/turtlebot3_control/build install --record /root/ros_workspace/build/turtlebot3_control/install.log --single-version-externally-managed install_data --force
[7.669s] running egg_info
[7.720s] writing ../../build/turtlebot3_control/turtlebot3_control.egg-info/PKG-INFO
[7.721s] writing dependency_links to ../../build/turtlebot3_control/turtlebot3_control.egg-info/dependency_links.txt
[7.721s] writing entry points to ../../build/turtlebot3_control/turtlebot3_control.egg-info/entry_points.txt
[7.722s] writing requirements to ../../build/turtlebot3_control/turtlebot3_control.egg-info/requires.txt
[7.723s] writing top-level names to ../../build/turtlebot3_control/turtlebot3_control.egg-info/top_level.txt
[7.842s] reading manifest file '../../build/turtlebot3_control/turtlebot3_control.egg-info/SOURCES.txt'
[7.845s] writing manifest file '../../build/turtlebot3_control/turtlebot3_control.egg-info/SOURCES.txt'
[7.845s] running build
[7.847s] running build_py
[7.848s] copying turtlebot3_control/waypoint_controller.py -> /root/ros_workspace/build/turtlebot3_control/build/lib/turtlebot3_control
[7.848s] running install
[7.891s] running install_lib
[7.966s] creating /root/ros_workspace/install/turtlebot3_control/lib/python3.12/site-packages/turtlebot3_control
[7.966s] copying /root/ros_workspace/build/turtlebot3_control/build/lib/turtlebot3_control/__init__.py -> /root/ros_workspace/install/turtlebot3_control/lib/python3.12/site-packages/turtlebot3_control
[7.968s] copying /root/ros_workspace/build/turtlebot3_control/build/lib/turtlebot3_control/waypoint_controller.py -> /root/ros_workspace/install/turtlebot3_control/lib/python3.12/site-packages/turtlebot3_control
[7.970s] byte-compiling /root/ros_workspace/install/turtlebot3_control/lib/python3.12/site-packages/turtlebot3_control/__init__.py to __init__.cpython-312.pyc
[7.973s] byte-compiling /root/ros_workspace/install/turtlebot3_control/lib/python3.12/site-packages/turtlebot3_control/waypoint_controller.py to waypoint_controller.cpython-312.pyc
[7.980s] running install_data
[7.981s] copying resource/turtlebot3_control -> /root/ros_workspace/install/turtlebot3_control/share/ament_index/resource_index/packages
[7.983s] copying package.xml -> /root/ros_workspace/install/turtlebot3_control/share/turtlebot3_control
[7.984s] running install_egg_info
[8.028s] Copying ../../build/turtlebot3_control/turtlebot3_control.egg-info to /root/ros_workspace/install/turtlebot3_control/lib/python3.12/site-packages/turtlebot3_control-0.0.0-py3.12.egg-info
[8.029s] running install_scripts
[8.409s] Installing waypoint_controller script to /root/ros_workspace/install/turtlebot3_control/lib/turtlebot3_control
[8.416s] writing list of installed files to '/root/ros_workspace/build/turtlebot3_control/install.log'
[8.625s] Invoked command in '/root/ros_workspace/src/turtlebot3_control' returned '0': PYTHONPATH=/root/ros_workspace/build/turtlebot3_control/prefix_override:/usr/lib/python3/dist-packages/colcon_core/task/python/colcon_distutils_commands:/root/ros_workspace/install/turtlebot3_control/lib/python3.12/site-packages:${PYTHONPATH} /usr/bin/python3 -W ignore:setup.py install is deprecated -W ignore:easy_install command is deprecated setup.py egg_info --egg-base ../../build/turtlebot3_control build --build-base /root/ros_workspace/build/turtlebot3_control/build install --record /root/ros_workspace/build/turtlebot3_control/install.log --single-version-externally-managed install_data --force
