[0.130s] Invoking command in '/root/ros_workspace/build/turtlebot3_navigation2': CMAKE_PREFIX_PATH=${CMAKE_PREFIX_PATH}:/opt/ros/jazzy /usr/bin/cmake /root/ros_workspace/src/turtlebot3/turtlebot3_navigation2 -DCMAKE_BUILD_TYPE=Release -DCMAKE_INSTALL_PREFIX=/root/ros_workspace/install/turtlebot3_navigation2
[3.243s] -- Found ament_cmake: 2.5.4 (/opt/ros/jazzy/share/ament_cmake/cmake)
[3.245s] -- Override CMake install command with custom implementation using symlinks instead of copying resources
[3.247s] -- Configuring done (2.0s)
[3.247s] -- Generating done (0.1s)
[3.248s] -- Build files have been written to: /root/ros_workspace/build/turtlebot3_navigation2
[3.260s] Invoked command in '/root/ros_workspace/build/turtlebot3_navigation2' returned '0': CMAKE_PREFIX_PATH=${CMAKE_PREFIX_PATH}:/opt/ros/jazzy /usr/bin/cmake /root/ros_workspace/src/turtlebot3/turtlebot3_navigation2 -DCMAKE_BUILD_TYPE=Release -DCMAKE_INSTALL_PREFIX=/root/ros_workspace/install/turtlebot3_navigation2
[3.266s] Invoking command in '/root/ros_workspace/build/turtlebot3_navigation2': CMAKE_PREFIX_PATH=${CMAKE_PREFIX_PATH}:/opt/ros/jazzy /usr/bin/cmake --build /root/ros_workspace/build/turtlebot3_navigation2 -- -j8 -l8
[4.294s] Invoked command in '/root/ros_workspace/build/turtlebot3_navigation2' returned '0': CMAKE_PREFIX_PATH=${CMAKE_PREFIX_PATH}:/opt/ros/jazzy /usr/bin/cmake --build /root/ros_workspace/build/turtlebot3_navigation2 -- -j8 -l8
[4.295s] Invoking command in '/root/ros_workspace/build/turtlebot3_navigation2': CMAKE_PREFIX_PATH=${CMAKE_PREFIX_PATH}:/opt/ros/jazzy /usr/bin/cmake --install /root/ros_workspace/build/turtlebot3_navigation2
[4.336s] -- Install configuration: "Release"
[4.337s] -- Execute custom install script
[4.344s] -- Up-to-date symlink: /root/ros_workspace/install/turtlebot3_navigation2/share/turtlebot3_navigation2/launch/navigation2.launch.py
[5.532s] -- Up-to-date symlink: /root/ros_workspace/install/turtlebot3_navigation2/share/turtlebot3_navigation2/map/map.pgm
[5.532s] -- Up-to-date symlink: /root/ros_workspace/install/turtlebot3_navigation2/share/turtlebot3_navigation2/map/map.yaml
[5.533s] -- Up-to-date symlink: /root/ros_workspace/install/turtlebot3_navigation2/share/turtlebot3_navigation2/param/burger.yaml
[5.533s] -- Up-to-date symlink: /root/ros_workspace/install/turtlebot3_navigation2/share/turtlebot3_navigation2/param/burger_cam.yaml
[5.533s] -- Up-to-date symlink: /root/ros_workspace/install/turtlebot3_navigation2/share/turtlebot3_navigation2/param/humble/burger.yaml
[5.533s] -- Up-to-date symlink: /root/ros_workspace/install/turtlebot3_navigation2/share/turtlebot3_navigation2/param/humble/burger_cam.yaml
[5.533s] -- Up-to-date symlink: /root/ros_workspace/install/turtlebot3_navigation2/share/turtlebot3_navigation2/param/humble/waffle.yaml
[5.534s] -- Up-to-date symlink: /root/ros_workspace/install/turtlebot3_navigation2/share/turtlebot3_navigation2/param/humble/waffle_pi.yaml
[5.534s] -- Up-to-date symlink: /root/ros_workspace/install/turtlebot3_navigation2/share/turtlebot3_navigation2/param/waffle.yaml
[5.534s] -- Up-to-date symlink: /root/ros_workspace/install/turtlebot3_navigation2/share/turtlebot3_navigation2/param/waffle_pi.yaml
[5.534s] -- Up-to-date symlink: /root/ros_workspace/install/turtlebot3_navigation2/share/turtlebot3_navigation2/rviz/tb3_navigation2.rviz
[5.534s] -- Up-to-date symlink: /root/ros_workspace/install/turtlebot3_navigation2/share/ament_index/resource_index/package_run_dependencies/turtlebot3_navigation2
[5.534s] -- Up-to-date symlink: /root/ros_workspace/install/turtlebot3_navigation2/share/ament_index/resource_index/parent_prefix_path/turtlebot3_navigation2
[5.534s] -- Up-to-date symlink: /root/ros_workspace/install/turtlebot3_navigation2/share/turtlebot3_navigation2/environment/ament_prefix_path.sh
[5.535s] -- Up-to-date symlink: /root/ros_workspace/install/turtlebot3_navigation2/share/turtlebot3_navigation2/environment/ament_prefix_path.dsv
[5.535s] -- Up-to-date symlink: /root/ros_workspace/install/turtlebot3_navigation2/share/turtlebot3_navigation2/environment/path.sh
[5.535s] -- Up-to-date symlink: /root/ros_workspace/install/turtlebot3_navigation2/share/turtlebot3_navigation2/environment/path.dsv
[5.535s] -- Up-to-date symlink: /root/ros_workspace/install/turtlebot3_navigation2/share/turtlebot3_navigation2/local_setup.bash
[5.535s] -- Up-to-date symlink: /root/ros_workspace/install/turtlebot3_navigation2/share/turtlebot3_navigation2/local_setup.sh
[5.535s] -- Up-to-date symlink: /root/ros_workspace/install/turtlebot3_navigation2/share/turtlebot3_navigation2/local_setup.zsh
[5.535s] -- Up-to-date symlink: /root/ros_workspace/install/turtlebot3_navigation2/share/turtlebot3_navigation2/local_setup.dsv
[5.535s] -- Symlinking: /root/ros_workspace/install/turtlebot3_navigation2/share/turtlebot3_navigation2/package.dsv
[5.535s] -- Up-to-date symlink: /root/ros_workspace/install/turtlebot3_navigation2/share/ament_index/resource_index/packages/turtlebot3_navigation2
[5.536s] -- Up-to-date symlink: /root/ros_workspace/install/turtlebot3_navigation2/share/turtlebot3_navigation2/cmake/turtlebot3_navigation2Config.cmake
[5.536s] -- Up-to-date symlink: /root/ros_workspace/install/turtlebot3_navigation2/share/turtlebot3_navigation2/cmake/turtlebot3_navigation2Config-version.cmake
[5.536s] -- Up-to-date symlink: /root/ros_workspace/install/turtlebot3_navigation2/share/turtlebot3_navigation2/package.xml
[5.629s] Invoked command in '/root/ros_workspace/build/turtlebot3_navigation2' returned '0': CMAKE_PREFIX_PATH=${CMAKE_PREFIX_PATH}:/opt/ros/jazzy /usr/bin/cmake --install /root/ros_workspace/build/turtlebot3_navigation2
