[0.067s] Invoking command in '/root/ros_workspace/build/turtlebot3_cartographer': CMAKE_PREFIX_PATH=${CMAKE_PREFIX_PATH}:/root/ros_workspace/install/turtlebot3_teleop:/root/ros_workspace/install/turtlebot3_example:/opt/ros/jazzy /usr/bin/cmake /root/ros_workspace/src/turtlebot3/turtlebot3_cartographer -DAMENT_CMAKE_SYMLINK_INSTALL=1 -DCMAKE_INSTALL_PREFIX=/root/ros_workspace/install/turtlebot3_cartographer
[0.101s] -- Found ament_cmake: 2.5.4 (/opt/ros/jazzy/share/ament_cmake/cmake)
[0.649s] -- Override CMake install command with custom implementation using symlinks instead of copying resources
[0.949s] -- Configuring done (0.9s)
[0.956s] -- Generating done (0.0s)
[0.961s] -- Build files have been written to: /root/ros_workspace/build/turtlebot3_cartographer
[0.970s] Invoked command in '/root/ros_workspace/build/turtlebot3_cartographer' returned '0': CMAKE_PREFIX_PATH=${CMAKE_PREFIX_PATH}:/root/ros_workspace/install/turtlebot3_teleop:/root/ros_workspace/install/turtlebot3_example:/opt/ros/jazzy /usr/bin/cmake /root/ros_workspace/src/turtlebot3/turtlebot3_cartographer -DAMENT_CMAKE_SYMLINK_INSTALL=1 -DCMAKE_INSTALL_PREFIX=/root/ros_workspace/install/turtlebot3_cartographer
[0.973s] Invoking command in '/root/ros_workspace/build/turtlebot3_cartographer': CMAKE_PREFIX_PATH=${CMAKE_PREFIX_PATH}:/root/ros_workspace/install/turtlebot3_teleop:/root/ros_workspace/install/turtlebot3_example:/opt/ros/jazzy /usr/bin/cmake --build /root/ros_workspace/build/turtlebot3_cartographer -- -j12 -l12
[1.060s] Invoked command in '/root/ros_workspace/build/turtlebot3_cartographer' returned '0': CMAKE_PREFIX_PATH=${CMAKE_PREFIX_PATH}:/root/ros_workspace/install/turtlebot3_teleop:/root/ros_workspace/install/turtlebot3_example:/opt/ros/jazzy /usr/bin/cmake --build /root/ros_workspace/build/turtlebot3_cartographer -- -j12 -l12
[1.081s] Invoking command in '/root/ros_workspace/build/turtlebot3_cartographer': CMAKE_PREFIX_PATH=${CMAKE_PREFIX_PATH}:/root/ros_workspace/install/turtlebot3_teleop:/root/ros_workspace/install/turtlebot3_example:/opt/ros/jazzy /usr/bin/cmake --install /root/ros_workspace/build/turtlebot3_cartographer
[1.099s] -- Install configuration: ""
[1.100s] -- Execute custom install script
[1.100s] -- Up-to-date symlink: /root/ros_workspace/install/turtlebot3_cartographer/share/turtlebot3_cartographer/config/turtlebot3_lds_2d.lua
[1.101s] -- Up-to-date symlink: /root/ros_workspace/install/turtlebot3_cartographer/share/turtlebot3_cartographer/launch/cartographer.launch.py
[1.101s] -- Up-to-date symlink: /root/ros_workspace/install/turtlebot3_cartographer/share/turtlebot3_cartographer/launch/occupancy_grid.launch.py
[1.102s] -- Up-to-date symlink: /root/ros_workspace/install/turtlebot3_cartographer/share/turtlebot3_cartographer/rviz/tb3_cartographer.rviz
[1.102s] -- Up-to-date symlink: /root/ros_workspace/install/turtlebot3_cartographer/share/ament_index/resource_index/package_run_dependencies/turtlebot3_cartographer
[1.103s] -- Up-to-date symlink: /root/ros_workspace/install/turtlebot3_cartographer/share/ament_index/resource_index/parent_prefix_path/turtlebot3_cartographer
[1.103s] -- Up-to-date symlink: /root/ros_workspace/install/turtlebot3_cartographer/share/turtlebot3_cartographer/environment/ament_prefix_path.sh
[1.104s] -- Up-to-date symlink: /root/ros_workspace/install/turtlebot3_cartographer/share/turtlebot3_cartographer/environment/ament_prefix_path.dsv
[1.104s] -- Up-to-date symlink: /root/ros_workspace/install/turtlebot3_cartographer/share/turtlebot3_cartographer/environment/path.sh
[1.104s] -- Up-to-date symlink: /root/ros_workspace/install/turtlebot3_cartographer/share/turtlebot3_cartographer/environment/path.dsv
[1.105s] -- Up-to-date symlink: /root/ros_workspace/install/turtlebot3_cartographer/share/turtlebot3_cartographer/local_setup.bash
[1.105s] -- Up-to-date symlink: /root/ros_workspace/install/turtlebot3_cartographer/share/turtlebot3_cartographer/local_setup.sh
[1.105s] -- Up-to-date symlink: /root/ros_workspace/install/turtlebot3_cartographer/share/turtlebot3_cartographer/local_setup.zsh
[1.105s] -- Up-to-date symlink: /root/ros_workspace/install/turtlebot3_cartographer/share/turtlebot3_cartographer/local_setup.dsv
[1.105s] -- Symlinking: /root/ros_workspace/install/turtlebot3_cartographer/share/turtlebot3_cartographer/package.dsv
[1.122s] -- Up-to-date symlink: /root/ros_workspace/install/turtlebot3_cartographer/share/ament_index/resource_index/packages/turtlebot3_cartographer
[1.122s] -- Up-to-date symlink: /root/ros_workspace/install/turtlebot3_cartographer/share/turtlebot3_cartographer/cmake/turtlebot3_cartographerConfig.cmake
[1.123s] -- Up-to-date symlink: /root/ros_workspace/install/turtlebot3_cartographer/share/turtlebot3_cartographer/cmake/turtlebot3_cartographerConfig-version.cmake
[1.123s] -- Up-to-date symlink: /root/ros_workspace/install/turtlebot3_cartographer/share/turtlebot3_cartographer/package.xml
[1.127s] Invoked command in '/root/ros_workspace/build/turtlebot3_cartographer' returned '0': CMAKE_PREFIX_PATH=${CMAKE_PREFIX_PATH}:/root/ros_workspace/install/turtlebot3_teleop:/root/ros_workspace/install/turtlebot3_example:/opt/ros/jazzy /usr/bin/cmake --install /root/ros_workspace/build/turtlebot3_cartographer
