[0.092s] Invoking command in '/root/ros_workspace/build/turtlebot3_description': CMAKE_PREFIX_PATH=${CMAKE_PREFIX_PATH}:/root/ros_workspace/install/turtlebot3_teleop:/root/ros_workspace/install/turtlebot3_example:/root/ros_workspace/install/turtlebot3_control:/opt/ros/jazzy /usr/bin/cmake /root/ros_workspace/src/turtlebot3/turtlebot3_description -DAMENT_CMAKE_SYMLINK_INSTALL=1 -DCMAKE_INSTALL_PREFIX=/root/ros_workspace/install/turtlebot3_description
[1.531s] -- Found ament_cmake: 2.5.4 (/opt/ros/jazzy/share/ament_cmake/cmake)
[1.532s] -- Override CMake install command with custom implementation using symlinks instead of copying resources
[1.533s] -- Found urdf: 2.10.0 (/opt/ros/jazzy/share/urdf/cmake)
[1.534s] -- Found TinyXML2 via Config file: /usr/lib/x86_64-linux-gnu/cmake/tinyxml2
[1.534s] -- Configuring done (1.2s)
[1.534s] -- Generating done (0.0s)
[1.535s] -- Build files have been written to: /root/ros_workspace/build/turtlebot3_description
[1.550s] Invoked command in '/root/ros_workspace/build/turtlebot3_description' returned '0': CMAKE_PREFIX_PATH=${CMAKE_PREFIX_PATH}:/root/ros_workspace/install/turtlebot3_teleop:/root/ros_workspace/install/turtlebot3_example:/root/ros_workspace/install/turtlebot3_control:/opt/ros/jazzy /usr/bin/cmake /root/ros_workspace/src/turtlebot3/turtlebot3_description -DAMENT_CMAKE_SYMLINK_INSTALL=1 -DCMAKE_INSTALL_PREFIX=/root/ros_workspace/install/turtlebot3_description
[1.551s] Invoking command in '/root/ros_workspace/build/turtlebot3_description': CMAKE_PREFIX_PATH=${CMAKE_PREFIX_PATH}:/root/ros_workspace/install/turtlebot3_teleop:/root/ros_workspace/install/turtlebot3_example:/root/ros_workspace/install/turtlebot3_control:/opt/ros/jazzy /usr/bin/cmake --build /root/ros_workspace/build/turtlebot3_description -- -j12 -l12
[1.708s] Invoked command in '/root/ros_workspace/build/turtlebot3_description' returned '0': CMAKE_PREFIX_PATH=${CMAKE_PREFIX_PATH}:/root/ros_workspace/install/turtlebot3_teleop:/root/ros_workspace/install/turtlebot3_example:/root/ros_workspace/install/turtlebot3_control:/opt/ros/jazzy /usr/bin/cmake --build /root/ros_workspace/build/turtlebot3_description -- -j12 -l12
[1.714s] Invoking command in '/root/ros_workspace/build/turtlebot3_description': CMAKE_PREFIX_PATH=${CMAKE_PREFIX_PATH}:/root/ros_workspace/install/turtlebot3_teleop:/root/ros_workspace/install/turtlebot3_example:/root/ros_workspace/install/turtlebot3_control:/opt/ros/jazzy /usr/bin/cmake --install /root/ros_workspace/build/turtlebot3_description
[1.746s] -- Install configuration: ""
[1.747s] -- Execute custom install script
[1.747s] -- Up-to-date symlink: /root/ros_workspace/install/turtlebot3_description/share/turtlebot3_description/meshes/bases/burger_base.stl
[1.747s] -- Up-to-date symlink: /root/ros_workspace/install/turtlebot3_description/share/turtlebot3_description/meshes/bases/waffle_base.stl
[1.749s] -- Up-to-date symlink: /root/ros_workspace/install/turtlebot3_description/share/turtlebot3_description/meshes/bases/waffle_pi_base.stl
[1.773s] -- Up-to-date symlink: /root/ros_workspace/install/turtlebot3_description/share/turtlebot3_description/meshes/sensors/astra.dae
[1.773s] -- Up-to-date symlink: /root/ros_workspace/install/turtlebot3_description/share/turtlebot3_description/meshes/sensors/astra.jpg
[1.774s] -- Up-to-date symlink: /root/ros_workspace/install/turtlebot3_description/share/turtlebot3_description/meshes/sensors/lds.stl
[1.774s] -- Up-to-date symlink: /root/ros_workspace/install/turtlebot3_description/share/turtlebot3_description/meshes/sensors/r200.dae
[1.774s] -- Up-to-date symlink: /root/ros_workspace/install/turtlebot3_description/share/turtlebot3_description/meshes/sensors/r200.jpg
[1.783s] -- Up-to-date symlink: /root/ros_workspace/install/turtlebot3_description/share/turtlebot3_description/meshes/wheels/left_tire.stl
[1.784s] -- Up-to-date symlink: /root/ros_workspace/install/turtlebot3_description/share/turtlebot3_description/meshes/wheels/right_tire.stl
[1.784s] -- Up-to-date symlink: /root/ros_workspace/install/turtlebot3_description/share/turtlebot3_description/rviz/model.rviz
[1.786s] -- Up-to-date symlink: /root/ros_workspace/install/turtlebot3_description/share/turtlebot3_description/urdf/common_properties.urdf
[1.786s] -- Up-to-date symlink: /root/ros_workspace/install/turtlebot3_description/share/turtlebot3_description/urdf/turtlebot3_burger.urdf
[1.787s] -- Up-to-date symlink: /root/ros_workspace/install/turtlebot3_description/share/turtlebot3_description/urdf/turtlebot3_waffle.urdf
[1.787s] -- Up-to-date symlink: /root/ros_workspace/install/turtlebot3_description/share/turtlebot3_description/urdf/turtlebot3_waffle_pi.urdf
[1.787s] -- Up-to-date symlink: /root/ros_workspace/install/turtlebot3_description/share/ament_index/resource_index/package_run_dependencies/turtlebot3_description
[1.788s] -- Up-to-date symlink: /root/ros_workspace/install/turtlebot3_description/share/ament_index/resource_index/parent_prefix_path/turtlebot3_description
[1.809s] -- Up-to-date symlink: /root/ros_workspace/install/turtlebot3_description/share/turtlebot3_description/environment/ament_prefix_path.sh
[1.810s] -- Up-to-date symlink: /root/ros_workspace/install/turtlebot3_description/share/turtlebot3_description/environment/ament_prefix_path.dsv
[1.810s] -- Up-to-date symlink: /root/ros_workspace/install/turtlebot3_description/share/turtlebot3_description/environment/path.sh
[1.810s] -- Up-to-date symlink: /root/ros_workspace/install/turtlebot3_description/share/turtlebot3_description/environment/path.dsv
[1.810s] -- Up-to-date symlink: /root/ros_workspace/install/turtlebot3_description/share/turtlebot3_description/local_setup.bash
[1.810s] -- Up-to-date symlink: /root/ros_workspace/install/turtlebot3_description/share/turtlebot3_description/local_setup.sh
[1.811s] -- Up-to-date symlink: /root/ros_workspace/install/turtlebot3_description/share/turtlebot3_description/local_setup.zsh
[1.811s] -- Up-to-date symlink: /root/ros_workspace/install/turtlebot3_description/share/turtlebot3_description/local_setup.dsv
[1.811s] -- Symlinking: /root/ros_workspace/install/turtlebot3_description/share/turtlebot3_description/package.dsv
[1.825s] -- Up-to-date symlink: /root/ros_workspace/install/turtlebot3_description/share/ament_index/resource_index/packages/turtlebot3_description
[1.826s] -- Up-to-date symlink: /root/ros_workspace/install/turtlebot3_description/share/turtlebot3_description/cmake/turtlebot3_descriptionConfig.cmake
[1.826s] -- Up-to-date symlink: /root/ros_workspace/install/turtlebot3_description/share/turtlebot3_description/cmake/turtlebot3_descriptionConfig-version.cmake
[1.827s] -- Up-to-date symlink: /root/ros_workspace/install/turtlebot3_description/share/turtlebot3_description/package.xml
[1.917s] Invoked command in '/root/ros_workspace/build/turtlebot3_description' returned '0': CMAKE_PREFIX_PATH=${CMAKE_PREFIX_PATH}:/root/ros_workspace/install/turtlebot3_teleop:/root/ros_workspace/install/turtlebot3_example:/root/ros_workspace/install/turtlebot3_control:/opt/ros/jazzy /usr/bin/cmake --install /root/ros_workspace/build/turtlebot3_description
