[0.226s] Invoking command in '/root/ros_workspace/build/turtlebot3_gazebo': /usr/bin/cmake /root/ros_workspace/src/turtlebot3_simulations/turtlebot3_gazebo -DCMAKE_INSTALL_PREFIX=/root/ros_workspace/install/turtlebot3_gazebo
[1.509s] Traceback (most recent call last):
[1.509s]   File "/opt/ros/jazzy/share/ament_cmake_core/cmake/package_templates/templates_2_cmake.py", line 21, in <module>
[1.509s]     from ament_package.templates import get_environment_hook_template_path
[1.509s] ModuleNotFoundError: No module named 'ament_package'
[1.510s] [31mCMake Error at /opt/ros/jazzy/share/ament_cmake_core/cmake/ament_cmake_package_templates-extras.cmake:41 (message):
[1.510s]   execute_process(/usr/bin/python3
[1.510s]   /opt/ros/jazzy/share/ament_cmake_core/cmake/package_templates/templates_2_cmake.py
[1.510s]   /root/ros_workspace/build/turtlebot3_gazebo/ament_cmake_package_templates/templates.cmake)
[1.510s]   returned error code 1
[1.510s] Call Stack (most recent call first):
[1.510s]   /opt/ros/jazzy/share/ament_cmake_core/cmake/ament_cmake_coreConfig.cmake:41 (include)
[1.510s]   /opt/ros/jazzy/share/ament_cmake/cmake/ament_cmake_export_dependencies-extras.cmake:15 (find_package)
[1.510s]   /opt/ros/jazzy/share/ament_cmake/cmake/ament_cmakeConfig.cmake:41 (include)
[1.510s]   CMakeLists.txt:22 (find_package)
[1.511s] 
[1.511s] [0m
[1.511s] -- Found ament_cmake: 2.5.4 (/opt/ros/jazzy/share/ament_cmake/cmake)
[1.511s] -- Configuring incomplete, errors occurred!
[1.763s] Invoked command in '/root/ros_workspace/build/turtlebot3_gazebo' returned '1': /usr/bin/cmake /root/ros_workspace/src/turtlebot3_simulations/turtlebot3_gazebo -DCMAKE_INSTALL_PREFIX=/root/ros_workspace/install/turtlebot3_gazebo
