[0.221s] Invoking command in '/root/ros_workspace/build/turtlebot3_msgs': CMAKE_PREFIX_PATH=${CMAKE_PREFIX_PATH}:/root/ros_workspace/install/turtlebot3_teleop:/root/ros_workspace/install/turtlebot3_example:/root/ros_workspace/install/turtlebot3_control:/opt/ros/jazzy /usr/bin/cmake /root/ros_workspace/src/turtlebot3_msgs -DCMAKE_INSTALL_PREFIX=/root/ros_workspace/install/turtlebot3_msgs
[1.423s] -- Found action_msgs: 2.0.3 (/opt/ros/jazzy/share/action_msgs/cmake)
[1.424s] -- Found Python3: /usr/bin/python3 (found version "3.12.3") found components: Interpreter 
[1.425s] -- Override CMake install command with custom implementation using symlinks instead of copying resources
[1.426s] -- Found rosidl_generator_c: 4.6.6 (/opt/ros/jazzy/share/rosidl_generator_c/cmake)
[1.427s] -- Found rosidl_generator_cpp: 4.6.6 (/opt/ros/jazzy/share/rosidl_generator_cpp/cmake)
[1.430s] -- Using all available rosidl_typesupport_c: rosidl_typesupport_fastrtps_c;rosidl_typesupport_introspection_c
[1.432s] -- Using all available rosidl_typesupport_cpp: rosidl_typesupport_fastrtps_cpp;rosidl_typesupport_introspection_cpp
[1.732s] -- Found rosidl_default_generators: 1.6.0 (/opt/ros/jazzy/share/rosidl_default_generators/cmake)
[1.763s] -- Found rosidl_adapter: 4.6.6 (/opt/ros/jazzy/share/rosidl_adapter/cmake)
[1.769s] -- Found std_msgs: 5.3.6 (/opt/ros/jazzy/share/std_msgs/cmake)
[1.867s] -- Found geometry_msgs: 5.3.6 (/opt/ros/jazzy/share/geometry_msgs/cmake)
[3.719s] -- Found ament_cmake_cppcheck: 0.17.3 (/opt/ros/jazzy/share/ament_cmake_cppcheck/cmake)
[3.720s] -- Found ament_cmake_cpplint: 0.17.3 (/opt/ros/jazzy/share/ament_cmake_cpplint/cmake)
[3.724s] -- Found ament_cmake_uncrustify: 0.17.3 (/opt/ros/jazzy/share/ament_cmake_uncrustify/cmake)
[3.734s] -- Found ament_cmake_ros: 0.12.0 (/opt/ros/jazzy/share/ament_cmake_ros/cmake)
[5.087s] -- Using all available rosidl_typesupport_c: rosidl_typesupport_fastrtps_c;rosidl_typesupport_introspection_c
[5.690s] -- Using all available rosidl_typesupport_cpp: rosidl_typesupport_fastrtps_cpp;rosidl_typesupport_introspection_cpp
[5.719s] -- Found python_cmake_module: 0.11.1 (/opt/ros/jazzy/share/python_cmake_module/cmake)
[7.042s] -- Found Python3: /usr/bin/python3 (found version "3.12.3") found components: Interpreter Development NumPy Development.Module Development.Embed 
[7.358s] -- Found ament_cmake_flake8: 0.17.3 (/opt/ros/jazzy/share/ament_cmake_flake8/cmake)
[7.368s] -- Found ament_cmake_pep257: 0.17.3 (/opt/ros/jazzy/share/ament_cmake_pep257/cmake)
[7.421s] -- Configuring done (7.2s)
[7.698s] -- Generating done (0.2s)
[7.771s] -- Build files have been written to: /root/ros_workspace/build/turtlebot3_msgs
[7.848s] Invoked command in '/root/ros_workspace/build/turtlebot3_msgs' returned '0': CMAKE_PREFIX_PATH=${CMAKE_PREFIX_PATH}:/root/ros_workspace/install/turtlebot3_teleop:/root/ros_workspace/install/turtlebot3_example:/root/ros_workspace/install/turtlebot3_control:/opt/ros/jazzy /usr/bin/cmake /root/ros_workspace/src/turtlebot3_msgs -DCMAKE_INSTALL_PREFIX=/root/ros_workspace/install/turtlebot3_msgs
[7.850s] Invoking command in '/root/ros_workspace/build/turtlebot3_msgs': CMAKE_PREFIX_PATH=${CMAKE_PREFIX_PATH}:/root/ros_workspace/install/turtlebot3_teleop:/root/ros_workspace/install/turtlebot3_example:/root/ros_workspace/install/turtlebot3_control:/opt/ros/jazzy /usr/bin/cmake --build /root/ros_workspace/build/turtlebot3_msgs -- -j12 -l12
[8.123s] [  1%] Built target turtlebot3_msgs__rosidl_generator_type_description
[8.140s] [  1%] Built target ament_cmake_python_symlink_turtlebot3_msgs
[8.216s] [  2%] Built target turtlebot3_msgs__cpp
[8.245s] [ 26%] Built target turtlebot3_msgs__rosidl_generator_c
[8.467s] [ 36%] Built target turtlebot3_msgs__rosidl_typesupport_fastrtps_c
[8.489s] [ 45%] Built target turtlebot3_msgs__rosidl_typesupport_c
[8.493s] [ 55%] Built target turtlebot3_msgs__rosidl_typesupport_introspection_cpp
[8.503s] [ 64%] Built target turtlebot3_msgs__rosidl_typesupport_cpp
[8.506s] [ 74%] Built target turtlebot3_msgs__rosidl_typesupport_introspection_c
[8.527s] [ 84%] Built target turtlebot3_msgs__rosidl_typesupport_fastrtps_cpp
[8.592s] [ 84%] Built target turtlebot3_msgs
[8.706s] [ 85%] Built target turtlebot3_msgs__py
[8.778s] [ 93%] Built target turtlebot3_msgs__rosidl_generator_py
[8.880s] [ 95%] Built target turtlebot3_msgs_s__rosidl_typesupport_c
[8.930s] [ 97%] Built target turtlebot3_msgs_s__rosidl_typesupport_introspection_c
[8.969s] running egg_info
[8.969s] [100%] Built target turtlebot3_msgs_s__rosidl_typesupport_fastrtps_c
[9.013s] writing turtlebot3_msgs.egg-info/PKG-INFO
[9.014s] writing dependency_links to turtlebot3_msgs.egg-info/dependency_links.txt
[9.014s] writing top-level names to turtlebot3_msgs.egg-info/top_level.txt
[9.132s] reading manifest file 'turtlebot3_msgs.egg-info/SOURCES.txt'
[9.136s] writing manifest file 'turtlebot3_msgs.egg-info/SOURCES.txt'
[9.256s] [100%] Built target ament_cmake_python_build_turtlebot3_msgs_egg
[9.318s] Invoked command in '/root/ros_workspace/build/turtlebot3_msgs' returned '0': CMAKE_PREFIX_PATH=${CMAKE_PREFIX_PATH}:/root/ros_workspace/install/turtlebot3_teleop:/root/ros_workspace/install/turtlebot3_example:/root/ros_workspace/install/turtlebot3_control:/opt/ros/jazzy /usr/bin/cmake --build /root/ros_workspace/build/turtlebot3_msgs -- -j12 -l12
[9.319s] Invoking command in '/root/ros_workspace/build/turtlebot3_msgs': CMAKE_PREFIX_PATH=${CMAKE_PREFIX_PATH}:/root/ros_workspace/install/turtlebot3_teleop:/root/ros_workspace/install/turtlebot3_example:/root/ros_workspace/install/turtlebot3_control:/opt/ros/jazzy /usr/bin/cmake --install /root/ros_workspace/build/turtlebot3_msgs
[9.364s] -- Install configuration: ""
[9.365s] -- Execute custom install script
[9.365s] -- Up-to-date symlink: /root/ros_workspace/install/turtlebot3_msgs/share/ament_index/resource_index/rosidl_interfaces/turtlebot3_msgs
[9.365s] -- Up-to-date symlink: /root/ros_workspace/install/turtlebot3_msgs/share/turtlebot3_msgs/msg/SensorState.json
[9.366s] -- Up-to-date symlink: /root/ros_workspace/install/turtlebot3_msgs/share/turtlebot3_msgs/msg/Sound.json
[9.367s] -- Up-to-date symlink: /root/ros_workspace/install/turtlebot3_msgs/share/turtlebot3_msgs/msg/VersionInfo.json
[9.368s] -- Up-to-date symlink: /root/ros_workspace/install/turtlebot3_msgs/share/turtlebot3_msgs/srv/Sound.json
[9.370s] -- Up-to-date symlink: /root/ros_workspace/install/turtlebot3_msgs/share/turtlebot3_msgs/srv/Dqn.json
[9.370s] -- Up-to-date symlink: /root/ros_workspace/install/turtlebot3_msgs/share/turtlebot3_msgs/srv/Goal.json
[9.371s] -- Up-to-date symlink: /root/ros_workspace/install/turtlebot3_msgs/share/turtlebot3_msgs/action/Patrol.json
[9.374s] -- Up-to-date symlink: /root/ros_workspace/install/turtlebot3_msgs/include/turtlebot3_msgs/turtlebot3_msgs/action/detail/patrol__functions.h
[9.375s] -- Up-to-date symlink: /root/ros_workspace/install/turtlebot3_msgs/include/turtlebot3_msgs/turtlebot3_msgs/action/detail/patrol__struct.h
[9.399s] -- Up-to-date symlink: /root/ros_workspace/install/turtlebot3_msgs/include/turtlebot3_msgs/turtlebot3_msgs/action/detail/patrol__type_support.h
[9.403s] -- Up-to-date symlink: /root/ros_workspace/install/turtlebot3_msgs/include/turtlebot3_msgs/turtlebot3_msgs/action/patrol.h
[9.403s] -- Up-to-date symlink: /root/ros_workspace/install/turtlebot3_msgs/include/turtlebot3_msgs/turtlebot3_msgs/msg/detail/sensor_state__functions.h
[9.403s] -- Up-to-date symlink: /root/ros_workspace/install/turtlebot3_msgs/include/turtlebot3_msgs/turtlebot3_msgs/msg/detail/sensor_state__struct.h
[9.404s] -- Up-to-date symlink: /root/ros_workspace/install/turtlebot3_msgs/include/turtlebot3_msgs/turtlebot3_msgs/msg/detail/sensor_state__type_support.h
[9.404s] -- Up-to-date symlink: /root/ros_workspace/install/turtlebot3_msgs/include/turtlebot3_msgs/turtlebot3_msgs/msg/detail/sound__functions.h
[9.405s] -- Up-to-date symlink: /root/ros_workspace/install/turtlebot3_msgs/include/turtlebot3_msgs/turtlebot3_msgs/msg/detail/sound__struct.h
[9.406s] -- Up-to-date symlink: /root/ros_workspace/install/turtlebot3_msgs/include/turtlebot3_msgs/turtlebot3_msgs/msg/detail/sound__type_support.h
[9.409s] -- Up-to-date symlink: /root/ros_workspace/install/turtlebot3_msgs/include/turtlebot3_msgs/turtlebot3_msgs/msg/detail/version_info__functions.h
[9.412s] -- Up-to-date symlink: /root/ros_workspace/install/turtlebot3_msgs/include/turtlebot3_msgs/turtlebot3_msgs/msg/detail/version_info__struct.h
[9.415s] -- Up-to-date symlink: /root/ros_workspace/install/turtlebot3_msgs/include/turtlebot3_msgs/turtlebot3_msgs/msg/detail/version_info__type_support.h
[9.416s] -- Up-to-date symlink: /root/ros_workspace/install/turtlebot3_msgs/include/turtlebot3_msgs/turtlebot3_msgs/msg/rosidl_generator_c__visibility_control.h
[9.420s] -- Up-to-date symlink: /root/ros_workspace/install/turtlebot3_msgs/include/turtlebot3_msgs/turtlebot3_msgs/msg/sensor_state.h
[9.423s] -- Up-to-date symlink: /root/ros_workspace/install/turtlebot3_msgs/include/turtlebot3_msgs/turtlebot3_msgs/msg/sound.h
[9.424s] -- Up-to-date symlink: /root/ros_workspace/install/turtlebot3_msgs/include/turtlebot3_msgs/turtlebot3_msgs/msg/version_info.h
[9.428s] -- Up-to-date symlink: /root/ros_workspace/install/turtlebot3_msgs/include/turtlebot3_msgs/turtlebot3_msgs/srv/detail/dqn__functions.h
[9.430s] -- Up-to-date symlink: /root/ros_workspace/install/turtlebot3_msgs/include/turtlebot3_msgs/turtlebot3_msgs/srv/detail/dqn__struct.h
[9.431s] -- Up-to-date symlink: /root/ros_workspace/install/turtlebot3_msgs/include/turtlebot3_msgs/turtlebot3_msgs/srv/detail/dqn__type_support.h
[9.431s] -- Up-to-date symlink: /root/ros_workspace/install/turtlebot3_msgs/include/turtlebot3_msgs/turtlebot3_msgs/srv/detail/goal__functions.h
[9.431s] -- Up-to-date symlink: /root/ros_workspace/install/turtlebot3_msgs/include/turtlebot3_msgs/turtlebot3_msgs/srv/detail/goal__struct.h
[9.432s] -- Up-to-date symlink: /root/ros_workspace/install/turtlebot3_msgs/include/turtlebot3_msgs/turtlebot3_msgs/srv/detail/goal__type_support.h
[9.432s] -- Up-to-date symlink: /root/ros_workspace/install/turtlebot3_msgs/include/turtlebot3_msgs/turtlebot3_msgs/srv/detail/sound__functions.h
[9.433s] -- Up-to-date symlink: /root/ros_workspace/install/turtlebot3_msgs/include/turtlebot3_msgs/turtlebot3_msgs/srv/detail/sound__struct.h
[9.433s] -- Up-to-date symlink: /root/ros_workspace/install/turtlebot3_msgs/include/turtlebot3_msgs/turtlebot3_msgs/srv/detail/sound__type_support.h
[9.433s] -- Up-to-date symlink: /root/ros_workspace/install/turtlebot3_msgs/include/turtlebot3_msgs/turtlebot3_msgs/srv/dqn.h
[9.434s] -- Up-to-date symlink: /root/ros_workspace/install/turtlebot3_msgs/include/turtlebot3_msgs/turtlebot3_msgs/srv/goal.h
[9.434s] -- Up-to-date symlink: /root/ros_workspace/install/turtlebot3_msgs/include/turtlebot3_msgs/turtlebot3_msgs/srv/sound.h
[9.434s] -- Up-to-date symlink: /root/ros_workspace/install/turtlebot3_msgs/share/turtlebot3_msgs/environment/library_path.sh
[9.435s] -- Up-to-date symlink: /root/ros_workspace/install/turtlebot3_msgs/share/turtlebot3_msgs/environment/library_path.dsv
[9.435s] -- Up-to-date symlink: /root/ros_workspace/install/turtlebot3_msgs/include/turtlebot3_msgs/turtlebot3_msgs/action/detail/patrol__rosidl_typesupport_fastrtps_c.h
[9.435s] -- Up-to-date symlink: /root/ros_workspace/install/turtlebot3_msgs/include/turtlebot3_msgs/turtlebot3_msgs/msg/detail/sensor_state__rosidl_typesupport_fastrtps_c.h
[9.435s] -- Up-to-date symlink: /root/ros_workspace/install/turtlebot3_msgs/include/turtlebot3_msgs/turtlebot3_msgs/msg/detail/sound__rosidl_typesupport_fastrtps_c.h
[9.436s] -- Up-to-date symlink: /root/ros_workspace/install/turtlebot3_msgs/include/turtlebot3_msgs/turtlebot3_msgs/msg/detail/version_info__rosidl_typesupport_fastrtps_c.h
[9.436s] -- Up-to-date symlink: /root/ros_workspace/install/turtlebot3_msgs/include/turtlebot3_msgs/turtlebot3_msgs/msg/rosidl_typesupport_fastrtps_c__visibility_control.h
[9.437s] -- Up-to-date symlink: /root/ros_workspace/install/turtlebot3_msgs/include/turtlebot3_msgs/turtlebot3_msgs/srv/detail/dqn__rosidl_typesupport_fastrtps_c.h
[9.437s] -- Up-to-date symlink: /root/ros_workspace/install/turtlebot3_msgs/include/turtlebot3_msgs/turtlebot3_msgs/srv/detail/goal__rosidl_typesupport_fastrtps_c.h
[9.437s] -- Up-to-date symlink: /root/ros_workspace/install/turtlebot3_msgs/include/turtlebot3_msgs/turtlebot3_msgs/srv/detail/sound__rosidl_typesupport_fastrtps_c.h
[9.438s] -- Up-to-date symlink: /root/ros_workspace/install/turtlebot3_msgs/include/turtlebot3_msgs/turtlebot3_msgs/action/detail/patrol__builder.hpp
[9.438s] -- Up-to-date symlink: /root/ros_workspace/install/turtlebot3_msgs/include/turtlebot3_msgs/turtlebot3_msgs/action/detail/patrol__struct.hpp
[9.438s] -- Up-to-date symlink: /root/ros_workspace/install/turtlebot3_msgs/include/turtlebot3_msgs/turtlebot3_msgs/action/detail/patrol__traits.hpp
[9.439s] -- Up-to-date symlink: /root/ros_workspace/install/turtlebot3_msgs/include/turtlebot3_msgs/turtlebot3_msgs/action/detail/patrol__type_support.hpp
[9.439s] -- Up-to-date symlink: /root/ros_workspace/install/turtlebot3_msgs/include/turtlebot3_msgs/turtlebot3_msgs/action/patrol.hpp
[9.451s] -- Up-to-date symlink: /root/ros_workspace/install/turtlebot3_msgs/include/turtlebot3_msgs/turtlebot3_msgs/msg/detail/sensor_state__builder.hpp
[9.451s] -- Up-to-date symlink: /root/ros_workspace/install/turtlebot3_msgs/include/turtlebot3_msgs/turtlebot3_msgs/msg/detail/sensor_state__struct.hpp
[9.452s] -- Up-to-date symlink: /root/ros_workspace/install/turtlebot3_msgs/include/turtlebot3_msgs/turtlebot3_msgs/msg/detail/sensor_state__traits.hpp
[9.452s] -- Up-to-date symlink: /root/ros_workspace/install/turtlebot3_msgs/include/turtlebot3_msgs/turtlebot3_msgs/msg/detail/sensor_state__type_support.hpp
[9.452s] -- Up-to-date symlink: /root/ros_workspace/install/turtlebot3_msgs/include/turtlebot3_msgs/turtlebot3_msgs/msg/detail/sound__builder.hpp
[9.452s] -- Up-to-date symlink: /root/ros_workspace/install/turtlebot3_msgs/include/turtlebot3_msgs/turtlebot3_msgs/msg/detail/sound__struct.hpp
[9.453s] -- Up-to-date symlink: /root/ros_workspace/install/turtlebot3_msgs/include/turtlebot3_msgs/turtlebot3_msgs/msg/detail/sound__traits.hpp
[9.453s] -- Up-to-date symlink: /root/ros_workspace/install/turtlebot3_msgs/include/turtlebot3_msgs/turtlebot3_msgs/msg/detail/sound__type_support.hpp
[9.453s] -- Up-to-date symlink: /root/ros_workspace/install/turtlebot3_msgs/include/turtlebot3_msgs/turtlebot3_msgs/msg/detail/version_info__builder.hpp
[9.453s] -- Up-to-date symlink: /root/ros_workspace/install/turtlebot3_msgs/include/turtlebot3_msgs/turtlebot3_msgs/msg/detail/version_info__struct.hpp
[9.454s] -- Up-to-date symlink: /root/ros_workspace/install/turtlebot3_msgs/include/turtlebot3_msgs/turtlebot3_msgs/msg/detail/version_info__traits.hpp
[9.455s] -- Up-to-date symlink: /root/ros_workspace/install/turtlebot3_msgs/include/turtlebot3_msgs/turtlebot3_msgs/msg/detail/version_info__type_support.hpp
[9.469s] -- Up-to-date symlink: /root/ros_workspace/install/turtlebot3_msgs/include/turtlebot3_msgs/turtlebot3_msgs/msg/rosidl_generator_cpp__visibility_control.hpp
[9.470s] -- Up-to-date symlink: /root/ros_workspace/install/turtlebot3_msgs/include/turtlebot3_msgs/turtlebot3_msgs/msg/sensor_state.hpp
[9.471s] -- Up-to-date symlink: /root/ros_workspace/install/turtlebot3_msgs/include/turtlebot3_msgs/turtlebot3_msgs/msg/sound.hpp
[9.472s] -- Up-to-date symlink: /root/ros_workspace/install/turtlebot3_msgs/include/turtlebot3_msgs/turtlebot3_msgs/msg/version_info.hpp
[9.476s] -- Up-to-date symlink: /root/ros_workspace/install/turtlebot3_msgs/include/turtlebot3_msgs/turtlebot3_msgs/srv/detail/dqn__builder.hpp
[9.489s] -- Up-to-date symlink: /root/ros_workspace/install/turtlebot3_msgs/include/turtlebot3_msgs/turtlebot3_msgs/srv/detail/dqn__struct.hpp
[9.493s] -- Up-to-date symlink: /root/ros_workspace/install/turtlebot3_msgs/include/turtlebot3_msgs/turtlebot3_msgs/srv/detail/dqn__traits.hpp
[9.494s] -- Up-to-date symlink: /root/ros_workspace/install/turtlebot3_msgs/include/turtlebot3_msgs/turtlebot3_msgs/srv/detail/dqn__type_support.hpp
[9.510s] -- Up-to-date symlink: /root/ros_workspace/install/turtlebot3_msgs/include/turtlebot3_msgs/turtlebot3_msgs/srv/detail/goal__builder.hpp
[9.510s] -- Up-to-date symlink: /root/ros_workspace/install/turtlebot3_msgs/include/turtlebot3_msgs/turtlebot3_msgs/srv/detail/goal__struct.hpp
[9.511s] -- Up-to-date symlink: /root/ros_workspace/install/turtlebot3_msgs/include/turtlebot3_msgs/turtlebot3_msgs/srv/detail/goal__traits.hpp
[9.511s] -- Up-to-date symlink: /root/ros_workspace/install/turtlebot3_msgs/include/turtlebot3_msgs/turtlebot3_msgs/srv/detail/goal__type_support.hpp
[9.511s] -- Up-to-date symlink: /root/ros_workspace/install/turtlebot3_msgs/include/turtlebot3_msgs/turtlebot3_msgs/srv/detail/sound__builder.hpp
[9.512s] -- Up-to-date symlink: /root/ros_workspace/install/turtlebot3_msgs/include/turtlebot3_msgs/turtlebot3_msgs/srv/detail/sound__struct.hpp
[9.512s] -- Up-to-date symlink: /root/ros_workspace/install/turtlebot3_msgs/include/turtlebot3_msgs/turtlebot3_msgs/srv/detail/sound__traits.hpp
[9.512s] -- Up-to-date symlink: /root/ros_workspace/install/turtlebot3_msgs/include/turtlebot3_msgs/turtlebot3_msgs/srv/detail/sound__type_support.hpp
[9.512s] -- Up-to-date symlink: /root/ros_workspace/install/turtlebot3_msgs/include/turtlebot3_msgs/turtlebot3_msgs/srv/dqn.hpp
[9.512s] -- Up-to-date symlink: /root/ros_workspace/install/turtlebot3_msgs/include/turtlebot3_msgs/turtlebot3_msgs/srv/goal.hpp
[9.512s] -- Up-to-date symlink: /root/ros_workspace/install/turtlebot3_msgs/include/turtlebot3_msgs/turtlebot3_msgs/srv/sound.hpp
[9.514s] -- Up-to-date symlink: /root/ros_workspace/install/turtlebot3_msgs/include/turtlebot3_msgs/turtlebot3_msgs/action/detail/patrol__rosidl_typesupport_fastrtps_cpp.hpp
[9.514s] -- Up-to-date symlink: /root/ros_workspace/install/turtlebot3_msgs/include/turtlebot3_msgs/turtlebot3_msgs/msg/detail/sensor_state__rosidl_typesupport_fastrtps_cpp.hpp
[9.514s] -- Up-to-date symlink: /root/ros_workspace/install/turtlebot3_msgs/include/turtlebot3_msgs/turtlebot3_msgs/msg/detail/sound__rosidl_typesupport_fastrtps_cpp.hpp
[9.515s] -- Up-to-date symlink: /root/ros_workspace/install/turtlebot3_msgs/include/turtlebot3_msgs/turtlebot3_msgs/msg/detail/version_info__rosidl_typesupport_fastrtps_cpp.hpp
[9.515s] -- Up-to-date symlink: /root/ros_workspace/install/turtlebot3_msgs/include/turtlebot3_msgs/turtlebot3_msgs/msg/rosidl_typesupport_fastrtps_cpp__visibility_control.h
[9.515s] -- Up-to-date symlink: /root/ros_workspace/install/turtlebot3_msgs/include/turtlebot3_msgs/turtlebot3_msgs/srv/detail/dqn__rosidl_typesupport_fastrtps_cpp.hpp
[9.515s] -- Up-to-date symlink: /root/ros_workspace/install/turtlebot3_msgs/include/turtlebot3_msgs/turtlebot3_msgs/srv/detail/goal__rosidl_typesupport_fastrtps_cpp.hpp
[9.515s] -- Up-to-date symlink: /root/ros_workspace/install/turtlebot3_msgs/include/turtlebot3_msgs/turtlebot3_msgs/srv/detail/sound__rosidl_typesupport_fastrtps_cpp.hpp
[9.515s] -- Up-to-date symlink: /root/ros_workspace/install/turtlebot3_msgs/include/turtlebot3_msgs/turtlebot3_msgs/action/detail/patrol__rosidl_typesupport_introspection_c.h
[9.516s] -- Up-to-date symlink: /root/ros_workspace/install/turtlebot3_msgs/include/turtlebot3_msgs/turtlebot3_msgs/msg/detail/sensor_state__rosidl_typesupport_introspection_c.h
[9.517s] -- Up-to-date symlink: /root/ros_workspace/install/turtlebot3_msgs/include/turtlebot3_msgs/turtlebot3_msgs/msg/detail/sound__rosidl_typesupport_introspection_c.h
[9.518s] -- Up-to-date symlink: /root/ros_workspace/install/turtlebot3_msgs/include/turtlebot3_msgs/turtlebot3_msgs/msg/detail/version_info__rosidl_typesupport_introspection_c.h
[9.519s] -- Up-to-date symlink: /root/ros_workspace/install/turtlebot3_msgs/include/turtlebot3_msgs/turtlebot3_msgs/msg/rosidl_typesupport_introspection_c__visibility_control.h
[9.520s] -- Up-to-date symlink: /root/ros_workspace/install/turtlebot3_msgs/include/turtlebot3_msgs/turtlebot3_msgs/srv/detail/dqn__rosidl_typesupport_introspection_c.h
[9.520s] -- Up-to-date symlink: /root/ros_workspace/install/turtlebot3_msgs/include/turtlebot3_msgs/turtlebot3_msgs/srv/detail/goal__rosidl_typesupport_introspection_c.h
[9.520s] -- Up-to-date symlink: /root/ros_workspace/install/turtlebot3_msgs/include/turtlebot3_msgs/turtlebot3_msgs/srv/detail/sound__rosidl_typesupport_introspection_c.h
[9.520s] -- Up-to-date symlink: /root/ros_workspace/install/turtlebot3_msgs/include/turtlebot3_msgs/turtlebot3_msgs/action/detail/patrol__rosidl_typesupport_introspection_cpp.hpp
[9.521s] -- Up-to-date symlink: /root/ros_workspace/install/turtlebot3_msgs/include/turtlebot3_msgs/turtlebot3_msgs/msg/detail/sensor_state__rosidl_typesupport_introspection_cpp.hpp
[9.523s] -- Up-to-date symlink: /root/ros_workspace/install/turtlebot3_msgs/include/turtlebot3_msgs/turtlebot3_msgs/msg/detail/sound__rosidl_typesupport_introspection_cpp.hpp
[9.524s] -- Up-to-date symlink: /root/ros_workspace/install/turtlebot3_msgs/include/turtlebot3_msgs/turtlebot3_msgs/msg/detail/version_info__rosidl_typesupport_introspection_cpp.hpp
[9.524s] -- Up-to-date symlink: /root/ros_workspace/install/turtlebot3_msgs/include/turtlebot3_msgs/turtlebot3_msgs/srv/detail/dqn__rosidl_typesupport_introspection_cpp.hpp
[9.525s] -- Up-to-date symlink: /root/ros_workspace/install/turtlebot3_msgs/include/turtlebot3_msgs/turtlebot3_msgs/srv/detail/goal__rosidl_typesupport_introspection_cpp.hpp
[9.525s] -- Up-to-date symlink: /root/ros_workspace/install/turtlebot3_msgs/include/turtlebot3_msgs/turtlebot3_msgs/srv/detail/sound__rosidl_typesupport_introspection_cpp.hpp
[9.525s] -- Up-to-date symlink: /root/ros_workspace/install/turtlebot3_msgs/share/turtlebot3_msgs/environment/pythonpath.sh
[9.525s] -- Up-to-date symlink: /root/ros_workspace/install/turtlebot3_msgs/share/turtlebot3_msgs/environment/pythonpath.dsv
[9.525s] -- Up-to-date symlink: /root/ros_workspace/install/turtlebot3_msgs/lib/python3.12/site-packages/turtlebot3_msgs-2.4.0-py3.12.egg-info/PKG-INFO
[9.525s] -- Up-to-date symlink: /root/ros_workspace/install/turtlebot3_msgs/lib/python3.12/site-packages/turtlebot3_msgs-2.4.0-py3.12.egg-info/SOURCES.txt
[9.525s] -- Up-to-date symlink: /root/ros_workspace/install/turtlebot3_msgs/lib/python3.12/site-packages/turtlebot3_msgs-2.4.0-py3.12.egg-info/dependency_links.txt
[9.526s] -- Up-to-date symlink: /root/ros_workspace/install/turtlebot3_msgs/lib/python3.12/site-packages/turtlebot3_msgs-2.4.0-py3.12.egg-info/top_level.txt
[9.526s] -- Up-to-date symlink: /root/ros_workspace/install/turtlebot3_msgs/lib/python3.12/site-packages/turtlebot3_msgs/__init__.py
[9.526s] -- Up-to-date symlink: /root/ros_workspace/install/turtlebot3_msgs/lib/python3.12/site-packages/turtlebot3_msgs/_turtlebot3_msgs_s.ep.rosidl_typesupport_c.c
[9.526s] -- Up-to-date symlink: /root/ros_workspace/install/turtlebot3_msgs/lib/python3.12/site-packages/turtlebot3_msgs/_turtlebot3_msgs_s.ep.rosidl_typesupport_fastrtps_c.c
[9.527s] -- Up-to-date symlink: /root/ros_workspace/install/turtlebot3_msgs/lib/python3.12/site-packages/turtlebot3_msgs/_turtlebot3_msgs_s.ep.rosidl_typesupport_introspection_c.c
[9.529s] -- Up-to-date symlink: /root/ros_workspace/install/turtlebot3_msgs/lib/python3.12/site-packages/turtlebot3_msgs/action/__init__.py
[9.542s] -- Up-to-date symlink: /root/ros_workspace/install/turtlebot3_msgs/lib/python3.12/site-packages/turtlebot3_msgs/action/_patrol.py
[9.543s] -- Up-to-date symlink: /root/ros_workspace/install/turtlebot3_msgs/lib/python3.12/site-packages/turtlebot3_msgs/action/_patrol_s.c
[9.543s] -- Up-to-date symlink: /root/ros_workspace/install/turtlebot3_msgs/lib/python3.12/site-packages/turtlebot3_msgs/msg/__init__.py
[9.543s] -- Up-to-date symlink: /root/ros_workspace/install/turtlebot3_msgs/lib/python3.12/site-packages/turtlebot3_msgs/msg/_sensor_state.py
[9.543s] -- Up-to-date symlink: /root/ros_workspace/install/turtlebot3_msgs/lib/python3.12/site-packages/turtlebot3_msgs/msg/_sensor_state_s.c
[9.543s] -- Up-to-date symlink: /root/ros_workspace/install/turtlebot3_msgs/lib/python3.12/site-packages/turtlebot3_msgs/msg/_sound.py
[9.544s] -- Up-to-date symlink: /root/ros_workspace/install/turtlebot3_msgs/lib/python3.12/site-packages/turtlebot3_msgs/msg/_sound_s.c
[9.544s] -- Up-to-date symlink: /root/ros_workspace/install/turtlebot3_msgs/lib/python3.12/site-packages/turtlebot3_msgs/msg/_version_info.py
[9.544s] -- Up-to-date symlink: /root/ros_workspace/install/turtlebot3_msgs/lib/python3.12/site-packages/turtlebot3_msgs/msg/_version_info_s.c
[9.544s] -- Up-to-date symlink: /root/ros_workspace/install/turtlebot3_msgs/lib/python3.12/site-packages/turtlebot3_msgs/srv/__init__.py
[9.544s] -- Up-to-date symlink: /root/ros_workspace/install/turtlebot3_msgs/lib/python3.12/site-packages/turtlebot3_msgs/srv/_dqn.py
[9.544s] -- Up-to-date symlink: /root/ros_workspace/install/turtlebot3_msgs/lib/python3.12/site-packages/turtlebot3_msgs/srv/_dqn_s.c
[9.544s] -- Up-to-date symlink: /root/ros_workspace/install/turtlebot3_msgs/lib/python3.12/site-packages/turtlebot3_msgs/srv/_goal.py
[9.544s] -- Up-to-date symlink: /root/ros_workspace/install/turtlebot3_msgs/lib/python3.12/site-packages/turtlebot3_msgs/srv/_goal_s.c
[9.545s] -- Up-to-date symlink: /root/ros_workspace/install/turtlebot3_msgs/lib/python3.12/site-packages/turtlebot3_msgs/srv/_sound.py
[9.545s] -- Up-to-date symlink: /root/ros_workspace/install/turtlebot3_msgs/lib/python3.12/site-packages/turtlebot3_msgs/srv/_sound_s.c
[9.545s] -- Up-to-date symlink: /root/ros_workspace/install/turtlebot3_msgs/lib/python3.12/site-packages/turtlebot3_msgs/turtlebot3_msgs_s__rosidl_typesupport_c.so
[9.545s] -- Up-to-date symlink: /root/ros_workspace/install/turtlebot3_msgs/lib/python3.12/site-packages/turtlebot3_msgs/turtlebot3_msgs_s__rosidl_typesupport_fastrtps_c.so
[9.545s] -- Up-to-date symlink: /root/ros_workspace/install/turtlebot3_msgs/lib/python3.12/site-packages/turtlebot3_msgs/turtlebot3_msgs_s__rosidl_typesupport_introspection_c.so
[9.546s] -- Up-to-date symlink: /root/ros_workspace/install/turtlebot3_msgs/lib/python3.12/site-packages/turtlebot3_msgs/turtlebot3_msgs_s__rosidl_typesupport_fastrtps_c.so
[9.546s] -- Up-to-date symlink: /root/ros_workspace/install/turtlebot3_msgs/lib/python3.12/site-packages/turtlebot3_msgs/turtlebot3_msgs_s__rosidl_typesupport_introspection_c.so
[9.549s] -- Up-to-date symlink: /root/ros_workspace/install/turtlebot3_msgs/lib/python3.12/site-packages/turtlebot3_msgs/turtlebot3_msgs_s__rosidl_typesupport_c.so
[9.552s] -- Up-to-date symlink: /root/ros_workspace/install/turtlebot3_msgs/share/turtlebot3_msgs/msg/SensorState.idl
[9.552s] -- Up-to-date symlink: /root/ros_workspace/install/turtlebot3_msgs/share/turtlebot3_msgs/msg/Sound.idl
[9.552s] -- Up-to-date symlink: /root/ros_workspace/install/turtlebot3_msgs/share/turtlebot3_msgs/msg/VersionInfo.idl
[9.553s] -- Up-to-date symlink: /root/ros_workspace/install/turtlebot3_msgs/share/turtlebot3_msgs/srv/Sound.idl
[9.554s] -- Up-to-date symlink: /root/ros_workspace/install/turtlebot3_msgs/share/turtlebot3_msgs/srv/Dqn.idl
[9.554s] -- Up-to-date symlink: /root/ros_workspace/install/turtlebot3_msgs/share/turtlebot3_msgs/srv/Goal.idl
[9.554s] -- Up-to-date symlink: /root/ros_workspace/install/turtlebot3_msgs/share/turtlebot3_msgs/action/Patrol.idl
[9.554s] -- Up-to-date symlink: /root/ros_workspace/install/turtlebot3_msgs/share/turtlebot3_msgs/msg/SensorState.msg
[9.560s] -- Up-to-date symlink: /root/ros_workspace/install/turtlebot3_msgs/share/turtlebot3_msgs/msg/Sound.msg
[9.566s] -- Up-to-date symlink: /root/ros_workspace/install/turtlebot3_msgs/share/turtlebot3_msgs/msg/VersionInfo.msg
[9.567s] -- Up-to-date symlink: /root/ros_workspace/install/turtlebot3_msgs/share/turtlebot3_msgs/srv/Sound.srv
[9.569s] -- Up-to-date symlink: /root/ros_workspace/install/turtlebot3_msgs/share/turtlebot3_msgs/srv/Dqn.srv
[9.575s] -- Up-to-date symlink: /root/ros_workspace/install/turtlebot3_msgs/share/turtlebot3_msgs/srv/Goal.srv
[9.575s] -- Up-to-date symlink: /root/ros_workspace/install/turtlebot3_msgs/share/turtlebot3_msgs/action/Patrol.action
[9.576s] -- Up-to-date symlink: /root/ros_workspace/install/turtlebot3_msgs/share/ament_index/resource_index/package_run_dependencies/turtlebot3_msgs
[9.578s] -- Up-to-date symlink: /root/ros_workspace/install/turtlebot3_msgs/share/ament_index/resource_index/parent_prefix_path/turtlebot3_msgs
[9.579s] -- Up-to-date symlink: /root/ros_workspace/install/turtlebot3_msgs/share/turtlebot3_msgs/environment/ament_prefix_path.sh
[9.579s] -- Up-to-date symlink: /root/ros_workspace/install/turtlebot3_msgs/share/turtlebot3_msgs/environment/ament_prefix_path.dsv
[9.579s] -- Up-to-date symlink: /root/ros_workspace/install/turtlebot3_msgs/share/turtlebot3_msgs/environment/path.sh
[9.580s] -- Up-to-date symlink: /root/ros_workspace/install/turtlebot3_msgs/share/turtlebot3_msgs/environment/path.dsv
[9.580s] -- Up-to-date symlink: /root/ros_workspace/install/turtlebot3_msgs/share/turtlebot3_msgs/local_setup.bash
[9.580s] -- Up-to-date symlink: /root/ros_workspace/install/turtlebot3_msgs/share/turtlebot3_msgs/local_setup.sh
[9.580s] -- Up-to-date symlink: /root/ros_workspace/install/turtlebot3_msgs/share/turtlebot3_msgs/local_setup.zsh
[9.581s] -- Up-to-date symlink: /root/ros_workspace/install/turtlebot3_msgs/share/turtlebot3_msgs/local_setup.dsv
[9.581s] -- Symlinking: /root/ros_workspace/install/turtlebot3_msgs/share/turtlebot3_msgs/package.dsv
[9.584s] -- Up-to-date symlink: /root/ros_workspace/install/turtlebot3_msgs/share/ament_index/resource_index/packages/turtlebot3_msgs
[9.584s] -- Up-to-date symlink: /root/ros_workspace/install/turtlebot3_msgs/share/turtlebot3_msgs/cmake/rosidl_cmake-extras.cmake
[9.585s] -- Up-to-date symlink: /root/ros_workspace/install/turtlebot3_msgs/share/turtlebot3_msgs/cmake/ament_cmake_export_dependencies-extras.cmake
[9.585s] -- Up-to-date symlink: /root/ros_workspace/install/turtlebot3_msgs/share/turtlebot3_msgs/cmake/ament_cmake_export_include_directories-extras.cmake
[9.585s] -- Up-to-date symlink: /root/ros_workspace/install/turtlebot3_msgs/share/turtlebot3_msgs/cmake/ament_cmake_export_libraries-extras.cmake
[9.585s] -- Up-to-date symlink: /root/ros_workspace/install/turtlebot3_msgs/share/turtlebot3_msgs/cmake/ament_cmake_export_targets-extras.cmake
[9.586s] -- Up-to-date symlink: /root/ros_workspace/install/turtlebot3_msgs/share/turtlebot3_msgs/cmake/rosidl_cmake_export_typesupport_targets-extras.cmake
[9.586s] -- Up-to-date symlink: /root/ros_workspace/install/turtlebot3_msgs/share/turtlebot3_msgs/cmake/rosidl_cmake_export_typesupport_libraries-extras.cmake
[9.586s] -- Up-to-date symlink: /root/ros_workspace/install/turtlebot3_msgs/share/turtlebot3_msgs/cmake/turtlebot3_msgsConfig.cmake
[9.587s] -- Up-to-date symlink: /root/ros_workspace/install/turtlebot3_msgs/share/turtlebot3_msgs/cmake/turtlebot3_msgsConfig-version.cmake
[9.587s] -- Up-to-date symlink: /root/ros_workspace/install/turtlebot3_msgs/share/turtlebot3_msgs/package.xml
[9.587s] -- Up-to-date: /root/ros_workspace/install/turtlebot3_msgs/lib/libturtlebot3_msgs__rosidl_generator_c.so
[9.587s] -- Up-to-date: /root/ros_workspace/install/turtlebot3_msgs/lib/libturtlebot3_msgs__rosidl_typesupport_fastrtps_c.so
[9.588s] -- Up-to-date: /root/ros_workspace/install/turtlebot3_msgs/lib/libturtlebot3_msgs__rosidl_typesupport_fastrtps_cpp.so
[9.588s] -- Up-to-date: /root/ros_workspace/install/turtlebot3_msgs/lib/libturtlebot3_msgs__rosidl_typesupport_introspection_c.so
[9.588s] -- Up-to-date: /root/ros_workspace/install/turtlebot3_msgs/lib/libturtlebot3_msgs__rosidl_typesupport_c.so
[9.588s] -- Up-to-date: /root/ros_workspace/install/turtlebot3_msgs/lib/libturtlebot3_msgs__rosidl_typesupport_introspection_cpp.so
[9.591s] -- Up-to-date: /root/ros_workspace/install/turtlebot3_msgs/lib/libturtlebot3_msgs__rosidl_typesupport_cpp.so
[9.738s] Listing '/root/ros_workspace/install/turtlebot3_msgs/lib/python3.12/site-packages/turtlebot3_msgs'...
[9.738s] Compiling '/root/ros_workspace/install/turtlebot3_msgs/lib/python3.12/site-packages/turtlebot3_msgs/__init__.py'...
[9.739s] Listing '/root/ros_workspace/install/turtlebot3_msgs/lib/python3.12/site-packages/turtlebot3_msgs/action'...
[9.739s] Listing '/root/ros_workspace/install/turtlebot3_msgs/lib/python3.12/site-packages/turtlebot3_msgs/msg'...
[9.739s] Listing '/root/ros_workspace/install/turtlebot3_msgs/lib/python3.12/site-packages/turtlebot3_msgs/srv'...
[9.780s] -- Up-to-date: /root/ros_workspace/install/turtlebot3_msgs/lib/libturtlebot3_msgs__rosidl_generator_py.so
[9.780s] -- Up-to-date: /root/ros_workspace/install/turtlebot3_msgs/share/turtlebot3_msgs/cmake/export_turtlebot3_msgs__rosidl_generator_cExport.cmake
[9.781s] -- Up-to-date: /root/ros_workspace/install/turtlebot3_msgs/share/turtlebot3_msgs/cmake/export_turtlebot3_msgs__rosidl_generator_cExport-noconfig.cmake
[9.782s] -- Up-to-date: /root/ros_workspace/install/turtlebot3_msgs/share/turtlebot3_msgs/cmake/export_turtlebot3_msgs__rosidl_typesupport_fastrtps_cExport.cmake
[9.782s] -- Up-to-date: /root/ros_workspace/install/turtlebot3_msgs/share/turtlebot3_msgs/cmake/export_turtlebot3_msgs__rosidl_typesupport_fastrtps_cExport-noconfig.cmake
[9.782s] -- Up-to-date: /root/ros_workspace/install/turtlebot3_msgs/share/turtlebot3_msgs/cmake/export_turtlebot3_msgs__rosidl_generator_cppExport.cmake
[9.782s] -- Up-to-date: /root/ros_workspace/install/turtlebot3_msgs/share/turtlebot3_msgs/cmake/export_turtlebot3_msgs__rosidl_typesupport_fastrtps_cppExport.cmake
[9.784s] -- Up-to-date: /root/ros_workspace/install/turtlebot3_msgs/share/turtlebot3_msgs/cmake/export_turtlebot3_msgs__rosidl_typesupport_fastrtps_cppExport-noconfig.cmake
[9.784s] -- Up-to-date: /root/ros_workspace/install/turtlebot3_msgs/share/turtlebot3_msgs/cmake/turtlebot3_msgs__rosidl_typesupport_introspection_cExport.cmake
[9.784s] -- Up-to-date: /root/ros_workspace/install/turtlebot3_msgs/share/turtlebot3_msgs/cmake/turtlebot3_msgs__rosidl_typesupport_introspection_cExport-noconfig.cmake
[9.784s] -- Up-to-date: /root/ros_workspace/install/turtlebot3_msgs/share/turtlebot3_msgs/cmake/turtlebot3_msgs__rosidl_typesupport_cExport.cmake
[9.785s] -- Up-to-date: /root/ros_workspace/install/turtlebot3_msgs/share/turtlebot3_msgs/cmake/turtlebot3_msgs__rosidl_typesupport_cExport-noconfig.cmake
[9.785s] -- Up-to-date: /root/ros_workspace/install/turtlebot3_msgs/share/turtlebot3_msgs/cmake/turtlebot3_msgs__rosidl_typesupport_introspection_cppExport.cmake
[9.785s] -- Up-to-date: /root/ros_workspace/install/turtlebot3_msgs/share/turtlebot3_msgs/cmake/turtlebot3_msgs__rosidl_typesupport_introspection_cppExport-noconfig.cmake
[9.785s] -- Up-to-date: /root/ros_workspace/install/turtlebot3_msgs/share/turtlebot3_msgs/cmake/turtlebot3_msgs__rosidl_typesupport_cppExport.cmake
[9.785s] -- Up-to-date: /root/ros_workspace/install/turtlebot3_msgs/share/turtlebot3_msgs/cmake/turtlebot3_msgs__rosidl_typesupport_cppExport-noconfig.cmake
[9.785s] -- Up-to-date: /root/ros_workspace/install/turtlebot3_msgs/share/turtlebot3_msgs/cmake/export_turtlebot3_msgs__rosidl_generator_pyExport.cmake
[9.785s] -- Up-to-date: /root/ros_workspace/install/turtlebot3_msgs/share/turtlebot3_msgs/cmake/export_turtlebot3_msgs__rosidl_generator_pyExport-noconfig.cmake
[9.793s] Invoked command in '/root/ros_workspace/build/turtlebot3_msgs' returned '0': CMAKE_PREFIX_PATH=${CMAKE_PREFIX_PATH}:/root/ros_workspace/install/turtlebot3_teleop:/root/ros_workspace/install/turtlebot3_example:/root/ros_workspace/install/turtlebot3_control:/opt/ros/jazzy /usr/bin/cmake --install /root/ros_workspace/build/turtlebot3_msgs
