[2.731s] Invoking command in '/root/ros_workspace/src/turtlebot3/turtlebot3_example': CMAKE_PREFIX_PATH=/root/ros_workspace/install/turtlebot3_msgs:/root/ros_workspace/install/turtlebot3:/root/ros_workspace/install/turtlebot3_simulations:/root/ros_workspace/install/turtlebot3_bringup:/root/ros_workspace/install/turtlebot3_node:/root/ros_workspace/install/turtlebot3_navigation2:/root/ros_workspace/install/turtlebot3_fake_node:/root/ros_workspace/install/turtlebot3_gazebo:/root/ros_workspace/install/turtlebot3_description:/root/ros_workspace/install/turtlebot3_cartographer:/root/ros_workspace/install/dynamixel_sdk_examples:/root/ros_workspace/install/dynamixel_sdk_custom_interfaces:/root/ros_workspace/install/dynamixel_sdk:/opt/ros/jazzy/opt/gz_sim_vendor:/opt/ros/jazzy/opt/gz_sensors_vendor:/opt/ros/jazzy/opt/gz_physics_vendor:/opt/ros/jazzy/opt/sdformat_vendor:/opt/ros/jazzy/opt/gz_gui_vendor:/opt/ros/jazzy/opt/gz_transport_vendor:/opt/ros/jazzy/opt/gz_rendering_vendor:/opt/ros/jazzy/opt/gz_plugin_vendor:/opt/ros/jazzy/opt/gz_fuel_tools_vendor:/opt/ros/jazzy/opt/gz_msgs_vendor:/opt/ros/jazzy/opt/gz_common_vendor:/opt/ros/jazzy/opt/gz_math_vendor:/opt/ros/jazzy/opt/gz_utils_vendor:/opt/ros/jazzy/opt/gz_tools_vendor:/opt/ros/jazzy/opt/gz_ogre_next_vendor:/opt/ros/jazzy/opt/gz_dartsim_vendor:/opt/ros/jazzy/opt/gz_cmake_vendor PYTHONPATH=/root/ros_workspace/build/turtlebot3_example/prefix_override:/usr/lib/python3/dist-packages/colcon_core/task/python/colcon_distutils_commands:/root/ros_workspace/install/turtlebot3_example/lib/python3.12/site-packages:/root/ros_workspace/install/turtlebot3_msgs/lib/python3.12/site-packages:/root/ros_workspace/install/turtlebot3_teleop/lib/python3.12/site-packages:/root/ros_workspace/install/turtlebot3_example/lib/python3.12/site-packages:/root/ros_workspace/install/turtlebot3_control/lib/python3.12/site-packages:/root/ros_workspace/install/dynamixel_sdk_custom_interfaces/lib/python3.12/site-packages:/root/ros_workspace/install/dynamixel_sdk/lib/python3.12/site-packages:/opt/ros/jazzy/lib/python3.12/site-packages /usr/bin/python3 -W ignore:setup.py install is deprecated -W ignore:easy_install command is deprecated setup.py egg_info --egg-base ../../../build/turtlebot3_example build --build-base /root/ros_workspace/build/turtlebot3_example/build install --record /root/ros_workspace/build/turtlebot3_example/install.log --single-version-externally-managed install_data
[3.591s] running egg_info
[3.654s] writing ../../../build/turtlebot3_example/turtlebot3_example.egg-info/PKG-INFO
[3.655s] writing dependency_links to ../../../build/turtlebot3_example/turtlebot3_example.egg-info/dependency_links.txt
[3.656s] writing entry points to ../../../build/turtlebot3_example/turtlebot3_example.egg-info/entry_points.txt
[3.656s] writing requirements to ../../../build/turtlebot3_example/turtlebot3_example.egg-info/requires.txt
[3.656s] writing top-level names to ../../../build/turtlebot3_example/turtlebot3_example.egg-info/top_level.txt
[3.739s] reading manifest file '../../../build/turtlebot3_example/turtlebot3_example.egg-info/SOURCES.txt'
[3.745s] writing manifest file '../../../build/turtlebot3_example/turtlebot3_example.egg-info/SOURCES.txt'
[3.745s] running build
[3.746s] running build_py
[3.752s] running install
[3.789s] running install_lib
[3.858s] running install_data
[3.858s] running install_egg_info
[3.921s] removing '/root/ros_workspace/install/turtlebot3_example/lib/python3.12/site-packages/turtlebot3_example-2.3.4-py3.12.egg-info' (and everything under it)
[3.926s] Copying ../../../build/turtlebot3_example/turtlebot3_example.egg-info to /root/ros_workspace/install/turtlebot3_example/lib/python3.12/site-packages/turtlebot3_example-2.3.4-py3.12.egg-info
[3.936s] running install_scripts
[4.281s] Installing turtlebot3_absolute_move script to /root/ros_workspace/install/turtlebot3_example/lib/turtlebot3_example
[4.281s] Installing turtlebot3_interactive_marker script to /root/ros_workspace/install/turtlebot3_example/lib/turtlebot3_example
[4.282s] Installing turtlebot3_obstacle_detection script to /root/ros_workspace/install/turtlebot3_example/lib/turtlebot3_example
[4.282s] Installing turtlebot3_patrol_client script to /root/ros_workspace/install/turtlebot3_example/lib/turtlebot3_example
[4.282s] Installing turtlebot3_patrol_server script to /root/ros_workspace/install/turtlebot3_example/lib/turtlebot3_example
[4.283s] Installing turtlebot3_relative_move script to /root/ros_workspace/install/turtlebot3_example/lib/turtlebot3_example
[4.283s] writing list of installed files to '/root/ros_workspace/build/turtlebot3_example/install.log'
[4.389s] Invoked command in '/root/ros_workspace/src/turtlebot3/turtlebot3_example' returned '0': CMAKE_PREFIX_PATH=/root/ros_workspace/install/turtlebot3_msgs:/root/ros_workspace/install/turtlebot3:/root/ros_workspace/install/turtlebot3_simulations:/root/ros_workspace/install/turtlebot3_bringup:/root/ros_workspace/install/turtlebot3_node:/root/ros_workspace/install/turtlebot3_navigation2:/root/ros_workspace/install/turtlebot3_fake_node:/root/ros_workspace/install/turtlebot3_gazebo:/root/ros_workspace/install/turtlebot3_description:/root/ros_workspace/install/turtlebot3_cartographer:/root/ros_workspace/install/dynamixel_sdk_examples:/root/ros_workspace/install/dynamixel_sdk_custom_interfaces:/root/ros_workspace/install/dynamixel_sdk:/opt/ros/jazzy/opt/gz_sim_vendor:/opt/ros/jazzy/opt/gz_sensors_vendor:/opt/ros/jazzy/opt/gz_physics_vendor:/opt/ros/jazzy/opt/sdformat_vendor:/opt/ros/jazzy/opt/gz_gui_vendor:/opt/ros/jazzy/opt/gz_transport_vendor:/opt/ros/jazzy/opt/gz_rendering_vendor:/opt/ros/jazzy/opt/gz_plugin_vendor:/opt/ros/jazzy/opt/gz_fuel_tools_vendor:/opt/ros/jazzy/opt/gz_msgs_vendor:/opt/ros/jazzy/opt/gz_common_vendor:/opt/ros/jazzy/opt/gz_math_vendor:/opt/ros/jazzy/opt/gz_utils_vendor:/opt/ros/jazzy/opt/gz_tools_vendor:/opt/ros/jazzy/opt/gz_ogre_next_vendor:/opt/ros/jazzy/opt/gz_dartsim_vendor:/opt/ros/jazzy/opt/gz_cmake_vendor PYTHONPATH=/root/ros_workspace/build/turtlebot3_example/prefix_override:/usr/lib/python3/dist-packages/colcon_core/task/python/colcon_distutils_commands:/root/ros_workspace/install/turtlebot3_example/lib/python3.12/site-packages:/root/ros_workspace/install/turtlebot3_msgs/lib/python3.12/site-packages:/root/ros_workspace/install/turtlebot3_teleop/lib/python3.12/site-packages:/root/ros_workspace/install/turtlebot3_example/lib/python3.12/site-packages:/root/ros_workspace/install/turtlebot3_control/lib/python3.12/site-packages:/root/ros_workspace/install/dynamixel_sdk_custom_interfaces/lib/python3.12/site-packages:/root/ros_workspace/install/dynamixel_sdk/lib/python3.12/site-packages:/opt/ros/jazzy/lib/python3.12/site-packages /usr/bin/python3 -W ignore:setup.py install is deprecated -W ignore:easy_install command is deprecated setup.py egg_info --egg-base ../../../build/turtlebot3_example build --build-base /root/ros_workspace/build/turtlebot3_example/build install --record /root/ros_workspace/build/turtlebot3_example/install.log --single-version-externally-managed install_data
