[0.286s] Invoking command in '/root/ros_workspace/build/turtlebot3_simulations': AMENT_PREFIX_PATH=/root/ros_workspace/install/turtlebot3_fake_node:/root/ros_workspace/install/turtlebot3_msgs:/root/ros_workspace/install/turtlebot3_gazebo CMAKE_PREFIX_PATH=/root/ros_workspace/install/turtlebot3_fake_node:/root/ros_workspace/install/turtlebot3_msgs:/root/ros_workspace/install/turtlebot3_gazebo LD_LIBRARY_PATH=/root/ros_workspace/install/turtlebot3_msgs/lib PYTHONPATH=/root/ros_workspace/install/turtlebot3_msgs/lib/python3.12/site-packages /usr/bin/cmake --build /root/ros_workspace/build/turtlebot3_simulations -- -j12 -l12
[0.591s] Invoked command in '/root/ros_workspace/build/turtlebot3_simulations' returned '0': AMENT_PREFIX_PATH=/root/ros_workspace/install/turtlebot3_fake_node:/root/ros_workspace/install/turtlebot3_msgs:/root/ros_workspace/install/turtlebot3_gazebo CMAKE_PREFIX_PATH=/root/ros_workspace/install/turtlebot3_fake_node:/root/ros_workspace/install/turtlebot3_msgs:/root/ros_workspace/install/turtlebot3_gazebo LD_LIBRARY_PATH=/root/ros_workspace/install/turtlebot3_msgs/lib PYTHONPATH=/root/ros_workspace/install/turtlebot3_msgs/lib/python3.12/site-packages /usr/bin/cmake --build /root/ros_workspace/build/turtlebot3_simulations -- -j12 -l12
[0.592s] Invoking command in '/root/ros_workspace/build/turtlebot3_simulations': AMENT_PREFIX_PATH=/root/ros_workspace/install/turtlebot3_fake_node:/root/ros_workspace/install/turtlebot3_msgs:/root/ros_workspace/install/turtlebot3_gazebo CMAKE_PREFIX_PATH=/root/ros_workspace/install/turtlebot3_fake_node:/root/ros_workspace/install/turtlebot3_msgs:/root/ros_workspace/install/turtlebot3_gazebo LD_LIBRARY_PATH=/root/ros_workspace/install/turtlebot3_msgs/lib PYTHONPATH=/root/ros_workspace/install/turtlebot3_msgs/lib/python3.12/site-packages /usr/bin/cmake --install /root/ros_workspace/build/turtlebot3_simulations
[0.684s] -- Install configuration: ""
[0.687s] -- Execute custom install script
[0.687s] -- Up-to-date symlink: /root/ros_workspace/install/turtlebot3_simulations/share/ament_index/resource_index/package_run_dependencies/turtlebot3_simulations
[0.693s] -- Up-to-date symlink: /root/ros_workspace/install/turtlebot3_simulations/share/ament_index/resource_index/parent_prefix_path/turtlebot3_simulations
[0.711s] -- Up-to-date symlink: /root/ros_workspace/install/turtlebot3_simulations/share/turtlebot3_simulations/environment/ament_prefix_path.sh
[0.712s] -- Up-to-date symlink: /root/ros_workspace/install/turtlebot3_simulations/share/turtlebot3_simulations/environment/ament_prefix_path.dsv
[0.714s] -- Up-to-date symlink: /root/ros_workspace/install/turtlebot3_simulations/share/turtlebot3_simulations/environment/path.sh
[0.714s] -- Up-to-date symlink: /root/ros_workspace/install/turtlebot3_simulations/share/turtlebot3_simulations/environment/path.dsv
[0.714s] -- Up-to-date symlink: /root/ros_workspace/install/turtlebot3_simulations/share/turtlebot3_simulations/local_setup.bash
[0.715s] -- Up-to-date symlink: /root/ros_workspace/install/turtlebot3_simulations/share/turtlebot3_simulations/local_setup.sh
[0.716s] -- Up-to-date symlink: /root/ros_workspace/install/turtlebot3_simulations/share/turtlebot3_simulations/local_setup.zsh
[0.716s] -- Up-to-date symlink: /root/ros_workspace/install/turtlebot3_simulations/share/turtlebot3_simulations/local_setup.dsv
[0.717s] -- Symlinking: /root/ros_workspace/install/turtlebot3_simulations/share/turtlebot3_simulations/package.dsv
[0.749s] -- Up-to-date symlink: /root/ros_workspace/install/turtlebot3_simulations/share/ament_index/resource_index/packages/turtlebot3_simulations
[0.753s] -- Up-to-date symlink: /root/ros_workspace/install/turtlebot3_simulations/share/turtlebot3_simulations/cmake/turtlebot3_simulationsConfig.cmake
[0.756s] -- Up-to-date symlink: /root/ros_workspace/install/turtlebot3_simulations/share/turtlebot3_simulations/cmake/turtlebot3_simulationsConfig-version.cmake
[0.765s] -- Up-to-date symlink: /root/ros_workspace/install/turtlebot3_simulations/share/turtlebot3_simulations/package.xml
[0.813s] Invoked command in '/root/ros_workspace/build/turtlebot3_simulations' returned '0': AMENT_PREFIX_PATH=/root/ros_workspace/install/turtlebot3_fake_node:/root/ros_workspace/install/turtlebot3_msgs:/root/ros_workspace/install/turtlebot3_gazebo CMAKE_PREFIX_PATH=/root/ros_workspace/install/turtlebot3_fake_node:/root/ros_workspace/install/turtlebot3_msgs:/root/ros_workspace/install/turtlebot3_gazebo LD_LIBRARY_PATH=/root/ros_workspace/install/turtlebot3_msgs/lib PYTHONPATH=/root/ros_workspace/install/turtlebot3_msgs/lib/python3.12/site-packages /usr/bin/cmake --install /root/ros_workspace/build/turtlebot3_simulations
