[0.089s] Invoking command in '/root/ros_workspace/build/turtlebot3_navigation2': CMAKE_PREFIX_PATH=${CMAKE_PREFIX_PATH}:/root/ros_workspace/install/turtlebot3_teleop:/root/ros_workspace/install/turtlebot3_example:/root/ros_workspace/install/turtlebot3_control:/opt/ros/jazzy /usr/bin/cmake /root/ros_workspace/src/turtlebot3/turtlebot3_navigation2 -DAMENT_CMAKE_SYMLINK_INSTALL=1 -DCMAKE_INSTALL_PREFIX=/root/ros_workspace/install/turtlebot3_navigation2
[1.514s] -- Found ament_cmake: 2.5.4 (/opt/ros/jazzy/share/ament_cmake/cmake)
[1.515s] -- Override CMake install command with custom implementation using symlinks instead of copying resources
[1.515s] -- Configuring done (1.1s)
[1.515s] -- Generating done (0.0s)
[1.515s] -- Build files have been written to: /root/ros_workspace/build/turtlebot3_navigation2
[1.518s] Invoked command in '/root/ros_workspace/build/turtlebot3_navigation2' returned '0': CMAKE_PREFIX_PATH=${CMAKE_PREFIX_PATH}:/root/ros_workspace/install/turtlebot3_teleop:/root/ros_workspace/install/turtlebot3_example:/root/ros_workspace/install/turtlebot3_control:/opt/ros/jazzy /usr/bin/cmake /root/ros_workspace/src/turtlebot3/turtlebot3_navigation2 -DAMENT_CMAKE_SYMLINK_INSTALL=1 -DCMAKE_INSTALL_PREFIX=/root/ros_workspace/install/turtlebot3_navigation2
[1.519s] Invoking command in '/root/ros_workspace/build/turtlebot3_navigation2': CMAKE_PREFIX_PATH=${CMAKE_PREFIX_PATH}:/root/ros_workspace/install/turtlebot3_teleop:/root/ros_workspace/install/turtlebot3_example:/root/ros_workspace/install/turtlebot3_control:/opt/ros/jazzy /usr/bin/cmake --build /root/ros_workspace/build/turtlebot3_navigation2 -- -j12 -l12
[1.682s] Invoked command in '/root/ros_workspace/build/turtlebot3_navigation2' returned '0': CMAKE_PREFIX_PATH=${CMAKE_PREFIX_PATH}:/root/ros_workspace/install/turtlebot3_teleop:/root/ros_workspace/install/turtlebot3_example:/root/ros_workspace/install/turtlebot3_control:/opt/ros/jazzy /usr/bin/cmake --build /root/ros_workspace/build/turtlebot3_navigation2 -- -j12 -l12
[1.683s] Invoking command in '/root/ros_workspace/build/turtlebot3_navigation2': CMAKE_PREFIX_PATH=${CMAKE_PREFIX_PATH}:/root/ros_workspace/install/turtlebot3_teleop:/root/ros_workspace/install/turtlebot3_example:/root/ros_workspace/install/turtlebot3_control:/opt/ros/jazzy /usr/bin/cmake --install /root/ros_workspace/build/turtlebot3_navigation2
[1.715s] -- Install configuration: ""
[1.715s] -- Execute custom install script
[1.715s] -- Up-to-date symlink: /root/ros_workspace/install/turtlebot3_navigation2/share/turtlebot3_navigation2/launch/navigation2.launch.py
[1.724s] -- Up-to-date symlink: /root/ros_workspace/install/turtlebot3_navigation2/share/turtlebot3_navigation2/map/map.pgm
[1.725s] -- Up-to-date symlink: /root/ros_workspace/install/turtlebot3_navigation2/share/turtlebot3_navigation2/map/map.yaml
[1.725s] -- Up-to-date symlink: /root/ros_workspace/install/turtlebot3_navigation2/share/turtlebot3_navigation2/param/burger.yaml
[1.729s] -- Up-to-date symlink: /root/ros_workspace/install/turtlebot3_navigation2/share/turtlebot3_navigation2/param/burger_cam.yaml
[1.756s] -- Up-to-date symlink: /root/ros_workspace/install/turtlebot3_navigation2/share/turtlebot3_navigation2/param/humble/burger.yaml
[1.756s] -- Up-to-date symlink: /root/ros_workspace/install/turtlebot3_navigation2/share/turtlebot3_navigation2/param/humble/burger_cam.yaml
[1.757s] -- Up-to-date symlink: /root/ros_workspace/install/turtlebot3_navigation2/share/turtlebot3_navigation2/param/humble/waffle.yaml
[1.757s] -- Up-to-date symlink: /root/ros_workspace/install/turtlebot3_navigation2/share/turtlebot3_navigation2/param/humble/waffle_pi.yaml
[1.757s] -- Up-to-date symlink: /root/ros_workspace/install/turtlebot3_navigation2/share/turtlebot3_navigation2/param/waffle.yaml
[1.757s] -- Up-to-date symlink: /root/ros_workspace/install/turtlebot3_navigation2/share/turtlebot3_navigation2/param/waffle_pi.yaml
[1.760s] -- Up-to-date symlink: /root/ros_workspace/install/turtlebot3_navigation2/share/turtlebot3_navigation2/rviz/tb3_navigation2.rviz
[1.765s] -- Up-to-date symlink: /root/ros_workspace/install/turtlebot3_navigation2/share/ament_index/resource_index/package_run_dependencies/turtlebot3_navigation2
[1.765s] -- Up-to-date symlink: /root/ros_workspace/install/turtlebot3_navigation2/share/ament_index/resource_index/parent_prefix_path/turtlebot3_navigation2
[1.766s] -- Up-to-date symlink: /root/ros_workspace/install/turtlebot3_navigation2/share/turtlebot3_navigation2/environment/ament_prefix_path.sh
[1.768s] -- Up-to-date symlink: /root/ros_workspace/install/turtlebot3_navigation2/share/turtlebot3_navigation2/environment/ament_prefix_path.dsv
[1.769s] -- Up-to-date symlink: /root/ros_workspace/install/turtlebot3_navigation2/share/turtlebot3_navigation2/environment/path.sh
[1.770s] -- Up-to-date symlink: /root/ros_workspace/install/turtlebot3_navigation2/share/turtlebot3_navigation2/environment/path.dsv
[1.774s] -- Up-to-date symlink: /root/ros_workspace/install/turtlebot3_navigation2/share/turtlebot3_navigation2/local_setup.bash
[1.774s] -- Up-to-date symlink: /root/ros_workspace/install/turtlebot3_navigation2/share/turtlebot3_navigation2/local_setup.sh
[1.776s] -- Up-to-date symlink: /root/ros_workspace/install/turtlebot3_navigation2/share/turtlebot3_navigation2/local_setup.zsh
[1.776s] -- Up-to-date symlink: /root/ros_workspace/install/turtlebot3_navigation2/share/turtlebot3_navigation2/local_setup.dsv
[1.776s] -- Symlinking: /root/ros_workspace/install/turtlebot3_navigation2/share/turtlebot3_navigation2/package.dsv
[1.778s] -- Up-to-date symlink: /root/ros_workspace/install/turtlebot3_navigation2/share/ament_index/resource_index/packages/turtlebot3_navigation2
[1.778s] -- Up-to-date symlink: /root/ros_workspace/install/turtlebot3_navigation2/share/turtlebot3_navigation2/cmake/turtlebot3_navigation2Config.cmake
[1.788s] -- Up-to-date symlink: /root/ros_workspace/install/turtlebot3_navigation2/share/turtlebot3_navigation2/cmake/turtlebot3_navigation2Config-version.cmake
[1.791s] -- Up-to-date symlink: /root/ros_workspace/install/turtlebot3_navigation2/share/turtlebot3_navigation2/package.xml
[1.797s] Invoked command in '/root/ros_workspace/build/turtlebot3_navigation2' returned '0': CMAKE_PREFIX_PATH=${CMAKE_PREFIX_PATH}:/root/ros_workspace/install/turtlebot3_teleop:/root/ros_workspace/install/turtlebot3_example:/root/ros_workspace/install/turtlebot3_control:/opt/ros/jazzy /usr/bin/cmake --install /root/ros_workspace/build/turtlebot3_navigation2
