[0.571s] Invoking command in '/root/ros_workspace/build/turtlebot3_node': AMENT_PREFIX_PATH=/root/ros_workspace/install/turtlebot3_msgs:/root/ros_workspace/install/dynamixel_sdk:${AMENT_PREFIX_PATH} CMAKE_PREFIX_PATH=/root/ros_workspace/install/turtlebot3_msgs:/root/ros_workspace/install/dynamixel_sdk:/opt/ros/jazzy/opt/gz_sim_vendor:/opt/ros/jazzy/opt/gz_sensors_vendor:/opt/ros/jazzy/opt/gz_physics_vendor:/opt/ros/jazzy/opt/sdformat_vendor:/opt/ros/jazzy/opt/gz_gui_vendor:/opt/ros/jazzy/opt/gz_transport_vendor:/opt/ros/jazzy/opt/gz_rendering_vendor:/opt/ros/jazzy/opt/gz_plugin_vendor:/opt/ros/jazzy/opt/gz_fuel_tools_vendor:/opt/ros/jazzy/opt/gz_msgs_vendor:/opt/ros/jazzy/opt/gz_common_vendor:/opt/ros/jazzy/opt/gz_math_vendor:/opt/ros/jazzy/opt/gz_utils_vendor:/opt/ros/jazzy/opt/gz_tools_vendor:/opt/ros/jazzy/opt/gz_ogre_next_vendor:/opt/ros/jazzy/opt/gz_dartsim_vendor:/opt/ros/jazzy/opt/gz_cmake_vendor:/opt/ros/jazzy LD_LIBRARY_PATH=/root/ros_workspace/install/turtlebot3_msgs/lib:/root/ros_workspace/install/dynamixel_sdk/lib:${LD_LIBRARY_PATH} PYTHONPATH=/root/ros_workspace/install/turtlebot3_msgs/lib/python3.12/site-packages:/root/ros_workspace/install/dynamixel_sdk/lib/python3.12/site-packages:${PYTHONPATH} /usr/bin/cmake /root/ros_workspace/src/turtlebot3/turtlebot3_node -DCMAKE_BUILD_TYPE=Release -DAMENT_CMAKE_SYMLINK_INSTALL=1 -DCMAKE_INSTALL_PREFIX=/root/ros_workspace/install/turtlebot3_node
[0.633s] -- Found ament_cmake: 2.5.4 (/opt/ros/jazzy/share/ament_cmake/cmake)
[1.320s] -- Override CMake install command with custom implementation using symlinks instead of copying resources
[1.344s] -- Found dynamixel_sdk: 3.8.4 (/root/ros_workspace/install/dynamixel_sdk/share/dynamixel_sdk/cmake)
[1.351s] -- Found geometry_msgs: 5.3.6 (/opt/ros/jazzy/share/geometry_msgs/cmake)
[1.405s] -- Found rosidl_generator_c: 4.6.6 (/opt/ros/jazzy/share/rosidl_generator_c/cmake)
[1.426s] -- Found rosidl_generator_cpp: 4.6.6 (/opt/ros/jazzy/share/rosidl_generator_cpp/cmake)
[1.457s] -- Using all available rosidl_typesupport_c: rosidl_typesupport_fastrtps_c;rosidl_typesupport_introspection_c
[1.488s] -- Using all available rosidl_typesupport_cpp: rosidl_typesupport_fastrtps_cpp;rosidl_typesupport_introspection_cpp
[1.578s] -- Found message_filters: 4.11.8 (/opt/ros/jazzy/share/message_filters/cmake)
[1.683s] -- Found rmw_implementation_cmake: 7.3.2 (/opt/ros/jazzy/share/rmw_implementation_cmake/cmake)
[1.687s] -- Found rmw_fastrtps_cpp: 8.4.3 (/opt/ros/jazzy/share/rmw_fastrtps_cpp/cmake)
[1.843s] -- Using RMW implementation 'rmw_fastrtps_cpp' as default
[2.002s] -- Found nav_msgs: 5.3.6 (/opt/ros/jazzy/share/nav_msgs/cmake)
[2.061s] -- Found sensor_msgs: 5.3.6 (/opt/ros/jazzy/share/sensor_msgs/cmake)
[2.112s] -- Found std_srvs: 5.3.6 (/opt/ros/jazzy/share/std_srvs/cmake)
[2.142s] -- Found tf2: 0.36.14 (/opt/ros/jazzy/share/tf2/cmake)
[2.149s] -- Found tf2_ros: 0.36.14 (/opt/ros/jazzy/share/tf2_ros/cmake)
[2.380s] -- Found turtlebot3_msgs: 2.4.0 (/root/ros_workspace/install/turtlebot3_msgs/share/turtlebot3_msgs/cmake)
[2.706s] -- Configuring done (2.1s)
[2.803s] -- Generating done (0.1s)
[2.816s] -- Build files have been written to: /root/ros_workspace/build/turtlebot3_node
[2.836s] Invoked command in '/root/ros_workspace/build/turtlebot3_node' returned '0': AMENT_PREFIX_PATH=/root/ros_workspace/install/turtlebot3_msgs:/root/ros_workspace/install/dynamixel_sdk:${AMENT_PREFIX_PATH} CMAKE_PREFIX_PATH=/root/ros_workspace/install/turtlebot3_msgs:/root/ros_workspace/install/dynamixel_sdk:/opt/ros/jazzy/opt/gz_sim_vendor:/opt/ros/jazzy/opt/gz_sensors_vendor:/opt/ros/jazzy/opt/gz_physics_vendor:/opt/ros/jazzy/opt/sdformat_vendor:/opt/ros/jazzy/opt/gz_gui_vendor:/opt/ros/jazzy/opt/gz_transport_vendor:/opt/ros/jazzy/opt/gz_rendering_vendor:/opt/ros/jazzy/opt/gz_plugin_vendor:/opt/ros/jazzy/opt/gz_fuel_tools_vendor:/opt/ros/jazzy/opt/gz_msgs_vendor:/opt/ros/jazzy/opt/gz_common_vendor:/opt/ros/jazzy/opt/gz_math_vendor:/opt/ros/jazzy/opt/gz_utils_vendor:/opt/ros/jazzy/opt/gz_tools_vendor:/opt/ros/jazzy/opt/gz_ogre_next_vendor:/opt/ros/jazzy/opt/gz_dartsim_vendor:/opt/ros/jazzy/opt/gz_cmake_vendor:/opt/ros/jazzy LD_LIBRARY_PATH=/root/ros_workspace/install/turtlebot3_msgs/lib:/root/ros_workspace/install/dynamixel_sdk/lib:${LD_LIBRARY_PATH} PYTHONPATH=/root/ros_workspace/install/turtlebot3_msgs/lib/python3.12/site-packages:/root/ros_workspace/install/dynamixel_sdk/lib/python3.12/site-packages:${PYTHONPATH} /usr/bin/cmake /root/ros_workspace/src/turtlebot3/turtlebot3_node -DCMAKE_BUILD_TYPE=Release -DAMENT_CMAKE_SYMLINK_INSTALL=1 -DCMAKE_INSTALL_PREFIX=/root/ros_workspace/install/turtlebot3_node
[2.838s] Invoking command in '/root/ros_workspace/build/turtlebot3_node': AMENT_PREFIX_PATH=/root/ros_workspace/install/turtlebot3_msgs:/root/ros_workspace/install/dynamixel_sdk:${AMENT_PREFIX_PATH} CMAKE_PREFIX_PATH=/root/ros_workspace/install/turtlebot3_msgs:/root/ros_workspace/install/dynamixel_sdk:/opt/ros/jazzy/opt/gz_sim_vendor:/opt/ros/jazzy/opt/gz_sensors_vendor:/opt/ros/jazzy/opt/gz_physics_vendor:/opt/ros/jazzy/opt/sdformat_vendor:/opt/ros/jazzy/opt/gz_gui_vendor:/opt/ros/jazzy/opt/gz_transport_vendor:/opt/ros/jazzy/opt/gz_rendering_vendor:/opt/ros/jazzy/opt/gz_plugin_vendor:/opt/ros/jazzy/opt/gz_fuel_tools_vendor:/opt/ros/jazzy/opt/gz_msgs_vendor:/opt/ros/jazzy/opt/gz_common_vendor:/opt/ros/jazzy/opt/gz_math_vendor:/opt/ros/jazzy/opt/gz_utils_vendor:/opt/ros/jazzy/opt/gz_tools_vendor:/opt/ros/jazzy/opt/gz_ogre_next_vendor:/opt/ros/jazzy/opt/gz_dartsim_vendor:/opt/ros/jazzy/opt/gz_cmake_vendor:/opt/ros/jazzy LD_LIBRARY_PATH=/root/ros_workspace/install/turtlebot3_msgs/lib:/root/ros_workspace/install/dynamixel_sdk/lib:${LD_LIBRARY_PATH} PYTHONPATH=/root/ros_workspace/install/turtlebot3_msgs/lib/python3.12/site-packages:/root/ros_workspace/install/dynamixel_sdk/lib/python3.12/site-packages:${PYTHONPATH} /usr/bin/cmake --build /root/ros_workspace/build/turtlebot3_node -- -j8 -l8
[3.078s] [ 85%] Built target turtlebot3_node_lib
[3.153s] [100%] Built target turtlebot3_ros
[3.181s] Invoked command in '/root/ros_workspace/build/turtlebot3_node' returned '0': AMENT_PREFIX_PATH=/root/ros_workspace/install/turtlebot3_msgs:/root/ros_workspace/install/dynamixel_sdk:${AMENT_PREFIX_PATH} CMAKE_PREFIX_PATH=/root/ros_workspace/install/turtlebot3_msgs:/root/ros_workspace/install/dynamixel_sdk:/opt/ros/jazzy/opt/gz_sim_vendor:/opt/ros/jazzy/opt/gz_sensors_vendor:/opt/ros/jazzy/opt/gz_physics_vendor:/opt/ros/jazzy/opt/sdformat_vendor:/opt/ros/jazzy/opt/gz_gui_vendor:/opt/ros/jazzy/opt/gz_transport_vendor:/opt/ros/jazzy/opt/gz_rendering_vendor:/opt/ros/jazzy/opt/gz_plugin_vendor:/opt/ros/jazzy/opt/gz_fuel_tools_vendor:/opt/ros/jazzy/opt/gz_msgs_vendor:/opt/ros/jazzy/opt/gz_common_vendor:/opt/ros/jazzy/opt/gz_math_vendor:/opt/ros/jazzy/opt/gz_utils_vendor:/opt/ros/jazzy/opt/gz_tools_vendor:/opt/ros/jazzy/opt/gz_ogre_next_vendor:/opt/ros/jazzy/opt/gz_dartsim_vendor:/opt/ros/jazzy/opt/gz_cmake_vendor:/opt/ros/jazzy LD_LIBRARY_PATH=/root/ros_workspace/install/turtlebot3_msgs/lib:/root/ros_workspace/install/dynamixel_sdk/lib:${LD_LIBRARY_PATH} PYTHONPATH=/root/ros_workspace/install/turtlebot3_msgs/lib/python3.12/site-packages:/root/ros_workspace/install/dynamixel_sdk/lib/python3.12/site-packages:${PYTHONPATH} /usr/bin/cmake --build /root/ros_workspace/build/turtlebot3_node -- -j8 -l8
[3.184s] Invoking command in '/root/ros_workspace/build/turtlebot3_node': AMENT_PREFIX_PATH=/root/ros_workspace/install/turtlebot3_msgs:/root/ros_workspace/install/dynamixel_sdk:${AMENT_PREFIX_PATH} CMAKE_PREFIX_PATH=/root/ros_workspace/install/turtlebot3_msgs:/root/ros_workspace/install/dynamixel_sdk:/opt/ros/jazzy/opt/gz_sim_vendor:/opt/ros/jazzy/opt/gz_sensors_vendor:/opt/ros/jazzy/opt/gz_physics_vendor:/opt/ros/jazzy/opt/sdformat_vendor:/opt/ros/jazzy/opt/gz_gui_vendor:/opt/ros/jazzy/opt/gz_transport_vendor:/opt/ros/jazzy/opt/gz_rendering_vendor:/opt/ros/jazzy/opt/gz_plugin_vendor:/opt/ros/jazzy/opt/gz_fuel_tools_vendor:/opt/ros/jazzy/opt/gz_msgs_vendor:/opt/ros/jazzy/opt/gz_common_vendor:/opt/ros/jazzy/opt/gz_math_vendor:/opt/ros/jazzy/opt/gz_utils_vendor:/opt/ros/jazzy/opt/gz_tools_vendor:/opt/ros/jazzy/opt/gz_ogre_next_vendor:/opt/ros/jazzy/opt/gz_dartsim_vendor:/opt/ros/jazzy/opt/gz_cmake_vendor:/opt/ros/jazzy LD_LIBRARY_PATH=/root/ros_workspace/install/turtlebot3_msgs/lib:/root/ros_workspace/install/dynamixel_sdk/lib:${LD_LIBRARY_PATH} PYTHONPATH=/root/ros_workspace/install/turtlebot3_msgs/lib/python3.12/site-packages:/root/ros_workspace/install/dynamixel_sdk/lib/python3.12/site-packages:${PYTHONPATH} /usr/bin/cmake --install /root/ros_workspace/build/turtlebot3_node
[3.206s] -- Install configuration: "Release"
[3.207s] -- Execute custom install script
[3.210s] -- Up-to-date symlink: /root/ros_workspace/install/turtlebot3_node/share/turtlebot3_node/param/burger.yaml
[3.211s] -- Up-to-date symlink: /root/ros_workspace/install/turtlebot3_node/share/turtlebot3_node/param/waffle.yaml
[3.212s] -- Up-to-date symlink: /root/ros_workspace/install/turtlebot3_node/share/turtlebot3_node/param/waffle_pi.yaml
[3.213s] -- Up-to-date symlink: /root/ros_workspace/install/turtlebot3_node/lib/turtlebot3_node/turtlebot3_ros
[3.215s] -- Up-to-date symlink: /root/ros_workspace/install/turtlebot3_node/share/ament_index/resource_index/package_run_dependencies/turtlebot3_node
[3.216s] -- Up-to-date symlink: /root/ros_workspace/install/turtlebot3_node/share/ament_index/resource_index/parent_prefix_path/turtlebot3_node
[3.218s] -- Up-to-date symlink: /root/ros_workspace/install/turtlebot3_node/share/turtlebot3_node/environment/ament_prefix_path.sh
[3.219s] -- Up-to-date symlink: /root/ros_workspace/install/turtlebot3_node/share/turtlebot3_node/environment/ament_prefix_path.dsv
[3.220s] -- Up-to-date symlink: /root/ros_workspace/install/turtlebot3_node/share/turtlebot3_node/environment/path.sh
[3.221s] -- Up-to-date symlink: /root/ros_workspace/install/turtlebot3_node/share/turtlebot3_node/environment/path.dsv
[3.222s] -- Up-to-date symlink: /root/ros_workspace/install/turtlebot3_node/share/turtlebot3_node/local_setup.bash
[3.223s] -- Up-to-date symlink: /root/ros_workspace/install/turtlebot3_node/share/turtlebot3_node/local_setup.sh
[3.224s] -- Up-to-date symlink: /root/ros_workspace/install/turtlebot3_node/share/turtlebot3_node/local_setup.zsh
[3.225s] -- Up-to-date symlink: /root/ros_workspace/install/turtlebot3_node/share/turtlebot3_node/local_setup.dsv
[3.226s] -- Symlinking: /root/ros_workspace/install/turtlebot3_node/share/turtlebot3_node/package.dsv
[3.258s] -- Up-to-date symlink: /root/ros_workspace/install/turtlebot3_node/share/ament_index/resource_index/packages/turtlebot3_node
[3.259s] -- Up-to-date symlink: /root/ros_workspace/install/turtlebot3_node/share/turtlebot3_node/cmake/ament_cmake_export_dependencies-extras.cmake
[3.261s] -- Up-to-date symlink: /root/ros_workspace/install/turtlebot3_node/share/turtlebot3_node/cmake/ament_cmake_export_include_directories-extras.cmake
[3.262s] -- Up-to-date symlink: /root/ros_workspace/install/turtlebot3_node/share/turtlebot3_node/cmake/turtlebot3_nodeConfig.cmake
[3.262s] -- Up-to-date symlink: /root/ros_workspace/install/turtlebot3_node/share/turtlebot3_node/cmake/turtlebot3_nodeConfig-version.cmake
[3.263s] -- Up-to-date symlink: /root/ros_workspace/install/turtlebot3_node/share/turtlebot3_node/package.xml
[3.269s] Invoked command in '/root/ros_workspace/build/turtlebot3_node' returned '0': AMENT_PREFIX_PATH=/root/ros_workspace/install/turtlebot3_msgs:/root/ros_workspace/install/dynamixel_sdk:${AMENT_PREFIX_PATH} CMAKE_PREFIX_PATH=/root/ros_workspace/install/turtlebot3_msgs:/root/ros_workspace/install/dynamixel_sdk:/opt/ros/jazzy/opt/gz_sim_vendor:/opt/ros/jazzy/opt/gz_sensors_vendor:/opt/ros/jazzy/opt/gz_physics_vendor:/opt/ros/jazzy/opt/sdformat_vendor:/opt/ros/jazzy/opt/gz_gui_vendor:/opt/ros/jazzy/opt/gz_transport_vendor:/opt/ros/jazzy/opt/gz_rendering_vendor:/opt/ros/jazzy/opt/gz_plugin_vendor:/opt/ros/jazzy/opt/gz_fuel_tools_vendor:/opt/ros/jazzy/opt/gz_msgs_vendor:/opt/ros/jazzy/opt/gz_common_vendor:/opt/ros/jazzy/opt/gz_math_vendor:/opt/ros/jazzy/opt/gz_utils_vendor:/opt/ros/jazzy/opt/gz_tools_vendor:/opt/ros/jazzy/opt/gz_ogre_next_vendor:/opt/ros/jazzy/opt/gz_dartsim_vendor:/opt/ros/jazzy/opt/gz_cmake_vendor:/opt/ros/jazzy LD_LIBRARY_PATH=/root/ros_workspace/install/turtlebot3_msgs/lib:/root/ros_workspace/install/dynamixel_sdk/lib:${LD_LIBRARY_PATH} PYTHONPATH=/root/ros_workspace/install/turtlebot3_msgs/lib/python3.12/site-packages:/root/ros_workspace/install/dynamixel_sdk/lib/python3.12/site-packages:${PYTHONPATH} /usr/bin/cmake --install /root/ros_workspace/build/turtlebot3_node
