[0.188s] Invoking command in '/root/ros_workspace/build/turtlebot3_gazebo': CMAKE_PREFIX_PATH=${CMAKE_PREFIX_PATH}:/root/ros_workspace/install/turtlebot3_teleop:/root/ros_workspace/install/turtlebot3_example:/opt/ros/jazzy /usr/bin/cmake /root/ros_workspace/src/turtlebot3_simulations/turtlebot3_gazebo -DCMAKE_INSTALL_PREFIX=/root/ros_workspace/install/turtlebot3_gazebo
[1.485s] -- Found ament_cmake: 2.5.4 (/opt/ros/jazzy/share/ament_cmake/cmake)
[1.697s] -- Override CMake install command with custom implementation using symlinks instead of copying resources
[1.726s] -- Found ros_gz_sim: 1.0.16 (/opt/ros/jazzy/share/ros_gz_sim/cmake)
[1.895s] -- Found rosidl_generator_c: 4.6.6 (/opt/ros/jazzy/share/rosidl_generator_c/cmake)
[1.956s] -- Found rosidl_generator_cpp: 4.6.6 (/opt/ros/jazzy/share/rosidl_generator_cpp/cmake)
[2.105s] -- Using all available rosidl_typesupport_c: rosidl_typesupport_fastrtps_c;rosidl_typesupport_introspection_c
[2.296s] -- Using all available rosidl_typesupport_cpp: rosidl_typesupport_fastrtps_cpp;rosidl_typesupport_introspection_cpp
[2.751s] -- Found rmw_implementation_cmake: 7.3.2 (/opt/ros/jazzy/share/rmw_implementation_cmake/cmake)
[2.764s] -- Found rmw_fastrtps_cpp: 8.4.3 (/opt/ros/jazzy/share/rmw_fastrtps_cpp/cmake)
[3.295s] -- Using RMW implementation 'rmw_fastrtps_cpp' as default
[4.816s] -- Found nav_msgs: 5.3.6 (/opt/ros/jazzy/share/nav_msgs/cmake)
[4.969s] -- Found sensor_msgs: 5.3.6 (/opt/ros/jazzy/share/sensor_msgs/cmake)
[5.111s] -- Found gz_math_vendor: 0.0.8 (/opt/ros/jazzy/share/gz_math_vendor/cmake)
[5.121s] -- Looking for gz-math7 -- found version 7.5.2
[5.146s] -- Searching for dependencies of gz-math7
[5.148s] -- Looking for gz-utils2 -- found version 2.2.1
[5.150s] -- Searching for dependencies of gz-utils2
[5.160s] -- Found gz_sim_vendor: 0.0.9 (/opt/ros/jazzy/share/gz_sim_vendor/cmake)
[5.246s] -- Looking for gz-sim8 -- found version 8.10.0
[5.250s] -- Searching for dependencies of gz-sim8
[5.252s] -- Looking for sdformat14 -- found version 14.8.0
[5.253s] -- Searching for dependencies of sdformat14
[5.282s] -- Checking for module 'tinyxml2'
[5.422s] --   Found tinyxml2, version 10.0.0
[5.703s] -- Looking for gz-math7 -- found version 7.5.2
[5.708s] -- Looking for gz-utils2 -- found version 2.2.1
[5.720s] -- Searching for dependencies of gz-utils2
[5.723s] -- Searching for <gz-utils2> component [cli]
[5.723s] -- Looking for gz-utils2-cli -- found version 2.2.1
[5.724s] -- Searching for dependencies of gz-utils2-cli
[5.830s] -- Looking for gz-plugin2 -- found version 2.0.4
[5.830s] -- Searching for dependencies of gz-plugin2
[5.830s] -- Looking for gz-utils2 -- found version 2.2.1
[5.831s] -- Searching for <gz-plugin2> component [loader]
[5.831s] -- Looking for gz-plugin2-loader -- found version 2.0.4
[5.831s] -- Searching for dependencies of gz-plugin2-loader
[5.832s] -- Searching for <gz-plugin2> component [register]
[5.832s] -- Looking for gz-plugin2-register -- found version 2.0.4
[5.832s] -- Searching for dependencies of gz-plugin2-register
[5.834s] -- Looking for gz-transport13 -- found version 13.5.0
[5.834s] -- Searching for dependencies of gz-transport13
[5.961s] -- Config-file not installed for ZeroMQ -- checking for pkg-config
[5.997s] -- Checking for module 'libzmq >= 4'
[6.117s] --   Found libzmq, version 4.3.5
[6.353s] -- Checking for module 'uuid'
[6.456s] --   Found uuid, version 2.39.3
[6.676s] -- Looking for gz-utils2 -- found version 2.2.1
[6.681s] -- Looking for gz-msgs10 -- found version 10.3.2
[6.682s] -- Searching for dependencies of gz-msgs10
[6.785s] -- Looking for gz-utils2 -- found version 2.2.1
[6.787s] -- Looking for gz-math7 -- found version 7.5.2
[6.831s] -- Searching for <gz-transport13> component [log]
[6.841s] -- Looking for gz-transport13-log -- found version 13.5.0
[6.843s] -- Searching for dependencies of gz-transport13-log
[6.844s] -- Searching for <gz-transport13> component [parameters]
[6.850s] -- Looking for gz-transport13-parameters -- found version 13.5.0
[6.851s] -- Searching for dependencies of gz-transport13-parameters
[6.861s] -- Looking for gz-msgs10 -- found version 10.3.2
[6.864s] -- Looking for gz-common5 -- found version 5.7.1
[6.865s] -- Searching for dependencies of gz-common5
[6.868s] -- Looking for gz-utils2 -- found version 2.2.1
[6.869s] -- Looking for dlfcn.h - found
[6.870s] -- Looking for libdl - found
[6.912s] -- Searching for <gz-common5> component [av]
[6.913s] -- Looking for gz-common5-av -- found version 5.7.1
[6.918s] -- Searching for dependencies of gz-common5-av
[6.935s] -- Checking for module 'libswscale'
[7.028s] --   Found libswscale, version 7.5.100
[7.246s] -- Checking for module 'libavdevice >= 56.4.100'
[7.438s] --   Found libavdevice, version 60.3.100
[7.832s] -- Checking for module 'libavformat'
[7.955s] --   Found libavformat, version 60.16.100
[8.256s] -- Checking for module 'libavcodec'
[8.379s] --   Found libavcodec, version 60.31.102
[8.740s] -- Checking for module 'libavutil'
[9.023s] --   Found libavutil, version 58.29.100
[9.420s] -- Searching for <gz-common5> component [events]
[9.422s] -- Looking for gz-common5-events -- found version 5.7.1
[9.422s] -- Searching for dependencies of gz-common5-events
[9.422s] -- Looking for gz-math7 -- found version 7.5.2
[9.424s] -- Searching for <gz-common5> component [graphics]
[9.436s] -- Looking for gz-common5-graphics -- found version 5.7.1
[9.437s] -- Searching for dependencies of gz-common5-graphics
[9.438s] -- Looking for gz-math7 -- found version 7.5.2
[9.446s] -- Searching for <gz-common5> component [io]
[9.453s] -- Looking for gz-common5-io -- found version 5.7.1
[9.454s] -- Searching for dependencies of gz-common5-io
[9.456s] -- Searching for <gz-common5> component [profiler]
[9.456s] -- Looking for gz-common5-profiler -- found version 5.7.1
[9.470s] -- Searching for dependencies of gz-common5-profiler
[9.501s] -- Looking for gz-fuel_tools9 -- found version 9.1.1
[9.501s] -- Searching for dependencies of gz-fuel_tools9
[9.778s] -- Checking for module 'jsoncpp'
[9.905s] --   Found jsoncpp, version 1.9.5
[10.236s] -- Checking for module 'yaml-0.1'
[10.289s] --   Found yaml-0.1, version 0.2.5
[10.623s] -- Checking for module 'libzip'
[10.861s] --   Found libzip, version 1.7.3
[11.277s] -- Looking for gz-utils2 -- found version 2.2.1
[11.279s] -- Looking for gz-common5 -- found version 5.7.1
[11.280s] -- Searching for dependencies of gz-common5
[11.299s] -- Looking for gz-utils2 -- found version 2.2.1
[11.305s] -- Looking for dlfcn.h - found
[11.310s] -- Looking for libdl - found
[11.394s] -- Searching for <gz-common5> component [testing]
[11.529s] -- Looking for gz-common5-testing -- found version 5.7.1
[11.530s] -- Searching for dependencies of gz-common5-testing
[11.556s] -- Looking for gz-math7 -- found version 7.5.2
[11.556s] -- Looking for gz-msgs10 -- found version 10.3.2
[11.674s] -- Looking for gz-gui8 -- found version 8.4.0
[11.675s] -- Searching for dependencies of gz-gui8
[11.813s] -- Looking for gz-utils2 -- found version 2.2.1
[11.816s] -- Looking for gz-math7 -- found version 7.5.2
[11.817s] -- Looking for gz-common5 -- found version 5.7.1
[11.847s] -- Looking for gz-plugin2 -- found version 2.0.4
[11.847s] -- Looking for gz-transport13 -- found version 13.5.0
[11.848s] -- Looking for gz-rendering8 -- found version 8.2.2
[11.848s] -- Searching for dependencies of gz-rendering8
[11.849s] -- Looking for gz-math7 -- found version 7.5.2
[11.849s] -- Searching for dependencies of gz-math7
[11.849s] -- Looking for gz-utils2 -- found version 2.2.1
[11.850s] -- Searching for <gz-math7> component [eigen3]
[11.856s] -- Looking for gz-math7-eigen3 -- found version 7.5.2
[11.859s] -- Searching for dependencies of gz-math7-eigen3
[11.861s] -- Looking for gz-common5 -- found version 5.7.1
[11.861s] -- Searching for dependencies of gz-common5
[11.862s] -- Looking for gz-utils2 -- found version 2.2.1
[11.862s] -- Looking for dlfcn.h - found
[11.862s] -- Looking for libdl - found
[11.976s] -- Searching for <gz-common5> component [graphics]
[11.977s] -- Searching for <gz-common5> component [events]
[11.977s] -- Searching for <gz-common5> component [geospatial]
[11.997s] -- Looking for gz-common5-geospatial -- found version 5.7.1
[11.997s] -- Searching for dependencies of gz-common5-geospatial
[12.001s] -- Looking for gz-math7 -- found version 7.5.2
[12.004s] -- Looking for gz-common5 -- found version 5.7.1
[12.036s] -- Looking for gz-plugin2 -- found version 2.0.4
[12.037s] -- Searching for dependencies of gz-plugin2
[12.037s] -- Looking for gz-utils2 -- found version 2.2.1
[12.052s] -- Searching for <gz-plugin2> component [all]
[12.053s] -- Looking for all libraries of gz-plugin2 -- found version 2.0.4
[12.068s] -- Looking for gz-plugin2 -- found version 2.0.4
[12.083s] -- Looking for gz-utils2 -- found version 2.2.1
[12.153s] -- Looking for gz-msgs10 -- found version 10.3.2
[12.593s] -- Looking for gz-physics7 -- found version 7.6.0
[12.614s] -- Searching for dependencies of gz-physics7
[12.615s] -- Looking for gz-common5 -- found version 5.7.1
[12.615s] -- Looking for gz-math7 -- found version 7.5.2
[12.630s] -- Looking for gz-plugin2 -- found version 2.0.4
[12.630s] -- Looking for gz-utils2 -- found version 2.2.1
[12.667s] -- Searching for <gz-physics7> component [heightmap]
[12.681s] -- Looking for gz-physics7-heightmap -- found version 7.6.0
[12.681s] -- Searching for dependencies of gz-physics7-heightmap
[12.682s] -- Looking for gz-common5 -- found version 5.7.1
[12.697s] -- Searching for <gz-physics7> component [mesh]
[12.698s] -- Looking for gz-physics7-mesh -- found version 7.6.0
[12.699s] -- Searching for dependencies of gz-physics7-mesh
[12.699s] -- Looking for gz-common5 -- found version 5.7.1
[12.716s] -- Searching for <gz-physics7> component [sdf]
[12.716s] -- Looking for gz-physics7-sdf -- found version 7.6.0
[12.731s] -- Searching for dependencies of gz-physics7-sdf
[12.744s] -- Looking for sdformat14 -- found version 14.8.0
[12.770s] -- Looking for gz-sensors8 -- found version 8.2.2
[12.770s] -- Searching for dependencies of gz-sensors8
[12.864s] -- Looking for gz-math7 -- found version 7.5.2
[12.865s] -- Looking for gz-common5 -- found version 5.7.1
[12.865s] -- Looking for gz-transport13 -- found version 13.5.0
[12.975s] -- Looking for gz-rendering8 -- found version 8.2.2
[12.976s] -- Looking for gz-msgs10 -- found version 10.3.2
[12.976s] -- Looking for sdformat14 -- found version 14.8.0
[12.977s] -- Searching for <gz-sensors8> component [air_pressure]
[12.977s] -- Looking for gz-sensors8-air_pressure -- found version 8.2.2
[12.990s] -- Searching for dependencies of gz-sensors8-air_pressure
[12.991s] -- Searching for <gz-sensors8> component [air_speed]
[12.992s] -- Looking for gz-sensors8-air_speed -- found version 8.2.2
[12.992s] -- Searching for dependencies of gz-sensors8-air_speed
[13.008s] -- Searching for <gz-sensors8> component [altimeter]
[13.022s] -- Looking for gz-sensors8-altimeter -- found version 8.2.2
[13.022s] -- Searching for dependencies of gz-sensors8-altimeter
[13.022s] -- Searching for <gz-sensors8> component [imu]
[13.023s] -- Looking for gz-sensors8-imu -- found version 8.2.2
[13.023s] -- Searching for dependencies of gz-sensors8-imu
[13.023s] -- Searching for <gz-sensors8> component [force_torque]
[13.023s] -- Looking for gz-sensors8-force_torque -- found version 8.2.2
[13.023s] -- Searching for dependencies of gz-sensors8-force_torque
[13.027s] -- Searching for <gz-sensors8> component [logical_camera]
[13.028s] -- Looking for gz-sensors8-logical_camera -- found version 8.2.2
[13.028s] -- Searching for dependencies of gz-sensors8-logical_camera
[13.031s] -- Searching for <gz-sensors8> component [magnetometer]
[13.032s] -- Looking for gz-sensors8-magnetometer -- found version 8.2.2
[13.045s] -- Searching for dependencies of gz-sensors8-magnetometer
[13.046s] -- Searching for <gz-sensors8> component [navsat]
[13.046s] -- Looking for gz-sensors8-navsat -- found version 8.2.2
[13.046s] -- Searching for dependencies of gz-sensors8-navsat
[13.047s] -- Searching for <gz-sensors8> component [dvl]
[13.048s] -- Looking for gz-sensors8-dvl -- found version 8.2.2
[13.156s] -- Searching for dependencies of gz-sensors8-dvl
[13.156s] -- Looking for gz-sensors8 -- found version 8.2.2
[13.156s] -- Searching for dependencies of gz-sensors8
[13.202s] -- Looking for gz-math7 -- found version 7.5.2
[13.202s] -- Looking for gz-common5 -- found version 5.7.1
[13.202s] -- Looking for gz-transport13 -- found version 13.5.0
[13.203s] -- Looking for gz-rendering8 -- found version 8.2.2
[13.203s] -- Looking for gz-msgs10 -- found version 10.3.2
[13.203s] -- Looking for sdformat14 -- found version 14.8.0
[13.203s] -- Searching for <gz-sensors8> component [rendering]
[13.203s] -- Looking for gz-sensors8-rendering -- found version 8.2.2
[13.204s] -- Searching for dependencies of gz-sensors8-rendering
[13.204s] -- Searching for <gz-sensors8> component [rendering]
[13.205s] -- Searching for <gz-sensors8> component [lidar]
[13.205s] -- Looking for gz-sensors8-lidar -- found version 8.2.2
[13.205s] -- Searching for dependencies of gz-sensors8-lidar
[13.205s] -- Looking for gz-sensors8 -- found version 8.2.2
[13.206s] -- Searching for <gz-sensors8> component [gpu_lidar]
[13.206s] -- Looking for gz-sensors8-gpu_lidar -- found version 8.2.2
[13.206s] -- Searching for dependencies of gz-sensors8-gpu_lidar
[13.206s] -- Looking for gz-sensors8 -- found version 8.2.2
[13.206s] -- Searching for <gz-sensors8> component [camera]
[13.206s] -- Looking for gz-sensors8-camera -- found version 8.2.2
[13.206s] -- Searching for dependencies of gz-sensors8-camera
[13.207s] -- Looking for gz-sensors8 -- found version 8.2.2
[13.208s] -- Searching for <gz-sensors8> component [boundingbox_camera]
[13.208s] -- Looking for gz-sensors8-boundingbox_camera -- found version 8.2.2
[13.208s] -- Searching for dependencies of gz-sensors8-boundingbox_camera
[13.208s] -- Searching for <gz-sensors8> component [segmentation_camera]
[13.208s] -- Looking for gz-sensors8-segmentation_camera -- found version 8.2.2
[13.208s] -- Searching for dependencies of gz-sensors8-segmentation_camera
[13.209s] -- Searching for <gz-sensors8> component [depth_camera]
[13.209s] -- Looking for gz-sensors8-depth_camera -- found version 8.2.2
[13.209s] -- Searching for dependencies of gz-sensors8-depth_camera
[13.209s] -- Looking for gz-sensors8 -- found version 8.2.2
[13.209s] -- Searching for <gz-sensors8> component [rgbd_camera]
[13.226s] -- Looking for gz-sensors8-rgbd_camera -- found version 8.2.2
[13.234s] -- Searching for dependencies of gz-sensors8-rgbd_camera
[13.234s] -- Looking for gz-sensors8 -- found version 8.2.2
[13.237s] -- Searching for <gz-sensors8> component [thermal_camera]
[13.238s] -- Looking for gz-sensors8-thermal_camera -- found version 8.2.2
[13.238s] -- Searching for dependencies of gz-sensors8-thermal_camera
[13.239s] -- Looking for gz-sensors8 -- found version 8.2.2
[13.240s] -- Searching for <gz-sensors8> component [wide_angle_camera]
[13.240s] -- Looking for gz-sensors8-wide_angle_camera -- found version 8.2.2
[13.240s] -- Searching for dependencies of gz-sensors8-wide_angle_camera
[13.241s] -- Looking for gz-rendering8 -- found version 8.2.2
[13.242s] -- Looking for gz-math7 -- found version 7.5.2
[13.242s] -- Looking for gz-utils2 -- found version 2.2.1
[13.272s] -- Looking for gz-plugin2 -- found version 2.0.4
[13.756s] -- Configuring done (13.5s)
[14.057s] -- Generating done (0.2s)
[14.126s] -- Build files have been written to: /root/ros_workspace/build/turtlebot3_gazebo
[15.353s] Invoked command in '/root/ros_workspace/build/turtlebot3_gazebo' returned '0': CMAKE_PREFIX_PATH=${CMAKE_PREFIX_PATH}:/root/ros_workspace/install/turtlebot3_teleop:/root/ros_workspace/install/turtlebot3_example:/opt/ros/jazzy /usr/bin/cmake /root/ros_workspace/src/turtlebot3_simulations/turtlebot3_gazebo -DCMAKE_INSTALL_PREFIX=/root/ros_workspace/install/turtlebot3_gazebo
[15.372s] Invoking command in '/root/ros_workspace/build/turtlebot3_gazebo': CMAKE_PREFIX_PATH=${CMAKE_PREFIX_PATH}:/root/ros_workspace/install/turtlebot3_teleop:/root/ros_workspace/install/turtlebot3_example:/opt/ros/jazzy /usr/bin/cmake --build /root/ros_workspace/build/turtlebot3_gazebo -- -j12 -l12
[15.757s] [ 25%] Built target obstacle1
[15.836s] [ 50%] Built target obstacles
[15.855s] [ 75%] Built target obstacle2
[15.858s] [100%] Built target turtlebot3_drive
[16.010s] Invoked command in '/root/ros_workspace/build/turtlebot3_gazebo' returned '0': CMAKE_PREFIX_PATH=${CMAKE_PREFIX_PATH}:/root/ros_workspace/install/turtlebot3_teleop:/root/ros_workspace/install/turtlebot3_example:/opt/ros/jazzy /usr/bin/cmake --build /root/ros_workspace/build/turtlebot3_gazebo -- -j12 -l12
[16.013s] Invoking command in '/root/ros_workspace/build/turtlebot3_gazebo': CMAKE_PREFIX_PATH=${CMAKE_PREFIX_PATH}:/root/ros_workspace/install/turtlebot3_teleop:/root/ros_workspace/install/turtlebot3_example:/opt/ros/jazzy /usr/bin/cmake --install /root/ros_workspace/build/turtlebot3_gazebo
[16.079s] -- Install configuration: ""
[16.080s] -- Execute custom install script
[16.080s] -- Up-to-date symlink: /root/ros_workspace/install/turtlebot3_gazebo/lib/turtlebot3_gazebo/turtlebot3_drive
[16.080s] -- Up-to-date symlink: /root/ros_workspace/install/turtlebot3_gazebo/lib/turtlebot3_gazebo/libobstacles.so
[16.084s] -- Up-to-date symlink: /root/ros_workspace/install/turtlebot3_gazebo/lib/turtlebot3_gazebo/libobstacle1.so
[16.085s] -- Up-to-date symlink: /root/ros_workspace/install/turtlebot3_gazebo/lib/turtlebot3_gazebo/libobstacle2.so
[16.085s] -- Up-to-date symlink: /root/ros_workspace/install/turtlebot3_gazebo/share/turtlebot3_gazebo//launch/empty_world.launch.py
[16.085s] -- Up-to-date symlink: /root/ros_workspace/install/turtlebot3_gazebo/share/turtlebot3_gazebo//launch/robot_state_publisher.launch.py
[16.085s] -- Up-to-date symlink: /root/ros_workspace/install/turtlebot3_gazebo/share/turtlebot3_gazebo//launch/spawn_turtlebot3.launch.py
[16.086s] -- Up-to-date symlink: /root/ros_workspace/install/turtlebot3_gazebo/share/turtlebot3_gazebo//launch/turtlebot3_dqn_stage1.launch.py
[16.086s] -- Up-to-date symlink: /root/ros_workspace/install/turtlebot3_gazebo/share/turtlebot3_gazebo//launch/turtlebot3_dqn_stage2.launch.py
[16.086s] -- Up-to-date symlink: /root/ros_workspace/install/turtlebot3_gazebo/share/turtlebot3_gazebo//launch/turtlebot3_dqn_stage3.launch.py
[16.086s] -- Up-to-date symlink: /root/ros_workspace/install/turtlebot3_gazebo/share/turtlebot3_gazebo//launch/turtlebot3_dqn_stage4.launch.py
[16.087s] -- Up-to-date symlink: /root/ros_workspace/install/turtlebot3_gazebo/share/turtlebot3_gazebo//launch/turtlebot3_house.launch.py
[16.087s] -- Up-to-date symlink: /root/ros_workspace/install/turtlebot3_gazebo/share/turtlebot3_gazebo//launch/turtlebot3_world.launch.py
[16.090s] -- Up-to-date symlink: /root/ros_workspace/install/turtlebot3_gazebo/share/turtlebot3_gazebo//models/turtlebot3_burger/model-1_4.sdf
[16.096s] -- Up-to-date symlink: /root/ros_workspace/install/turtlebot3_gazebo/share/turtlebot3_gazebo//models/turtlebot3_burger/model.config
[16.097s] -- Up-to-date symlink: /root/ros_workspace/install/turtlebot3_gazebo/share/turtlebot3_gazebo//models/turtlebot3_burger/model.sdf
[16.098s] -- Up-to-date symlink: /root/ros_workspace/install/turtlebot3_gazebo/share/turtlebot3_gazebo//models/turtlebot3_burger_cam/model-1_4.sdf
[16.098s] -- Up-to-date symlink: /root/ros_workspace/install/turtlebot3_gazebo/share/turtlebot3_gazebo//models/turtlebot3_burger_cam/model.config
[16.101s] -- Up-to-date symlink: /root/ros_workspace/install/turtlebot3_gazebo/share/turtlebot3_gazebo//models/turtlebot3_burger_cam/model.sdf
[16.101s] -- Up-to-date symlink: /root/ros_workspace/install/turtlebot3_gazebo/share/turtlebot3_gazebo//models/turtlebot3_common/meshes/bases/burger_base.stl
[16.101s] -- Up-to-date symlink: /root/ros_workspace/install/turtlebot3_gazebo/share/turtlebot3_gazebo//models/turtlebot3_common/meshes/bases/waffle_base.stl
[16.102s] -- Up-to-date symlink: /root/ros_workspace/install/turtlebot3_gazebo/share/turtlebot3_gazebo//models/turtlebot3_common/meshes/bases/waffle_pi_base.stl
[16.102s] -- Up-to-date symlink: /root/ros_workspace/install/turtlebot3_gazebo/share/turtlebot3_gazebo//models/turtlebot3_common/meshes/burger_base.dae
[16.102s] -- Up-to-date symlink: /root/ros_workspace/install/turtlebot3_gazebo/share/turtlebot3_gazebo//models/turtlebot3_common/meshes/lds.dae
[16.102s] -- Up-to-date symlink: /root/ros_workspace/install/turtlebot3_gazebo/share/turtlebot3_gazebo//models/turtlebot3_common/meshes/r200.dae
[16.102s] -- Up-to-date symlink: /root/ros_workspace/install/turtlebot3_gazebo/share/turtlebot3_gazebo//models/turtlebot3_common/meshes/sensors/astra.dae
[16.103s] -- Up-to-date symlink: /root/ros_workspace/install/turtlebot3_gazebo/share/turtlebot3_gazebo//models/turtlebot3_common/meshes/sensors/astra.jpg
[16.103s] -- Up-to-date symlink: /root/ros_workspace/install/turtlebot3_gazebo/share/turtlebot3_gazebo//models/turtlebot3_common/meshes/sensors/lds.stl
[16.103s] -- Up-to-date symlink: /root/ros_workspace/install/turtlebot3_gazebo/share/turtlebot3_gazebo//models/turtlebot3_common/meshes/sensors/r200.dae
[16.104s] -- Up-to-date symlink: /root/ros_workspace/install/turtlebot3_gazebo/share/turtlebot3_gazebo//models/turtlebot3_common/meshes/sensors/r200.jpg
[16.106s] -- Up-to-date symlink: /root/ros_workspace/install/turtlebot3_gazebo/share/turtlebot3_gazebo//models/turtlebot3_common/meshes/tire.dae
[16.107s] -- Up-to-date symlink: /root/ros_workspace/install/turtlebot3_gazebo/share/turtlebot3_gazebo//models/turtlebot3_common/meshes/waffle_base.dae
[16.108s] -- Up-to-date symlink: /root/ros_workspace/install/turtlebot3_gazebo/share/turtlebot3_gazebo//models/turtlebot3_common/meshes/waffle_pi_base.dae
[16.109s] -- Up-to-date symlink: /root/ros_workspace/install/turtlebot3_gazebo/share/turtlebot3_gazebo//models/turtlebot3_common/meshes/wheels/left_tire.stl
[16.109s] -- Up-to-date symlink: /root/ros_workspace/install/turtlebot3_gazebo/share/turtlebot3_gazebo//models/turtlebot3_common/meshes/wheels/right_tire.stl
[16.109s] -- Up-to-date symlink: /root/ros_workspace/install/turtlebot3_gazebo/share/turtlebot3_gazebo//models/turtlebot3_common/model.config
[16.109s] -- Up-to-date symlink: /root/ros_workspace/install/turtlebot3_gazebo/share/turtlebot3_gazebo//models/turtlebot3_dqn_world/goal_box/model.config
[16.109s] -- Up-to-date symlink: /root/ros_workspace/install/turtlebot3_gazebo/share/turtlebot3_gazebo//models/turtlebot3_dqn_world/goal_box/model.sdf
[16.110s] -- Up-to-date symlink: /root/ros_workspace/install/turtlebot3_gazebo/share/turtlebot3_gazebo//models/turtlebot3_dqn_world/inner_walls/model.config
[16.110s] -- Up-to-date symlink: /root/ros_workspace/install/turtlebot3_gazebo/share/turtlebot3_gazebo//models/turtlebot3_dqn_world/inner_walls/model.sdf
[16.110s] -- Up-to-date symlink: /root/ros_workspace/install/turtlebot3_gazebo/share/turtlebot3_gazebo//models/turtlebot3_dqn_world/inner_walls/textures/wood.png
[16.110s] -- Up-to-date symlink: /root/ros_workspace/install/turtlebot3_gazebo/share/turtlebot3_gazebo//models/turtlebot3_dqn_world/model.config
[16.111s] -- Up-to-date symlink: /root/ros_workspace/install/turtlebot3_gazebo/share/turtlebot3_gazebo//models/turtlebot3_dqn_world/model.sdf
[16.111s] -- Up-to-date symlink: /root/ros_workspace/install/turtlebot3_gazebo/share/turtlebot3_gazebo//models/turtlebot3_dqn_world/obstacle1/model.config
[16.111s] -- Up-to-date symlink: /root/ros_workspace/install/turtlebot3_gazebo/share/turtlebot3_gazebo//models/turtlebot3_dqn_world/obstacle1/model.sdf
[16.123s] -- Up-to-date symlink: /root/ros_workspace/install/turtlebot3_gazebo/share/turtlebot3_gazebo//models/turtlebot3_dqn_world/obstacle2/model.config
[16.124s] -- Up-to-date symlink: /root/ros_workspace/install/turtlebot3_gazebo/share/turtlebot3_gazebo//models/turtlebot3_dqn_world/obstacle2/model.sdf
[16.124s] -- Up-to-date symlink: /root/ros_workspace/install/turtlebot3_gazebo/share/turtlebot3_gazebo//models/turtlebot3_dqn_world/obstacles/model.config
[16.125s] -- Up-to-date symlink: /root/ros_workspace/install/turtlebot3_gazebo/share/turtlebot3_gazebo//models/turtlebot3_dqn_world/obstacles/model.sdf
[16.126s] -- Up-to-date symlink: /root/ros_workspace/install/turtlebot3_gazebo/share/turtlebot3_gazebo//models/turtlebot3_dqn_world/textures/wood.png
[16.127s] -- Up-to-date symlink: /root/ros_workspace/install/turtlebot3_gazebo/share/turtlebot3_gazebo//models/turtlebot3_house/cafe_table/materials/textures/Maple.jpg
[16.127s] -- Up-to-date symlink: /root/ros_workspace/install/turtlebot3_gazebo/share/turtlebot3_gazebo//models/turtlebot3_house/cafe_table/materials/textures/Wood_Floor_Dark.jpg
[16.128s] -- Up-to-date symlink: /root/ros_workspace/install/turtlebot3_gazebo/share/turtlebot3_gazebo//models/turtlebot3_house/cafe_table/meshes/cafe_table.dae
[16.128s] -- Up-to-date symlink: /root/ros_workspace/install/turtlebot3_gazebo/share/turtlebot3_gazebo//models/turtlebot3_house/cafe_table/model-1_4.sdf
[16.129s] -- Up-to-date symlink: /root/ros_workspace/install/turtlebot3_gazebo/share/turtlebot3_gazebo//models/turtlebot3_house/cafe_table/model.config
[16.129s] -- Up-to-date symlink: /root/ros_workspace/install/turtlebot3_gazebo/share/turtlebot3_gazebo//models/turtlebot3_house/cafe_table/model.sdf
[16.129s] -- Up-to-date symlink: /root/ros_workspace/install/turtlebot3_gazebo/share/turtlebot3_gazebo//models/turtlebot3_house/first_2015_trash_can/meshes/trash_can.dae
[16.129s] -- Up-to-date symlink: /root/ros_workspace/install/turtlebot3_gazebo/share/turtlebot3_gazebo//models/turtlebot3_house/first_2015_trash_can/model.config
[16.130s] -- Up-to-date symlink: /root/ros_workspace/install/turtlebot3_gazebo/share/turtlebot3_gazebo//models/turtlebot3_house/first_2015_trash_can/model.sdf
[16.130s] -- Up-to-date symlink: /root/ros_workspace/install/turtlebot3_gazebo/share/turtlebot3_gazebo//models/turtlebot3_house/mailbox/materials/scripts/mailbox.material
[16.130s] -- Up-to-date symlink: /root/ros_workspace/install/turtlebot3_gazebo/share/turtlebot3_gazebo//models/turtlebot3_house/mailbox/materials/textures/Mailbox_Diffuse.png
[16.130s] -- Up-to-date symlink: /root/ros_workspace/install/turtlebot3_gazebo/share/turtlebot3_gazebo//models/turtlebot3_house/mailbox/materials/textures/Mailbox_Diffuse.tga.orig
[16.131s] -- Up-to-date symlink: /root/ros_workspace/install/turtlebot3_gazebo/share/turtlebot3_gazebo//models/turtlebot3_house/mailbox/materials/textures/Mailbox_Spec.png
[16.131s] -- Up-to-date symlink: /root/ros_workspace/install/turtlebot3_gazebo/share/turtlebot3_gazebo//models/turtlebot3_house/mailbox/meshes/mailbox.dae
[16.131s] -- Up-to-date symlink: /root/ros_workspace/install/turtlebot3_gazebo/share/turtlebot3_gazebo//models/turtlebot3_house/mailbox/model-1_3.sdf
[16.131s] -- Up-to-date symlink: /root/ros_workspace/install/turtlebot3_gazebo/share/turtlebot3_gazebo//models/turtlebot3_house/mailbox/model-1_4.sdf
[16.131s] -- Up-to-date symlink: /root/ros_workspace/install/turtlebot3_gazebo/share/turtlebot3_gazebo//models/turtlebot3_house/mailbox/model.config
[16.131s] -- Up-to-date symlink: /root/ros_workspace/install/turtlebot3_gazebo/share/turtlebot3_gazebo//models/turtlebot3_house/mailbox/model.sdf
[16.132s] -- Up-to-date symlink: /root/ros_workspace/install/turtlebot3_gazebo/share/turtlebot3_gazebo//models/turtlebot3_house/model.config
[16.132s] -- Up-to-date symlink: /root/ros_workspace/install/turtlebot3_gazebo/share/turtlebot3_gazebo//models/turtlebot3_house/model.sdf
[16.138s] -- Up-to-date symlink: /root/ros_workspace/install/turtlebot3_gazebo/share/turtlebot3_gazebo//models/turtlebot3_house/table_marble/materials/scripts/table_lightmap.material
[16.139s] -- Up-to-date symlink: /root/ros_workspace/install/turtlebot3_gazebo/share/turtlebot3_gazebo//models/turtlebot3_house/table_marble/materials/textures/marble.png
[16.139s] -- Up-to-date symlink: /root/ros_workspace/install/turtlebot3_gazebo/share/turtlebot3_gazebo//models/turtlebot3_house/table_marble/materials/textures/table_lightmap.png
[16.139s] -- Up-to-date symlink: /root/ros_workspace/install/turtlebot3_gazebo/share/turtlebot3_gazebo//models/turtlebot3_house/table_marble/meshes/table_lightmap.dae
[16.139s] -- Up-to-date symlink: /root/ros_workspace/install/turtlebot3_gazebo/share/turtlebot3_gazebo//models/turtlebot3_house/table_marble/model-1_4.sdf
[16.140s] -- Up-to-date symlink: /root/ros_workspace/install/turtlebot3_gazebo/share/turtlebot3_gazebo//models/turtlebot3_house/table_marble/model.config
[16.140s] -- Up-to-date symlink: /root/ros_workspace/install/turtlebot3_gazebo/share/turtlebot3_gazebo//models/turtlebot3_house/table_marble/model.sdf
[16.141s] -- Up-to-date symlink: /root/ros_workspace/install/turtlebot3_gazebo/share/turtlebot3_gazebo//models/turtlebot3_house/textures/bricks.png
[16.141s] -- Up-to-date symlink: /root/ros_workspace/install/turtlebot3_gazebo/share/turtlebot3_gazebo//models/turtlebot3_house/textures/wood.png
[16.141s] -- Up-to-date symlink: /root/ros_workspace/install/turtlebot3_gazebo/share/turtlebot3_gazebo//models/turtlebot3_waffle/model-1_4.sdf
[16.142s] -- Up-to-date symlink: /root/ros_workspace/install/turtlebot3_gazebo/share/turtlebot3_gazebo//models/turtlebot3_waffle/model.config
[16.143s] -- Up-to-date symlink: /root/ros_workspace/install/turtlebot3_gazebo/share/turtlebot3_gazebo//models/turtlebot3_waffle/model.sdf
[16.143s] -- Up-to-date symlink: /root/ros_workspace/install/turtlebot3_gazebo/share/turtlebot3_gazebo//models/turtlebot3_waffle_pi/model-1_4_.sdf
[16.144s] -- Up-to-date symlink: /root/ros_workspace/install/turtlebot3_gazebo/share/turtlebot3_gazebo//models/turtlebot3_waffle_pi/model.config
[16.144s] -- Up-to-date symlink: /root/ros_workspace/install/turtlebot3_gazebo/share/turtlebot3_gazebo//models/turtlebot3_waffle_pi/model.sdf
[16.144s] -- Up-to-date symlink: /root/ros_workspace/install/turtlebot3_gazebo/share/turtlebot3_gazebo//models/turtlebot3_world/meshes/hexagon.dae
[16.144s] -- Up-to-date symlink: /root/ros_workspace/install/turtlebot3_gazebo/share/turtlebot3_gazebo//models/turtlebot3_world/meshes/wall.dae
[16.144s] -- Up-to-date symlink: /root/ros_workspace/install/turtlebot3_gazebo/share/turtlebot3_gazebo//models/turtlebot3_world/model-1_4.sdf
[16.145s] -- Up-to-date symlink: /root/ros_workspace/install/turtlebot3_gazebo/share/turtlebot3_gazebo//models/turtlebot3_world/model.config
[16.145s] -- Up-to-date symlink: /root/ros_workspace/install/turtlebot3_gazebo/share/turtlebot3_gazebo//models/turtlebot3_world/model.sdf
[16.145s] -- Up-to-date symlink: /root/ros_workspace/install/turtlebot3_gazebo/share/turtlebot3_gazebo//params/turtlebot3_burger_bridge.yaml
[16.146s] -- Up-to-date symlink: /root/ros_workspace/install/turtlebot3_gazebo/share/turtlebot3_gazebo//params/turtlebot3_burger_cam_bridge.yaml
[16.150s] -- Up-to-date symlink: /root/ros_workspace/install/turtlebot3_gazebo/share/turtlebot3_gazebo//params/turtlebot3_waffle_bridge.yaml
[16.153s] -- Up-to-date symlink: /root/ros_workspace/install/turtlebot3_gazebo/share/turtlebot3_gazebo//params/turtlebot3_waffle_pi_bridge.yaml
[16.153s] -- Up-to-date symlink: /root/ros_workspace/install/turtlebot3_gazebo/share/turtlebot3_gazebo//rviz/tb3_gazebo.rviz
[16.155s] -- Up-to-date symlink: /root/ros_workspace/install/turtlebot3_gazebo/share/turtlebot3_gazebo//urdf/common_properties.urdf
[16.157s] -- Up-to-date symlink: /root/ros_workspace/install/turtlebot3_gazebo/share/turtlebot3_gazebo//urdf/turtlebot3_burger.urdf
[16.157s] -- Up-to-date symlink: /root/ros_workspace/install/turtlebot3_gazebo/share/turtlebot3_gazebo//urdf/turtlebot3_burger_cam.urdf
[16.158s] -- Up-to-date symlink: /root/ros_workspace/install/turtlebot3_gazebo/share/turtlebot3_gazebo//urdf/turtlebot3_waffle.urdf
[16.158s] -- Up-to-date symlink: /root/ros_workspace/install/turtlebot3_gazebo/share/turtlebot3_gazebo//urdf/turtlebot3_waffle_pi.urdf
[16.158s] -- Up-to-date symlink: /root/ros_workspace/install/turtlebot3_gazebo/share/turtlebot3_gazebo//worlds/empty_world.world
[16.158s] -- Up-to-date symlink: /root/ros_workspace/install/turtlebot3_gazebo/share/turtlebot3_gazebo//worlds/turtlebot3_autorace_2020.world
[16.158s] -- Up-to-date symlink: /root/ros_workspace/install/turtlebot3_gazebo/share/turtlebot3_gazebo//worlds/turtlebot3_dqn_stage1.world
[16.159s] -- Up-to-date symlink: /root/ros_workspace/install/turtlebot3_gazebo/share/turtlebot3_gazebo//worlds/turtlebot3_dqn_stage2.world
[16.159s] -- Up-to-date symlink: /root/ros_workspace/install/turtlebot3_gazebo/share/turtlebot3_gazebo//worlds/turtlebot3_dqn_stage3.world
[16.159s] -- Up-to-date symlink: /root/ros_workspace/install/turtlebot3_gazebo/share/turtlebot3_gazebo//worlds/turtlebot3_dqn_stage4.world
[16.159s] -- Up-to-date symlink: /root/ros_workspace/install/turtlebot3_gazebo/share/turtlebot3_gazebo//worlds/turtlebot3_house.world
[16.160s] -- Up-to-date symlink: /root/ros_workspace/install/turtlebot3_gazebo/share/turtlebot3_gazebo//worlds/turtlebot3_world.world
[16.160s] -- Up-to-date symlink: /root/ros_workspace/install/turtlebot3_gazebo/include//turtlebot3_gazebo/obstacle1.hpp
[16.160s] -- Up-to-date symlink: /root/ros_workspace/install/turtlebot3_gazebo/include//turtlebot3_gazebo/obstacle2.hpp
[16.160s] -- Up-to-date symlink: /root/ros_workspace/install/turtlebot3_gazebo/include//turtlebot3_gazebo/obstacles.hpp
[16.161s] -- Up-to-date symlink: /root/ros_workspace/install/turtlebot3_gazebo/include//turtlebot3_gazebo/traffic_bar_plugin.hpp
[16.161s] -- Up-to-date symlink: /root/ros_workspace/install/turtlebot3_gazebo/include//turtlebot3_gazebo/traffic_light_plugin.hpp
[16.161s] -- Up-to-date symlink: /root/ros_workspace/install/turtlebot3_gazebo/include//turtlebot3_gazebo/turtlebot3_drive.hpp
[16.161s] -- Up-to-date symlink: /root/ros_workspace/install/turtlebot3_gazebo/share/ament_index/resource_index/package_run_dependencies/turtlebot3_gazebo
[16.161s] -- Up-to-date symlink: /root/ros_workspace/install/turtlebot3_gazebo/share/ament_index/resource_index/parent_prefix_path/turtlebot3_gazebo
[16.162s] -- Up-to-date symlink: /root/ros_workspace/install/turtlebot3_gazebo/share/turtlebot3_gazebo/environment/ament_prefix_path.sh
[16.162s] -- Up-to-date symlink: /root/ros_workspace/install/turtlebot3_gazebo/share/turtlebot3_gazebo/environment/ament_prefix_path.dsv
[16.162s] -- Up-to-date symlink: /root/ros_workspace/install/turtlebot3_gazebo/share/turtlebot3_gazebo/environment/path.sh
[16.162s] -- Up-to-date symlink: /root/ros_workspace/install/turtlebot3_gazebo/share/turtlebot3_gazebo/environment/path.dsv
[16.162s] -- Up-to-date symlink: /root/ros_workspace/install/turtlebot3_gazebo/share/turtlebot3_gazebo/local_setup.bash
[16.162s] -- Up-to-date symlink: /root/ros_workspace/install/turtlebot3_gazebo/share/turtlebot3_gazebo/local_setup.sh
[16.163s] -- Up-to-date symlink: /root/ros_workspace/install/turtlebot3_gazebo/share/turtlebot3_gazebo/local_setup.zsh
[16.163s] -- Up-to-date symlink: /root/ros_workspace/install/turtlebot3_gazebo/share/turtlebot3_gazebo/local_setup.dsv
[16.163s] -- Symlinking: /root/ros_workspace/install/turtlebot3_gazebo/share/turtlebot3_gazebo/package.dsv
[16.202s] -- Up-to-date symlink: /root/ros_workspace/install/turtlebot3_gazebo/share/ament_index/resource_index/packages/turtlebot3_gazebo
[16.207s] -- Up-to-date symlink: /root/ros_workspace/install/turtlebot3_gazebo/share/turtlebot3_gazebo/cmake/ament_cmake_export_include_directories-extras.cmake
[16.226s] -- Up-to-date symlink: /root/ros_workspace/install/turtlebot3_gazebo/share/turtlebot3_gazebo/cmake/ament_cmake_export_dependencies-extras.cmake
[16.226s] -- Up-to-date symlink: /root/ros_workspace/install/turtlebot3_gazebo/share/turtlebot3_gazebo/cmake/turtlebot3_gazeboConfig.cmake
[16.226s] -- Up-to-date symlink: /root/ros_workspace/install/turtlebot3_gazebo/share/turtlebot3_gazebo/cmake/turtlebot3_gazeboConfig-version.cmake
[16.227s] -- Up-to-date symlink: /root/ros_workspace/install/turtlebot3_gazebo/share/turtlebot3_gazebo/package.xml
[16.229s] Invoked command in '/root/ros_workspace/build/turtlebot3_gazebo' returned '0': CMAKE_PREFIX_PATH=${CMAKE_PREFIX_PATH}:/root/ros_workspace/install/turtlebot3_teleop:/root/ros_workspace/install/turtlebot3_example:/opt/ros/jazzy /usr/bin/cmake --install /root/ros_workspace/build/turtlebot3_gazebo
