[0.201s] Invoking command in '/root/ros_workspace/build/turtlebot3_gazebo': CMAKE_PREFIX_PATH=${CMAKE_PREFIX_PATH}:/root/ros_workspace/install/turtlebot3_teleop:/root/ros_workspace/install/turtlebot3_example:/root/ros_workspace/install/turtlebot3_control:/opt/ros/jazzy /usr/bin/cmake /root/ros_workspace/src/turtlebot3_simulations/turtlebot3_gazebo -DCMAKE_INSTALL_PREFIX=/root/ros_workspace/install/turtlebot3_gazebo
[1.454s] -- Found ament_cmake: 2.5.4 (/opt/ros/jazzy/share/ament_cmake/cmake)
[1.480s] -- Override CMake install command with custom implementation using symlinks instead of copying resources
[1.492s] -- Found ros_gz_sim: 1.0.16 (/opt/ros/jazzy/share/ros_gz_sim/cmake)
[1.606s] -- Found rosidl_generator_c: 4.6.6 (/opt/ros/jazzy/share/rosidl_generator_c/cmake)
[1.675s] -- Found rosidl_generator_cpp: 4.6.6 (/opt/ros/jazzy/share/rosidl_generator_cpp/cmake)
[1.750s] -- Using all available rosidl_typesupport_c: rosidl_typesupport_fastrtps_c;rosidl_typesupport_introspection_c
[1.834s] -- Using all available rosidl_typesupport_cpp: rosidl_typesupport_fastrtps_cpp;rosidl_typesupport_introspection_cpp
[2.148s] -- Found rmw_implementation_cmake: 7.3.2 (/opt/ros/jazzy/share/rmw_implementation_cmake/cmake)
[2.161s] -- Found rmw_fastrtps_cpp: 8.4.3 (/opt/ros/jazzy/share/rmw_fastrtps_cpp/cmake)
[2.506s] -- Using RMW implementation 'rmw_fastrtps_cpp' as default
[3.967s] -- Found nav_msgs: 5.3.6 (/opt/ros/jazzy/share/nav_msgs/cmake)
[4.218s] -- Found sensor_msgs: 5.3.6 (/opt/ros/jazzy/share/sensor_msgs/cmake)
[4.364s] -- Found gz_math_vendor: 0.0.8 (/opt/ros/jazzy/share/gz_math_vendor/cmake)
[4.383s] -- Looking for gz-math7 -- found version 7.5.2
[4.412s] -- Searching for dependencies of gz-math7
[4.416s] -- Looking for gz-utils2 -- found version 2.2.1
[4.418s] -- Searching for dependencies of gz-utils2
[4.428s] -- Found gz_sim_vendor: 0.0.9 (/opt/ros/jazzy/share/gz_sim_vendor/cmake)
[4.483s] -- Looking for gz-sim8 -- found version 8.10.0
[4.483s] -- Searching for dependencies of gz-sim8
[4.484s] -- Looking for sdformat14 -- found version 14.8.0
[4.485s] -- Searching for dependencies of sdformat14
[4.520s] -- Checking for module 'tinyxml2'
[4.581s] --   Found tinyxml2, version 10.0.0
[4.848s] -- Looking for gz-math7 -- found version 7.5.2
[4.849s] -- Looking for gz-utils2 -- found version 2.2.1
[4.864s] -- Searching for dependencies of gz-utils2
[4.864s] -- Searching for <gz-utils2> component [cli]
[4.879s] -- Looking for gz-utils2-cli -- found version 2.2.1
[4.879s] -- Searching for dependencies of gz-utils2-cli
[4.891s] -- Looking for gz-plugin2 -- found version 2.0.4
[4.892s] -- Searching for dependencies of gz-plugin2
[4.904s] -- Looking for gz-utils2 -- found version 2.2.1
[4.904s] -- Searching for <gz-plugin2> component [loader]
[4.904s] -- Looking for gz-plugin2-loader -- found version 2.0.4
[4.904s] -- Searching for dependencies of gz-plugin2-loader
[4.921s] -- Searching for <gz-plugin2> component [register]
[4.944s] -- Looking for gz-plugin2-register -- found version 2.0.4
[4.951s] -- Searching for dependencies of gz-plugin2-register
[4.952s] -- Looking for gz-transport13 -- found version 13.5.0
[4.953s] -- Searching for dependencies of gz-transport13
[5.085s] -- Config-file not installed for ZeroMQ -- checking for pkg-config
[5.102s] -- Checking for module 'libzmq >= 4'
[5.165s] --   Found libzmq, version 4.3.5
[5.364s] -- Checking for module 'uuid'
[5.452s] --   Found uuid, version 2.39.3
[5.660s] -- Looking for gz-utils2 -- found version 2.2.1
[5.660s] -- Looking for gz-msgs10 -- found version 10.3.2
[5.660s] -- Searching for dependencies of gz-msgs10
[5.783s] -- Looking for gz-utils2 -- found version 2.2.1
[5.783s] -- Looking for gz-math7 -- found version 7.5.2
[5.813s] -- Searching for <gz-transport13> component [log]
[5.813s] -- Looking for gz-transport13-log -- found version 13.5.0
[5.814s] -- Searching for dependencies of gz-transport13-log
[5.817s] -- Searching for <gz-transport13> component [parameters]
[5.830s] -- Looking for gz-transport13-parameters -- found version 13.5.0
[5.830s] -- Searching for dependencies of gz-transport13-parameters
[5.833s] -- Looking for gz-msgs10 -- found version 10.3.2
[5.833s] -- Looking for gz-common5 -- found version 5.7.1
[5.834s] -- Searching for dependencies of gz-common5
[5.835s] -- Looking for gz-utils2 -- found version 2.2.1
[5.836s] -- Looking for dlfcn.h - found
[5.837s] -- Looking for libdl - found
[5.882s] -- Searching for <gz-common5> component [av]
[5.883s] -- Looking for gz-common5-av -- found version 5.7.1
[5.883s] -- Searching for dependencies of gz-common5-av
[5.915s] -- Checking for module 'libswscale'
[6.038s] --   Found libswscale, version 7.5.100
[6.220s] -- Checking for module 'libavdevice >= 56.4.100'
[6.339s] --   Found libavdevice, version 60.3.100
[6.686s] -- Checking for module 'libavformat'
[6.809s] --   Found libavformat, version 60.16.100
[7.156s] -- Checking for module 'libavcodec'
[7.241s] --   Found libavcodec, version 60.31.102
[7.502s] -- Checking for module 'libavutil'
[7.566s] --   Found libavutil, version 58.29.100
[7.701s] -- Searching for <gz-common5> component [events]
[7.702s] -- Looking for gz-common5-events -- found version 5.7.1
[7.702s] -- Searching for dependencies of gz-common5-events
[7.702s] -- Looking for gz-math7 -- found version 7.5.2
[7.703s] -- Searching for <gz-common5> component [graphics]
[7.703s] -- Looking for gz-common5-graphics -- found version 5.7.1
[7.703s] -- Searching for dependencies of gz-common5-graphics
[7.703s] -- Looking for gz-math7 -- found version 7.5.2
[7.714s] -- Searching for <gz-common5> component [io]
[7.715s] -- Looking for gz-common5-io -- found version 5.7.1
[7.716s] -- Searching for dependencies of gz-common5-io
[7.718s] -- Searching for <gz-common5> component [profiler]
[7.719s] -- Looking for gz-common5-profiler -- found version 5.7.1
[7.724s] -- Searching for dependencies of gz-common5-profiler
[7.725s] -- Looking for gz-fuel_tools9 -- found version 9.1.1
[7.725s] -- Searching for dependencies of gz-fuel_tools9
[7.919s] -- Checking for module 'jsoncpp'
[8.021s] --   Found jsoncpp, version 1.9.5
[8.207s] -- Checking for module 'yaml-0.1'
[8.272s] --   Found yaml-0.1, version 0.2.5
[8.533s] -- Checking for module 'libzip'
[8.618s] --   Found libzip, version 1.7.3
[8.875s] -- Looking for gz-utils2 -- found version 2.2.1
[8.877s] -- Looking for gz-common5 -- found version 5.7.1
[8.879s] -- Searching for dependencies of gz-common5
[8.880s] -- Looking for gz-utils2 -- found version 2.2.1
[8.904s] -- Looking for dlfcn.h - found
[8.904s] -- Looking for libdl - found
[8.937s] -- Searching for <gz-common5> component [testing]
[8.938s] -- Looking for gz-common5-testing -- found version 5.7.1
[8.938s] -- Searching for dependencies of gz-common5-testing
[8.941s] -- Looking for gz-math7 -- found version 7.5.2
[8.945s] -- Looking for gz-msgs10 -- found version 10.3.2
[8.959s] -- Looking for gz-gui8 -- found version 8.4.0
[8.960s] -- Searching for dependencies of gz-gui8
[9.080s] -- Looking for gz-utils2 -- found version 2.2.1
[9.081s] -- Looking for gz-math7 -- found version 7.5.2
[9.082s] -- Looking for gz-common5 -- found version 5.7.1
[9.082s] -- Looking for gz-plugin2 -- found version 2.0.4
[9.091s] -- Looking for gz-transport13 -- found version 13.5.0
[9.091s] -- Looking for gz-rendering8 -- found version 8.2.2
[9.092s] -- Searching for dependencies of gz-rendering8
[9.092s] -- Looking for gz-math7 -- found version 7.5.2
[9.094s] -- Searching for dependencies of gz-math7
[9.094s] -- Looking for gz-utils2 -- found version 2.2.1
[9.094s] -- Searching for <gz-math7> component [eigen3]
[9.094s] -- Looking for gz-math7-eigen3 -- found version 7.5.2
[9.095s] -- Searching for dependencies of gz-math7-eigen3
[9.098s] -- Looking for gz-common5 -- found version 5.7.1
[9.098s] -- Searching for dependencies of gz-common5
[9.098s] -- Looking for gz-utils2 -- found version 2.2.1
[9.098s] -- Looking for dlfcn.h - found
[9.099s] -- Looking for libdl - found
[9.135s] -- Searching for <gz-common5> component [graphics]
[9.138s] -- Searching for <gz-common5> component [events]
[9.138s] -- Searching for <gz-common5> component [geospatial]
[9.138s] -- Looking for gz-common5-geospatial -- found version 5.7.1
[9.138s] -- Searching for dependencies of gz-common5-geospatial
[9.138s] -- Looking for gz-math7 -- found version 7.5.2
[9.139s] -- Looking for gz-common5 -- found version 5.7.1
[9.141s] -- Looking for gz-plugin2 -- found version 2.0.4
[9.170s] -- Searching for dependencies of gz-plugin2
[9.170s] -- Looking for gz-utils2 -- found version 2.2.1
[9.170s] -- Searching for <gz-plugin2> component [all]
[9.171s] -- Looking for all libraries of gz-plugin2 -- found version 2.0.4
[9.171s] -- Looking for gz-plugin2 -- found version 2.0.4
[9.171s] -- Looking for gz-utils2 -- found version 2.2.1
[9.171s] -- Looking for gz-msgs10 -- found version 10.3.2
[9.233s] -- Looking for gz-physics7 -- found version 7.6.0
[9.234s] -- Searching for dependencies of gz-physics7
[9.235s] -- Looking for gz-common5 -- found version 5.7.1
[9.235s] -- Looking for gz-math7 -- found version 7.5.2
[9.235s] -- Looking for gz-plugin2 -- found version 2.0.4
[9.235s] -- Looking for gz-utils2 -- found version 2.2.1
[9.239s] -- Searching for <gz-physics7> component [heightmap]
[9.240s] -- Looking for gz-physics7-heightmap -- found version 7.6.0
[9.244s] -- Searching for dependencies of gz-physics7-heightmap
[9.245s] -- Looking for gz-common5 -- found version 5.7.1
[9.245s] -- Searching for <gz-physics7> component [mesh]
[9.245s] -- Looking for gz-physics7-mesh -- found version 7.6.0
[9.245s] -- Searching for dependencies of gz-physics7-mesh
[9.246s] -- Looking for gz-common5 -- found version 5.7.1
[9.248s] -- Searching for <gz-physics7> component [sdf]
[9.249s] -- Looking for gz-physics7-sdf -- found version 7.6.0
[9.250s] -- Searching for dependencies of gz-physics7-sdf
[9.250s] -- Looking for sdformat14 -- found version 14.8.0
[9.254s] -- Looking for gz-sensors8 -- found version 8.2.2
[9.254s] -- Searching for dependencies of gz-sensors8
[9.313s] -- Looking for gz-math7 -- found version 7.5.2
[9.320s] -- Looking for gz-common5 -- found version 5.7.1
[9.321s] -- Looking for gz-transport13 -- found version 13.5.0
[9.323s] -- Looking for gz-rendering8 -- found version 8.2.2
[9.326s] -- Looking for gz-msgs10 -- found version 10.3.2
[9.331s] -- Looking for sdformat14 -- found version 14.8.0
[9.331s] -- Searching for <gz-sensors8> component [air_pressure]
[9.331s] -- Looking for gz-sensors8-air_pressure -- found version 8.2.2
[9.332s] -- Searching for dependencies of gz-sensors8-air_pressure
[9.332s] -- Searching for <gz-sensors8> component [air_speed]
[9.333s] -- Looking for gz-sensors8-air_speed -- found version 8.2.2
[9.334s] -- Searching for dependencies of gz-sensors8-air_speed
[9.335s] -- Searching for <gz-sensors8> component [altimeter]
[9.338s] -- Looking for gz-sensors8-altimeter -- found version 8.2.2
[9.339s] -- Searching for dependencies of gz-sensors8-altimeter
[9.343s] -- Searching for <gz-sensors8> component [imu]
[9.345s] -- Looking for gz-sensors8-imu -- found version 8.2.2
[9.346s] -- Searching for dependencies of gz-sensors8-imu
[9.349s] -- Searching for <gz-sensors8> component [force_torque]
[9.359s] -- Looking for gz-sensors8-force_torque -- found version 8.2.2
[9.359s] -- Searching for dependencies of gz-sensors8-force_torque
[9.360s] -- Searching for <gz-sensors8> component [logical_camera]
[9.361s] -- Looking for gz-sensors8-logical_camera -- found version 8.2.2
[9.362s] -- Searching for dependencies of gz-sensors8-logical_camera
[9.362s] -- Searching for <gz-sensors8> component [magnetometer]
[9.363s] -- Looking for gz-sensors8-magnetometer -- found version 8.2.2
[9.363s] -- Searching for dependencies of gz-sensors8-magnetometer
[9.363s] -- Searching for <gz-sensors8> component [navsat]
[9.369s] -- Looking for gz-sensors8-navsat -- found version 8.2.2
[9.369s] -- Searching for dependencies of gz-sensors8-navsat
[9.369s] -- Searching for <gz-sensors8> component [dvl]
[9.371s] -- Looking for gz-sensors8-dvl -- found version 8.2.2
[9.371s] -- Searching for dependencies of gz-sensors8-dvl
[9.373s] -- Looking for gz-sensors8 -- found version 8.2.2
[9.375s] -- Searching for dependencies of gz-sensors8
[9.493s] -- Looking for gz-math7 -- found version 7.5.2
[9.497s] -- Looking for gz-common5 -- found version 5.7.1
[9.497s] -- Looking for gz-transport13 -- found version 13.5.0
[9.499s] -- Looking for gz-rendering8 -- found version 8.2.2
[9.500s] -- Looking for gz-msgs10 -- found version 10.3.2
[9.504s] -- Looking for sdformat14 -- found version 14.8.0
[9.512s] -- Searching for <gz-sensors8> component [rendering]
[9.514s] -- Looking for gz-sensors8-rendering -- found version 8.2.2
[9.514s] -- Searching for dependencies of gz-sensors8-rendering
[9.515s] -- Searching for <gz-sensors8> component [rendering]
[9.515s] -- Searching for <gz-sensors8> component [lidar]
[9.517s] -- Looking for gz-sensors8-lidar -- found version 8.2.2
[9.518s] -- Searching for dependencies of gz-sensors8-lidar
[9.521s] -- Looking for gz-sensors8 -- found version 8.2.2
[9.524s] -- Searching for <gz-sensors8> component [gpu_lidar]
[9.531s] -- Looking for gz-sensors8-gpu_lidar -- found version 8.2.2
[9.531s] -- Searching for dependencies of gz-sensors8-gpu_lidar
[9.532s] -- Looking for gz-sensors8 -- found version 8.2.2
[9.534s] -- Searching for <gz-sensors8> component [camera]
[9.534s] -- Looking for gz-sensors8-camera -- found version 8.2.2
[9.534s] -- Searching for dependencies of gz-sensors8-camera
[9.535s] -- Looking for gz-sensors8 -- found version 8.2.2
[9.536s] -- Searching for <gz-sensors8> component [boundingbox_camera]
[9.537s] -- Looking for gz-sensors8-boundingbox_camera -- found version 8.2.2
[9.542s] -- Searching for dependencies of gz-sensors8-boundingbox_camera
[9.544s] -- Searching for <gz-sensors8> component [segmentation_camera]
[9.546s] -- Looking for gz-sensors8-segmentation_camera -- found version 8.2.2
[9.548s] -- Searching for dependencies of gz-sensors8-segmentation_camera
[9.550s] -- Searching for <gz-sensors8> component [depth_camera]
[9.551s] -- Looking for gz-sensors8-depth_camera -- found version 8.2.2
[9.552s] -- Searching for dependencies of gz-sensors8-depth_camera
[9.553s] -- Looking for gz-sensors8 -- found version 8.2.2
[9.564s] -- Searching for <gz-sensors8> component [rgbd_camera]
[9.564s] -- Looking for gz-sensors8-rgbd_camera -- found version 8.2.2
[9.564s] -- Searching for dependencies of gz-sensors8-rgbd_camera
[9.565s] -- Looking for gz-sensors8 -- found version 8.2.2
[9.565s] -- Searching for <gz-sensors8> component [thermal_camera]
[9.565s] -- Looking for gz-sensors8-thermal_camera -- found version 8.2.2
[9.565s] -- Searching for dependencies of gz-sensors8-thermal_camera
[9.568s] -- Looking for gz-sensors8 -- found version 8.2.2
[9.569s] -- Searching for <gz-sensors8> component [wide_angle_camera]
[9.569s] -- Looking for gz-sensors8-wide_angle_camera -- found version 8.2.2
[9.570s] -- Searching for dependencies of gz-sensors8-wide_angle_camera
[9.571s] -- Looking for gz-rendering8 -- found version 8.2.2
[9.573s] -- Looking for gz-math7 -- found version 7.5.2
[9.573s] -- Looking for gz-utils2 -- found version 2.2.1
[9.645s] -- Looking for gz-plugin2 -- found version 2.0.4
[10.070s] -- Configuring done (9.8s)
[10.205s] -- Generating done (0.1s)
[10.244s] -- Build files have been written to: /root/ros_workspace/build/turtlebot3_gazebo
[10.662s] Invoked command in '/root/ros_workspace/build/turtlebot3_gazebo' returned '0': CMAKE_PREFIX_PATH=${CMAKE_PREFIX_PATH}:/root/ros_workspace/install/turtlebot3_teleop:/root/ros_workspace/install/turtlebot3_example:/root/ros_workspace/install/turtlebot3_control:/opt/ros/jazzy /usr/bin/cmake /root/ros_workspace/src/turtlebot3_simulations/turtlebot3_gazebo -DCMAKE_INSTALL_PREFIX=/root/ros_workspace/install/turtlebot3_gazebo
[10.671s] Invoking command in '/root/ros_workspace/build/turtlebot3_gazebo': CMAKE_PREFIX_PATH=${CMAKE_PREFIX_PATH}:/root/ros_workspace/install/turtlebot3_teleop:/root/ros_workspace/install/turtlebot3_example:/root/ros_workspace/install/turtlebot3_control:/opt/ros/jazzy /usr/bin/cmake --build /root/ros_workspace/build/turtlebot3_gazebo -- -j12 -l12
[10.883s] [ 25%] Built target obstacles
[10.895s] [ 50%] Built target turtlebot3_drive
[10.929s] [ 75%] Built target obstacle1
[11.028s] [100%] Built target obstacle2
[11.117s] Invoked command in '/root/ros_workspace/build/turtlebot3_gazebo' returned '0': CMAKE_PREFIX_PATH=${CMAKE_PREFIX_PATH}:/root/ros_workspace/install/turtlebot3_teleop:/root/ros_workspace/install/turtlebot3_example:/root/ros_workspace/install/turtlebot3_control:/opt/ros/jazzy /usr/bin/cmake --build /root/ros_workspace/build/turtlebot3_gazebo -- -j12 -l12
[11.118s] Invoking command in '/root/ros_workspace/build/turtlebot3_gazebo': CMAKE_PREFIX_PATH=${CMAKE_PREFIX_PATH}:/root/ros_workspace/install/turtlebot3_teleop:/root/ros_workspace/install/turtlebot3_example:/root/ros_workspace/install/turtlebot3_control:/opt/ros/jazzy /usr/bin/cmake --install /root/ros_workspace/build/turtlebot3_gazebo
[11.149s] -- Install configuration: ""
[11.158s] -- Execute custom install script
[11.159s] -- Up-to-date symlink: /root/ros_workspace/install/turtlebot3_gazebo/lib/turtlebot3_gazebo/turtlebot3_drive
[11.159s] -- Up-to-date symlink: /root/ros_workspace/install/turtlebot3_gazebo/lib/turtlebot3_gazebo/libobstacles.so
[11.160s] -- Up-to-date symlink: /root/ros_workspace/install/turtlebot3_gazebo/lib/turtlebot3_gazebo/libobstacle1.so
[11.164s] -- Up-to-date symlink: /root/ros_workspace/install/turtlebot3_gazebo/lib/turtlebot3_gazebo/libobstacle2.so
[11.171s] -- Up-to-date symlink: /root/ros_workspace/install/turtlebot3_gazebo/share/turtlebot3_gazebo//launch/empty_world.launch.py
[11.173s] -- Up-to-date symlink: /root/ros_workspace/install/turtlebot3_gazebo/share/turtlebot3_gazebo//launch/robot_state_publisher.launch.py
[11.173s] -- Up-to-date symlink: /root/ros_workspace/install/turtlebot3_gazebo/share/turtlebot3_gazebo//launch/spawn_turtlebot3.launch.py
[11.173s] -- Up-to-date symlink: /root/ros_workspace/install/turtlebot3_gazebo/share/turtlebot3_gazebo//launch/turtlebot3_dqn_stage1.launch.py
[11.173s] -- Up-to-date symlink: /root/ros_workspace/install/turtlebot3_gazebo/share/turtlebot3_gazebo//launch/turtlebot3_dqn_stage2.launch.py
[11.174s] -- Up-to-date symlink: /root/ros_workspace/install/turtlebot3_gazebo/share/turtlebot3_gazebo//launch/turtlebot3_dqn_stage3.launch.py
[11.174s] -- Up-to-date symlink: /root/ros_workspace/install/turtlebot3_gazebo/share/turtlebot3_gazebo//launch/turtlebot3_dqn_stage4.launch.py
[11.174s] -- Up-to-date symlink: /root/ros_workspace/install/turtlebot3_gazebo/share/turtlebot3_gazebo//launch/turtlebot3_house.launch.py
[11.175s] -- Up-to-date symlink: /root/ros_workspace/install/turtlebot3_gazebo/share/turtlebot3_gazebo//launch/turtlebot3_world.launch.py
[11.178s] -- Up-to-date symlink: /root/ros_workspace/install/turtlebot3_gazebo/share/turtlebot3_gazebo//models/turtlebot3_burger/model-1_4.sdf
[11.191s] -- Up-to-date symlink: /root/ros_workspace/install/turtlebot3_gazebo/share/turtlebot3_gazebo//models/turtlebot3_burger/model.config
[11.191s] -- Up-to-date symlink: /root/ros_workspace/install/turtlebot3_gazebo/share/turtlebot3_gazebo//models/turtlebot3_burger/model.sdf
[11.191s] -- Up-to-date symlink: /root/ros_workspace/install/turtlebot3_gazebo/share/turtlebot3_gazebo//models/turtlebot3_burger_cam/model-1_4.sdf
[11.192s] -- Up-to-date symlink: /root/ros_workspace/install/turtlebot3_gazebo/share/turtlebot3_gazebo//models/turtlebot3_burger_cam/model.config
[11.192s] -- Up-to-date symlink: /root/ros_workspace/install/turtlebot3_gazebo/share/turtlebot3_gazebo//models/turtlebot3_burger_cam/model.sdf
[11.192s] -- Up-to-date symlink: /root/ros_workspace/install/turtlebot3_gazebo/share/turtlebot3_gazebo//models/turtlebot3_common/meshes/bases/burger_base.stl
[11.192s] -- Up-to-date symlink: /root/ros_workspace/install/turtlebot3_gazebo/share/turtlebot3_gazebo//models/turtlebot3_common/meshes/bases/waffle_base.stl
[11.193s] -- Up-to-date symlink: /root/ros_workspace/install/turtlebot3_gazebo/share/turtlebot3_gazebo//models/turtlebot3_common/meshes/bases/waffle_pi_base.stl
[11.193s] -- Up-to-date symlink: /root/ros_workspace/install/turtlebot3_gazebo/share/turtlebot3_gazebo//models/turtlebot3_common/meshes/burger_base.dae
[11.193s] -- Up-to-date symlink: /root/ros_workspace/install/turtlebot3_gazebo/share/turtlebot3_gazebo//models/turtlebot3_common/meshes/lds.dae
[11.194s] -- Up-to-date symlink: /root/ros_workspace/install/turtlebot3_gazebo/share/turtlebot3_gazebo//models/turtlebot3_common/meshes/r200.dae
[11.204s] -- Up-to-date symlink: /root/ros_workspace/install/turtlebot3_gazebo/share/turtlebot3_gazebo//models/turtlebot3_common/meshes/sensors/astra.dae
[11.205s] -- Up-to-date symlink: /root/ros_workspace/install/turtlebot3_gazebo/share/turtlebot3_gazebo//models/turtlebot3_common/meshes/sensors/astra.jpg
[11.206s] -- Up-to-date symlink: /root/ros_workspace/install/turtlebot3_gazebo/share/turtlebot3_gazebo//models/turtlebot3_common/meshes/sensors/lds.stl
[11.206s] -- Up-to-date symlink: /root/ros_workspace/install/turtlebot3_gazebo/share/turtlebot3_gazebo//models/turtlebot3_common/meshes/sensors/r200.dae
[11.208s] -- Up-to-date symlink: /root/ros_workspace/install/turtlebot3_gazebo/share/turtlebot3_gazebo//models/turtlebot3_common/meshes/sensors/r200.jpg
[11.210s] -- Up-to-date symlink: /root/ros_workspace/install/turtlebot3_gazebo/share/turtlebot3_gazebo//models/turtlebot3_common/meshes/tire.dae
[11.211s] -- Up-to-date symlink: /root/ros_workspace/install/turtlebot3_gazebo/share/turtlebot3_gazebo//models/turtlebot3_common/meshes/waffle_base.dae
[11.212s] -- Up-to-date symlink: /root/ros_workspace/install/turtlebot3_gazebo/share/turtlebot3_gazebo//models/turtlebot3_common/meshes/waffle_pi_base.dae
[11.212s] -- Up-to-date symlink: /root/ros_workspace/install/turtlebot3_gazebo/share/turtlebot3_gazebo//models/turtlebot3_common/meshes/wheels/left_tire.stl
[11.213s] -- Up-to-date symlink: /root/ros_workspace/install/turtlebot3_gazebo/share/turtlebot3_gazebo//models/turtlebot3_common/meshes/wheels/right_tire.stl
[11.213s] -- Up-to-date symlink: /root/ros_workspace/install/turtlebot3_gazebo/share/turtlebot3_gazebo//models/turtlebot3_common/model.config
[11.213s] -- Up-to-date symlink: /root/ros_workspace/install/turtlebot3_gazebo/share/turtlebot3_gazebo//models/turtlebot3_dqn_world/goal_box/model.config
[11.214s] -- Up-to-date symlink: /root/ros_workspace/install/turtlebot3_gazebo/share/turtlebot3_gazebo//models/turtlebot3_dqn_world/goal_box/model.sdf
[11.214s] -- Up-to-date symlink: /root/ros_workspace/install/turtlebot3_gazebo/share/turtlebot3_gazebo//models/turtlebot3_dqn_world/inner_walls/model.config
[11.215s] -- Up-to-date symlink: /root/ros_workspace/install/turtlebot3_gazebo/share/turtlebot3_gazebo//models/turtlebot3_dqn_world/inner_walls/model.sdf
[11.215s] -- Up-to-date symlink: /root/ros_workspace/install/turtlebot3_gazebo/share/turtlebot3_gazebo//models/turtlebot3_dqn_world/inner_walls/textures/wood.png
[11.216s] -- Up-to-date symlink: /root/ros_workspace/install/turtlebot3_gazebo/share/turtlebot3_gazebo//models/turtlebot3_dqn_world/model.config
[11.216s] -- Up-to-date symlink: /root/ros_workspace/install/turtlebot3_gazebo/share/turtlebot3_gazebo//models/turtlebot3_dqn_world/model.sdf
[11.216s] -- Up-to-date symlink: /root/ros_workspace/install/turtlebot3_gazebo/share/turtlebot3_gazebo//models/turtlebot3_dqn_world/obstacle1/model.config
[11.216s] -- Up-to-date symlink: /root/ros_workspace/install/turtlebot3_gazebo/share/turtlebot3_gazebo//models/turtlebot3_dqn_world/obstacle1/model.sdf
[11.216s] -- Up-to-date symlink: /root/ros_workspace/install/turtlebot3_gazebo/share/turtlebot3_gazebo//models/turtlebot3_dqn_world/obstacle2/model.config
[11.217s] -- Up-to-date symlink: /root/ros_workspace/install/turtlebot3_gazebo/share/turtlebot3_gazebo//models/turtlebot3_dqn_world/obstacle2/model.sdf
[11.218s] -- Up-to-date symlink: /root/ros_workspace/install/turtlebot3_gazebo/share/turtlebot3_gazebo//models/turtlebot3_dqn_world/obstacles/model.config
[11.218s] -- Up-to-date symlink: /root/ros_workspace/install/turtlebot3_gazebo/share/turtlebot3_gazebo//models/turtlebot3_dqn_world/obstacles/model.sdf
[11.218s] -- Up-to-date symlink: /root/ros_workspace/install/turtlebot3_gazebo/share/turtlebot3_gazebo//models/turtlebot3_dqn_world/textures/wood.png
[11.218s] -- Up-to-date symlink: /root/ros_workspace/install/turtlebot3_gazebo/share/turtlebot3_gazebo//models/turtlebot3_house/cafe_table/materials/textures/Maple.jpg
[11.219s] -- Up-to-date symlink: /root/ros_workspace/install/turtlebot3_gazebo/share/turtlebot3_gazebo//models/turtlebot3_house/cafe_table/materials/textures/Wood_Floor_Dark.jpg
[11.219s] -- Up-to-date symlink: /root/ros_workspace/install/turtlebot3_gazebo/share/turtlebot3_gazebo//models/turtlebot3_house/cafe_table/meshes/cafe_table.dae
[11.219s] -- Up-to-date symlink: /root/ros_workspace/install/turtlebot3_gazebo/share/turtlebot3_gazebo//models/turtlebot3_house/cafe_table/model-1_4.sdf
[11.219s] -- Up-to-date symlink: /root/ros_workspace/install/turtlebot3_gazebo/share/turtlebot3_gazebo//models/turtlebot3_house/cafe_table/model.config
[11.219s] -- Up-to-date symlink: /root/ros_workspace/install/turtlebot3_gazebo/share/turtlebot3_gazebo//models/turtlebot3_house/cafe_table/model.sdf
[11.220s] -- Up-to-date symlink: /root/ros_workspace/install/turtlebot3_gazebo/share/turtlebot3_gazebo//models/turtlebot3_house/first_2015_trash_can/meshes/trash_can.dae
[11.220s] -- Up-to-date symlink: /root/ros_workspace/install/turtlebot3_gazebo/share/turtlebot3_gazebo//models/turtlebot3_house/first_2015_trash_can/model.config
[11.220s] -- Up-to-date symlink: /root/ros_workspace/install/turtlebot3_gazebo/share/turtlebot3_gazebo//models/turtlebot3_house/first_2015_trash_can/model.sdf
[11.220s] -- Up-to-date symlink: /root/ros_workspace/install/turtlebot3_gazebo/share/turtlebot3_gazebo//models/turtlebot3_house/mailbox/materials/scripts/mailbox.material
[11.221s] -- Up-to-date symlink: /root/ros_workspace/install/turtlebot3_gazebo/share/turtlebot3_gazebo//models/turtlebot3_house/mailbox/materials/textures/Mailbox_Diffuse.png
[11.221s] -- Up-to-date symlink: /root/ros_workspace/install/turtlebot3_gazebo/share/turtlebot3_gazebo//models/turtlebot3_house/mailbox/materials/textures/Mailbox_Diffuse.tga.orig
[11.223s] -- Up-to-date symlink: /root/ros_workspace/install/turtlebot3_gazebo/share/turtlebot3_gazebo//models/turtlebot3_house/mailbox/materials/textures/Mailbox_Spec.png
[11.224s] -- Up-to-date symlink: /root/ros_workspace/install/turtlebot3_gazebo/share/turtlebot3_gazebo//models/turtlebot3_house/mailbox/meshes/mailbox.dae
[11.225s] -- Up-to-date symlink: /root/ros_workspace/install/turtlebot3_gazebo/share/turtlebot3_gazebo//models/turtlebot3_house/mailbox/model-1_3.sdf
[11.225s] -- Up-to-date symlink: /root/ros_workspace/install/turtlebot3_gazebo/share/turtlebot3_gazebo//models/turtlebot3_house/mailbox/model-1_4.sdf
[11.226s] -- Up-to-date symlink: /root/ros_workspace/install/turtlebot3_gazebo/share/turtlebot3_gazebo//models/turtlebot3_house/mailbox/model.config
[11.226s] -- Up-to-date symlink: /root/ros_workspace/install/turtlebot3_gazebo/share/turtlebot3_gazebo//models/turtlebot3_house/mailbox/model.sdf
[11.227s] -- Up-to-date symlink: /root/ros_workspace/install/turtlebot3_gazebo/share/turtlebot3_gazebo//models/turtlebot3_house/model.config
[11.227s] -- Up-to-date symlink: /root/ros_workspace/install/turtlebot3_gazebo/share/turtlebot3_gazebo//models/turtlebot3_house/model.sdf
[11.228s] -- Up-to-date symlink: /root/ros_workspace/install/turtlebot3_gazebo/share/turtlebot3_gazebo//models/turtlebot3_house/table_marble/materials/scripts/table_lightmap.material
[11.228s] -- Up-to-date symlink: /root/ros_workspace/install/turtlebot3_gazebo/share/turtlebot3_gazebo//models/turtlebot3_house/table_marble/materials/textures/marble.png
[11.229s] -- Up-to-date symlink: /root/ros_workspace/install/turtlebot3_gazebo/share/turtlebot3_gazebo//models/turtlebot3_house/table_marble/materials/textures/table_lightmap.png
[11.230s] -- Up-to-date symlink: /root/ros_workspace/install/turtlebot3_gazebo/share/turtlebot3_gazebo//models/turtlebot3_house/table_marble/meshes/table_lightmap.dae
[11.230s] -- Up-to-date symlink: /root/ros_workspace/install/turtlebot3_gazebo/share/turtlebot3_gazebo//models/turtlebot3_house/table_marble/model-1_4.sdf
[11.230s] -- Up-to-date symlink: /root/ros_workspace/install/turtlebot3_gazebo/share/turtlebot3_gazebo//models/turtlebot3_house/table_marble/model.config
[11.230s] -- Up-to-date symlink: /root/ros_workspace/install/turtlebot3_gazebo/share/turtlebot3_gazebo//models/turtlebot3_house/table_marble/model.sdf
[11.231s] -- Up-to-date symlink: /root/ros_workspace/install/turtlebot3_gazebo/share/turtlebot3_gazebo//models/turtlebot3_house/textures/bricks.png
[11.231s] -- Up-to-date symlink: /root/ros_workspace/install/turtlebot3_gazebo/share/turtlebot3_gazebo//models/turtlebot3_house/textures/wood.png
[11.231s] -- Up-to-date symlink: /root/ros_workspace/install/turtlebot3_gazebo/share/turtlebot3_gazebo//models/turtlebot3_waffle/model-1_4.sdf
[11.231s] -- Up-to-date symlink: /root/ros_workspace/install/turtlebot3_gazebo/share/turtlebot3_gazebo//models/turtlebot3_waffle/model.config
[11.232s] -- Up-to-date symlink: /root/ros_workspace/install/turtlebot3_gazebo/share/turtlebot3_gazebo//models/turtlebot3_waffle/model.sdf
[11.235s] -- Up-to-date symlink: /root/ros_workspace/install/turtlebot3_gazebo/share/turtlebot3_gazebo//models/turtlebot3_waffle_pi/model-1_4_.sdf
[11.235s] -- Up-to-date symlink: /root/ros_workspace/install/turtlebot3_gazebo/share/turtlebot3_gazebo//models/turtlebot3_waffle_pi/model.config
[11.235s] -- Up-to-date symlink: /root/ros_workspace/install/turtlebot3_gazebo/share/turtlebot3_gazebo//models/turtlebot3_waffle_pi/model.sdf
[11.237s] -- Up-to-date symlink: /root/ros_workspace/install/turtlebot3_gazebo/share/turtlebot3_gazebo//models/turtlebot3_world/meshes/hexagon.dae
[11.238s] -- Up-to-date symlink: /root/ros_workspace/install/turtlebot3_gazebo/share/turtlebot3_gazebo//models/turtlebot3_world/meshes/wall.dae
[11.238s] -- Up-to-date symlink: /root/ros_workspace/install/turtlebot3_gazebo/share/turtlebot3_gazebo//models/turtlebot3_world/model-1_4.sdf
[11.238s] -- Up-to-date symlink: /root/ros_workspace/install/turtlebot3_gazebo/share/turtlebot3_gazebo//models/turtlebot3_world/model.config
[11.238s] -- Up-to-date symlink: /root/ros_workspace/install/turtlebot3_gazebo/share/turtlebot3_gazebo//models/turtlebot3_world/model.sdf
[11.239s] -- Up-to-date symlink: /root/ros_workspace/install/turtlebot3_gazebo/share/turtlebot3_gazebo//params/turtlebot3_burger_bridge.yaml
[11.241s] -- Up-to-date symlink: /root/ros_workspace/install/turtlebot3_gazebo/share/turtlebot3_gazebo//params/turtlebot3_burger_cam_bridge.yaml
[11.245s] -- Up-to-date symlink: /root/ros_workspace/install/turtlebot3_gazebo/share/turtlebot3_gazebo//params/turtlebot3_waffle_bridge.yaml
[11.245s] -- Up-to-date symlink: /root/ros_workspace/install/turtlebot3_gazebo/share/turtlebot3_gazebo//params/turtlebot3_waffle_pi_bridge.yaml
[11.246s] -- Up-to-date symlink: /root/ros_workspace/install/turtlebot3_gazebo/share/turtlebot3_gazebo//rviz/tb3_gazebo.rviz
[11.246s] -- Up-to-date symlink: /root/ros_workspace/install/turtlebot3_gazebo/share/turtlebot3_gazebo//urdf/common_properties.urdf
[11.246s] -- Up-to-date symlink: /root/ros_workspace/install/turtlebot3_gazebo/share/turtlebot3_gazebo//urdf/turtlebot3_burger.urdf
[11.246s] -- Up-to-date symlink: /root/ros_workspace/install/turtlebot3_gazebo/share/turtlebot3_gazebo//urdf/turtlebot3_burger_cam.urdf
[11.247s] -- Up-to-date symlink: /root/ros_workspace/install/turtlebot3_gazebo/share/turtlebot3_gazebo//urdf/turtlebot3_waffle.urdf
[11.247s] -- Up-to-date symlink: /root/ros_workspace/install/turtlebot3_gazebo/share/turtlebot3_gazebo//urdf/turtlebot3_waffle_pi.urdf
[11.247s] -- Up-to-date symlink: /root/ros_workspace/install/turtlebot3_gazebo/share/turtlebot3_gazebo//worlds/empty_world.world
[11.247s] -- Up-to-date symlink: /root/ros_workspace/install/turtlebot3_gazebo/share/turtlebot3_gazebo//worlds/turtlebot3_autorace_2020.world
[11.248s] -- Up-to-date symlink: /root/ros_workspace/install/turtlebot3_gazebo/share/turtlebot3_gazebo//worlds/turtlebot3_dqn_stage1.world
[11.248s] -- Up-to-date symlink: /root/ros_workspace/install/turtlebot3_gazebo/share/turtlebot3_gazebo//worlds/turtlebot3_dqn_stage2.world
[11.248s] -- Up-to-date symlink: /root/ros_workspace/install/turtlebot3_gazebo/share/turtlebot3_gazebo//worlds/turtlebot3_dqn_stage3.world
[11.248s] -- Up-to-date symlink: /root/ros_workspace/install/turtlebot3_gazebo/share/turtlebot3_gazebo//worlds/turtlebot3_dqn_stage4.world
[11.249s] -- Up-to-date symlink: /root/ros_workspace/install/turtlebot3_gazebo/share/turtlebot3_gazebo//worlds/turtlebot3_house.world
[11.249s] -- Up-to-date symlink: /root/ros_workspace/install/turtlebot3_gazebo/share/turtlebot3_gazebo//worlds/turtlebot3_world.world
[11.249s] -- Up-to-date symlink: /root/ros_workspace/install/turtlebot3_gazebo/include//turtlebot3_gazebo/obstacle1.hpp
[11.249s] -- Up-to-date symlink: /root/ros_workspace/install/turtlebot3_gazebo/include//turtlebot3_gazebo/obstacle2.hpp
[11.250s] -- Up-to-date symlink: /root/ros_workspace/install/turtlebot3_gazebo/include//turtlebot3_gazebo/obstacles.hpp
[11.250s] -- Up-to-date symlink: /root/ros_workspace/install/turtlebot3_gazebo/include//turtlebot3_gazebo/traffic_bar_plugin.hpp
[11.250s] -- Up-to-date symlink: /root/ros_workspace/install/turtlebot3_gazebo/include//turtlebot3_gazebo/traffic_light_plugin.hpp
[11.251s] -- Up-to-date symlink: /root/ros_workspace/install/turtlebot3_gazebo/include//turtlebot3_gazebo/turtlebot3_drive.hpp
[11.251s] -- Up-to-date symlink: /root/ros_workspace/install/turtlebot3_gazebo/share/ament_index/resource_index/package_run_dependencies/turtlebot3_gazebo
[11.251s] -- Up-to-date symlink: /root/ros_workspace/install/turtlebot3_gazebo/share/ament_index/resource_index/parent_prefix_path/turtlebot3_gazebo
[11.251s] -- Up-to-date symlink: /root/ros_workspace/install/turtlebot3_gazebo/share/turtlebot3_gazebo/environment/ament_prefix_path.sh
[11.252s] -- Up-to-date symlink: /root/ros_workspace/install/turtlebot3_gazebo/share/turtlebot3_gazebo/environment/ament_prefix_path.dsv
[11.252s] -- Up-to-date symlink: /root/ros_workspace/install/turtlebot3_gazebo/share/turtlebot3_gazebo/environment/path.sh
[11.252s] -- Up-to-date symlink: /root/ros_workspace/install/turtlebot3_gazebo/share/turtlebot3_gazebo/environment/path.dsv
[11.252s] -- Up-to-date symlink: /root/ros_workspace/install/turtlebot3_gazebo/share/turtlebot3_gazebo/local_setup.bash
[11.253s] -- Up-to-date symlink: /root/ros_workspace/install/turtlebot3_gazebo/share/turtlebot3_gazebo/local_setup.sh
[11.253s] -- Up-to-date symlink: /root/ros_workspace/install/turtlebot3_gazebo/share/turtlebot3_gazebo/local_setup.zsh
[11.253s] -- Up-to-date symlink: /root/ros_workspace/install/turtlebot3_gazebo/share/turtlebot3_gazebo/local_setup.dsv
[11.253s] -- Symlinking: /root/ros_workspace/install/turtlebot3_gazebo/share/turtlebot3_gazebo/package.dsv
[11.306s] -- Up-to-date symlink: /root/ros_workspace/install/turtlebot3_gazebo/share/ament_index/resource_index/packages/turtlebot3_gazebo
[11.307s] -- Up-to-date symlink: /root/ros_workspace/install/turtlebot3_gazebo/share/turtlebot3_gazebo/cmake/ament_cmake_export_include_directories-extras.cmake
[11.307s] -- Up-to-date symlink: /root/ros_workspace/install/turtlebot3_gazebo/share/turtlebot3_gazebo/cmake/ament_cmake_export_dependencies-extras.cmake
[11.307s] -- Up-to-date symlink: /root/ros_workspace/install/turtlebot3_gazebo/share/turtlebot3_gazebo/cmake/turtlebot3_gazeboConfig.cmake
[11.308s] -- Up-to-date symlink: /root/ros_workspace/install/turtlebot3_gazebo/share/turtlebot3_gazebo/cmake/turtlebot3_gazeboConfig-version.cmake
[11.308s] -- Up-to-date symlink: /root/ros_workspace/install/turtlebot3_gazebo/share/turtlebot3_gazebo/package.xml
[11.315s] Invoked command in '/root/ros_workspace/build/turtlebot3_gazebo' returned '0': CMAKE_PREFIX_PATH=${CMAKE_PREFIX_PATH}:/root/ros_workspace/install/turtlebot3_teleop:/root/ros_workspace/install/turtlebot3_example:/root/ros_workspace/install/turtlebot3_control:/opt/ros/jazzy /usr/bin/cmake --install /root/ros_workspace/build/turtlebot3_gazebo
