[0.073s] Invoking command in '/root/ros_workspace/build/dynamixel_sdk': CMAKE_PREFIX_PATH=${CMAKE_PREFIX_PATH}:/opt/ros/jazzy /usr/bin/cmake --build /root/ros_workspace/build/dynamixel_sdk -- -j12 -l12
[0.525s] [  0%] Built target ament_cmake_python_symlink_dynamixel_sdk
[0.525s] [100%] Built target dynamixel_sdk
[0.528s] running egg_info
[0.542s] writing dynamixel_sdk.egg-info/PKG-INFO
[0.543s] writing dependency_links to dynamixel_sdk.egg-info/dependency_links.txt
[0.543s] writing top-level names to dynamixel_sdk.egg-info/top_level.txt
[0.592s] reading manifest file 'dynamixel_sdk.egg-info/SOURCES.txt'
[0.593s] writing manifest file 'dynamixel_sdk.egg-info/SOURCES.txt'
[0.641s] [100%] Built target ament_cmake_python_build_dynamixel_sdk_egg
[0.856s] Invoked command in '/root/ros_workspace/build/dynamixel_sdk' returned '0': CMAKE_PREFIX_PATH=${CMAKE_PREFIX_PATH}:/opt/ros/jazzy /usr/bin/cmake --build /root/ros_workspace/build/dynamixel_sdk -- -j12 -l12
[0.857s] Invoking command in '/root/ros_workspace/build/dynamixel_sdk': CMAKE_PREFIX_PATH=${CMAKE_PREFIX_PATH}:/opt/ros/jazzy /usr/bin/cmake --install /root/ros_workspace/build/dynamixel_sdk
[0.891s] -- Install configuration: ""
[0.892s] -- Execute custom install script
[0.892s] -- Up-to-date symlink: /root/ros_workspace/install/dynamixel_sdk/include//dynamixel_sdk/dynamixel_sdk.h
[0.893s] -- Up-to-date symlink: /root/ros_workspace/install/dynamixel_sdk/include//dynamixel_sdk/group_bulk_read.h
[0.893s] -- Up-to-date symlink: /root/ros_workspace/install/dynamixel_sdk/include//dynamixel_sdk/group_bulk_write.h
[0.894s] -- Up-to-date symlink: /root/ros_workspace/install/dynamixel_sdk/include//dynamixel_sdk/group_fast_bulk_read.h
[0.894s] -- Up-to-date symlink: /root/ros_workspace/install/dynamixel_sdk/include//dynamixel_sdk/group_fast_sync_read.h
[0.894s] -- Up-to-date symlink: /root/ros_workspace/install/dynamixel_sdk/include//dynamixel_sdk/group_handler.h
[0.895s] -- Up-to-date symlink: /root/ros_workspace/install/dynamixel_sdk/include//dynamixel_sdk/group_sync_read.h
[0.897s] -- Up-to-date symlink: /root/ros_workspace/install/dynamixel_sdk/include//dynamixel_sdk/group_sync_write.h
[0.897s] -- Up-to-date symlink: /root/ros_workspace/install/dynamixel_sdk/include//dynamixel_sdk/packet_handler.h
[0.898s] -- Up-to-date symlink: /root/ros_workspace/install/dynamixel_sdk/include//dynamixel_sdk/port_handler.h
[0.898s] -- Up-to-date symlink: /root/ros_workspace/install/dynamixel_sdk/include//dynamixel_sdk/port_handler_arduino.h
[0.898s] -- Up-to-date symlink: /root/ros_workspace/install/dynamixel_sdk/include//dynamixel_sdk/port_handler_linux.h
[0.899s] -- Up-to-date symlink: /root/ros_workspace/install/dynamixel_sdk/include//dynamixel_sdk/port_handler_mac.h
[0.899s] -- Up-to-date symlink: /root/ros_workspace/install/dynamixel_sdk/include//dynamixel_sdk/port_handler_windows.h
[0.899s] -- Up-to-date symlink: /root/ros_workspace/install/dynamixel_sdk/include//dynamixel_sdk/protocol1_packet_handler.h
[0.900s] -- Up-to-date symlink: /root/ros_workspace/install/dynamixel_sdk/include//dynamixel_sdk/protocol2_packet_handler.h
[0.900s] -- Up-to-date symlink: /root/ros_workspace/install/dynamixel_sdk/share/dynamixel_sdk/environment/pythonpath.sh
[0.900s] -- Up-to-date symlink: /root/ros_workspace/install/dynamixel_sdk/share/dynamixel_sdk/environment/pythonpath.dsv
[0.901s] -- Up-to-date symlink: /root/ros_workspace/install/dynamixel_sdk/lib/python3.12/site-packages/dynamixel_sdk-3.8.4-py3.12.egg-info/PKG-INFO
[0.901s] -- Up-to-date symlink: /root/ros_workspace/install/dynamixel_sdk/lib/python3.12/site-packages/dynamixel_sdk-3.8.4-py3.12.egg-info/SOURCES.txt
[0.902s] -- Up-to-date symlink: /root/ros_workspace/install/dynamixel_sdk/lib/python3.12/site-packages/dynamixel_sdk-3.8.4-py3.12.egg-info/dependency_links.txt
[0.902s] -- Up-to-date symlink: /root/ros_workspace/install/dynamixel_sdk/lib/python3.12/site-packages/dynamixel_sdk-3.8.4-py3.12.egg-info/top_level.txt
[0.902s] -- Up-to-date symlink: /root/ros_workspace/install/dynamixel_sdk/lib/python3.12/site-packages/dynamixel_sdk/__init__.py
[0.903s] -- Up-to-date symlink: /root/ros_workspace/install/dynamixel_sdk/lib/python3.12/site-packages/dynamixel_sdk/group_bulk_read.cpp
[0.903s] -- Up-to-date symlink: /root/ros_workspace/install/dynamixel_sdk/lib/python3.12/site-packages/dynamixel_sdk/group_bulk_read.py
[0.904s] -- Up-to-date symlink: /root/ros_workspace/install/dynamixel_sdk/lib/python3.12/site-packages/dynamixel_sdk/group_bulk_write.cpp
[0.904s] -- Up-to-date symlink: /root/ros_workspace/install/dynamixel_sdk/lib/python3.12/site-packages/dynamixel_sdk/group_bulk_write.py
[0.904s] -- Up-to-date symlink: /root/ros_workspace/install/dynamixel_sdk/lib/python3.12/site-packages/dynamixel_sdk/group_fast_bulk_read.cpp
[0.905s] -- Up-to-date symlink: /root/ros_workspace/install/dynamixel_sdk/lib/python3.12/site-packages/dynamixel_sdk/group_fast_sync_read.cpp
[0.905s] -- Up-to-date symlink: /root/ros_workspace/install/dynamixel_sdk/lib/python3.12/site-packages/dynamixel_sdk/group_handler.cpp
[0.906s] -- Up-to-date symlink: /root/ros_workspace/install/dynamixel_sdk/lib/python3.12/site-packages/dynamixel_sdk/group_sync_read.cpp
[0.907s] -- Up-to-date symlink: /root/ros_workspace/install/dynamixel_sdk/lib/python3.12/site-packages/dynamixel_sdk/group_sync_read.py
[0.907s] -- Up-to-date symlink: /root/ros_workspace/install/dynamixel_sdk/lib/python3.12/site-packages/dynamixel_sdk/group_sync_write.cpp
[0.907s] -- Up-to-date symlink: /root/ros_workspace/install/dynamixel_sdk/lib/python3.12/site-packages/dynamixel_sdk/group_sync_write.py
[0.908s] -- Up-to-date symlink: /root/ros_workspace/install/dynamixel_sdk/lib/python3.12/site-packages/dynamixel_sdk/packet_handler.cpp
[0.909s] -- Up-to-date symlink: /root/ros_workspace/install/dynamixel_sdk/lib/python3.12/site-packages/dynamixel_sdk/packet_handler.py
[0.909s] -- Up-to-date symlink: /root/ros_workspace/install/dynamixel_sdk/lib/python3.12/site-packages/dynamixel_sdk/port_handler.cpp
[0.910s] -- Up-to-date symlink: /root/ros_workspace/install/dynamixel_sdk/lib/python3.12/site-packages/dynamixel_sdk/port_handler.py
[0.910s] -- Up-to-date symlink: /root/ros_workspace/install/dynamixel_sdk/lib/python3.12/site-packages/dynamixel_sdk/port_handler_arduino.cpp
[0.911s] -- Up-to-date symlink: /root/ros_workspace/install/dynamixel_sdk/lib/python3.12/site-packages/dynamixel_sdk/port_handler_linux.cpp
[0.912s] -- Up-to-date symlink: /root/ros_workspace/install/dynamixel_sdk/lib/python3.12/site-packages/dynamixel_sdk/port_handler_mac.cpp
[0.912s] -- Up-to-date symlink: /root/ros_workspace/install/dynamixel_sdk/lib/python3.12/site-packages/dynamixel_sdk/port_handler_windows.cpp
[0.912s] -- Up-to-date symlink: /root/ros_workspace/install/dynamixel_sdk/lib/python3.12/site-packages/dynamixel_sdk/protocol1_packet_handler.cpp
[0.913s] -- Up-to-date symlink: /root/ros_workspace/install/dynamixel_sdk/lib/python3.12/site-packages/dynamixel_sdk/protocol1_packet_handler.py
[0.913s] -- Up-to-date symlink: /root/ros_workspace/install/dynamixel_sdk/lib/python3.12/site-packages/dynamixel_sdk/protocol2_packet_handler.cpp
[0.913s] -- Up-to-date symlink: /root/ros_workspace/install/dynamixel_sdk/lib/python3.12/site-packages/dynamixel_sdk/protocol2_packet_handler.py
[0.914s] -- Up-to-date symlink: /root/ros_workspace/install/dynamixel_sdk/lib/python3.12/site-packages/dynamixel_sdk/robotis_def.py
[0.914s] -- Up-to-date symlink: /root/ros_workspace/install/dynamixel_sdk/share/dynamixel_sdk/environment/library_path.sh
[0.914s] -- Up-to-date symlink: /root/ros_workspace/install/dynamixel_sdk/share/dynamixel_sdk/environment/library_path.dsv
[0.915s] -- Up-to-date symlink: /root/ros_workspace/install/dynamixel_sdk/share/ament_index/resource_index/package_run_dependencies/dynamixel_sdk
[0.915s] -- Up-to-date symlink: /root/ros_workspace/install/dynamixel_sdk/share/ament_index/resource_index/parent_prefix_path/dynamixel_sdk
[0.915s] -- Up-to-date symlink: /root/ros_workspace/install/dynamixel_sdk/share/dynamixel_sdk/environment/ament_prefix_path.sh
[0.915s] -- Up-to-date symlink: /root/ros_workspace/install/dynamixel_sdk/share/dynamixel_sdk/environment/ament_prefix_path.dsv
[0.915s] -- Up-to-date symlink: /root/ros_workspace/install/dynamixel_sdk/share/dynamixel_sdk/environment/path.sh
[0.915s] -- Up-to-date symlink: /root/ros_workspace/install/dynamixel_sdk/share/dynamixel_sdk/environment/path.dsv
[0.916s] -- Up-to-date symlink: /root/ros_workspace/install/dynamixel_sdk/share/dynamixel_sdk/local_setup.bash
[0.916s] -- Up-to-date symlink: /root/ros_workspace/install/dynamixel_sdk/share/dynamixel_sdk/local_setup.sh
[0.917s] -- Up-to-date symlink: /root/ros_workspace/install/dynamixel_sdk/share/dynamixel_sdk/local_setup.zsh
[0.917s] -- Up-to-date symlink: /root/ros_workspace/install/dynamixel_sdk/share/dynamixel_sdk/local_setup.dsv
[0.918s] -- Symlinking: /root/ros_workspace/install/dynamixel_sdk/share/dynamixel_sdk/package.dsv
[0.963s] -- Up-to-date symlink: /root/ros_workspace/install/dynamixel_sdk/share/ament_index/resource_index/packages/dynamixel_sdk
[0.963s] -- Up-to-date symlink: /root/ros_workspace/install/dynamixel_sdk/share/dynamixel_sdk/cmake/ament_cmake_export_targets-extras.cmake
[0.963s] -- Up-to-date symlink: /root/ros_workspace/install/dynamixel_sdk/share/dynamixel_sdk/cmake/ament_cmake_export_include_directories-extras.cmake
[0.964s] -- Up-to-date symlink: /root/ros_workspace/install/dynamixel_sdk/share/dynamixel_sdk/cmake/ament_cmake_export_libraries-extras.cmake
[0.964s] -- Up-to-date symlink: /root/ros_workspace/install/dynamixel_sdk/share/dynamixel_sdk/cmake/dynamixel_sdkConfig.cmake
[0.964s] -- Up-to-date symlink: /root/ros_workspace/install/dynamixel_sdk/share/dynamixel_sdk/cmake/dynamixel_sdkConfig-version.cmake
[0.964s] -- Up-to-date symlink: /root/ros_workspace/install/dynamixel_sdk/share/dynamixel_sdk/package.xml
[0.965s] -- Up-to-date: /root/ros_workspace/install/dynamixel_sdk/lib/libdynamixel_sdk.so
[0.983s] Listing '/root/ros_workspace/install/dynamixel_sdk/lib/python3.12/site-packages/dynamixel_sdk'...
[0.984s] -- Up-to-date: /root/ros_workspace/install/dynamixel_sdk/share/dynamixel_sdk/cmake/dynamixel_sdkExport.cmake
[0.984s] -- Up-to-date: /root/ros_workspace/install/dynamixel_sdk/share/dynamixel_sdk/cmake/dynamixel_sdkExport-noconfig.cmake
[1.047s] Invoked command in '/root/ros_workspace/build/dynamixel_sdk' returned '0': CMAKE_PREFIX_PATH=${CMAKE_PREFIX_PATH}:/opt/ros/jazzy /usr/bin/cmake --install /root/ros_workspace/build/dynamixel_sdk
