[0.264s] Invoking command in '/root/ros_workspace/build/turtlebot3_msgs': /usr/bin/cmake /root/ros_workspace/src/turtlebot3_msgs -DCMAKE_INSTALL_PREFIX=/root/ros_workspace/install/turtlebot3_msgs
[0.649s] -- Found action_msgs: 2.0.3 (/opt/ros/jazzy/share/action_msgs/cmake)
[1.060s] Traceback (most recent call last):
[1.063s]   File "/opt/ros/jazzy/share/ament_cmake_core/cmake/package_templates/templates_2_cmake.py", line 21, in <module>
[1.065s]     from ament_package.templates import get_environment_hook_template_path
[1.065s] ModuleNotFoundError: No module named 'ament_package'
[1.098s] [31mCMake Error at /opt/ros/jazzy/share/ament_cmake_core/cmake/ament_cmake_package_templates-extras.cmake:41 (message):
[1.099s]   execute_process(/usr/bin/python3
[1.099s]   /opt/ros/jazzy/share/ament_cmake_core/cmake/package_templates/templates_2_cmake.py
[1.100s]   /root/ros_workspace/build/turtlebot3_msgs/ament_cmake_package_templates/templates.cmake)
[1.100s]   returned error code 1
[1.101s] Call Stack (most recent call first):
[1.102s]   /opt/ros/jazzy/share/ament_cmake_core/cmake/ament_cmake_coreConfig.cmake:41 (include)
[1.103s]   /opt/ros/jazzy/share/action_msgs/cmake/ament_cmake_export_dependencies-extras.cmake:15 (find_package)
[1.103s]   /opt/ros/jazzy/share/action_msgs/cmake/action_msgsConfig.cmake:41 (include)
[1.104s]   CMakeLists.txt:18 (find_package)
[1.104s] 
[1.105s] [0m
[1.110s] -- Configuring incomplete, errors occurred!
[1.920s] Invoked command in '/root/ros_workspace/build/turtlebot3_msgs' returned '1': /usr/bin/cmake /root/ros_workspace/src/turtlebot3_msgs -DCMAKE_INSTALL_PREFIX=/root/ros_workspace/install/turtlebot3_msgs
