[0.071s] Invoking command in '/root/ros_workspace/build/turtlebot3_gazebo': CMAKE_PREFIX_PATH=${CMAKE_PREFIX_PATH}:/root/ros_workspace/install/turtlebot3_teleop:/root/ros_workspace/install/turtlebot3_example:/opt/ros/jazzy /usr/bin/cmake /root/ros_workspace/src/turtlebot3_simulations/turtlebot3_gazebo -DAMENT_CMAKE_SYMLINK_INSTALL=1 -DCMAKE_INSTALL_PREFIX=/root/ros_workspace/install/turtlebot3_gazebo
[0.100s] -- Found ament_cmake: 2.5.4 (/opt/ros/jazzy/share/ament_cmake/cmake)
[0.691s] -- Override CMake install command with custom implementation using symlinks instead of copying resources
[0.705s] -- Found ros_gz_sim: 1.0.16 (/opt/ros/jazzy/share/ros_gz_sim/cmake)
[0.765s] -- Found rosidl_generator_c: 4.6.6 (/opt/ros/jazzy/share/rosidl_generator_c/cmake)
[0.787s] -- Found rosidl_generator_cpp: 4.6.6 (/opt/ros/jazzy/share/rosidl_generator_cpp/cmake)
[0.823s] -- Using all available rosidl_typesupport_c: rosidl_typesupport_fastrtps_c;rosidl_typesupport_introspection_c
[0.864s] -- Using all available rosidl_typesupport_cpp: rosidl_typesupport_fastrtps_cpp;rosidl_typesupport_introspection_cpp
[1.060s] -- Found rmw_implementation_cmake: 7.3.2 (/opt/ros/jazzy/share/rmw_implementation_cmake/cmake)
[1.064s] -- Found rmw_fastrtps_cpp: 8.4.3 (/opt/ros/jazzy/share/rmw_fastrtps_cpp/cmake)
[1.234s] -- Using RMW implementation 'rmw_fastrtps_cpp' as default
[1.928s] -- Found nav_msgs: 5.3.6 (/opt/ros/jazzy/share/nav_msgs/cmake)
[1.988s] -- Found sensor_msgs: 5.3.6 (/opt/ros/jazzy/share/sensor_msgs/cmake)
[2.058s] -- Found gz_math_vendor: 0.0.8 (/opt/ros/jazzy/share/gz_math_vendor/cmake)
[2.063s] -- Looking for gz-math7 -- found version 7.5.2
[2.076s] -- Searching for dependencies of gz-math7
[2.077s] -- Looking for gz-utils2 -- found version 2.2.1
[2.077s] -- Searching for dependencies of gz-utils2
[2.080s] -- Found gz_sim_vendor: 0.0.9 (/opt/ros/jazzy/share/gz_sim_vendor/cmake)
[2.120s] -- Looking for gz-sim8 -- found version 8.10.0
[2.120s] -- Searching for dependencies of gz-sim8
[2.124s] -- Looking for sdformat14 -- found version 14.8.0
[2.125s] -- Searching for dependencies of sdformat14
[2.138s] -- Checking for module 'tinyxml2'
[2.186s] --   Found tinyxml2, version 10.0.0
[2.279s] -- Looking for gz-math7 -- found version 7.5.2
[2.281s] -- Looking for gz-utils2 -- found version 2.2.1
[2.282s] -- Searching for dependencies of gz-utils2
[2.283s] -- Searching for <gz-utils2> component [cli]
[2.290s] -- Looking for gz-utils2-cli -- found version 2.2.1
[2.290s] -- Searching for dependencies of gz-utils2-cli
[2.292s] -- Looking for gz-plugin2 -- found version 2.0.4
[2.293s] -- Searching for dependencies of gz-plugin2
[2.293s] -- Looking for gz-utils2 -- found version 2.2.1
[2.294s] -- Searching for <gz-plugin2> component [loader]
[2.295s] -- Looking for gz-plugin2-loader -- found version 2.0.4
[2.296s] -- Searching for dependencies of gz-plugin2-loader
[2.297s] -- Searching for <gz-plugin2> component [register]
[2.298s] -- Looking for gz-plugin2-register -- found version 2.0.4
[2.299s] -- Searching for dependencies of gz-plugin2-register
[2.302s] -- Looking for gz-transport13 -- found version 13.5.0
[2.303s] -- Searching for dependencies of gz-transport13
[2.381s] -- Config-file not installed for ZeroMQ -- checking for pkg-config
[2.392s] -- Checking for module 'libzmq >= 4'
[2.432s] --   Found libzmq, version 4.3.5
[2.559s] -- Checking for module 'uuid'
[2.603s] --   Found uuid, version 2.39.3
[2.679s] -- Looking for gz-utils2 -- found version 2.2.1
[2.681s] -- Looking for gz-msgs10 -- found version 10.3.2
[2.681s] -- Searching for dependencies of gz-msgs10
[2.734s] -- Looking for gz-utils2 -- found version 2.2.1
[2.736s] -- Looking for gz-math7 -- found version 7.5.2
[2.753s] -- Searching for <gz-transport13> component [log]
[2.753s] -- Looking for gz-transport13-log -- found version 13.5.0
[2.754s] -- Searching for dependencies of gz-transport13-log
[2.755s] -- Searching for <gz-transport13> component [parameters]
[2.755s] -- Looking for gz-transport13-parameters -- found version 13.5.0
[2.756s] -- Searching for dependencies of gz-transport13-parameters
[2.757s] -- Looking for gz-msgs10 -- found version 10.3.2
[2.758s] -- Looking for gz-common5 -- found version 5.7.1
[2.760s] -- Searching for dependencies of gz-common5
[2.762s] -- Looking for gz-utils2 -- found version 2.2.1
[2.762s] -- Looking for dlfcn.h - found
[2.763s] -- Looking for libdl - found
[2.795s] -- Searching for <gz-common5> component [av]
[2.797s] -- Looking for gz-common5-av -- found version 5.7.1
[2.798s] -- Searching for dependencies of gz-common5-av
[2.812s] -- Checking for module 'libswscale'
[2.866s] --   Found libswscale, version 7.5.100
[2.986s] -- Checking for module 'libavdevice >= 56.4.100'
[3.029s] --   Found libavdevice, version 60.3.100
[3.220s] -- Checking for module 'libavformat'
[3.335s] --   Found libavformat, version 60.16.100
[3.469s] -- Checking for module 'libavcodec'
[3.524s] --   Found libavcodec, version 60.31.102
[3.674s] -- Checking for module 'libavutil'
[3.715s] --   Found libavutil, version 58.29.100
[3.815s] -- Searching for <gz-common5> component [events]
[3.817s] -- Looking for gz-common5-events -- found version 5.7.1
[3.818s] -- Searching for dependencies of gz-common5-events
[3.820s] -- Looking for gz-math7 -- found version 7.5.2
[3.824s] -- Searching for <gz-common5> component [graphics]
[3.827s] -- Looking for gz-common5-graphics -- found version 5.7.1
[3.828s] -- Searching for dependencies of gz-common5-graphics
[3.829s] -- Looking for gz-math7 -- found version 7.5.2
[3.845s] -- Searching for <gz-common5> component [io]
[3.847s] -- Looking for gz-common5-io -- found version 5.7.1
[3.848s] -- Searching for dependencies of gz-common5-io
[3.859s] -- Searching for <gz-common5> component [profiler]
[3.860s] -- Looking for gz-common5-profiler -- found version 5.7.1
[3.861s] -- Searching for dependencies of gz-common5-profiler
[3.865s] -- Looking for gz-fuel_tools9 -- found version 9.1.1
[3.865s] -- Searching for dependencies of gz-fuel_tools9
[3.977s] -- Checking for module 'jsoncpp'
[4.032s] --   Found jsoncpp, version 1.9.5
[4.164s] -- Checking for module 'yaml-0.1'
[4.223s] --   Found yaml-0.1, version 0.2.5
[4.316s] -- Checking for module 'libzip'
[4.354s] --   Found libzip, version 1.7.3
[4.439s] -- Looking for gz-utils2 -- found version 2.2.1
[4.440s] -- Looking for gz-common5 -- found version 5.7.1
[4.441s] -- Searching for dependencies of gz-common5
[4.441s] -- Looking for gz-utils2 -- found version 2.2.1
[4.450s] -- Looking for dlfcn.h - found
[4.452s] -- Looking for libdl - found
[4.469s] -- Searching for <gz-common5> component [testing]
[4.469s] -- Looking for gz-common5-testing -- found version 5.7.1
[4.470s] -- Searching for dependencies of gz-common5-testing
[4.472s] -- Looking for gz-math7 -- found version 7.5.2
[4.473s] -- Looking for gz-msgs10 -- found version 10.3.2
[4.476s] -- Looking for gz-gui8 -- found version 8.4.0
[4.477s] -- Searching for dependencies of gz-gui8
[4.550s] -- Looking for gz-utils2 -- found version 2.2.1
[4.550s] -- Looking for gz-math7 -- found version 7.5.2
[4.551s] -- Looking for gz-common5 -- found version 5.7.1
[4.552s] -- Looking for gz-plugin2 -- found version 2.0.4
[4.553s] -- Looking for gz-transport13 -- found version 13.5.0
[4.554s] -- Looking for gz-rendering8 -- found version 8.2.2
[4.555s] -- Searching for dependencies of gz-rendering8
[4.556s] -- Looking for gz-math7 -- found version 7.5.2
[4.557s] -- Searching for dependencies of gz-math7
[4.558s] -- Looking for gz-utils2 -- found version 2.2.1
[4.558s] -- Searching for <gz-math7> component [eigen3]
[4.559s] -- Looking for gz-math7-eigen3 -- found version 7.5.2
[4.559s] -- Searching for dependencies of gz-math7-eigen3
[4.565s] -- Looking for gz-common5 -- found version 5.7.1
[4.565s] -- Searching for dependencies of gz-common5
[4.567s] -- Looking for gz-utils2 -- found version 2.2.1
[4.568s] -- Looking for dlfcn.h - found
[4.568s] -- Looking for libdl - found
[4.616s] -- Searching for <gz-common5> component [graphics]
[4.617s] -- Searching for <gz-common5> component [events]
[4.617s] -- Searching for <gz-common5> component [geospatial]
[4.632s] -- Looking for gz-common5-geospatial -- found version 5.7.1
[4.633s] -- Searching for dependencies of gz-common5-geospatial
[4.633s] -- Looking for gz-math7 -- found version 7.5.2
[4.633s] -- Looking for gz-common5 -- found version 5.7.1
[4.642s] -- Looking for gz-plugin2 -- found version 2.0.4
[4.643s] -- Searching for dependencies of gz-plugin2
[4.644s] -- Looking for gz-utils2 -- found version 2.2.1
[4.645s] -- Searching for <gz-plugin2> component [all]
[4.650s] -- Looking for all libraries of gz-plugin2 -- found version 2.0.4
[4.652s] -- Looking for gz-plugin2 -- found version 2.0.4
[4.658s] -- Looking for gz-utils2 -- found version 2.2.1
[4.690s] -- Looking for gz-msgs10 -- found version 10.3.2
[4.763s] -- Looking for gz-physics7 -- found version 7.6.0
[4.764s] -- Searching for dependencies of gz-physics7
[4.764s] -- Looking for gz-common5 -- found version 5.7.1
[4.765s] -- Looking for gz-math7 -- found version 7.5.2
[4.766s] -- Looking for gz-plugin2 -- found version 2.0.4
[4.768s] -- Looking for gz-utils2 -- found version 2.2.1
[4.770s] -- Searching for <gz-physics7> component [heightmap]
[4.771s] -- Looking for gz-physics7-heightmap -- found version 7.6.0
[4.772s] -- Searching for dependencies of gz-physics7-heightmap
[4.773s] -- Looking for gz-common5 -- found version 5.7.1
[4.775s] -- Searching for <gz-physics7> component [mesh]
[4.776s] -- Looking for gz-physics7-mesh -- found version 7.6.0
[4.777s] -- Searching for dependencies of gz-physics7-mesh
[4.777s] -- Looking for gz-common5 -- found version 5.7.1
[4.779s] -- Searching for <gz-physics7> component [sdf]
[4.780s] -- Looking for gz-physics7-sdf -- found version 7.6.0
[4.781s] -- Searching for dependencies of gz-physics7-sdf
[4.782s] -- Looking for sdformat14 -- found version 14.8.0
[4.787s] -- Looking for gz-sensors8 -- found version 8.2.2
[4.788s] -- Searching for dependencies of gz-sensors8
[4.865s] -- Looking for gz-math7 -- found version 7.5.2
[4.865s] -- Looking for gz-common5 -- found version 5.7.1
[4.867s] -- Looking for gz-transport13 -- found version 13.5.0
[4.867s] -- Looking for gz-rendering8 -- found version 8.2.2
[4.868s] -- Looking for gz-msgs10 -- found version 10.3.2
[4.869s] -- Looking for sdformat14 -- found version 14.8.0
[4.871s] -- Searching for <gz-sensors8> component [air_pressure]
[4.872s] -- Looking for gz-sensors8-air_pressure -- found version 8.2.2
[4.873s] -- Searching for dependencies of gz-sensors8-air_pressure
[4.874s] -- Searching for <gz-sensors8> component [air_speed]
[4.878s] -- Looking for gz-sensors8-air_speed -- found version 8.2.2
[4.878s] -- Searching for dependencies of gz-sensors8-air_speed
[4.881s] -- Searching for <gz-sensors8> component [altimeter]
[4.883s] -- Looking for gz-sensors8-altimeter -- found version 8.2.2
[4.884s] -- Searching for dependencies of gz-sensors8-altimeter
[4.886s] -- Searching for <gz-sensors8> component [imu]
[4.888s] -- Looking for gz-sensors8-imu -- found version 8.2.2
[4.889s] -- Searching for dependencies of gz-sensors8-imu
[4.890s] -- Searching for <gz-sensors8> component [force_torque]
[4.892s] -- Looking for gz-sensors8-force_torque -- found version 8.2.2
[4.893s] -- Searching for dependencies of gz-sensors8-force_torque
[4.896s] -- Searching for <gz-sensors8> component [logical_camera]
[4.899s] -- Looking for gz-sensors8-logical_camera -- found version 8.2.2
[4.900s] -- Searching for dependencies of gz-sensors8-logical_camera
[4.904s] -- Searching for <gz-sensors8> component [magnetometer]
[4.907s] -- Looking for gz-sensors8-magnetometer -- found version 8.2.2
[4.907s] -- Searching for dependencies of gz-sensors8-magnetometer
[4.910s] -- Searching for <gz-sensors8> component [navsat]
[4.913s] -- Looking for gz-sensors8-navsat -- found version 8.2.2
[4.914s] -- Searching for dependencies of gz-sensors8-navsat
[4.917s] -- Searching for <gz-sensors8> component [dvl]
[4.919s] -- Looking for gz-sensors8-dvl -- found version 8.2.2
[4.923s] -- Searching for dependencies of gz-sensors8-dvl
[4.925s] -- Looking for gz-sensors8 -- found version 8.2.2
[4.925s] -- Searching for dependencies of gz-sensors8
[5.010s] -- Looking for gz-math7 -- found version 7.5.2
[5.011s] -- Looking for gz-common5 -- found version 5.7.1
[5.013s] -- Looking for gz-transport13 -- found version 13.5.0
[5.014s] -- Looking for gz-rendering8 -- found version 8.2.2
[5.015s] -- Looking for gz-msgs10 -- found version 10.3.2
[5.016s] -- Looking for sdformat14 -- found version 14.8.0
[5.018s] -- Searching for <gz-sensors8> component [rendering]
[5.019s] -- Looking for gz-sensors8-rendering -- found version 8.2.2
[5.024s] -- Searching for dependencies of gz-sensors8-rendering
[5.029s] -- Searching for <gz-sensors8> component [rendering]
[5.029s] -- Searching for <gz-sensors8> component [lidar]
[5.031s] -- Looking for gz-sensors8-lidar -- found version 8.2.2
[5.032s] -- Searching for dependencies of gz-sensors8-lidar
[5.033s] -- Looking for gz-sensors8 -- found version 8.2.2
[5.036s] -- Searching for <gz-sensors8> component [gpu_lidar]
[5.036s] -- Looking for gz-sensors8-gpu_lidar -- found version 8.2.2
[5.037s] -- Searching for dependencies of gz-sensors8-gpu_lidar
[5.041s] -- Looking for gz-sensors8 -- found version 8.2.2
[5.047s] -- Searching for <gz-sensors8> component [camera]
[5.048s] -- Looking for gz-sensors8-camera -- found version 8.2.2
[5.049s] -- Searching for dependencies of gz-sensors8-camera
[5.050s] -- Looking for gz-sensors8 -- found version 8.2.2
[5.052s] -- Searching for <gz-sensors8> component [boundingbox_camera]
[5.055s] -- Looking for gz-sensors8-boundingbox_camera -- found version 8.2.2
[5.056s] -- Searching for dependencies of gz-sensors8-boundingbox_camera
[5.057s] -- Searching for <gz-sensors8> component [segmentation_camera]
[5.058s] -- Looking for gz-sensors8-segmentation_camera -- found version 8.2.2
[5.060s] -- Searching for dependencies of gz-sensors8-segmentation_camera
[5.062s] -- Searching for <gz-sensors8> component [depth_camera]
[5.064s] -- Looking for gz-sensors8-depth_camera -- found version 8.2.2
[5.065s] -- Searching for dependencies of gz-sensors8-depth_camera
[5.066s] -- Looking for gz-sensors8 -- found version 8.2.2
[5.068s] -- Searching for <gz-sensors8> component [rgbd_camera]
[5.069s] -- Looking for gz-sensors8-rgbd_camera -- found version 8.2.2
[5.071s] -- Searching for dependencies of gz-sensors8-rgbd_camera
[5.073s] -- Looking for gz-sensors8 -- found version 8.2.2
[5.074s] -- Searching for <gz-sensors8> component [thermal_camera]
[5.074s] -- Looking for gz-sensors8-thermal_camera -- found version 8.2.2
[5.074s] -- Searching for dependencies of gz-sensors8-thermal_camera
[5.075s] -- Looking for gz-sensors8 -- found version 8.2.2
[5.077s] -- Searching for <gz-sensors8> component [wide_angle_camera]
[5.078s] -- Looking for gz-sensors8-wide_angle_camera -- found version 8.2.2
[5.079s] -- Searching for dependencies of gz-sensors8-wide_angle_camera
[5.087s] -- Looking for gz-rendering8 -- found version 8.2.2
[5.087s] -- Looking for gz-math7 -- found version 7.5.2
[5.088s] -- Looking for gz-utils2 -- found version 2.2.1
[5.173s] -- Looking for gz-plugin2 -- found version 2.0.4
[5.444s] -- Configuring done (5.4s)
[5.523s] -- Generating done (0.1s)
[5.541s] -- Build files have been written to: /root/ros_workspace/build/turtlebot3_gazebo
[5.573s] Invoked command in '/root/ros_workspace/build/turtlebot3_gazebo' returned '0': CMAKE_PREFIX_PATH=${CMAKE_PREFIX_PATH}:/root/ros_workspace/install/turtlebot3_teleop:/root/ros_workspace/install/turtlebot3_example:/opt/ros/jazzy /usr/bin/cmake /root/ros_workspace/src/turtlebot3_simulations/turtlebot3_gazebo -DAMENT_CMAKE_SYMLINK_INSTALL=1 -DCMAKE_INSTALL_PREFIX=/root/ros_workspace/install/turtlebot3_gazebo
[5.577s] Invoking command in '/root/ros_workspace/build/turtlebot3_gazebo': CMAKE_PREFIX_PATH=${CMAKE_PREFIX_PATH}:/root/ros_workspace/install/turtlebot3_teleop:/root/ros_workspace/install/turtlebot3_example:/opt/ros/jazzy /usr/bin/cmake --build /root/ros_workspace/build/turtlebot3_gazebo -- -j12 -l12
[5.738s] [ 25%] Built target obstacle2
[5.742s] [ 50%] Built target turtlebot3_drive
[5.748s] [ 75%] Built target obstacle1
[5.750s] [100%] Built target obstacles
[5.774s] Invoked command in '/root/ros_workspace/build/turtlebot3_gazebo' returned '0': CMAKE_PREFIX_PATH=${CMAKE_PREFIX_PATH}:/root/ros_workspace/install/turtlebot3_teleop:/root/ros_workspace/install/turtlebot3_example:/opt/ros/jazzy /usr/bin/cmake --build /root/ros_workspace/build/turtlebot3_gazebo -- -j12 -l12
[5.778s] Invoking command in '/root/ros_workspace/build/turtlebot3_gazebo': CMAKE_PREFIX_PATH=${CMAKE_PREFIX_PATH}:/root/ros_workspace/install/turtlebot3_teleop:/root/ros_workspace/install/turtlebot3_example:/opt/ros/jazzy /usr/bin/cmake --install /root/ros_workspace/build/turtlebot3_gazebo
[5.800s] -- Install configuration: ""
[5.801s] -- Execute custom install script
[5.802s] -- Up-to-date symlink: /root/ros_workspace/install/turtlebot3_gazebo/lib/turtlebot3_gazebo/turtlebot3_drive
[5.803s] -- Up-to-date symlink: /root/ros_workspace/install/turtlebot3_gazebo/lib/turtlebot3_gazebo/libobstacles.so
[5.803s] -- Up-to-date symlink: /root/ros_workspace/install/turtlebot3_gazebo/lib/turtlebot3_gazebo/libobstacle1.so
[5.803s] -- Up-to-date symlink: /root/ros_workspace/install/turtlebot3_gazebo/lib/turtlebot3_gazebo/libobstacle2.so
[5.812s] -- Up-to-date symlink: /root/ros_workspace/install/turtlebot3_gazebo/share/turtlebot3_gazebo//launch/empty_world.launch.py
[5.813s] -- Up-to-date symlink: /root/ros_workspace/install/turtlebot3_gazebo/share/turtlebot3_gazebo//launch/robot_state_publisher.launch.py
[5.813s] -- Up-to-date symlink: /root/ros_workspace/install/turtlebot3_gazebo/share/turtlebot3_gazebo//launch/spawn_turtlebot3.launch.py
[5.813s] -- Up-to-date symlink: /root/ros_workspace/install/turtlebot3_gazebo/share/turtlebot3_gazebo//launch/turtlebot3_dqn_stage1.launch.py
[5.813s] -- Up-to-date symlink: /root/ros_workspace/install/turtlebot3_gazebo/share/turtlebot3_gazebo//launch/turtlebot3_dqn_stage2.launch.py
[5.813s] -- Up-to-date symlink: /root/ros_workspace/install/turtlebot3_gazebo/share/turtlebot3_gazebo//launch/turtlebot3_dqn_stage3.launch.py
[5.813s] -- Up-to-date symlink: /root/ros_workspace/install/turtlebot3_gazebo/share/turtlebot3_gazebo//launch/turtlebot3_dqn_stage4.launch.py
[5.813s] -- Up-to-date symlink: /root/ros_workspace/install/turtlebot3_gazebo/share/turtlebot3_gazebo//launch/turtlebot3_house.launch.py
[5.814s] -- Up-to-date symlink: /root/ros_workspace/install/turtlebot3_gazebo/share/turtlebot3_gazebo//launch/turtlebot3_world.launch.py
[5.815s] -- Up-to-date symlink: /root/ros_workspace/install/turtlebot3_gazebo/share/turtlebot3_gazebo//models/turtlebot3_burger/model-1_4.sdf
[5.815s] -- Up-to-date symlink: /root/ros_workspace/install/turtlebot3_gazebo/share/turtlebot3_gazebo//models/turtlebot3_burger/model.config
[5.815s] -- Up-to-date symlink: /root/ros_workspace/install/turtlebot3_gazebo/share/turtlebot3_gazebo//models/turtlebot3_burger/model.sdf
[5.816s] -- Up-to-date symlink: /root/ros_workspace/install/turtlebot3_gazebo/share/turtlebot3_gazebo//models/turtlebot3_burger_cam/model-1_4.sdf
[5.817s] -- Up-to-date symlink: /root/ros_workspace/install/turtlebot3_gazebo/share/turtlebot3_gazebo//models/turtlebot3_burger_cam/model.config
[5.818s] -- Up-to-date symlink: /root/ros_workspace/install/turtlebot3_gazebo/share/turtlebot3_gazebo//models/turtlebot3_burger_cam/model.sdf
[5.819s] -- Up-to-date symlink: /root/ros_workspace/install/turtlebot3_gazebo/share/turtlebot3_gazebo//models/turtlebot3_common/meshes/bases/burger_base.stl
[5.820s] -- Up-to-date symlink: /root/ros_workspace/install/turtlebot3_gazebo/share/turtlebot3_gazebo//models/turtlebot3_common/meshes/bases/waffle_base.stl
[5.821s] -- Up-to-date symlink: /root/ros_workspace/install/turtlebot3_gazebo/share/turtlebot3_gazebo//models/turtlebot3_common/meshes/bases/waffle_pi_base.stl
[5.822s] -- Up-to-date symlink: /root/ros_workspace/install/turtlebot3_gazebo/share/turtlebot3_gazebo//models/turtlebot3_common/meshes/burger_base.dae
[5.822s] -- Up-to-date symlink: /root/ros_workspace/install/turtlebot3_gazebo/share/turtlebot3_gazebo//models/turtlebot3_common/meshes/lds.dae
[5.823s] -- Up-to-date symlink: /root/ros_workspace/install/turtlebot3_gazebo/share/turtlebot3_gazebo//models/turtlebot3_common/meshes/r200.dae
[5.825s] -- Up-to-date symlink: /root/ros_workspace/install/turtlebot3_gazebo/share/turtlebot3_gazebo//models/turtlebot3_common/meshes/sensors/astra.dae
[5.825s] -- Up-to-date symlink: /root/ros_workspace/install/turtlebot3_gazebo/share/turtlebot3_gazebo//models/turtlebot3_common/meshes/sensors/astra.jpg
[5.826s] -- Up-to-date symlink: /root/ros_workspace/install/turtlebot3_gazebo/share/turtlebot3_gazebo//models/turtlebot3_common/meshes/sensors/lds.stl
[5.827s] -- Up-to-date symlink: /root/ros_workspace/install/turtlebot3_gazebo/share/turtlebot3_gazebo//models/turtlebot3_common/meshes/sensors/r200.dae
[5.827s] -- Up-to-date symlink: /root/ros_workspace/install/turtlebot3_gazebo/share/turtlebot3_gazebo//models/turtlebot3_common/meshes/sensors/r200.jpg
[5.829s] -- Up-to-date symlink: /root/ros_workspace/install/turtlebot3_gazebo/share/turtlebot3_gazebo//models/turtlebot3_common/meshes/tire.dae
[5.831s] -- Up-to-date symlink: /root/ros_workspace/install/turtlebot3_gazebo/share/turtlebot3_gazebo//models/turtlebot3_common/meshes/waffle_base.dae
[5.832s] -- Up-to-date symlink: /root/ros_workspace/install/turtlebot3_gazebo/share/turtlebot3_gazebo//models/turtlebot3_common/meshes/waffle_pi_base.dae
[5.833s] -- Up-to-date symlink: /root/ros_workspace/install/turtlebot3_gazebo/share/turtlebot3_gazebo//models/turtlebot3_common/meshes/wheels/left_tire.stl
[5.833s] -- Up-to-date symlink: /root/ros_workspace/install/turtlebot3_gazebo/share/turtlebot3_gazebo//models/turtlebot3_common/meshes/wheels/right_tire.stl
[5.833s] -- Up-to-date symlink: /root/ros_workspace/install/turtlebot3_gazebo/share/turtlebot3_gazebo//models/turtlebot3_common/model.config
[5.833s] -- Up-to-date symlink: /root/ros_workspace/install/turtlebot3_gazebo/share/turtlebot3_gazebo//models/turtlebot3_dqn_world/goal_box/model.config
[5.834s] -- Up-to-date symlink: /root/ros_workspace/install/turtlebot3_gazebo/share/turtlebot3_gazebo//models/turtlebot3_dqn_world/goal_box/model.sdf
[5.834s] -- Up-to-date symlink: /root/ros_workspace/install/turtlebot3_gazebo/share/turtlebot3_gazebo//models/turtlebot3_dqn_world/inner_walls/model.config
[5.835s] -- Up-to-date symlink: /root/ros_workspace/install/turtlebot3_gazebo/share/turtlebot3_gazebo//models/turtlebot3_dqn_world/inner_walls/model.sdf
[5.836s] -- Up-to-date symlink: /root/ros_workspace/install/turtlebot3_gazebo/share/turtlebot3_gazebo//models/turtlebot3_dqn_world/inner_walls/textures/wood.png
[5.837s] -- Up-to-date symlink: /root/ros_workspace/install/turtlebot3_gazebo/share/turtlebot3_gazebo//models/turtlebot3_dqn_world/model.config
[5.841s] -- Up-to-date symlink: /root/ros_workspace/install/turtlebot3_gazebo/share/turtlebot3_gazebo//models/turtlebot3_dqn_world/model.sdf
[5.847s] -- Up-to-date symlink: /root/ros_workspace/install/turtlebot3_gazebo/share/turtlebot3_gazebo//models/turtlebot3_dqn_world/obstacle1/model.config
[5.848s] -- Up-to-date symlink: /root/ros_workspace/install/turtlebot3_gazebo/share/turtlebot3_gazebo//models/turtlebot3_dqn_world/obstacle1/model.sdf
[5.850s] -- Up-to-date symlink: /root/ros_workspace/install/turtlebot3_gazebo/share/turtlebot3_gazebo//models/turtlebot3_dqn_world/obstacle2/model.config
[5.850s] -- Up-to-date symlink: /root/ros_workspace/install/turtlebot3_gazebo/share/turtlebot3_gazebo//models/turtlebot3_dqn_world/obstacle2/model.sdf
[5.851s] -- Up-to-date symlink: /root/ros_workspace/install/turtlebot3_gazebo/share/turtlebot3_gazebo//models/turtlebot3_dqn_world/obstacles/model.config
[5.851s] -- Up-to-date symlink: /root/ros_workspace/install/turtlebot3_gazebo/share/turtlebot3_gazebo//models/turtlebot3_dqn_world/obstacles/model.sdf
[5.852s] -- Up-to-date symlink: /root/ros_workspace/install/turtlebot3_gazebo/share/turtlebot3_gazebo//models/turtlebot3_dqn_world/textures/wood.png
[5.853s] -- Up-to-date symlink: /root/ros_workspace/install/turtlebot3_gazebo/share/turtlebot3_gazebo//models/turtlebot3_house/cafe_table/materials/textures/Maple.jpg
[5.854s] -- Up-to-date symlink: /root/ros_workspace/install/turtlebot3_gazebo/share/turtlebot3_gazebo//models/turtlebot3_house/cafe_table/materials/textures/Wood_Floor_Dark.jpg
[5.857s] -- Up-to-date symlink: /root/ros_workspace/install/turtlebot3_gazebo/share/turtlebot3_gazebo//models/turtlebot3_house/cafe_table/meshes/cafe_table.dae
[5.860s] -- Up-to-date symlink: /root/ros_workspace/install/turtlebot3_gazebo/share/turtlebot3_gazebo//models/turtlebot3_house/cafe_table/model-1_4.sdf
[5.860s] -- Up-to-date symlink: /root/ros_workspace/install/turtlebot3_gazebo/share/turtlebot3_gazebo//models/turtlebot3_house/cafe_table/model.config
[5.860s] -- Up-to-date symlink: /root/ros_workspace/install/turtlebot3_gazebo/share/turtlebot3_gazebo//models/turtlebot3_house/cafe_table/model.sdf
[5.861s] -- Up-to-date symlink: /root/ros_workspace/install/turtlebot3_gazebo/share/turtlebot3_gazebo//models/turtlebot3_house/first_2015_trash_can/meshes/trash_can.dae
[5.862s] -- Up-to-date symlink: /root/ros_workspace/install/turtlebot3_gazebo/share/turtlebot3_gazebo//models/turtlebot3_house/first_2015_trash_can/model.config
[5.863s] -- Up-to-date symlink: /root/ros_workspace/install/turtlebot3_gazebo/share/turtlebot3_gazebo//models/turtlebot3_house/first_2015_trash_can/model.sdf
[5.863s] -- Up-to-date symlink: /root/ros_workspace/install/turtlebot3_gazebo/share/turtlebot3_gazebo//models/turtlebot3_house/mailbox/materials/scripts/mailbox.material
[5.866s] -- Up-to-date symlink: /root/ros_workspace/install/turtlebot3_gazebo/share/turtlebot3_gazebo//models/turtlebot3_house/mailbox/materials/textures/Mailbox_Diffuse.png
[5.867s] -- Up-to-date symlink: /root/ros_workspace/install/turtlebot3_gazebo/share/turtlebot3_gazebo//models/turtlebot3_house/mailbox/materials/textures/Mailbox_Diffuse.tga.orig
[5.868s] -- Up-to-date symlink: /root/ros_workspace/install/turtlebot3_gazebo/share/turtlebot3_gazebo//models/turtlebot3_house/mailbox/materials/textures/Mailbox_Spec.png
[5.869s] -- Up-to-date symlink: /root/ros_workspace/install/turtlebot3_gazebo/share/turtlebot3_gazebo//models/turtlebot3_house/mailbox/meshes/mailbox.dae
[5.869s] -- Up-to-date symlink: /root/ros_workspace/install/turtlebot3_gazebo/share/turtlebot3_gazebo//models/turtlebot3_house/mailbox/model-1_3.sdf
[5.870s] -- Up-to-date symlink: /root/ros_workspace/install/turtlebot3_gazebo/share/turtlebot3_gazebo//models/turtlebot3_house/mailbox/model-1_4.sdf
[5.871s] -- Up-to-date symlink: /root/ros_workspace/install/turtlebot3_gazebo/share/turtlebot3_gazebo//models/turtlebot3_house/mailbox/model.config
[5.872s] -- Up-to-date symlink: /root/ros_workspace/install/turtlebot3_gazebo/share/turtlebot3_gazebo//models/turtlebot3_house/mailbox/model.sdf
[5.872s] -- Up-to-date symlink: /root/ros_workspace/install/turtlebot3_gazebo/share/turtlebot3_gazebo//models/turtlebot3_house/model.config
[5.883s] -- Up-to-date symlink: /root/ros_workspace/install/turtlebot3_gazebo/share/turtlebot3_gazebo//models/turtlebot3_house/model.sdf
[5.884s] -- Up-to-date symlink: /root/ros_workspace/install/turtlebot3_gazebo/share/turtlebot3_gazebo//models/turtlebot3_house/table_marble/materials/scripts/table_lightmap.material
[5.884s] -- Up-to-date symlink: /root/ros_workspace/install/turtlebot3_gazebo/share/turtlebot3_gazebo//models/turtlebot3_house/table_marble/materials/textures/marble.png
[5.895s] -- Up-to-date symlink: /root/ros_workspace/install/turtlebot3_gazebo/share/turtlebot3_gazebo//models/turtlebot3_house/table_marble/materials/textures/table_lightmap.png
[5.895s] -- Up-to-date symlink: /root/ros_workspace/install/turtlebot3_gazebo/share/turtlebot3_gazebo//models/turtlebot3_house/table_marble/meshes/table_lightmap.dae
[5.896s] -- Up-to-date symlink: /root/ros_workspace/install/turtlebot3_gazebo/share/turtlebot3_gazebo//models/turtlebot3_house/table_marble/model-1_4.sdf
[5.896s] -- Up-to-date symlink: /root/ros_workspace/install/turtlebot3_gazebo/share/turtlebot3_gazebo//models/turtlebot3_house/table_marble/model.config
[5.902s] -- Up-to-date symlink: /root/ros_workspace/install/turtlebot3_gazebo/share/turtlebot3_gazebo//models/turtlebot3_house/table_marble/model.sdf
[5.903s] -- Up-to-date symlink: /root/ros_workspace/install/turtlebot3_gazebo/share/turtlebot3_gazebo//models/turtlebot3_house/textures/bricks.png
[5.908s] -- Up-to-date symlink: /root/ros_workspace/install/turtlebot3_gazebo/share/turtlebot3_gazebo//models/turtlebot3_house/textures/wood.png
[5.909s] -- Up-to-date symlink: /root/ros_workspace/install/turtlebot3_gazebo/share/turtlebot3_gazebo//models/turtlebot3_waffle/model-1_4.sdf
[5.909s] -- Up-to-date symlink: /root/ros_workspace/install/turtlebot3_gazebo/share/turtlebot3_gazebo//models/turtlebot3_waffle/model.config
[5.912s] -- Up-to-date symlink: /root/ros_workspace/install/turtlebot3_gazebo/share/turtlebot3_gazebo//models/turtlebot3_waffle/model.sdf
[5.914s] -- Up-to-date symlink: /root/ros_workspace/install/turtlebot3_gazebo/share/turtlebot3_gazebo//models/turtlebot3_waffle_pi/model-1_4_.sdf
[5.917s] -- Up-to-date symlink: /root/ros_workspace/install/turtlebot3_gazebo/share/turtlebot3_gazebo//models/turtlebot3_waffle_pi/model.config
[5.919s] -- Up-to-date symlink: /root/ros_workspace/install/turtlebot3_gazebo/share/turtlebot3_gazebo//models/turtlebot3_waffle_pi/model.sdf
[5.920s] -- Up-to-date symlink: /root/ros_workspace/install/turtlebot3_gazebo/share/turtlebot3_gazebo//models/turtlebot3_world/meshes/hexagon.dae
[5.920s] -- Up-to-date symlink: /root/ros_workspace/install/turtlebot3_gazebo/share/turtlebot3_gazebo//models/turtlebot3_world/meshes/wall.dae
[5.920s] -- Up-to-date symlink: /root/ros_workspace/install/turtlebot3_gazebo/share/turtlebot3_gazebo//models/turtlebot3_world/model-1_4.sdf
[5.921s] -- Up-to-date symlink: /root/ros_workspace/install/turtlebot3_gazebo/share/turtlebot3_gazebo//models/turtlebot3_world/model.config
[5.921s] -- Up-to-date symlink: /root/ros_workspace/install/turtlebot3_gazebo/share/turtlebot3_gazebo//models/turtlebot3_world/model.sdf
[5.922s] -- Up-to-date symlink: /root/ros_workspace/install/turtlebot3_gazebo/share/turtlebot3_gazebo//params/turtlebot3_burger_bridge.yaml
[5.923s] -- Up-to-date symlink: /root/ros_workspace/install/turtlebot3_gazebo/share/turtlebot3_gazebo//params/turtlebot3_burger_cam_bridge.yaml
[5.923s] -- Up-to-date symlink: /root/ros_workspace/install/turtlebot3_gazebo/share/turtlebot3_gazebo//params/turtlebot3_waffle_bridge.yaml
[5.924s] -- Up-to-date symlink: /root/ros_workspace/install/turtlebot3_gazebo/share/turtlebot3_gazebo//params/turtlebot3_waffle_pi_bridge.yaml
[5.924s] -- Up-to-date symlink: /root/ros_workspace/install/turtlebot3_gazebo/share/turtlebot3_gazebo//rviz/tb3_gazebo.rviz
[5.925s] -- Up-to-date symlink: /root/ros_workspace/install/turtlebot3_gazebo/share/turtlebot3_gazebo//urdf/common_properties.urdf
[5.928s] -- Up-to-date symlink: /root/ros_workspace/install/turtlebot3_gazebo/share/turtlebot3_gazebo//urdf/turtlebot3_burger.urdf
[5.929s] -- Up-to-date symlink: /root/ros_workspace/install/turtlebot3_gazebo/share/turtlebot3_gazebo//urdf/turtlebot3_burger_cam.urdf
[5.930s] -- Up-to-date symlink: /root/ros_workspace/install/turtlebot3_gazebo/share/turtlebot3_gazebo//urdf/turtlebot3_waffle.urdf
[5.930s] -- Up-to-date symlink: /root/ros_workspace/install/turtlebot3_gazebo/share/turtlebot3_gazebo//urdf/turtlebot3_waffle_pi.urdf
[5.931s] -- Up-to-date symlink: /root/ros_workspace/install/turtlebot3_gazebo/share/turtlebot3_gazebo//worlds/empty_world.world
[5.931s] -- Up-to-date symlink: /root/ros_workspace/install/turtlebot3_gazebo/share/turtlebot3_gazebo//worlds/turtlebot3_autorace_2020.world
[5.932s] -- Up-to-date symlink: /root/ros_workspace/install/turtlebot3_gazebo/share/turtlebot3_gazebo//worlds/turtlebot3_dqn_stage1.world
[5.932s] -- Up-to-date symlink: /root/ros_workspace/install/turtlebot3_gazebo/share/turtlebot3_gazebo//worlds/turtlebot3_dqn_stage2.world
[5.933s] -- Up-to-date symlink: /root/ros_workspace/install/turtlebot3_gazebo/share/turtlebot3_gazebo//worlds/turtlebot3_dqn_stage3.world
[5.933s] -- Up-to-date symlink: /root/ros_workspace/install/turtlebot3_gazebo/share/turtlebot3_gazebo//worlds/turtlebot3_dqn_stage4.world
[5.935s] -- Up-to-date symlink: /root/ros_workspace/install/turtlebot3_gazebo/share/turtlebot3_gazebo//worlds/turtlebot3_house.world
[5.935s] -- Up-to-date symlink: /root/ros_workspace/install/turtlebot3_gazebo/share/turtlebot3_gazebo//worlds/turtlebot3_world.world
[5.937s] -- Up-to-date symlink: /root/ros_workspace/install/turtlebot3_gazebo/include//turtlebot3_gazebo/obstacle1.hpp
[5.938s] -- Up-to-date symlink: /root/ros_workspace/install/turtlebot3_gazebo/include//turtlebot3_gazebo/obstacle2.hpp
[5.939s] -- Up-to-date symlink: /root/ros_workspace/install/turtlebot3_gazebo/include//turtlebot3_gazebo/obstacles.hpp
[5.939s] -- Up-to-date symlink: /root/ros_workspace/install/turtlebot3_gazebo/include//turtlebot3_gazebo/traffic_bar_plugin.hpp
[5.940s] -- Up-to-date symlink: /root/ros_workspace/install/turtlebot3_gazebo/include//turtlebot3_gazebo/traffic_light_plugin.hpp
[5.940s] -- Up-to-date symlink: /root/ros_workspace/install/turtlebot3_gazebo/include//turtlebot3_gazebo/turtlebot3_drive.hpp
[5.942s] -- Up-to-date symlink: /root/ros_workspace/install/turtlebot3_gazebo/share/ament_index/resource_index/package_run_dependencies/turtlebot3_gazebo
[5.955s] -- Up-to-date symlink: /root/ros_workspace/install/turtlebot3_gazebo/share/ament_index/resource_index/parent_prefix_path/turtlebot3_gazebo
[5.957s] -- Up-to-date symlink: /root/ros_workspace/install/turtlebot3_gazebo/share/turtlebot3_gazebo/environment/ament_prefix_path.sh
[5.958s] -- Up-to-date symlink: /root/ros_workspace/install/turtlebot3_gazebo/share/turtlebot3_gazebo/environment/ament_prefix_path.dsv
[5.959s] -- Up-to-date symlink: /root/ros_workspace/install/turtlebot3_gazebo/share/turtlebot3_gazebo/environment/path.sh
[5.959s] -- Up-to-date symlink: /root/ros_workspace/install/turtlebot3_gazebo/share/turtlebot3_gazebo/environment/path.dsv
[5.968s] -- Up-to-date symlink: /root/ros_workspace/install/turtlebot3_gazebo/share/turtlebot3_gazebo/local_setup.bash
[5.969s] -- Up-to-date symlink: /root/ros_workspace/install/turtlebot3_gazebo/share/turtlebot3_gazebo/local_setup.sh
[5.970s] -- Up-to-date symlink: /root/ros_workspace/install/turtlebot3_gazebo/share/turtlebot3_gazebo/local_setup.zsh
[5.970s] -- Up-to-date symlink: /root/ros_workspace/install/turtlebot3_gazebo/share/turtlebot3_gazebo/local_setup.dsv
[5.971s] -- Symlinking: /root/ros_workspace/install/turtlebot3_gazebo/share/turtlebot3_gazebo/package.dsv
[5.971s] -- Up-to-date symlink: /root/ros_workspace/install/turtlebot3_gazebo/share/ament_index/resource_index/packages/turtlebot3_gazebo
[5.972s] -- Up-to-date symlink: /root/ros_workspace/install/turtlebot3_gazebo/share/turtlebot3_gazebo/cmake/ament_cmake_export_include_directories-extras.cmake
[5.973s] -- Up-to-date symlink: /root/ros_workspace/install/turtlebot3_gazebo/share/turtlebot3_gazebo/cmake/ament_cmake_export_dependencies-extras.cmake
[5.984s] -- Up-to-date symlink: /root/ros_workspace/install/turtlebot3_gazebo/share/turtlebot3_gazebo/cmake/turtlebot3_gazeboConfig.cmake
[5.988s] -- Up-to-date symlink: /root/ros_workspace/install/turtlebot3_gazebo/share/turtlebot3_gazebo/cmake/turtlebot3_gazeboConfig-version.cmake
[5.988s] -- Up-to-date symlink: /root/ros_workspace/install/turtlebot3_gazebo/share/turtlebot3_gazebo/package.xml
[6.095s] Invoked command in '/root/ros_workspace/build/turtlebot3_gazebo' returned '0': CMAKE_PREFIX_PATH=${CMAKE_PREFIX_PATH}:/root/ros_workspace/install/turtlebot3_teleop:/root/ros_workspace/install/turtlebot3_example:/opt/ros/jazzy /usr/bin/cmake --install /root/ros_workspace/build/turtlebot3_gazebo
