[0.586s] Invoking command in '/root/ros_workspace/build/dynamixel_sdk_examples': AMENT_PREFIX_PATH=/root/ros_workspace/install/dynamixel_sdk_custom_interfaces:/root/ros_workspace/install/dynamixel_sdk CMAKE_PREFIX_PATH=/root/ros_workspace/install/dynamixel_sdk_custom_interfaces:/root/ros_workspace/install/dynamixel_sdk LD_LIBRARY_PATH=/root/ros_workspace/install/dynamixel_sdk_custom_interfaces/lib:/root/ros_workspace/install/dynamixel_sdk/lib PYTHONPATH=/root/ros_workspace/install/dynamixel_sdk_custom_interfaces/lib/python3.12/site-packages:/root/ros_workspace/install/dynamixel_sdk/lib/python3.12/site-packages /usr/bin/cmake --build /root/ros_workspace/build/dynamixel_sdk_examples -- -j12 -l12
[0.846s] [100%] Built target read_write_node
[0.880s] Invoked command in '/root/ros_workspace/build/dynamixel_sdk_examples' returned '0': AMENT_PREFIX_PATH=/root/ros_workspace/install/dynamixel_sdk_custom_interfaces:/root/ros_workspace/install/dynamixel_sdk CMAKE_PREFIX_PATH=/root/ros_workspace/install/dynamixel_sdk_custom_interfaces:/root/ros_workspace/install/dynamixel_sdk LD_LIBRARY_PATH=/root/ros_workspace/install/dynamixel_sdk_custom_interfaces/lib:/root/ros_workspace/install/dynamixel_sdk/lib PYTHONPATH=/root/ros_workspace/install/dynamixel_sdk_custom_interfaces/lib/python3.12/site-packages:/root/ros_workspace/install/dynamixel_sdk/lib/python3.12/site-packages /usr/bin/cmake --build /root/ros_workspace/build/dynamixel_sdk_examples -- -j12 -l12
[0.881s] Invoking command in '/root/ros_workspace/build/dynamixel_sdk_examples': AMENT_PREFIX_PATH=/root/ros_workspace/install/dynamixel_sdk_custom_interfaces:/root/ros_workspace/install/dynamixel_sdk CMAKE_PREFIX_PATH=/root/ros_workspace/install/dynamixel_sdk_custom_interfaces:/root/ros_workspace/install/dynamixel_sdk LD_LIBRARY_PATH=/root/ros_workspace/install/dynamixel_sdk_custom_interfaces/lib:/root/ros_workspace/install/dynamixel_sdk/lib PYTHONPATH=/root/ros_workspace/install/dynamixel_sdk_custom_interfaces/lib/python3.12/site-packages:/root/ros_workspace/install/dynamixel_sdk/lib/python3.12/site-packages /usr/bin/cmake --install /root/ros_workspace/build/dynamixel_sdk_examples
[0.899s] -- Install configuration: ""
[0.904s] -- Execute custom install script
[0.905s] -- Up-to-date symlink: /root/ros_workspace/install/dynamixel_sdk_examples/lib/dynamixel_sdk_examples/read_write_node
[0.905s] -- Up-to-date symlink: /root/ros_workspace/install/dynamixel_sdk_examples/lib/dynamixel_sdk_examples/read_write_node.py
[0.906s] -- Up-to-date symlink: /root/ros_workspace/install/dynamixel_sdk_examples/share/ament_index/resource_index/package_run_dependencies/dynamixel_sdk_examples
[0.906s] -- Up-to-date symlink: /root/ros_workspace/install/dynamixel_sdk_examples/share/ament_index/resource_index/parent_prefix_path/dynamixel_sdk_examples
[0.908s] -- Up-to-date symlink: /root/ros_workspace/install/dynamixel_sdk_examples/share/dynamixel_sdk_examples/environment/ament_prefix_path.sh
[0.910s] -- Up-to-date symlink: /root/ros_workspace/install/dynamixel_sdk_examples/share/dynamixel_sdk_examples/environment/ament_prefix_path.dsv
[0.913s] -- Up-to-date symlink: /root/ros_workspace/install/dynamixel_sdk_examples/share/dynamixel_sdk_examples/environment/path.sh
[0.914s] -- Up-to-date symlink: /root/ros_workspace/install/dynamixel_sdk_examples/share/dynamixel_sdk_examples/environment/path.dsv
[0.914s] -- Up-to-date symlink: /root/ros_workspace/install/dynamixel_sdk_examples/share/dynamixel_sdk_examples/local_setup.bash
[0.914s] -- Up-to-date symlink: /root/ros_workspace/install/dynamixel_sdk_examples/share/dynamixel_sdk_examples/local_setup.sh
[0.914s] -- Up-to-date symlink: /root/ros_workspace/install/dynamixel_sdk_examples/share/dynamixel_sdk_examples/local_setup.zsh
[0.915s] -- Up-to-date symlink: /root/ros_workspace/install/dynamixel_sdk_examples/share/dynamixel_sdk_examples/local_setup.dsv
[0.915s] -- Symlinking: /root/ros_workspace/install/dynamixel_sdk_examples/share/dynamixel_sdk_examples/package.dsv
[0.958s] -- Up-to-date symlink: /root/ros_workspace/install/dynamixel_sdk_examples/share/ament_index/resource_index/packages/dynamixel_sdk_examples
[0.959s] -- Up-to-date symlink: /root/ros_workspace/install/dynamixel_sdk_examples/share/dynamixel_sdk_examples/cmake/dynamixel_sdk_examplesConfig.cmake
[0.959s] -- Up-to-date symlink: /root/ros_workspace/install/dynamixel_sdk_examples/share/dynamixel_sdk_examples/cmake/dynamixel_sdk_examplesConfig-version.cmake
[0.959s] -- Up-to-date symlink: /root/ros_workspace/install/dynamixel_sdk_examples/share/dynamixel_sdk_examples/package.xml
[0.977s] Invoked command in '/root/ros_workspace/build/dynamixel_sdk_examples' returned '0': AMENT_PREFIX_PATH=/root/ros_workspace/install/dynamixel_sdk_custom_interfaces:/root/ros_workspace/install/dynamixel_sdk CMAKE_PREFIX_PATH=/root/ros_workspace/install/dynamixel_sdk_custom_interfaces:/root/ros_workspace/install/dynamixel_sdk LD_LIBRARY_PATH=/root/ros_workspace/install/dynamixel_sdk_custom_interfaces/lib:/root/ros_workspace/install/dynamixel_sdk/lib PYTHONPATH=/root/ros_workspace/install/dynamixel_sdk_custom_interfaces/lib/python3.12/site-packages:/root/ros_workspace/install/dynamixel_sdk/lib/python3.12/site-packages /usr/bin/cmake --install /root/ros_workspace/build/dynamixel_sdk_examples
