[0.067s] Invoking command in '/root/ros_workspace/build/turtlebot3_cartographer': CMAKE_PREFIX_PATH=${CMAKE_PREFIX_PATH}:/root/ros_workspace/install/turtlebot3_teleop:/root/ros_workspace/install/turtlebot3_example:/root/ros_workspace/install/turtlebot3_control:/opt/ros/jazzy /usr/bin/cmake /root/ros_workspace/src/turtlebot3/turtlebot3_cartographer -DAMENT_CMAKE_SYMLINK_INSTALL=1 -DCMAKE_INSTALL_PREFIX=/root/ros_workspace/install/turtlebot3_cartographer
[0.871s] -- Found ament_cmake: 2.5.4 (/opt/ros/jazzy/share/ament_cmake/cmake)
[0.872s] -- Override CMake install command with custom implementation using symlinks instead of copying resources
[0.873s] -- Configuring done (0.6s)
[0.873s] -- Generating done (0.0s)
[0.874s] -- Build files have been written to: /root/ros_workspace/build/turtlebot3_cartographer
[0.883s] Invoked command in '/root/ros_workspace/build/turtlebot3_cartographer' returned '0': CMAKE_PREFIX_PATH=${CMAKE_PREFIX_PATH}:/root/ros_workspace/install/turtlebot3_teleop:/root/ros_workspace/install/turtlebot3_example:/root/ros_workspace/install/turtlebot3_control:/opt/ros/jazzy /usr/bin/cmake /root/ros_workspace/src/turtlebot3/turtlebot3_cartographer -DAMENT_CMAKE_SYMLINK_INSTALL=1 -DCMAKE_INSTALL_PREFIX=/root/ros_workspace/install/turtlebot3_cartographer
[0.883s] Invoking command in '/root/ros_workspace/build/turtlebot3_cartographer': CMAKE_PREFIX_PATH=${CMAKE_PREFIX_PATH}:/root/ros_workspace/install/turtlebot3_teleop:/root/ros_workspace/install/turtlebot3_example:/root/ros_workspace/install/turtlebot3_control:/opt/ros/jazzy /usr/bin/cmake --build /root/ros_workspace/build/turtlebot3_cartographer -- -j12 -l12
[0.941s] Invoked command in '/root/ros_workspace/build/turtlebot3_cartographer' returned '0': CMAKE_PREFIX_PATH=${CMAKE_PREFIX_PATH}:/root/ros_workspace/install/turtlebot3_teleop:/root/ros_workspace/install/turtlebot3_example:/root/ros_workspace/install/turtlebot3_control:/opt/ros/jazzy /usr/bin/cmake --build /root/ros_workspace/build/turtlebot3_cartographer -- -j12 -l12
[0.943s] Invoking command in '/root/ros_workspace/build/turtlebot3_cartographer': CMAKE_PREFIX_PATH=${CMAKE_PREFIX_PATH}:/root/ros_workspace/install/turtlebot3_teleop:/root/ros_workspace/install/turtlebot3_example:/root/ros_workspace/install/turtlebot3_control:/opt/ros/jazzy /usr/bin/cmake --install /root/ros_workspace/build/turtlebot3_cartographer
[0.962s] -- Install configuration: ""
[0.962s] -- Execute custom install script
[0.962s] -- Up-to-date symlink: /root/ros_workspace/install/turtlebot3_cartographer/share/turtlebot3_cartographer/config/turtlebot3_lds_2d.lua
[0.963s] -- Up-to-date symlink: /root/ros_workspace/install/turtlebot3_cartographer/share/turtlebot3_cartographer/launch/cartographer.launch.py
[0.963s] -- Up-to-date symlink: /root/ros_workspace/install/turtlebot3_cartographer/share/turtlebot3_cartographer/launch/occupancy_grid.launch.py
[0.963s] -- Up-to-date symlink: /root/ros_workspace/install/turtlebot3_cartographer/share/turtlebot3_cartographer/rviz/tb3_cartographer.rviz
[0.963s] -- Up-to-date symlink: /root/ros_workspace/install/turtlebot3_cartographer/share/ament_index/resource_index/package_run_dependencies/turtlebot3_cartographer
[0.964s] -- Up-to-date symlink: /root/ros_workspace/install/turtlebot3_cartographer/share/ament_index/resource_index/parent_prefix_path/turtlebot3_cartographer
[0.964s] -- Up-to-date symlink: /root/ros_workspace/install/turtlebot3_cartographer/share/turtlebot3_cartographer/environment/ament_prefix_path.sh
[0.964s] -- Up-to-date symlink: /root/ros_workspace/install/turtlebot3_cartographer/share/turtlebot3_cartographer/environment/ament_prefix_path.dsv
[0.964s] -- Up-to-date symlink: /root/ros_workspace/install/turtlebot3_cartographer/share/turtlebot3_cartographer/environment/path.sh
[0.964s] -- Up-to-date symlink: /root/ros_workspace/install/turtlebot3_cartographer/share/turtlebot3_cartographer/environment/path.dsv
[0.965s] -- Up-to-date symlink: /root/ros_workspace/install/turtlebot3_cartographer/share/turtlebot3_cartographer/local_setup.bash
[0.965s] -- Up-to-date symlink: /root/ros_workspace/install/turtlebot3_cartographer/share/turtlebot3_cartographer/local_setup.sh
[0.965s] -- Up-to-date symlink: /root/ros_workspace/install/turtlebot3_cartographer/share/turtlebot3_cartographer/local_setup.zsh
[0.965s] -- Up-to-date symlink: /root/ros_workspace/install/turtlebot3_cartographer/share/turtlebot3_cartographer/local_setup.dsv
[0.965s] -- Symlinking: /root/ros_workspace/install/turtlebot3_cartographer/share/turtlebot3_cartographer/package.dsv
[0.995s] -- Up-to-date symlink: /root/ros_workspace/install/turtlebot3_cartographer/share/ament_index/resource_index/packages/turtlebot3_cartographer
[0.995s] -- Up-to-date symlink: /root/ros_workspace/install/turtlebot3_cartographer/share/turtlebot3_cartographer/cmake/turtlebot3_cartographerConfig.cmake
[0.996s] -- Up-to-date symlink: /root/ros_workspace/install/turtlebot3_cartographer/share/turtlebot3_cartographer/cmake/turtlebot3_cartographerConfig-version.cmake
[0.996s] -- Up-to-date symlink: /root/ros_workspace/install/turtlebot3_cartographer/share/turtlebot3_cartographer/package.xml
[1.076s] Invoked command in '/root/ros_workspace/build/turtlebot3_cartographer' returned '0': CMAKE_PREFIX_PATH=${CMAKE_PREFIX_PATH}:/root/ros_workspace/install/turtlebot3_teleop:/root/ros_workspace/install/turtlebot3_example:/root/ros_workspace/install/turtlebot3_control:/opt/ros/jazzy /usr/bin/cmake --install /root/ros_workspace/build/turtlebot3_cartographer
