[0.064s] Invoking command in '/root/ros_workspace/build/turtlebot3_navigation2': CMAKE_PREFIX_PATH=${CMAKE_PREFIX_PATH}:/root/ros_workspace/install/turtlebot3_teleop:/root/ros_workspace/install/turtlebot3_example:/root/ros_workspace/install/turtlebot3_control:/opt/ros/jazzy /usr/bin/cmake /root/ros_workspace/src/turtlebot3/turtlebot3_navigation2 -DAMENT_CMAKE_SYMLINK_INSTALL=1 -DCMAKE_INSTALL_PREFIX=/root/ros_workspace/install/turtlebot3_navigation2
[0.866s] -- Found ament_cmake: 2.5.4 (/opt/ros/jazzy/share/ament_cmake/cmake)
[0.866s] -- Override CMake install command with custom implementation using symlinks instead of copying resources
[0.866s] -- Configuring done (0.6s)
[0.867s] -- Generating done (0.0s)
[0.867s] -- Build files have been written to: /root/ros_workspace/build/turtlebot3_navigation2
[0.870s] Invoked command in '/root/ros_workspace/build/turtlebot3_navigation2' returned '0': CMAKE_PREFIX_PATH=${CMAKE_PREFIX_PATH}:/root/ros_workspace/install/turtlebot3_teleop:/root/ros_workspace/install/turtlebot3_example:/root/ros_workspace/install/turtlebot3_control:/opt/ros/jazzy /usr/bin/cmake /root/ros_workspace/src/turtlebot3/turtlebot3_navigation2 -DAMENT_CMAKE_SYMLINK_INSTALL=1 -DCMAKE_INSTALL_PREFIX=/root/ros_workspace/install/turtlebot3_navigation2
[0.870s] Invoking command in '/root/ros_workspace/build/turtlebot3_navigation2': CMAKE_PREFIX_PATH=${CMAKE_PREFIX_PATH}:/root/ros_workspace/install/turtlebot3_teleop:/root/ros_workspace/install/turtlebot3_example:/root/ros_workspace/install/turtlebot3_control:/opt/ros/jazzy /usr/bin/cmake --build /root/ros_workspace/build/turtlebot3_navigation2 -- -j12 -l12
[0.933s] Invoked command in '/root/ros_workspace/build/turtlebot3_navigation2' returned '0': CMAKE_PREFIX_PATH=${CMAKE_PREFIX_PATH}:/root/ros_workspace/install/turtlebot3_teleop:/root/ros_workspace/install/turtlebot3_example:/root/ros_workspace/install/turtlebot3_control:/opt/ros/jazzy /usr/bin/cmake --build /root/ros_workspace/build/turtlebot3_navigation2 -- -j12 -l12
[0.935s] Invoking command in '/root/ros_workspace/build/turtlebot3_navigation2': CMAKE_PREFIX_PATH=${CMAKE_PREFIX_PATH}:/root/ros_workspace/install/turtlebot3_teleop:/root/ros_workspace/install/turtlebot3_example:/root/ros_workspace/install/turtlebot3_control:/opt/ros/jazzy /usr/bin/cmake --install /root/ros_workspace/build/turtlebot3_navigation2
[0.952s] -- Install configuration: ""
[0.953s] -- Execute custom install script
[0.953s] -- Up-to-date symlink: /root/ros_workspace/install/turtlebot3_navigation2/share/turtlebot3_navigation2/launch/navigation2.launch.py
[0.953s] -- Up-to-date symlink: /root/ros_workspace/install/turtlebot3_navigation2/share/turtlebot3_navigation2/map/map.pgm
[0.954s] -- Up-to-date symlink: /root/ros_workspace/install/turtlebot3_navigation2/share/turtlebot3_navigation2/map/map.yaml
[0.954s] -- Up-to-date symlink: /root/ros_workspace/install/turtlebot3_navigation2/share/turtlebot3_navigation2/param/burger.yaml
[0.954s] -- Up-to-date symlink: /root/ros_workspace/install/turtlebot3_navigation2/share/turtlebot3_navigation2/param/burger_cam.yaml
[0.954s] -- Up-to-date symlink: /root/ros_workspace/install/turtlebot3_navigation2/share/turtlebot3_navigation2/param/humble/burger.yaml
[0.954s] -- Up-to-date symlink: /root/ros_workspace/install/turtlebot3_navigation2/share/turtlebot3_navigation2/param/humble/burger_cam.yaml
[0.954s] -- Up-to-date symlink: /root/ros_workspace/install/turtlebot3_navigation2/share/turtlebot3_navigation2/param/humble/waffle.yaml
[0.955s] -- Up-to-date symlink: /root/ros_workspace/install/turtlebot3_navigation2/share/turtlebot3_navigation2/param/humble/waffle_pi.yaml
[0.955s] -- Up-to-date symlink: /root/ros_workspace/install/turtlebot3_navigation2/share/turtlebot3_navigation2/param/waffle.yaml
[0.955s] -- Up-to-date symlink: /root/ros_workspace/install/turtlebot3_navigation2/share/turtlebot3_navigation2/param/waffle_pi.yaml
[0.955s] -- Up-to-date symlink: /root/ros_workspace/install/turtlebot3_navigation2/share/turtlebot3_navigation2/rviz/tb3_navigation2.rviz
[0.955s] -- Up-to-date symlink: /root/ros_workspace/install/turtlebot3_navigation2/share/ament_index/resource_index/package_run_dependencies/turtlebot3_navigation2
[0.956s] -- Up-to-date symlink: /root/ros_workspace/install/turtlebot3_navigation2/share/ament_index/resource_index/parent_prefix_path/turtlebot3_navigation2
[0.956s] -- Up-to-date symlink: /root/ros_workspace/install/turtlebot3_navigation2/share/turtlebot3_navigation2/environment/ament_prefix_path.sh
[0.956s] -- Up-to-date symlink: /root/ros_workspace/install/turtlebot3_navigation2/share/turtlebot3_navigation2/environment/ament_prefix_path.dsv
[0.956s] -- Up-to-date symlink: /root/ros_workspace/install/turtlebot3_navigation2/share/turtlebot3_navigation2/environment/path.sh
[0.956s] -- Up-to-date symlink: /root/ros_workspace/install/turtlebot3_navigation2/share/turtlebot3_navigation2/environment/path.dsv
[0.956s] -- Up-to-date symlink: /root/ros_workspace/install/turtlebot3_navigation2/share/turtlebot3_navigation2/local_setup.bash
[0.957s] -- Up-to-date symlink: /root/ros_workspace/install/turtlebot3_navigation2/share/turtlebot3_navigation2/local_setup.sh
[0.957s] -- Up-to-date symlink: /root/ros_workspace/install/turtlebot3_navigation2/share/turtlebot3_navigation2/local_setup.zsh
[0.958s] -- Up-to-date symlink: /root/ros_workspace/install/turtlebot3_navigation2/share/turtlebot3_navigation2/local_setup.dsv
[0.958s] -- Symlinking: /root/ros_workspace/install/turtlebot3_navigation2/share/turtlebot3_navigation2/package.dsv
[0.979s] -- Up-to-date symlink: /root/ros_workspace/install/turtlebot3_navigation2/share/ament_index/resource_index/packages/turtlebot3_navigation2
[0.980s] -- Up-to-date symlink: /root/ros_workspace/install/turtlebot3_navigation2/share/turtlebot3_navigation2/cmake/turtlebot3_navigation2Config.cmake
[0.980s] -- Up-to-date symlink: /root/ros_workspace/install/turtlebot3_navigation2/share/turtlebot3_navigation2/cmake/turtlebot3_navigation2Config-version.cmake
[0.980s] -- Up-to-date symlink: /root/ros_workspace/install/turtlebot3_navigation2/share/turtlebot3_navigation2/package.xml
[1.024s] Invoked command in '/root/ros_workspace/build/turtlebot3_navigation2' returned '0': CMAKE_PREFIX_PATH=${CMAKE_PREFIX_PATH}:/root/ros_workspace/install/turtlebot3_teleop:/root/ros_workspace/install/turtlebot3_example:/root/ros_workspace/install/turtlebot3_control:/opt/ros/jazzy /usr/bin/cmake --install /root/ros_workspace/build/turtlebot3_navigation2
