[0.172s] Invoking command in '/root/ros_workspace/build/turtlebot3_navigation2': CMAKE_PREFIX_PATH=${CMAKE_PREFIX_PATH}:/root/ros_workspace/install/turtlebot3_teleop:/root/ros_workspace/install/turtlebot3_example:/opt/ros/jazzy /usr/bin/cmake /root/ros_workspace/src/turtlebot3/turtlebot3_navigation2 -DCMAKE_INSTALL_PREFIX=/root/ros_workspace/install/turtlebot3_navigation2
[1.466s] -- Found ament_cmake: 2.5.4 (/opt/ros/jazzy/share/ament_cmake/cmake)
[2.349s] -- Override CMake install command with custom implementation using symlinks instead of copying resources
[3.320s] -- Configuring done (3.1s)
[3.349s] -- Generating done (0.0s)
[3.361s] -- Build files have been written to: /root/ros_workspace/build/turtlebot3_navigation2
[3.370s] Invoked command in '/root/ros_workspace/build/turtlebot3_navigation2' returned '0': CMAKE_PREFIX_PATH=${CMAKE_PREFIX_PATH}:/root/ros_workspace/install/turtlebot3_teleop:/root/ros_workspace/install/turtlebot3_example:/opt/ros/jazzy /usr/bin/cmake /root/ros_workspace/src/turtlebot3/turtlebot3_navigation2 -DCMAKE_INSTALL_PREFIX=/root/ros_workspace/install/turtlebot3_navigation2
[3.381s] Invoking command in '/root/ros_workspace/build/turtlebot3_navigation2': CMAKE_PREFIX_PATH=${CMAKE_PREFIX_PATH}:/root/ros_workspace/install/turtlebot3_teleop:/root/ros_workspace/install/turtlebot3_example:/opt/ros/jazzy /usr/bin/cmake --build /root/ros_workspace/build/turtlebot3_navigation2 -- -j12 -l12
[3.644s] Invoked command in '/root/ros_workspace/build/turtlebot3_navigation2' returned '0': CMAKE_PREFIX_PATH=${CMAKE_PREFIX_PATH}:/root/ros_workspace/install/turtlebot3_teleop:/root/ros_workspace/install/turtlebot3_example:/opt/ros/jazzy /usr/bin/cmake --build /root/ros_workspace/build/turtlebot3_navigation2 -- -j12 -l12
[3.654s] Invoking command in '/root/ros_workspace/build/turtlebot3_navigation2': CMAKE_PREFIX_PATH=${CMAKE_PREFIX_PATH}:/root/ros_workspace/install/turtlebot3_teleop:/root/ros_workspace/install/turtlebot3_example:/opt/ros/jazzy /usr/bin/cmake --install /root/ros_workspace/build/turtlebot3_navigation2
[3.720s] -- Install configuration: ""
[3.721s] -- Execute custom install script
[3.724s] -- Up-to-date symlink: /root/ros_workspace/install/turtlebot3_navigation2/share/turtlebot3_navigation2/launch/navigation2.launch.py
[3.729s] -- Up-to-date symlink: /root/ros_workspace/install/turtlebot3_navigation2/share/turtlebot3_navigation2/map/map.pgm
[3.730s] -- Up-to-date symlink: /root/ros_workspace/install/turtlebot3_navigation2/share/turtlebot3_navigation2/map/map.yaml
[3.730s] -- Up-to-date symlink: /root/ros_workspace/install/turtlebot3_navigation2/share/turtlebot3_navigation2/param/burger.yaml
[3.738s] -- Up-to-date symlink: /root/ros_workspace/install/turtlebot3_navigation2/share/turtlebot3_navigation2/param/burger_cam.yaml
[3.738s] -- Up-to-date symlink: /root/ros_workspace/install/turtlebot3_navigation2/share/turtlebot3_navigation2/param/humble/burger.yaml
[3.740s] -- Up-to-date symlink: /root/ros_workspace/install/turtlebot3_navigation2/share/turtlebot3_navigation2/param/humble/burger_cam.yaml
[3.741s] -- Up-to-date symlink: /root/ros_workspace/install/turtlebot3_navigation2/share/turtlebot3_navigation2/param/humble/waffle.yaml
[3.741s] -- Up-to-date symlink: /root/ros_workspace/install/turtlebot3_navigation2/share/turtlebot3_navigation2/param/humble/waffle_pi.yaml
[3.742s] -- Up-to-date symlink: /root/ros_workspace/install/turtlebot3_navigation2/share/turtlebot3_navigation2/param/waffle.yaml
[3.747s] -- Up-to-date symlink: /root/ros_workspace/install/turtlebot3_navigation2/share/turtlebot3_navigation2/param/waffle_pi.yaml
[3.747s] -- Up-to-date symlink: /root/ros_workspace/install/turtlebot3_navigation2/share/turtlebot3_navigation2/rviz/tb3_navigation2.rviz
[3.747s] -- Up-to-date symlink: /root/ros_workspace/install/turtlebot3_navigation2/share/ament_index/resource_index/package_run_dependencies/turtlebot3_navigation2
[3.756s] -- Up-to-date symlink: /root/ros_workspace/install/turtlebot3_navigation2/share/ament_index/resource_index/parent_prefix_path/turtlebot3_navigation2
[3.761s] -- Up-to-date symlink: /root/ros_workspace/install/turtlebot3_navigation2/share/turtlebot3_navigation2/environment/ament_prefix_path.sh
[3.772s] -- Up-to-date symlink: /root/ros_workspace/install/turtlebot3_navigation2/share/turtlebot3_navigation2/environment/ament_prefix_path.dsv
[3.774s] -- Up-to-date symlink: /root/ros_workspace/install/turtlebot3_navigation2/share/turtlebot3_navigation2/environment/path.sh
[3.775s] -- Up-to-date symlink: /root/ros_workspace/install/turtlebot3_navigation2/share/turtlebot3_navigation2/environment/path.dsv
[3.775s] -- Up-to-date symlink: /root/ros_workspace/install/turtlebot3_navigation2/share/turtlebot3_navigation2/local_setup.bash
[3.776s] -- Up-to-date symlink: /root/ros_workspace/install/turtlebot3_navigation2/share/turtlebot3_navigation2/local_setup.sh
[3.776s] -- Up-to-date symlink: /root/ros_workspace/install/turtlebot3_navigation2/share/turtlebot3_navigation2/local_setup.zsh
[3.777s] -- Up-to-date symlink: /root/ros_workspace/install/turtlebot3_navigation2/share/turtlebot3_navigation2/local_setup.dsv
[3.777s] -- Symlinking: /root/ros_workspace/install/turtlebot3_navigation2/share/turtlebot3_navigation2/package.dsv
[3.818s] -- Up-to-date symlink: /root/ros_workspace/install/turtlebot3_navigation2/share/ament_index/resource_index/packages/turtlebot3_navigation2
[3.819s] -- Up-to-date symlink: /root/ros_workspace/install/turtlebot3_navigation2/share/turtlebot3_navigation2/cmake/turtlebot3_navigation2Config.cmake
[3.820s] -- Up-to-date symlink: /root/ros_workspace/install/turtlebot3_navigation2/share/turtlebot3_navigation2/cmake/turtlebot3_navigation2Config-version.cmake
[3.821s] -- Up-to-date symlink: /root/ros_workspace/install/turtlebot3_navigation2/share/turtlebot3_navigation2/package.xml
[3.842s] Invoked command in '/root/ros_workspace/build/turtlebot3_navigation2' returned '0': CMAKE_PREFIX_PATH=${CMAKE_PREFIX_PATH}:/root/ros_workspace/install/turtlebot3_teleop:/root/ros_workspace/install/turtlebot3_example:/opt/ros/jazzy /usr/bin/cmake --install /root/ros_workspace/build/turtlebot3_navigation2
