-- The C compiler identification is GNU 13.3.0
-- The CXX compiler identification is GNU 13.3.0
-- Detecting C compiler ABI info
-- Detecting C compiler ABI info - done
-- Check for working C compiler: /usr/bin/cc - skipped
-- Detecting C compile features
-- Detecting C compile features - done
-- Detecting CXX compiler ABI info
-- Detecting CXX compiler ABI info - done
-- Check for working CXX compiler: /usr/bin/c++ - skipped
-- Detecting CXX compile features
-- Detecting CXX compile features - done
-- Found ament_cmake: 2.5.4 (/opt/ros/jazzy/share/ament_cmake/cmake)
-- Found Python3: /usr/bin/python3 (found version "3.12.3") found components: Interpreter 
-- Found geometry_msgs: 5.3.6 (/opt/ros/jazzy/share/geometry_msgs/cmake)
-- Found rosidl_generator_c: 4.6.6 (/opt/ros/jazzy/share/rosidl_generator_c/cmake)
-- Found rosidl_generator_cpp: 4.6.6 (/opt/ros/jazzy/share/rosidl_generator_cpp/cmake)
-- Using all available rosidl_typesupport_c: rosidl_typesupport_fastrtps_c;rosidl_typesupport_introspection_c
-- Using all available rosidl_typesupport_cpp: rosidl_typesupport_fastrtps_cpp;rosidl_typesupport_introspection_cpp
-- Found interactive_markers: 2.5.5 (/opt/ros/jazzy/share/interactive_markers/cmake)
-- Found rmw_implementation_cmake: 7.3.2 (/opt/ros/jazzy/share/rmw_implementation_cmake/cmake)
-- Found rmw_fastrtps_cpp: 8.4.3 (/opt/ros/jazzy/share/rmw_fastrtps_cpp/cmake)
-- Found OpenSSL: /usr/lib/x86_64-linux-gnu/libcrypto.so (found version "3.0.13")  
-- Found FastRTPS: /opt/ros/jazzy/include (Required is at least version "2.13") 
-- Using RMW implementation 'rmw_fastrtps_cpp' as default
-- Found pose_graph_tools_msgs: 1.0.0 (/root/ros_workspace/install/pose_graph_tools_msgs/share/pose_graph_tools_msgs/cmake)
-- Found rclcpp_components: 28.1.13 (/opt/ros/jazzy/share/rclcpp_components/cmake)
-- Found tf2_eigen: 0.36.16 (/opt/ros/jazzy/share/tf2_eigen/cmake)
-- Configuring done (5.3s)
-- Generating done (0.1s)
-- Build files have been written to: /root/ros_workspace/build/pose_graph_tools_ros
[ 16%] [32mBuilding CXX object CMakeFiles/pose_graph_tools_ros.dir/src/conversions.cpp.o[0m
[ 33%] [32mBuilding CXX object CMakeFiles/pose_graph_tools_ros.dir/src/utils.cpp.o[0m
[ 50%] [32mBuilding CXX object CMakeFiles/pose_graph_tools_ros.dir/src/visualizer.cpp.o[0m
[ 66%] [32m[1mLinking CXX shared library libpose_graph_tools_ros.so[0m
[ 66%] Built target pose_graph_tools_ros
[ 83%] [32mBuilding CXX object CMakeFiles/visualizer_node.dir/rclcpp_components/node_main_visualizer_node.cpp.o[0m
[100%] [32m[1mLinking CXX executable visualizer_node[0m
[100%] Built target visualizer_node
-- Install configuration: "Release"
-- Installing: /root/ros_workspace/install/pose_graph_tools_ros/lib/pose_graph_tools_ros/visualizer_node
-- Set non-toolchain portion of runtime path of "/root/ros_workspace/install/pose_graph_tools_ros/lib/pose_graph_tools_ros/visualizer_node" to ""
-- Installing: /root/ros_workspace/install/pose_graph_tools_ros/lib/libpose_graph_tools_ros.so
-- Set non-toolchain portion of runtime path of "/root/ros_workspace/install/pose_graph_tools_ros/lib/libpose_graph_tools_ros.so" to ""
-- Installing: /root/ros_workspace/install/pose_graph_tools_ros/include/pose_graph_tools_ros/pose_graph_tools_ros
-- Installing: /root/ros_workspace/install/pose_graph_tools_ros/include/pose_graph_tools_ros/pose_graph_tools_ros/conversions.h
-- Installing: /root/ros_workspace/install/pose_graph_tools_ros/include/pose_graph_tools_ros/pose_graph_tools_ros/utils.h
-- Installing: /root/ros_workspace/install/pose_graph_tools_ros/share/pose_graph_tools_ros/launch
-- Installing: /root/ros_workspace/install/pose_graph_tools_ros/share/pose_graph_tools_ros/launch/posegraph_view.launch.yaml
-- Installing: /root/ros_workspace/install/pose_graph_tools_ros/share/ament_index/resource_index/package_run_dependencies/pose_graph_tools_ros
-- Installing: /root/ros_workspace/install/pose_graph_tools_ros/share/ament_index/resource_index/parent_prefix_path/pose_graph_tools_ros
-- Installing: /root/ros_workspace/install/pose_graph_tools_ros/share/pose_graph_tools_ros/environment/ament_prefix_path.sh
-- Installing: /root/ros_workspace/install/pose_graph_tools_ros/share/pose_graph_tools_ros/environment/ament_prefix_path.dsv
-- Installing: /root/ros_workspace/install/pose_graph_tools_ros/share/pose_graph_tools_ros/environment/path.sh
-- Installing: /root/ros_workspace/install/pose_graph_tools_ros/share/pose_graph_tools_ros/environment/path.dsv
-- Installing: /root/ros_workspace/install/pose_graph_tools_ros/share/pose_graph_tools_ros/local_setup.bash
-- Installing: /root/ros_workspace/install/pose_graph_tools_ros/share/pose_graph_tools_ros/local_setup.sh
-- Installing: /root/ros_workspace/install/pose_graph_tools_ros/share/pose_graph_tools_ros/local_setup.zsh
-- Installing: /root/ros_workspace/install/pose_graph_tools_ros/share/pose_graph_tools_ros/local_setup.dsv
-- Installing: /root/ros_workspace/install/pose_graph_tools_ros/share/pose_graph_tools_ros/package.dsv
-- Installing: /root/ros_workspace/install/pose_graph_tools_ros/share/ament_index/resource_index/packages/pose_graph_tools_ros
-- Installing: /root/ros_workspace/install/pose_graph_tools_ros/share/ament_index/resource_index/rclcpp_components/pose_graph_tools_ros
-- Installing: /root/ros_workspace/install/pose_graph_tools_ros/share/pose_graph_tools_ros/cmake/pose_graph_tools_ros-targetsExport.cmake
-- Installing: /root/ros_workspace/install/pose_graph_tools_ros/share/pose_graph_tools_ros/cmake/pose_graph_tools_ros-targetsExport-release.cmake
-- Installing: /root/ros_workspace/install/pose_graph_tools_ros/share/pose_graph_tools_ros/cmake/ament_cmake_export_targets-extras.cmake
-- Installing: /root/ros_workspace/install/pose_graph_tools_ros/share/pose_graph_tools_ros/cmake/ament_cmake_export_dependencies-extras.cmake
-- Installing: /root/ros_workspace/install/pose_graph_tools_ros/share/pose_graph_tools_ros/cmake/pose_graph_tools_rosConfig.cmake
-- Installing: /root/ros_workspace/install/pose_graph_tools_ros/share/pose_graph_tools_ros/cmake/pose_graph_tools_rosConfig-version.cmake
-- Installing: /root/ros_workspace/install/pose_graph_tools_ros/share/pose_graph_tools_ros/package.xml
