[0.062s] Invoking command in '/root/ros_workspace/build/pose_graph_tools_ros': AMENT_PREFIX_PATH=/root/ros_workspace/install/pose_graph_tools_msgs:${AMENT_PREFIX_PATH} CMAKE_PREFIX_PATH=/root/ros_workspace/install/pose_graph_tools_msgs:/root/ros_workspace/install/pose_graph_tools:/opt/ros/jazzy/opt/gz_sim_vendor:/opt/ros/jazzy/opt/gz_sensors_vendor:/opt/ros/jazzy/opt/gz_physics_vendor:/opt/ros/jazzy/opt/sdformat_vendor:/opt/ros/jazzy/opt/gz_gui_vendor:/opt/ros/jazzy/opt/gz_transport_vendor:/opt/ros/jazzy/opt/gz_rendering_vendor:/opt/ros/jazzy/opt/gz_plugin_vendor:/opt/ros/jazzy/opt/gz_fuel_tools_vendor:/opt/ros/jazzy/opt/gz_msgs_vendor:/opt/ros/jazzy/opt/gz_common_vendor:/opt/ros/jazzy/opt/gz_math_vendor:/opt/ros/jazzy/opt/gz_utils_vendor:/opt/ros/jazzy/opt/gz_tools_vendor:/opt/ros/jazzy/opt/gz_ogre_next_vendor:/opt/ros/jazzy/opt/gz_dartsim_vendor:/opt/ros/jazzy/opt/gz_cmake_vendor:/opt/ros/jazzy LD_LIBRARY_PATH=/root/ros_workspace/install/pose_graph_tools_msgs/lib:/root/ros_workspace/install/pose_graph_tools/lib:${LD_LIBRARY_PATH} PKG_CONFIG_PATH=/root/ros_workspace/install/pose_graph_tools/lib/x86_64-linux-gnu/pkgconfig:/root/ros_workspace/install/pose_graph_tools/lib/pkgconfig PYTHONPATH=/root/ros_workspace/install/pose_graph_tools_msgs/lib/python3.12/site-packages:${PYTHONPATH} /usr/bin/cmake /root/ros_workspace/src/pose_graph_tools/pose_graph_tools_ros -DCMAKE_BUILD_TYPE=Release -DCMAKE_INSTALL_PREFIX=/root/ros_workspace/install/pose_graph_tools_ros
[8.052s] -- The C compiler identification is GNU 13.3.0
[8.052s] -- The CXX compiler identification is GNU 13.3.0
[8.052s] -- Detecting C compiler ABI info
[8.053s] -- Detecting C compiler ABI info - done
[8.053s] -- Check for working C compiler: /usr/bin/cc - skipped
[8.053s] -- Detecting C compile features
[8.053s] -- Detecting C compile features - done
[8.053s] -- Detecting CXX compiler ABI info
[8.053s] -- Detecting CXX compiler ABI info - done
[8.053s] -- Check for working CXX compiler: /usr/bin/c++ - skipped
[8.053s] -- Detecting CXX compile features
[8.053s] -- Detecting CXX compile features - done
[8.054s] -- Found ament_cmake: 2.5.4 (/opt/ros/jazzy/share/ament_cmake/cmake)
[8.054s] -- Found Python3: /usr/bin/python3 (found version "3.12.3") found components: Interpreter 
[8.054s] -- Found geometry_msgs: 5.3.6 (/opt/ros/jazzy/share/geometry_msgs/cmake)
[8.054s] -- Found rosidl_generator_c: 4.6.6 (/opt/ros/jazzy/share/rosidl_generator_c/cmake)
[8.054s] -- Found rosidl_generator_cpp: 4.6.6 (/opt/ros/jazzy/share/rosidl_generator_cpp/cmake)
[8.054s] -- Using all available rosidl_typesupport_c: rosidl_typesupport_fastrtps_c;rosidl_typesupport_introspection_c
[8.054s] -- Using all available rosidl_typesupport_cpp: rosidl_typesupport_fastrtps_cpp;rosidl_typesupport_introspection_cpp
[8.054s] -- Found interactive_markers: 2.5.5 (/opt/ros/jazzy/share/interactive_markers/cmake)
[8.054s] -- Found rmw_implementation_cmake: 7.3.2 (/opt/ros/jazzy/share/rmw_implementation_cmake/cmake)
[8.055s] -- Found rmw_fastrtps_cpp: 8.4.3 (/opt/ros/jazzy/share/rmw_fastrtps_cpp/cmake)
[8.055s] -- Found OpenSSL: /usr/lib/x86_64-linux-gnu/libcrypto.so (found version "3.0.13")  
[8.055s] -- Found FastRTPS: /opt/ros/jazzy/include (Required is at least version "2.13") 
[8.055s] -- Using RMW implementation 'rmw_fastrtps_cpp' as default
[8.055s] -- Found pose_graph_tools_msgs: 1.0.0 (/root/ros_workspace/install/pose_graph_tools_msgs/share/pose_graph_tools_msgs/cmake)
[8.055s] -- Found rclcpp_components: 28.1.13 (/opt/ros/jazzy/share/rclcpp_components/cmake)
[8.055s] -- Found tf2_eigen: 0.36.16 (/opt/ros/jazzy/share/tf2_eigen/cmake)
[8.055s] -- Configuring done (5.3s)
[8.056s] -- Generating done (0.1s)
[8.056s] -- Build files have been written to: /root/ros_workspace/build/pose_graph_tools_ros
[8.066s] Invoked command in '/root/ros_workspace/build/pose_graph_tools_ros' returned '0': AMENT_PREFIX_PATH=/root/ros_workspace/install/pose_graph_tools_msgs:${AMENT_PREFIX_PATH} CMAKE_PREFIX_PATH=/root/ros_workspace/install/pose_graph_tools_msgs:/root/ros_workspace/install/pose_graph_tools:/opt/ros/jazzy/opt/gz_sim_vendor:/opt/ros/jazzy/opt/gz_sensors_vendor:/opt/ros/jazzy/opt/gz_physics_vendor:/opt/ros/jazzy/opt/sdformat_vendor:/opt/ros/jazzy/opt/gz_gui_vendor:/opt/ros/jazzy/opt/gz_transport_vendor:/opt/ros/jazzy/opt/gz_rendering_vendor:/opt/ros/jazzy/opt/gz_plugin_vendor:/opt/ros/jazzy/opt/gz_fuel_tools_vendor:/opt/ros/jazzy/opt/gz_msgs_vendor:/opt/ros/jazzy/opt/gz_common_vendor:/opt/ros/jazzy/opt/gz_math_vendor:/opt/ros/jazzy/opt/gz_utils_vendor:/opt/ros/jazzy/opt/gz_tools_vendor:/opt/ros/jazzy/opt/gz_ogre_next_vendor:/opt/ros/jazzy/opt/gz_dartsim_vendor:/opt/ros/jazzy/opt/gz_cmake_vendor:/opt/ros/jazzy LD_LIBRARY_PATH=/root/ros_workspace/install/pose_graph_tools_msgs/lib:/root/ros_workspace/install/pose_graph_tools/lib:${LD_LIBRARY_PATH} PKG_CONFIG_PATH=/root/ros_workspace/install/pose_graph_tools/lib/x86_64-linux-gnu/pkgconfig:/root/ros_workspace/install/pose_graph_tools/lib/pkgconfig PYTHONPATH=/root/ros_workspace/install/pose_graph_tools_msgs/lib/python3.12/site-packages:${PYTHONPATH} /usr/bin/cmake /root/ros_workspace/src/pose_graph_tools/pose_graph_tools_ros -DCMAKE_BUILD_TYPE=Release -DCMAKE_INSTALL_PREFIX=/root/ros_workspace/install/pose_graph_tools_ros
[8.067s] Invoking command in '/root/ros_workspace/build/pose_graph_tools_ros': AMENT_PREFIX_PATH=/root/ros_workspace/install/pose_graph_tools_msgs:${AMENT_PREFIX_PATH} CMAKE_PREFIX_PATH=/root/ros_workspace/install/pose_graph_tools_msgs:/root/ros_workspace/install/pose_graph_tools:/opt/ros/jazzy/opt/gz_sim_vendor:/opt/ros/jazzy/opt/gz_sensors_vendor:/opt/ros/jazzy/opt/gz_physics_vendor:/opt/ros/jazzy/opt/sdformat_vendor:/opt/ros/jazzy/opt/gz_gui_vendor:/opt/ros/jazzy/opt/gz_transport_vendor:/opt/ros/jazzy/opt/gz_rendering_vendor:/opt/ros/jazzy/opt/gz_plugin_vendor:/opt/ros/jazzy/opt/gz_fuel_tools_vendor:/opt/ros/jazzy/opt/gz_msgs_vendor:/opt/ros/jazzy/opt/gz_common_vendor:/opt/ros/jazzy/opt/gz_math_vendor:/opt/ros/jazzy/opt/gz_utils_vendor:/opt/ros/jazzy/opt/gz_tools_vendor:/opt/ros/jazzy/opt/gz_ogre_next_vendor:/opt/ros/jazzy/opt/gz_dartsim_vendor:/opt/ros/jazzy/opt/gz_cmake_vendor:/opt/ros/jazzy LD_LIBRARY_PATH=/root/ros_workspace/install/pose_graph_tools_msgs/lib:/root/ros_workspace/install/pose_graph_tools/lib:${LD_LIBRARY_PATH} PKG_CONFIG_PATH=/root/ros_workspace/install/pose_graph_tools/lib/x86_64-linux-gnu/pkgconfig:/root/ros_workspace/install/pose_graph_tools/lib/pkgconfig PYTHONPATH=/root/ros_workspace/install/pose_graph_tools_msgs/lib/python3.12/site-packages:${PYTHONPATH} /usr/bin/cmake --build /root/ros_workspace/build/pose_graph_tools_ros -- -j8 -l8
[113.324s] [ 16%] [32mBuilding CXX object CMakeFiles/pose_graph_tools_ros.dir/src/conversions.cpp.o[0m
[113.324s] [ 33%] [32mBuilding CXX object CMakeFiles/pose_graph_tools_ros.dir/src/utils.cpp.o[0m
[113.325s] [ 50%] [32mBuilding CXX object CMakeFiles/pose_graph_tools_ros.dir/src/visualizer.cpp.o[0m
[113.326s] [ 66%] [32m[1mLinking CXX shared library libpose_graph_tools_ros.so[0m
[113.326s] [ 66%] Built target pose_graph_tools_ros
[113.327s] [ 83%] [32mBuilding CXX object CMakeFiles/visualizer_node.dir/rclcpp_components/node_main_visualizer_node.cpp.o[0m
[113.327s] [100%] [32m[1mLinking CXX executable visualizer_node[0m
[113.328s] [100%] Built target visualizer_node
[113.347s] Invoked command in '/root/ros_workspace/build/pose_graph_tools_ros' returned '0': AMENT_PREFIX_PATH=/root/ros_workspace/install/pose_graph_tools_msgs:${AMENT_PREFIX_PATH} CMAKE_PREFIX_PATH=/root/ros_workspace/install/pose_graph_tools_msgs:/root/ros_workspace/install/pose_graph_tools:/opt/ros/jazzy/opt/gz_sim_vendor:/opt/ros/jazzy/opt/gz_sensors_vendor:/opt/ros/jazzy/opt/gz_physics_vendor:/opt/ros/jazzy/opt/sdformat_vendor:/opt/ros/jazzy/opt/gz_gui_vendor:/opt/ros/jazzy/opt/gz_transport_vendor:/opt/ros/jazzy/opt/gz_rendering_vendor:/opt/ros/jazzy/opt/gz_plugin_vendor:/opt/ros/jazzy/opt/gz_fuel_tools_vendor:/opt/ros/jazzy/opt/gz_msgs_vendor:/opt/ros/jazzy/opt/gz_common_vendor:/opt/ros/jazzy/opt/gz_math_vendor:/opt/ros/jazzy/opt/gz_utils_vendor:/opt/ros/jazzy/opt/gz_tools_vendor:/opt/ros/jazzy/opt/gz_ogre_next_vendor:/opt/ros/jazzy/opt/gz_dartsim_vendor:/opt/ros/jazzy/opt/gz_cmake_vendor:/opt/ros/jazzy LD_LIBRARY_PATH=/root/ros_workspace/install/pose_graph_tools_msgs/lib:/root/ros_workspace/install/pose_graph_tools/lib:${LD_LIBRARY_PATH} PKG_CONFIG_PATH=/root/ros_workspace/install/pose_graph_tools/lib/x86_64-linux-gnu/pkgconfig:/root/ros_workspace/install/pose_graph_tools/lib/pkgconfig PYTHONPATH=/root/ros_workspace/install/pose_graph_tools_msgs/lib/python3.12/site-packages:${PYTHONPATH} /usr/bin/cmake --build /root/ros_workspace/build/pose_graph_tools_ros -- -j8 -l8
[113.348s] Invoking command in '/root/ros_workspace/build/pose_graph_tools_ros': AMENT_PREFIX_PATH=/root/ros_workspace/install/pose_graph_tools_msgs:${AMENT_PREFIX_PATH} CMAKE_PREFIX_PATH=/root/ros_workspace/install/pose_graph_tools_msgs:/root/ros_workspace/install/pose_graph_tools:/opt/ros/jazzy/opt/gz_sim_vendor:/opt/ros/jazzy/opt/gz_sensors_vendor:/opt/ros/jazzy/opt/gz_physics_vendor:/opt/ros/jazzy/opt/sdformat_vendor:/opt/ros/jazzy/opt/gz_gui_vendor:/opt/ros/jazzy/opt/gz_transport_vendor:/opt/ros/jazzy/opt/gz_rendering_vendor:/opt/ros/jazzy/opt/gz_plugin_vendor:/opt/ros/jazzy/opt/gz_fuel_tools_vendor:/opt/ros/jazzy/opt/gz_msgs_vendor:/opt/ros/jazzy/opt/gz_common_vendor:/opt/ros/jazzy/opt/gz_math_vendor:/opt/ros/jazzy/opt/gz_utils_vendor:/opt/ros/jazzy/opt/gz_tools_vendor:/opt/ros/jazzy/opt/gz_ogre_next_vendor:/opt/ros/jazzy/opt/gz_dartsim_vendor:/opt/ros/jazzy/opt/gz_cmake_vendor:/opt/ros/jazzy LD_LIBRARY_PATH=/root/ros_workspace/install/pose_graph_tools_msgs/lib:/root/ros_workspace/install/pose_graph_tools/lib:${LD_LIBRARY_PATH} PKG_CONFIG_PATH=/root/ros_workspace/install/pose_graph_tools/lib/x86_64-linux-gnu/pkgconfig:/root/ros_workspace/install/pose_graph_tools/lib/pkgconfig PYTHONPATH=/root/ros_workspace/install/pose_graph_tools_msgs/lib/python3.12/site-packages:${PYTHONPATH} /usr/bin/cmake --install /root/ros_workspace/build/pose_graph_tools_ros
[113.492s] -- Install configuration: "Release"
[113.494s] -- Installing: /root/ros_workspace/install/pose_graph_tools_ros/lib/pose_graph_tools_ros/visualizer_node
[113.499s] -- Set non-toolchain portion of runtime path of "/root/ros_workspace/install/pose_graph_tools_ros/lib/pose_graph_tools_ros/visualizer_node" to ""
[113.504s] -- Installing: /root/ros_workspace/install/pose_graph_tools_ros/lib/libpose_graph_tools_ros.so
[113.505s] -- Set non-toolchain portion of runtime path of "/root/ros_workspace/install/pose_graph_tools_ros/lib/libpose_graph_tools_ros.so" to ""
[113.505s] -- Installing: /root/ros_workspace/install/pose_graph_tools_ros/include/pose_graph_tools_ros/pose_graph_tools_ros
[113.506s] -- Installing: /root/ros_workspace/install/pose_graph_tools_ros/include/pose_graph_tools_ros/pose_graph_tools_ros/conversions.h
[113.506s] -- Installing: /root/ros_workspace/install/pose_graph_tools_ros/include/pose_graph_tools_ros/pose_graph_tools_ros/utils.h
[113.507s] -- Installing: /root/ros_workspace/install/pose_graph_tools_ros/share/pose_graph_tools_ros/launch
[113.507s] -- Installing: /root/ros_workspace/install/pose_graph_tools_ros/share/pose_graph_tools_ros/launch/posegraph_view.launch.yaml
[113.507s] -- Installing: /root/ros_workspace/install/pose_graph_tools_ros/share/ament_index/resource_index/package_run_dependencies/pose_graph_tools_ros
[113.507s] -- Installing: /root/ros_workspace/install/pose_graph_tools_ros/share/ament_index/resource_index/parent_prefix_path/pose_graph_tools_ros
[113.508s] -- Installing: /root/ros_workspace/install/pose_graph_tools_ros/share/pose_graph_tools_ros/environment/ament_prefix_path.sh
[113.508s] -- Installing: /root/ros_workspace/install/pose_graph_tools_ros/share/pose_graph_tools_ros/environment/ament_prefix_path.dsv
[113.508s] -- Installing: /root/ros_workspace/install/pose_graph_tools_ros/share/pose_graph_tools_ros/environment/path.sh
[113.509s] -- Installing: /root/ros_workspace/install/pose_graph_tools_ros/share/pose_graph_tools_ros/environment/path.dsv
[113.509s] -- Installing: /root/ros_workspace/install/pose_graph_tools_ros/share/pose_graph_tools_ros/local_setup.bash
[113.510s] -- Installing: /root/ros_workspace/install/pose_graph_tools_ros/share/pose_graph_tools_ros/local_setup.sh
[113.510s] -- Installing: /root/ros_workspace/install/pose_graph_tools_ros/share/pose_graph_tools_ros/local_setup.zsh
[113.510s] -- Installing: /root/ros_workspace/install/pose_graph_tools_ros/share/pose_graph_tools_ros/local_setup.dsv
[113.510s] -- Installing: /root/ros_workspace/install/pose_graph_tools_ros/share/pose_graph_tools_ros/package.dsv
[113.510s] -- Installing: /root/ros_workspace/install/pose_graph_tools_ros/share/ament_index/resource_index/packages/pose_graph_tools_ros
[113.511s] -- Installing: /root/ros_workspace/install/pose_graph_tools_ros/share/ament_index/resource_index/rclcpp_components/pose_graph_tools_ros
[113.511s] -- Installing: /root/ros_workspace/install/pose_graph_tools_ros/share/pose_graph_tools_ros/cmake/pose_graph_tools_ros-targetsExport.cmake
[113.516s] -- Installing: /root/ros_workspace/install/pose_graph_tools_ros/share/pose_graph_tools_ros/cmake/pose_graph_tools_ros-targetsExport-release.cmake
[113.517s] -- Installing: /root/ros_workspace/install/pose_graph_tools_ros/share/pose_graph_tools_ros/cmake/ament_cmake_export_targets-extras.cmake
[113.517s] -- Installing: /root/ros_workspace/install/pose_graph_tools_ros/share/pose_graph_tools_ros/cmake/ament_cmake_export_dependencies-extras.cmake
[113.517s] -- Installing: /root/ros_workspace/install/pose_graph_tools_ros/share/pose_graph_tools_ros/cmake/pose_graph_tools_rosConfig.cmake
[113.518s] -- Installing: /root/ros_workspace/install/pose_graph_tools_ros/share/pose_graph_tools_ros/cmake/pose_graph_tools_rosConfig-version.cmake
[113.518s] -- Installing: /root/ros_workspace/install/pose_graph_tools_ros/share/pose_graph_tools_ros/package.xml
[113.558s] Invoked command in '/root/ros_workspace/build/pose_graph_tools_ros' returned '0': AMENT_PREFIX_PATH=/root/ros_workspace/install/pose_graph_tools_msgs:${AMENT_PREFIX_PATH} CMAKE_PREFIX_PATH=/root/ros_workspace/install/pose_graph_tools_msgs:/root/ros_workspace/install/pose_graph_tools:/opt/ros/jazzy/opt/gz_sim_vendor:/opt/ros/jazzy/opt/gz_sensors_vendor:/opt/ros/jazzy/opt/gz_physics_vendor:/opt/ros/jazzy/opt/sdformat_vendor:/opt/ros/jazzy/opt/gz_gui_vendor:/opt/ros/jazzy/opt/gz_transport_vendor:/opt/ros/jazzy/opt/gz_rendering_vendor:/opt/ros/jazzy/opt/gz_plugin_vendor:/opt/ros/jazzy/opt/gz_fuel_tools_vendor:/opt/ros/jazzy/opt/gz_msgs_vendor:/opt/ros/jazzy/opt/gz_common_vendor:/opt/ros/jazzy/opt/gz_math_vendor:/opt/ros/jazzy/opt/gz_utils_vendor:/opt/ros/jazzy/opt/gz_tools_vendor:/opt/ros/jazzy/opt/gz_ogre_next_vendor:/opt/ros/jazzy/opt/gz_dartsim_vendor:/opt/ros/jazzy/opt/gz_cmake_vendor:/opt/ros/jazzy LD_LIBRARY_PATH=/root/ros_workspace/install/pose_graph_tools_msgs/lib:/root/ros_workspace/install/pose_graph_tools/lib:${LD_LIBRARY_PATH} PKG_CONFIG_PATH=/root/ros_workspace/install/pose_graph_tools/lib/x86_64-linux-gnu/pkgconfig:/root/ros_workspace/install/pose_graph_tools/lib/pkgconfig PYTHONPATH=/root/ros_workspace/install/pose_graph_tools_msgs/lib/python3.12/site-packages:${PYTHONPATH} /usr/bin/cmake --install /root/ros_workspace/build/pose_graph_tools_ros
