[0.221s] Invoking command in '/root/ros_workspace/build/turtlebot3_gazebo': CMAKE_PREFIX_PATH=${CMAKE_PREFIX_PATH}:/opt/ros/jazzy:/root/ros_workspace/install/turtlebot3_teleop:/root/ros_workspace/install/turtlebot3_example /usr/bin/cmake --build /root/ros_workspace/build/turtlebot3_gazebo -- -j12 -l12
[1.583s] -- Found ament_cmake: 2.5.4 (/opt/ros/jazzy/share/ament_cmake/cmake)
[1.634s] -- Override CMake install command with custom implementation using symlinks instead of copying resources
[1.675s] -- Found ros_gz_sim: 1.0.16 (/opt/ros/jazzy/share/ros_gz_sim/cmake)
[1.782s] -- Found rosidl_generator_c: 4.6.6 (/opt/ros/jazzy/share/rosidl_generator_c/cmake)
[1.856s] -- Found rosidl_generator_cpp: 4.6.6 (/opt/ros/jazzy/share/rosidl_generator_cpp/cmake)
[1.905s] -- Using all available rosidl_typesupport_c: rosidl_typesupport_fastrtps_c;rosidl_typesupport_introspection_c
[1.998s] -- Using all available rosidl_typesupport_cpp: rosidl_typesupport_fastrtps_cpp;rosidl_typesupport_introspection_cpp
[2.253s] -- Found rmw_implementation_cmake: 7.3.2 (/opt/ros/jazzy/share/rmw_implementation_cmake/cmake)
[2.269s] -- Found rmw_fastrtps_cpp: 8.4.3 (/opt/ros/jazzy/share/rmw_fastrtps_cpp/cmake)
[2.682s] -- Using RMW implementation 'rmw_fastrtps_cpp' as default
[3.681s] -- Found nav_msgs: 5.3.6 (/opt/ros/jazzy/share/nav_msgs/cmake)
[3.807s] -- Found sensor_msgs: 5.3.6 (/opt/ros/jazzy/share/sensor_msgs/cmake)
[3.898s] -- Found gz_math_vendor: 0.0.8 (/opt/ros/jazzy/share/gz_math_vendor/cmake)
[3.911s] -- Looking for gz-math7 -- found version 7.5.2
[3.931s] -- Searching for dependencies of gz-math7
[3.932s] -- Looking for gz-utils2 -- found version 2.2.1
[3.932s] -- Searching for dependencies of gz-utils2
[3.938s] -- Found gz_sim_vendor: 0.0.9 (/opt/ros/jazzy/share/gz_sim_vendor/cmake)
[4.013s] -- Looking for gz-sim8 -- found version 8.10.0
[4.018s] -- Searching for dependencies of gz-sim8
[4.019s] -- Looking for sdformat14 -- found version 14.8.0
[4.020s] -- Searching for dependencies of sdformat14
[4.038s] -- Checking for module 'tinyxml2'
[4.186s] --   Found tinyxml2, version 10.0.0
[4.356s] -- Looking for gz-math7 -- found version 7.5.2
[4.363s] -- Looking for gz-utils2 -- found version 2.2.1
[4.365s] -- Searching for dependencies of gz-utils2
[4.366s] -- Searching for <gz-utils2> component [cli]
[4.374s] -- Looking for gz-utils2-cli -- found version 2.2.1
[4.375s] -- Searching for dependencies of gz-utils2-cli
[4.381s] -- Looking for gz-plugin2 -- found version 2.0.4
[4.382s] -- Searching for dependencies of gz-plugin2
[4.382s] -- Looking for gz-utils2 -- found version 2.2.1
[4.382s] -- Searching for <gz-plugin2> component [loader]
[4.383s] -- Looking for gz-plugin2-loader -- found version 2.0.4
[4.383s] -- Searching for dependencies of gz-plugin2-loader
[4.383s] -- Searching for <gz-plugin2> component [register]
[4.383s] -- Looking for gz-plugin2-register -- found version 2.0.4
[4.384s] -- Searching for dependencies of gz-plugin2-register
[4.385s] -- Looking for gz-transport13 -- found version 13.5.0
[4.396s] -- Searching for dependencies of gz-transport13
[4.537s] -- Config-file not installed for ZeroMQ -- checking for pkg-config
[4.575s] -- Checking for module 'libzmq >= 4'
[4.671s] --   Found libzmq, version 4.3.5
[5.021s] -- Checking for module 'uuid'
[5.117s] --   Found uuid, version 2.39.3
[5.420s] -- Looking for gz-utils2 -- found version 2.2.1
[5.426s] -- Looking for gz-msgs10 -- found version 10.3.2
[5.427s] -- Searching for dependencies of gz-msgs10
[5.565s] -- Looking for gz-utils2 -- found version 2.2.1
[5.566s] -- Looking for gz-math7 -- found version 7.5.2
[5.602s] -- Searching for <gz-transport13> component [log]
[5.604s] -- Looking for gz-transport13-log -- found version 13.5.0
[5.605s] -- Searching for dependencies of gz-transport13-log
[5.606s] -- Searching for <gz-transport13> component [parameters]
[5.607s] -- Looking for gz-transport13-parameters -- found version 13.5.0
[5.612s] -- Searching for dependencies of gz-transport13-parameters
[5.613s] -- Looking for gz-msgs10 -- found version 10.3.2
[5.614s] -- Looking for gz-common5 -- found version 5.7.1
[5.616s] -- Searching for dependencies of gz-common5
[5.623s] -- Looking for gz-utils2 -- found version 2.2.1
[5.624s] -- Looking for dlfcn.h - found
[5.624s] -- Looking for libdl - found
[5.660s] -- Searching for <gz-common5> component [av]
[5.663s] -- Looking for gz-common5-av -- found version 5.7.1
[5.666s] -- Searching for dependencies of gz-common5-av
[5.685s] -- Checking for module 'libswscale'
[5.744s] --   Found libswscale, version 7.5.100
[6.115s] -- Checking for module 'libavdevice >= 56.4.100'
[6.178s] --   Found libavdevice, version 60.3.100
[6.494s] -- Checking for module 'libavformat'
[6.663s] --   Found libavformat, version 60.16.100
[6.845s] -- Checking for module 'libavcodec'
[6.987s] --   Found libavcodec, version 60.31.102
[7.222s] -- Checking for module 'libavutil'
[7.322s] --   Found libavutil, version 58.29.100
[7.596s] -- Searching for <gz-common5> component [events]
[7.597s] -- Looking for gz-common5-events -- found version 5.7.1
[7.599s] -- Searching for dependencies of gz-common5-events
[7.601s] -- Looking for gz-math7 -- found version 7.5.2
[7.602s] -- Searching for <gz-common5> component [graphics]
[7.607s] -- Looking for gz-common5-graphics -- found version 5.7.1
[7.608s] -- Searching for dependencies of gz-common5-graphics
[7.610s] -- Looking for gz-math7 -- found version 7.5.2
[7.631s] -- Searching for <gz-common5> component [io]
[7.633s] -- Looking for gz-common5-io -- found version 5.7.1
[7.638s] -- Searching for dependencies of gz-common5-io
[7.641s] -- Searching for <gz-common5> component [profiler]
[7.645s] -- Looking for gz-common5-profiler -- found version 5.7.1
[7.645s] -- Searching for dependencies of gz-common5-profiler
[7.651s] -- Looking for gz-fuel_tools9 -- found version 9.1.1
[7.658s] -- Searching for dependencies of gz-fuel_tools9
[7.847s] -- Checking for module 'jsoncpp'
[7.932s] --   Found jsoncpp, version 1.9.5
[8.263s] -- Checking for module 'yaml-0.1'
[8.351s] --   Found yaml-0.1, version 0.2.5
[8.701s] -- Checking for module 'libzip'
[8.802s] --   Found libzip, version 1.7.3
[9.069s] -- Looking for gz-utils2 -- found version 2.2.1
[9.077s] -- Looking for gz-common5 -- found version 5.7.1
[9.078s] -- Searching for dependencies of gz-common5
[9.078s] -- Looking for gz-utils2 -- found version 2.2.1
[9.103s] -- Looking for dlfcn.h - found
[9.117s] -- Looking for libdl - found
[9.134s] -- Searching for <gz-common5> component [testing]
[9.135s] -- Looking for gz-common5-testing -- found version 5.7.1
[9.135s] -- Searching for dependencies of gz-common5-testing
[9.135s] -- Looking for gz-math7 -- found version 7.5.2
[9.142s] -- Looking for gz-msgs10 -- found version 10.3.2
[9.158s] -- Looking for gz-gui8 -- found version 8.4.0
[9.158s] -- Searching for dependencies of gz-gui8
[9.267s] -- Looking for gz-utils2 -- found version 2.2.1
[9.267s] -- Looking for gz-math7 -- found version 7.5.2
[9.268s] -- Looking for gz-common5 -- found version 5.7.1
[9.268s] -- Looking for gz-plugin2 -- found version 2.0.4
[9.269s] -- Looking for gz-transport13 -- found version 13.5.0
[9.280s] -- Looking for gz-rendering8 -- found version 8.2.2
[9.281s] -- Searching for dependencies of gz-rendering8
[9.281s] -- Looking for gz-math7 -- found version 7.5.2
[9.282s] -- Searching for dependencies of gz-math7
[9.296s] -- Looking for gz-utils2 -- found version 2.2.1
[9.297s] -- Searching for <gz-math7> component [eigen3]
[9.326s] -- Looking for gz-math7-eigen3 -- found version 7.5.2
[9.326s] -- Searching for dependencies of gz-math7-eigen3
[9.328s] -- Looking for gz-common5 -- found version 5.7.1
[9.328s] -- Searching for dependencies of gz-common5
[9.330s] -- Looking for gz-utils2 -- found version 2.2.1
[9.345s] -- Looking for dlfcn.h - found
[9.345s] -- Looking for libdl - found
[9.379s] -- Searching for <gz-common5> component [graphics]
[9.380s] -- Searching for <gz-common5> component [events]
[9.380s] -- Searching for <gz-common5> component [geospatial]
[9.380s] -- Looking for gz-common5-geospatial -- found version 5.7.1
[9.381s] -- Searching for dependencies of gz-common5-geospatial
[9.395s] -- Looking for gz-math7 -- found version 7.5.2
[9.395s] -- Looking for gz-common5 -- found version 5.7.1
[9.399s] -- Looking for gz-plugin2 -- found version 2.0.4
[9.404s] -- Searching for dependencies of gz-plugin2
[9.415s] -- Looking for gz-utils2 -- found version 2.2.1
[9.416s] -- Searching for <gz-plugin2> component [all]
[9.417s] -- Looking for all libraries of gz-plugin2 -- found version 2.0.4
[9.417s] -- Looking for gz-plugin2 -- found version 2.0.4
[9.418s] -- Looking for gz-utils2 -- found version 2.2.1
[9.434s] -- Looking for gz-msgs10 -- found version 10.3.2
[9.497s] -- Looking for gz-physics7 -- found version 7.6.0
[9.499s] -- Searching for dependencies of gz-physics7
[9.499s] -- Looking for gz-common5 -- found version 5.7.1
[9.513s] -- Looking for gz-math7 -- found version 7.5.2
[9.523s] -- Looking for gz-plugin2 -- found version 2.0.4
[9.523s] -- Looking for gz-utils2 -- found version 2.2.1
[9.524s] -- Searching for <gz-physics7> component [heightmap]
[9.524s] -- Looking for gz-physics7-heightmap -- found version 7.6.0
[9.524s] -- Searching for dependencies of gz-physics7-heightmap
[9.548s] -- Looking for gz-common5 -- found version 5.7.1
[9.548s] -- Searching for <gz-physics7> component [mesh]
[9.548s] -- Looking for gz-physics7-mesh -- found version 7.6.0
[9.548s] -- Searching for dependencies of gz-physics7-mesh
[9.552s] -- Looking for gz-common5 -- found version 5.7.1
[9.552s] -- Searching for <gz-physics7> component [sdf]
[9.554s] -- Looking for gz-physics7-sdf -- found version 7.6.0
[9.554s] -- Searching for dependencies of gz-physics7-sdf
[9.554s] -- Looking for sdformat14 -- found version 14.8.0
[9.554s] -- Looking for gz-sensors8 -- found version 8.2.2
[9.555s] -- Searching for dependencies of gz-sensors8
[9.622s] -- Looking for gz-math7 -- found version 7.5.2
[9.622s] -- Looking for gz-common5 -- found version 5.7.1
[9.623s] -- Looking for gz-transport13 -- found version 13.5.0
[9.629s] -- Looking for gz-rendering8 -- found version 8.2.2
[9.636s] -- Looking for gz-msgs10 -- found version 10.3.2
[9.637s] -- Looking for sdformat14 -- found version 14.8.0
[9.638s] -- Searching for <gz-sensors8> component [air_pressure]
[9.639s] -- Looking for gz-sensors8-air_pressure -- found version 8.2.2
[9.639s] -- Searching for dependencies of gz-sensors8-air_pressure
[9.641s] -- Searching for <gz-sensors8> component [air_speed]
[9.641s] -- Looking for gz-sensors8-air_speed -- found version 8.2.2
[9.642s] -- Searching for dependencies of gz-sensors8-air_speed
[9.642s] -- Searching for <gz-sensors8> component [altimeter]
[9.643s] -- Looking for gz-sensors8-altimeter -- found version 8.2.2
[9.673s] -- Searching for dependencies of gz-sensors8-altimeter
[9.675s] -- Searching for <gz-sensors8> component [imu]
[9.675s] -- Looking for gz-sensors8-imu -- found version 8.2.2
[9.675s] -- Searching for dependencies of gz-sensors8-imu
[9.678s] -- Searching for <gz-sensors8> component [force_torque]
[9.679s] -- Looking for gz-sensors8-force_torque -- found version 8.2.2
[9.679s] -- Searching for dependencies of gz-sensors8-force_torque
[9.679s] -- Searching for <gz-sensors8> component [logical_camera]
[9.680s] -- Looking for gz-sensors8-logical_camera -- found version 8.2.2
[9.680s] -- Searching for dependencies of gz-sensors8-logical_camera
[9.680s] -- Searching for <gz-sensors8> component [magnetometer]
[9.680s] -- Looking for gz-sensors8-magnetometer -- found version 8.2.2
[9.703s] -- Searching for dependencies of gz-sensors8-magnetometer
[9.704s] -- Searching for <gz-sensors8> component [navsat]
[9.704s] -- Looking for gz-sensors8-navsat -- found version 8.2.2
[9.706s] -- Searching for dependencies of gz-sensors8-navsat
[9.715s] -- Searching for <gz-sensors8> component [dvl]
[9.718s] -- Looking for gz-sensors8-dvl -- found version 8.2.2
[9.719s] -- Searching for dependencies of gz-sensors8-dvl
[9.720s] -- Looking for gz-sensors8 -- found version 8.2.2
[9.720s] -- Searching for dependencies of gz-sensors8
[9.802s] -- Looking for gz-math7 -- found version 7.5.2
[9.805s] -- Looking for gz-common5 -- found version 5.7.1
[9.811s] -- Looking for gz-transport13 -- found version 13.5.0
[9.817s] -- Looking for gz-rendering8 -- found version 8.2.2
[9.847s] -- Looking for gz-msgs10 -- found version 10.3.2
[9.847s] -- Looking for sdformat14 -- found version 14.8.0
[9.847s] -- Searching for <gz-sensors8> component [rendering]
[9.860s] -- Looking for gz-sensors8-rendering -- found version 8.2.2
[9.860s] -- Searching for dependencies of gz-sensors8-rendering
[9.866s] -- Searching for <gz-sensors8> component [rendering]
[9.866s] -- Searching for <gz-sensors8> component [lidar]
[9.867s] -- Looking for gz-sensors8-lidar -- found version 8.2.2
[9.867s] -- Searching for dependencies of gz-sensors8-lidar
[9.867s] -- Looking for gz-sensors8 -- found version 8.2.2
[9.867s] -- Searching for <gz-sensors8> component [gpu_lidar]
[9.868s] -- Looking for gz-sensors8-gpu_lidar -- found version 8.2.2
[9.895s] -- Searching for dependencies of gz-sensors8-gpu_lidar
[9.896s] -- Looking for gz-sensors8 -- found version 8.2.2
[9.896s] -- Searching for <gz-sensors8> component [camera]
[9.896s] -- Looking for gz-sensors8-camera -- found version 8.2.2
[9.897s] -- Searching for dependencies of gz-sensors8-camera
[9.897s] -- Looking for gz-sensors8 -- found version 8.2.2
[9.898s] -- Searching for <gz-sensors8> component [boundingbox_camera]
[9.898s] -- Looking for gz-sensors8-boundingbox_camera -- found version 8.2.2
[9.898s] -- Searching for dependencies of gz-sensors8-boundingbox_camera
[9.901s] -- Searching for <gz-sensors8> component [segmentation_camera]
[9.901s] -- Looking for gz-sensors8-segmentation_camera -- found version 8.2.2
[9.902s] -- Searching for dependencies of gz-sensors8-segmentation_camera
[9.902s] -- Searching for <gz-sensors8> component [depth_camera]
[9.902s] -- Looking for gz-sensors8-depth_camera -- found version 8.2.2
[9.902s] -- Searching for dependencies of gz-sensors8-depth_camera
[9.902s] -- Looking for gz-sensors8 -- found version 8.2.2
[9.936s] -- Searching for <gz-sensors8> component [rgbd_camera]
[9.936s] -- Looking for gz-sensors8-rgbd_camera -- found version 8.2.2
[9.937s] -- Searching for dependencies of gz-sensors8-rgbd_camera
[9.937s] -- Looking for gz-sensors8 -- found version 8.2.2
[9.938s] -- Searching for <gz-sensors8> component [thermal_camera]
[9.938s] -- Looking for gz-sensors8-thermal_camera -- found version 8.2.2
[9.940s] -- Searching for dependencies of gz-sensors8-thermal_camera
[9.941s] -- Looking for gz-sensors8 -- found version 8.2.2
[9.942s] -- Searching for <gz-sensors8> component [wide_angle_camera]
[9.942s] -- Looking for gz-sensors8-wide_angle_camera -- found version 8.2.2
[9.969s] -- Searching for dependencies of gz-sensors8-wide_angle_camera
[9.970s] -- Looking for gz-rendering8 -- found version 8.2.2
[9.970s] -- Looking for gz-math7 -- found version 7.5.2
[9.970s] -- Looking for gz-utils2 -- found version 2.2.1
[10.157s] -- Looking for gz-plugin2 -- found version 2.0.4
[10.740s] -- Configuring done (10.4s)
[11.063s] -- Generating done (0.1s)
[11.064s] -- Build files have been written to: /root/ros_workspace/build/turtlebot3_gazebo
[11.284s] [ 25%] Built target turtlebot3_drive
[11.367s] [ 50%] Built target obstacle2
[11.516s] [ 75%] Built target obstacle1
[11.637s] [100%] Built target obstacles
[12.350s] Invoked command in '/root/ros_workspace/build/turtlebot3_gazebo' returned '0': CMAKE_PREFIX_PATH=${CMAKE_PREFIX_PATH}:/opt/ros/jazzy:/root/ros_workspace/install/turtlebot3_teleop:/root/ros_workspace/install/turtlebot3_example /usr/bin/cmake --build /root/ros_workspace/build/turtlebot3_gazebo -- -j12 -l12
[12.352s] Invoking command in '/root/ros_workspace/build/turtlebot3_gazebo': CMAKE_PREFIX_PATH=${CMAKE_PREFIX_PATH}:/opt/ros/jazzy:/root/ros_workspace/install/turtlebot3_teleop:/root/ros_workspace/install/turtlebot3_example /usr/bin/cmake --install /root/ros_workspace/build/turtlebot3_gazebo
[12.390s] -- Install configuration: ""
[12.391s] -- Execute custom install script
[12.392s] -- Up-to-date symlink: /root/ros_workspace/install/turtlebot3_gazebo/lib/turtlebot3_gazebo/turtlebot3_drive
[12.393s] -- Up-to-date symlink: /root/ros_workspace/install/turtlebot3_gazebo/lib/turtlebot3_gazebo/libobstacles.so
[12.393s] -- Up-to-date symlink: /root/ros_workspace/install/turtlebot3_gazebo/lib/turtlebot3_gazebo/libobstacle1.so
[12.397s] -- Up-to-date symlink: /root/ros_workspace/install/turtlebot3_gazebo/lib/turtlebot3_gazebo/libobstacle2.so
[12.398s] -- Up-to-date symlink: /root/ros_workspace/install/turtlebot3_gazebo/share/turtlebot3_gazebo//launch/empty_world.launch.py
[12.409s] -- Up-to-date symlink: /root/ros_workspace/install/turtlebot3_gazebo/share/turtlebot3_gazebo//launch/robot_state_publisher.launch.py
[12.409s] -- Up-to-date symlink: /root/ros_workspace/install/turtlebot3_gazebo/share/turtlebot3_gazebo//launch/spawn_turtlebot3.launch.py
[12.410s] -- Up-to-date symlink: /root/ros_workspace/install/turtlebot3_gazebo/share/turtlebot3_gazebo//launch/turtlebot3_dqn_stage1.launch.py
[12.410s] -- Up-to-date symlink: /root/ros_workspace/install/turtlebot3_gazebo/share/turtlebot3_gazebo//launch/turtlebot3_dqn_stage2.launch.py
[12.410s] -- Up-to-date symlink: /root/ros_workspace/install/turtlebot3_gazebo/share/turtlebot3_gazebo//launch/turtlebot3_dqn_stage3.launch.py
[12.410s] -- Up-to-date symlink: /root/ros_workspace/install/turtlebot3_gazebo/share/turtlebot3_gazebo//launch/turtlebot3_dqn_stage4.launch.py
[12.411s] -- Up-to-date symlink: /root/ros_workspace/install/turtlebot3_gazebo/share/turtlebot3_gazebo//launch/turtlebot3_house.launch.py
[12.415s] -- Up-to-date symlink: /root/ros_workspace/install/turtlebot3_gazebo/share/turtlebot3_gazebo//launch/turtlebot3_world.launch.py
[12.415s] -- Up-to-date symlink: /root/ros_workspace/install/turtlebot3_gazebo/share/turtlebot3_gazebo//models/turtlebot3_burger/model-1_4.sdf
[12.415s] -- Up-to-date symlink: /root/ros_workspace/install/turtlebot3_gazebo/share/turtlebot3_gazebo//models/turtlebot3_burger/model.config
[12.415s] -- Up-to-date symlink: /root/ros_workspace/install/turtlebot3_gazebo/share/turtlebot3_gazebo//models/turtlebot3_burger/model.sdf
[12.415s] -- Up-to-date symlink: /root/ros_workspace/install/turtlebot3_gazebo/share/turtlebot3_gazebo//models/turtlebot3_burger_cam/model-1_4.sdf
[12.416s] -- Up-to-date symlink: /root/ros_workspace/install/turtlebot3_gazebo/share/turtlebot3_gazebo//models/turtlebot3_burger_cam/model.config
[12.449s] -- Up-to-date symlink: /root/ros_workspace/install/turtlebot3_gazebo/share/turtlebot3_gazebo//models/turtlebot3_burger_cam/model.sdf
[12.450s] -- Up-to-date symlink: /root/ros_workspace/install/turtlebot3_gazebo/share/turtlebot3_gazebo//models/turtlebot3_common/meshes/bases/burger_base.stl
[12.451s] -- Up-to-date symlink: /root/ros_workspace/install/turtlebot3_gazebo/share/turtlebot3_gazebo//models/turtlebot3_common/meshes/bases/waffle_base.stl
[12.451s] -- Up-to-date symlink: /root/ros_workspace/install/turtlebot3_gazebo/share/turtlebot3_gazebo//models/turtlebot3_common/meshes/bases/waffle_pi_base.stl
[12.451s] -- Up-to-date symlink: /root/ros_workspace/install/turtlebot3_gazebo/share/turtlebot3_gazebo//models/turtlebot3_common/meshes/burger_base.dae
[12.451s] -- Up-to-date symlink: /root/ros_workspace/install/turtlebot3_gazebo/share/turtlebot3_gazebo//models/turtlebot3_common/meshes/lds.dae
[12.451s] -- Up-to-date symlink: /root/ros_workspace/install/turtlebot3_gazebo/share/turtlebot3_gazebo//models/turtlebot3_common/meshes/r200.dae
[12.451s] -- Up-to-date symlink: /root/ros_workspace/install/turtlebot3_gazebo/share/turtlebot3_gazebo//models/turtlebot3_common/meshes/sensors/astra.dae
[12.451s] -- Up-to-date symlink: /root/ros_workspace/install/turtlebot3_gazebo/share/turtlebot3_gazebo//models/turtlebot3_common/meshes/sensors/astra.jpg
[12.452s] -- Up-to-date symlink: /root/ros_workspace/install/turtlebot3_gazebo/share/turtlebot3_gazebo//models/turtlebot3_common/meshes/sensors/lds.stl
[12.459s] -- Up-to-date symlink: /root/ros_workspace/install/turtlebot3_gazebo/share/turtlebot3_gazebo//models/turtlebot3_common/meshes/sensors/r200.dae
[12.460s] -- Up-to-date symlink: /root/ros_workspace/install/turtlebot3_gazebo/share/turtlebot3_gazebo//models/turtlebot3_common/meshes/sensors/r200.jpg
[12.461s] -- Up-to-date symlink: /root/ros_workspace/install/turtlebot3_gazebo/share/turtlebot3_gazebo//models/turtlebot3_common/meshes/tire.dae
[12.461s] -- Up-to-date symlink: /root/ros_workspace/install/turtlebot3_gazebo/share/turtlebot3_gazebo//models/turtlebot3_common/meshes/waffle_base.dae
[12.461s] -- Up-to-date symlink: /root/ros_workspace/install/turtlebot3_gazebo/share/turtlebot3_gazebo//models/turtlebot3_common/meshes/waffle_pi_base.dae
[12.462s] -- Up-to-date symlink: /root/ros_workspace/install/turtlebot3_gazebo/share/turtlebot3_gazebo//models/turtlebot3_common/meshes/wheels/left_tire.stl
[12.479s] -- Up-to-date symlink: /root/ros_workspace/install/turtlebot3_gazebo/share/turtlebot3_gazebo//models/turtlebot3_common/meshes/wheels/right_tire.stl
[12.486s] -- Up-to-date symlink: /root/ros_workspace/install/turtlebot3_gazebo/share/turtlebot3_gazebo//models/turtlebot3_common/model.config
[12.486s] -- Up-to-date symlink: /root/ros_workspace/install/turtlebot3_gazebo/share/turtlebot3_gazebo//models/turtlebot3_dqn_world/goal_box/model.config
[12.494s] -- Up-to-date symlink: /root/ros_workspace/install/turtlebot3_gazebo/share/turtlebot3_gazebo//models/turtlebot3_dqn_world/goal_box/model.sdf
[12.494s] -- Up-to-date symlink: /root/ros_workspace/install/turtlebot3_gazebo/share/turtlebot3_gazebo//models/turtlebot3_dqn_world/inner_walls/model.config
[12.495s] -- Up-to-date symlink: /root/ros_workspace/install/turtlebot3_gazebo/share/turtlebot3_gazebo//models/turtlebot3_dqn_world/inner_walls/model.sdf
[12.495s] -- Up-to-date symlink: /root/ros_workspace/install/turtlebot3_gazebo/share/turtlebot3_gazebo//models/turtlebot3_dqn_world/inner_walls/textures/wood.png
[12.495s] -- Up-to-date symlink: /root/ros_workspace/install/turtlebot3_gazebo/share/turtlebot3_gazebo//models/turtlebot3_dqn_world/model.config
[12.495s] -- Up-to-date symlink: /root/ros_workspace/install/turtlebot3_gazebo/share/turtlebot3_gazebo//models/turtlebot3_dqn_world/model.sdf
[12.511s] -- Up-to-date symlink: /root/ros_workspace/install/turtlebot3_gazebo/share/turtlebot3_gazebo//models/turtlebot3_dqn_world/obstacle1/model.config
[12.511s] -- Up-to-date symlink: /root/ros_workspace/install/turtlebot3_gazebo/share/turtlebot3_gazebo//models/turtlebot3_dqn_world/obstacle1/model.sdf
[12.511s] -- Up-to-date symlink: /root/ros_workspace/install/turtlebot3_gazebo/share/turtlebot3_gazebo//models/turtlebot3_dqn_world/obstacle2/model.config
[12.511s] -- Up-to-date symlink: /root/ros_workspace/install/turtlebot3_gazebo/share/turtlebot3_gazebo//models/turtlebot3_dqn_world/obstacle2/model.sdf
[12.512s] -- Up-to-date symlink: /root/ros_workspace/install/turtlebot3_gazebo/share/turtlebot3_gazebo//models/turtlebot3_dqn_world/obstacles/model.config
[12.512s] -- Up-to-date symlink: /root/ros_workspace/install/turtlebot3_gazebo/share/turtlebot3_gazebo//models/turtlebot3_dqn_world/obstacles/model.sdf
[12.512s] -- Up-to-date symlink: /root/ros_workspace/install/turtlebot3_gazebo/share/turtlebot3_gazebo//models/turtlebot3_dqn_world/textures/wood.png
[12.512s] -- Up-to-date symlink: /root/ros_workspace/install/turtlebot3_gazebo/share/turtlebot3_gazebo//models/turtlebot3_house/cafe_table/materials/textures/Maple.jpg
[12.512s] -- Up-to-date symlink: /root/ros_workspace/install/turtlebot3_gazebo/share/turtlebot3_gazebo//models/turtlebot3_house/cafe_table/materials/textures/Wood_Floor_Dark.jpg
[12.512s] -- Up-to-date symlink: /root/ros_workspace/install/turtlebot3_gazebo/share/turtlebot3_gazebo//models/turtlebot3_house/cafe_table/meshes/cafe_table.dae
[12.513s] -- Up-to-date symlink: /root/ros_workspace/install/turtlebot3_gazebo/share/turtlebot3_gazebo//models/turtlebot3_house/cafe_table/model-1_4.sdf
[12.513s] -- Up-to-date symlink: /root/ros_workspace/install/turtlebot3_gazebo/share/turtlebot3_gazebo//models/turtlebot3_house/cafe_table/model.config
[12.513s] -- Up-to-date symlink: /root/ros_workspace/install/turtlebot3_gazebo/share/turtlebot3_gazebo//models/turtlebot3_house/cafe_table/model.sdf
[12.513s] -- Up-to-date symlink: /root/ros_workspace/install/turtlebot3_gazebo/share/turtlebot3_gazebo//models/turtlebot3_house/first_2015_trash_can/meshes/trash_can.dae
[12.513s] -- Up-to-date symlink: /root/ros_workspace/install/turtlebot3_gazebo/share/turtlebot3_gazebo//models/turtlebot3_house/first_2015_trash_can/model.config
[12.514s] -- Up-to-date symlink: /root/ros_workspace/install/turtlebot3_gazebo/share/turtlebot3_gazebo//models/turtlebot3_house/first_2015_trash_can/model.sdf
[12.514s] -- Up-to-date symlink: /root/ros_workspace/install/turtlebot3_gazebo/share/turtlebot3_gazebo//models/turtlebot3_house/mailbox/materials/scripts/mailbox.material
[12.514s] -- Up-to-date symlink: /root/ros_workspace/install/turtlebot3_gazebo/share/turtlebot3_gazebo//models/turtlebot3_house/mailbox/materials/textures/Mailbox_Diffuse.png
[12.514s] -- Up-to-date symlink: /root/ros_workspace/install/turtlebot3_gazebo/share/turtlebot3_gazebo//models/turtlebot3_house/mailbox/materials/textures/Mailbox_Diffuse.tga.orig
[12.521s] -- Up-to-date symlink: /root/ros_workspace/install/turtlebot3_gazebo/share/turtlebot3_gazebo//models/turtlebot3_house/mailbox/materials/textures/Mailbox_Spec.png
[12.521s] -- Up-to-date symlink: /root/ros_workspace/install/turtlebot3_gazebo/share/turtlebot3_gazebo//models/turtlebot3_house/mailbox/meshes/mailbox.dae
[12.521s] -- Up-to-date symlink: /root/ros_workspace/install/turtlebot3_gazebo/share/turtlebot3_gazebo//models/turtlebot3_house/mailbox/model-1_3.sdf
[12.521s] -- Up-to-date symlink: /root/ros_workspace/install/turtlebot3_gazebo/share/turtlebot3_gazebo//models/turtlebot3_house/mailbox/model-1_4.sdf
[12.522s] -- Up-to-date symlink: /root/ros_workspace/install/turtlebot3_gazebo/share/turtlebot3_gazebo//models/turtlebot3_house/mailbox/model.config
[12.522s] -- Up-to-date symlink: /root/ros_workspace/install/turtlebot3_gazebo/share/turtlebot3_gazebo//models/turtlebot3_house/mailbox/model.sdf
[12.522s] -- Up-to-date symlink: /root/ros_workspace/install/turtlebot3_gazebo/share/turtlebot3_gazebo//models/turtlebot3_house/model.config
[12.522s] -- Up-to-date symlink: /root/ros_workspace/install/turtlebot3_gazebo/share/turtlebot3_gazebo//models/turtlebot3_house/model.sdf
[12.522s] -- Up-to-date symlink: /root/ros_workspace/install/turtlebot3_gazebo/share/turtlebot3_gazebo//models/turtlebot3_house/table_marble/materials/scripts/table_lightmap.material
[12.523s] -- Up-to-date symlink: /root/ros_workspace/install/turtlebot3_gazebo/share/turtlebot3_gazebo//models/turtlebot3_house/table_marble/materials/textures/marble.png
[12.523s] -- Up-to-date symlink: /root/ros_workspace/install/turtlebot3_gazebo/share/turtlebot3_gazebo//models/turtlebot3_house/table_marble/materials/textures/table_lightmap.png
[12.523s] -- Up-to-date symlink: /root/ros_workspace/install/turtlebot3_gazebo/share/turtlebot3_gazebo//models/turtlebot3_house/table_marble/meshes/table_lightmap.dae
[12.523s] -- Up-to-date symlink: /root/ros_workspace/install/turtlebot3_gazebo/share/turtlebot3_gazebo//models/turtlebot3_house/table_marble/model-1_4.sdf
[12.523s] -- Up-to-date symlink: /root/ros_workspace/install/turtlebot3_gazebo/share/turtlebot3_gazebo//models/turtlebot3_house/table_marble/model.config
[12.524s] -- Up-to-date symlink: /root/ros_workspace/install/turtlebot3_gazebo/share/turtlebot3_gazebo//models/turtlebot3_house/table_marble/model.sdf
[12.524s] -- Up-to-date symlink: /root/ros_workspace/install/turtlebot3_gazebo/share/turtlebot3_gazebo//models/turtlebot3_house/textures/bricks.png
[12.524s] -- Up-to-date symlink: /root/ros_workspace/install/turtlebot3_gazebo/share/turtlebot3_gazebo//models/turtlebot3_house/textures/wood.png
[12.524s] -- Up-to-date symlink: /root/ros_workspace/install/turtlebot3_gazebo/share/turtlebot3_gazebo//models/turtlebot3_waffle/model-1_4.sdf
[12.525s] -- Up-to-date symlink: /root/ros_workspace/install/turtlebot3_gazebo/share/turtlebot3_gazebo//models/turtlebot3_waffle/model.config
[12.525s] -- Up-to-date symlink: /root/ros_workspace/install/turtlebot3_gazebo/share/turtlebot3_gazebo//models/turtlebot3_waffle/model.sdf
[12.525s] -- Up-to-date symlink: /root/ros_workspace/install/turtlebot3_gazebo/share/turtlebot3_gazebo//models/turtlebot3_waffle_pi/model-1_4_.sdf
[12.525s] -- Up-to-date symlink: /root/ros_workspace/install/turtlebot3_gazebo/share/turtlebot3_gazebo//models/turtlebot3_waffle_pi/model.config
[12.525s] -- Up-to-date symlink: /root/ros_workspace/install/turtlebot3_gazebo/share/turtlebot3_gazebo//models/turtlebot3_waffle_pi/model.sdf
[12.525s] -- Up-to-date symlink: /root/ros_workspace/install/turtlebot3_gazebo/share/turtlebot3_gazebo//models/turtlebot3_world/meshes/hexagon.dae
[12.526s] -- Up-to-date symlink: /root/ros_workspace/install/turtlebot3_gazebo/share/turtlebot3_gazebo//models/turtlebot3_world/meshes/wall.dae
[12.526s] -- Up-to-date symlink: /root/ros_workspace/install/turtlebot3_gazebo/share/turtlebot3_gazebo//models/turtlebot3_world/model-1_4.sdf
[12.526s] -- Up-to-date symlink: /root/ros_workspace/install/turtlebot3_gazebo/share/turtlebot3_gazebo//models/turtlebot3_world/model.config
[12.526s] -- Up-to-date symlink: /root/ros_workspace/install/turtlebot3_gazebo/share/turtlebot3_gazebo//models/turtlebot3_world/model.sdf
[12.526s] -- Up-to-date symlink: /root/ros_workspace/install/turtlebot3_gazebo/share/turtlebot3_gazebo//params/turtlebot3_burger_bridge.yaml
[12.527s] -- Up-to-date symlink: /root/ros_workspace/install/turtlebot3_gazebo/share/turtlebot3_gazebo//params/turtlebot3_burger_cam_bridge.yaml
[12.527s] -- Up-to-date symlink: /root/ros_workspace/install/turtlebot3_gazebo/share/turtlebot3_gazebo//params/turtlebot3_waffle_bridge.yaml
[12.527s] -- Up-to-date symlink: /root/ros_workspace/install/turtlebot3_gazebo/share/turtlebot3_gazebo//params/turtlebot3_waffle_pi_bridge.yaml
[12.527s] -- Up-to-date symlink: /root/ros_workspace/install/turtlebot3_gazebo/share/turtlebot3_gazebo//rviz/tb3_gazebo.rviz
[12.527s] -- Up-to-date symlink: /root/ros_workspace/install/turtlebot3_gazebo/share/turtlebot3_gazebo//urdf/common_properties.urdf
[12.527s] -- Up-to-date symlink: /root/ros_workspace/install/turtlebot3_gazebo/share/turtlebot3_gazebo//urdf/turtlebot3_burger.urdf
[12.527s] -- Up-to-date symlink: /root/ros_workspace/install/turtlebot3_gazebo/share/turtlebot3_gazebo//urdf/turtlebot3_burger_cam.urdf
[12.528s] -- Up-to-date symlink: /root/ros_workspace/install/turtlebot3_gazebo/share/turtlebot3_gazebo//urdf/turtlebot3_waffle.urdf
[12.528s] -- Up-to-date symlink: /root/ros_workspace/install/turtlebot3_gazebo/share/turtlebot3_gazebo//urdf/turtlebot3_waffle_pi.urdf
[12.528s] -- Up-to-date symlink: /root/ros_workspace/install/turtlebot3_gazebo/share/turtlebot3_gazebo//worlds/empty_world.world
[12.528s] -- Up-to-date symlink: /root/ros_workspace/install/turtlebot3_gazebo/share/turtlebot3_gazebo//worlds/turtlebot3_autorace_2020.world
[12.528s] -- Up-to-date symlink: /root/ros_workspace/install/turtlebot3_gazebo/share/turtlebot3_gazebo//worlds/turtlebot3_dqn_stage1.world
[12.528s] -- Up-to-date symlink: /root/ros_workspace/install/turtlebot3_gazebo/share/turtlebot3_gazebo//worlds/turtlebot3_dqn_stage2.world
[12.529s] -- Up-to-date symlink: /root/ros_workspace/install/turtlebot3_gazebo/share/turtlebot3_gazebo//worlds/turtlebot3_dqn_stage3.world
[12.529s] -- Up-to-date symlink: /root/ros_workspace/install/turtlebot3_gazebo/share/turtlebot3_gazebo//worlds/turtlebot3_dqn_stage4.world
[12.529s] -- Up-to-date symlink: /root/ros_workspace/install/turtlebot3_gazebo/share/turtlebot3_gazebo//worlds/turtlebot3_house.world
[12.529s] -- Up-to-date symlink: /root/ros_workspace/install/turtlebot3_gazebo/share/turtlebot3_gazebo//worlds/turtlebot3_world.world
[12.530s] -- Up-to-date symlink: /root/ros_workspace/install/turtlebot3_gazebo/include//turtlebot3_gazebo/obstacle1.hpp
[12.530s] -- Up-to-date symlink: /root/ros_workspace/install/turtlebot3_gazebo/include//turtlebot3_gazebo/obstacle2.hpp
[12.530s] -- Up-to-date symlink: /root/ros_workspace/install/turtlebot3_gazebo/include//turtlebot3_gazebo/obstacles.hpp
[12.530s] -- Up-to-date symlink: /root/ros_workspace/install/turtlebot3_gazebo/include//turtlebot3_gazebo/traffic_bar_plugin.hpp
[12.530s] -- Up-to-date symlink: /root/ros_workspace/install/turtlebot3_gazebo/include//turtlebot3_gazebo/traffic_light_plugin.hpp
[12.530s] -- Up-to-date symlink: /root/ros_workspace/install/turtlebot3_gazebo/include//turtlebot3_gazebo/turtlebot3_drive.hpp
[12.531s] -- Up-to-date symlink: /root/ros_workspace/install/turtlebot3_gazebo/share/ament_index/resource_index/package_run_dependencies/turtlebot3_gazebo
[12.531s] -- Up-to-date symlink: /root/ros_workspace/install/turtlebot3_gazebo/share/ament_index/resource_index/parent_prefix_path/turtlebot3_gazebo
[12.531s] -- Up-to-date symlink: /root/ros_workspace/install/turtlebot3_gazebo/share/turtlebot3_gazebo/environment/ament_prefix_path.sh
[12.531s] -- Up-to-date symlink: /root/ros_workspace/install/turtlebot3_gazebo/share/turtlebot3_gazebo/environment/ament_prefix_path.dsv
[12.531s] -- Up-to-date symlink: /root/ros_workspace/install/turtlebot3_gazebo/share/turtlebot3_gazebo/environment/path.sh
[12.531s] -- Up-to-date symlink: /root/ros_workspace/install/turtlebot3_gazebo/share/turtlebot3_gazebo/environment/path.dsv
[12.531s] -- Up-to-date symlink: /root/ros_workspace/install/turtlebot3_gazebo/share/turtlebot3_gazebo/local_setup.bash
[12.531s] -- Up-to-date symlink: /root/ros_workspace/install/turtlebot3_gazebo/share/turtlebot3_gazebo/local_setup.sh
[12.532s] -- Up-to-date symlink: /root/ros_workspace/install/turtlebot3_gazebo/share/turtlebot3_gazebo/local_setup.zsh
[12.532s] -- Up-to-date symlink: /root/ros_workspace/install/turtlebot3_gazebo/share/turtlebot3_gazebo/local_setup.dsv
[12.532s] -- Symlinking: /root/ros_workspace/install/turtlebot3_gazebo/share/turtlebot3_gazebo/package.dsv
[12.596s] -- Up-to-date symlink: /root/ros_workspace/install/turtlebot3_gazebo/share/ament_index/resource_index/packages/turtlebot3_gazebo
[12.596s] -- Up-to-date symlink: /root/ros_workspace/install/turtlebot3_gazebo/share/turtlebot3_gazebo/cmake/ament_cmake_export_include_directories-extras.cmake
[12.597s] -- Up-to-date symlink: /root/ros_workspace/install/turtlebot3_gazebo/share/turtlebot3_gazebo/cmake/ament_cmake_export_dependencies-extras.cmake
[12.598s] -- Up-to-date symlink: /root/ros_workspace/install/turtlebot3_gazebo/share/turtlebot3_gazebo/cmake/turtlebot3_gazeboConfig.cmake
[12.598s] -- Up-to-date symlink: /root/ros_workspace/install/turtlebot3_gazebo/share/turtlebot3_gazebo/cmake/turtlebot3_gazeboConfig-version.cmake
[12.598s] -- Up-to-date symlink: /root/ros_workspace/install/turtlebot3_gazebo/share/turtlebot3_gazebo/package.xml
[12.631s] Invoked command in '/root/ros_workspace/build/turtlebot3_gazebo' returned '0': CMAKE_PREFIX_PATH=${CMAKE_PREFIX_PATH}:/opt/ros/jazzy:/root/ros_workspace/install/turtlebot3_teleop:/root/ros_workspace/install/turtlebot3_example /usr/bin/cmake --install /root/ros_workspace/build/turtlebot3_gazebo
