[0.196s] Invoking command in '/root/ros_workspace/build/turtlebot3_gazebo': CMAKE_PREFIX_PATH=${CMAKE_PREFIX_PATH}:/root/ros_workspace/install/turtlebot3_teleop:/root/ros_workspace/install/turtlebot3_example:/opt/ros/jazzy /usr/bin/cmake /root/ros_workspace/src/turtlebot3_simulations/turtlebot3_gazebo -DAMENT_CMAKE_SYMLINK_INSTALL=1 -DCMAKE_INSTALL_PREFIX=/root/ros_workspace/install/turtlebot3_gazebo
[0.295s] -- Found ament_cmake: 2.5.4 (/opt/ros/jazzy/share/ament_cmake/cmake)
[1.290s] -- Override CMake install command with custom implementation using symlinks instead of copying resources
[1.328s] -- Found ros_gz_sim: 1.0.16 (/opt/ros/jazzy/share/ros_gz_sim/cmake)
[1.463s] -- Found rosidl_generator_c: 4.6.6 (/opt/ros/jazzy/share/rosidl_generator_c/cmake)
[1.498s] -- Found rosidl_generator_cpp: 4.6.6 (/opt/ros/jazzy/share/rosidl_generator_cpp/cmake)
[1.544s] -- Using all available rosidl_typesupport_c: rosidl_typesupport_fastrtps_c;rosidl_typesupport_introspection_c
[1.652s] -- Using all available rosidl_typesupport_cpp: rosidl_typesupport_fastrtps_cpp;rosidl_typesupport_introspection_cpp
[1.980s] -- Found rmw_implementation_cmake: 7.3.2 (/opt/ros/jazzy/share/rmw_implementation_cmake/cmake)
[1.994s] -- Found rmw_fastrtps_cpp: 8.4.3 (/opt/ros/jazzy/share/rmw_fastrtps_cpp/cmake)
[2.420s] -- Using RMW implementation 'rmw_fastrtps_cpp' as default
[3.737s] -- Found nav_msgs: 5.3.6 (/opt/ros/jazzy/share/nav_msgs/cmake)
[3.848s] -- Found sensor_msgs: 5.3.6 (/opt/ros/jazzy/share/sensor_msgs/cmake)
[4.038s] -- Found gz_math_vendor: 0.0.8 (/opt/ros/jazzy/share/gz_math_vendor/cmake)
[4.071s] -- Looking for gz-math7 -- found version 7.5.2
[4.127s] -- Searching for dependencies of gz-math7
[4.131s] -- Looking for gz-utils2 -- found version 2.2.1
[4.137s] -- Searching for dependencies of gz-utils2
[4.144s] -- Found gz_sim_vendor: 0.0.9 (/opt/ros/jazzy/share/gz_sim_vendor/cmake)
[4.203s] -- Looking for gz-sim8 -- found version 8.10.0
[4.203s] -- Searching for dependencies of gz-sim8
[4.205s] -- Looking for sdformat14 -- found version 14.8.0
[4.206s] -- Searching for dependencies of sdformat14
[4.237s] -- Checking for module 'tinyxml2'
[4.316s] --   Found tinyxml2, version 10.0.0
[4.456s] -- Looking for gz-math7 -- found version 7.5.2
[4.460s] -- Looking for gz-utils2 -- found version 2.2.1
[4.461s] -- Searching for dependencies of gz-utils2
[4.479s] -- Searching for <gz-utils2> component [cli]
[4.479s] -- Looking for gz-utils2-cli -- found version 2.2.1
[4.480s] -- Searching for dependencies of gz-utils2-cli
[4.480s] -- Looking for gz-plugin2 -- found version 2.0.4
[4.480s] -- Searching for dependencies of gz-plugin2
[4.481s] -- Looking for gz-utils2 -- found version 2.2.1
[4.481s] -- Searching for <gz-plugin2> component [loader]
[4.482s] -- Looking for gz-plugin2-loader -- found version 2.0.4
[4.482s] -- Searching for dependencies of gz-plugin2-loader
[4.485s] -- Searching for <gz-plugin2> component [register]
[4.486s] -- Looking for gz-plugin2-register -- found version 2.0.4
[4.486s] -- Searching for dependencies of gz-plugin2-register
[4.488s] -- Looking for gz-transport13 -- found version 13.5.0
[4.489s] -- Searching for dependencies of gz-transport13
[4.652s] -- Config-file not installed for ZeroMQ -- checking for pkg-config
[4.667s] -- Checking for module 'libzmq >= 4'
[4.728s] --   Found libzmq, version 4.3.5
[4.928s] Invoked command in '/root/ros_workspace/build/turtlebot3_gazebo' returned '-2': CMAKE_PREFIX_PATH=${CMAKE_PREFIX_PATH}:/root/ros_workspace/install/turtlebot3_teleop:/root/ros_workspace/install/turtlebot3_example:/opt/ros/jazzy /usr/bin/cmake /root/ros_workspace/src/turtlebot3_simulations/turtlebot3_gazebo -DAMENT_CMAKE_SYMLINK_INSTALL=1 -DCMAKE_INSTALL_PREFIX=/root/ros_workspace/install/turtlebot3_gazebo
