[0.644s] Invoking command in '/root/ros_workspace/build/turtlebot3_fake_node': AMENT_PREFIX_PATH=/root/ros_workspace/install/turtlebot3_msgs CMAKE_PREFIX_PATH=/root/ros_workspace/install/turtlebot3_msgs LD_LIBRARY_PATH=/root/ros_workspace/install/turtlebot3_msgs/lib PYTHONPATH=/root/ros_workspace/install/turtlebot3_msgs/lib/python3.12/site-packages /usr/bin/cmake --build /root/ros_workspace/build/turtlebot3_fake_node -- -j12 -l12
[0.955s] [100%] Built target turtlebot3_fake_node
[0.979s] Invoked command in '/root/ros_workspace/build/turtlebot3_fake_node' returned '0': AMENT_PREFIX_PATH=/root/ros_workspace/install/turtlebot3_msgs CMAKE_PREFIX_PATH=/root/ros_workspace/install/turtlebot3_msgs LD_LIBRARY_PATH=/root/ros_workspace/install/turtlebot3_msgs/lib PYTHONPATH=/root/ros_workspace/install/turtlebot3_msgs/lib/python3.12/site-packages /usr/bin/cmake --build /root/ros_workspace/build/turtlebot3_fake_node -- -j12 -l12
[0.990s] Invoking command in '/root/ros_workspace/build/turtlebot3_fake_node': AMENT_PREFIX_PATH=/root/ros_workspace/install/turtlebot3_msgs CMAKE_PREFIX_PATH=/root/ros_workspace/install/turtlebot3_msgs LD_LIBRARY_PATH=/root/ros_workspace/install/turtlebot3_msgs/lib PYTHONPATH=/root/ros_workspace/install/turtlebot3_msgs/lib/python3.12/site-packages /usr/bin/cmake --install /root/ros_workspace/build/turtlebot3_fake_node
[0.995s] -- Install configuration: ""
[0.996s] -- Execute custom install script
[0.996s] -- Up-to-date symlink: /root/ros_workspace/install/turtlebot3_fake_node/lib/turtlebot3_fake_node/turtlebot3_fake_node
[0.997s] -- Up-to-date symlink: /root/ros_workspace/install/turtlebot3_fake_node/share/turtlebot3_fake_node/launch/rviz2.launch.py
[1.010s] -- Up-to-date symlink: /root/ros_workspace/install/turtlebot3_fake_node/share/turtlebot3_fake_node/launch/turtlebot3_fake_node.launch.py
[1.013s] -- Up-to-date symlink: /root/ros_workspace/install/turtlebot3_fake_node/share/turtlebot3_fake_node/param/burger.yaml
[1.013s] -- Up-to-date symlink: /root/ros_workspace/install/turtlebot3_fake_node/share/turtlebot3_fake_node/param/waffle.yaml
[1.014s] -- Up-to-date symlink: /root/ros_workspace/install/turtlebot3_fake_node/share/turtlebot3_fake_node/param/waffle_pi.yaml
[1.015s] -- Up-to-date symlink: /root/ros_workspace/install/turtlebot3_fake_node/include//turtlebot3_fake_node/turtlebot3_fake_node.hpp
[1.015s] -- Up-to-date symlink: /root/ros_workspace/install/turtlebot3_fake_node/share/ament_index/resource_index/package_run_dependencies/turtlebot3_fake_node
[1.016s] -- Up-to-date symlink: /root/ros_workspace/install/turtlebot3_fake_node/share/ament_index/resource_index/parent_prefix_path/turtlebot3_fake_node
[1.016s] -- Up-to-date symlink: /root/ros_workspace/install/turtlebot3_fake_node/share/turtlebot3_fake_node/environment/ament_prefix_path.sh
[1.016s] -- Up-to-date symlink: /root/ros_workspace/install/turtlebot3_fake_node/share/turtlebot3_fake_node/environment/ament_prefix_path.dsv
[1.017s] -- Up-to-date symlink: /root/ros_workspace/install/turtlebot3_fake_node/share/turtlebot3_fake_node/environment/path.sh
[1.019s] -- Up-to-date symlink: /root/ros_workspace/install/turtlebot3_fake_node/share/turtlebot3_fake_node/environment/path.dsv
[1.019s] -- Up-to-date symlink: /root/ros_workspace/install/turtlebot3_fake_node/share/turtlebot3_fake_node/local_setup.bash
[1.020s] -- Up-to-date symlink: /root/ros_workspace/install/turtlebot3_fake_node/share/turtlebot3_fake_node/local_setup.sh
[1.020s] -- Up-to-date symlink: /root/ros_workspace/install/turtlebot3_fake_node/share/turtlebot3_fake_node/local_setup.zsh
[1.020s] -- Up-to-date symlink: /root/ros_workspace/install/turtlebot3_fake_node/share/turtlebot3_fake_node/local_setup.dsv
[1.028s] -- Symlinking: /root/ros_workspace/install/turtlebot3_fake_node/share/turtlebot3_fake_node/package.dsv
[1.057s] -- Up-to-date symlink: /root/ros_workspace/install/turtlebot3_fake_node/share/ament_index/resource_index/packages/turtlebot3_fake_node
[1.057s] -- Up-to-date symlink: /root/ros_workspace/install/turtlebot3_fake_node/share/turtlebot3_fake_node/cmake/ament_cmake_export_include_directories-extras.cmake
[1.059s] -- Up-to-date symlink: /root/ros_workspace/install/turtlebot3_fake_node/share/turtlebot3_fake_node/cmake/ament_cmake_export_dependencies-extras.cmake
[1.062s] -- Up-to-date symlink: /root/ros_workspace/install/turtlebot3_fake_node/share/turtlebot3_fake_node/cmake/turtlebot3_fake_nodeConfig.cmake
[1.063s] -- Up-to-date symlink: /root/ros_workspace/install/turtlebot3_fake_node/share/turtlebot3_fake_node/cmake/turtlebot3_fake_nodeConfig-version.cmake
[1.063s] -- Up-to-date symlink: /root/ros_workspace/install/turtlebot3_fake_node/share/turtlebot3_fake_node/package.xml
[1.110s] Invoked command in '/root/ros_workspace/build/turtlebot3_fake_node' returned '0': AMENT_PREFIX_PATH=/root/ros_workspace/install/turtlebot3_msgs CMAKE_PREFIX_PATH=/root/ros_workspace/install/turtlebot3_msgs LD_LIBRARY_PATH=/root/ros_workspace/install/turtlebot3_msgs/lib PYTHONPATH=/root/ros_workspace/install/turtlebot3_msgs/lib/python3.12/site-packages /usr/bin/cmake --install /root/ros_workspace/build/turtlebot3_fake_node
