[0.101s] Invoking command in '/root/ros_workspace/build/turtlebot3_description': CMAKE_PREFIX_PATH=${CMAKE_PREFIX_PATH}:/root/ros_workspace/install/turtlebot3_teleop:/root/ros_workspace/install/turtlebot3_example:/opt/ros/jazzy /usr/bin/cmake /root/ros_workspace/src/turtlebot3/turtlebot3_description -DAMENT_CMAKE_SYMLINK_INSTALL=1 -DCMAKE_INSTALL_PREFIX=/root/ros_workspace/install/turtlebot3_description
[1.314s] -- Found ament_cmake: 2.5.4 (/opt/ros/jazzy/share/ament_cmake/cmake)
[1.320s] -- Override CMake install command with custom implementation using symlinks instead of copying resources
[1.322s] -- Found urdf: 2.10.0 (/opt/ros/jazzy/share/urdf/cmake)
[1.336s] -- Found TinyXML2 via Config file: /usr/lib/x86_64-linux-gnu/cmake/tinyxml2
[1.819s] -- Configuring done (1.7s)
[1.837s] -- Generating done (0.0s)
[1.841s] -- Build files have been written to: /root/ros_workspace/build/turtlebot3_description
[1.856s] Invoked command in '/root/ros_workspace/build/turtlebot3_description' returned '0': CMAKE_PREFIX_PATH=${CMAKE_PREFIX_PATH}:/root/ros_workspace/install/turtlebot3_teleop:/root/ros_workspace/install/turtlebot3_example:/opt/ros/jazzy /usr/bin/cmake /root/ros_workspace/src/turtlebot3/turtlebot3_description -DAMENT_CMAKE_SYMLINK_INSTALL=1 -DCMAKE_INSTALL_PREFIX=/root/ros_workspace/install/turtlebot3_description
[1.864s] Invoking command in '/root/ros_workspace/build/turtlebot3_description': CMAKE_PREFIX_PATH=${CMAKE_PREFIX_PATH}:/root/ros_workspace/install/turtlebot3_teleop:/root/ros_workspace/install/turtlebot3_example:/opt/ros/jazzy /usr/bin/cmake --build /root/ros_workspace/build/turtlebot3_description -- -j12 -l12
[2.059s] Invoked command in '/root/ros_workspace/build/turtlebot3_description' returned '0': CMAKE_PREFIX_PATH=${CMAKE_PREFIX_PATH}:/root/ros_workspace/install/turtlebot3_teleop:/root/ros_workspace/install/turtlebot3_example:/opt/ros/jazzy /usr/bin/cmake --build /root/ros_workspace/build/turtlebot3_description -- -j12 -l12
[2.147s] Invoking command in '/root/ros_workspace/build/turtlebot3_description': CMAKE_PREFIX_PATH=${CMAKE_PREFIX_PATH}:/root/ros_workspace/install/turtlebot3_teleop:/root/ros_workspace/install/turtlebot3_example:/opt/ros/jazzy /usr/bin/cmake --install /root/ros_workspace/build/turtlebot3_description
[2.186s] -- Install configuration: ""
[2.187s] -- Execute custom install script
[2.188s] -- Up-to-date symlink: /root/ros_workspace/install/turtlebot3_description/share/turtlebot3_description/meshes/bases/burger_base.stl
[2.188s] -- Up-to-date symlink: /root/ros_workspace/install/turtlebot3_description/share/turtlebot3_description/meshes/bases/waffle_base.stl
[2.189s] -- Up-to-date symlink: /root/ros_workspace/install/turtlebot3_description/share/turtlebot3_description/meshes/bases/waffle_pi_base.stl
[2.190s] -- Up-to-date symlink: /root/ros_workspace/install/turtlebot3_description/share/turtlebot3_description/meshes/sensors/astra.dae
[2.190s] -- Up-to-date symlink: /root/ros_workspace/install/turtlebot3_description/share/turtlebot3_description/meshes/sensors/astra.jpg
[2.198s] -- Up-to-date symlink: /root/ros_workspace/install/turtlebot3_description/share/turtlebot3_description/meshes/sensors/lds.stl
[2.199s] -- Up-to-date symlink: /root/ros_workspace/install/turtlebot3_description/share/turtlebot3_description/meshes/sensors/r200.dae
[2.199s] -- Up-to-date symlink: /root/ros_workspace/install/turtlebot3_description/share/turtlebot3_description/meshes/sensors/r200.jpg
[2.200s] -- Up-to-date symlink: /root/ros_workspace/install/turtlebot3_description/share/turtlebot3_description/meshes/wheels/left_tire.stl
[2.200s] -- Up-to-date symlink: /root/ros_workspace/install/turtlebot3_description/share/turtlebot3_description/meshes/wheels/right_tire.stl
[2.200s] -- Up-to-date symlink: /root/ros_workspace/install/turtlebot3_description/share/turtlebot3_description/rviz/model.rviz
[2.200s] -- Up-to-date symlink: /root/ros_workspace/install/turtlebot3_description/share/turtlebot3_description/urdf/common_properties.urdf
[2.312s] -- Up-to-date symlink: /root/ros_workspace/install/turtlebot3_description/share/turtlebot3_description/urdf/turtlebot3_burger.urdf
[2.323s] -- Up-to-date symlink: /root/ros_workspace/install/turtlebot3_description/share/turtlebot3_description/urdf/turtlebot3_waffle.urdf
[2.324s] -- Up-to-date symlink: /root/ros_workspace/install/turtlebot3_description/share/turtlebot3_description/urdf/turtlebot3_waffle_pi.urdf
[2.325s] -- Up-to-date symlink: /root/ros_workspace/install/turtlebot3_description/share/ament_index/resource_index/package_run_dependencies/turtlebot3_description
[2.325s] -- Up-to-date symlink: /root/ros_workspace/install/turtlebot3_description/share/ament_index/resource_index/parent_prefix_path/turtlebot3_description
[2.327s] -- Up-to-date symlink: /root/ros_workspace/install/turtlebot3_description/share/turtlebot3_description/environment/ament_prefix_path.sh
[2.328s] -- Up-to-date symlink: /root/ros_workspace/install/turtlebot3_description/share/turtlebot3_description/environment/ament_prefix_path.dsv
[2.329s] -- Up-to-date symlink: /root/ros_workspace/install/turtlebot3_description/share/turtlebot3_description/environment/path.sh
[2.345s] -- Up-to-date symlink: /root/ros_workspace/install/turtlebot3_description/share/turtlebot3_description/environment/path.dsv
[2.346s] -- Up-to-date symlink: /root/ros_workspace/install/turtlebot3_description/share/turtlebot3_description/local_setup.bash
[2.347s] -- Up-to-date symlink: /root/ros_workspace/install/turtlebot3_description/share/turtlebot3_description/local_setup.sh
[2.347s] -- Up-to-date symlink: /root/ros_workspace/install/turtlebot3_description/share/turtlebot3_description/local_setup.zsh
[2.390s] -- Up-to-date symlink: /root/ros_workspace/install/turtlebot3_description/share/turtlebot3_description/local_setup.dsv
[2.391s] -- Symlinking: /root/ros_workspace/install/turtlebot3_description/share/turtlebot3_description/package.dsv
[2.418s] -- Up-to-date symlink: /root/ros_workspace/install/turtlebot3_description/share/ament_index/resource_index/packages/turtlebot3_description
[2.420s] -- Up-to-date symlink: /root/ros_workspace/install/turtlebot3_description/share/turtlebot3_description/cmake/turtlebot3_descriptionConfig.cmake
[2.423s] -- Up-to-date symlink: /root/ros_workspace/install/turtlebot3_description/share/turtlebot3_description/cmake/turtlebot3_descriptionConfig-version.cmake
[2.436s] -- Up-to-date symlink: /root/ros_workspace/install/turtlebot3_description/share/turtlebot3_description/package.xml
[2.508s] Invoked command in '/root/ros_workspace/build/turtlebot3_description' returned '0': CMAKE_PREFIX_PATH=${CMAKE_PREFIX_PATH}:/root/ros_workspace/install/turtlebot3_teleop:/root/ros_workspace/install/turtlebot3_example:/opt/ros/jazzy /usr/bin/cmake --install /root/ros_workspace/build/turtlebot3_description
