[6.269s] Invoking command in '/root/ros_workspace/src/turtlebot3/turtlebot3_teleop': PYTHONPATH=/root/ros_workspace/build/turtlebot3_teleop/prefix_override:/usr/lib/python3/dist-packages/colcon_core/task/python/colcon_distutils_commands:/root/ros_workspace/install/turtlebot3_teleop/lib/python3.12/site-packages:${PYTHONPATH} /usr/bin/python3 -W ignore:setup.py install is deprecated -W ignore:easy_install command is deprecated setup.py egg_info --egg-base ../../../build/turtlebot3_teleop build --build-base /root/ros_workspace/build/turtlebot3_teleop/build install --record /root/ros_workspace/build/turtlebot3_teleop/install.log --single-version-externally-managed install_data
[7.280s] running egg_info
[7.331s] writing ../../../build/turtlebot3_teleop/turtlebot3_teleop.egg-info/PKG-INFO
[7.332s] writing dependency_links to ../../../build/turtlebot3_teleop/turtlebot3_teleop.egg-info/dependency_links.txt
[7.333s] writing entry points to ../../../build/turtlebot3_teleop/turtlebot3_teleop.egg-info/entry_points.txt
[7.333s] writing requirements to ../../../build/turtlebot3_teleop/turtlebot3_teleop.egg-info/requires.txt
[7.333s] writing top-level names to ../../../build/turtlebot3_teleop/turtlebot3_teleop.egg-info/top_level.txt
[7.545s] reading manifest file '../../../build/turtlebot3_teleop/turtlebot3_teleop.egg-info/SOURCES.txt'
[7.548s] writing manifest file '../../../build/turtlebot3_teleop/turtlebot3_teleop.egg-info/SOURCES.txt'
[7.548s] running build
[7.549s] running build_py
[7.549s] running install
[7.606s] running install_lib
[7.718s] running install_data
[7.719s] running install_egg_info
[7.780s] removing '/root/ros_workspace/install/turtlebot3_teleop/lib/python3.12/site-packages/turtlebot3_teleop-2.3.4-py3.12.egg-info' (and everything under it)
[7.781s] Copying ../../../build/turtlebot3_teleop/turtlebot3_teleop.egg-info to /root/ros_workspace/install/turtlebot3_teleop/lib/python3.12/site-packages/turtlebot3_teleop-2.3.4-py3.12.egg-info
[7.783s] running install_scripts
[8.386s] Installing teleop_keyboard script to /root/ros_workspace/install/turtlebot3_teleop/lib/turtlebot3_teleop
[8.390s] writing list of installed files to '/root/ros_workspace/build/turtlebot3_teleop/install.log'
[8.602s] Invoked command in '/root/ros_workspace/src/turtlebot3/turtlebot3_teleop' returned '0': PYTHONPATH=/root/ros_workspace/build/turtlebot3_teleop/prefix_override:/usr/lib/python3/dist-packages/colcon_core/task/python/colcon_distutils_commands:/root/ros_workspace/install/turtlebot3_teleop/lib/python3.12/site-packages:${PYTHONPATH} /usr/bin/python3 -W ignore:setup.py install is deprecated -W ignore:easy_install command is deprecated setup.py egg_info --egg-base ../../../build/turtlebot3_teleop build --build-base /root/ros_workspace/build/turtlebot3_teleop/build install --record /root/ros_workspace/build/turtlebot3_teleop/install.log --single-version-externally-managed install_data
