[0.102s] Invoking command in '/root/ros_workspace/build/turtlebot3_gazebo': CMAKE_PREFIX_PATH=${CMAKE_PREFIX_PATH}:/root/ros_workspace/install/turtlebot3_teleop:/root/ros_workspace/install/turtlebot3_example:/root/ros_workspace/install/turtlebot3_control:/opt/ros/jazzy /usr/bin/cmake /root/ros_workspace/src/turtlebot3_simulations/turtlebot3_gazebo -DAMENT_CMAKE_SYMLINK_INSTALL=1 -DCMAKE_INSTALL_PREFIX=/root/ros_workspace/install/turtlebot3_gazebo
[0.166s] -- Found ament_cmake: 2.5.4 (/opt/ros/jazzy/share/ament_cmake/cmake)
[0.856s] -- Override CMake install command with custom implementation using symlinks instead of copying resources
[0.880s] -- Found ros_gz_sim: 1.0.16 (/opt/ros/jazzy/share/ros_gz_sim/cmake)
[0.970s] -- Found rosidl_generator_c: 4.6.6 (/opt/ros/jazzy/share/rosidl_generator_c/cmake)
[1.000s] -- Found rosidl_generator_cpp: 4.6.6 (/opt/ros/jazzy/share/rosidl_generator_cpp/cmake)
[1.036s] -- Using all available rosidl_typesupport_c: rosidl_typesupport_fastrtps_c;rosidl_typesupport_introspection_c
[1.095s] -- Using all available rosidl_typesupport_cpp: rosidl_typesupport_fastrtps_cpp;rosidl_typesupport_introspection_cpp
[1.321s] -- Found rmw_implementation_cmake: 7.3.2 (/opt/ros/jazzy/share/rmw_implementation_cmake/cmake)
[1.334s] -- Found rmw_fastrtps_cpp: 8.4.3 (/opt/ros/jazzy/share/rmw_fastrtps_cpp/cmake)
[1.581s] -- Using RMW implementation 'rmw_fastrtps_cpp' as default
[2.297s] -- Found nav_msgs: 5.3.6 (/opt/ros/jazzy/share/nav_msgs/cmake)
[2.382s] -- Found sensor_msgs: 5.3.6 (/opt/ros/jazzy/share/sensor_msgs/cmake)
[2.448s] -- Found gz_math_vendor: 0.0.8 (/opt/ros/jazzy/share/gz_math_vendor/cmake)
[2.458s] -- Looking for gz-math7 -- found version 7.5.2
[2.479s] -- Searching for dependencies of gz-math7
[2.480s] -- Looking for gz-utils2 -- found version 2.2.1
[2.485s] -- Searching for dependencies of gz-utils2
[2.487s] -- Found gz_sim_vendor: 0.0.9 (/opt/ros/jazzy/share/gz_sim_vendor/cmake)
[2.536s] -- Looking for gz-sim8 -- found version 8.10.0
[2.537s] -- Searching for dependencies of gz-sim8
[2.537s] -- Looking for sdformat14 -- found version 14.8.0
[2.538s] -- Searching for dependencies of sdformat14
[2.553s] -- Checking for module 'tinyxml2'
[2.617s] --   Found tinyxml2, version 10.0.0
[2.811s] -- Looking for gz-math7 -- found version 7.5.2
[2.812s] -- Looking for gz-utils2 -- found version 2.2.1
[2.813s] -- Searching for dependencies of gz-utils2
[2.814s] -- Searching for <gz-utils2> component [cli]
[2.817s] -- Looking for gz-utils2-cli -- found version 2.2.1
[2.823s] -- Searching for dependencies of gz-utils2-cli
[2.830s] -- Looking for gz-plugin2 -- found version 2.0.4
[2.831s] -- Searching for dependencies of gz-plugin2
[2.832s] -- Looking for gz-utils2 -- found version 2.2.1
[2.835s] -- Searching for <gz-plugin2> component [loader]
[2.837s] -- Looking for gz-plugin2-loader -- found version 2.0.4
[2.845s] -- Searching for dependencies of gz-plugin2-loader
[2.847s] -- Searching for <gz-plugin2> component [register]
[2.849s] -- Looking for gz-plugin2-register -- found version 2.0.4
[2.850s] -- Searching for dependencies of gz-plugin2-register
[2.853s] -- Looking for gz-transport13 -- found version 13.5.0
[2.854s] -- Searching for dependencies of gz-transport13
[3.033s] -- Config-file not installed for ZeroMQ -- checking for pkg-config
[3.051s] -- Checking for module 'libzmq >= 4'
[3.127s] --   Found libzmq, version 4.3.5
[3.391s] -- Checking for module 'uuid'
[3.453s] --   Found uuid, version 2.39.3
[3.592s] -- Looking for gz-utils2 -- found version 2.2.1
[3.594s] -- Looking for gz-msgs10 -- found version 10.3.2
[3.595s] -- Searching for dependencies of gz-msgs10
[3.664s] -- Looking for gz-utils2 -- found version 2.2.1
[3.665s] -- Looking for gz-math7 -- found version 7.5.2
[3.691s] -- Searching for <gz-transport13> component [log]
[3.692s] -- Looking for gz-transport13-log -- found version 13.5.0
[3.693s] -- Searching for dependencies of gz-transport13-log
[3.695s] -- Searching for <gz-transport13> component [parameters]
[3.696s] -- Looking for gz-transport13-parameters -- found version 13.5.0
[3.697s] -- Searching for dependencies of gz-transport13-parameters
[3.700s] -- Looking for gz-msgs10 -- found version 10.3.2
[3.703s] -- Looking for gz-common5 -- found version 5.7.1
[3.704s] -- Searching for dependencies of gz-common5
[3.705s] -- Looking for gz-utils2 -- found version 2.2.1
[3.706s] -- Looking for dlfcn.h - found
[3.706s] -- Looking for libdl - found
[3.728s] -- Searching for <gz-common5> component [av]
[3.730s] -- Looking for gz-common5-av -- found version 5.7.1
[3.730s] -- Searching for dependencies of gz-common5-av
[3.747s] -- Checking for module 'libswscale'
[3.810s] --   Found libswscale, version 7.5.100
[3.995s] -- Checking for module 'libavdevice >= 56.4.100'
[4.070s] --   Found libavdevice, version 60.3.100
[4.308s] -- Checking for module 'libavformat'
[4.405s] --   Found libavformat, version 60.16.100
[4.773s] -- Checking for module 'libavcodec'
[4.842s] --   Found libavcodec, version 60.31.102
[5.080s] -- Checking for module 'libavutil'
[5.187s] --   Found libavutil, version 58.29.100
[5.381s] -- Searching for <gz-common5> component [events]
[5.383s] -- Looking for gz-common5-events -- found version 5.7.1
[5.384s] -- Searching for dependencies of gz-common5-events
[5.385s] -- Looking for gz-math7 -- found version 7.5.2
[5.387s] -- Searching for <gz-common5> component [graphics]
[5.389s] -- Looking for gz-common5-graphics -- found version 5.7.1
[5.389s] -- Searching for dependencies of gz-common5-graphics
[5.390s] -- Looking for gz-math7 -- found version 7.5.2
[5.399s] -- Searching for <gz-common5> component [io]
[5.400s] -- Looking for gz-common5-io -- found version 5.7.1
[5.401s] -- Searching for dependencies of gz-common5-io
[5.403s] -- Searching for <gz-common5> component [profiler]
[5.405s] -- Looking for gz-common5-profiler -- found version 5.7.1
[5.405s] -- Searching for dependencies of gz-common5-profiler
[5.408s] -- Looking for gz-fuel_tools9 -- found version 9.1.1
[5.409s] -- Searching for dependencies of gz-fuel_tools9
[5.537s] -- Checking for module 'jsoncpp'
[5.598s] --   Found jsoncpp, version 1.9.5
[5.979s] -- Checking for module 'yaml-0.1'
[6.069s] --   Found yaml-0.1, version 0.2.5
[6.299s] -- Checking for module 'libzip'
[6.370s] --   Found libzip, version 1.7.3
[6.513s] -- Looking for gz-utils2 -- found version 2.2.1
[6.514s] -- Looking for gz-common5 -- found version 5.7.1
[6.515s] -- Searching for dependencies of gz-common5
[6.516s] -- Looking for gz-utils2 -- found version 2.2.1
[6.517s] -- Looking for dlfcn.h - found
[6.517s] -- Looking for libdl - found
[6.539s] -- Searching for <gz-common5> component [testing]
[6.540s] -- Looking for gz-common5-testing -- found version 5.7.1
[6.541s] -- Searching for dependencies of gz-common5-testing
[6.545s] -- Looking for gz-math7 -- found version 7.5.2
[6.548s] -- Looking for gz-msgs10 -- found version 10.3.2
[6.551s] -- Looking for gz-gui8 -- found version 8.4.0
[6.551s] -- Searching for dependencies of gz-gui8
[6.636s] -- Looking for gz-utils2 -- found version 2.2.1
[6.638s] -- Looking for gz-math7 -- found version 7.5.2
[6.639s] -- Looking for gz-common5 -- found version 5.7.1
[6.640s] -- Looking for gz-plugin2 -- found version 2.0.4
[6.642s] -- Looking for gz-transport13 -- found version 13.5.0
[6.644s] -- Looking for gz-rendering8 -- found version 8.2.2
[6.644s] -- Searching for dependencies of gz-rendering8
[6.646s] -- Looking for gz-math7 -- found version 7.5.2
[6.647s] -- Searching for dependencies of gz-math7
[6.648s] -- Looking for gz-utils2 -- found version 2.2.1
[6.648s] -- Searching for <gz-math7> component [eigen3]
[6.650s] -- Looking for gz-math7-eigen3 -- found version 7.5.2
[6.650s] -- Searching for dependencies of gz-math7-eigen3
[6.655s] -- Looking for gz-common5 -- found version 5.7.1
[6.655s] -- Searching for dependencies of gz-common5
[6.657s] -- Looking for gz-utils2 -- found version 2.2.1
[6.658s] -- Looking for dlfcn.h - found
[6.658s] -- Looking for libdl - found
[6.676s] -- Searching for <gz-common5> component [graphics]
[6.676s] -- Searching for <gz-common5> component [events]
[6.676s] -- Searching for <gz-common5> component [geospatial]
[6.677s] -- Looking for gz-common5-geospatial -- found version 5.7.1
[6.678s] -- Searching for dependencies of gz-common5-geospatial
[6.679s] -- Looking for gz-math7 -- found version 7.5.2
[6.681s] -- Looking for gz-common5 -- found version 5.7.1
[6.684s] -- Looking for gz-plugin2 -- found version 2.0.4
[6.685s] -- Searching for dependencies of gz-plugin2
[6.686s] -- Looking for gz-utils2 -- found version 2.2.1
[6.686s] -- Searching for <gz-plugin2> component [all]
[6.688s] -- Looking for all libraries of gz-plugin2 -- found version 2.0.4
[6.689s] -- Looking for gz-plugin2 -- found version 2.0.4
[6.692s] -- Looking for gz-utils2 -- found version 2.2.1
[6.702s] -- Looking for gz-msgs10 -- found version 10.3.2
[6.759s] -- Looking for gz-physics7 -- found version 7.6.0
[6.760s] -- Searching for dependencies of gz-physics7
[6.762s] -- Looking for gz-common5 -- found version 5.7.1
[6.763s] -- Looking for gz-math7 -- found version 7.5.2
[6.765s] -- Looking for gz-plugin2 -- found version 2.0.4
[6.766s] -- Looking for gz-utils2 -- found version 2.2.1
[6.775s] -- Searching for <gz-physics7> component [heightmap]
[6.776s] -- Looking for gz-physics7-heightmap -- found version 7.6.0
[6.778s] -- Searching for dependencies of gz-physics7-heightmap
[6.779s] -- Looking for gz-common5 -- found version 5.7.1
[6.781s] -- Searching for <gz-physics7> component [mesh]
[6.782s] -- Looking for gz-physics7-mesh -- found version 7.6.0
[6.786s] -- Searching for dependencies of gz-physics7-mesh
[6.787s] -- Looking for gz-common5 -- found version 5.7.1
[6.790s] -- Searching for <gz-physics7> component [sdf]
[6.792s] -- Looking for gz-physics7-sdf -- found version 7.6.0
[6.794s] -- Searching for dependencies of gz-physics7-sdf
[6.795s] -- Looking for sdformat14 -- found version 14.8.0
[6.799s] -- Looking for gz-sensors8 -- found version 8.2.2
[6.800s] -- Searching for dependencies of gz-sensors8
[6.873s] -- Looking for gz-math7 -- found version 7.5.2
[6.876s] -- Looking for gz-common5 -- found version 5.7.1
[6.877s] -- Looking for gz-transport13 -- found version 13.5.0
[6.877s] -- Looking for gz-rendering8 -- found version 8.2.2
[6.878s] -- Looking for gz-msgs10 -- found version 10.3.2
[6.878s] -- Looking for sdformat14 -- found version 14.8.0
[6.881s] -- Searching for <gz-sensors8> component [air_pressure]
[6.882s] -- Looking for gz-sensors8-air_pressure -- found version 8.2.2
[6.883s] -- Searching for dependencies of gz-sensors8-air_pressure
[6.885s] -- Searching for <gz-sensors8> component [air_speed]
[6.887s] -- Looking for gz-sensors8-air_speed -- found version 8.2.2
[6.887s] -- Searching for dependencies of gz-sensors8-air_speed
[6.889s] -- Searching for <gz-sensors8> component [altimeter]
[6.891s] -- Looking for gz-sensors8-altimeter -- found version 8.2.2
[6.892s] -- Searching for dependencies of gz-sensors8-altimeter
[6.894s] -- Searching for <gz-sensors8> component [imu]
[6.896s] -- Looking for gz-sensors8-imu -- found version 8.2.2
[6.897s] -- Searching for dependencies of gz-sensors8-imu
[6.899s] -- Searching for <gz-sensors8> component [force_torque]
[6.901s] -- Looking for gz-sensors8-force_torque -- found version 8.2.2
[6.901s] -- Searching for dependencies of gz-sensors8-force_torque
[6.904s] -- Searching for <gz-sensors8> component [logical_camera]
[6.905s] -- Looking for gz-sensors8-logical_camera -- found version 8.2.2
[6.906s] -- Searching for dependencies of gz-sensors8-logical_camera
[6.908s] -- Searching for <gz-sensors8> component [magnetometer]
[6.910s] -- Looking for gz-sensors8-magnetometer -- found version 8.2.2
[6.910s] -- Searching for dependencies of gz-sensors8-magnetometer
[6.913s] -- Searching for <gz-sensors8> component [navsat]
[6.914s] -- Looking for gz-sensors8-navsat -- found version 8.2.2
[6.915s] -- Searching for dependencies of gz-sensors8-navsat
[6.917s] -- Searching for <gz-sensors8> component [dvl]
[6.921s] -- Looking for gz-sensors8-dvl -- found version 8.2.2
[6.922s] -- Searching for dependencies of gz-sensors8-dvl
[6.922s] -- Looking for gz-sensors8 -- found version 8.2.2
[6.923s] -- Searching for dependencies of gz-sensors8
[6.993s] -- Looking for gz-math7 -- found version 7.5.2
[6.995s] -- Looking for gz-common5 -- found version 5.7.1
[6.996s] -- Looking for gz-transport13 -- found version 13.5.0
[6.997s] -- Looking for gz-rendering8 -- found version 8.2.2
[6.999s] -- Looking for gz-msgs10 -- found version 10.3.2
[7.001s] -- Looking for sdformat14 -- found version 14.8.0
[7.001s] -- Searching for <gz-sensors8> component [rendering]
[7.003s] -- Looking for gz-sensors8-rendering -- found version 8.2.2
[7.003s] -- Searching for dependencies of gz-sensors8-rendering
[7.007s] -- Searching for <gz-sensors8> component [rendering]
[7.007s] -- Searching for <gz-sensors8> component [lidar]
[7.013s] -- Looking for gz-sensors8-lidar -- found version 8.2.2
[7.014s] -- Searching for dependencies of gz-sensors8-lidar
[7.015s] -- Looking for gz-sensors8 -- found version 8.2.2
[7.018s] -- Searching for <gz-sensors8> component [gpu_lidar]
[7.019s] -- Looking for gz-sensors8-gpu_lidar -- found version 8.2.2
[7.020s] -- Searching for dependencies of gz-sensors8-gpu_lidar
[7.021s] -- Looking for gz-sensors8 -- found version 8.2.2
[7.023s] -- Searching for <gz-sensors8> component [camera]
[7.025s] -- Looking for gz-sensors8-camera -- found version 8.2.2
[7.025s] -- Searching for dependencies of gz-sensors8-camera
[7.027s] -- Looking for gz-sensors8 -- found version 8.2.2
[7.029s] -- Searching for <gz-sensors8> component [boundingbox_camera]
[7.031s] -- Looking for gz-sensors8-boundingbox_camera -- found version 8.2.2
[7.031s] -- Searching for dependencies of gz-sensors8-boundingbox_camera
[7.033s] -- Searching for <gz-sensors8> component [segmentation_camera]
[7.035s] -- Looking for gz-sensors8-segmentation_camera -- found version 8.2.2
[7.035s] -- Searching for dependencies of gz-sensors8-segmentation_camera
[7.037s] -- Searching for <gz-sensors8> component [depth_camera]
[7.038s] -- Looking for gz-sensors8-depth_camera -- found version 8.2.2
[7.039s] -- Searching for dependencies of gz-sensors8-depth_camera
[7.041s] -- Looking for gz-sensors8 -- found version 8.2.2
[7.043s] -- Searching for <gz-sensors8> component [rgbd_camera]
[7.044s] -- Looking for gz-sensors8-rgbd_camera -- found version 8.2.2
[7.045s] -- Searching for dependencies of gz-sensors8-rgbd_camera
[7.047s] -- Looking for gz-sensors8 -- found version 8.2.2
[7.049s] -- Searching for <gz-sensors8> component [thermal_camera]
[7.050s] -- Looking for gz-sensors8-thermal_camera -- found version 8.2.2
[7.052s] -- Searching for dependencies of gz-sensors8-thermal_camera
[7.053s] -- Looking for gz-sensors8 -- found version 8.2.2
[7.054s] -- Searching for <gz-sensors8> component [wide_angle_camera]
[7.056s] -- Looking for gz-sensors8-wide_angle_camera -- found version 8.2.2
[7.056s] -- Searching for dependencies of gz-sensors8-wide_angle_camera
[7.059s] -- Looking for gz-rendering8 -- found version 8.2.2
[7.060s] -- Looking for gz-math7 -- found version 7.5.2
[7.061s] -- Looking for gz-utils2 -- found version 2.2.1
[7.139s] -- Looking for gz-plugin2 -- found version 2.0.4
[7.504s] -- Configuring done (7.4s)
[7.667s] -- Generating done (0.1s)
[7.696s] -- Build files have been written to: /root/ros_workspace/build/turtlebot3_gazebo
[7.910s] Invoked command in '/root/ros_workspace/build/turtlebot3_gazebo' returned '0': CMAKE_PREFIX_PATH=${CMAKE_PREFIX_PATH}:/root/ros_workspace/install/turtlebot3_teleop:/root/ros_workspace/install/turtlebot3_example:/root/ros_workspace/install/turtlebot3_control:/opt/ros/jazzy /usr/bin/cmake /root/ros_workspace/src/turtlebot3_simulations/turtlebot3_gazebo -DAMENT_CMAKE_SYMLINK_INSTALL=1 -DCMAKE_INSTALL_PREFIX=/root/ros_workspace/install/turtlebot3_gazebo
[7.915s] Invoking command in '/root/ros_workspace/build/turtlebot3_gazebo': CMAKE_PREFIX_PATH=${CMAKE_PREFIX_PATH}:/root/ros_workspace/install/turtlebot3_teleop:/root/ros_workspace/install/turtlebot3_example:/root/ros_workspace/install/turtlebot3_control:/opt/ros/jazzy /usr/bin/cmake --build /root/ros_workspace/build/turtlebot3_gazebo -- -j8 -l8
[8.188s] [ 25%] Built target obstacle1
[8.197s] [ 50%] Built target obstacles
[8.201s] [ 75%] Built target turtlebot3_drive
[8.251s] [100%] Built target obstacle2
[8.294s] Invoked command in '/root/ros_workspace/build/turtlebot3_gazebo' returned '0': CMAKE_PREFIX_PATH=${CMAKE_PREFIX_PATH}:/root/ros_workspace/install/turtlebot3_teleop:/root/ros_workspace/install/turtlebot3_example:/root/ros_workspace/install/turtlebot3_control:/opt/ros/jazzy /usr/bin/cmake --build /root/ros_workspace/build/turtlebot3_gazebo -- -j8 -l8
[8.297s] Invoking command in '/root/ros_workspace/build/turtlebot3_gazebo': CMAKE_PREFIX_PATH=${CMAKE_PREFIX_PATH}:/root/ros_workspace/install/turtlebot3_teleop:/root/ros_workspace/install/turtlebot3_example:/root/ros_workspace/install/turtlebot3_control:/opt/ros/jazzy /usr/bin/cmake --install /root/ros_workspace/build/turtlebot3_gazebo
[8.330s] -- Install configuration: ""
[8.333s] -- Execute custom install script
[8.334s] -- Up-to-date symlink: /root/ros_workspace/install/turtlebot3_gazebo/lib/turtlebot3_gazebo/turtlebot3_drive
[8.334s] -- Up-to-date symlink: /root/ros_workspace/install/turtlebot3_gazebo/lib/turtlebot3_gazebo/libobstacles.so
[8.340s] -- Up-to-date symlink: /root/ros_workspace/install/turtlebot3_gazebo/lib/turtlebot3_gazebo/libobstacle1.so
[8.340s] -- Up-to-date symlink: /root/ros_workspace/install/turtlebot3_gazebo/lib/turtlebot3_gazebo/libobstacle2.so
[8.341s] -- Up-to-date symlink: /root/ros_workspace/install/turtlebot3_gazebo/share/turtlebot3_gazebo//launch/empty_world.launch.py
[8.341s] -- Up-to-date symlink: /root/ros_workspace/install/turtlebot3_gazebo/share/turtlebot3_gazebo//launch/robot_state_publisher.launch.py
[8.341s] -- Up-to-date symlink: /root/ros_workspace/install/turtlebot3_gazebo/share/turtlebot3_gazebo//launch/spawn_turtlebot3.launch.py
[8.341s] -- Up-to-date symlink: /root/ros_workspace/install/turtlebot3_gazebo/share/turtlebot3_gazebo//launch/turtlebot3_dqn_stage1.launch.py
[8.341s] -- Up-to-date symlink: /root/ros_workspace/install/turtlebot3_gazebo/share/turtlebot3_gazebo//launch/turtlebot3_dqn_stage2.launch.py
[8.341s] -- Up-to-date symlink: /root/ros_workspace/install/turtlebot3_gazebo/share/turtlebot3_gazebo//launch/turtlebot3_dqn_stage3.launch.py
[8.342s] -- Up-to-date symlink: /root/ros_workspace/install/turtlebot3_gazebo/share/turtlebot3_gazebo//launch/turtlebot3_dqn_stage4.launch.py
[8.342s] -- Up-to-date symlink: /root/ros_workspace/install/turtlebot3_gazebo/share/turtlebot3_gazebo//launch/turtlebot3_house.launch.py
[8.342s] -- Up-to-date symlink: /root/ros_workspace/install/turtlebot3_gazebo/share/turtlebot3_gazebo//launch/turtlebot3_world.launch.py
[8.355s] -- Up-to-date symlink: /root/ros_workspace/install/turtlebot3_gazebo/share/turtlebot3_gazebo//models/turtlebot3_burger/model-1_4.sdf
[8.355s] -- Up-to-date symlink: /root/ros_workspace/install/turtlebot3_gazebo/share/turtlebot3_gazebo//models/turtlebot3_burger/model.config
[8.356s] -- Up-to-date symlink: /root/ros_workspace/install/turtlebot3_gazebo/share/turtlebot3_gazebo//models/turtlebot3_burger/model.sdf
[8.356s] -- Up-to-date symlink: /root/ros_workspace/install/turtlebot3_gazebo/share/turtlebot3_gazebo//models/turtlebot3_burger_cam/model-1_4.sdf
[8.357s] -- Up-to-date symlink: /root/ros_workspace/install/turtlebot3_gazebo/share/turtlebot3_gazebo//models/turtlebot3_burger_cam/model.config
[8.357s] -- Up-to-date symlink: /root/ros_workspace/install/turtlebot3_gazebo/share/turtlebot3_gazebo//models/turtlebot3_burger_cam/model.sdf
[8.357s] -- Up-to-date symlink: /root/ros_workspace/install/turtlebot3_gazebo/share/turtlebot3_gazebo//models/turtlebot3_common/meshes/bases/burger_base.stl
[8.357s] -- Up-to-date symlink: /root/ros_workspace/install/turtlebot3_gazebo/share/turtlebot3_gazebo//models/turtlebot3_common/meshes/bases/waffle_base.stl
[8.358s] -- Up-to-date symlink: /root/ros_workspace/install/turtlebot3_gazebo/share/turtlebot3_gazebo//models/turtlebot3_common/meshes/bases/waffle_pi_base.stl
[8.358s] -- Up-to-date symlink: /root/ros_workspace/install/turtlebot3_gazebo/share/turtlebot3_gazebo//models/turtlebot3_common/meshes/burger_base.dae
[8.359s] -- Up-to-date symlink: /root/ros_workspace/install/turtlebot3_gazebo/share/turtlebot3_gazebo//models/turtlebot3_common/meshes/lds.dae
[8.359s] -- Up-to-date symlink: /root/ros_workspace/install/turtlebot3_gazebo/share/turtlebot3_gazebo//models/turtlebot3_common/meshes/r200.dae
[8.359s] -- Up-to-date symlink: /root/ros_workspace/install/turtlebot3_gazebo/share/turtlebot3_gazebo//models/turtlebot3_common/meshes/sensors/astra.dae
[8.360s] -- Up-to-date symlink: /root/ros_workspace/install/turtlebot3_gazebo/share/turtlebot3_gazebo//models/turtlebot3_common/meshes/sensors/astra.jpg
[8.361s] -- Up-to-date symlink: /root/ros_workspace/install/turtlebot3_gazebo/share/turtlebot3_gazebo//models/turtlebot3_common/meshes/sensors/lds.stl
[8.362s] -- Up-to-date symlink: /root/ros_workspace/install/turtlebot3_gazebo/share/turtlebot3_gazebo//models/turtlebot3_common/meshes/sensors/r200.dae
[8.363s] -- Up-to-date symlink: /root/ros_workspace/install/turtlebot3_gazebo/share/turtlebot3_gazebo//models/turtlebot3_common/meshes/sensors/r200.jpg
[8.363s] -- Up-to-date symlink: /root/ros_workspace/install/turtlebot3_gazebo/share/turtlebot3_gazebo//models/turtlebot3_common/meshes/tire.dae
[8.363s] -- Up-to-date symlink: /root/ros_workspace/install/turtlebot3_gazebo/share/turtlebot3_gazebo//models/turtlebot3_common/meshes/waffle_base.dae
[8.364s] -- Up-to-date symlink: /root/ros_workspace/install/turtlebot3_gazebo/share/turtlebot3_gazebo//models/turtlebot3_common/meshes/waffle_pi_base.dae
[8.364s] -- Up-to-date symlink: /root/ros_workspace/install/turtlebot3_gazebo/share/turtlebot3_gazebo//models/turtlebot3_common/meshes/wheels/left_tire.stl
[8.364s] -- Up-to-date symlink: /root/ros_workspace/install/turtlebot3_gazebo/share/turtlebot3_gazebo//models/turtlebot3_common/meshes/wheels/right_tire.stl
[8.365s] -- Up-to-date symlink: /root/ros_workspace/install/turtlebot3_gazebo/share/turtlebot3_gazebo//models/turtlebot3_common/model.config
[8.365s] -- Up-to-date symlink: /root/ros_workspace/install/turtlebot3_gazebo/share/turtlebot3_gazebo//models/turtlebot3_dqn_world/goal_box/model.config
[8.366s] -- Up-to-date symlink: /root/ros_workspace/install/turtlebot3_gazebo/share/turtlebot3_gazebo//models/turtlebot3_dqn_world/goal_box/model.sdf
[8.366s] -- Up-to-date symlink: /root/ros_workspace/install/turtlebot3_gazebo/share/turtlebot3_gazebo//models/turtlebot3_dqn_world/inner_walls/model.config
[8.366s] -- Up-to-date symlink: /root/ros_workspace/install/turtlebot3_gazebo/share/turtlebot3_gazebo//models/turtlebot3_dqn_world/inner_walls/model.sdf
[8.367s] -- Up-to-date symlink: /root/ros_workspace/install/turtlebot3_gazebo/share/turtlebot3_gazebo//models/turtlebot3_dqn_world/inner_walls/textures/wood.png
[8.367s] -- Up-to-date symlink: /root/ros_workspace/install/turtlebot3_gazebo/share/turtlebot3_gazebo//models/turtlebot3_dqn_world/model.config
[8.367s] -- Up-to-date symlink: /root/ros_workspace/install/turtlebot3_gazebo/share/turtlebot3_gazebo//models/turtlebot3_dqn_world/model.sdf
[8.368s] -- Up-to-date symlink: /root/ros_workspace/install/turtlebot3_gazebo/share/turtlebot3_gazebo//models/turtlebot3_dqn_world/obstacle1/model.config
[8.369s] -- Up-to-date symlink: /root/ros_workspace/install/turtlebot3_gazebo/share/turtlebot3_gazebo//models/turtlebot3_dqn_world/obstacle1/model.sdf
[8.369s] -- Up-to-date symlink: /root/ros_workspace/install/turtlebot3_gazebo/share/turtlebot3_gazebo//models/turtlebot3_dqn_world/obstacle2/model.config
[8.369s] -- Up-to-date symlink: /root/ros_workspace/install/turtlebot3_gazebo/share/turtlebot3_gazebo//models/turtlebot3_dqn_world/obstacle2/model.sdf
[8.370s] -- Up-to-date symlink: /root/ros_workspace/install/turtlebot3_gazebo/share/turtlebot3_gazebo//models/turtlebot3_dqn_world/obstacles/model.config
[8.370s] -- Up-to-date symlink: /root/ros_workspace/install/turtlebot3_gazebo/share/turtlebot3_gazebo//models/turtlebot3_dqn_world/obstacles/model.sdf
[8.370s] -- Up-to-date symlink: /root/ros_workspace/install/turtlebot3_gazebo/share/turtlebot3_gazebo//models/turtlebot3_dqn_world/textures/wood.png
[8.370s] -- Up-to-date symlink: /root/ros_workspace/install/turtlebot3_gazebo/share/turtlebot3_gazebo//models/turtlebot3_house/cafe_table/materials/textures/Maple.jpg
[8.372s] -- Up-to-date symlink: /root/ros_workspace/install/turtlebot3_gazebo/share/turtlebot3_gazebo//models/turtlebot3_house/cafe_table/materials/textures/Wood_Floor_Dark.jpg
[8.374s] -- Up-to-date symlink: /root/ros_workspace/install/turtlebot3_gazebo/share/turtlebot3_gazebo//models/turtlebot3_house/cafe_table/meshes/cafe_table.dae
[8.374s] -- Up-to-date symlink: /root/ros_workspace/install/turtlebot3_gazebo/share/turtlebot3_gazebo//models/turtlebot3_house/cafe_table/model-1_4.sdf
[8.375s] -- Up-to-date symlink: /root/ros_workspace/install/turtlebot3_gazebo/share/turtlebot3_gazebo//models/turtlebot3_house/cafe_table/model.config
[8.376s] -- Up-to-date symlink: /root/ros_workspace/install/turtlebot3_gazebo/share/turtlebot3_gazebo//models/turtlebot3_house/cafe_table/model.sdf
[8.376s] -- Up-to-date symlink: /root/ros_workspace/install/turtlebot3_gazebo/share/turtlebot3_gazebo//models/turtlebot3_house/first_2015_trash_can/meshes/trash_can.dae
[8.376s] -- Up-to-date symlink: /root/ros_workspace/install/turtlebot3_gazebo/share/turtlebot3_gazebo//models/turtlebot3_house/first_2015_trash_can/model.config
[8.376s] -- Up-to-date symlink: /root/ros_workspace/install/turtlebot3_gazebo/share/turtlebot3_gazebo//models/turtlebot3_house/first_2015_trash_can/model.sdf
[8.376s] -- Up-to-date symlink: /root/ros_workspace/install/turtlebot3_gazebo/share/turtlebot3_gazebo//models/turtlebot3_house/mailbox/materials/scripts/mailbox.material
[8.376s] -- Up-to-date symlink: /root/ros_workspace/install/turtlebot3_gazebo/share/turtlebot3_gazebo//models/turtlebot3_house/mailbox/materials/textures/Mailbox_Diffuse.png
[8.377s] -- Up-to-date symlink: /root/ros_workspace/install/turtlebot3_gazebo/share/turtlebot3_gazebo//models/turtlebot3_house/mailbox/materials/textures/Mailbox_Diffuse.tga.orig
[8.377s] -- Up-to-date symlink: /root/ros_workspace/install/turtlebot3_gazebo/share/turtlebot3_gazebo//models/turtlebot3_house/mailbox/materials/textures/Mailbox_Spec.png
[8.377s] -- Up-to-date symlink: /root/ros_workspace/install/turtlebot3_gazebo/share/turtlebot3_gazebo//models/turtlebot3_house/mailbox/meshes/mailbox.dae
[8.377s] -- Up-to-date symlink: /root/ros_workspace/install/turtlebot3_gazebo/share/turtlebot3_gazebo//models/turtlebot3_house/mailbox/model-1_3.sdf
[8.378s] -- Up-to-date symlink: /root/ros_workspace/install/turtlebot3_gazebo/share/turtlebot3_gazebo//models/turtlebot3_house/mailbox/model-1_4.sdf
[8.378s] -- Up-to-date symlink: /root/ros_workspace/install/turtlebot3_gazebo/share/turtlebot3_gazebo//models/turtlebot3_house/mailbox/model.config
[8.378s] -- Up-to-date symlink: /root/ros_workspace/install/turtlebot3_gazebo/share/turtlebot3_gazebo//models/turtlebot3_house/mailbox/model.sdf
[8.378s] -- Up-to-date symlink: /root/ros_workspace/install/turtlebot3_gazebo/share/turtlebot3_gazebo//models/turtlebot3_house/model.config
[8.379s] -- Up-to-date symlink: /root/ros_workspace/install/turtlebot3_gazebo/share/turtlebot3_gazebo//models/turtlebot3_house/model.sdf
[8.379s] -- Up-to-date symlink: /root/ros_workspace/install/turtlebot3_gazebo/share/turtlebot3_gazebo//models/turtlebot3_house/table_marble/materials/scripts/table_lightmap.material
[8.379s] -- Up-to-date symlink: /root/ros_workspace/install/turtlebot3_gazebo/share/turtlebot3_gazebo//models/turtlebot3_house/table_marble/materials/textures/marble.png
[8.379s] -- Up-to-date symlink: /root/ros_workspace/install/turtlebot3_gazebo/share/turtlebot3_gazebo//models/turtlebot3_house/table_marble/materials/textures/table_lightmap.png
[8.380s] -- Up-to-date symlink: /root/ros_workspace/install/turtlebot3_gazebo/share/turtlebot3_gazebo//models/turtlebot3_house/table_marble/meshes/table_lightmap.dae
[8.380s] -- Up-to-date symlink: /root/ros_workspace/install/turtlebot3_gazebo/share/turtlebot3_gazebo//models/turtlebot3_house/table_marble/model-1_4.sdf
[8.381s] -- Up-to-date symlink: /root/ros_workspace/install/turtlebot3_gazebo/share/turtlebot3_gazebo//models/turtlebot3_house/table_marble/model.config
[8.381s] -- Up-to-date symlink: /root/ros_workspace/install/turtlebot3_gazebo/share/turtlebot3_gazebo//models/turtlebot3_house/table_marble/model.sdf
[8.382s] -- Up-to-date symlink: /root/ros_workspace/install/turtlebot3_gazebo/share/turtlebot3_gazebo//models/turtlebot3_house/textures/bricks.png
[8.383s] -- Up-to-date symlink: /root/ros_workspace/install/turtlebot3_gazebo/share/turtlebot3_gazebo//models/turtlebot3_house/textures/wood.png
[8.383s] -- Up-to-date symlink: /root/ros_workspace/install/turtlebot3_gazebo/share/turtlebot3_gazebo//models/turtlebot3_waffle/model-1_4.sdf
[8.385s] -- Up-to-date symlink: /root/ros_workspace/install/turtlebot3_gazebo/share/turtlebot3_gazebo//models/turtlebot3_waffle/model.config
[8.386s] -- Up-to-date symlink: /root/ros_workspace/install/turtlebot3_gazebo/share/turtlebot3_gazebo//models/turtlebot3_waffle/model.sdf
[8.386s] -- Up-to-date symlink: /root/ros_workspace/install/turtlebot3_gazebo/share/turtlebot3_gazebo//models/turtlebot3_waffle_pi/model-1_4_.sdf
[8.386s] -- Up-to-date symlink: /root/ros_workspace/install/turtlebot3_gazebo/share/turtlebot3_gazebo//models/turtlebot3_waffle_pi/model.config
[8.386s] -- Up-to-date symlink: /root/ros_workspace/install/turtlebot3_gazebo/share/turtlebot3_gazebo//models/turtlebot3_waffle_pi/model.sdf
[8.386s] -- Up-to-date symlink: /root/ros_workspace/install/turtlebot3_gazebo/share/turtlebot3_gazebo//models/turtlebot3_world/meshes/hexagon.dae
[8.386s] -- Up-to-date symlink: /root/ros_workspace/install/turtlebot3_gazebo/share/turtlebot3_gazebo//models/turtlebot3_world/meshes/wall.dae
[8.386s] -- Up-to-date symlink: /root/ros_workspace/install/turtlebot3_gazebo/share/turtlebot3_gazebo//models/turtlebot3_world/model-1_4.sdf
[8.387s] -- Up-to-date symlink: /root/ros_workspace/install/turtlebot3_gazebo/share/turtlebot3_gazebo//models/turtlebot3_world/model.config
[8.389s] -- Up-to-date symlink: /root/ros_workspace/install/turtlebot3_gazebo/share/turtlebot3_gazebo//models/turtlebot3_world/model.sdf
[8.390s] -- Up-to-date symlink: /root/ros_workspace/install/turtlebot3_gazebo/share/turtlebot3_gazebo//params/turtlebot3_burger_bridge.yaml
[8.390s] -- Up-to-date symlink: /root/ros_workspace/install/turtlebot3_gazebo/share/turtlebot3_gazebo//params/turtlebot3_burger_cam_bridge.yaml
[8.391s] -- Up-to-date symlink: /root/ros_workspace/install/turtlebot3_gazebo/share/turtlebot3_gazebo//params/turtlebot3_waffle_bridge.yaml
[8.391s] -- Up-to-date symlink: /root/ros_workspace/install/turtlebot3_gazebo/share/turtlebot3_gazebo//params/turtlebot3_waffle_pi_bridge.yaml
[8.392s] -- Up-to-date symlink: /root/ros_workspace/install/turtlebot3_gazebo/share/turtlebot3_gazebo//rviz/tb3_gazebo.rviz
[8.392s] -- Up-to-date symlink: /root/ros_workspace/install/turtlebot3_gazebo/share/turtlebot3_gazebo//urdf/common_properties.urdf
[8.392s] -- Up-to-date symlink: /root/ros_workspace/install/turtlebot3_gazebo/share/turtlebot3_gazebo//urdf/turtlebot3_burger.urdf
[8.393s] -- Up-to-date symlink: /root/ros_workspace/install/turtlebot3_gazebo/share/turtlebot3_gazebo//urdf/turtlebot3_burger_cam.urdf
[8.393s] -- Up-to-date symlink: /root/ros_workspace/install/turtlebot3_gazebo/share/turtlebot3_gazebo//urdf/turtlebot3_waffle.urdf
[8.394s] -- Up-to-date symlink: /root/ros_workspace/install/turtlebot3_gazebo/share/turtlebot3_gazebo//urdf/turtlebot3_waffle_pi.urdf
[8.394s] -- Up-to-date symlink: /root/ros_workspace/install/turtlebot3_gazebo/share/turtlebot3_gazebo//worlds/empty_world.world
[8.394s] -- Up-to-date symlink: /root/ros_workspace/install/turtlebot3_gazebo/share/turtlebot3_gazebo//worlds/turtlebot3_autorace_2020.world
[8.394s] -- Up-to-date symlink: /root/ros_workspace/install/turtlebot3_gazebo/share/turtlebot3_gazebo//worlds/turtlebot3_dqn_stage1.world
[8.395s] -- Up-to-date symlink: /root/ros_workspace/install/turtlebot3_gazebo/share/turtlebot3_gazebo//worlds/turtlebot3_dqn_stage2.world
[8.395s] -- Up-to-date symlink: /root/ros_workspace/install/turtlebot3_gazebo/share/turtlebot3_gazebo//worlds/turtlebot3_dqn_stage3.world
[8.396s] -- Up-to-date symlink: /root/ros_workspace/install/turtlebot3_gazebo/share/turtlebot3_gazebo//worlds/turtlebot3_dqn_stage4.world
[8.396s] -- Up-to-date symlink: /root/ros_workspace/install/turtlebot3_gazebo/share/turtlebot3_gazebo//worlds/turtlebot3_house.world
[8.397s] -- Up-to-date symlink: /root/ros_workspace/install/turtlebot3_gazebo/share/turtlebot3_gazebo//worlds/turtlebot3_world.world
[8.398s] -- Up-to-date symlink: /root/ros_workspace/install/turtlebot3_gazebo/include//turtlebot3_gazebo/obstacle1.hpp
[8.403s] -- Up-to-date symlink: /root/ros_workspace/install/turtlebot3_gazebo/include//turtlebot3_gazebo/obstacle2.hpp
[8.403s] -- Up-to-date symlink: /root/ros_workspace/install/turtlebot3_gazebo/include//turtlebot3_gazebo/obstacles.hpp
[8.404s] -- Up-to-date symlink: /root/ros_workspace/install/turtlebot3_gazebo/include//turtlebot3_gazebo/traffic_bar_plugin.hpp
[8.404s] -- Up-to-date symlink: /root/ros_workspace/install/turtlebot3_gazebo/include//turtlebot3_gazebo/traffic_light_plugin.hpp
[8.404s] -- Up-to-date symlink: /root/ros_workspace/install/turtlebot3_gazebo/include//turtlebot3_gazebo/turtlebot3_drive.hpp
[8.404s] -- Up-to-date symlink: /root/ros_workspace/install/turtlebot3_gazebo/share/ament_index/resource_index/package_run_dependencies/turtlebot3_gazebo
[8.404s] -- Up-to-date symlink: /root/ros_workspace/install/turtlebot3_gazebo/share/ament_index/resource_index/parent_prefix_path/turtlebot3_gazebo
[8.405s] -- Up-to-date symlink: /root/ros_workspace/install/turtlebot3_gazebo/share/turtlebot3_gazebo/environment/ament_prefix_path.sh
[8.407s] -- Up-to-date symlink: /root/ros_workspace/install/turtlebot3_gazebo/share/turtlebot3_gazebo/environment/ament_prefix_path.dsv
[8.407s] -- Up-to-date symlink: /root/ros_workspace/install/turtlebot3_gazebo/share/turtlebot3_gazebo/environment/path.sh
[8.407s] -- Up-to-date symlink: /root/ros_workspace/install/turtlebot3_gazebo/share/turtlebot3_gazebo/environment/path.dsv
[8.407s] -- Up-to-date symlink: /root/ros_workspace/install/turtlebot3_gazebo/share/turtlebot3_gazebo/local_setup.bash
[8.409s] -- Up-to-date symlink: /root/ros_workspace/install/turtlebot3_gazebo/share/turtlebot3_gazebo/local_setup.sh
[8.409s] -- Up-to-date symlink: /root/ros_workspace/install/turtlebot3_gazebo/share/turtlebot3_gazebo/local_setup.zsh
[8.410s] -- Up-to-date symlink: /root/ros_workspace/install/turtlebot3_gazebo/share/turtlebot3_gazebo/local_setup.dsv
[8.410s] -- Symlinking: /root/ros_workspace/install/turtlebot3_gazebo/share/turtlebot3_gazebo/package.dsv
[8.451s] -- Up-to-date symlink: /root/ros_workspace/install/turtlebot3_gazebo/share/ament_index/resource_index/packages/turtlebot3_gazebo
[8.466s] -- Up-to-date symlink: /root/ros_workspace/install/turtlebot3_gazebo/share/turtlebot3_gazebo/cmake/ament_cmake_export_include_directories-extras.cmake
[8.466s] -- Up-to-date symlink: /root/ros_workspace/install/turtlebot3_gazebo/share/turtlebot3_gazebo/cmake/ament_cmake_export_dependencies-extras.cmake
[8.466s] -- Up-to-date symlink: /root/ros_workspace/install/turtlebot3_gazebo/share/turtlebot3_gazebo/cmake/turtlebot3_gazeboConfig.cmake
[8.466s] -- Up-to-date symlink: /root/ros_workspace/install/turtlebot3_gazebo/share/turtlebot3_gazebo/cmake/turtlebot3_gazeboConfig-version.cmake
[8.466s] -- Up-to-date symlink: /root/ros_workspace/install/turtlebot3_gazebo/share/turtlebot3_gazebo/package.xml
[8.471s] Invoked command in '/root/ros_workspace/build/turtlebot3_gazebo' returned '0': CMAKE_PREFIX_PATH=${CMAKE_PREFIX_PATH}:/root/ros_workspace/install/turtlebot3_teleop:/root/ros_workspace/install/turtlebot3_example:/root/ros_workspace/install/turtlebot3_control:/opt/ros/jazzy /usr/bin/cmake --install /root/ros_workspace/build/turtlebot3_gazebo
