[1.985s] Invoking command in '/root/ros_workspace/build/turtlebot3_example': CMAKE_PREFIX_PATH=/root/ros_workspace/install/turtlebot3_msgs:/root/ros_workspace/install/turtlebot3:/root/ros_workspace/install/turtlebot3_simulations:/root/ros_workspace/install/turtlebot3_bringup:/root/ros_workspace/install/turtlebot3_node:/root/ros_workspace/install/turtlebot3_navigation2:/root/ros_workspace/install/turtlebot3_fake_node:/root/ros_workspace/install/turtlebot3_gazebo:/root/ros_workspace/install/turtlebot3_description:/root/ros_workspace/install/turtlebot3_cartographer:/root/ros_workspace/install/dynamixel_sdk_examples:/root/ros_workspace/install/dynamixel_sdk_custom_interfaces:/root/ros_workspace/install/dynamixel_sdk:/opt/ros/jazzy/opt/gz_sim_vendor:/opt/ros/jazzy/opt/gz_sensors_vendor:/opt/ros/jazzy/opt/gz_physics_vendor:/opt/ros/jazzy/opt/sdformat_vendor:/opt/ros/jazzy/opt/gz_gui_vendor:/opt/ros/jazzy/opt/gz_transport_vendor:/opt/ros/jazzy/opt/gz_rendering_vendor:/opt/ros/jazzy/opt/gz_plugin_vendor:/opt/ros/jazzy/opt/gz_fuel_tools_vendor:/opt/ros/jazzy/opt/gz_msgs_vendor:/opt/ros/jazzy/opt/gz_common_vendor:/opt/ros/jazzy/opt/gz_math_vendor:/opt/ros/jazzy/opt/gz_utils_vendor:/opt/ros/jazzy/opt/gz_tools_vendor:/opt/ros/jazzy/opt/gz_ogre_next_vendor:/opt/ros/jazzy/opt/gz_dartsim_vendor:/opt/ros/jazzy/opt/gz_cmake_vendor PYTHONPATH=/root/ros_workspace/build/turtlebot3_example/prefix_override:/usr/lib/python3/dist-packages/colcon_core/task/python/colcon_distutils_commands:/root/ros_workspace/install/turtlebot3_example/lib/python3.12/site-packages:/root/ros_workspace/install/turtlebot3_msgs/lib/python3.12/site-packages:/root/ros_workspace/build/turtlebot3_teleop:/root/ros_workspace/install/turtlebot3_teleop/lib/python3.12/site-packages:/root/ros_workspace/build/turtlebot3_example:/root/ros_workspace/install/turtlebot3_example/lib/python3.12/site-packages:/root/ros_workspace/build/turtlebot3_control:/root/ros_workspace/install/turtlebot3_control/lib/python3.12/site-packages:/root/ros_workspace/install/dynamixel_sdk_custom_interfaces/lib/python3.12/site-packages:/root/ros_workspace/install/dynamixel_sdk/lib/python3.12/site-packages:/opt/ros/jazzy/lib/python3.12/site-packages /usr/bin/python3 -W ignore:setup.py install is deprecated -W ignore:easy_install command is deprecated setup.py develop --editable --build-directory /root/ros_workspace/build/turtlebot3_example/build --no-deps symlink_data --force
[2.452s] Traceback (most recent call last):
[2.454s]   File "/root/ros_workspace/build/turtlebot3_example/setup.py", line 6, in <module>
[2.456s]     setup(
[2.458s]   File "/usr/lib/python3/dist-packages/setuptools/__init__.py", line 107, in setup
[2.470s]     return distutils.core.setup(**attrs)
[2.474s]            ^^^^^^^^^^^^^^^^^^^^^^^^^^^^^
[2.476s]   File "/usr/lib/python3/dist-packages/setuptools/_distutils/core.py", line 147, in setup
[2.477s]     _setup_distribution = dist = klass(attrs)
[2.477s]                                  ^^^^^^^^^^^^
[2.478s]   File "/usr/lib/python3/dist-packages/setuptools/dist.py", line 483, in __init__
[2.483s]     for ep in metadata.entry_points(group='distutils.setup_keywords'):
[2.486s]               ^^^^^^^^^^^^^^^^^^^^^^^^^^^^^^^^^^^^^^^^^^^^^^^^^^^^^^^
[2.488s]   File "/usr/lib/python3.12/importlib/metadata/__init__.py", line 913, in entry_points
[2.489s]     return EntryPoints(eps).select(**params)
[2.494s]            ^^^^^^^^^^^^^^^^
[2.495s]   File "/usr/lib/python3.12/importlib/metadata/__init__.py", line 910, in <genexpr>
[2.497s]     eps = itertools.chain.from_iterable(
[2.498s]                                        ^
[2.499s]   File "/usr/lib/python3.12/importlib/metadata/_itertools.py", line 15, in unique_everseen
[2.500s]     for element in iterable:
[2.501s]   File "/usr/lib/python3.12/importlib/metadata/__init__.py", line 804, in __init__
[2.502s]     def __init__(self, path: SimplePath):
[2.502s] 
[2.503s] KeyboardInterrupt
