[0.584s] Invoking command in '/root/ros_workspace/build/turtlebot3_fake_node': AMENT_PREFIX_PATH=/root/ros_workspace/install/turtlebot3_msgs:${AMENT_PREFIX_PATH} CMAKE_PREFIX_PATH=/root/ros_workspace/install/turtlebot3_msgs:/opt/ros/jazzy/opt/gz_sim_vendor:/opt/ros/jazzy/opt/gz_sensors_vendor:/opt/ros/jazzy/opt/gz_physics_vendor:/opt/ros/jazzy/opt/sdformat_vendor:/opt/ros/jazzy/opt/gz_gui_vendor:/opt/ros/jazzy/opt/gz_transport_vendor:/opt/ros/jazzy/opt/gz_rendering_vendor:/opt/ros/jazzy/opt/gz_plugin_vendor:/opt/ros/jazzy/opt/gz_fuel_tools_vendor:/opt/ros/jazzy/opt/gz_msgs_vendor:/opt/ros/jazzy/opt/gz_common_vendor:/opt/ros/jazzy/opt/gz_math_vendor:/opt/ros/jazzy/opt/gz_utils_vendor:/opt/ros/jazzy/opt/gz_tools_vendor:/opt/ros/jazzy/opt/gz_ogre_next_vendor:/opt/ros/jazzy/opt/gz_dartsim_vendor:/opt/ros/jazzy/opt/gz_cmake_vendor:/opt/ros/jazzy LD_LIBRARY_PATH=/root/ros_workspace/install/turtlebot3_msgs/lib:${LD_LIBRARY_PATH} PYTHONPATH=/root/ros_workspace/install/turtlebot3_msgs/lib/python3.12/site-packages:${PYTHONPATH} /usr/bin/cmake /root/ros_workspace/src/turtlebot3_simulations/turtlebot3_fake_node -DCMAKE_INSTALL_PREFIX=/root/ros_workspace/install/turtlebot3_fake_node
[0.629s] -- Found ament_cmake: 2.5.4 (/opt/ros/jazzy/share/ament_cmake/cmake)
[1.253s] -- Override CMake install command with custom implementation using symlinks instead of copying resources
[1.267s] -- Found geometry_msgs: 5.3.6 (/opt/ros/jazzy/share/geometry_msgs/cmake)
[1.322s] -- Found rosidl_generator_c: 4.6.6 (/opt/ros/jazzy/share/rosidl_generator_c/cmake)
[1.350s] -- Found rosidl_generator_cpp: 4.6.6 (/opt/ros/jazzy/share/rosidl_generator_cpp/cmake)
[1.379s] -- Using all available rosidl_typesupport_c: rosidl_typesupport_fastrtps_c;rosidl_typesupport_introspection_c
[1.408s] -- Using all available rosidl_typesupport_cpp: rosidl_typesupport_fastrtps_cpp;rosidl_typesupport_introspection_cpp
[1.498s] -- Found nav_msgs: 5.3.6 (/opt/ros/jazzy/share/nav_msgs/cmake)
[1.592s] -- Found rclcpp: 28.1.12 (/opt/ros/jazzy/share/rclcpp/cmake)
[1.688s] -- Found rmw_implementation_cmake: 7.3.2 (/opt/ros/jazzy/share/rmw_implementation_cmake/cmake)
[1.691s] -- Found rmw_fastrtps_cpp: 8.4.3 (/opt/ros/jazzy/share/rmw_fastrtps_cpp/cmake)
[1.858s] -- Using RMW implementation 'rmw_fastrtps_cpp' as default
[2.042s] -- Found sensor_msgs: 5.3.6 (/opt/ros/jazzy/share/sensor_msgs/cmake)
[2.095s] -- Found tf2: 0.36.14 (/opt/ros/jazzy/share/tf2/cmake)
[2.104s] -- Found tf2_msgs: 0.36.14 (/opt/ros/jazzy/share/tf2_msgs/cmake)
[2.246s] -- Found turtlebot3_msgs: 2.4.0 (/root/ros_workspace/install/turtlebot3_msgs/share/turtlebot3_msgs/cmake)
[2.543s] -- Configuring done (1.9s)
[2.587s] -- Generating done (0.0s)
[2.598s] -- Build files have been written to: /root/ros_workspace/build/turtlebot3_fake_node
[2.611s] Invoked command in '/root/ros_workspace/build/turtlebot3_fake_node' returned '0': AMENT_PREFIX_PATH=/root/ros_workspace/install/turtlebot3_msgs:${AMENT_PREFIX_PATH} CMAKE_PREFIX_PATH=/root/ros_workspace/install/turtlebot3_msgs:/opt/ros/jazzy/opt/gz_sim_vendor:/opt/ros/jazzy/opt/gz_sensors_vendor:/opt/ros/jazzy/opt/gz_physics_vendor:/opt/ros/jazzy/opt/sdformat_vendor:/opt/ros/jazzy/opt/gz_gui_vendor:/opt/ros/jazzy/opt/gz_transport_vendor:/opt/ros/jazzy/opt/gz_rendering_vendor:/opt/ros/jazzy/opt/gz_plugin_vendor:/opt/ros/jazzy/opt/gz_fuel_tools_vendor:/opt/ros/jazzy/opt/gz_msgs_vendor:/opt/ros/jazzy/opt/gz_common_vendor:/opt/ros/jazzy/opt/gz_math_vendor:/opt/ros/jazzy/opt/gz_utils_vendor:/opt/ros/jazzy/opt/gz_tools_vendor:/opt/ros/jazzy/opt/gz_ogre_next_vendor:/opt/ros/jazzy/opt/gz_dartsim_vendor:/opt/ros/jazzy/opt/gz_cmake_vendor:/opt/ros/jazzy LD_LIBRARY_PATH=/root/ros_workspace/install/turtlebot3_msgs/lib:${LD_LIBRARY_PATH} PYTHONPATH=/root/ros_workspace/install/turtlebot3_msgs/lib/python3.12/site-packages:${PYTHONPATH} /usr/bin/cmake /root/ros_workspace/src/turtlebot3_simulations/turtlebot3_fake_node -DCMAKE_INSTALL_PREFIX=/root/ros_workspace/install/turtlebot3_fake_node
[2.614s] Invoking command in '/root/ros_workspace/build/turtlebot3_fake_node': AMENT_PREFIX_PATH=/root/ros_workspace/install/turtlebot3_msgs:${AMENT_PREFIX_PATH} CMAKE_PREFIX_PATH=/root/ros_workspace/install/turtlebot3_msgs:/opt/ros/jazzy/opt/gz_sim_vendor:/opt/ros/jazzy/opt/gz_sensors_vendor:/opt/ros/jazzy/opt/gz_physics_vendor:/opt/ros/jazzy/opt/sdformat_vendor:/opt/ros/jazzy/opt/gz_gui_vendor:/opt/ros/jazzy/opt/gz_transport_vendor:/opt/ros/jazzy/opt/gz_rendering_vendor:/opt/ros/jazzy/opt/gz_plugin_vendor:/opt/ros/jazzy/opt/gz_fuel_tools_vendor:/opt/ros/jazzy/opt/gz_msgs_vendor:/opt/ros/jazzy/opt/gz_common_vendor:/opt/ros/jazzy/opt/gz_math_vendor:/opt/ros/jazzy/opt/gz_utils_vendor:/opt/ros/jazzy/opt/gz_tools_vendor:/opt/ros/jazzy/opt/gz_ogre_next_vendor:/opt/ros/jazzy/opt/gz_dartsim_vendor:/opt/ros/jazzy/opt/gz_cmake_vendor:/opt/ros/jazzy LD_LIBRARY_PATH=/root/ros_workspace/install/turtlebot3_msgs/lib:${LD_LIBRARY_PATH} PYTHONPATH=/root/ros_workspace/install/turtlebot3_msgs/lib/python3.12/site-packages:${PYTHONPATH} /usr/bin/cmake --build /root/ros_workspace/build/turtlebot3_fake_node -- -j12 -l12
[2.729s] [100%] Built target turtlebot3_fake_node
[2.770s] Invoked command in '/root/ros_workspace/build/turtlebot3_fake_node' returned '0': AMENT_PREFIX_PATH=/root/ros_workspace/install/turtlebot3_msgs:${AMENT_PREFIX_PATH} CMAKE_PREFIX_PATH=/root/ros_workspace/install/turtlebot3_msgs:/opt/ros/jazzy/opt/gz_sim_vendor:/opt/ros/jazzy/opt/gz_sensors_vendor:/opt/ros/jazzy/opt/gz_physics_vendor:/opt/ros/jazzy/opt/sdformat_vendor:/opt/ros/jazzy/opt/gz_gui_vendor:/opt/ros/jazzy/opt/gz_transport_vendor:/opt/ros/jazzy/opt/gz_rendering_vendor:/opt/ros/jazzy/opt/gz_plugin_vendor:/opt/ros/jazzy/opt/gz_fuel_tools_vendor:/opt/ros/jazzy/opt/gz_msgs_vendor:/opt/ros/jazzy/opt/gz_common_vendor:/opt/ros/jazzy/opt/gz_math_vendor:/opt/ros/jazzy/opt/gz_utils_vendor:/opt/ros/jazzy/opt/gz_tools_vendor:/opt/ros/jazzy/opt/gz_ogre_next_vendor:/opt/ros/jazzy/opt/gz_dartsim_vendor:/opt/ros/jazzy/opt/gz_cmake_vendor:/opt/ros/jazzy LD_LIBRARY_PATH=/root/ros_workspace/install/turtlebot3_msgs/lib:${LD_LIBRARY_PATH} PYTHONPATH=/root/ros_workspace/install/turtlebot3_msgs/lib/python3.12/site-packages:${PYTHONPATH} /usr/bin/cmake --build /root/ros_workspace/build/turtlebot3_fake_node -- -j12 -l12
[2.773s] Invoking command in '/root/ros_workspace/build/turtlebot3_fake_node': AMENT_PREFIX_PATH=/root/ros_workspace/install/turtlebot3_msgs:${AMENT_PREFIX_PATH} CMAKE_PREFIX_PATH=/root/ros_workspace/install/turtlebot3_msgs:/opt/ros/jazzy/opt/gz_sim_vendor:/opt/ros/jazzy/opt/gz_sensors_vendor:/opt/ros/jazzy/opt/gz_physics_vendor:/opt/ros/jazzy/opt/sdformat_vendor:/opt/ros/jazzy/opt/gz_gui_vendor:/opt/ros/jazzy/opt/gz_transport_vendor:/opt/ros/jazzy/opt/gz_rendering_vendor:/opt/ros/jazzy/opt/gz_plugin_vendor:/opt/ros/jazzy/opt/gz_fuel_tools_vendor:/opt/ros/jazzy/opt/gz_msgs_vendor:/opt/ros/jazzy/opt/gz_common_vendor:/opt/ros/jazzy/opt/gz_math_vendor:/opt/ros/jazzy/opt/gz_utils_vendor:/opt/ros/jazzy/opt/gz_tools_vendor:/opt/ros/jazzy/opt/gz_ogre_next_vendor:/opt/ros/jazzy/opt/gz_dartsim_vendor:/opt/ros/jazzy/opt/gz_cmake_vendor:/opt/ros/jazzy LD_LIBRARY_PATH=/root/ros_workspace/install/turtlebot3_msgs/lib:${LD_LIBRARY_PATH} PYTHONPATH=/root/ros_workspace/install/turtlebot3_msgs/lib/python3.12/site-packages:${PYTHONPATH} /usr/bin/cmake --install /root/ros_workspace/build/turtlebot3_fake_node
[2.788s] -- Install configuration: ""
[2.789s] -- Execute custom install script
[2.789s] -- Up-to-date symlink: /root/ros_workspace/install/turtlebot3_fake_node/lib/turtlebot3_fake_node/turtlebot3_fake_node
[2.790s] -- Up-to-date symlink: /root/ros_workspace/install/turtlebot3_fake_node/share/turtlebot3_fake_node/launch/rviz2.launch.py
[2.791s] -- Up-to-date symlink: /root/ros_workspace/install/turtlebot3_fake_node/share/turtlebot3_fake_node/launch/turtlebot3_fake_node.launch.py
[2.791s] -- Up-to-date symlink: /root/ros_workspace/install/turtlebot3_fake_node/share/turtlebot3_fake_node/param/burger.yaml
[2.791s] -- Up-to-date symlink: /root/ros_workspace/install/turtlebot3_fake_node/share/turtlebot3_fake_node/param/waffle.yaml
[2.792s] -- Up-to-date symlink: /root/ros_workspace/install/turtlebot3_fake_node/share/turtlebot3_fake_node/param/waffle_pi.yaml
[2.792s] -- Up-to-date symlink: /root/ros_workspace/install/turtlebot3_fake_node/include//turtlebot3_fake_node/turtlebot3_fake_node.hpp
[2.793s] -- Up-to-date symlink: /root/ros_workspace/install/turtlebot3_fake_node/share/ament_index/resource_index/package_run_dependencies/turtlebot3_fake_node
[2.794s] -- Up-to-date symlink: /root/ros_workspace/install/turtlebot3_fake_node/share/ament_index/resource_index/parent_prefix_path/turtlebot3_fake_node
[2.794s] -- Up-to-date symlink: /root/ros_workspace/install/turtlebot3_fake_node/share/turtlebot3_fake_node/environment/ament_prefix_path.sh
[2.794s] -- Up-to-date symlink: /root/ros_workspace/install/turtlebot3_fake_node/share/turtlebot3_fake_node/environment/ament_prefix_path.dsv
[2.794s] -- Up-to-date symlink: /root/ros_workspace/install/turtlebot3_fake_node/share/turtlebot3_fake_node/environment/path.sh
[2.795s] -- Up-to-date symlink: /root/ros_workspace/install/turtlebot3_fake_node/share/turtlebot3_fake_node/environment/path.dsv
[2.795s] -- Up-to-date symlink: /root/ros_workspace/install/turtlebot3_fake_node/share/turtlebot3_fake_node/local_setup.bash
[2.796s] -- Up-to-date symlink: /root/ros_workspace/install/turtlebot3_fake_node/share/turtlebot3_fake_node/local_setup.sh
[2.796s] -- Up-to-date symlink: /root/ros_workspace/install/turtlebot3_fake_node/share/turtlebot3_fake_node/local_setup.zsh
[2.796s] -- Up-to-date symlink: /root/ros_workspace/install/turtlebot3_fake_node/share/turtlebot3_fake_node/local_setup.dsv
[2.798s] -- Symlinking: /root/ros_workspace/install/turtlebot3_fake_node/share/turtlebot3_fake_node/package.dsv
[2.817s] -- Up-to-date symlink: /root/ros_workspace/install/turtlebot3_fake_node/share/ament_index/resource_index/packages/turtlebot3_fake_node
[2.818s] -- Up-to-date symlink: /root/ros_workspace/install/turtlebot3_fake_node/share/turtlebot3_fake_node/cmake/ament_cmake_export_include_directories-extras.cmake
[2.818s] -- Up-to-date symlink: /root/ros_workspace/install/turtlebot3_fake_node/share/turtlebot3_fake_node/cmake/ament_cmake_export_dependencies-extras.cmake
[2.819s] -- Up-to-date symlink: /root/ros_workspace/install/turtlebot3_fake_node/share/turtlebot3_fake_node/cmake/turtlebot3_fake_nodeConfig.cmake
[2.819s] -- Up-to-date symlink: /root/ros_workspace/install/turtlebot3_fake_node/share/turtlebot3_fake_node/cmake/turtlebot3_fake_nodeConfig-version.cmake
[2.820s] -- Up-to-date symlink: /root/ros_workspace/install/turtlebot3_fake_node/share/turtlebot3_fake_node/package.xml
[2.837s] Invoked command in '/root/ros_workspace/build/turtlebot3_fake_node' returned '0': AMENT_PREFIX_PATH=/root/ros_workspace/install/turtlebot3_msgs:${AMENT_PREFIX_PATH} CMAKE_PREFIX_PATH=/root/ros_workspace/install/turtlebot3_msgs:/opt/ros/jazzy/opt/gz_sim_vendor:/opt/ros/jazzy/opt/gz_sensors_vendor:/opt/ros/jazzy/opt/gz_physics_vendor:/opt/ros/jazzy/opt/sdformat_vendor:/opt/ros/jazzy/opt/gz_gui_vendor:/opt/ros/jazzy/opt/gz_transport_vendor:/opt/ros/jazzy/opt/gz_rendering_vendor:/opt/ros/jazzy/opt/gz_plugin_vendor:/opt/ros/jazzy/opt/gz_fuel_tools_vendor:/opt/ros/jazzy/opt/gz_msgs_vendor:/opt/ros/jazzy/opt/gz_common_vendor:/opt/ros/jazzy/opt/gz_math_vendor:/opt/ros/jazzy/opt/gz_utils_vendor:/opt/ros/jazzy/opt/gz_tools_vendor:/opt/ros/jazzy/opt/gz_ogre_next_vendor:/opt/ros/jazzy/opt/gz_dartsim_vendor:/opt/ros/jazzy/opt/gz_cmake_vendor:/opt/ros/jazzy LD_LIBRARY_PATH=/root/ros_workspace/install/turtlebot3_msgs/lib:${LD_LIBRARY_PATH} PYTHONPATH=/root/ros_workspace/install/turtlebot3_msgs/lib/python3.12/site-packages:${PYTHONPATH} /usr/bin/cmake --install /root/ros_workspace/build/turtlebot3_fake_node
