running develop
running egg_info
creating turtlebot3_teleop.egg-info
writing turtlebot3_teleop.egg-info/PKG-INFO
writing dependency_links to turtlebot3_teleop.egg-info/dependency_links.txt
writing entry points to turtlebot3_teleop.egg-info/entry_points.txt
writing requirements to turtlebot3_teleop.egg-info/requires.txt
writing top-level names to turtlebot3_teleop.egg-info/top_level.txt
writing manifest file 'turtlebot3_teleop.egg-info/SOURCES.txt'
reading manifest file 'turtlebot3_teleop.egg-info/SOURCES.txt'
writing manifest file 'turtlebot3_teleop.egg-info/SOURCES.txt'
running build_ext
Creating /root/ros_workspace/install/turtlebot3_teleop/lib/python3.12/site-packages/turtlebot3-teleop.egg-link (link to .)
Installing teleop_keyboard script to /root/ros_workspace/install/turtlebot3_teleop/lib/turtlebot3_teleop

Installed /root/ros_workspace/build/turtlebot3_teleop
running symlink_data
creating /root/ros_workspace/install/turtlebot3_teleop/share/ament_index
creating /root/ros_workspace/install/turtlebot3_teleop/share/ament_index/resource_index
creating /root/ros_workspace/install/turtlebot3_teleop/share/ament_index/resource_index/packages
error: [Errno 2] No such file or directory: '/root/ros_workspace/install/turtlebot3_teleop/share/ament_index/resource_index/packages/turtlebot3_teleop'
