[0.130s] Invoking command in '/root/ros_workspace/build/turtlebot3_msgs': CMAKE_PREFIX_PATH=${CMAKE_PREFIX_PATH}:/opt/ros/jazzy /usr/bin/cmake /root/ros_workspace/src/turtlebot3_msgs -DCMAKE_INSTALL_PREFIX=/root/ros_workspace/install/turtlebot3_msgs
[0.189s] -- Found action_msgs: 2.0.3 (/opt/ros/jazzy/share/action_msgs/cmake)
[0.312s] -- Found Python3: /usr/bin/python3 (found version "3.12.3") found components: Interpreter 
[0.764s] -- Override CMake install command with custom implementation using symlinks instead of copying resources
[0.917s] -- Found rosidl_generator_c: 4.6.6 (/opt/ros/jazzy/share/rosidl_generator_c/cmake)
[0.945s] -- Found rosidl_generator_cpp: 4.6.6 (/opt/ros/jazzy/share/rosidl_generator_cpp/cmake)
[0.997s] -- Using all available rosidl_typesupport_c: rosidl_typesupport_fastrtps_c;rosidl_typesupport_introspection_c
[1.056s] -- Using all available rosidl_typesupport_cpp: rosidl_typesupport_fastrtps_cpp;rosidl_typesupport_introspection_cpp
[1.206s] -- Found rosidl_default_generators: 1.6.0 (/opt/ros/jazzy/share/rosidl_default_generators/cmake)
[1.232s] -- Found rosidl_adapter: 4.6.6 (/opt/ros/jazzy/share/rosidl_adapter/cmake)
[1.232s] -- Found std_msgs: 5.3.6 (/opt/ros/jazzy/share/std_msgs/cmake)
[1.274s] -- Found geometry_msgs: 5.3.6 (/opt/ros/jazzy/share/geometry_msgs/cmake)
[2.293s] -- Found ament_cmake_cppcheck: 0.17.3 (/opt/ros/jazzy/share/ament_cmake_cppcheck/cmake)
[2.295s] -- Found ament_cmake_cpplint: 0.17.3 (/opt/ros/jazzy/share/ament_cmake_cpplint/cmake)
[2.297s] -- Found ament_cmake_uncrustify: 0.17.3 (/opt/ros/jazzy/share/ament_cmake_uncrustify/cmake)
[2.301s] -- Found ament_cmake_ros: 0.12.0 (/opt/ros/jazzy/share/ament_cmake_ros/cmake)
[3.071s] -- Using all available rosidl_typesupport_c: rosidl_typesupport_fastrtps_c;rosidl_typesupport_introspection_c
[3.388s] -- Using all available rosidl_typesupport_cpp: rosidl_typesupport_fastrtps_cpp;rosidl_typesupport_introspection_cpp
[3.398s] -- Found python_cmake_module: 0.11.1 (/opt/ros/jazzy/share/python_cmake_module/cmake)
[4.169s] -- Found Python3: /usr/bin/python3 (found version "3.12.3") found components: Interpreter Development NumPy Development.Module Development.Embed 
[4.258s] -- Found ament_cmake_flake8: 0.17.3 (/opt/ros/jazzy/share/ament_cmake_flake8/cmake)
[4.260s] -- Found ament_cmake_pep257: 0.17.3 (/opt/ros/jazzy/share/ament_cmake_pep257/cmake)
[4.298s] -- Configuring done (4.1s)
[4.498s] -- Generating done (0.2s)
[4.546s] -- Build files have been written to: /root/ros_workspace/build/turtlebot3_msgs
[4.579s] Invoked command in '/root/ros_workspace/build/turtlebot3_msgs' returned '0': CMAKE_PREFIX_PATH=${CMAKE_PREFIX_PATH}:/opt/ros/jazzy /usr/bin/cmake /root/ros_workspace/src/turtlebot3_msgs -DCMAKE_INSTALL_PREFIX=/root/ros_workspace/install/turtlebot3_msgs
[4.581s] Invoking command in '/root/ros_workspace/build/turtlebot3_msgs': CMAKE_PREFIX_PATH=${CMAKE_PREFIX_PATH}:/opt/ros/jazzy /usr/bin/cmake --build /root/ros_workspace/build/turtlebot3_msgs -- -j8 -l8
[4.763s] [  1%] Built target turtlebot3_msgs__rosidl_generator_type_description
[4.798s] [  1%] Built target ament_cmake_python_symlink_turtlebot3_msgs
[4.853s] [  2%] Built target turtlebot3_msgs__cpp
[4.890s] [ 26%] Built target turtlebot3_msgs__rosidl_generator_c
[5.047s] [ 36%] Built target turtlebot3_msgs__rosidl_typesupport_cpp
[5.055s] [ 45%] Built target turtlebot3_msgs__rosidl_typesupport_fastrtps_c
[5.072s] [ 55%] Built target turtlebot3_msgs__rosidl_typesupport_introspection_c
[5.092s] [ 64%] Built target turtlebot3_msgs__rosidl_typesupport_c
[5.093s] [ 74%] Built target turtlebot3_msgs__rosidl_typesupport_introspection_cpp
[5.102s] [ 84%] Built target turtlebot3_msgs__rosidl_typesupport_fastrtps_cpp
[5.184s] [ 84%] Built target turtlebot3_msgs
[5.261s] [ 85%] Built target turtlebot3_msgs__py
[5.342s] running egg_info
[5.358s] [ 93%] Built target turtlebot3_msgs__rosidl_generator_py
[5.388s] writing turtlebot3_msgs.egg-info/PKG-INFO
[5.392s] writing dependency_links to turtlebot3_msgs.egg-info/dependency_links.txt
[5.392s] writing top-level names to turtlebot3_msgs.egg-info/top_level.txt
[5.441s] [ 97%] Built target turtlebot3_msgs_s__rosidl_typesupport_fastrtps_c
[5.441s] [ 97%] Built target turtlebot3_msgs_s__rosidl_typesupport_introspection_c
[5.448s] [100%] Built target turtlebot3_msgs_s__rosidl_typesupport_c
[5.487s] reading manifest file 'turtlebot3_msgs.egg-info/SOURCES.txt'
[5.489s] writing manifest file 'turtlebot3_msgs.egg-info/SOURCES.txt'
[5.609s] [100%] Built target ament_cmake_python_build_turtlebot3_msgs_egg
[5.658s] Invoked command in '/root/ros_workspace/build/turtlebot3_msgs' returned '0': CMAKE_PREFIX_PATH=${CMAKE_PREFIX_PATH}:/opt/ros/jazzy /usr/bin/cmake --build /root/ros_workspace/build/turtlebot3_msgs -- -j8 -l8
[5.660s] Invoking command in '/root/ros_workspace/build/turtlebot3_msgs': CMAKE_PREFIX_PATH=${CMAKE_PREFIX_PATH}:/opt/ros/jazzy /usr/bin/cmake --install /root/ros_workspace/build/turtlebot3_msgs
[5.686s] -- Install configuration: ""
[5.688s] -- Execute custom install script
[5.694s] -- Symlinking: /root/ros_workspace/install/turtlebot3_msgs/share/ament_index/resource_index/rosidl_interfaces/turtlebot3_msgs
[5.736s] -- Symlinking: /root/ros_workspace/install/turtlebot3_msgs/share/turtlebot3_msgs/msg/SensorState.json
[5.773s] -- Symlinking: /root/ros_workspace/install/turtlebot3_msgs/share/turtlebot3_msgs/msg/Sound.json
[5.847s] -- Symlinking: /root/ros_workspace/install/turtlebot3_msgs/share/turtlebot3_msgs/msg/VersionInfo.json
[5.910s] -- Symlinking: /root/ros_workspace/install/turtlebot3_msgs/share/turtlebot3_msgs/srv/Sound.json
[5.942s] -- Symlinking: /root/ros_workspace/install/turtlebot3_msgs/share/turtlebot3_msgs/srv/Dqn.json
[5.973s] -- Symlinking: /root/ros_workspace/install/turtlebot3_msgs/share/turtlebot3_msgs/srv/Goal.json
[6.021s] -- Symlinking: /root/ros_workspace/install/turtlebot3_msgs/share/turtlebot3_msgs/action/Patrol.json
[6.054s] -- Symlinking: /root/ros_workspace/install/turtlebot3_msgs/include/turtlebot3_msgs/turtlebot3_msgs/action/detail/patrol__functions.h
[6.083s] -- Symlinking: /root/ros_workspace/install/turtlebot3_msgs/include/turtlebot3_msgs/turtlebot3_msgs/action/detail/patrol__struct.h
[6.121s] -- Symlinking: /root/ros_workspace/install/turtlebot3_msgs/include/turtlebot3_msgs/turtlebot3_msgs/action/detail/patrol__type_support.h
[6.166s] -- Symlinking: /root/ros_workspace/install/turtlebot3_msgs/include/turtlebot3_msgs/turtlebot3_msgs/action/patrol.h
[6.199s] -- Symlinking: /root/ros_workspace/install/turtlebot3_msgs/include/turtlebot3_msgs/turtlebot3_msgs/msg/detail/sensor_state__functions.h
[6.224s] -- Symlinking: /root/ros_workspace/install/turtlebot3_msgs/include/turtlebot3_msgs/turtlebot3_msgs/msg/detail/sensor_state__struct.h
[6.301s] -- Symlinking: /root/ros_workspace/install/turtlebot3_msgs/include/turtlebot3_msgs/turtlebot3_msgs/msg/detail/sensor_state__type_support.h
[6.341s] -- Symlinking: /root/ros_workspace/install/turtlebot3_msgs/include/turtlebot3_msgs/turtlebot3_msgs/msg/detail/sound__functions.h
[6.376s] -- Symlinking: /root/ros_workspace/install/turtlebot3_msgs/include/turtlebot3_msgs/turtlebot3_msgs/msg/detail/sound__struct.h
[6.409s] -- Symlinking: /root/ros_workspace/install/turtlebot3_msgs/include/turtlebot3_msgs/turtlebot3_msgs/msg/detail/sound__type_support.h
[6.440s] -- Symlinking: /root/ros_workspace/install/turtlebot3_msgs/include/turtlebot3_msgs/turtlebot3_msgs/msg/detail/version_info__functions.h
[6.471s] -- Symlinking: /root/ros_workspace/install/turtlebot3_msgs/include/turtlebot3_msgs/turtlebot3_msgs/msg/detail/version_info__struct.h
[6.501s] -- Symlinking: /root/ros_workspace/install/turtlebot3_msgs/include/turtlebot3_msgs/turtlebot3_msgs/msg/detail/version_info__type_support.h
[6.528s] -- Symlinking: /root/ros_workspace/install/turtlebot3_msgs/include/turtlebot3_msgs/turtlebot3_msgs/msg/rosidl_generator_c__visibility_control.h
[6.555s] -- Symlinking: /root/ros_workspace/install/turtlebot3_msgs/include/turtlebot3_msgs/turtlebot3_msgs/msg/sensor_state.h
[6.583s] -- Symlinking: /root/ros_workspace/install/turtlebot3_msgs/include/turtlebot3_msgs/turtlebot3_msgs/msg/sound.h
[6.609s] -- Symlinking: /root/ros_workspace/install/turtlebot3_msgs/include/turtlebot3_msgs/turtlebot3_msgs/msg/version_info.h
[6.641s] -- Symlinking: /root/ros_workspace/install/turtlebot3_msgs/include/turtlebot3_msgs/turtlebot3_msgs/srv/detail/dqn__functions.h
[6.672s] -- Symlinking: /root/ros_workspace/install/turtlebot3_msgs/include/turtlebot3_msgs/turtlebot3_msgs/srv/detail/dqn__struct.h
[6.698s] -- Symlinking: /root/ros_workspace/install/turtlebot3_msgs/include/turtlebot3_msgs/turtlebot3_msgs/srv/detail/dqn__type_support.h
[6.724s] -- Symlinking: /root/ros_workspace/install/turtlebot3_msgs/include/turtlebot3_msgs/turtlebot3_msgs/srv/detail/goal__functions.h
[6.752s] -- Symlinking: /root/ros_workspace/install/turtlebot3_msgs/include/turtlebot3_msgs/turtlebot3_msgs/srv/detail/goal__struct.h
[6.782s] -- Symlinking: /root/ros_workspace/install/turtlebot3_msgs/include/turtlebot3_msgs/turtlebot3_msgs/srv/detail/goal__type_support.h
[6.810s] -- Symlinking: /root/ros_workspace/install/turtlebot3_msgs/include/turtlebot3_msgs/turtlebot3_msgs/srv/detail/sound__functions.h
[6.844s] -- Symlinking: /root/ros_workspace/install/turtlebot3_msgs/include/turtlebot3_msgs/turtlebot3_msgs/srv/detail/sound__struct.h
[6.874s] -- Symlinking: /root/ros_workspace/install/turtlebot3_msgs/include/turtlebot3_msgs/turtlebot3_msgs/srv/detail/sound__type_support.h
[6.902s] -- Symlinking: /root/ros_workspace/install/turtlebot3_msgs/include/turtlebot3_msgs/turtlebot3_msgs/srv/dqn.h
[6.931s] -- Symlinking: /root/ros_workspace/install/turtlebot3_msgs/include/turtlebot3_msgs/turtlebot3_msgs/srv/goal.h
[6.958s] -- Symlinking: /root/ros_workspace/install/turtlebot3_msgs/include/turtlebot3_msgs/turtlebot3_msgs/srv/sound.h
[6.988s] -- Symlinking: /root/ros_workspace/install/turtlebot3_msgs/share/turtlebot3_msgs/environment/library_path.sh
[7.017s] -- Symlinking: /root/ros_workspace/install/turtlebot3_msgs/share/turtlebot3_msgs/environment/library_path.dsv
[7.047s] -- Symlinking: /root/ros_workspace/install/turtlebot3_msgs/include/turtlebot3_msgs/turtlebot3_msgs/action/detail/patrol__rosidl_typesupport_fastrtps_c.h
[7.073s] -- Symlinking: /root/ros_workspace/install/turtlebot3_msgs/include/turtlebot3_msgs/turtlebot3_msgs/msg/detail/sensor_state__rosidl_typesupport_fastrtps_c.h
[7.100s] -- Symlinking: /root/ros_workspace/install/turtlebot3_msgs/include/turtlebot3_msgs/turtlebot3_msgs/msg/detail/sound__rosidl_typesupport_fastrtps_c.h
[7.132s] -- Symlinking: /root/ros_workspace/install/turtlebot3_msgs/include/turtlebot3_msgs/turtlebot3_msgs/msg/detail/version_info__rosidl_typesupport_fastrtps_c.h
[7.161s] -- Symlinking: /root/ros_workspace/install/turtlebot3_msgs/include/turtlebot3_msgs/turtlebot3_msgs/msg/rosidl_typesupport_fastrtps_c__visibility_control.h
[7.185s] -- Symlinking: /root/ros_workspace/install/turtlebot3_msgs/include/turtlebot3_msgs/turtlebot3_msgs/srv/detail/dqn__rosidl_typesupport_fastrtps_c.h
[7.209s] -- Symlinking: /root/ros_workspace/install/turtlebot3_msgs/include/turtlebot3_msgs/turtlebot3_msgs/srv/detail/goal__rosidl_typesupport_fastrtps_c.h
[7.237s] -- Symlinking: /root/ros_workspace/install/turtlebot3_msgs/include/turtlebot3_msgs/turtlebot3_msgs/srv/detail/sound__rosidl_typesupport_fastrtps_c.h
[7.266s] -- Symlinking: /root/ros_workspace/install/turtlebot3_msgs/include/turtlebot3_msgs/turtlebot3_msgs/action/detail/patrol__builder.hpp
[7.293s] -- Symlinking: /root/ros_workspace/install/turtlebot3_msgs/include/turtlebot3_msgs/turtlebot3_msgs/action/detail/patrol__struct.hpp
[7.322s] -- Symlinking: /root/ros_workspace/install/turtlebot3_msgs/include/turtlebot3_msgs/turtlebot3_msgs/action/detail/patrol__traits.hpp
[7.349s] -- Symlinking: /root/ros_workspace/install/turtlebot3_msgs/include/turtlebot3_msgs/turtlebot3_msgs/action/detail/patrol__type_support.hpp
[7.378s] -- Symlinking: /root/ros_workspace/install/turtlebot3_msgs/include/turtlebot3_msgs/turtlebot3_msgs/action/patrol.hpp
[7.404s] -- Symlinking: /root/ros_workspace/install/turtlebot3_msgs/include/turtlebot3_msgs/turtlebot3_msgs/msg/detail/sensor_state__builder.hpp
[7.434s] -- Symlinking: /root/ros_workspace/install/turtlebot3_msgs/include/turtlebot3_msgs/turtlebot3_msgs/msg/detail/sensor_state__struct.hpp
[7.459s] -- Symlinking: /root/ros_workspace/install/turtlebot3_msgs/include/turtlebot3_msgs/turtlebot3_msgs/msg/detail/sensor_state__traits.hpp
[7.487s] -- Symlinking: /root/ros_workspace/install/turtlebot3_msgs/include/turtlebot3_msgs/turtlebot3_msgs/msg/detail/sensor_state__type_support.hpp
[7.513s] -- Symlinking: /root/ros_workspace/install/turtlebot3_msgs/include/turtlebot3_msgs/turtlebot3_msgs/msg/detail/sound__builder.hpp
[7.539s] -- Symlinking: /root/ros_workspace/install/turtlebot3_msgs/include/turtlebot3_msgs/turtlebot3_msgs/msg/detail/sound__struct.hpp
[7.567s] -- Symlinking: /root/ros_workspace/install/turtlebot3_msgs/include/turtlebot3_msgs/turtlebot3_msgs/msg/detail/sound__traits.hpp
[7.597s] -- Symlinking: /root/ros_workspace/install/turtlebot3_msgs/include/turtlebot3_msgs/turtlebot3_msgs/msg/detail/sound__type_support.hpp
[7.625s] -- Symlinking: /root/ros_workspace/install/turtlebot3_msgs/include/turtlebot3_msgs/turtlebot3_msgs/msg/detail/version_info__builder.hpp
[7.652s] -- Symlinking: /root/ros_workspace/install/turtlebot3_msgs/include/turtlebot3_msgs/turtlebot3_msgs/msg/detail/version_info__struct.hpp
[7.682s] -- Symlinking: /root/ros_workspace/install/turtlebot3_msgs/include/turtlebot3_msgs/turtlebot3_msgs/msg/detail/version_info__traits.hpp
[7.716s] -- Symlinking: /root/ros_workspace/install/turtlebot3_msgs/include/turtlebot3_msgs/turtlebot3_msgs/msg/detail/version_info__type_support.hpp
[7.747s] -- Symlinking: /root/ros_workspace/install/turtlebot3_msgs/include/turtlebot3_msgs/turtlebot3_msgs/msg/rosidl_generator_cpp__visibility_control.hpp
[7.774s] -- Symlinking: /root/ros_workspace/install/turtlebot3_msgs/include/turtlebot3_msgs/turtlebot3_msgs/msg/sensor_state.hpp
[7.805s] -- Symlinking: /root/ros_workspace/install/turtlebot3_msgs/include/turtlebot3_msgs/turtlebot3_msgs/msg/sound.hpp
[7.839s] -- Symlinking: /root/ros_workspace/install/turtlebot3_msgs/include/turtlebot3_msgs/turtlebot3_msgs/msg/version_info.hpp
[7.868s] -- Symlinking: /root/ros_workspace/install/turtlebot3_msgs/include/turtlebot3_msgs/turtlebot3_msgs/srv/detail/dqn__builder.hpp
[7.897s] -- Symlinking: /root/ros_workspace/install/turtlebot3_msgs/include/turtlebot3_msgs/turtlebot3_msgs/srv/detail/dqn__struct.hpp
[7.925s] -- Symlinking: /root/ros_workspace/install/turtlebot3_msgs/include/turtlebot3_msgs/turtlebot3_msgs/srv/detail/dqn__traits.hpp
[7.952s] -- Symlinking: /root/ros_workspace/install/turtlebot3_msgs/include/turtlebot3_msgs/turtlebot3_msgs/srv/detail/dqn__type_support.hpp
[7.977s] -- Symlinking: /root/ros_workspace/install/turtlebot3_msgs/include/turtlebot3_msgs/turtlebot3_msgs/srv/detail/goal__builder.hpp
[8.004s] -- Symlinking: /root/ros_workspace/install/turtlebot3_msgs/include/turtlebot3_msgs/turtlebot3_msgs/srv/detail/goal__struct.hpp
[8.030s] -- Symlinking: /root/ros_workspace/install/turtlebot3_msgs/include/turtlebot3_msgs/turtlebot3_msgs/srv/detail/goal__traits.hpp
[8.059s] -- Symlinking: /root/ros_workspace/install/turtlebot3_msgs/include/turtlebot3_msgs/turtlebot3_msgs/srv/detail/goal__type_support.hpp
[8.084s] -- Symlinking: /root/ros_workspace/install/turtlebot3_msgs/include/turtlebot3_msgs/turtlebot3_msgs/srv/detail/sound__builder.hpp
[8.110s] -- Symlinking: /root/ros_workspace/install/turtlebot3_msgs/include/turtlebot3_msgs/turtlebot3_msgs/srv/detail/sound__struct.hpp
[8.135s] -- Symlinking: /root/ros_workspace/install/turtlebot3_msgs/include/turtlebot3_msgs/turtlebot3_msgs/srv/detail/sound__traits.hpp
[8.158s] -- Symlinking: /root/ros_workspace/install/turtlebot3_msgs/include/turtlebot3_msgs/turtlebot3_msgs/srv/detail/sound__type_support.hpp
[8.185s] -- Symlinking: /root/ros_workspace/install/turtlebot3_msgs/include/turtlebot3_msgs/turtlebot3_msgs/srv/dqn.hpp
[8.212s] -- Symlinking: /root/ros_workspace/install/turtlebot3_msgs/include/turtlebot3_msgs/turtlebot3_msgs/srv/goal.hpp
[8.239s] -- Symlinking: /root/ros_workspace/install/turtlebot3_msgs/include/turtlebot3_msgs/turtlebot3_msgs/srv/sound.hpp
[8.266s] -- Symlinking: /root/ros_workspace/install/turtlebot3_msgs/include/turtlebot3_msgs/turtlebot3_msgs/action/detail/patrol__rosidl_typesupport_fastrtps_cpp.hpp
[8.291s] -- Symlinking: /root/ros_workspace/install/turtlebot3_msgs/include/turtlebot3_msgs/turtlebot3_msgs/msg/detail/sensor_state__rosidl_typesupport_fastrtps_cpp.hpp
[8.331s] -- Symlinking: /root/ros_workspace/install/turtlebot3_msgs/include/turtlebot3_msgs/turtlebot3_msgs/msg/detail/sound__rosidl_typesupport_fastrtps_cpp.hpp
[8.348s] -- Symlinking: /root/ros_workspace/install/turtlebot3_msgs/include/turtlebot3_msgs/turtlebot3_msgs/msg/detail/version_info__rosidl_typesupport_fastrtps_cpp.hpp
[8.381s] -- Symlinking: /root/ros_workspace/install/turtlebot3_msgs/include/turtlebot3_msgs/turtlebot3_msgs/msg/rosidl_typesupport_fastrtps_cpp__visibility_control.h
[8.409s] -- Symlinking: /root/ros_workspace/install/turtlebot3_msgs/include/turtlebot3_msgs/turtlebot3_msgs/srv/detail/dqn__rosidl_typesupport_fastrtps_cpp.hpp
[8.435s] -- Symlinking: /root/ros_workspace/install/turtlebot3_msgs/include/turtlebot3_msgs/turtlebot3_msgs/srv/detail/goal__rosidl_typesupport_fastrtps_cpp.hpp
[8.460s] -- Symlinking: /root/ros_workspace/install/turtlebot3_msgs/include/turtlebot3_msgs/turtlebot3_msgs/srv/detail/sound__rosidl_typesupport_fastrtps_cpp.hpp
[8.487s] -- Symlinking: /root/ros_workspace/install/turtlebot3_msgs/include/turtlebot3_msgs/turtlebot3_msgs/action/detail/patrol__rosidl_typesupport_introspection_c.h
[8.512s] -- Symlinking: /root/ros_workspace/install/turtlebot3_msgs/include/turtlebot3_msgs/turtlebot3_msgs/msg/detail/sensor_state__rosidl_typesupport_introspection_c.h
[8.540s] -- Symlinking: /root/ros_workspace/install/turtlebot3_msgs/include/turtlebot3_msgs/turtlebot3_msgs/msg/detail/sound__rosidl_typesupport_introspection_c.h
[8.565s] -- Symlinking: /root/ros_workspace/install/turtlebot3_msgs/include/turtlebot3_msgs/turtlebot3_msgs/msg/detail/version_info__rosidl_typesupport_introspection_c.h
[8.591s] -- Symlinking: /root/ros_workspace/install/turtlebot3_msgs/include/turtlebot3_msgs/turtlebot3_msgs/msg/rosidl_typesupport_introspection_c__visibility_control.h
[8.616s] -- Symlinking: /root/ros_workspace/install/turtlebot3_msgs/include/turtlebot3_msgs/turtlebot3_msgs/srv/detail/dqn__rosidl_typesupport_introspection_c.h
[8.644s] -- Symlinking: /root/ros_workspace/install/turtlebot3_msgs/include/turtlebot3_msgs/turtlebot3_msgs/srv/detail/goal__rosidl_typesupport_introspection_c.h
[8.674s] -- Symlinking: /root/ros_workspace/install/turtlebot3_msgs/include/turtlebot3_msgs/turtlebot3_msgs/srv/detail/sound__rosidl_typesupport_introspection_c.h
[8.700s] -- Symlinking: /root/ros_workspace/install/turtlebot3_msgs/include/turtlebot3_msgs/turtlebot3_msgs/action/detail/patrol__rosidl_typesupport_introspection_cpp.hpp
[8.725s] -- Symlinking: /root/ros_workspace/install/turtlebot3_msgs/include/turtlebot3_msgs/turtlebot3_msgs/msg/detail/sensor_state__rosidl_typesupport_introspection_cpp.hpp
[8.751s] -- Symlinking: /root/ros_workspace/install/turtlebot3_msgs/include/turtlebot3_msgs/turtlebot3_msgs/msg/detail/sound__rosidl_typesupport_introspection_cpp.hpp
[8.807s] -- Symlinking: /root/ros_workspace/install/turtlebot3_msgs/include/turtlebot3_msgs/turtlebot3_msgs/msg/detail/version_info__rosidl_typesupport_introspection_cpp.hpp
[8.843s] -- Symlinking: /root/ros_workspace/install/turtlebot3_msgs/include/turtlebot3_msgs/turtlebot3_msgs/srv/detail/dqn__rosidl_typesupport_introspection_cpp.hpp
[8.870s] -- Symlinking: /root/ros_workspace/install/turtlebot3_msgs/include/turtlebot3_msgs/turtlebot3_msgs/srv/detail/goal__rosidl_typesupport_introspection_cpp.hpp
[8.895s] -- Symlinking: /root/ros_workspace/install/turtlebot3_msgs/include/turtlebot3_msgs/turtlebot3_msgs/srv/detail/sound__rosidl_typesupport_introspection_cpp.hpp
[8.920s] -- Symlinking: /root/ros_workspace/install/turtlebot3_msgs/share/turtlebot3_msgs/environment/pythonpath.sh
[8.945s] -- Symlinking: /root/ros_workspace/install/turtlebot3_msgs/share/turtlebot3_msgs/environment/pythonpath.dsv
[8.994s] -- Symlinking: /root/ros_workspace/install/turtlebot3_msgs/lib/python3.12/site-packages/turtlebot3_msgs-2.4.0-py3.12.egg-info/PKG-INFO
[9.021s] -- Symlinking: /root/ros_workspace/install/turtlebot3_msgs/lib/python3.12/site-packages/turtlebot3_msgs-2.4.0-py3.12.egg-info/SOURCES.txt
[9.049s] -- Symlinking: /root/ros_workspace/install/turtlebot3_msgs/lib/python3.12/site-packages/turtlebot3_msgs-2.4.0-py3.12.egg-info/dependency_links.txt
[9.078s] -- Symlinking: /root/ros_workspace/install/turtlebot3_msgs/lib/python3.12/site-packages/turtlebot3_msgs-2.4.0-py3.12.egg-info/top_level.txt
[9.131s] -- Symlinking: /root/ros_workspace/install/turtlebot3_msgs/lib/python3.12/site-packages/turtlebot3_msgs/__init__.py
[9.160s] -- Symlinking: /root/ros_workspace/install/turtlebot3_msgs/lib/python3.12/site-packages/turtlebot3_msgs/_turtlebot3_msgs_s.ep.rosidl_typesupport_c.c
[9.189s] -- Symlinking: /root/ros_workspace/install/turtlebot3_msgs/lib/python3.12/site-packages/turtlebot3_msgs/_turtlebot3_msgs_s.ep.rosidl_typesupport_fastrtps_c.c
[9.218s] -- Symlinking: /root/ros_workspace/install/turtlebot3_msgs/lib/python3.12/site-packages/turtlebot3_msgs/_turtlebot3_msgs_s.ep.rosidl_typesupport_introspection_c.c
[9.268s] -- Symlinking: /root/ros_workspace/install/turtlebot3_msgs/lib/python3.12/site-packages/turtlebot3_msgs/action/__init__.py
[9.296s] -- Symlinking: /root/ros_workspace/install/turtlebot3_msgs/lib/python3.12/site-packages/turtlebot3_msgs/action/_patrol.py
[9.325s] -- Symlinking: /root/ros_workspace/install/turtlebot3_msgs/lib/python3.12/site-packages/turtlebot3_msgs/action/_patrol_s.c
[9.350s] -- Symlinking: /root/ros_workspace/install/turtlebot3_msgs/lib/python3.12/site-packages/turtlebot3_msgs/msg/__init__.py
[9.375s] -- Symlinking: /root/ros_workspace/install/turtlebot3_msgs/lib/python3.12/site-packages/turtlebot3_msgs/msg/_sensor_state.py
[9.403s] -- Symlinking: /root/ros_workspace/install/turtlebot3_msgs/lib/python3.12/site-packages/turtlebot3_msgs/msg/_sensor_state_s.c
[9.430s] -- Symlinking: /root/ros_workspace/install/turtlebot3_msgs/lib/python3.12/site-packages/turtlebot3_msgs/msg/_sound.py
[9.457s] -- Symlinking: /root/ros_workspace/install/turtlebot3_msgs/lib/python3.12/site-packages/turtlebot3_msgs/msg/_sound_s.c
[9.484s] -- Symlinking: /root/ros_workspace/install/turtlebot3_msgs/lib/python3.12/site-packages/turtlebot3_msgs/msg/_version_info.py
[9.515s] -- Symlinking: /root/ros_workspace/install/turtlebot3_msgs/lib/python3.12/site-packages/turtlebot3_msgs/msg/_version_info_s.c
[9.545s] -- Symlinking: /root/ros_workspace/install/turtlebot3_msgs/lib/python3.12/site-packages/turtlebot3_msgs/srv/__init__.py
[9.572s] -- Symlinking: /root/ros_workspace/install/turtlebot3_msgs/lib/python3.12/site-packages/turtlebot3_msgs/srv/_dqn.py
[9.598s] -- Symlinking: /root/ros_workspace/install/turtlebot3_msgs/lib/python3.12/site-packages/turtlebot3_msgs/srv/_dqn_s.c
[9.624s] -- Symlinking: /root/ros_workspace/install/turtlebot3_msgs/lib/python3.12/site-packages/turtlebot3_msgs/srv/_goal.py
[9.676s] -- Symlinking: /root/ros_workspace/install/turtlebot3_msgs/lib/python3.12/site-packages/turtlebot3_msgs/srv/_goal_s.c
[9.724s] -- Symlinking: /root/ros_workspace/install/turtlebot3_msgs/lib/python3.12/site-packages/turtlebot3_msgs/srv/_sound.py
[9.760s] -- Symlinking: /root/ros_workspace/install/turtlebot3_msgs/lib/python3.12/site-packages/turtlebot3_msgs/srv/_sound_s.c
[9.788s] -- Symlinking: /root/ros_workspace/install/turtlebot3_msgs/lib/python3.12/site-packages/turtlebot3_msgs/turtlebot3_msgs_s__rosidl_typesupport_c.so
[9.824s] -- Symlinking: /root/ros_workspace/install/turtlebot3_msgs/lib/python3.12/site-packages/turtlebot3_msgs/turtlebot3_msgs_s__rosidl_typesupport_fastrtps_c.so
[9.851s] -- Symlinking: /root/ros_workspace/install/turtlebot3_msgs/lib/python3.12/site-packages/turtlebot3_msgs/turtlebot3_msgs_s__rosidl_typesupport_introspection_c.so
[9.880s] -- Up-to-date symlink: /root/ros_workspace/install/turtlebot3_msgs/lib/python3.12/site-packages/turtlebot3_msgs/turtlebot3_msgs_s__rosidl_typesupport_fastrtps_c.so
[9.880s] -- Up-to-date symlink: /root/ros_workspace/install/turtlebot3_msgs/lib/python3.12/site-packages/turtlebot3_msgs/turtlebot3_msgs_s__rosidl_typesupport_introspection_c.so
[9.881s] -- Up-to-date symlink: /root/ros_workspace/install/turtlebot3_msgs/lib/python3.12/site-packages/turtlebot3_msgs/turtlebot3_msgs_s__rosidl_typesupport_c.so
[9.882s] -- Symlinking: /root/ros_workspace/install/turtlebot3_msgs/share/turtlebot3_msgs/msg/SensorState.idl
[9.916s] -- Symlinking: /root/ros_workspace/install/turtlebot3_msgs/share/turtlebot3_msgs/msg/Sound.idl
[9.945s] -- Symlinking: /root/ros_workspace/install/turtlebot3_msgs/share/turtlebot3_msgs/msg/VersionInfo.idl
[9.975s] -- Symlinking: /root/ros_workspace/install/turtlebot3_msgs/share/turtlebot3_msgs/srv/Sound.idl
[10.002s] -- Symlinking: /root/ros_workspace/install/turtlebot3_msgs/share/turtlebot3_msgs/srv/Dqn.idl
[10.029s] -- Symlinking: /root/ros_workspace/install/turtlebot3_msgs/share/turtlebot3_msgs/srv/Goal.idl
[10.057s] -- Symlinking: /root/ros_workspace/install/turtlebot3_msgs/share/turtlebot3_msgs/action/Patrol.idl
[10.085s] -- Symlinking: /root/ros_workspace/install/turtlebot3_msgs/share/turtlebot3_msgs/msg/SensorState.msg
[10.114s] -- Symlinking: /root/ros_workspace/install/turtlebot3_msgs/share/turtlebot3_msgs/msg/Sound.msg
[10.141s] -- Symlinking: /root/ros_workspace/install/turtlebot3_msgs/share/turtlebot3_msgs/msg/VersionInfo.msg
[10.168s] -- Symlinking: /root/ros_workspace/install/turtlebot3_msgs/share/turtlebot3_msgs/srv/Sound.srv
[10.193s] -- Symlinking: /root/ros_workspace/install/turtlebot3_msgs/share/turtlebot3_msgs/srv/Dqn.srv
[10.217s] -- Symlinking: /root/ros_workspace/install/turtlebot3_msgs/share/turtlebot3_msgs/srv/Goal.srv
[10.240s] -- Symlinking: /root/ros_workspace/install/turtlebot3_msgs/share/turtlebot3_msgs/action/Patrol.action
[10.270s] -- Symlinking: /root/ros_workspace/install/turtlebot3_msgs/share/ament_index/resource_index/package_run_dependencies/turtlebot3_msgs
[10.299s] -- Symlinking: /root/ros_workspace/install/turtlebot3_msgs/share/ament_index/resource_index/parent_prefix_path/turtlebot3_msgs
[10.333s] -- Symlinking: /root/ros_workspace/install/turtlebot3_msgs/share/turtlebot3_msgs/environment/ament_prefix_path.sh
[10.363s] -- Symlinking: /root/ros_workspace/install/turtlebot3_msgs/share/turtlebot3_msgs/environment/ament_prefix_path.dsv
[10.401s] -- Symlinking: /root/ros_workspace/install/turtlebot3_msgs/share/turtlebot3_msgs/environment/path.sh
[10.454s] -- Symlinking: /root/ros_workspace/install/turtlebot3_msgs/share/turtlebot3_msgs/environment/path.dsv
[10.495s] -- Symlinking: /root/ros_workspace/install/turtlebot3_msgs/share/turtlebot3_msgs/local_setup.bash
[10.532s] -- Symlinking: /root/ros_workspace/install/turtlebot3_msgs/share/turtlebot3_msgs/local_setup.sh
[10.572s] -- Symlinking: /root/ros_workspace/install/turtlebot3_msgs/share/turtlebot3_msgs/local_setup.zsh
[10.607s] -- Symlinking: /root/ros_workspace/install/turtlebot3_msgs/share/turtlebot3_msgs/local_setup.dsv
[10.642s] -- Symlinking: /root/ros_workspace/install/turtlebot3_msgs/share/turtlebot3_msgs/package.dsv
[10.672s] -- Symlinking: /root/ros_workspace/install/turtlebot3_msgs/share/ament_index/resource_index/packages/turtlebot3_msgs
[10.704s] -- Symlinking: /root/ros_workspace/install/turtlebot3_msgs/share/turtlebot3_msgs/cmake/rosidl_cmake-extras.cmake
[10.729s] -- Symlinking: /root/ros_workspace/install/turtlebot3_msgs/share/turtlebot3_msgs/cmake/ament_cmake_export_dependencies-extras.cmake
[10.758s] -- Symlinking: /root/ros_workspace/install/turtlebot3_msgs/share/turtlebot3_msgs/cmake/ament_cmake_export_include_directories-extras.cmake
[10.785s] -- Symlinking: /root/ros_workspace/install/turtlebot3_msgs/share/turtlebot3_msgs/cmake/ament_cmake_export_libraries-extras.cmake
[10.815s] -- Symlinking: /root/ros_workspace/install/turtlebot3_msgs/share/turtlebot3_msgs/cmake/ament_cmake_export_targets-extras.cmake
[10.841s] -- Symlinking: /root/ros_workspace/install/turtlebot3_msgs/share/turtlebot3_msgs/cmake/rosidl_cmake_export_typesupport_targets-extras.cmake
[10.867s] -- Symlinking: /root/ros_workspace/install/turtlebot3_msgs/share/turtlebot3_msgs/cmake/rosidl_cmake_export_typesupport_libraries-extras.cmake
[10.893s] -- Symlinking: /root/ros_workspace/install/turtlebot3_msgs/share/turtlebot3_msgs/cmake/turtlebot3_msgsConfig.cmake
[10.920s] -- Symlinking: /root/ros_workspace/install/turtlebot3_msgs/share/turtlebot3_msgs/cmake/turtlebot3_msgsConfig-version.cmake
[10.946s] -- Symlinking: /root/ros_workspace/install/turtlebot3_msgs/share/turtlebot3_msgs/package.xml
[10.971s] -- Installing: /root/ros_workspace/install/turtlebot3_msgs/lib/libturtlebot3_msgs__rosidl_generator_c.so
[10.973s] -- Set non-toolchain portion of runtime path of "/root/ros_workspace/install/turtlebot3_msgs/lib/libturtlebot3_msgs__rosidl_generator_c.so" to ""
[10.973s] -- Installing: /root/ros_workspace/install/turtlebot3_msgs/lib/libturtlebot3_msgs__rosidl_typesupport_fastrtps_c.so
[10.974s] -- Set non-toolchain portion of runtime path of "/root/ros_workspace/install/turtlebot3_msgs/lib/libturtlebot3_msgs__rosidl_typesupport_fastrtps_c.so" to ""
[10.975s] -- Installing: /root/ros_workspace/install/turtlebot3_msgs/lib/libturtlebot3_msgs__rosidl_typesupport_fastrtps_cpp.so
[10.977s] -- Set non-toolchain portion of runtime path of "/root/ros_workspace/install/turtlebot3_msgs/lib/libturtlebot3_msgs__rosidl_typesupport_fastrtps_cpp.so" to ""
[10.978s] -- Installing: /root/ros_workspace/install/turtlebot3_msgs/lib/libturtlebot3_msgs__rosidl_typesupport_introspection_c.so
[10.979s] -- Set non-toolchain portion of runtime path of "/root/ros_workspace/install/turtlebot3_msgs/lib/libturtlebot3_msgs__rosidl_typesupport_introspection_c.so" to ""
[10.980s] -- Installing: /root/ros_workspace/install/turtlebot3_msgs/lib/libturtlebot3_msgs__rosidl_typesupport_c.so
[10.981s] -- Set non-toolchain portion of runtime path of "/root/ros_workspace/install/turtlebot3_msgs/lib/libturtlebot3_msgs__rosidl_typesupport_c.so" to ""
[10.982s] -- Installing: /root/ros_workspace/install/turtlebot3_msgs/lib/libturtlebot3_msgs__rosidl_typesupport_introspection_cpp.so
[10.985s] -- Set non-toolchain portion of runtime path of "/root/ros_workspace/install/turtlebot3_msgs/lib/libturtlebot3_msgs__rosidl_typesupport_introspection_cpp.so" to ""
[10.985s] -- Installing: /root/ros_workspace/install/turtlebot3_msgs/lib/libturtlebot3_msgs__rosidl_typesupport_cpp.so
[10.987s] -- Set non-toolchain portion of runtime path of "/root/ros_workspace/install/turtlebot3_msgs/lib/libturtlebot3_msgs__rosidl_typesupport_cpp.so" to ""
[11.113s] Listing '/root/ros_workspace/install/turtlebot3_msgs/lib/python3.12/site-packages/turtlebot3_msgs'...
[11.114s] Compiling '/root/ros_workspace/install/turtlebot3_msgs/lib/python3.12/site-packages/turtlebot3_msgs/__init__.py'...
[11.114s] Listing '/root/ros_workspace/install/turtlebot3_msgs/lib/python3.12/site-packages/turtlebot3_msgs/action'...
[11.114s] Compiling '/root/ros_workspace/install/turtlebot3_msgs/lib/python3.12/site-packages/turtlebot3_msgs/action/__init__.py'...
[11.114s] Compiling '/root/ros_workspace/install/turtlebot3_msgs/lib/python3.12/site-packages/turtlebot3_msgs/action/_patrol.py'...
[11.114s] Listing '/root/ros_workspace/install/turtlebot3_msgs/lib/python3.12/site-packages/turtlebot3_msgs/msg'...
[11.115s] Compiling '/root/ros_workspace/install/turtlebot3_msgs/lib/python3.12/site-packages/turtlebot3_msgs/msg/__init__.py'...
[11.115s] Compiling '/root/ros_workspace/install/turtlebot3_msgs/lib/python3.12/site-packages/turtlebot3_msgs/msg/_sensor_state.py'...
[11.115s] Compiling '/root/ros_workspace/install/turtlebot3_msgs/lib/python3.12/site-packages/turtlebot3_msgs/msg/_sound.py'...
[11.115s] Compiling '/root/ros_workspace/install/turtlebot3_msgs/lib/python3.12/site-packages/turtlebot3_msgs/msg/_version_info.py'...
[11.116s] Listing '/root/ros_workspace/install/turtlebot3_msgs/lib/python3.12/site-packages/turtlebot3_msgs/srv'...
[11.116s] Compiling '/root/ros_workspace/install/turtlebot3_msgs/lib/python3.12/site-packages/turtlebot3_msgs/srv/__init__.py'...
[11.116s] Compiling '/root/ros_workspace/install/turtlebot3_msgs/lib/python3.12/site-packages/turtlebot3_msgs/srv/_dqn.py'...
[11.116s] Compiling '/root/ros_workspace/install/turtlebot3_msgs/lib/python3.12/site-packages/turtlebot3_msgs/srv/_goal.py'...
[11.116s] Compiling '/root/ros_workspace/install/turtlebot3_msgs/lib/python3.12/site-packages/turtlebot3_msgs/srv/_sound.py'...
[11.128s] -- Installing: /root/ros_workspace/install/turtlebot3_msgs/lib/libturtlebot3_msgs__rosidl_generator_py.so
[11.130s] -- Set non-toolchain portion of runtime path of "/root/ros_workspace/install/turtlebot3_msgs/lib/libturtlebot3_msgs__rosidl_generator_py.so" to ""
[11.130s] -- Installing: /root/ros_workspace/install/turtlebot3_msgs/share/turtlebot3_msgs/cmake/export_turtlebot3_msgs__rosidl_generator_cExport.cmake
[11.131s] -- Installing: /root/ros_workspace/install/turtlebot3_msgs/share/turtlebot3_msgs/cmake/export_turtlebot3_msgs__rosidl_generator_cExport-noconfig.cmake
[11.131s] -- Installing: /root/ros_workspace/install/turtlebot3_msgs/share/turtlebot3_msgs/cmake/export_turtlebot3_msgs__rosidl_typesupport_fastrtps_cExport.cmake
[11.132s] -- Installing: /root/ros_workspace/install/turtlebot3_msgs/share/turtlebot3_msgs/cmake/export_turtlebot3_msgs__rosidl_typesupport_fastrtps_cExport-noconfig.cmake
[11.133s] -- Installing: /root/ros_workspace/install/turtlebot3_msgs/share/turtlebot3_msgs/cmake/export_turtlebot3_msgs__rosidl_generator_cppExport.cmake
[11.134s] -- Installing: /root/ros_workspace/install/turtlebot3_msgs/share/turtlebot3_msgs/cmake/export_turtlebot3_msgs__rosidl_typesupport_fastrtps_cppExport.cmake
[11.135s] -- Installing: /root/ros_workspace/install/turtlebot3_msgs/share/turtlebot3_msgs/cmake/export_turtlebot3_msgs__rosidl_typesupport_fastrtps_cppExport-noconfig.cmake
[11.136s] -- Installing: /root/ros_workspace/install/turtlebot3_msgs/share/turtlebot3_msgs/cmake/turtlebot3_msgs__rosidl_typesupport_introspection_cExport.cmake
[11.136s] -- Installing: /root/ros_workspace/install/turtlebot3_msgs/share/turtlebot3_msgs/cmake/turtlebot3_msgs__rosidl_typesupport_introspection_cExport-noconfig.cmake
[11.137s] -- Installing: /root/ros_workspace/install/turtlebot3_msgs/share/turtlebot3_msgs/cmake/turtlebot3_msgs__rosidl_typesupport_cExport.cmake
[11.138s] -- Installing: /root/ros_workspace/install/turtlebot3_msgs/share/turtlebot3_msgs/cmake/turtlebot3_msgs__rosidl_typesupport_cExport-noconfig.cmake
[11.138s] -- Installing: /root/ros_workspace/install/turtlebot3_msgs/share/turtlebot3_msgs/cmake/turtlebot3_msgs__rosidl_typesupport_introspection_cppExport.cmake
[11.138s] -- Installing: /root/ros_workspace/install/turtlebot3_msgs/share/turtlebot3_msgs/cmake/turtlebot3_msgs__rosidl_typesupport_introspection_cppExport-noconfig.cmake
[11.139s] -- Installing: /root/ros_workspace/install/turtlebot3_msgs/share/turtlebot3_msgs/cmake/turtlebot3_msgs__rosidl_typesupport_cppExport.cmake
[11.139s] -- Installing: /root/ros_workspace/install/turtlebot3_msgs/share/turtlebot3_msgs/cmake/turtlebot3_msgs__rosidl_typesupport_cppExport-noconfig.cmake
[11.140s] -- Installing: /root/ros_workspace/install/turtlebot3_msgs/share/turtlebot3_msgs/cmake/export_turtlebot3_msgs__rosidl_generator_pyExport.cmake
[11.140s] -- Installing: /root/ros_workspace/install/turtlebot3_msgs/share/turtlebot3_msgs/cmake/export_turtlebot3_msgs__rosidl_generator_pyExport-noconfig.cmake
[11.154s] Invoked command in '/root/ros_workspace/build/turtlebot3_msgs' returned '0': CMAKE_PREFIX_PATH=${CMAKE_PREFIX_PATH}:/opt/ros/jazzy /usr/bin/cmake --install /root/ros_workspace/build/turtlebot3_msgs
