[0.174s] Invoking command in '/root/ros_workspace/build/turtlebot3_bringup': AMENT_PREFIX_PATH=/root/ros_workspace/install/turtlebot3_node:/root/ros_workspace/install/turtlebot3_msgs:/root/ros_workspace/install/turtlebot3_description:/root/ros_workspace/install/dynamixel_sdk CMAKE_PREFIX_PATH=/root/ros_workspace/install/turtlebot3_node:/root/ros_workspace/install/turtlebot3_msgs:/root/ros_workspace/install/turtlebot3_description:/root/ros_workspace/install/dynamixel_sdk LD_LIBRARY_PATH=/root/ros_workspace/install/turtlebot3_msgs/lib:/root/ros_workspace/install/dynamixel_sdk/lib PYTHONPATH=/root/ros_workspace/install/turtlebot3_msgs/lib/python3.12/site-packages:/root/ros_workspace/install/dynamixel_sdk/lib/python3.12/site-packages /usr/bin/cmake --build /root/ros_workspace/build/turtlebot3_bringup -- -j12 -l12
[0.598s] Invoked command in '/root/ros_workspace/build/turtlebot3_bringup' returned '0': AMENT_PREFIX_PATH=/root/ros_workspace/install/turtlebot3_node:/root/ros_workspace/install/turtlebot3_msgs:/root/ros_workspace/install/turtlebot3_description:/root/ros_workspace/install/dynamixel_sdk CMAKE_PREFIX_PATH=/root/ros_workspace/install/turtlebot3_node:/root/ros_workspace/install/turtlebot3_msgs:/root/ros_workspace/install/turtlebot3_description:/root/ros_workspace/install/dynamixel_sdk LD_LIBRARY_PATH=/root/ros_workspace/install/turtlebot3_msgs/lib:/root/ros_workspace/install/dynamixel_sdk/lib PYTHONPATH=/root/ros_workspace/install/turtlebot3_msgs/lib/python3.12/site-packages:/root/ros_workspace/install/dynamixel_sdk/lib/python3.12/site-packages /usr/bin/cmake --build /root/ros_workspace/build/turtlebot3_bringup -- -j12 -l12
[0.607s] Invoking command in '/root/ros_workspace/build/turtlebot3_bringup': AMENT_PREFIX_PATH=/root/ros_workspace/install/turtlebot3_node:/root/ros_workspace/install/turtlebot3_msgs:/root/ros_workspace/install/turtlebot3_description:/root/ros_workspace/install/dynamixel_sdk CMAKE_PREFIX_PATH=/root/ros_workspace/install/turtlebot3_node:/root/ros_workspace/install/turtlebot3_msgs:/root/ros_workspace/install/turtlebot3_description:/root/ros_workspace/install/dynamixel_sdk LD_LIBRARY_PATH=/root/ros_workspace/install/turtlebot3_msgs/lib:/root/ros_workspace/install/dynamixel_sdk/lib PYTHONPATH=/root/ros_workspace/install/turtlebot3_msgs/lib/python3.12/site-packages:/root/ros_workspace/install/dynamixel_sdk/lib/python3.12/site-packages /usr/bin/cmake --install /root/ros_workspace/build/turtlebot3_bringup
[0.637s] -- Install configuration: ""
[0.637s] -- Execute custom install script
[0.637s] -- Up-to-date symlink: /root/ros_workspace/install/turtlebot3_bringup/share/turtlebot3_bringup/launch/camera.launch.py
[0.638s] -- Up-to-date symlink: /root/ros_workspace/install/turtlebot3_bringup/share/turtlebot3_bringup/launch/robot.launch.py
[0.638s] -- Up-to-date symlink: /root/ros_workspace/install/turtlebot3_bringup/share/turtlebot3_bringup/launch/rviz2.launch.py
[0.638s] -- Up-to-date symlink: /root/ros_workspace/install/turtlebot3_bringup/share/turtlebot3_bringup/launch/turtlebot3_state_publisher.launch.py
[0.639s] -- Up-to-date symlink: /root/ros_workspace/install/turtlebot3_bringup/share/turtlebot3_bringup/param/burger.yaml
[0.639s] -- Up-to-date symlink: /root/ros_workspace/install/turtlebot3_bringup/share/turtlebot3_bringup/param/humble/burger.yaml
[0.639s] -- Up-to-date symlink: /root/ros_workspace/install/turtlebot3_bringup/share/turtlebot3_bringup/param/humble/waffle.yaml
[0.641s] -- Up-to-date symlink: /root/ros_workspace/install/turtlebot3_bringup/share/turtlebot3_bringup/param/humble/waffle_pi.yaml
[0.642s] -- Up-to-date symlink: /root/ros_workspace/install/turtlebot3_bringup/share/turtlebot3_bringup/param/waffle.yaml
[0.658s] -- Up-to-date symlink: /root/ros_workspace/install/turtlebot3_bringup/share/turtlebot3_bringup/param/waffle_pi.yaml
[0.658s] -- Up-to-date symlink: /root/ros_workspace/install/turtlebot3_bringup/share/turtlebot3_bringup/script/99-turtlebot3-cdc.rules
[0.658s] -- Up-to-date symlink: /root/ros_workspace/install/turtlebot3_bringup/share/turtlebot3_bringup/script/create_udev_rules
[0.658s] -- Up-to-date symlink: /root/ros_workspace/install/turtlebot3_bringup/share/ament_index/resource_index/package_run_dependencies/turtlebot3_bringup
[0.659s] -- Up-to-date symlink: /root/ros_workspace/install/turtlebot3_bringup/share/ament_index/resource_index/parent_prefix_path/turtlebot3_bringup
[0.659s] -- Up-to-date symlink: /root/ros_workspace/install/turtlebot3_bringup/share/turtlebot3_bringup/environment/ament_prefix_path.sh
[0.659s] -- Up-to-date symlink: /root/ros_workspace/install/turtlebot3_bringup/share/turtlebot3_bringup/environment/ament_prefix_path.dsv
[0.659s] -- Up-to-date symlink: /root/ros_workspace/install/turtlebot3_bringup/share/turtlebot3_bringup/environment/path.sh
[0.659s] -- Up-to-date symlink: /root/ros_workspace/install/turtlebot3_bringup/share/turtlebot3_bringup/environment/path.dsv
[0.660s] -- Up-to-date symlink: /root/ros_workspace/install/turtlebot3_bringup/share/turtlebot3_bringup/local_setup.bash
[0.660s] -- Up-to-date symlink: /root/ros_workspace/install/turtlebot3_bringup/share/turtlebot3_bringup/local_setup.sh
[0.660s] -- Up-to-date symlink: /root/ros_workspace/install/turtlebot3_bringup/share/turtlebot3_bringup/local_setup.zsh
[0.660s] -- Up-to-date symlink: /root/ros_workspace/install/turtlebot3_bringup/share/turtlebot3_bringup/local_setup.dsv
[0.661s] -- Symlinking: /root/ros_workspace/install/turtlebot3_bringup/share/turtlebot3_bringup/package.dsv
[0.683s] -- Up-to-date symlink: /root/ros_workspace/install/turtlebot3_bringup/share/ament_index/resource_index/packages/turtlebot3_bringup
[0.685s] -- Up-to-date symlink: /root/ros_workspace/install/turtlebot3_bringup/share/turtlebot3_bringup/cmake/turtlebot3_bringupConfig.cmake
[0.686s] -- Up-to-date symlink: /root/ros_workspace/install/turtlebot3_bringup/share/turtlebot3_bringup/cmake/turtlebot3_bringupConfig-version.cmake
[0.686s] -- Up-to-date symlink: /root/ros_workspace/install/turtlebot3_bringup/share/turtlebot3_bringup/package.xml
[0.695s] Invoked command in '/root/ros_workspace/build/turtlebot3_bringup' returned '0': AMENT_PREFIX_PATH=/root/ros_workspace/install/turtlebot3_node:/root/ros_workspace/install/turtlebot3_msgs:/root/ros_workspace/install/turtlebot3_description:/root/ros_workspace/install/dynamixel_sdk CMAKE_PREFIX_PATH=/root/ros_workspace/install/turtlebot3_node:/root/ros_workspace/install/turtlebot3_msgs:/root/ros_workspace/install/turtlebot3_description:/root/ros_workspace/install/dynamixel_sdk LD_LIBRARY_PATH=/root/ros_workspace/install/turtlebot3_msgs/lib:/root/ros_workspace/install/dynamixel_sdk/lib PYTHONPATH=/root/ros_workspace/install/turtlebot3_msgs/lib/python3.12/site-packages:/root/ros_workspace/install/dynamixel_sdk/lib/python3.12/site-packages /usr/bin/cmake --install /root/ros_workspace/build/turtlebot3_bringup
