[0.130s] Invoking command in '/root/ros_workspace/build/turtlebot3_description': CMAKE_PREFIX_PATH=${CMAKE_PREFIX_PATH}:/opt/ros/jazzy /usr/bin/cmake /root/ros_workspace/src/turtlebot3/turtlebot3_description -DAMENT_CMAKE_SYMLINK_INSTALL=1 -DCMAKE_INSTALL_PREFIX=/root/ros_workspace/install/turtlebot3_description
[2.498s] -- Found ament_cmake: 2.5.4 (/opt/ros/jazzy/share/ament_cmake/cmake)
[2.501s] -- Override CMake install command with custom implementation using symlinks instead of copying resources
[2.502s] -- Found urdf: 2.10.0 (/opt/ros/jazzy/share/urdf/cmake)
[2.504s] -- Found TinyXML2 via Config file: /usr/lib/x86_64-linux-gnu/cmake/tinyxml2
[2.507s] -- Configuring done (1.8s)
[2.508s] -- Generating done (0.0s)
[2.520s] -- Build files have been written to: /root/ros_workspace/build/turtlebot3_description
[2.550s] Invoked command in '/root/ros_workspace/build/turtlebot3_description' returned '0': CMAKE_PREFIX_PATH=${CMAKE_PREFIX_PATH}:/opt/ros/jazzy /usr/bin/cmake /root/ros_workspace/src/turtlebot3/turtlebot3_description -DAMENT_CMAKE_SYMLINK_INSTALL=1 -DCMAKE_INSTALL_PREFIX=/root/ros_workspace/install/turtlebot3_description
[2.553s] Invoking command in '/root/ros_workspace/build/turtlebot3_description': CMAKE_PREFIX_PATH=${CMAKE_PREFIX_PATH}:/opt/ros/jazzy /usr/bin/cmake --build /root/ros_workspace/build/turtlebot3_description -- -j12 -l12
[2.697s] Invoked command in '/root/ros_workspace/build/turtlebot3_description' returned '0': CMAKE_PREFIX_PATH=${CMAKE_PREFIX_PATH}:/opt/ros/jazzy /usr/bin/cmake --build /root/ros_workspace/build/turtlebot3_description -- -j12 -l12
[2.714s] Invoking command in '/root/ros_workspace/build/turtlebot3_description': CMAKE_PREFIX_PATH=${CMAKE_PREFIX_PATH}:/opt/ros/jazzy /usr/bin/cmake --install /root/ros_workspace/build/turtlebot3_description
[2.763s] -- Install configuration: ""
[2.765s] -- Execute custom install script
[2.770s] -- Up-to-date symlink: /root/ros_workspace/install/turtlebot3_description/share/turtlebot3_description/meshes/bases/burger_base.stl
[2.777s] -- Up-to-date symlink: /root/ros_workspace/install/turtlebot3_description/share/turtlebot3_description/meshes/bases/waffle_base.stl
[2.778s] -- Up-to-date symlink: /root/ros_workspace/install/turtlebot3_description/share/turtlebot3_description/meshes/bases/waffle_pi_base.stl
[2.779s] -- Up-to-date symlink: /root/ros_workspace/install/turtlebot3_description/share/turtlebot3_description/meshes/sensors/astra.dae
[2.779s] -- Up-to-date symlink: /root/ros_workspace/install/turtlebot3_description/share/turtlebot3_description/meshes/sensors/astra.jpg
[2.801s] -- Up-to-date symlink: /root/ros_workspace/install/turtlebot3_description/share/turtlebot3_description/meshes/sensors/lds.stl
[2.802s] -- Up-to-date symlink: /root/ros_workspace/install/turtlebot3_description/share/turtlebot3_description/meshes/sensors/r200.dae
[2.802s] -- Up-to-date symlink: /root/ros_workspace/install/turtlebot3_description/share/turtlebot3_description/meshes/sensors/r200.jpg
[2.802s] -- Up-to-date symlink: /root/ros_workspace/install/turtlebot3_description/share/turtlebot3_description/meshes/wheels/left_tire.stl
[2.802s] -- Up-to-date symlink: /root/ros_workspace/install/turtlebot3_description/share/turtlebot3_description/meshes/wheels/right_tire.stl
[2.802s] -- Up-to-date symlink: /root/ros_workspace/install/turtlebot3_description/share/turtlebot3_description/rviz/model.rviz
[2.803s] -- Up-to-date symlink: /root/ros_workspace/install/turtlebot3_description/share/turtlebot3_description/urdf/common_properties.urdf
[2.804s] -- Up-to-date symlink: /root/ros_workspace/install/turtlebot3_description/share/turtlebot3_description/urdf/turtlebot3_burger.urdf
[2.804s] -- Up-to-date symlink: /root/ros_workspace/install/turtlebot3_description/share/turtlebot3_description/urdf/turtlebot3_waffle.urdf
[2.804s] -- Up-to-date symlink: /root/ros_workspace/install/turtlebot3_description/share/turtlebot3_description/urdf/turtlebot3_waffle_pi.urdf
[2.804s] -- Up-to-date symlink: /root/ros_workspace/install/turtlebot3_description/share/ament_index/resource_index/package_run_dependencies/turtlebot3_description
[2.804s] -- Up-to-date symlink: /root/ros_workspace/install/turtlebot3_description/share/ament_index/resource_index/parent_prefix_path/turtlebot3_description
[2.804s] -- Up-to-date symlink: /root/ros_workspace/install/turtlebot3_description/share/turtlebot3_description/environment/ament_prefix_path.sh
[2.804s] -- Up-to-date symlink: /root/ros_workspace/install/turtlebot3_description/share/turtlebot3_description/environment/ament_prefix_path.dsv
[2.805s] -- Up-to-date symlink: /root/ros_workspace/install/turtlebot3_description/share/turtlebot3_description/environment/path.sh
[2.805s] -- Up-to-date symlink: /root/ros_workspace/install/turtlebot3_description/share/turtlebot3_description/environment/path.dsv
[2.805s] -- Up-to-date symlink: /root/ros_workspace/install/turtlebot3_description/share/turtlebot3_description/local_setup.bash
[2.805s] -- Up-to-date symlink: /root/ros_workspace/install/turtlebot3_description/share/turtlebot3_description/local_setup.sh
[2.806s] -- Up-to-date symlink: /root/ros_workspace/install/turtlebot3_description/share/turtlebot3_description/local_setup.zsh
[2.806s] -- Up-to-date symlink: /root/ros_workspace/install/turtlebot3_description/share/turtlebot3_description/local_setup.dsv
[2.807s] -- Symlinking: /root/ros_workspace/install/turtlebot3_description/share/turtlebot3_description/package.dsv
[2.872s] -- Up-to-date symlink: /root/ros_workspace/install/turtlebot3_description/share/ament_index/resource_index/packages/turtlebot3_description
[2.873s] -- Up-to-date symlink: /root/ros_workspace/install/turtlebot3_description/share/turtlebot3_description/cmake/turtlebot3_descriptionConfig.cmake
[2.878s] -- Up-to-date symlink: /root/ros_workspace/install/turtlebot3_description/share/turtlebot3_description/cmake/turtlebot3_descriptionConfig-version.cmake
[2.878s] -- Up-to-date symlink: /root/ros_workspace/install/turtlebot3_description/share/turtlebot3_description/package.xml
[3.035s] Invoked command in '/root/ros_workspace/build/turtlebot3_description' returned '0': CMAKE_PREFIX_PATH=${CMAKE_PREFIX_PATH}:/opt/ros/jazzy /usr/bin/cmake --install /root/ros_workspace/build/turtlebot3_description
