[0.413s] Invoking command in '/root/ros_workspace/build/kimera_pgmo_rviz': AMENT_PREFIX_PATH=/root/ros_workspace/install/kimera_pgmo_msgs:${AMENT_PREFIX_PATH} CMAKE_PREFIX_PATH=/root/ros_workspace/install/kimera_pgmo_msgs:/opt/ros/jazzy/opt/gz_sim_vendor:/opt/ros/jazzy/opt/gz_sensors_vendor:/opt/ros/jazzy/opt/gz_physics_vendor:/opt/ros/jazzy/opt/sdformat_vendor:/opt/ros/jazzy/opt/gz_gui_vendor:/opt/ros/jazzy/opt/gz_transport_vendor:/opt/ros/jazzy/opt/gz_rendering_vendor:/opt/ros/jazzy/opt/gz_plugin_vendor:/opt/ros/jazzy/opt/gz_fuel_tools_vendor:/opt/ros/jazzy/opt/gz_msgs_vendor:/opt/ros/jazzy/opt/gz_common_vendor:/opt/ros/jazzy/opt/gz_math_vendor:/opt/ros/jazzy/opt/gz_utils_vendor:/opt/ros/jazzy/opt/gz_tools_vendor:/opt/ros/jazzy/opt/gz_ogre_next_vendor:/opt/ros/jazzy/opt/gz_dartsim_vendor:/opt/ros/jazzy/opt/gz_cmake_vendor:/opt/ros/jazzy LD_LIBRARY_PATH=/root/ros_workspace/install/kimera_pgmo_msgs/lib:${LD_LIBRARY_PATH} PYTHONPATH=/root/ros_workspace/install/kimera_pgmo_msgs/lib/python3.12/site-packages:${PYTHONPATH} /usr/bin/cmake /root/ros_workspace/src/kimera_pgmo/kimera_pgmo_rviz -DCMAKE_BUILD_TYPE=Release -DCMAKE_INSTALL_PREFIX=/root/ros_workspace/install/kimera_pgmo_rviz
[0.629s] -- The C compiler identification is GNU 13.3.0
[0.828s] -- The CXX compiler identification is GNU 13.3.0
[0.880s] -- Detecting C compiler ABI info
[1.249s] -- Detecting C compiler ABI info - done
[1.271s] -- Check for working C compiler: /usr/bin/cc - skipped
[1.271s] -- Detecting C compile features
[1.271s] -- Detecting C compile features - done
[1.299s] -- Detecting CXX compiler ABI info
[1.686s] -- Detecting CXX compiler ABI info - done
[1.700s] -- Check for working CXX compiler: /usr/bin/c++ - skipped
[1.703s] -- Detecting CXX compile features
[1.703s] -- Detecting CXX compile features - done
[1.725s] -- Found ament_cmake: 2.5.4 (/opt/ros/jazzy/share/ament_cmake/cmake)
[2.219s] -- Found Python3: /usr/bin/python3 (found version "3.12.3") found components: Interpreter 
[2.696s] -- Found kimera_pgmo_msgs: 0.0.1 (/root/ros_workspace/install/kimera_pgmo_msgs/share/kimera_pgmo_msgs/cmake)
[2.912s] -- Found rosidl_generator_c: 4.6.6 (/opt/ros/jazzy/share/rosidl_generator_c/cmake)
[2.984s] -- Found rosidl_generator_cpp: 4.6.6 (/opt/ros/jazzy/share/rosidl_generator_cpp/cmake)
[3.060s] -- Using all available rosidl_typesupport_c: rosidl_typesupport_fastrtps_c;rosidl_typesupport_introspection_c
[3.137s] -- Using all available rosidl_typesupport_cpp: rosidl_typesupport_fastrtps_cpp;rosidl_typesupport_introspection_cpp
[3.455s] -- Found pluginlib: 5.4.3 (/opt/ros/jazzy/share/pluginlib/cmake)
[3.573s] -- Found TinyXML2 via Config file: /usr/lib/x86_64-linux-gnu/cmake/tinyxml2
[3.614s] -- Found rviz_common: 14.1.17 (/opt/ros/jazzy/share/rviz_common/cmake)
[4.010s] -- Found rmw_implementation_cmake: 7.3.2 (/opt/ros/jazzy/share/rmw_implementation_cmake/cmake)
[4.027s] -- Found rmw_fastrtps_cpp: 8.4.3 (/opt/ros/jazzy/share/rmw_fastrtps_cpp/cmake)
[4.140s] -- Found TinyXML2 via Config file: /usr/lib/x86_64-linux-gnu/cmake/tinyxml2
[4.372s] -- Found OpenSSL: /usr/lib/x86_64-linux-gnu/libcrypto.so (found version "3.0.13")  
[4.381s] -- Found TinyXML2 via Config file: /usr/lib/x86_64-linux-gnu/cmake/tinyxml2
[4.428s] -- Found FastRTPS: /opt/ros/jazzy/include (Required is at least version "2.13") 
[4.438s] -- Found TinyXML2 via Config file: /usr/lib/x86_64-linux-gnu/cmake/tinyxml2
[4.468s] -- Found TinyXML2 via Config file: /usr/lib/x86_64-linux-gnu/cmake/tinyxml2
[4.503s] -- Using RMW implementation 'rmw_fastrtps_cpp' as default
[4.863s] -- Setting OGRE_DIR to: '/opt/ros/jazzy/share/rviz_ogre_vendor/cmake/../../../opt/rviz_ogre_vendor/lib/OGRE/cmake'
[4.875s] -- Found OGRE
[4.875s] --   static     : OFF
[4.875s] --   components : MeshLodGenerator;Overlay;Paging;Property;RTShaderSystem;Terrain;Volume
[4.875s] --   plugins    : Plugin_BSPSceneManager;Plugin_OctreeSceneManager;Plugin_PCZSceneManager;Plugin_ParticleFX;RenderSystem_GL;RenderSystem_GL3Plus;Codec_STBI
[4.876s] --   media      : /opt/ros/jazzy/opt/rviz_ogre_vendor/share/OGRE/Media
[4.876s] -- OGRE_LIBRARIES: OgreMeshLodGenerator;OgreOverlay;OgrePaging;OgreProperty;OgreRTShaderSystem;OgreTerrain;OgreVolume;OgreMain
[4.876s] -- OGRE_LIBRARY_DIRS: /opt/ros/jazzy/opt/rviz_ogre_vendor/lib
[4.876s] -- OGRE_PLUGINS: Plugin_BSPSceneManager;Plugin_OctreeSceneManager;Plugin_PCZSceneManager;Plugin_ParticleFX;RenderSystem_GL;RenderSystem_GL3Plus;Codec_STBI
[4.877s] -- OGRE_PLUGIN_DIR: /opt/ros/jazzy/opt/rviz_ogre_vendor/lib/OGRE
[4.878s] -- rviz_ogre_vendor::OgreOverlay for IMPORTED_LOCATION_RELEASE: /opt/ros/jazzy/opt/rviz_ogre_vendor/lib/libOgreOverlay.so
[4.878s] -- rviz_ogre_vendor::OgreOverlay for IMPORTED_LOCATION_DEBUG: /opt/ros/jazzy/opt/rviz_ogre_vendor/lib/libOgreOverlay.so
[4.878s] -- rviz_ogre_vendor::OgreMain for IMPORTED_LOCATION_RELEASE: /opt/ros/jazzy/opt/rviz_ogre_vendor/lib/libOgreMain.so
[4.878s] -- rviz_ogre_vendor::OgreMain for IMPORTED_LOCATION_DEBUG: /opt/ros/jazzy/opt/rviz_ogre_vendor/lib/libOgreMain.so
[4.971s] -- Found ZLIB: /usr/lib/x86_64-linux-gnu/libz.so (found version "1.3")  
[5.025s] -- Found OpenGL: /usr/lib/x86_64-linux-gnu/libOpenGL.so   
[5.652s] -- Found X11: /usr/include   
[5.653s] -- Looking for XOpenDisplay in /usr/lib/x86_64-linux-gnu/libX11.so;/usr/lib/x86_64-linux-gnu/libXext.so
[6.030s] -- Looking for XOpenDisplay in /usr/lib/x86_64-linux-gnu/libX11.so;/usr/lib/x86_64-linux-gnu/libXext.so - found
[6.031s] -- Looking for gethostbyname
[6.347s] -- Looking for gethostbyname - found
[6.347s] -- Looking for connect
[6.688s] -- Looking for connect - found
[6.688s] -- Looking for remove
[6.978s] -- Looking for remove - found
[6.979s] -- Looking for shmat
[7.270s] -- Looking for shmat - found
[7.271s] -- Looking for IceConnectionNumber in ICE
[7.567s] -- Looking for IceConnectionNumber in ICE - found
[8.177s] -- Setting yaml-cpp_DIR to: '/opt/ros/jazzy/share/yaml_cpp_vendor/cmake/../../../opt/yaml_cpp_vendor/share/cmake/yaml-cpp'
[8.464s] -- Configuring done (8.0s)
[8.640s] -- Generating done (0.1s)
[8.656s] -- Build files have been written to: /root/ros_workspace/build/kimera_pgmo_rviz
[8.718s] Invoked command in '/root/ros_workspace/build/kimera_pgmo_rviz' returned '0': AMENT_PREFIX_PATH=/root/ros_workspace/install/kimera_pgmo_msgs:${AMENT_PREFIX_PATH} CMAKE_PREFIX_PATH=/root/ros_workspace/install/kimera_pgmo_msgs:/opt/ros/jazzy/opt/gz_sim_vendor:/opt/ros/jazzy/opt/gz_sensors_vendor:/opt/ros/jazzy/opt/gz_physics_vendor:/opt/ros/jazzy/opt/sdformat_vendor:/opt/ros/jazzy/opt/gz_gui_vendor:/opt/ros/jazzy/opt/gz_transport_vendor:/opt/ros/jazzy/opt/gz_rendering_vendor:/opt/ros/jazzy/opt/gz_plugin_vendor:/opt/ros/jazzy/opt/gz_fuel_tools_vendor:/opt/ros/jazzy/opt/gz_msgs_vendor:/opt/ros/jazzy/opt/gz_common_vendor:/opt/ros/jazzy/opt/gz_math_vendor:/opt/ros/jazzy/opt/gz_utils_vendor:/opt/ros/jazzy/opt/gz_tools_vendor:/opt/ros/jazzy/opt/gz_ogre_next_vendor:/opt/ros/jazzy/opt/gz_dartsim_vendor:/opt/ros/jazzy/opt/gz_cmake_vendor:/opt/ros/jazzy LD_LIBRARY_PATH=/root/ros_workspace/install/kimera_pgmo_msgs/lib:${LD_LIBRARY_PATH} PYTHONPATH=/root/ros_workspace/install/kimera_pgmo_msgs/lib/python3.12/site-packages:${PYTHONPATH} /usr/bin/cmake /root/ros_workspace/src/kimera_pgmo/kimera_pgmo_rviz -DCMAKE_BUILD_TYPE=Release -DCMAKE_INSTALL_PREFIX=/root/ros_workspace/install/kimera_pgmo_rviz
[8.731s] Invoking command in '/root/ros_workspace/build/kimera_pgmo_rviz': AMENT_PREFIX_PATH=/root/ros_workspace/install/kimera_pgmo_msgs:${AMENT_PREFIX_PATH} CMAKE_PREFIX_PATH=/root/ros_workspace/install/kimera_pgmo_msgs:/opt/ros/jazzy/opt/gz_sim_vendor:/opt/ros/jazzy/opt/gz_sensors_vendor:/opt/ros/jazzy/opt/gz_physics_vendor:/opt/ros/jazzy/opt/sdformat_vendor:/opt/ros/jazzy/opt/gz_gui_vendor:/opt/ros/jazzy/opt/gz_transport_vendor:/opt/ros/jazzy/opt/gz_rendering_vendor:/opt/ros/jazzy/opt/gz_plugin_vendor:/opt/ros/jazzy/opt/gz_fuel_tools_vendor:/opt/ros/jazzy/opt/gz_msgs_vendor:/opt/ros/jazzy/opt/gz_common_vendor:/opt/ros/jazzy/opt/gz_math_vendor:/opt/ros/jazzy/opt/gz_utils_vendor:/opt/ros/jazzy/opt/gz_tools_vendor:/opt/ros/jazzy/opt/gz_ogre_next_vendor:/opt/ros/jazzy/opt/gz_dartsim_vendor:/opt/ros/jazzy/opt/gz_cmake_vendor:/opt/ros/jazzy LD_LIBRARY_PATH=/root/ros_workspace/install/kimera_pgmo_msgs/lib:${LD_LIBRARY_PATH} PYTHONPATH=/root/ros_workspace/install/kimera_pgmo_msgs/lib/python3.12/site-packages:${PYTHONPATH} /usr/bin/cmake --build /root/ros_workspace/build/kimera_pgmo_rviz -- -j8 -l8
[8.905s] [  0%] Built target kimera_pgmo_rviz_autogen_timestamp_deps
[8.984s] [ 11%] [34m[1mAutomatic MOC for target kimera_pgmo_rviz[0m
[10.684s] [ 11%] Built target kimera_pgmo_rviz_autogen
[10.808s] [ 22%] [32mBuilding CXX object CMakeFiles/kimera_pgmo_rviz.dir/kimera_pgmo_rviz_autogen/mocs_compilation.cpp.o[0m
[69.196s] [ 33%] [32mBuilding CXX object CMakeFiles/kimera_pgmo_rviz.dir/src/visuals_map.cpp.o[0m
[80.022s] [ 44%] [32mBuilding CXX object CMakeFiles/kimera_pgmo_rviz.dir/src/visibility_field.cpp.o[0m
[99.193s] [ 55%] [32mBuilding CXX object CMakeFiles/kimera_pgmo_rviz.dir/src/tf_event_buffer.cpp.o[0m
[126.059s] [ 66%] [32mBuilding CXX object CMakeFiles/kimera_pgmo_rviz.dir/src/mesh_visual.cpp.o[0m
[140.060s] [ 77%] [32mBuilding CXX object CMakeFiles/kimera_pgmo_rviz.dir/src/mesh_display.cpp.o[0m
[197.957s] [ 88%] [32m[1mLinking CXX shared library libkimera_pgmo_rviz.so[0m
[201.649s] [100%] Built target kimera_pgmo_rviz
[201.720s] Invoked command in '/root/ros_workspace/build/kimera_pgmo_rviz' returned '0': AMENT_PREFIX_PATH=/root/ros_workspace/install/kimera_pgmo_msgs:${AMENT_PREFIX_PATH} CMAKE_PREFIX_PATH=/root/ros_workspace/install/kimera_pgmo_msgs:/opt/ros/jazzy/opt/gz_sim_vendor:/opt/ros/jazzy/opt/gz_sensors_vendor:/opt/ros/jazzy/opt/gz_physics_vendor:/opt/ros/jazzy/opt/sdformat_vendor:/opt/ros/jazzy/opt/gz_gui_vendor:/opt/ros/jazzy/opt/gz_transport_vendor:/opt/ros/jazzy/opt/gz_rendering_vendor:/opt/ros/jazzy/opt/gz_plugin_vendor:/opt/ros/jazzy/opt/gz_fuel_tools_vendor:/opt/ros/jazzy/opt/gz_msgs_vendor:/opt/ros/jazzy/opt/gz_common_vendor:/opt/ros/jazzy/opt/gz_math_vendor:/opt/ros/jazzy/opt/gz_utils_vendor:/opt/ros/jazzy/opt/gz_tools_vendor:/opt/ros/jazzy/opt/gz_ogre_next_vendor:/opt/ros/jazzy/opt/gz_dartsim_vendor:/opt/ros/jazzy/opt/gz_cmake_vendor:/opt/ros/jazzy LD_LIBRARY_PATH=/root/ros_workspace/install/kimera_pgmo_msgs/lib:${LD_LIBRARY_PATH} PYTHONPATH=/root/ros_workspace/install/kimera_pgmo_msgs/lib/python3.12/site-packages:${PYTHONPATH} /usr/bin/cmake --build /root/ros_workspace/build/kimera_pgmo_rviz -- -j8 -l8
[201.727s] Invoking command in '/root/ros_workspace/build/kimera_pgmo_rviz': AMENT_PREFIX_PATH=/root/ros_workspace/install/kimera_pgmo_msgs:${AMENT_PREFIX_PATH} CMAKE_PREFIX_PATH=/root/ros_workspace/install/kimera_pgmo_msgs:/opt/ros/jazzy/opt/gz_sim_vendor:/opt/ros/jazzy/opt/gz_sensors_vendor:/opt/ros/jazzy/opt/gz_physics_vendor:/opt/ros/jazzy/opt/sdformat_vendor:/opt/ros/jazzy/opt/gz_gui_vendor:/opt/ros/jazzy/opt/gz_transport_vendor:/opt/ros/jazzy/opt/gz_rendering_vendor:/opt/ros/jazzy/opt/gz_plugin_vendor:/opt/ros/jazzy/opt/gz_fuel_tools_vendor:/opt/ros/jazzy/opt/gz_msgs_vendor:/opt/ros/jazzy/opt/gz_common_vendor:/opt/ros/jazzy/opt/gz_math_vendor:/opt/ros/jazzy/opt/gz_utils_vendor:/opt/ros/jazzy/opt/gz_tools_vendor:/opt/ros/jazzy/opt/gz_ogre_next_vendor:/opt/ros/jazzy/opt/gz_dartsim_vendor:/opt/ros/jazzy/opt/gz_cmake_vendor:/opt/ros/jazzy LD_LIBRARY_PATH=/root/ros_workspace/install/kimera_pgmo_msgs/lib:${LD_LIBRARY_PATH} PYTHONPATH=/root/ros_workspace/install/kimera_pgmo_msgs/lib/python3.12/site-packages:${PYTHONPATH} /usr/bin/cmake --install /root/ros_workspace/build/kimera_pgmo_rviz
[201.764s] -- Install configuration: "Release"
[201.768s] -- Installing: /root/ros_workspace/install/kimera_pgmo_rviz/lib/libkimera_pgmo_rviz.so
[201.779s] -- Set non-toolchain portion of runtime path of "/root/ros_workspace/install/kimera_pgmo_rviz/lib/libkimera_pgmo_rviz.so" to ""
[201.779s] -- Installing: /root/ros_workspace/install/kimera_pgmo_rviz/include/kimera_pgmo_rviz/
[201.779s] -- Installing: /root/ros_workspace/install/kimera_pgmo_rviz/include/kimera_pgmo_rviz//visibility_field.h
[201.779s] -- Installing: /root/ros_workspace/install/kimera_pgmo_rviz/include/kimera_pgmo_rviz//mesh_visual.h
[201.780s] -- Installing: /root/ros_workspace/install/kimera_pgmo_rviz/include/kimera_pgmo_rviz//visuals_map.h
[201.780s] -- Installing: /root/ros_workspace/install/kimera_pgmo_rviz/include/kimera_pgmo_rviz//mesh_display.h
[201.780s] -- Installing: /root/ros_workspace/install/kimera_pgmo_rviz/include/kimera_pgmo_rviz//tf_event_buffer.h
[201.785s] -- Installing: /root/ros_workspace/install/kimera_pgmo_rviz/share/kimera_pgmo_rviz/rviz_common_plugins.xml
[201.792s] -- Installing: /root/ros_workspace/install/kimera_pgmo_rviz/share/kimera_pgmo_rviz/icons
[201.792s] -- Installing: /root/ros_workspace/install/kimera_pgmo_rviz/share/kimera_pgmo_rviz/icons/classes
[201.796s] -- Installing: /root/ros_workspace/install/kimera_pgmo_rviz/share/kimera_pgmo_rviz/icons/classes/MeshDisplay.png
[201.809s] -- Up-to-date: /root/ros_workspace/install/kimera_pgmo_rviz/share/kimera_pgmo_rviz/rviz_common_plugins.xml
[201.809s] -- Installing: /root/ros_workspace/install/kimera_pgmo_rviz/share/ament_index/resource_index/package_run_dependencies/kimera_pgmo_rviz
[201.812s] -- Installing: /root/ros_workspace/install/kimera_pgmo_rviz/share/ament_index/resource_index/parent_prefix_path/kimera_pgmo_rviz
[201.815s] -- Installing: /root/ros_workspace/install/kimera_pgmo_rviz/share/kimera_pgmo_rviz/environment/ament_prefix_path.sh
[201.817s] -- Installing: /root/ros_workspace/install/kimera_pgmo_rviz/share/kimera_pgmo_rviz/environment/ament_prefix_path.dsv
[201.820s] -- Installing: /root/ros_workspace/install/kimera_pgmo_rviz/share/kimera_pgmo_rviz/environment/path.sh
[201.821s] -- Installing: /root/ros_workspace/install/kimera_pgmo_rviz/share/kimera_pgmo_rviz/environment/path.dsv
[201.821s] -- Installing: /root/ros_workspace/install/kimera_pgmo_rviz/share/kimera_pgmo_rviz/local_setup.bash
[201.823s] -- Installing: /root/ros_workspace/install/kimera_pgmo_rviz/share/kimera_pgmo_rviz/local_setup.sh
[201.823s] -- Installing: /root/ros_workspace/install/kimera_pgmo_rviz/share/kimera_pgmo_rviz/local_setup.zsh
[201.825s] -- Installing: /root/ros_workspace/install/kimera_pgmo_rviz/share/kimera_pgmo_rviz/local_setup.dsv
[201.825s] -- Installing: /root/ros_workspace/install/kimera_pgmo_rviz/share/kimera_pgmo_rviz/package.dsv
[201.830s] -- Installing: /root/ros_workspace/install/kimera_pgmo_rviz/share/ament_index/resource_index/packages/kimera_pgmo_rviz
[201.831s] -- Installing: /root/ros_workspace/install/kimera_pgmo_rviz/share/ament_index/resource_index/rviz_common__pluginlib__plugin/kimera_pgmo_rviz
[201.835s] -- Installing: /root/ros_workspace/install/kimera_pgmo_rviz/share/kimera_pgmo_rviz/cmake/kimera_pgmo_rviz-targetsExport.cmake
[201.837s] -- Installing: /root/ros_workspace/install/kimera_pgmo_rviz/share/kimera_pgmo_rviz/cmake/kimera_pgmo_rviz-targetsExport-release.cmake
[201.838s] -- Installing: /root/ros_workspace/install/kimera_pgmo_rviz/share/kimera_pgmo_rviz/cmake/ament_cmake_export_targets-extras.cmake
[201.840s] -- Installing: /root/ros_workspace/install/kimera_pgmo_rviz/share/kimera_pgmo_rviz/cmake/kimera_pgmo_rvizConfig.cmake
[201.840s] -- Installing: /root/ros_workspace/install/kimera_pgmo_rviz/share/kimera_pgmo_rviz/cmake/kimera_pgmo_rvizConfig-version.cmake
[201.851s] -- Installing: /root/ros_workspace/install/kimera_pgmo_rviz/share/kimera_pgmo_rviz/package.xml
[201.851s] Invoked command in '/root/ros_workspace/build/kimera_pgmo_rviz' returned '0': AMENT_PREFIX_PATH=/root/ros_workspace/install/kimera_pgmo_msgs:${AMENT_PREFIX_PATH} CMAKE_PREFIX_PATH=/root/ros_workspace/install/kimera_pgmo_msgs:/opt/ros/jazzy/opt/gz_sim_vendor:/opt/ros/jazzy/opt/gz_sensors_vendor:/opt/ros/jazzy/opt/gz_physics_vendor:/opt/ros/jazzy/opt/sdformat_vendor:/opt/ros/jazzy/opt/gz_gui_vendor:/opt/ros/jazzy/opt/gz_transport_vendor:/opt/ros/jazzy/opt/gz_rendering_vendor:/opt/ros/jazzy/opt/gz_plugin_vendor:/opt/ros/jazzy/opt/gz_fuel_tools_vendor:/opt/ros/jazzy/opt/gz_msgs_vendor:/opt/ros/jazzy/opt/gz_common_vendor:/opt/ros/jazzy/opt/gz_math_vendor:/opt/ros/jazzy/opt/gz_utils_vendor:/opt/ros/jazzy/opt/gz_tools_vendor:/opt/ros/jazzy/opt/gz_ogre_next_vendor:/opt/ros/jazzy/opt/gz_dartsim_vendor:/opt/ros/jazzy/opt/gz_cmake_vendor:/opt/ros/jazzy LD_LIBRARY_PATH=/root/ros_workspace/install/kimera_pgmo_msgs/lib:${LD_LIBRARY_PATH} PYTHONPATH=/root/ros_workspace/install/kimera_pgmo_msgs/lib/python3.12/site-packages:${PYTHONPATH} /usr/bin/cmake --install /root/ros_workspace/build/kimera_pgmo_rviz
