[0.075s] Invoking command in '/root/ros_workspace/build/turtlebot3_gazebo': CMAKE_PREFIX_PATH=${CMAKE_PREFIX_PATH}:/root/ros_workspace/install/turtlebot3_teleop:/root/ros_workspace/install/turtlebot3_example:/root/ros_workspace/install/turtlebot3_control:/opt/ros/jazzy /usr/bin/cmake --build /root/ros_workspace/build/turtlebot3_gazebo -- -j12 -l12
[0.604s] [ 25%] Built target obstacles
[0.604s] [ 50%] Built target obstacle2
[0.605s] [ 75%] Built target turtlebot3_drive
[0.605s] [100%] Built target obstacle1
[0.866s] Invoked command in '/root/ros_workspace/build/turtlebot3_gazebo' returned '0': CMAKE_PREFIX_PATH=${CMAKE_PREFIX_PATH}:/root/ros_workspace/install/turtlebot3_teleop:/root/ros_workspace/install/turtlebot3_example:/root/ros_workspace/install/turtlebot3_control:/opt/ros/jazzy /usr/bin/cmake --build /root/ros_workspace/build/turtlebot3_gazebo -- -j12 -l12
[0.866s] Invoking command in '/root/ros_workspace/build/turtlebot3_gazebo': CMAKE_PREFIX_PATH=${CMAKE_PREFIX_PATH}:/root/ros_workspace/install/turtlebot3_teleop:/root/ros_workspace/install/turtlebot3_example:/root/ros_workspace/install/turtlebot3_control:/opt/ros/jazzy /usr/bin/cmake --install /root/ros_workspace/build/turtlebot3_gazebo
[0.901s] -- Install configuration: ""
[0.908s] -- Execute custom install script
[0.908s] -- Up-to-date symlink: /root/ros_workspace/install/turtlebot3_gazebo/lib/turtlebot3_gazebo/turtlebot3_drive
[0.908s] -- Up-to-date symlink: /root/ros_workspace/install/turtlebot3_gazebo/lib/turtlebot3_gazebo/libobstacles.so
[0.909s] -- Up-to-date symlink: /root/ros_workspace/install/turtlebot3_gazebo/lib/turtlebot3_gazebo/libobstacle1.so
[0.909s] -- Up-to-date symlink: /root/ros_workspace/install/turtlebot3_gazebo/lib/turtlebot3_gazebo/libobstacle2.so
[0.909s] -- Up-to-date symlink: /root/ros_workspace/install/turtlebot3_gazebo/share/turtlebot3_gazebo//launch/empty_world.launch.py
[0.910s] -- Up-to-date symlink: /root/ros_workspace/install/turtlebot3_gazebo/share/turtlebot3_gazebo//launch/robot_state_publisher.launch.py
[0.910s] -- Up-to-date symlink: /root/ros_workspace/install/turtlebot3_gazebo/share/turtlebot3_gazebo//launch/spawn_turtlebot3.launch.py
[0.910s] -- Up-to-date symlink: /root/ros_workspace/install/turtlebot3_gazebo/share/turtlebot3_gazebo//launch/turtlebot3_dqn_stage1.launch.py
[0.910s] -- Up-to-date symlink: /root/ros_workspace/install/turtlebot3_gazebo/share/turtlebot3_gazebo//launch/turtlebot3_dqn_stage2.launch.py
[0.910s] -- Up-to-date symlink: /root/ros_workspace/install/turtlebot3_gazebo/share/turtlebot3_gazebo//launch/turtlebot3_dqn_stage3.launch.py
[0.910s] -- Up-to-date symlink: /root/ros_workspace/install/turtlebot3_gazebo/share/turtlebot3_gazebo//launch/turtlebot3_dqn_stage4.launch.py
[0.911s] -- Up-to-date symlink: /root/ros_workspace/install/turtlebot3_gazebo/share/turtlebot3_gazebo//launch/turtlebot3_house.launch.py
[0.911s] -- Up-to-date symlink: /root/ros_workspace/install/turtlebot3_gazebo/share/turtlebot3_gazebo//launch/turtlebot3_world.launch.py
[0.911s] -- Up-to-date symlink: /root/ros_workspace/install/turtlebot3_gazebo/share/turtlebot3_gazebo//models/turtlebot3_burger/model-1_4.sdf
[0.911s] -- Up-to-date symlink: /root/ros_workspace/install/turtlebot3_gazebo/share/turtlebot3_gazebo//models/turtlebot3_burger/model.config
[0.911s] -- Up-to-date symlink: /root/ros_workspace/install/turtlebot3_gazebo/share/turtlebot3_gazebo//models/turtlebot3_burger/model.sdf
[0.913s] -- Up-to-date symlink: /root/ros_workspace/install/turtlebot3_gazebo/share/turtlebot3_gazebo//models/turtlebot3_burger_cam/model-1_4.sdf
[0.913s] -- Up-to-date symlink: /root/ros_workspace/install/turtlebot3_gazebo/share/turtlebot3_gazebo//models/turtlebot3_burger_cam/model.config
[0.914s] -- Up-to-date symlink: /root/ros_workspace/install/turtlebot3_gazebo/share/turtlebot3_gazebo//models/turtlebot3_burger_cam/model.sdf
[0.914s] -- Up-to-date symlink: /root/ros_workspace/install/turtlebot3_gazebo/share/turtlebot3_gazebo//models/turtlebot3_common/meshes/bases/burger_base.stl
[0.915s] -- Up-to-date symlink: /root/ros_workspace/install/turtlebot3_gazebo/share/turtlebot3_gazebo//models/turtlebot3_common/meshes/bases/waffle_base.stl
[0.916s] -- Up-to-date symlink: /root/ros_workspace/install/turtlebot3_gazebo/share/turtlebot3_gazebo//models/turtlebot3_common/meshes/bases/waffle_pi_base.stl
[0.916s] -- Up-to-date symlink: /root/ros_workspace/install/turtlebot3_gazebo/share/turtlebot3_gazebo//models/turtlebot3_common/meshes/burger_base.dae
[0.918s] -- Up-to-date symlink: /root/ros_workspace/install/turtlebot3_gazebo/share/turtlebot3_gazebo//models/turtlebot3_common/meshes/lds.dae
[0.919s] -- Up-to-date symlink: /root/ros_workspace/install/turtlebot3_gazebo/share/turtlebot3_gazebo//models/turtlebot3_common/meshes/r200.dae
[0.919s] -- Up-to-date symlink: /root/ros_workspace/install/turtlebot3_gazebo/share/turtlebot3_gazebo//models/turtlebot3_common/meshes/sensors/astra.dae
[0.920s] -- Up-to-date symlink: /root/ros_workspace/install/turtlebot3_gazebo/share/turtlebot3_gazebo//models/turtlebot3_common/meshes/sensors/astra.jpg
[0.920s] -- Up-to-date symlink: /root/ros_workspace/install/turtlebot3_gazebo/share/turtlebot3_gazebo//models/turtlebot3_common/meshes/sensors/lds.stl
[0.921s] -- Up-to-date symlink: /root/ros_workspace/install/turtlebot3_gazebo/share/turtlebot3_gazebo//models/turtlebot3_common/meshes/sensors/r200.dae
[0.922s] -- Up-to-date symlink: /root/ros_workspace/install/turtlebot3_gazebo/share/turtlebot3_gazebo//models/turtlebot3_common/meshes/sensors/r200.jpg
[0.922s] -- Up-to-date symlink: /root/ros_workspace/install/turtlebot3_gazebo/share/turtlebot3_gazebo//models/turtlebot3_common/meshes/tire.dae
[0.922s] -- Up-to-date symlink: /root/ros_workspace/install/turtlebot3_gazebo/share/turtlebot3_gazebo//models/turtlebot3_common/meshes/waffle_base.dae
[0.922s] -- Up-to-date symlink: /root/ros_workspace/install/turtlebot3_gazebo/share/turtlebot3_gazebo//models/turtlebot3_common/meshes/waffle_pi_base.dae
[0.930s] -- Up-to-date symlink: /root/ros_workspace/install/turtlebot3_gazebo/share/turtlebot3_gazebo//models/turtlebot3_common/meshes/wheels/left_tire.stl
[0.930s] -- Up-to-date symlink: /root/ros_workspace/install/turtlebot3_gazebo/share/turtlebot3_gazebo//models/turtlebot3_common/meshes/wheels/right_tire.stl
[0.930s] -- Up-to-date symlink: /root/ros_workspace/install/turtlebot3_gazebo/share/turtlebot3_gazebo//models/turtlebot3_common/model.config
[0.931s] -- Up-to-date symlink: /root/ros_workspace/install/turtlebot3_gazebo/share/turtlebot3_gazebo//models/turtlebot3_dqn_world/goal_box/model.config
[0.931s] -- Up-to-date symlink: /root/ros_workspace/install/turtlebot3_gazebo/share/turtlebot3_gazebo//models/turtlebot3_dqn_world/goal_box/model.sdf
[0.931s] -- Up-to-date symlink: /root/ros_workspace/install/turtlebot3_gazebo/share/turtlebot3_gazebo//models/turtlebot3_dqn_world/inner_walls/model.config
[0.932s] -- Up-to-date symlink: /root/ros_workspace/install/turtlebot3_gazebo/share/turtlebot3_gazebo//models/turtlebot3_dqn_world/inner_walls/model.sdf
[0.932s] -- Up-to-date symlink: /root/ros_workspace/install/turtlebot3_gazebo/share/turtlebot3_gazebo//models/turtlebot3_dqn_world/inner_walls/textures/wood.png
[0.932s] -- Up-to-date symlink: /root/ros_workspace/install/turtlebot3_gazebo/share/turtlebot3_gazebo//models/turtlebot3_dqn_world/model.config
[0.933s] -- Up-to-date symlink: /root/ros_workspace/install/turtlebot3_gazebo/share/turtlebot3_gazebo//models/turtlebot3_dqn_world/model.sdf
[0.933s] -- Up-to-date symlink: /root/ros_workspace/install/turtlebot3_gazebo/share/turtlebot3_gazebo//models/turtlebot3_dqn_world/obstacle1/model.config
[0.934s] -- Up-to-date symlink: /root/ros_workspace/install/turtlebot3_gazebo/share/turtlebot3_gazebo//models/turtlebot3_dqn_world/obstacle1/model.sdf
[0.934s] -- Up-to-date symlink: /root/ros_workspace/install/turtlebot3_gazebo/share/turtlebot3_gazebo//models/turtlebot3_dqn_world/obstacle2/model.config
[0.934s] -- Up-to-date symlink: /root/ros_workspace/install/turtlebot3_gazebo/share/turtlebot3_gazebo//models/turtlebot3_dqn_world/obstacle2/model.sdf
[0.934s] -- Up-to-date symlink: /root/ros_workspace/install/turtlebot3_gazebo/share/turtlebot3_gazebo//models/turtlebot3_dqn_world/obstacles/model.config
[0.935s] -- Up-to-date symlink: /root/ros_workspace/install/turtlebot3_gazebo/share/turtlebot3_gazebo//models/turtlebot3_dqn_world/obstacles/model.sdf
[0.935s] -- Up-to-date symlink: /root/ros_workspace/install/turtlebot3_gazebo/share/turtlebot3_gazebo//models/turtlebot3_dqn_world/textures/wood.png
[0.936s] -- Up-to-date symlink: /root/ros_workspace/install/turtlebot3_gazebo/share/turtlebot3_gazebo//models/turtlebot3_house/cafe_table/materials/textures/Maple.jpg
[0.936s] -- Up-to-date symlink: /root/ros_workspace/install/turtlebot3_gazebo/share/turtlebot3_gazebo//models/turtlebot3_house/cafe_table/materials/textures/Wood_Floor_Dark.jpg
[0.937s] -- Up-to-date symlink: /root/ros_workspace/install/turtlebot3_gazebo/share/turtlebot3_gazebo//models/turtlebot3_house/cafe_table/meshes/cafe_table.dae
[0.937s] -- Up-to-date symlink: /root/ros_workspace/install/turtlebot3_gazebo/share/turtlebot3_gazebo//models/turtlebot3_house/cafe_table/model-1_4.sdf
[0.937s] -- Up-to-date symlink: /root/ros_workspace/install/turtlebot3_gazebo/share/turtlebot3_gazebo//models/turtlebot3_house/cafe_table/model.config
[0.941s] -- Up-to-date symlink: /root/ros_workspace/install/turtlebot3_gazebo/share/turtlebot3_gazebo//models/turtlebot3_house/cafe_table/model.sdf
[0.941s] -- Up-to-date symlink: /root/ros_workspace/install/turtlebot3_gazebo/share/turtlebot3_gazebo//models/turtlebot3_house/first_2015_trash_can/meshes/trash_can.dae
[0.942s] -- Up-to-date symlink: /root/ros_workspace/install/turtlebot3_gazebo/share/turtlebot3_gazebo//models/turtlebot3_house/first_2015_trash_can/model.config
[0.942s] -- Up-to-date symlink: /root/ros_workspace/install/turtlebot3_gazebo/share/turtlebot3_gazebo//models/turtlebot3_house/first_2015_trash_can/model.sdf
[0.943s] -- Up-to-date symlink: /root/ros_workspace/install/turtlebot3_gazebo/share/turtlebot3_gazebo//models/turtlebot3_house/mailbox/materials/scripts/mailbox.material
[0.944s] -- Up-to-date symlink: /root/ros_workspace/install/turtlebot3_gazebo/share/turtlebot3_gazebo//models/turtlebot3_house/mailbox/materials/textures/Mailbox_Diffuse.png
[0.945s] -- Up-to-date symlink: /root/ros_workspace/install/turtlebot3_gazebo/share/turtlebot3_gazebo//models/turtlebot3_house/mailbox/materials/textures/Mailbox_Diffuse.tga.orig
[0.946s] -- Up-to-date symlink: /root/ros_workspace/install/turtlebot3_gazebo/share/turtlebot3_gazebo//models/turtlebot3_house/mailbox/materials/textures/Mailbox_Spec.png
[0.947s] -- Up-to-date symlink: /root/ros_workspace/install/turtlebot3_gazebo/share/turtlebot3_gazebo//models/turtlebot3_house/mailbox/meshes/mailbox.dae
[0.947s] -- Up-to-date symlink: /root/ros_workspace/install/turtlebot3_gazebo/share/turtlebot3_gazebo//models/turtlebot3_house/mailbox/model-1_3.sdf
[0.948s] -- Up-to-date symlink: /root/ros_workspace/install/turtlebot3_gazebo/share/turtlebot3_gazebo//models/turtlebot3_house/mailbox/model-1_4.sdf
[0.948s] -- Up-to-date symlink: /root/ros_workspace/install/turtlebot3_gazebo/share/turtlebot3_gazebo//models/turtlebot3_house/mailbox/model.config
[0.948s] -- Up-to-date symlink: /root/ros_workspace/install/turtlebot3_gazebo/share/turtlebot3_gazebo//models/turtlebot3_house/mailbox/model.sdf
[0.948s] -- Up-to-date symlink: /root/ros_workspace/install/turtlebot3_gazebo/share/turtlebot3_gazebo//models/turtlebot3_house/model.config
[0.949s] -- Up-to-date symlink: /root/ros_workspace/install/turtlebot3_gazebo/share/turtlebot3_gazebo//models/turtlebot3_house/model.sdf
[0.951s] -- Up-to-date symlink: /root/ros_workspace/install/turtlebot3_gazebo/share/turtlebot3_gazebo//models/turtlebot3_house/table_marble/materials/scripts/table_lightmap.material
[0.951s] -- Up-to-date symlink: /root/ros_workspace/install/turtlebot3_gazebo/share/turtlebot3_gazebo//models/turtlebot3_house/table_marble/materials/textures/marble.png
[0.952s] -- Up-to-date symlink: /root/ros_workspace/install/turtlebot3_gazebo/share/turtlebot3_gazebo//models/turtlebot3_house/table_marble/materials/textures/table_lightmap.png
[0.952s] -- Up-to-date symlink: /root/ros_workspace/install/turtlebot3_gazebo/share/turtlebot3_gazebo//models/turtlebot3_house/table_marble/meshes/table_lightmap.dae
[0.952s] -- Up-to-date symlink: /root/ros_workspace/install/turtlebot3_gazebo/share/turtlebot3_gazebo//models/turtlebot3_house/table_marble/model-1_4.sdf
[0.954s] -- Up-to-date symlink: /root/ros_workspace/install/turtlebot3_gazebo/share/turtlebot3_gazebo//models/turtlebot3_house/table_marble/model.config
[0.956s] -- Up-to-date symlink: /root/ros_workspace/install/turtlebot3_gazebo/share/turtlebot3_gazebo//models/turtlebot3_house/table_marble/model.sdf
[0.956s] -- Up-to-date symlink: /root/ros_workspace/install/turtlebot3_gazebo/share/turtlebot3_gazebo//models/turtlebot3_house/textures/bricks.png
[0.957s] -- Up-to-date symlink: /root/ros_workspace/install/turtlebot3_gazebo/share/turtlebot3_gazebo//models/turtlebot3_house/textures/wood.png
[0.957s] -- Up-to-date symlink: /root/ros_workspace/install/turtlebot3_gazebo/share/turtlebot3_gazebo//models/turtlebot3_waffle/model-1_4.sdf
[0.958s] -- Up-to-date symlink: /root/ros_workspace/install/turtlebot3_gazebo/share/turtlebot3_gazebo//models/turtlebot3_waffle/model.config
[0.958s] -- Up-to-date symlink: /root/ros_workspace/install/turtlebot3_gazebo/share/turtlebot3_gazebo//models/turtlebot3_waffle/model.sdf
[0.958s] -- Up-to-date symlink: /root/ros_workspace/install/turtlebot3_gazebo/share/turtlebot3_gazebo//models/turtlebot3_waffle_pi/model-1_4_.sdf
[0.959s] -- Up-to-date symlink: /root/ros_workspace/install/turtlebot3_gazebo/share/turtlebot3_gazebo//models/turtlebot3_waffle_pi/model.config
[0.959s] -- Up-to-date symlink: /root/ros_workspace/install/turtlebot3_gazebo/share/turtlebot3_gazebo//models/turtlebot3_waffle_pi/model.sdf
[0.960s] -- Up-to-date symlink: /root/ros_workspace/install/turtlebot3_gazebo/share/turtlebot3_gazebo//models/turtlebot3_world/meshes/hexagon.dae
[0.961s] -- Up-to-date symlink: /root/ros_workspace/install/turtlebot3_gazebo/share/turtlebot3_gazebo//models/turtlebot3_world/meshes/wall.dae
[0.962s] -- Up-to-date symlink: /root/ros_workspace/install/turtlebot3_gazebo/share/turtlebot3_gazebo//models/turtlebot3_world/model-1_4.sdf
[0.965s] -- Up-to-date symlink: /root/ros_workspace/install/turtlebot3_gazebo/share/turtlebot3_gazebo//models/turtlebot3_world/model.config
[0.966s] -- Up-to-date symlink: /root/ros_workspace/install/turtlebot3_gazebo/share/turtlebot3_gazebo//models/turtlebot3_world/model.sdf
[0.966s] -- Up-to-date symlink: /root/ros_workspace/install/turtlebot3_gazebo/share/turtlebot3_gazebo//params/turtlebot3_burger_bridge.yaml
[0.967s] -- Up-to-date symlink: /root/ros_workspace/install/turtlebot3_gazebo/share/turtlebot3_gazebo//params/turtlebot3_burger_cam_bridge.yaml
[0.967s] -- Up-to-date symlink: /root/ros_workspace/install/turtlebot3_gazebo/share/turtlebot3_gazebo//params/turtlebot3_waffle_bridge.yaml
[0.968s] -- Up-to-date symlink: /root/ros_workspace/install/turtlebot3_gazebo/share/turtlebot3_gazebo//params/turtlebot3_waffle_pi_bridge.yaml
[0.968s] -- Up-to-date symlink: /root/ros_workspace/install/turtlebot3_gazebo/share/turtlebot3_gazebo//rviz/tb3_gazebo.rviz
[0.968s] -- Up-to-date symlink: /root/ros_workspace/install/turtlebot3_gazebo/share/turtlebot3_gazebo//urdf/common_properties.urdf
[0.971s] -- Up-to-date symlink: /root/ros_workspace/install/turtlebot3_gazebo/share/turtlebot3_gazebo//urdf/turtlebot3_burger.urdf
[0.971s] -- Up-to-date symlink: /root/ros_workspace/install/turtlebot3_gazebo/share/turtlebot3_gazebo//urdf/turtlebot3_burger_cam.urdf
[0.972s] -- Up-to-date symlink: /root/ros_workspace/install/turtlebot3_gazebo/share/turtlebot3_gazebo//urdf/turtlebot3_waffle.urdf
[0.972s] -- Up-to-date symlink: /root/ros_workspace/install/turtlebot3_gazebo/share/turtlebot3_gazebo//urdf/turtlebot3_waffle_pi.urdf
[0.973s] -- Up-to-date symlink: /root/ros_workspace/install/turtlebot3_gazebo/share/turtlebot3_gazebo//worlds/empty_world.world
[0.973s] -- Up-to-date symlink: /root/ros_workspace/install/turtlebot3_gazebo/share/turtlebot3_gazebo//worlds/turtlebot3_autorace_2020.world
[0.974s] -- Up-to-date symlink: /root/ros_workspace/install/turtlebot3_gazebo/share/turtlebot3_gazebo//worlds/turtlebot3_dqn_stage1.world
[0.974s] -- Up-to-date symlink: /root/ros_workspace/install/turtlebot3_gazebo/share/turtlebot3_gazebo//worlds/turtlebot3_dqn_stage2.world
[0.974s] -- Up-to-date symlink: /root/ros_workspace/install/turtlebot3_gazebo/share/turtlebot3_gazebo//worlds/turtlebot3_dqn_stage3.world
[0.974s] -- Up-to-date symlink: /root/ros_workspace/install/turtlebot3_gazebo/share/turtlebot3_gazebo//worlds/turtlebot3_dqn_stage4.world
[0.975s] -- Up-to-date symlink: /root/ros_workspace/install/turtlebot3_gazebo/share/turtlebot3_gazebo//worlds/turtlebot3_house.world
[0.976s] -- Up-to-date symlink: /root/ros_workspace/install/turtlebot3_gazebo/share/turtlebot3_gazebo//worlds/turtlebot3_world.world
[0.976s] -- Up-to-date symlink: /root/ros_workspace/install/turtlebot3_gazebo/include//turtlebot3_gazebo/obstacle1.hpp
[0.976s] -- Up-to-date symlink: /root/ros_workspace/install/turtlebot3_gazebo/include//turtlebot3_gazebo/obstacle2.hpp
[0.976s] -- Up-to-date symlink: /root/ros_workspace/install/turtlebot3_gazebo/include//turtlebot3_gazebo/obstacles.hpp
[0.977s] -- Up-to-date symlink: /root/ros_workspace/install/turtlebot3_gazebo/include//turtlebot3_gazebo/traffic_bar_plugin.hpp
[0.977s] -- Up-to-date symlink: /root/ros_workspace/install/turtlebot3_gazebo/include//turtlebot3_gazebo/traffic_light_plugin.hpp
[0.978s] -- Up-to-date symlink: /root/ros_workspace/install/turtlebot3_gazebo/include//turtlebot3_gazebo/turtlebot3_drive.hpp
[0.979s] -- Up-to-date symlink: /root/ros_workspace/install/turtlebot3_gazebo/share/ament_index/resource_index/package_run_dependencies/turtlebot3_gazebo
[0.979s] -- Up-to-date symlink: /root/ros_workspace/install/turtlebot3_gazebo/share/ament_index/resource_index/parent_prefix_path/turtlebot3_gazebo
[0.979s] -- Up-to-date symlink: /root/ros_workspace/install/turtlebot3_gazebo/share/turtlebot3_gazebo/environment/ament_prefix_path.sh
[0.980s] -- Up-to-date symlink: /root/ros_workspace/install/turtlebot3_gazebo/share/turtlebot3_gazebo/environment/ament_prefix_path.dsv
[0.981s] -- Up-to-date symlink: /root/ros_workspace/install/turtlebot3_gazebo/share/turtlebot3_gazebo/environment/path.sh
[0.983s] -- Up-to-date symlink: /root/ros_workspace/install/turtlebot3_gazebo/share/turtlebot3_gazebo/environment/path.dsv
[0.984s] -- Up-to-date symlink: /root/ros_workspace/install/turtlebot3_gazebo/share/turtlebot3_gazebo/local_setup.bash
[0.985s] -- Up-to-date symlink: /root/ros_workspace/install/turtlebot3_gazebo/share/turtlebot3_gazebo/local_setup.sh
[0.987s] -- Up-to-date symlink: /root/ros_workspace/install/turtlebot3_gazebo/share/turtlebot3_gazebo/local_setup.zsh
[0.988s] -- Up-to-date symlink: /root/ros_workspace/install/turtlebot3_gazebo/share/turtlebot3_gazebo/local_setup.dsv
[0.988s] -- Symlinking: /root/ros_workspace/install/turtlebot3_gazebo/share/turtlebot3_gazebo/package.dsv
[0.990s] -- Up-to-date symlink: /root/ros_workspace/install/turtlebot3_gazebo/share/ament_index/resource_index/packages/turtlebot3_gazebo
[0.990s] -- Up-to-date symlink: /root/ros_workspace/install/turtlebot3_gazebo/share/turtlebot3_gazebo/cmake/ament_cmake_export_include_directories-extras.cmake
[0.990s] -- Up-to-date symlink: /root/ros_workspace/install/turtlebot3_gazebo/share/turtlebot3_gazebo/cmake/ament_cmake_export_dependencies-extras.cmake
[0.991s] -- Up-to-date symlink: /root/ros_workspace/install/turtlebot3_gazebo/share/turtlebot3_gazebo/cmake/turtlebot3_gazeboConfig.cmake
[0.991s] -- Up-to-date symlink: /root/ros_workspace/install/turtlebot3_gazebo/share/turtlebot3_gazebo/cmake/turtlebot3_gazeboConfig-version.cmake
[0.991s] -- Up-to-date symlink: /root/ros_workspace/install/turtlebot3_gazebo/share/turtlebot3_gazebo/package.xml
[1.206s] Invoked command in '/root/ros_workspace/build/turtlebot3_gazebo' returned '0': CMAKE_PREFIX_PATH=${CMAKE_PREFIX_PATH}:/root/ros_workspace/install/turtlebot3_teleop:/root/ros_workspace/install/turtlebot3_example:/root/ros_workspace/install/turtlebot3_control:/opt/ros/jazzy /usr/bin/cmake --install /root/ros_workspace/build/turtlebot3_gazebo
