[0.050s] Invoking command in '/root/ros_workspace/build/semantic_inference_ros': AMENT_PREFIX_PATH=/root/ros_workspace/install/ianvs:${AMENT_PREFIX_PATH} CMAKE_PREFIX_PATH=/root/ros_workspace/install/semantic_inference:/root/ros_workspace/install/ianvs:/root/ros_workspace/install/config_utilities:/opt/ros/jazzy/opt/gz_sim_vendor:/opt/ros/jazzy/opt/gz_sensors_vendor:/opt/ros/jazzy/opt/gz_physics_vendor:/opt/ros/jazzy/opt/sdformat_vendor:/opt/ros/jazzy/opt/gz_gui_vendor:/opt/ros/jazzy/opt/gz_transport_vendor:/opt/ros/jazzy/opt/gz_rendering_vendor:/opt/ros/jazzy/opt/gz_plugin_vendor:/opt/ros/jazzy/opt/gz_fuel_tools_vendor:/opt/ros/jazzy/opt/gz_msgs_vendor:/opt/ros/jazzy/opt/gz_common_vendor:/opt/ros/jazzy/opt/gz_math_vendor:/opt/ros/jazzy/opt/gz_utils_vendor:/opt/ros/jazzy/opt/gz_tools_vendor:/opt/ros/jazzy/opt/gz_ogre_next_vendor:/opt/ros/jazzy/opt/gz_dartsim_vendor:/opt/ros/jazzy/opt/gz_cmake_vendor:/opt/ros/jazzy LD_LIBRARY_PATH=/root/ros_workspace/install/semantic_inference/lib:/root/ros_workspace/install/ianvs/lib:/root/ros_workspace/install/config_utilities/lib:${LD_LIBRARY_PATH} PATH=/root/ros_workspace/install/semantic_inference/bin:/root/ros_workspace/install/config_utilities/bin:${PATH} PKG_CONFIG_PATH=/root/ros_workspace/install/semantic_inference/lib/x86_64-linux-gnu/pkgconfig:/root/ros_workspace/install/semantic_inference/lib/pkgconfig:/root/ros_workspace/install/config_utilities/lib/x86_64-linux-gnu/pkgconfig:/root/ros_workspace/install/config_utilities/lib/pkgconfig PYTHONPATH=/root/ros_workspace/install/ianvs/lib/python3.12/site-packages:${PYTHONPATH} /usr/bin/cmake /root/ros_workspace/src/semantic_inference/semantic_inference_ros -DCMAKE_BUILD_TYPE=Release -DCMAKE_INSTALL_PREFIX=/root/ros_workspace/install/semantic_inference_ros
[0.364s] -- The C compiler identification is GNU 13.3.0
[0.513s] -- The CXX compiler identification is GNU 13.3.0
[0.565s] -- Detecting C compiler ABI info
[0.796s] -- Detecting C compiler ABI info - done
[0.809s] -- Check for working C compiler: /usr/bin/cc - skipped
[0.811s] -- Detecting C compile features
[0.812s] -- Detecting C compile features - done
[0.838s] -- Detecting CXX compiler ABI info
[1.097s] -- Detecting CXX compiler ABI info - done
[1.110s] -- Check for working CXX compiler: /usr/bin/c++ - skipped
[1.110s] -- Detecting CXX compile features
[1.112s] -- Detecting CXX compile features - done
[1.206s] -- Found ament_cmake: 2.5.4 (/opt/ros/jazzy/share/ament_cmake/cmake)
[1.587s] -- Found Python3: /usr/bin/python3 (found version "3.12.3") found components: Interpreter 
[2.031s] -- Found ament_index_cpp: 1.8.1 (/opt/ros/jazzy/share/ament_index_cpp/cmake)
[2.078s] -- Found cv_bridge: 4.1.0 (/opt/ros/jazzy/share/cv_bridge/cmake)
[2.392s] -- Found rosidl_generator_c: 4.6.6 (/opt/ros/jazzy/share/rosidl_generator_c/cmake)
[2.463s] -- Found rosidl_generator_cpp: 4.6.6 (/opt/ros/jazzy/share/rosidl_generator_cpp/cmake)
[2.553s] -- Using all available rosidl_typesupport_c: rosidl_typesupport_fastrtps_c;rosidl_typesupport_introspection_c
[2.648s] -- Using all available rosidl_typesupport_cpp: rosidl_typesupport_fastrtps_cpp;rosidl_typesupport_introspection_cpp
[3.186s] -- Found rmw_implementation_cmake: 7.3.2 (/opt/ros/jazzy/share/rmw_implementation_cmake/cmake)
[3.202s] -- Found rmw_fastrtps_cpp: 8.4.3 (/opt/ros/jazzy/share/rmw_fastrtps_cpp/cmake)
[3.582s] -- Found OpenSSL: /usr/lib/x86_64-linux-gnu/libcrypto.so (found version "3.0.13")  
[3.650s] -- Found FastRTPS: /opt/ros/jazzy/include (Required is at least version "2.13") 
[3.712s] -- Using RMW implementation 'rmw_fastrtps_cpp' as default
[4.041s] -- Found ianvs: 0.0.0 (/root/ros_workspace/install/ianvs/share/ianvs/cmake)
[4.161s] -- Found image_geometry: 4.1.0 (/opt/ros/jazzy/share/image_geometry/cmake)
[4.186s] -- Found nlohmann_json: /usr/share/cmake/nlohmann_json/nlohmann_jsonConfig.cmake (found version "3.11.3") 
[4.203s] -- Found rclcpp_components: 28.1.13 (/opt/ros/jazzy/share/rclcpp_components/cmake)
[4.365s] -- Found rosbag2_transport: 0.26.9 (/opt/ros/jazzy/share/rosbag2_transport/cmake)
[4.533s] -- Setting yaml-cpp_DIR to: '/opt/ros/jazzy/share/yaml_cpp_vendor/cmake/../../../opt/yaml_cpp_vendor/share/cmake/yaml-cpp'
[4.722s] -- Found Unwind: /usr/include/x86_64-linux-gnu (found suitable version "1.6.2", minimum required is "1.6.2") 
[4.731s] -- Found OpenCV: /usr (found version "4.6.0") 
[4.749s] -- Found tf2_eigen: 0.36.16 (/opt/ros/jazzy/share/tf2_eigen/cmake)
[5.098s] -- Found ament_cmake_gtest: 2.5.4 (/opt/ros/jazzy/share/ament_cmake_gtest/cmake)
[5.264s] -- Found PCL_COMMON: /usr/lib/x86_64-linux-gnu/libpcl_common.so  
[5.279s] -- Found pcl_conversions: 2.6.2 (/opt/ros/jazzy/share/pcl_conversions/cmake)
[5.390s] -- Found gtest sources under '/opt/ros/jazzy/src/gtest_vendor': C++ tests using 'Google Test' will be built
[5.405s] -- Performing Test CMAKE_HAVE_LIBC_PTHREAD
[5.689s] -- Performing Test CMAKE_HAVE_LIBC_PTHREAD - Success
[5.692s] -- Found Threads: TRUE  
[6.225s] -- Configuring done (6.2s)
[6.535s] -- Generating done (0.2s)
[6.567s] -- Build files have been written to: /root/ros_workspace/build/semantic_inference_ros
[6.651s] Invoked command in '/root/ros_workspace/build/semantic_inference_ros' returned '0': AMENT_PREFIX_PATH=/root/ros_workspace/install/ianvs:${AMENT_PREFIX_PATH} CMAKE_PREFIX_PATH=/root/ros_workspace/install/semantic_inference:/root/ros_workspace/install/ianvs:/root/ros_workspace/install/config_utilities:/opt/ros/jazzy/opt/gz_sim_vendor:/opt/ros/jazzy/opt/gz_sensors_vendor:/opt/ros/jazzy/opt/gz_physics_vendor:/opt/ros/jazzy/opt/sdformat_vendor:/opt/ros/jazzy/opt/gz_gui_vendor:/opt/ros/jazzy/opt/gz_transport_vendor:/opt/ros/jazzy/opt/gz_rendering_vendor:/opt/ros/jazzy/opt/gz_plugin_vendor:/opt/ros/jazzy/opt/gz_fuel_tools_vendor:/opt/ros/jazzy/opt/gz_msgs_vendor:/opt/ros/jazzy/opt/gz_common_vendor:/opt/ros/jazzy/opt/gz_math_vendor:/opt/ros/jazzy/opt/gz_utils_vendor:/opt/ros/jazzy/opt/gz_tools_vendor:/opt/ros/jazzy/opt/gz_ogre_next_vendor:/opt/ros/jazzy/opt/gz_dartsim_vendor:/opt/ros/jazzy/opt/gz_cmake_vendor:/opt/ros/jazzy LD_LIBRARY_PATH=/root/ros_workspace/install/semantic_inference/lib:/root/ros_workspace/install/ianvs/lib:/root/ros_workspace/install/config_utilities/lib:${LD_LIBRARY_PATH} PATH=/root/ros_workspace/install/semantic_inference/bin:/root/ros_workspace/install/config_utilities/bin:${PATH} PKG_CONFIG_PATH=/root/ros_workspace/install/semantic_inference/lib/x86_64-linux-gnu/pkgconfig:/root/ros_workspace/install/semantic_inference/lib/pkgconfig:/root/ros_workspace/install/config_utilities/lib/x86_64-linux-gnu/pkgconfig:/root/ros_workspace/install/config_utilities/lib/pkgconfig PYTHONPATH=/root/ros_workspace/install/ianvs/lib/python3.12/site-packages:${PYTHONPATH} /usr/bin/cmake /root/ros_workspace/src/semantic_inference/semantic_inference_ros -DCMAKE_BUILD_TYPE=Release -DCMAKE_INSTALL_PREFIX=/root/ros_workspace/install/semantic_inference_ros
[6.653s] Invoking command in '/root/ros_workspace/build/semantic_inference_ros': AMENT_PREFIX_PATH=/root/ros_workspace/install/ianvs:${AMENT_PREFIX_PATH} CMAKE_PREFIX_PATH=/root/ros_workspace/install/semantic_inference:/root/ros_workspace/install/ianvs:/root/ros_workspace/install/config_utilities:/opt/ros/jazzy/opt/gz_sim_vendor:/opt/ros/jazzy/opt/gz_sensors_vendor:/opt/ros/jazzy/opt/gz_physics_vendor:/opt/ros/jazzy/opt/sdformat_vendor:/opt/ros/jazzy/opt/gz_gui_vendor:/opt/ros/jazzy/opt/gz_transport_vendor:/opt/ros/jazzy/opt/gz_rendering_vendor:/opt/ros/jazzy/opt/gz_plugin_vendor:/opt/ros/jazzy/opt/gz_fuel_tools_vendor:/opt/ros/jazzy/opt/gz_msgs_vendor:/opt/ros/jazzy/opt/gz_common_vendor:/opt/ros/jazzy/opt/gz_math_vendor:/opt/ros/jazzy/opt/gz_utils_vendor:/opt/ros/jazzy/opt/gz_tools_vendor:/opt/ros/jazzy/opt/gz_ogre_next_vendor:/opt/ros/jazzy/opt/gz_dartsim_vendor:/opt/ros/jazzy/opt/gz_cmake_vendor:/opt/ros/jazzy LD_LIBRARY_PATH=/root/ros_workspace/install/semantic_inference/lib:/root/ros_workspace/install/ianvs/lib:/root/ros_workspace/install/config_utilities/lib:${LD_LIBRARY_PATH} PATH=/root/ros_workspace/install/semantic_inference/bin:/root/ros_workspace/install/config_utilities/bin:${PATH} PKG_CONFIG_PATH=/root/ros_workspace/install/semantic_inference/lib/x86_64-linux-gnu/pkgconfig:/root/ros_workspace/install/semantic_inference/lib/pkgconfig:/root/ros_workspace/install/config_utilities/lib/x86_64-linux-gnu/pkgconfig:/root/ros_workspace/install/config_utilities/lib/pkgconfig PYTHONPATH=/root/ros_workspace/install/ianvs/lib/python3.12/site-packages:${PYTHONPATH} /usr/bin/cmake --build /root/ros_workspace/build/semantic_inference_ros -- -j8 -l8
[6.818s] [  3%] [32mBuilding CXX object CMakeFiles/backprojection_node.dir/rclcpp_components/node_main_backprojection_node.cpp.o[0m
[6.819s] [  7%] [32mBuilding CXX object CMakeFiles/semantic_inference_ros.dir/src/backprojection_nodelet.cpp.o[0m
[7.866s] [ 11%] [32mBuilding CXX object gtest/CMakeFiles/gtest.dir/src/gtest-all.cc.o[0m
[8.991s] [ 14%] [32mBuilding CXX object gtest/CMakeFiles/gtest_main.dir/src/gtest_main.cc.o[0m
[10.107s] [ 18%] [32mBuilding CXX object CMakeFiles/rgbd_closed_set_node.dir/rclcpp_components/node_main_rgbd_closed_set_node.cpp.o[0m
[13.163s] [ 22%] [32m[1mLinking CXX static library libgtest_main.a[0m
[13.389s] [ 22%] Built target gtest_main
[18.845s] [ 25%] [32m[1mLinking CXX executable backprojection_node[0m
[19.442s] [ 25%] Built target backprojection_node
[23.291s] [ 29%] [32m[1mLinking CXX executable rgbd_closed_set_node[0m
[23.813s] [ 29%] Built target rgbd_closed_set_node
[30.940s] [ 33%] [32mBuilding CXX object CMakeFiles/semantic_inference_ros.dir/src/rgbd_segmentation_nodelet.cpp.o[0m
[33.067s] [ 37%] [32mBuilding CXX object CMakeFiles/semantic_inference_ros.dir/src/mask_nodelet.cpp.o[0m
[36.382s] [ 40%] [32m[1mLinking CXX static library libgtest.a[0m
[36.847s] [ 40%] Built target gtest
[90.870s] [ 44%] [32mBuilding CXX object CMakeFiles/semantic_inference_ros.dir/src/pointcloud_projection.cpp.o[0m
[91.913s] [ 48%] [32mBuilding CXX object CMakeFiles/semantic_inference_ros.dir/src/output_publisher.cpp.o[0m
[93.029s] [ 51%] [32mBuilding CXX object CMakeFiles/semantic_inference_ros.dir/src/segmentation_nodelet.cpp.o[0m
[139.181s] [ 55%] [32mBuilding CXX object CMakeFiles/semantic_inference_ros.dir/src/relabel_nodelet.cpp.o[0m
