[0.244s] Invoking command in '/root/ros_workspace/build/turtlebot3_gazebo': CMAKE_PREFIX_PATH=${CMAKE_PREFIX_PATH}:/root/ros_workspace/install/turtlebot3_teleop:/root/ros_workspace/install/turtlebot3_example:/root/ros_workspace/install/turtlebot3_control:/opt/ros/jazzy /usr/bin/cmake /root/ros_workspace/src/turtlebot3_simulations/turtlebot3_gazebo -DCMAKE_INSTALL_PREFIX=/root/ros_workspace/install/turtlebot3_gazebo
[2.063s] -- Found ament_cmake: 2.5.4 (/opt/ros/jazzy/share/ament_cmake/cmake)
[2.063s] -- Override CMake install command with custom implementation using symlinks instead of copying resources
[2.064s] -- Found ros_gz_sim: 1.0.16 (/opt/ros/jazzy/share/ros_gz_sim/cmake)
[2.064s] -- Found rosidl_generator_c: 4.6.6 (/opt/ros/jazzy/share/rosidl_generator_c/cmake)
[2.065s] -- Found rosidl_generator_cpp: 4.6.6 (/opt/ros/jazzy/share/rosidl_generator_cpp/cmake)
[2.065s] -- Using all available rosidl_typesupport_c: rosidl_typesupport_fastrtps_c;rosidl_typesupport_introspection_c
[2.065s] -- Using all available rosidl_typesupport_cpp: rosidl_typesupport_fastrtps_cpp;rosidl_typesupport_introspection_cpp
[2.196s] -- Found rmw_implementation_cmake: 7.3.2 (/opt/ros/jazzy/share/rmw_implementation_cmake/cmake)
[2.206s] -- Found rmw_fastrtps_cpp: 8.4.3 (/opt/ros/jazzy/share/rmw_fastrtps_cpp/cmake)
[2.692s] -- Using RMW implementation 'rmw_fastrtps_cpp' as default
[3.620s] -- Found nav_msgs: 5.3.6 (/opt/ros/jazzy/share/nav_msgs/cmake)
[3.724s] -- Found sensor_msgs: 5.3.6 (/opt/ros/jazzy/share/sensor_msgs/cmake)
[3.802s] -- Found gz_math_vendor: 0.0.8 (/opt/ros/jazzy/share/gz_math_vendor/cmake)
[3.808s] -- Looking for gz-math7 -- found version 7.5.2
[3.829s] -- Searching for dependencies of gz-math7
[3.846s] -- Looking for gz-utils2 -- found version 2.2.1
[3.847s] -- Searching for dependencies of gz-utils2
[3.864s] -- Found gz_sim_vendor: 0.0.9 (/opt/ros/jazzy/share/gz_sim_vendor/cmake)
[3.917s] -- Looking for gz-sim8 -- found version 8.10.0
[3.920s] -- Searching for dependencies of gz-sim8
[3.920s] -- Looking for sdformat14 -- found version 14.8.0
[3.920s] -- Searching for dependencies of sdformat14
[3.935s] -- Checking for module 'tinyxml2'
[3.988s] --   Found tinyxml2, version 10.0.0
[4.118s] -- Looking for gz-math7 -- found version 7.5.2
[4.118s] -- Looking for gz-utils2 -- found version 2.2.1
[4.118s] -- Searching for dependencies of gz-utils2
[4.118s] -- Searching for <gz-utils2> component [cli]
[4.122s] -- Looking for gz-utils2-cli -- found version 2.2.1
[4.123s] -- Searching for dependencies of gz-utils2-cli
[4.132s] -- Looking for gz-plugin2 -- found version 2.0.4
[4.132s] -- Searching for dependencies of gz-plugin2
[4.133s] -- Looking for gz-utils2 -- found version 2.2.1
[4.137s] -- Searching for <gz-plugin2> component [loader]
[4.139s] -- Looking for gz-plugin2-loader -- found version 2.0.4
[4.139s] -- Searching for dependencies of gz-plugin2-loader
[4.142s] -- Searching for <gz-plugin2> component [register]
[4.149s] -- Looking for gz-plugin2-register -- found version 2.0.4
[4.150s] -- Searching for dependencies of gz-plugin2-register
[4.150s] -- Looking for gz-transport13 -- found version 13.5.0
[4.153s] -- Searching for dependencies of gz-transport13
[4.305s] -- Config-file not installed for ZeroMQ -- checking for pkg-config
[4.354s] -- Checking for module 'libzmq >= 4'
[4.444s] --   Found libzmq, version 4.3.5
[4.720s] -- Checking for module 'uuid'
[4.801s] --   Found uuid, version 2.39.3
[4.959s] -- Looking for gz-utils2 -- found version 2.2.1
[4.959s] -- Looking for gz-msgs10 -- found version 10.3.2
[4.959s] -- Searching for dependencies of gz-msgs10
[5.055s] -- Looking for gz-utils2 -- found version 2.2.1
[5.067s] -- Looking for gz-math7 -- found version 7.5.2
[5.072s] -- Searching for <gz-transport13> component [log]
[5.072s] -- Looking for gz-transport13-log -- found version 13.5.0
[5.072s] -- Searching for dependencies of gz-transport13-log
[5.086s] -- Searching for <gz-transport13> component [parameters]
[5.088s] -- Looking for gz-transport13-parameters -- found version 13.5.0
[5.089s] -- Searching for dependencies of gz-transport13-parameters
[5.090s] -- Looking for gz-msgs10 -- found version 10.3.2
[5.092s] -- Looking for gz-common5 -- found version 5.7.1
[5.096s] -- Searching for dependencies of gz-common5
[5.096s] -- Looking for gz-utils2 -- found version 2.2.1
[5.096s] -- Looking for dlfcn.h - found
[5.096s] -- Looking for libdl - found
[5.122s] -- Searching for <gz-common5> component [av]
[5.124s] -- Looking for gz-common5-av -- found version 5.7.1
[5.124s] -- Searching for dependencies of gz-common5-av
[5.150s] -- Checking for module 'libswscale'
[5.203s] --   Found libswscale, version 7.5.100
[5.431s] -- Checking for module 'libavdevice >= 56.4.100'
[5.499s] --   Found libavdevice, version 60.3.100
[5.696s] -- Checking for module 'libavformat'
[5.893s] --   Found libavformat, version 60.16.100
[6.169s] -- Checking for module 'libavcodec'
[6.230s] --   Found libavcodec, version 60.31.102
[6.451s] -- Checking for module 'libavutil'
[6.510s] --   Found libavutil, version 58.29.100
[6.699s] -- Searching for <gz-common5> component [events]
[6.701s] -- Looking for gz-common5-events -- found version 5.7.1
[6.701s] -- Searching for dependencies of gz-common5-events
[6.702s] -- Looking for gz-math7 -- found version 7.5.2
[6.703s] -- Searching for <gz-common5> component [graphics]
[6.716s] -- Looking for gz-common5-graphics -- found version 5.7.1
[6.717s] -- Searching for dependencies of gz-common5-graphics
[6.718s] -- Looking for gz-math7 -- found version 7.5.2
[6.724s] -- Searching for <gz-common5> component [io]
[6.731s] -- Looking for gz-common5-io -- found version 5.7.1
[6.731s] -- Searching for dependencies of gz-common5-io
[6.732s] -- Searching for <gz-common5> component [profiler]
[6.734s] -- Looking for gz-common5-profiler -- found version 5.7.1
[6.736s] -- Searching for dependencies of gz-common5-profiler
[6.741s] -- Looking for gz-fuel_tools9 -- found version 9.1.1
[6.744s] -- Searching for dependencies of gz-fuel_tools9
[6.942s] -- Checking for module 'jsoncpp'
[7.022s] --   Found jsoncpp, version 1.9.5
[7.259s] -- Checking for module 'yaml-0.1'
[7.356s] --   Found yaml-0.1, version 0.2.5
[7.505s] -- Checking for module 'libzip'
[7.563s] --   Found libzip, version 1.7.3
[7.750s] -- Looking for gz-utils2 -- found version 2.2.1
[7.751s] -- Looking for gz-common5 -- found version 5.7.1
[7.752s] -- Searching for dependencies of gz-common5
[7.753s] -- Looking for gz-utils2 -- found version 2.2.1
[7.758s] -- Looking for dlfcn.h - found
[7.759s] -- Looking for libdl - found
[7.776s] -- Searching for <gz-common5> component [testing]
[7.784s] -- Looking for gz-common5-testing -- found version 5.7.1
[7.785s] -- Searching for dependencies of gz-common5-testing
[7.790s] -- Looking for gz-math7 -- found version 7.5.2
[7.792s] -- Looking for gz-msgs10 -- found version 10.3.2
[7.798s] -- Looking for gz-gui8 -- found version 8.4.0
[7.799s] -- Searching for dependencies of gz-gui8
[7.937s] -- Looking for gz-utils2 -- found version 2.2.1
[7.940s] -- Looking for gz-math7 -- found version 7.5.2
[7.942s] -- Looking for gz-common5 -- found version 5.7.1
[7.945s] -- Looking for gz-plugin2 -- found version 2.0.4
[7.947s] -- Looking for gz-transport13 -- found version 13.5.0
[7.955s] -- Looking for gz-rendering8 -- found version 8.2.2
[7.956s] -- Searching for dependencies of gz-rendering8
[7.956s] -- Looking for gz-math7 -- found version 7.5.2
[7.956s] -- Searching for dependencies of gz-math7
[7.958s] -- Looking for gz-utils2 -- found version 2.2.1
[7.958s] -- Searching for <gz-math7> component [eigen3]
[7.958s] -- Looking for gz-math7-eigen3 -- found version 7.5.2
[7.959s] -- Searching for dependencies of gz-math7-eigen3
[7.965s] -- Looking for gz-common5 -- found version 5.7.1
[7.966s] -- Searching for dependencies of gz-common5
[7.967s] -- Looking for gz-utils2 -- found version 2.2.1
[7.970s] -- Looking for dlfcn.h - found
[7.971s] -- Looking for libdl - found
[8.000s] -- Searching for <gz-common5> component [graphics]
[8.001s] -- Searching for <gz-common5> component [events]
[8.001s] -- Searching for <gz-common5> component [geospatial]
[8.007s] -- Looking for gz-common5-geospatial -- found version 5.7.1
[8.010s] -- Searching for dependencies of gz-common5-geospatial
[8.011s] -- Looking for gz-math7 -- found version 7.5.2
[8.011s] -- Looking for gz-common5 -- found version 5.7.1
[8.015s] -- Looking for gz-plugin2 -- found version 2.0.4
[8.017s] -- Searching for dependencies of gz-plugin2
[8.017s] -- Looking for gz-utils2 -- found version 2.2.1
[8.018s] -- Searching for <gz-plugin2> component [all]
[8.041s] -- Looking for all libraries of gz-plugin2 -- found version 2.0.4
[8.041s] -- Looking for gz-plugin2 -- found version 2.0.4
[8.042s] -- Looking for gz-utils2 -- found version 2.2.1
[8.045s] -- Looking for gz-msgs10 -- found version 10.3.2
[8.105s] -- Looking for gz-physics7 -- found version 7.6.0
[8.106s] -- Searching for dependencies of gz-physics7
[8.107s] -- Looking for gz-common5 -- found version 5.7.1
[8.107s] -- Looking for gz-math7 -- found version 7.5.2
[8.108s] -- Looking for gz-plugin2 -- found version 2.0.4
[8.113s] -- Looking for gz-utils2 -- found version 2.2.1
[8.116s] -- Searching for <gz-physics7> component [heightmap]
[8.117s] -- Looking for gz-physics7-heightmap -- found version 7.6.0
[8.117s] -- Searching for dependencies of gz-physics7-heightmap
[8.118s] -- Looking for gz-common5 -- found version 5.7.1
[8.120s] -- Searching for <gz-physics7> component [mesh]
[8.122s] -- Looking for gz-physics7-mesh -- found version 7.6.0
[8.123s] -- Searching for dependencies of gz-physics7-mesh
[8.124s] -- Looking for gz-common5 -- found version 5.7.1
[8.127s] -- Searching for <gz-physics7> component [sdf]
[8.129s] -- Looking for gz-physics7-sdf -- found version 7.6.0
[8.131s] -- Searching for dependencies of gz-physics7-sdf
[8.133s] -- Looking for sdformat14 -- found version 14.8.0
[8.137s] -- Looking for gz-sensors8 -- found version 8.2.2
[8.138s] -- Searching for dependencies of gz-sensors8
[8.227s] -- Looking for gz-math7 -- found version 7.5.2
[8.234s] -- Looking for gz-common5 -- found version 5.7.1
[8.240s] -- Looking for gz-transport13 -- found version 13.5.0
[8.244s] -- Looking for gz-rendering8 -- found version 8.2.2
[8.244s] -- Looking for gz-msgs10 -- found version 10.3.2
[8.244s] -- Looking for sdformat14 -- found version 14.8.0
[8.245s] -- Searching for <gz-sensors8> component [air_pressure]
[8.245s] -- Looking for gz-sensors8-air_pressure -- found version 8.2.2
[8.249s] -- Searching for dependencies of gz-sensors8-air_pressure
[8.252s] -- Searching for <gz-sensors8> component [air_speed]
[8.281s] -- Looking for gz-sensors8-air_speed -- found version 8.2.2
[8.282s] -- Searching for dependencies of gz-sensors8-air_speed
[8.284s] -- Searching for <gz-sensors8> component [altimeter]
[8.285s] -- Looking for gz-sensors8-altimeter -- found version 8.2.2
[8.286s] -- Searching for dependencies of gz-sensors8-altimeter
[8.287s] -- Searching for <gz-sensors8> component [imu]
[8.288s] -- Looking for gz-sensors8-imu -- found version 8.2.2
[8.289s] -- Searching for dependencies of gz-sensors8-imu
[8.291s] -- Searching for <gz-sensors8> component [force_torque]
[8.292s] -- Looking for gz-sensors8-force_torque -- found version 8.2.2
[8.292s] -- Searching for dependencies of gz-sensors8-force_torque
[8.294s] -- Searching for <gz-sensors8> component [logical_camera]
[8.295s] -- Looking for gz-sensors8-logical_camera -- found version 8.2.2
[8.296s] -- Searching for dependencies of gz-sensors8-logical_camera
[8.297s] -- Searching for <gz-sensors8> component [magnetometer]
[8.299s] -- Looking for gz-sensors8-magnetometer -- found version 8.2.2
[8.299s] -- Searching for dependencies of gz-sensors8-magnetometer
[8.301s] -- Searching for <gz-sensors8> component [navsat]
[8.303s] -- Looking for gz-sensors8-navsat -- found version 8.2.2
[8.304s] -- Searching for dependencies of gz-sensors8-navsat
[8.321s] -- Searching for <gz-sensors8> component [dvl]
[8.324s] -- Looking for gz-sensors8-dvl -- found version 8.2.2
[8.325s] -- Searching for dependencies of gz-sensors8-dvl
[8.327s] -- Looking for gz-sensors8 -- found version 8.2.2
[8.329s] -- Searching for dependencies of gz-sensors8
[8.424s] -- Looking for gz-math7 -- found version 7.5.2
[8.434s] -- Looking for gz-common5 -- found version 5.7.1
[8.435s] -- Looking for gz-transport13 -- found version 13.5.0
[8.435s] -- Looking for gz-rendering8 -- found version 8.2.2
[8.435s] -- Looking for gz-msgs10 -- found version 10.3.2
[8.435s] -- Looking for sdformat14 -- found version 14.8.0
[8.436s] -- Searching for <gz-sensors8> component [rendering]
[8.436s] -- Looking for gz-sensors8-rendering -- found version 8.2.2
[8.436s] -- Searching for dependencies of gz-sensors8-rendering
[8.439s] -- Searching for <gz-sensors8> component [rendering]
[8.441s] -- Searching for <gz-sensors8> component [lidar]
[8.446s] -- Looking for gz-sensors8-lidar -- found version 8.2.2
[8.446s] -- Searching for dependencies of gz-sensors8-lidar
[8.447s] -- Looking for gz-sensors8 -- found version 8.2.2
[8.450s] -- Searching for <gz-sensors8> component [gpu_lidar]
[8.451s] -- Looking for gz-sensors8-gpu_lidar -- found version 8.2.2
[8.452s] -- Searching for dependencies of gz-sensors8-gpu_lidar
[8.455s] -- Looking for gz-sensors8 -- found version 8.2.2
[8.456s] -- Searching for <gz-sensors8> component [camera]
[8.456s] -- Looking for gz-sensors8-camera -- found version 8.2.2
[8.457s] -- Searching for dependencies of gz-sensors8-camera
[8.458s] -- Looking for gz-sensors8 -- found version 8.2.2
[8.461s] -- Searching for <gz-sensors8> component [boundingbox_camera]
[8.462s] -- Looking for gz-sensors8-boundingbox_camera -- found version 8.2.2
[8.462s] -- Searching for dependencies of gz-sensors8-boundingbox_camera
[8.464s] -- Searching for <gz-sensors8> component [segmentation_camera]
[8.467s] -- Looking for gz-sensors8-segmentation_camera -- found version 8.2.2
[8.467s] -- Searching for dependencies of gz-sensors8-segmentation_camera
[8.469s] -- Searching for <gz-sensors8> component [depth_camera]
[8.473s] -- Looking for gz-sensors8-depth_camera -- found version 8.2.2
[8.478s] -- Searching for dependencies of gz-sensors8-depth_camera
[8.478s] -- Looking for gz-sensors8 -- found version 8.2.2
[8.479s] -- Searching for <gz-sensors8> component [rgbd_camera]
[8.486s] -- Looking for gz-sensors8-rgbd_camera -- found version 8.2.2
[8.488s] -- Searching for dependencies of gz-sensors8-rgbd_camera
[8.490s] -- Looking for gz-sensors8 -- found version 8.2.2
[8.490s] -- Searching for <gz-sensors8> component [thermal_camera]
[8.490s] -- Looking for gz-sensors8-thermal_camera -- found version 8.2.2
[8.491s] -- Searching for dependencies of gz-sensors8-thermal_camera
[8.491s] -- Looking for gz-sensors8 -- found version 8.2.2
[8.491s] -- Searching for <gz-sensors8> component [wide_angle_camera]
[8.492s] -- Looking for gz-sensors8-wide_angle_camera -- found version 8.2.2
[8.493s] -- Searching for dependencies of gz-sensors8-wide_angle_camera
[8.503s] -- Looking for gz-rendering8 -- found version 8.2.2
[8.507s] -- Looking for gz-math7 -- found version 7.5.2
[8.512s] -- Looking for gz-utils2 -- found version 2.2.1
[8.695s] -- Looking for gz-plugin2 -- found version 2.0.4
[9.068s] -- Configuring done (8.8s)
[9.235s] -- Generating done (0.1s)
[9.266s] -- Build files have been written to: /root/ros_workspace/build/turtlebot3_gazebo
[9.326s] Invoked command in '/root/ros_workspace/build/turtlebot3_gazebo' returned '0': CMAKE_PREFIX_PATH=${CMAKE_PREFIX_PATH}:/root/ros_workspace/install/turtlebot3_teleop:/root/ros_workspace/install/turtlebot3_example:/root/ros_workspace/install/turtlebot3_control:/opt/ros/jazzy /usr/bin/cmake /root/ros_workspace/src/turtlebot3_simulations/turtlebot3_gazebo -DCMAKE_INSTALL_PREFIX=/root/ros_workspace/install/turtlebot3_gazebo
[9.327s] Invoking command in '/root/ros_workspace/build/turtlebot3_gazebo': CMAKE_PREFIX_PATH=${CMAKE_PREFIX_PATH}:/root/ros_workspace/install/turtlebot3_teleop:/root/ros_workspace/install/turtlebot3_example:/root/ros_workspace/install/turtlebot3_control:/opt/ros/jazzy /usr/bin/cmake --build /root/ros_workspace/build/turtlebot3_gazebo -- -j12 -l12
[9.550s] [ 25%] Built target obstacles
[9.584s] [ 50%] Built target obstacle1
[9.604s] [ 75%] Built target turtlebot3_drive
[9.632s] [100%] Built target obstacle2
[9.691s] Invoked command in '/root/ros_workspace/build/turtlebot3_gazebo' returned '0': CMAKE_PREFIX_PATH=${CMAKE_PREFIX_PATH}:/root/ros_workspace/install/turtlebot3_teleop:/root/ros_workspace/install/turtlebot3_example:/root/ros_workspace/install/turtlebot3_control:/opt/ros/jazzy /usr/bin/cmake --build /root/ros_workspace/build/turtlebot3_gazebo -- -j12 -l12
[9.695s] Invoking command in '/root/ros_workspace/build/turtlebot3_gazebo': CMAKE_PREFIX_PATH=${CMAKE_PREFIX_PATH}:/root/ros_workspace/install/turtlebot3_teleop:/root/ros_workspace/install/turtlebot3_example:/root/ros_workspace/install/turtlebot3_control:/opt/ros/jazzy /usr/bin/cmake --install /root/ros_workspace/build/turtlebot3_gazebo
[9.723s] -- Install configuration: ""
[9.724s] -- Execute custom install script
[9.724s] -- Up-to-date symlink: /root/ros_workspace/install/turtlebot3_gazebo/lib/turtlebot3_gazebo/turtlebot3_drive
[9.725s] -- Up-to-date symlink: /root/ros_workspace/install/turtlebot3_gazebo/lib/turtlebot3_gazebo/libobstacles.so
[9.726s] -- Up-to-date symlink: /root/ros_workspace/install/turtlebot3_gazebo/lib/turtlebot3_gazebo/libobstacle1.so
[9.726s] -- Up-to-date symlink: /root/ros_workspace/install/turtlebot3_gazebo/lib/turtlebot3_gazebo/libobstacle2.so
[9.727s] -- Up-to-date symlink: /root/ros_workspace/install/turtlebot3_gazebo/share/turtlebot3_gazebo//launch/empty_world.launch.py
[9.728s] -- Up-to-date symlink: /root/ros_workspace/install/turtlebot3_gazebo/share/turtlebot3_gazebo//launch/robot_state_publisher.launch.py
[9.728s] -- Up-to-date symlink: /root/ros_workspace/install/turtlebot3_gazebo/share/turtlebot3_gazebo//launch/spawn_turtlebot3.launch.py
[9.728s] -- Up-to-date symlink: /root/ros_workspace/install/turtlebot3_gazebo/share/turtlebot3_gazebo//launch/turtlebot3_dqn_stage1.launch.py
[9.728s] -- Up-to-date symlink: /root/ros_workspace/install/turtlebot3_gazebo/share/turtlebot3_gazebo//launch/turtlebot3_dqn_stage2.launch.py
[9.729s] -- Up-to-date symlink: /root/ros_workspace/install/turtlebot3_gazebo/share/turtlebot3_gazebo//launch/turtlebot3_dqn_stage3.launch.py
[9.729s] -- Up-to-date symlink: /root/ros_workspace/install/turtlebot3_gazebo/share/turtlebot3_gazebo//launch/turtlebot3_dqn_stage4.launch.py
[9.736s] -- Up-to-date symlink: /root/ros_workspace/install/turtlebot3_gazebo/share/turtlebot3_gazebo//launch/turtlebot3_house.launch.py
[9.738s] -- Up-to-date symlink: /root/ros_workspace/install/turtlebot3_gazebo/share/turtlebot3_gazebo//launch/turtlebot3_world.launch.py
[9.744s] -- Up-to-date symlink: /root/ros_workspace/install/turtlebot3_gazebo/share/turtlebot3_gazebo//models/turtlebot3_burger/model-1_4.sdf
[9.744s] -- Up-to-date symlink: /root/ros_workspace/install/turtlebot3_gazebo/share/turtlebot3_gazebo//models/turtlebot3_burger/model.config
[9.746s] -- Up-to-date symlink: /root/ros_workspace/install/turtlebot3_gazebo/share/turtlebot3_gazebo//models/turtlebot3_burger/model.sdf
[9.746s] -- Up-to-date symlink: /root/ros_workspace/install/turtlebot3_gazebo/share/turtlebot3_gazebo//models/turtlebot3_burger_cam/model-1_4.sdf
[9.747s] -- Up-to-date symlink: /root/ros_workspace/install/turtlebot3_gazebo/share/turtlebot3_gazebo//models/turtlebot3_burger_cam/model.config
[9.747s] -- Up-to-date symlink: /root/ros_workspace/install/turtlebot3_gazebo/share/turtlebot3_gazebo//models/turtlebot3_burger_cam/model.sdf
[9.748s] -- Up-to-date symlink: /root/ros_workspace/install/turtlebot3_gazebo/share/turtlebot3_gazebo//models/turtlebot3_common/meshes/bases/burger_base.stl
[9.749s] -- Up-to-date symlink: /root/ros_workspace/install/turtlebot3_gazebo/share/turtlebot3_gazebo//models/turtlebot3_common/meshes/bases/waffle_base.stl
[9.750s] -- Up-to-date symlink: /root/ros_workspace/install/turtlebot3_gazebo/share/turtlebot3_gazebo//models/turtlebot3_common/meshes/bases/waffle_pi_base.stl
[9.750s] -- Up-to-date symlink: /root/ros_workspace/install/turtlebot3_gazebo/share/turtlebot3_gazebo//models/turtlebot3_common/meshes/burger_base.dae
[9.751s] -- Up-to-date symlink: /root/ros_workspace/install/turtlebot3_gazebo/share/turtlebot3_gazebo//models/turtlebot3_common/meshes/lds.dae
[9.751s] -- Up-to-date symlink: /root/ros_workspace/install/turtlebot3_gazebo/share/turtlebot3_gazebo//models/turtlebot3_common/meshes/r200.dae
[9.751s] -- Up-to-date symlink: /root/ros_workspace/install/turtlebot3_gazebo/share/turtlebot3_gazebo//models/turtlebot3_common/meshes/sensors/astra.dae
[9.752s] -- Up-to-date symlink: /root/ros_workspace/install/turtlebot3_gazebo/share/turtlebot3_gazebo//models/turtlebot3_common/meshes/sensors/astra.jpg
[9.752s] -- Up-to-date symlink: /root/ros_workspace/install/turtlebot3_gazebo/share/turtlebot3_gazebo//models/turtlebot3_common/meshes/sensors/lds.stl
[9.753s] -- Up-to-date symlink: /root/ros_workspace/install/turtlebot3_gazebo/share/turtlebot3_gazebo//models/turtlebot3_common/meshes/sensors/r200.dae
[9.753s] -- Up-to-date symlink: /root/ros_workspace/install/turtlebot3_gazebo/share/turtlebot3_gazebo//models/turtlebot3_common/meshes/sensors/r200.jpg
[9.759s] -- Up-to-date symlink: /root/ros_workspace/install/turtlebot3_gazebo/share/turtlebot3_gazebo//models/turtlebot3_common/meshes/tire.dae
[9.759s] -- Up-to-date symlink: /root/ros_workspace/install/turtlebot3_gazebo/share/turtlebot3_gazebo//models/turtlebot3_common/meshes/waffle_base.dae
[9.760s] -- Up-to-date symlink: /root/ros_workspace/install/turtlebot3_gazebo/share/turtlebot3_gazebo//models/turtlebot3_common/meshes/waffle_pi_base.dae
[9.760s] -- Up-to-date symlink: /root/ros_workspace/install/turtlebot3_gazebo/share/turtlebot3_gazebo//models/turtlebot3_common/meshes/wheels/left_tire.stl
[9.761s] -- Up-to-date symlink: /root/ros_workspace/install/turtlebot3_gazebo/share/turtlebot3_gazebo//models/turtlebot3_common/meshes/wheels/right_tire.stl
[9.761s] -- Up-to-date symlink: /root/ros_workspace/install/turtlebot3_gazebo/share/turtlebot3_gazebo//models/turtlebot3_common/model.config
[9.762s] -- Up-to-date symlink: /root/ros_workspace/install/turtlebot3_gazebo/share/turtlebot3_gazebo//models/turtlebot3_dqn_world/goal_box/model.config
[9.763s] -- Up-to-date symlink: /root/ros_workspace/install/turtlebot3_gazebo/share/turtlebot3_gazebo//models/turtlebot3_dqn_world/goal_box/model.sdf
[9.763s] -- Up-to-date symlink: /root/ros_workspace/install/turtlebot3_gazebo/share/turtlebot3_gazebo//models/turtlebot3_dqn_world/inner_walls/model.config
[9.764s] -- Up-to-date symlink: /root/ros_workspace/install/turtlebot3_gazebo/share/turtlebot3_gazebo//models/turtlebot3_dqn_world/inner_walls/model.sdf
[9.764s] -- Up-to-date symlink: /root/ros_workspace/install/turtlebot3_gazebo/share/turtlebot3_gazebo//models/turtlebot3_dqn_world/inner_walls/textures/wood.png
[9.765s] -- Up-to-date symlink: /root/ros_workspace/install/turtlebot3_gazebo/share/turtlebot3_gazebo//models/turtlebot3_dqn_world/model.config
[9.765s] -- Up-to-date symlink: /root/ros_workspace/install/turtlebot3_gazebo/share/turtlebot3_gazebo//models/turtlebot3_dqn_world/model.sdf
[9.766s] -- Up-to-date symlink: /root/ros_workspace/install/turtlebot3_gazebo/share/turtlebot3_gazebo//models/turtlebot3_dqn_world/obstacle1/model.config
[9.766s] -- Up-to-date symlink: /root/ros_workspace/install/turtlebot3_gazebo/share/turtlebot3_gazebo//models/turtlebot3_dqn_world/obstacle1/model.sdf
[9.766s] -- Up-to-date symlink: /root/ros_workspace/install/turtlebot3_gazebo/share/turtlebot3_gazebo//models/turtlebot3_dqn_world/obstacle2/model.config
[9.767s] -- Up-to-date symlink: /root/ros_workspace/install/turtlebot3_gazebo/share/turtlebot3_gazebo//models/turtlebot3_dqn_world/obstacle2/model.sdf
[9.767s] -- Up-to-date symlink: /root/ros_workspace/install/turtlebot3_gazebo/share/turtlebot3_gazebo//models/turtlebot3_dqn_world/obstacles/model.config
[9.767s] -- Up-to-date symlink: /root/ros_workspace/install/turtlebot3_gazebo/share/turtlebot3_gazebo//models/turtlebot3_dqn_world/obstacles/model.sdf
[9.767s] -- Up-to-date symlink: /root/ros_workspace/install/turtlebot3_gazebo/share/turtlebot3_gazebo//models/turtlebot3_dqn_world/textures/wood.png
[9.768s] -- Up-to-date symlink: /root/ros_workspace/install/turtlebot3_gazebo/share/turtlebot3_gazebo//models/turtlebot3_house/cafe_table/materials/textures/Maple.jpg
[9.768s] -- Up-to-date symlink: /root/ros_workspace/install/turtlebot3_gazebo/share/turtlebot3_gazebo//models/turtlebot3_house/cafe_table/materials/textures/Wood_Floor_Dark.jpg
[9.768s] -- Up-to-date symlink: /root/ros_workspace/install/turtlebot3_gazebo/share/turtlebot3_gazebo//models/turtlebot3_house/cafe_table/meshes/cafe_table.dae
[9.769s] -- Up-to-date symlink: /root/ros_workspace/install/turtlebot3_gazebo/share/turtlebot3_gazebo//models/turtlebot3_house/cafe_table/model-1_4.sdf
[9.770s] -- Up-to-date symlink: /root/ros_workspace/install/turtlebot3_gazebo/share/turtlebot3_gazebo//models/turtlebot3_house/cafe_table/model.config
[9.770s] -- Up-to-date symlink: /root/ros_workspace/install/turtlebot3_gazebo/share/turtlebot3_gazebo//models/turtlebot3_house/cafe_table/model.sdf
[9.771s] -- Up-to-date symlink: /root/ros_workspace/install/turtlebot3_gazebo/share/turtlebot3_gazebo//models/turtlebot3_house/first_2015_trash_can/meshes/trash_can.dae
[9.771s] -- Up-to-date symlink: /root/ros_workspace/install/turtlebot3_gazebo/share/turtlebot3_gazebo//models/turtlebot3_house/first_2015_trash_can/model.config
[9.771s] -- Up-to-date symlink: /root/ros_workspace/install/turtlebot3_gazebo/share/turtlebot3_gazebo//models/turtlebot3_house/first_2015_trash_can/model.sdf
[9.772s] -- Up-to-date symlink: /root/ros_workspace/install/turtlebot3_gazebo/share/turtlebot3_gazebo//models/turtlebot3_house/mailbox/materials/scripts/mailbox.material
[9.773s] -- Up-to-date symlink: /root/ros_workspace/install/turtlebot3_gazebo/share/turtlebot3_gazebo//models/turtlebot3_house/mailbox/materials/textures/Mailbox_Diffuse.png
[9.773s] -- Up-to-date symlink: /root/ros_workspace/install/turtlebot3_gazebo/share/turtlebot3_gazebo//models/turtlebot3_house/mailbox/materials/textures/Mailbox_Diffuse.tga.orig
[9.773s] -- Up-to-date symlink: /root/ros_workspace/install/turtlebot3_gazebo/share/turtlebot3_gazebo//models/turtlebot3_house/mailbox/materials/textures/Mailbox_Spec.png
[9.773s] -- Up-to-date symlink: /root/ros_workspace/install/turtlebot3_gazebo/share/turtlebot3_gazebo//models/turtlebot3_house/mailbox/meshes/mailbox.dae
[9.773s] -- Up-to-date symlink: /root/ros_workspace/install/turtlebot3_gazebo/share/turtlebot3_gazebo//models/turtlebot3_house/mailbox/model-1_3.sdf
[9.773s] -- Up-to-date symlink: /root/ros_workspace/install/turtlebot3_gazebo/share/turtlebot3_gazebo//models/turtlebot3_house/mailbox/model-1_4.sdf
[9.774s] -- Up-to-date symlink: /root/ros_workspace/install/turtlebot3_gazebo/share/turtlebot3_gazebo//models/turtlebot3_house/mailbox/model.config
[9.774s] -- Up-to-date symlink: /root/ros_workspace/install/turtlebot3_gazebo/share/turtlebot3_gazebo//models/turtlebot3_house/mailbox/model.sdf
[9.774s] -- Up-to-date symlink: /root/ros_workspace/install/turtlebot3_gazebo/share/turtlebot3_gazebo//models/turtlebot3_house/model.config
[9.774s] -- Up-to-date symlink: /root/ros_workspace/install/turtlebot3_gazebo/share/turtlebot3_gazebo//models/turtlebot3_house/model.sdf
[9.776s] -- Up-to-date symlink: /root/ros_workspace/install/turtlebot3_gazebo/share/turtlebot3_gazebo//models/turtlebot3_house/table_marble/materials/scripts/table_lightmap.material
[9.777s] -- Up-to-date symlink: /root/ros_workspace/install/turtlebot3_gazebo/share/turtlebot3_gazebo//models/turtlebot3_house/table_marble/materials/textures/marble.png
[9.780s] -- Up-to-date symlink: /root/ros_workspace/install/turtlebot3_gazebo/share/turtlebot3_gazebo//models/turtlebot3_house/table_marble/materials/textures/table_lightmap.png
[9.780s] -- Up-to-date symlink: /root/ros_workspace/install/turtlebot3_gazebo/share/turtlebot3_gazebo//models/turtlebot3_house/table_marble/meshes/table_lightmap.dae
[9.781s] -- Up-to-date symlink: /root/ros_workspace/install/turtlebot3_gazebo/share/turtlebot3_gazebo//models/turtlebot3_house/table_marble/model-1_4.sdf
[9.781s] -- Up-to-date symlink: /root/ros_workspace/install/turtlebot3_gazebo/share/turtlebot3_gazebo//models/turtlebot3_house/table_marble/model.config
[9.781s] -- Up-to-date symlink: /root/ros_workspace/install/turtlebot3_gazebo/share/turtlebot3_gazebo//models/turtlebot3_house/table_marble/model.sdf
[9.781s] -- Up-to-date symlink: /root/ros_workspace/install/turtlebot3_gazebo/share/turtlebot3_gazebo//models/turtlebot3_house/textures/bricks.png
[9.782s] -- Up-to-date symlink: /root/ros_workspace/install/turtlebot3_gazebo/share/turtlebot3_gazebo//models/turtlebot3_house/textures/wood.png
[9.785s] -- Up-to-date symlink: /root/ros_workspace/install/turtlebot3_gazebo/share/turtlebot3_gazebo//models/turtlebot3_waffle/model-1_4.sdf
[9.785s] -- Up-to-date symlink: /root/ros_workspace/install/turtlebot3_gazebo/share/turtlebot3_gazebo//models/turtlebot3_waffle/model.config
[9.785s] -- Up-to-date symlink: /root/ros_workspace/install/turtlebot3_gazebo/share/turtlebot3_gazebo//models/turtlebot3_waffle/model.sdf
[9.786s] -- Up-to-date symlink: /root/ros_workspace/install/turtlebot3_gazebo/share/turtlebot3_gazebo//models/turtlebot3_waffle_pi/model-1_4_.sdf
[9.788s] -- Up-to-date symlink: /root/ros_workspace/install/turtlebot3_gazebo/share/turtlebot3_gazebo//models/turtlebot3_waffle_pi/model.config
[9.790s] -- Up-to-date symlink: /root/ros_workspace/install/turtlebot3_gazebo/share/turtlebot3_gazebo//models/turtlebot3_waffle_pi/model.sdf
[9.791s] -- Up-to-date symlink: /root/ros_workspace/install/turtlebot3_gazebo/share/turtlebot3_gazebo//models/turtlebot3_world/meshes/hexagon.dae
[9.791s] -- Up-to-date symlink: /root/ros_workspace/install/turtlebot3_gazebo/share/turtlebot3_gazebo//models/turtlebot3_world/meshes/wall.dae
[9.791s] -- Up-to-date symlink: /root/ros_workspace/install/turtlebot3_gazebo/share/turtlebot3_gazebo//models/turtlebot3_world/model-1_4.sdf
[9.791s] -- Up-to-date symlink: /root/ros_workspace/install/turtlebot3_gazebo/share/turtlebot3_gazebo//models/turtlebot3_world/model.config
[9.792s] -- Up-to-date symlink: /root/ros_workspace/install/turtlebot3_gazebo/share/turtlebot3_gazebo//models/turtlebot3_world/model.sdf
[9.793s] -- Up-to-date symlink: /root/ros_workspace/install/turtlebot3_gazebo/share/turtlebot3_gazebo//params/turtlebot3_burger_bridge.yaml
[9.793s] -- Up-to-date symlink: /root/ros_workspace/install/turtlebot3_gazebo/share/turtlebot3_gazebo//params/turtlebot3_burger_cam_bridge.yaml
[9.793s] -- Up-to-date symlink: /root/ros_workspace/install/turtlebot3_gazebo/share/turtlebot3_gazebo//params/turtlebot3_waffle_bridge.yaml
[9.794s] -- Up-to-date symlink: /root/ros_workspace/install/turtlebot3_gazebo/share/turtlebot3_gazebo//params/turtlebot3_waffle_pi_bridge.yaml
[9.795s] -- Up-to-date symlink: /root/ros_workspace/install/turtlebot3_gazebo/share/turtlebot3_gazebo//rviz/tb3_gazebo.rviz
[9.795s] -- Up-to-date symlink: /root/ros_workspace/install/turtlebot3_gazebo/share/turtlebot3_gazebo//urdf/common_properties.urdf
[9.796s] -- Up-to-date symlink: /root/ros_workspace/install/turtlebot3_gazebo/share/turtlebot3_gazebo//urdf/turtlebot3_burger.urdf
[9.797s] -- Up-to-date symlink: /root/ros_workspace/install/turtlebot3_gazebo/share/turtlebot3_gazebo//urdf/turtlebot3_burger_cam.urdf
[9.797s] -- Up-to-date symlink: /root/ros_workspace/install/turtlebot3_gazebo/share/turtlebot3_gazebo//urdf/turtlebot3_waffle.urdf
[9.797s] -- Up-to-date symlink: /root/ros_workspace/install/turtlebot3_gazebo/share/turtlebot3_gazebo//urdf/turtlebot3_waffle_pi.urdf
[9.797s] -- Up-to-date symlink: /root/ros_workspace/install/turtlebot3_gazebo/share/turtlebot3_gazebo//worlds/empty_world.world
[9.797s] -- Up-to-date symlink: /root/ros_workspace/install/turtlebot3_gazebo/share/turtlebot3_gazebo//worlds/turtlebot3_autorace_2020.world
[9.798s] -- Up-to-date symlink: /root/ros_workspace/install/turtlebot3_gazebo/share/turtlebot3_gazebo//worlds/turtlebot3_dqn_stage1.world
[9.798s] -- Up-to-date symlink: /root/ros_workspace/install/turtlebot3_gazebo/share/turtlebot3_gazebo//worlds/turtlebot3_dqn_stage2.world
[9.798s] -- Up-to-date symlink: /root/ros_workspace/install/turtlebot3_gazebo/share/turtlebot3_gazebo//worlds/turtlebot3_dqn_stage3.world
[9.798s] -- Up-to-date symlink: /root/ros_workspace/install/turtlebot3_gazebo/share/turtlebot3_gazebo//worlds/turtlebot3_dqn_stage4.world
[9.798s] -- Up-to-date symlink: /root/ros_workspace/install/turtlebot3_gazebo/share/turtlebot3_gazebo//worlds/turtlebot3_house.world
[9.799s] -- Up-to-date symlink: /root/ros_workspace/install/turtlebot3_gazebo/share/turtlebot3_gazebo//worlds/turtlebot3_world.world
[9.799s] -- Up-to-date symlink: /root/ros_workspace/install/turtlebot3_gazebo/include//turtlebot3_gazebo/obstacle1.hpp
[9.799s] -- Up-to-date symlink: /root/ros_workspace/install/turtlebot3_gazebo/include//turtlebot3_gazebo/obstacle2.hpp
[9.800s] -- Up-to-date symlink: /root/ros_workspace/install/turtlebot3_gazebo/include//turtlebot3_gazebo/obstacles.hpp
[9.800s] -- Up-to-date symlink: /root/ros_workspace/install/turtlebot3_gazebo/include//turtlebot3_gazebo/traffic_bar_plugin.hpp
[9.800s] -- Up-to-date symlink: /root/ros_workspace/install/turtlebot3_gazebo/include//turtlebot3_gazebo/traffic_light_plugin.hpp
[9.801s] -- Up-to-date symlink: /root/ros_workspace/install/turtlebot3_gazebo/include//turtlebot3_gazebo/turtlebot3_drive.hpp
[9.801s] -- Up-to-date symlink: /root/ros_workspace/install/turtlebot3_gazebo/share/ament_index/resource_index/package_run_dependencies/turtlebot3_gazebo
[9.804s] -- Up-to-date symlink: /root/ros_workspace/install/turtlebot3_gazebo/share/ament_index/resource_index/parent_prefix_path/turtlebot3_gazebo
[9.804s] -- Up-to-date symlink: /root/ros_workspace/install/turtlebot3_gazebo/share/turtlebot3_gazebo/environment/ament_prefix_path.sh
[9.804s] -- Up-to-date symlink: /root/ros_workspace/install/turtlebot3_gazebo/share/turtlebot3_gazebo/environment/ament_prefix_path.dsv
[9.805s] -- Up-to-date symlink: /root/ros_workspace/install/turtlebot3_gazebo/share/turtlebot3_gazebo/environment/path.sh
[9.805s] -- Up-to-date symlink: /root/ros_workspace/install/turtlebot3_gazebo/share/turtlebot3_gazebo/environment/path.dsv
[9.817s] -- Up-to-date symlink: /root/ros_workspace/install/turtlebot3_gazebo/share/turtlebot3_gazebo/local_setup.bash
[9.818s] -- Up-to-date symlink: /root/ros_workspace/install/turtlebot3_gazebo/share/turtlebot3_gazebo/local_setup.sh
[9.818s] -- Up-to-date symlink: /root/ros_workspace/install/turtlebot3_gazebo/share/turtlebot3_gazebo/local_setup.zsh
[9.818s] -- Up-to-date symlink: /root/ros_workspace/install/turtlebot3_gazebo/share/turtlebot3_gazebo/local_setup.dsv
[9.818s] -- Symlinking: /root/ros_workspace/install/turtlebot3_gazebo/share/turtlebot3_gazebo/package.dsv
[9.831s] -- Up-to-date symlink: /root/ros_workspace/install/turtlebot3_gazebo/share/ament_index/resource_index/packages/turtlebot3_gazebo
[9.838s] -- Up-to-date symlink: /root/ros_workspace/install/turtlebot3_gazebo/share/turtlebot3_gazebo/cmake/ament_cmake_export_include_directories-extras.cmake
[9.838s] -- Up-to-date symlink: /root/ros_workspace/install/turtlebot3_gazebo/share/turtlebot3_gazebo/cmake/ament_cmake_export_dependencies-extras.cmake
[9.840s] -- Up-to-date symlink: /root/ros_workspace/install/turtlebot3_gazebo/share/turtlebot3_gazebo/cmake/turtlebot3_gazeboConfig.cmake
[9.840s] -- Up-to-date symlink: /root/ros_workspace/install/turtlebot3_gazebo/share/turtlebot3_gazebo/cmake/turtlebot3_gazeboConfig-version.cmake
[9.841s] -- Up-to-date symlink: /root/ros_workspace/install/turtlebot3_gazebo/share/turtlebot3_gazebo/package.xml
[9.904s] Invoked command in '/root/ros_workspace/build/turtlebot3_gazebo' returned '0': CMAKE_PREFIX_PATH=${CMAKE_PREFIX_PATH}:/root/ros_workspace/install/turtlebot3_teleop:/root/ros_workspace/install/turtlebot3_example:/root/ros_workspace/install/turtlebot3_control:/opt/ros/jazzy /usr/bin/cmake --install /root/ros_workspace/build/turtlebot3_gazebo
