[0.077s] Invoking command in '/root/ros_workspace/build/turtlebot3_gazebo': CMAKE_PREFIX_PATH=${CMAKE_PREFIX_PATH}:/root/ros_workspace/install/turtlebot3_teleop:/root/ros_workspace/install/turtlebot3_example:/root/ros_workspace/install/turtlebot3_control:/opt/ros/jazzy /usr/bin/cmake /root/ros_workspace/src/turtlebot3_simulations/turtlebot3_gazebo -DAMENT_CMAKE_SYMLINK_INSTALL=1 -DCMAKE_INSTALL_PREFIX=/root/ros_workspace/install/turtlebot3_gazebo
[0.662s] -- Found ament_cmake: 2.5.4 (/opt/ros/jazzy/share/ament_cmake/cmake)
[0.732s] -- Override CMake install command with custom implementation using symlinks instead of copying resources
[0.753s] -- Found ros_gz_sim: 1.0.16 (/opt/ros/jazzy/share/ros_gz_sim/cmake)
[0.823s] -- Found rosidl_generator_c: 4.6.6 (/opt/ros/jazzy/share/rosidl_generator_c/cmake)
[0.853s] -- Found rosidl_generator_cpp: 4.6.6 (/opt/ros/jazzy/share/rosidl_generator_cpp/cmake)
[0.885s] -- Using all available rosidl_typesupport_c: rosidl_typesupport_fastrtps_c;rosidl_typesupport_introspection_c
[0.940s] -- Using all available rosidl_typesupport_cpp: rosidl_typesupport_fastrtps_cpp;rosidl_typesupport_introspection_cpp
[1.163s] -- Found rmw_implementation_cmake: 7.3.2 (/opt/ros/jazzy/share/rmw_implementation_cmake/cmake)
[1.169s] -- Found rmw_fastrtps_cpp: 8.4.3 (/opt/ros/jazzy/share/rmw_fastrtps_cpp/cmake)
[1.350s] -- Using RMW implementation 'rmw_fastrtps_cpp' as default
[2.116s] -- Found nav_msgs: 5.3.6 (/opt/ros/jazzy/share/nav_msgs/cmake)
[2.177s] -- Found sensor_msgs: 5.3.6 (/opt/ros/jazzy/share/sensor_msgs/cmake)
[2.240s] -- Found gz_math_vendor: 0.0.8 (/opt/ros/jazzy/share/gz_math_vendor/cmake)
[2.246s] -- Looking for gz-math7 -- found version 7.5.2
[2.260s] -- Searching for dependencies of gz-math7
[2.261s] -- Looking for gz-utils2 -- found version 2.2.1
[2.262s] -- Searching for dependencies of gz-utils2
[2.264s] -- Found gz_sim_vendor: 0.0.9 (/opt/ros/jazzy/share/gz_sim_vendor/cmake)
[2.304s] -- Looking for gz-sim8 -- found version 8.10.0
[2.305s] -- Searching for dependencies of gz-sim8
[2.307s] -- Looking for sdformat14 -- found version 14.8.0
[2.308s] -- Searching for dependencies of sdformat14
[2.323s] -- Checking for module 'tinyxml2'
[2.369s] --   Found tinyxml2, version 10.0.0
[2.448s] -- Looking for gz-math7 -- found version 7.5.2
[2.450s] -- Looking for gz-utils2 -- found version 2.2.1
[2.450s] -- Searching for dependencies of gz-utils2
[2.451s] -- Searching for <gz-utils2> component [cli]
[2.454s] -- Looking for gz-utils2-cli -- found version 2.2.1
[2.454s] -- Searching for dependencies of gz-utils2-cli
[2.459s] -- Looking for gz-plugin2 -- found version 2.0.4
[2.459s] -- Searching for dependencies of gz-plugin2
[2.460s] -- Looking for gz-utils2 -- found version 2.2.1
[2.461s] -- Searching for <gz-plugin2> component [loader]
[2.463s] -- Looking for gz-plugin2-loader -- found version 2.0.4
[2.463s] -- Searching for dependencies of gz-plugin2-loader
[2.464s] -- Searching for <gz-plugin2> component [register]
[2.467s] -- Looking for gz-plugin2-register -- found version 2.0.4
[2.467s] -- Searching for dependencies of gz-plugin2-register
[2.470s] -- Looking for gz-transport13 -- found version 13.5.0
[2.470s] -- Searching for dependencies of gz-transport13
[2.573s] -- Config-file not installed for ZeroMQ -- checking for pkg-config
[2.579s] -- Checking for module 'libzmq >= 4'
[2.620s] --   Found libzmq, version 4.3.5
[2.743s] -- Checking for module 'uuid'
[2.777s] --   Found uuid, version 2.39.3
[2.862s] -- Looking for gz-utils2 -- found version 2.2.1
[2.863s] -- Looking for gz-msgs10 -- found version 10.3.2
[2.864s] -- Searching for dependencies of gz-msgs10
[2.903s] -- Looking for gz-utils2 -- found version 2.2.1
[2.904s] -- Looking for gz-math7 -- found version 7.5.2
[2.921s] -- Searching for <gz-transport13> component [log]
[2.923s] -- Looking for gz-transport13-log -- found version 13.5.0
[2.923s] -- Searching for dependencies of gz-transport13-log
[2.925s] -- Searching for <gz-transport13> component [parameters]
[2.926s] -- Looking for gz-transport13-parameters -- found version 13.5.0
[2.927s] -- Searching for dependencies of gz-transport13-parameters
[2.931s] -- Looking for gz-msgs10 -- found version 10.3.2
[2.932s] -- Looking for gz-common5 -- found version 5.7.1
[2.933s] -- Searching for dependencies of gz-common5
[2.934s] -- Looking for gz-utils2 -- found version 2.2.1
[2.935s] -- Looking for dlfcn.h - found
[2.935s] -- Looking for libdl - found
[2.957s] -- Searching for <gz-common5> component [av]
[2.960s] -- Looking for gz-common5-av -- found version 5.7.1
[2.960s] -- Searching for dependencies of gz-common5-av
[2.975s] -- Checking for module 'libswscale'
[3.020s] --   Found libswscale, version 7.5.100
[3.109s] -- Checking for module 'libavdevice >= 56.4.100'
[3.153s] --   Found libavdevice, version 60.3.100
[3.268s] -- Checking for module 'libavformat'
[3.307s] --   Found libavformat, version 60.16.100
[3.434s] -- Checking for module 'libavcodec'
[3.473s] --   Found libavcodec, version 60.31.102
[3.602s] -- Checking for module 'libavutil'
[3.659s] --   Found libavutil, version 58.29.100
[3.792s] -- Searching for <gz-common5> component [events]
[3.793s] -- Looking for gz-common5-events -- found version 5.7.1
[3.794s] -- Searching for dependencies of gz-common5-events
[3.795s] -- Looking for gz-math7 -- found version 7.5.2
[3.799s] -- Searching for <gz-common5> component [graphics]
[3.802s] -- Looking for gz-common5-graphics -- found version 5.7.1
[3.804s] -- Searching for dependencies of gz-common5-graphics
[3.805s] -- Looking for gz-math7 -- found version 7.5.2
[3.811s] -- Searching for <gz-common5> component [io]
[3.813s] -- Looking for gz-common5-io -- found version 5.7.1
[3.813s] -- Searching for dependencies of gz-common5-io
[3.814s] -- Searching for <gz-common5> component [profiler]
[3.816s] -- Looking for gz-common5-profiler -- found version 5.7.1
[3.816s] -- Searching for dependencies of gz-common5-profiler
[3.821s] -- Looking for gz-fuel_tools9 -- found version 9.1.1
[3.822s] -- Searching for dependencies of gz-fuel_tools9
[3.935s] -- Checking for module 'jsoncpp'
[3.982s] --   Found jsoncpp, version 1.9.5
[4.114s] -- Checking for module 'yaml-0.1'
[4.156s] --   Found yaml-0.1, version 0.2.5
[4.261s] -- Checking for module 'libzip'
[4.312s] --   Found libzip, version 1.7.3
[4.402s] -- Looking for gz-utils2 -- found version 2.2.1
[4.405s] -- Looking for gz-common5 -- found version 5.7.1
[4.407s] -- Searching for dependencies of gz-common5
[4.408s] -- Looking for gz-utils2 -- found version 2.2.1
[4.409s] -- Looking for dlfcn.h - found
[4.411s] -- Looking for libdl - found
[4.430s] -- Searching for <gz-common5> component [testing]
[4.431s] -- Looking for gz-common5-testing -- found version 5.7.1
[4.432s] -- Searching for dependencies of gz-common5-testing
[4.432s] -- Looking for gz-math7 -- found version 7.5.2
[4.433s] -- Looking for gz-msgs10 -- found version 10.3.2
[4.435s] -- Looking for gz-gui8 -- found version 8.4.0
[4.436s] -- Searching for dependencies of gz-gui8
[4.497s] -- Looking for gz-utils2 -- found version 2.2.1
[4.500s] -- Looking for gz-math7 -- found version 7.5.2
[4.501s] -- Looking for gz-common5 -- found version 5.7.1
[4.501s] -- Looking for gz-plugin2 -- found version 2.0.4
[4.503s] -- Looking for gz-transport13 -- found version 13.5.0
[4.505s] -- Looking for gz-rendering8 -- found version 8.2.2
[4.506s] -- Searching for dependencies of gz-rendering8
[4.507s] -- Looking for gz-math7 -- found version 7.5.2
[4.507s] -- Searching for dependencies of gz-math7
[4.507s] -- Looking for gz-utils2 -- found version 2.2.1
[4.508s] -- Searching for <gz-math7> component [eigen3]
[4.508s] -- Looking for gz-math7-eigen3 -- found version 7.5.2
[4.512s] -- Searching for dependencies of gz-math7-eigen3
[4.513s] -- Looking for gz-common5 -- found version 5.7.1
[4.514s] -- Searching for dependencies of gz-common5
[4.515s] -- Looking for gz-utils2 -- found version 2.2.1
[4.517s] -- Looking for dlfcn.h - found
[4.518s] -- Looking for libdl - found
[4.538s] -- Searching for <gz-common5> component [graphics]
[4.538s] -- Searching for <gz-common5> component [events]
[4.538s] -- Searching for <gz-common5> component [geospatial]
[4.539s] -- Looking for gz-common5-geospatial -- found version 5.7.1
[4.540s] -- Searching for dependencies of gz-common5-geospatial
[4.541s] -- Looking for gz-math7 -- found version 7.5.2
[4.546s] -- Looking for gz-common5 -- found version 5.7.1
[4.550s] -- Looking for gz-plugin2 -- found version 2.0.4
[4.551s] -- Searching for dependencies of gz-plugin2
[4.552s] -- Looking for gz-utils2 -- found version 2.2.1
[4.553s] -- Searching for <gz-plugin2> component [all]
[4.554s] -- Looking for all libraries of gz-plugin2 -- found version 2.0.4
[4.555s] -- Looking for gz-plugin2 -- found version 2.0.4
[4.558s] -- Looking for gz-utils2 -- found version 2.2.1
[4.566s] -- Looking for gz-msgs10 -- found version 10.3.2
[4.610s] -- Looking for gz-physics7 -- found version 7.6.0
[4.610s] -- Searching for dependencies of gz-physics7
[4.611s] -- Looking for gz-common5 -- found version 5.7.1
[4.613s] -- Looking for gz-math7 -- found version 7.5.2
[4.614s] -- Looking for gz-plugin2 -- found version 2.0.4
[4.615s] -- Looking for gz-utils2 -- found version 2.2.1
[4.617s] -- Searching for <gz-physics7> component [heightmap]
[4.619s] -- Looking for gz-physics7-heightmap -- found version 7.6.0
[4.622s] -- Searching for dependencies of gz-physics7-heightmap
[4.625s] -- Looking for gz-common5 -- found version 5.7.1
[4.627s] -- Searching for <gz-physics7> component [mesh]
[4.629s] -- Looking for gz-physics7-mesh -- found version 7.6.0
[4.629s] -- Searching for dependencies of gz-physics7-mesh
[4.630s] -- Looking for gz-common5 -- found version 5.7.1
[4.632s] -- Searching for <gz-physics7> component [sdf]
[4.634s] -- Looking for gz-physics7-sdf -- found version 7.6.0
[4.634s] -- Searching for dependencies of gz-physics7-sdf
[4.636s] -- Looking for sdformat14 -- found version 14.8.0
[4.640s] -- Looking for gz-sensors8 -- found version 8.2.2
[4.640s] -- Searching for dependencies of gz-sensors8
[4.696s] -- Looking for gz-math7 -- found version 7.5.2
[4.696s] -- Looking for gz-common5 -- found version 5.7.1
[4.698s] -- Looking for gz-transport13 -- found version 13.5.0
[4.699s] -- Looking for gz-rendering8 -- found version 8.2.2
[4.700s] -- Looking for gz-msgs10 -- found version 10.3.2
[4.702s] -- Looking for sdformat14 -- found version 14.8.0
[4.703s] -- Searching for <gz-sensors8> component [air_pressure]
[4.704s] -- Looking for gz-sensors8-air_pressure -- found version 8.2.2
[4.706s] -- Searching for dependencies of gz-sensors8-air_pressure
[4.714s] -- Searching for <gz-sensors8> component [air_speed]
[4.720s] -- Looking for gz-sensors8-air_speed -- found version 8.2.2
[4.720s] -- Searching for dependencies of gz-sensors8-air_speed
[4.720s] -- Searching for <gz-sensors8> component [altimeter]
[4.721s] -- Looking for gz-sensors8-altimeter -- found version 8.2.2
[4.721s] -- Searching for dependencies of gz-sensors8-altimeter
[4.721s] -- Searching for <gz-sensors8> component [imu]
[4.721s] -- Looking for gz-sensors8-imu -- found version 8.2.2
[4.721s] -- Searching for dependencies of gz-sensors8-imu
[4.722s] -- Searching for <gz-sensors8> component [force_torque]
[4.726s] -- Looking for gz-sensors8-force_torque -- found version 8.2.2
[4.727s] -- Searching for dependencies of gz-sensors8-force_torque
[4.728s] -- Searching for <gz-sensors8> component [logical_camera]
[4.736s] -- Looking for gz-sensors8-logical_camera -- found version 8.2.2
[4.736s] -- Searching for dependencies of gz-sensors8-logical_camera
[4.736s] -- Searching for <gz-sensors8> component [magnetometer]
[4.737s] -- Looking for gz-sensors8-magnetometer -- found version 8.2.2
[4.737s] -- Searching for dependencies of gz-sensors8-magnetometer
[4.738s] -- Searching for <gz-sensors8> component [navsat]
[4.739s] -- Looking for gz-sensors8-navsat -- found version 8.2.2
[4.739s] -- Searching for dependencies of gz-sensors8-navsat
[4.740s] -- Searching for <gz-sensors8> component [dvl]
[4.740s] -- Looking for gz-sensors8-dvl -- found version 8.2.2
[4.740s] -- Searching for dependencies of gz-sensors8-dvl
[4.741s] -- Looking for gz-sensors8 -- found version 8.2.2
[4.743s] -- Searching for dependencies of gz-sensors8
[4.794s] -- Looking for gz-math7 -- found version 7.5.2
[4.795s] -- Looking for gz-common5 -- found version 5.7.1
[4.796s] -- Looking for gz-transport13 -- found version 13.5.0
[4.796s] -- Looking for gz-rendering8 -- found version 8.2.2
[4.797s] -- Looking for gz-msgs10 -- found version 10.3.2
[4.798s] -- Looking for sdformat14 -- found version 14.8.0
[4.799s] -- Searching for <gz-sensors8> component [rendering]
[4.799s] -- Looking for gz-sensors8-rendering -- found version 8.2.2
[4.800s] -- Searching for dependencies of gz-sensors8-rendering
[4.803s] -- Searching for <gz-sensors8> component [rendering]
[4.803s] -- Searching for <gz-sensors8> component [lidar]
[4.806s] -- Looking for gz-sensors8-lidar -- found version 8.2.2
[4.808s] -- Searching for dependencies of gz-sensors8-lidar
[4.810s] -- Looking for gz-sensors8 -- found version 8.2.2
[4.814s] -- Searching for <gz-sensors8> component [gpu_lidar]
[4.814s] -- Looking for gz-sensors8-gpu_lidar -- found version 8.2.2
[4.815s] -- Searching for dependencies of gz-sensors8-gpu_lidar
[4.816s] -- Looking for gz-sensors8 -- found version 8.2.2
[4.818s] -- Searching for <gz-sensors8> component [camera]
[4.819s] -- Looking for gz-sensors8-camera -- found version 8.2.2
[4.819s] -- Searching for dependencies of gz-sensors8-camera
[4.820s] -- Looking for gz-sensors8 -- found version 8.2.2
[4.822s] -- Searching for <gz-sensors8> component [boundingbox_camera]
[4.823s] -- Looking for gz-sensors8-boundingbox_camera -- found version 8.2.2
[4.824s] -- Searching for dependencies of gz-sensors8-boundingbox_camera
[4.824s] -- Searching for <gz-sensors8> component [segmentation_camera]
[4.826s] -- Looking for gz-sensors8-segmentation_camera -- found version 8.2.2
[4.827s] -- Searching for dependencies of gz-sensors8-segmentation_camera
[4.828s] -- Searching for <gz-sensors8> component [depth_camera]
[4.829s] -- Looking for gz-sensors8-depth_camera -- found version 8.2.2
[4.830s] -- Searching for dependencies of gz-sensors8-depth_camera
[4.830s] -- Looking for gz-sensors8 -- found version 8.2.2
[4.832s] -- Searching for <gz-sensors8> component [rgbd_camera]
[4.833s] -- Looking for gz-sensors8-rgbd_camera -- found version 8.2.2
[4.834s] -- Searching for dependencies of gz-sensors8-rgbd_camera
[4.835s] -- Looking for gz-sensors8 -- found version 8.2.2
[4.836s] -- Searching for <gz-sensors8> component [thermal_camera]
[4.836s] -- Looking for gz-sensors8-thermal_camera -- found version 8.2.2
[4.836s] -- Searching for dependencies of gz-sensors8-thermal_camera
[4.837s] -- Looking for gz-sensors8 -- found version 8.2.2
[4.837s] -- Searching for <gz-sensors8> component [wide_angle_camera]
[4.838s] -- Looking for gz-sensors8-wide_angle_camera -- found version 8.2.2
[4.839s] -- Searching for dependencies of gz-sensors8-wide_angle_camera
[4.840s] -- Looking for gz-rendering8 -- found version 8.2.2
[4.841s] -- Looking for gz-math7 -- found version 7.5.2
[4.842s] -- Looking for gz-utils2 -- found version 2.2.1
[4.899s] -- Looking for gz-plugin2 -- found version 2.0.4
[5.121s] -- Configuring done (5.0s)
[5.208s] -- Generating done (0.1s)
[5.222s] -- Build files have been written to: /root/ros_workspace/build/turtlebot3_gazebo
[5.255s] Invoked command in '/root/ros_workspace/build/turtlebot3_gazebo' returned '0': CMAKE_PREFIX_PATH=${CMAKE_PREFIX_PATH}:/root/ros_workspace/install/turtlebot3_teleop:/root/ros_workspace/install/turtlebot3_example:/root/ros_workspace/install/turtlebot3_control:/opt/ros/jazzy /usr/bin/cmake /root/ros_workspace/src/turtlebot3_simulations/turtlebot3_gazebo -DAMENT_CMAKE_SYMLINK_INSTALL=1 -DCMAKE_INSTALL_PREFIX=/root/ros_workspace/install/turtlebot3_gazebo
[5.259s] Invoking command in '/root/ros_workspace/build/turtlebot3_gazebo': CMAKE_PREFIX_PATH=${CMAKE_PREFIX_PATH}:/root/ros_workspace/install/turtlebot3_teleop:/root/ros_workspace/install/turtlebot3_example:/root/ros_workspace/install/turtlebot3_control:/opt/ros/jazzy /usr/bin/cmake --build /root/ros_workspace/build/turtlebot3_gazebo -- -j12 -l12
[5.395s] [ 25%] Built target obstacles
[5.398s] [ 50%] Built target obstacle2
[5.399s] [ 75%] Built target obstacle1
[5.411s] [100%] Built target turtlebot3_drive
[5.454s] Invoked command in '/root/ros_workspace/build/turtlebot3_gazebo' returned '0': CMAKE_PREFIX_PATH=${CMAKE_PREFIX_PATH}:/root/ros_workspace/install/turtlebot3_teleop:/root/ros_workspace/install/turtlebot3_example:/root/ros_workspace/install/turtlebot3_control:/opt/ros/jazzy /usr/bin/cmake --build /root/ros_workspace/build/turtlebot3_gazebo -- -j12 -l12
[5.464s] Invoking command in '/root/ros_workspace/build/turtlebot3_gazebo': CMAKE_PREFIX_PATH=${CMAKE_PREFIX_PATH}:/root/ros_workspace/install/turtlebot3_teleop:/root/ros_workspace/install/turtlebot3_example:/root/ros_workspace/install/turtlebot3_control:/opt/ros/jazzy /usr/bin/cmake --install /root/ros_workspace/build/turtlebot3_gazebo
[5.471s] -- Install configuration: ""
[5.472s] -- Execute custom install script
[5.473s] -- Up-to-date symlink: /root/ros_workspace/install/turtlebot3_gazebo/lib/turtlebot3_gazebo/turtlebot3_drive
[5.473s] -- Up-to-date symlink: /root/ros_workspace/install/turtlebot3_gazebo/lib/turtlebot3_gazebo/libobstacles.so
[5.474s] -- Up-to-date symlink: /root/ros_workspace/install/turtlebot3_gazebo/lib/turtlebot3_gazebo/libobstacle1.so
[5.474s] -- Up-to-date symlink: /root/ros_workspace/install/turtlebot3_gazebo/lib/turtlebot3_gazebo/libobstacle2.so
[5.475s] -- Up-to-date symlink: /root/ros_workspace/install/turtlebot3_gazebo/share/turtlebot3_gazebo//launch/empty_world.launch.py
[5.476s] -- Up-to-date symlink: /root/ros_workspace/install/turtlebot3_gazebo/share/turtlebot3_gazebo//launch/robot_state_publisher.launch.py
[5.477s] -- Up-to-date symlink: /root/ros_workspace/install/turtlebot3_gazebo/share/turtlebot3_gazebo//launch/spawn_turtlebot3.launch.py
[5.478s] -- Up-to-date symlink: /root/ros_workspace/install/turtlebot3_gazebo/share/turtlebot3_gazebo//launch/turtlebot3_dqn_stage1.launch.py
[5.478s] -- Up-to-date symlink: /root/ros_workspace/install/turtlebot3_gazebo/share/turtlebot3_gazebo//launch/turtlebot3_dqn_stage2.launch.py
[5.479s] -- Up-to-date symlink: /root/ros_workspace/install/turtlebot3_gazebo/share/turtlebot3_gazebo//launch/turtlebot3_dqn_stage3.launch.py
[5.479s] -- Up-to-date symlink: /root/ros_workspace/install/turtlebot3_gazebo/share/turtlebot3_gazebo//launch/turtlebot3_dqn_stage4.launch.py
[5.480s] -- Up-to-date symlink: /root/ros_workspace/install/turtlebot3_gazebo/share/turtlebot3_gazebo//launch/turtlebot3_house.launch.py
[5.480s] -- Up-to-date symlink: /root/ros_workspace/install/turtlebot3_gazebo/share/turtlebot3_gazebo//launch/turtlebot3_world.launch.py
[5.482s] -- Up-to-date symlink: /root/ros_workspace/install/turtlebot3_gazebo/share/turtlebot3_gazebo//models/turtlebot3_burger/model-1_4.sdf
[5.482s] -- Up-to-date symlink: /root/ros_workspace/install/turtlebot3_gazebo/share/turtlebot3_gazebo//models/turtlebot3_burger/model.config
[5.483s] -- Up-to-date symlink: /root/ros_workspace/install/turtlebot3_gazebo/share/turtlebot3_gazebo//models/turtlebot3_burger/model.sdf
[5.484s] -- Up-to-date symlink: /root/ros_workspace/install/turtlebot3_gazebo/share/turtlebot3_gazebo//models/turtlebot3_burger_cam/model-1_4.sdf
[5.484s] -- Up-to-date symlink: /root/ros_workspace/install/turtlebot3_gazebo/share/turtlebot3_gazebo//models/turtlebot3_burger_cam/model.config
[5.484s] -- Up-to-date symlink: /root/ros_workspace/install/turtlebot3_gazebo/share/turtlebot3_gazebo//models/turtlebot3_burger_cam/model.sdf
[5.485s] -- Up-to-date symlink: /root/ros_workspace/install/turtlebot3_gazebo/share/turtlebot3_gazebo//models/turtlebot3_common/meshes/bases/burger_base.stl
[5.485s] -- Up-to-date symlink: /root/ros_workspace/install/turtlebot3_gazebo/share/turtlebot3_gazebo//models/turtlebot3_common/meshes/bases/waffle_base.stl
[5.486s] -- Up-to-date symlink: /root/ros_workspace/install/turtlebot3_gazebo/share/turtlebot3_gazebo//models/turtlebot3_common/meshes/bases/waffle_pi_base.stl
[5.487s] -- Up-to-date symlink: /root/ros_workspace/install/turtlebot3_gazebo/share/turtlebot3_gazebo//models/turtlebot3_common/meshes/burger_base.dae
[5.488s] -- Up-to-date symlink: /root/ros_workspace/install/turtlebot3_gazebo/share/turtlebot3_gazebo//models/turtlebot3_common/meshes/lds.dae
[5.489s] -- Up-to-date symlink: /root/ros_workspace/install/turtlebot3_gazebo/share/turtlebot3_gazebo//models/turtlebot3_common/meshes/r200.dae
[5.490s] -- Up-to-date symlink: /root/ros_workspace/install/turtlebot3_gazebo/share/turtlebot3_gazebo//models/turtlebot3_common/meshes/sensors/astra.dae
[5.491s] -- Up-to-date symlink: /root/ros_workspace/install/turtlebot3_gazebo/share/turtlebot3_gazebo//models/turtlebot3_common/meshes/sensors/astra.jpg
[5.491s] -- Up-to-date symlink: /root/ros_workspace/install/turtlebot3_gazebo/share/turtlebot3_gazebo//models/turtlebot3_common/meshes/sensors/lds.stl
[5.492s] -- Up-to-date symlink: /root/ros_workspace/install/turtlebot3_gazebo/share/turtlebot3_gazebo//models/turtlebot3_common/meshes/sensors/r200.dae
[5.492s] -- Up-to-date symlink: /root/ros_workspace/install/turtlebot3_gazebo/share/turtlebot3_gazebo//models/turtlebot3_common/meshes/sensors/r200.jpg
[5.493s] -- Up-to-date symlink: /root/ros_workspace/install/turtlebot3_gazebo/share/turtlebot3_gazebo//models/turtlebot3_common/meshes/tire.dae
[5.494s] -- Up-to-date symlink: /root/ros_workspace/install/turtlebot3_gazebo/share/turtlebot3_gazebo//models/turtlebot3_common/meshes/waffle_base.dae
[5.494s] -- Up-to-date symlink: /root/ros_workspace/install/turtlebot3_gazebo/share/turtlebot3_gazebo//models/turtlebot3_common/meshes/waffle_pi_base.dae
[5.495s] -- Up-to-date symlink: /root/ros_workspace/install/turtlebot3_gazebo/share/turtlebot3_gazebo//models/turtlebot3_common/meshes/wheels/left_tire.stl
[5.495s] -- Up-to-date symlink: /root/ros_workspace/install/turtlebot3_gazebo/share/turtlebot3_gazebo//models/turtlebot3_common/meshes/wheels/right_tire.stl
[5.496s] -- Up-to-date symlink: /root/ros_workspace/install/turtlebot3_gazebo/share/turtlebot3_gazebo//models/turtlebot3_common/model.config
[5.497s] -- Up-to-date symlink: /root/ros_workspace/install/turtlebot3_gazebo/share/turtlebot3_gazebo//models/turtlebot3_dqn_world/goal_box/model.config
[5.497s] -- Up-to-date symlink: /root/ros_workspace/install/turtlebot3_gazebo/share/turtlebot3_gazebo//models/turtlebot3_dqn_world/goal_box/model.sdf
[5.497s] -- Up-to-date symlink: /root/ros_workspace/install/turtlebot3_gazebo/share/turtlebot3_gazebo//models/turtlebot3_dqn_world/inner_walls/model.config
[5.498s] -- Up-to-date symlink: /root/ros_workspace/install/turtlebot3_gazebo/share/turtlebot3_gazebo//models/turtlebot3_dqn_world/inner_walls/model.sdf
[5.498s] -- Up-to-date symlink: /root/ros_workspace/install/turtlebot3_gazebo/share/turtlebot3_gazebo//models/turtlebot3_dqn_world/inner_walls/textures/wood.png
[5.499s] -- Up-to-date symlink: /root/ros_workspace/install/turtlebot3_gazebo/share/turtlebot3_gazebo//models/turtlebot3_dqn_world/model.config
[5.500s] -- Up-to-date symlink: /root/ros_workspace/install/turtlebot3_gazebo/share/turtlebot3_gazebo//models/turtlebot3_dqn_world/model.sdf
[5.501s] -- Up-to-date symlink: /root/ros_workspace/install/turtlebot3_gazebo/share/turtlebot3_gazebo//models/turtlebot3_dqn_world/obstacle1/model.config
[5.502s] -- Up-to-date symlink: /root/ros_workspace/install/turtlebot3_gazebo/share/turtlebot3_gazebo//models/turtlebot3_dqn_world/obstacle1/model.sdf
[5.502s] -- Up-to-date symlink: /root/ros_workspace/install/turtlebot3_gazebo/share/turtlebot3_gazebo//models/turtlebot3_dqn_world/obstacle2/model.config
[5.503s] -- Up-to-date symlink: /root/ros_workspace/install/turtlebot3_gazebo/share/turtlebot3_gazebo//models/turtlebot3_dqn_world/obstacle2/model.sdf
[5.503s] -- Up-to-date symlink: /root/ros_workspace/install/turtlebot3_gazebo/share/turtlebot3_gazebo//models/turtlebot3_dqn_world/obstacles/model.config
[5.503s] -- Up-to-date symlink: /root/ros_workspace/install/turtlebot3_gazebo/share/turtlebot3_gazebo//models/turtlebot3_dqn_world/obstacles/model.sdf
[5.504s] -- Up-to-date symlink: /root/ros_workspace/install/turtlebot3_gazebo/share/turtlebot3_gazebo//models/turtlebot3_dqn_world/textures/wood.png
[5.504s] -- Up-to-date symlink: /root/ros_workspace/install/turtlebot3_gazebo/share/turtlebot3_gazebo//models/turtlebot3_house/cafe_table/materials/textures/Maple.jpg
[5.504s] -- Up-to-date symlink: /root/ros_workspace/install/turtlebot3_gazebo/share/turtlebot3_gazebo//models/turtlebot3_house/cafe_table/materials/textures/Wood_Floor_Dark.jpg
[5.505s] -- Up-to-date symlink: /root/ros_workspace/install/turtlebot3_gazebo/share/turtlebot3_gazebo//models/turtlebot3_house/cafe_table/meshes/cafe_table.dae
[5.505s] -- Up-to-date symlink: /root/ros_workspace/install/turtlebot3_gazebo/share/turtlebot3_gazebo//models/turtlebot3_house/cafe_table/model-1_4.sdf
[5.506s] -- Up-to-date symlink: /root/ros_workspace/install/turtlebot3_gazebo/share/turtlebot3_gazebo//models/turtlebot3_house/cafe_table/model.config
[5.506s] -- Up-to-date symlink: /root/ros_workspace/install/turtlebot3_gazebo/share/turtlebot3_gazebo//models/turtlebot3_house/cafe_table/model.sdf
[5.507s] -- Up-to-date symlink: /root/ros_workspace/install/turtlebot3_gazebo/share/turtlebot3_gazebo//models/turtlebot3_house/first_2015_trash_can/meshes/trash_can.dae
[5.507s] -- Up-to-date symlink: /root/ros_workspace/install/turtlebot3_gazebo/share/turtlebot3_gazebo//models/turtlebot3_house/first_2015_trash_can/model.config
[5.508s] -- Up-to-date symlink: /root/ros_workspace/install/turtlebot3_gazebo/share/turtlebot3_gazebo//models/turtlebot3_house/first_2015_trash_can/model.sdf
[5.508s] -- Up-to-date symlink: /root/ros_workspace/install/turtlebot3_gazebo/share/turtlebot3_gazebo//models/turtlebot3_house/mailbox/materials/scripts/mailbox.material
[5.509s] -- Up-to-date symlink: /root/ros_workspace/install/turtlebot3_gazebo/share/turtlebot3_gazebo//models/turtlebot3_house/mailbox/materials/textures/Mailbox_Diffuse.png
[5.509s] -- Up-to-date symlink: /root/ros_workspace/install/turtlebot3_gazebo/share/turtlebot3_gazebo//models/turtlebot3_house/mailbox/materials/textures/Mailbox_Diffuse.tga.orig
[5.510s] -- Up-to-date symlink: /root/ros_workspace/install/turtlebot3_gazebo/share/turtlebot3_gazebo//models/turtlebot3_house/mailbox/materials/textures/Mailbox_Spec.png
[5.511s] -- Up-to-date symlink: /root/ros_workspace/install/turtlebot3_gazebo/share/turtlebot3_gazebo//models/turtlebot3_house/mailbox/meshes/mailbox.dae
[5.511s] -- Up-to-date symlink: /root/ros_workspace/install/turtlebot3_gazebo/share/turtlebot3_gazebo//models/turtlebot3_house/mailbox/model-1_3.sdf
[5.512s] -- Up-to-date symlink: /root/ros_workspace/install/turtlebot3_gazebo/share/turtlebot3_gazebo//models/turtlebot3_house/mailbox/model-1_4.sdf
[5.513s] -- Up-to-date symlink: /root/ros_workspace/install/turtlebot3_gazebo/share/turtlebot3_gazebo//models/turtlebot3_house/mailbox/model.config
[5.513s] -- Up-to-date symlink: /root/ros_workspace/install/turtlebot3_gazebo/share/turtlebot3_gazebo//models/turtlebot3_house/mailbox/model.sdf
[5.514s] -- Up-to-date symlink: /root/ros_workspace/install/turtlebot3_gazebo/share/turtlebot3_gazebo//models/turtlebot3_house/model.config
[5.515s] -- Up-to-date symlink: /root/ros_workspace/install/turtlebot3_gazebo/share/turtlebot3_gazebo//models/turtlebot3_house/model.sdf
[5.515s] -- Up-to-date symlink: /root/ros_workspace/install/turtlebot3_gazebo/share/turtlebot3_gazebo//models/turtlebot3_house/table_marble/materials/scripts/table_lightmap.material
[5.516s] -- Up-to-date symlink: /root/ros_workspace/install/turtlebot3_gazebo/share/turtlebot3_gazebo//models/turtlebot3_house/table_marble/materials/textures/marble.png
[5.516s] -- Up-to-date symlink: /root/ros_workspace/install/turtlebot3_gazebo/share/turtlebot3_gazebo//models/turtlebot3_house/table_marble/materials/textures/table_lightmap.png
[5.516s] -- Up-to-date symlink: /root/ros_workspace/install/turtlebot3_gazebo/share/turtlebot3_gazebo//models/turtlebot3_house/table_marble/meshes/table_lightmap.dae
[5.517s] -- Up-to-date symlink: /root/ros_workspace/install/turtlebot3_gazebo/share/turtlebot3_gazebo//models/turtlebot3_house/table_marble/model-1_4.sdf
[5.517s] -- Up-to-date symlink: /root/ros_workspace/install/turtlebot3_gazebo/share/turtlebot3_gazebo//models/turtlebot3_house/table_marble/model.config
[5.517s] -- Up-to-date symlink: /root/ros_workspace/install/turtlebot3_gazebo/share/turtlebot3_gazebo//models/turtlebot3_house/table_marble/model.sdf
[5.517s] -- Up-to-date symlink: /root/ros_workspace/install/turtlebot3_gazebo/share/turtlebot3_gazebo//models/turtlebot3_house/textures/bricks.png
[5.517s] -- Up-to-date symlink: /root/ros_workspace/install/turtlebot3_gazebo/share/turtlebot3_gazebo//models/turtlebot3_house/textures/wood.png
[5.517s] -- Up-to-date symlink: /root/ros_workspace/install/turtlebot3_gazebo/share/turtlebot3_gazebo//models/turtlebot3_waffle/model-1_4.sdf
[5.518s] -- Up-to-date symlink: /root/ros_workspace/install/turtlebot3_gazebo/share/turtlebot3_gazebo//models/turtlebot3_waffle/model.config
[5.518s] -- Up-to-date symlink: /root/ros_workspace/install/turtlebot3_gazebo/share/turtlebot3_gazebo//models/turtlebot3_waffle/model.sdf
[5.518s] -- Up-to-date symlink: /root/ros_workspace/install/turtlebot3_gazebo/share/turtlebot3_gazebo//models/turtlebot3_waffle_pi/model-1_4_.sdf
[5.518s] -- Up-to-date symlink: /root/ros_workspace/install/turtlebot3_gazebo/share/turtlebot3_gazebo//models/turtlebot3_waffle_pi/model.config
[5.518s] -- Up-to-date symlink: /root/ros_workspace/install/turtlebot3_gazebo/share/turtlebot3_gazebo//models/turtlebot3_waffle_pi/model.sdf
[5.518s] -- Up-to-date symlink: /root/ros_workspace/install/turtlebot3_gazebo/share/turtlebot3_gazebo//models/turtlebot3_world/meshes/hexagon.dae
[5.518s] -- Up-to-date symlink: /root/ros_workspace/install/turtlebot3_gazebo/share/turtlebot3_gazebo//models/turtlebot3_world/meshes/wall.dae
[5.518s] -- Up-to-date symlink: /root/ros_workspace/install/turtlebot3_gazebo/share/turtlebot3_gazebo//models/turtlebot3_world/model-1_4.sdf
[5.519s] -- Up-to-date symlink: /root/ros_workspace/install/turtlebot3_gazebo/share/turtlebot3_gazebo//models/turtlebot3_world/model.config
[5.519s] -- Up-to-date symlink: /root/ros_workspace/install/turtlebot3_gazebo/share/turtlebot3_gazebo//models/turtlebot3_world/model.sdf
[5.519s] -- Up-to-date symlink: /root/ros_workspace/install/turtlebot3_gazebo/share/turtlebot3_gazebo//params/turtlebot3_burger_bridge.yaml
[5.519s] -- Up-to-date symlink: /root/ros_workspace/install/turtlebot3_gazebo/share/turtlebot3_gazebo//params/turtlebot3_burger_cam_bridge.yaml
[5.519s] -- Up-to-date symlink: /root/ros_workspace/install/turtlebot3_gazebo/share/turtlebot3_gazebo//params/turtlebot3_waffle_bridge.yaml
[5.519s] -- Up-to-date symlink: /root/ros_workspace/install/turtlebot3_gazebo/share/turtlebot3_gazebo//params/turtlebot3_waffle_pi_bridge.yaml
[5.519s] -- Up-to-date symlink: /root/ros_workspace/install/turtlebot3_gazebo/share/turtlebot3_gazebo//rviz/tb3_gazebo.rviz
[5.519s] -- Up-to-date symlink: /root/ros_workspace/install/turtlebot3_gazebo/share/turtlebot3_gazebo//urdf/common_properties.urdf
[5.519s] -- Up-to-date symlink: /root/ros_workspace/install/turtlebot3_gazebo/share/turtlebot3_gazebo//urdf/turtlebot3_burger.urdf
[5.520s] -- Up-to-date symlink: /root/ros_workspace/install/turtlebot3_gazebo/share/turtlebot3_gazebo//urdf/turtlebot3_burger_cam.urdf
[5.520s] -- Up-to-date symlink: /root/ros_workspace/install/turtlebot3_gazebo/share/turtlebot3_gazebo//urdf/turtlebot3_waffle.urdf
[5.520s] -- Up-to-date symlink: /root/ros_workspace/install/turtlebot3_gazebo/share/turtlebot3_gazebo//urdf/turtlebot3_waffle_pi.urdf
[5.520s] -- Up-to-date symlink: /root/ros_workspace/install/turtlebot3_gazebo/share/turtlebot3_gazebo//worlds/empty_world.world
[5.520s] -- Up-to-date symlink: /root/ros_workspace/install/turtlebot3_gazebo/share/turtlebot3_gazebo//worlds/turtlebot3_autorace_2020.world
[5.520s] -- Up-to-date symlink: /root/ros_workspace/install/turtlebot3_gazebo/share/turtlebot3_gazebo//worlds/turtlebot3_dqn_stage1.world
[5.520s] -- Up-to-date symlink: /root/ros_workspace/install/turtlebot3_gazebo/share/turtlebot3_gazebo//worlds/turtlebot3_dqn_stage2.world
[5.520s] -- Up-to-date symlink: /root/ros_workspace/install/turtlebot3_gazebo/share/turtlebot3_gazebo//worlds/turtlebot3_dqn_stage3.world
[5.520s] -- Up-to-date symlink: /root/ros_workspace/install/turtlebot3_gazebo/share/turtlebot3_gazebo//worlds/turtlebot3_dqn_stage4.world
[5.520s] -- Up-to-date symlink: /root/ros_workspace/install/turtlebot3_gazebo/share/turtlebot3_gazebo//worlds/turtlebot3_house.world
[5.521s] -- Up-to-date symlink: /root/ros_workspace/install/turtlebot3_gazebo/share/turtlebot3_gazebo//worlds/turtlebot3_world.world
[5.521s] -- Up-to-date symlink: /root/ros_workspace/install/turtlebot3_gazebo/include//turtlebot3_gazebo/obstacle1.hpp
[5.521s] -- Up-to-date symlink: /root/ros_workspace/install/turtlebot3_gazebo/include//turtlebot3_gazebo/obstacle2.hpp
[5.521s] -- Up-to-date symlink: /root/ros_workspace/install/turtlebot3_gazebo/include//turtlebot3_gazebo/obstacles.hpp
[5.521s] -- Up-to-date symlink: /root/ros_workspace/install/turtlebot3_gazebo/include//turtlebot3_gazebo/traffic_bar_plugin.hpp
[5.521s] -- Up-to-date symlink: /root/ros_workspace/install/turtlebot3_gazebo/include//turtlebot3_gazebo/traffic_light_plugin.hpp
[5.521s] -- Up-to-date symlink: /root/ros_workspace/install/turtlebot3_gazebo/include//turtlebot3_gazebo/turtlebot3_drive.hpp
[5.521s] -- Up-to-date symlink: /root/ros_workspace/install/turtlebot3_gazebo/share/ament_index/resource_index/package_run_dependencies/turtlebot3_gazebo
[5.521s] -- Up-to-date symlink: /root/ros_workspace/install/turtlebot3_gazebo/share/ament_index/resource_index/parent_prefix_path/turtlebot3_gazebo
[5.521s] -- Up-to-date symlink: /root/ros_workspace/install/turtlebot3_gazebo/share/turtlebot3_gazebo/environment/ament_prefix_path.sh
[5.521s] -- Up-to-date symlink: /root/ros_workspace/install/turtlebot3_gazebo/share/turtlebot3_gazebo/environment/ament_prefix_path.dsv
[5.522s] -- Up-to-date symlink: /root/ros_workspace/install/turtlebot3_gazebo/share/turtlebot3_gazebo/environment/path.sh
[5.522s] -- Up-to-date symlink: /root/ros_workspace/install/turtlebot3_gazebo/share/turtlebot3_gazebo/environment/path.dsv
[5.522s] -- Up-to-date symlink: /root/ros_workspace/install/turtlebot3_gazebo/share/turtlebot3_gazebo/local_setup.bash
[5.522s] -- Up-to-date symlink: /root/ros_workspace/install/turtlebot3_gazebo/share/turtlebot3_gazebo/local_setup.sh
[5.522s] -- Up-to-date symlink: /root/ros_workspace/install/turtlebot3_gazebo/share/turtlebot3_gazebo/local_setup.zsh
[5.522s] -- Up-to-date symlink: /root/ros_workspace/install/turtlebot3_gazebo/share/turtlebot3_gazebo/local_setup.dsv
[5.522s] -- Symlinking: /root/ros_workspace/install/turtlebot3_gazebo/share/turtlebot3_gazebo/package.dsv
[5.536s] -- Up-to-date symlink: /root/ros_workspace/install/turtlebot3_gazebo/share/ament_index/resource_index/packages/turtlebot3_gazebo
[5.537s] -- Up-to-date symlink: /root/ros_workspace/install/turtlebot3_gazebo/share/turtlebot3_gazebo/cmake/ament_cmake_export_include_directories-extras.cmake
[5.538s] -- Up-to-date symlink: /root/ros_workspace/install/turtlebot3_gazebo/share/turtlebot3_gazebo/cmake/ament_cmake_export_dependencies-extras.cmake
[5.538s] -- Up-to-date symlink: /root/ros_workspace/install/turtlebot3_gazebo/share/turtlebot3_gazebo/cmake/turtlebot3_gazeboConfig.cmake
[5.539s] -- Up-to-date symlink: /root/ros_workspace/install/turtlebot3_gazebo/share/turtlebot3_gazebo/cmake/turtlebot3_gazeboConfig-version.cmake
[5.539s] -- Up-to-date symlink: /root/ros_workspace/install/turtlebot3_gazebo/share/turtlebot3_gazebo/package.xml
[5.544s] Invoked command in '/root/ros_workspace/build/turtlebot3_gazebo' returned '0': CMAKE_PREFIX_PATH=${CMAKE_PREFIX_PATH}:/root/ros_workspace/install/turtlebot3_teleop:/root/ros_workspace/install/turtlebot3_example:/root/ros_workspace/install/turtlebot3_control:/opt/ros/jazzy /usr/bin/cmake --install /root/ros_workspace/build/turtlebot3_gazebo
