[0.085s] Invoking command in '/root/ros_workspace/build/pose_graph_tools': CMAKE_PREFIX_PATH=${CMAKE_PREFIX_PATH}:/opt/ros/jazzy /usr/bin/cmake --build /root/ros_workspace/build/pose_graph_tools -- -j8 -l8
[0.523s] [100%] Built target pose_graph_tools
[0.693s] Invoked command in '/root/ros_workspace/build/pose_graph_tools' returned '0': CMAKE_PREFIX_PATH=${CMAKE_PREFIX_PATH}:/opt/ros/jazzy /usr/bin/cmake --build /root/ros_workspace/build/pose_graph_tools -- -j8 -l8
[0.731s] Invoking command in '/root/ros_workspace/build/pose_graph_tools': CMAKE_PREFIX_PATH=${CMAKE_PREFIX_PATH}:/opt/ros/jazzy /usr/bin/cmake --install /root/ros_workspace/build/pose_graph_tools
[0.885s] -- Install configuration: "Release"
[0.886s] -- Up-to-date: /root/ros_workspace/install/pose_graph_tools/lib/libpose_graph_tools.so
[0.887s] -- Up-to-date: /root/ros_workspace/install/pose_graph_tools/include
[0.887s] -- Up-to-date: /root/ros_workspace/install/pose_graph_tools/include/pose_graph_tools
[0.887s] -- Up-to-date: /root/ros_workspace/install/pose_graph_tools/include/pose_graph_tools/bow_vector.h
[0.887s] -- Up-to-date: /root/ros_workspace/install/pose_graph_tools/include/pose_graph_tools/all.h
[0.887s] -- Up-to-date: /root/ros_workspace/install/pose_graph_tools/include/pose_graph_tools/bow_query.h
[0.887s] -- Up-to-date: /root/ros_workspace/install/pose_graph_tools/include/pose_graph_tools/bow_queries.h
[0.887s] -- Up-to-date: /root/ros_workspace/install/pose_graph_tools/include/pose_graph_tools/pose_graph.h
[0.887s] -- Up-to-date: /root/ros_workspace/install/pose_graph_tools/include/pose_graph_tools/pose_graph_edge.h
[0.888s] -- Up-to-date: /root/ros_workspace/install/pose_graph_tools/include/pose_graph_tools/pose_graph_node.h
[0.888s] -- Up-to-date: /root/ros_workspace/install/pose_graph_tools/lib/cmake/pose_graph_tools/pose_graph_toolsTargets.cmake
[0.888s] -- Up-to-date: /root/ros_workspace/install/pose_graph_tools/lib/cmake/pose_graph_tools/pose_graph_toolsTargets-release.cmake
[0.888s] -- Up-to-date: /root/ros_workspace/install/pose_graph_tools/lib/cmake/pose_graph_tools/pose_graph_toolsConfig.cmake
[0.888s] -- Up-to-date: /root/ros_workspace/install/pose_graph_tools/lib/cmake/pose_graph_tools/pose_graph_toolsConfigVersion.cmake
[0.939s] Invoked command in '/root/ros_workspace/build/pose_graph_tools' returned '0': CMAKE_PREFIX_PATH=${CMAKE_PREFIX_PATH}:/opt/ros/jazzy /usr/bin/cmake --install /root/ros_workspace/build/pose_graph_tools
