[0.047s] Invoking command in '/root/ros_workspace/build/config_utilities_ros': AMENT_PREFIX_PATH=/root/ros_workspace/install/config_utilities_msgs:${AMENT_PREFIX_PATH} CMAKE_PREFIX_PATH=/root/ros_workspace/install/config_utilities_msgs:/root/ros_workspace/install/config_utilities:/opt/ros/jazzy/opt/gz_sim_vendor:/opt/ros/jazzy/opt/gz_sensors_vendor:/opt/ros/jazzy/opt/gz_physics_vendor:/opt/ros/jazzy/opt/sdformat_vendor:/opt/ros/jazzy/opt/gz_gui_vendor:/opt/ros/jazzy/opt/gz_transport_vendor:/opt/ros/jazzy/opt/gz_rendering_vendor:/opt/ros/jazzy/opt/gz_plugin_vendor:/opt/ros/jazzy/opt/gz_fuel_tools_vendor:/opt/ros/jazzy/opt/gz_msgs_vendor:/opt/ros/jazzy/opt/gz_common_vendor:/opt/ros/jazzy/opt/gz_math_vendor:/opt/ros/jazzy/opt/gz_utils_vendor:/opt/ros/jazzy/opt/gz_tools_vendor:/opt/ros/jazzy/opt/gz_ogre_next_vendor:/opt/ros/jazzy/opt/gz_dartsim_vendor:/opt/ros/jazzy/opt/gz_cmake_vendor:/opt/ros/jazzy LD_LIBRARY_PATH=/root/ros_workspace/install/config_utilities_msgs/lib:/root/ros_workspace/install/config_utilities/lib:${LD_LIBRARY_PATH} PATH=/root/ros_workspace/install/config_utilities/bin:${PATH} PKG_CONFIG_PATH=/root/ros_workspace/install/config_utilities/lib/x86_64-linux-gnu/pkgconfig:/root/ros_workspace/install/config_utilities/lib/pkgconfig PYTHONPATH=/root/ros_workspace/install/config_utilities_msgs/lib/python3.12/site-packages:${PYTHONPATH} /usr/bin/cmake /root/ros_workspace/src/config_utilities/config_utilities_ros -DCMAKE_BUILD_TYPE=Release -DCMAKE_INSTALL_PREFIX=/root/ros_workspace/install/config_utilities_ros
[0.191s] -- The C compiler identification is GNU 13.3.0
[0.325s] -- The CXX compiler identification is GNU 13.3.0
[0.363s] -- Detecting C compiler ABI info
[0.598s] -- Detecting C compiler ABI info - done
[0.609s] -- Check for working C compiler: /usr/bin/cc - skipped
[0.610s] -- Detecting C compile features
[0.610s] -- Detecting C compile features - done
[0.632s] -- Detecting CXX compiler ABI info
[0.901s] -- Detecting CXX compiler ABI info - done
[0.919s] -- Check for working CXX compiler: /usr/bin/c++ - skipped
[0.920s] -- Detecting CXX compile features
[0.921s] -- Detecting CXX compile features - done
[0.935s] -- Found ament_cmake: 2.5.4 (/opt/ros/jazzy/share/ament_cmake/cmake)
[1.296s] -- Found Python3: /usr/bin/python3 (found version "3.12.3") found components: Interpreter 
[1.650s] -- Found rclcpp: 28.1.13 (/opt/ros/jazzy/share/rclcpp/cmake)
[1.853s] -- Found rosidl_generator_c: 4.6.6 (/opt/ros/jazzy/share/rosidl_generator_c/cmake)
[1.927s] -- Found rosidl_generator_cpp: 4.6.6 (/opt/ros/jazzy/share/rosidl_generator_cpp/cmake)
[2.010s] -- Using all available rosidl_typesupport_c: rosidl_typesupport_fastrtps_c;rosidl_typesupport_introspection_c
[2.127s] -- Using all available rosidl_typesupport_cpp: rosidl_typesupport_fastrtps_cpp;rosidl_typesupport_introspection_cpp
[2.526s] -- Found rmw_implementation_cmake: 7.3.2 (/opt/ros/jazzy/share/rmw_implementation_cmake/cmake)
[2.546s] -- Found rmw_fastrtps_cpp: 8.4.3 (/opt/ros/jazzy/share/rmw_fastrtps_cpp/cmake)
[3.173s] -- Found OpenSSL: /usr/lib/x86_64-linux-gnu/libcrypto.so (found version "3.0.13")  
[3.317s] -- Found FastRTPS: /opt/ros/jazzy/include (Required is at least version "2.13") 
[3.449s] -- Using RMW implementation 'rmw_fastrtps_cpp' as default
[4.103s] -- Found Unwind: /usr/include/x86_64-linux-gnu (found suitable version "1.6.2", minimum required is "1.6.2") 
[4.110s] -- Found config_utilities_msgs: 2.0.0 (/root/ros_workspace/install/config_utilities_msgs/share/config_utilities_msgs/cmake)
[5.941s] -- Configuring done (5.9s)
[6.153s] -- Generating done (0.1s)
[6.197s] -- Build files have been written to: /root/ros_workspace/build/config_utilities_ros
[6.266s] Invoked command in '/root/ros_workspace/build/config_utilities_ros' returned '0': AMENT_PREFIX_PATH=/root/ros_workspace/install/config_utilities_msgs:${AMENT_PREFIX_PATH} CMAKE_PREFIX_PATH=/root/ros_workspace/install/config_utilities_msgs:/root/ros_workspace/install/config_utilities:/opt/ros/jazzy/opt/gz_sim_vendor:/opt/ros/jazzy/opt/gz_sensors_vendor:/opt/ros/jazzy/opt/gz_physics_vendor:/opt/ros/jazzy/opt/sdformat_vendor:/opt/ros/jazzy/opt/gz_gui_vendor:/opt/ros/jazzy/opt/gz_transport_vendor:/opt/ros/jazzy/opt/gz_rendering_vendor:/opt/ros/jazzy/opt/gz_plugin_vendor:/opt/ros/jazzy/opt/gz_fuel_tools_vendor:/opt/ros/jazzy/opt/gz_msgs_vendor:/opt/ros/jazzy/opt/gz_common_vendor:/opt/ros/jazzy/opt/gz_math_vendor:/opt/ros/jazzy/opt/gz_utils_vendor:/opt/ros/jazzy/opt/gz_tools_vendor:/opt/ros/jazzy/opt/gz_ogre_next_vendor:/opt/ros/jazzy/opt/gz_dartsim_vendor:/opt/ros/jazzy/opt/gz_cmake_vendor:/opt/ros/jazzy LD_LIBRARY_PATH=/root/ros_workspace/install/config_utilities_msgs/lib:/root/ros_workspace/install/config_utilities/lib:${LD_LIBRARY_PATH} PATH=/root/ros_workspace/install/config_utilities/bin:${PATH} PKG_CONFIG_PATH=/root/ros_workspace/install/config_utilities/lib/x86_64-linux-gnu/pkgconfig:/root/ros_workspace/install/config_utilities/lib/pkgconfig PYTHONPATH=/root/ros_workspace/install/config_utilities_msgs/lib/python3.12/site-packages:${PYTHONPATH} /usr/bin/cmake /root/ros_workspace/src/config_utilities/config_utilities_ros -DCMAKE_BUILD_TYPE=Release -DCMAKE_INSTALL_PREFIX=/root/ros_workspace/install/config_utilities_ros
[6.274s] Invoking command in '/root/ros_workspace/build/config_utilities_ros': AMENT_PREFIX_PATH=/root/ros_workspace/install/config_utilities_msgs:${AMENT_PREFIX_PATH} CMAKE_PREFIX_PATH=/root/ros_workspace/install/config_utilities_msgs:/root/ros_workspace/install/config_utilities:/opt/ros/jazzy/opt/gz_sim_vendor:/opt/ros/jazzy/opt/gz_sensors_vendor:/opt/ros/jazzy/opt/gz_physics_vendor:/opt/ros/jazzy/opt/sdformat_vendor:/opt/ros/jazzy/opt/gz_gui_vendor:/opt/ros/jazzy/opt/gz_transport_vendor:/opt/ros/jazzy/opt/gz_rendering_vendor:/opt/ros/jazzy/opt/gz_plugin_vendor:/opt/ros/jazzy/opt/gz_fuel_tools_vendor:/opt/ros/jazzy/opt/gz_msgs_vendor:/opt/ros/jazzy/opt/gz_common_vendor:/opt/ros/jazzy/opt/gz_math_vendor:/opt/ros/jazzy/opt/gz_utils_vendor:/opt/ros/jazzy/opt/gz_tools_vendor:/opt/ros/jazzy/opt/gz_ogre_next_vendor:/opt/ros/jazzy/opt/gz_dartsim_vendor:/opt/ros/jazzy/opt/gz_cmake_vendor:/opt/ros/jazzy LD_LIBRARY_PATH=/root/ros_workspace/install/config_utilities_msgs/lib:/root/ros_workspace/install/config_utilities/lib:${LD_LIBRARY_PATH} PATH=/root/ros_workspace/install/config_utilities/bin:${PATH} PKG_CONFIG_PATH=/root/ros_workspace/install/config_utilities/lib/x86_64-linux-gnu/pkgconfig:/root/ros_workspace/install/config_utilities/lib/pkgconfig PYTHONPATH=/root/ros_workspace/install/config_utilities_msgs/lib/python3.12/site-packages:${PYTHONPATH} /usr/bin/cmake --build /root/ros_workspace/build/config_utilities_ros -- -j8 -l8
[6.730s] [ 25%] [32mBuilding CXX object CMakeFiles/config_utilities_ros.dir/src/ros_dynamic_config_server.cpp.o[0m
[6.895s] [ 25%] Built target ament_cmake_python_copy_config_utilities_ros
[7.796s] running egg_info
[7.802s] creating config_utilities_ros.egg-info
[7.917s] writing config_utilities_ros.egg-info/PKG-INFO
[7.918s] writing dependency_links to config_utilities_ros.egg-info/dependency_links.txt
[7.919s] writing top-level names to config_utilities_ros.egg-info/top_level.txt
[7.919s] writing manifest file 'config_utilities_ros.egg-info/SOURCES.txt'
[8.400s] reading manifest file 'config_utilities_ros.egg-info/SOURCES.txt'
[8.413s] writing manifest file 'config_utilities_ros.egg-info/SOURCES.txt'
[8.653s] [ 25%] Built target ament_cmake_python_build_config_utilities_ros_egg
[38.123s] [ 50%] [32m[1mLinking CXX shared library libconfig_utilities_ros.so[0m
[38.889s] [ 50%] Built target config_utilities_ros
[38.975s] [ 75%] [32mBuilding CXX object CMakeFiles/demo_ros_dynamic_config_server.dir/demos/demo_ros_dynamic_config_server.cpp.o[0m
[64.689s] [100%] [32m[1mLinking CXX executable demo_ros_dynamic_config_server[0m
[65.561s] [100%] Built target demo_ros_dynamic_config_server
[65.689s] Invoked command in '/root/ros_workspace/build/config_utilities_ros' returned '0': AMENT_PREFIX_PATH=/root/ros_workspace/install/config_utilities_msgs:${AMENT_PREFIX_PATH} CMAKE_PREFIX_PATH=/root/ros_workspace/install/config_utilities_msgs:/root/ros_workspace/install/config_utilities:/opt/ros/jazzy/opt/gz_sim_vendor:/opt/ros/jazzy/opt/gz_sensors_vendor:/opt/ros/jazzy/opt/gz_physics_vendor:/opt/ros/jazzy/opt/sdformat_vendor:/opt/ros/jazzy/opt/gz_gui_vendor:/opt/ros/jazzy/opt/gz_transport_vendor:/opt/ros/jazzy/opt/gz_rendering_vendor:/opt/ros/jazzy/opt/gz_plugin_vendor:/opt/ros/jazzy/opt/gz_fuel_tools_vendor:/opt/ros/jazzy/opt/gz_msgs_vendor:/opt/ros/jazzy/opt/gz_common_vendor:/opt/ros/jazzy/opt/gz_math_vendor:/opt/ros/jazzy/opt/gz_utils_vendor:/opt/ros/jazzy/opt/gz_tools_vendor:/opt/ros/jazzy/opt/gz_ogre_next_vendor:/opt/ros/jazzy/opt/gz_dartsim_vendor:/opt/ros/jazzy/opt/gz_cmake_vendor:/opt/ros/jazzy LD_LIBRARY_PATH=/root/ros_workspace/install/config_utilities_msgs/lib:/root/ros_workspace/install/config_utilities/lib:${LD_LIBRARY_PATH} PATH=/root/ros_workspace/install/config_utilities/bin:${PATH} PKG_CONFIG_PATH=/root/ros_workspace/install/config_utilities/lib/x86_64-linux-gnu/pkgconfig:/root/ros_workspace/install/config_utilities/lib/pkgconfig PYTHONPATH=/root/ros_workspace/install/config_utilities_msgs/lib/python3.12/site-packages:${PYTHONPATH} /usr/bin/cmake --build /root/ros_workspace/build/config_utilities_ros -- -j8 -l8
[65.700s] Invoking command in '/root/ros_workspace/build/config_utilities_ros': AMENT_PREFIX_PATH=/root/ros_workspace/install/config_utilities_msgs:${AMENT_PREFIX_PATH} CMAKE_PREFIX_PATH=/root/ros_workspace/install/config_utilities_msgs:/root/ros_workspace/install/config_utilities:/opt/ros/jazzy/opt/gz_sim_vendor:/opt/ros/jazzy/opt/gz_sensors_vendor:/opt/ros/jazzy/opt/gz_physics_vendor:/opt/ros/jazzy/opt/sdformat_vendor:/opt/ros/jazzy/opt/gz_gui_vendor:/opt/ros/jazzy/opt/gz_transport_vendor:/opt/ros/jazzy/opt/gz_rendering_vendor:/opt/ros/jazzy/opt/gz_plugin_vendor:/opt/ros/jazzy/opt/gz_fuel_tools_vendor:/opt/ros/jazzy/opt/gz_msgs_vendor:/opt/ros/jazzy/opt/gz_common_vendor:/opt/ros/jazzy/opt/gz_math_vendor:/opt/ros/jazzy/opt/gz_utils_vendor:/opt/ros/jazzy/opt/gz_tools_vendor:/opt/ros/jazzy/opt/gz_ogre_next_vendor:/opt/ros/jazzy/opt/gz_dartsim_vendor:/opt/ros/jazzy/opt/gz_cmake_vendor:/opt/ros/jazzy LD_LIBRARY_PATH=/root/ros_workspace/install/config_utilities_msgs/lib:/root/ros_workspace/install/config_utilities/lib:${LD_LIBRARY_PATH} PATH=/root/ros_workspace/install/config_utilities/bin:${PATH} PKG_CONFIG_PATH=/root/ros_workspace/install/config_utilities/lib/x86_64-linux-gnu/pkgconfig:/root/ros_workspace/install/config_utilities/lib/pkgconfig PYTHONPATH=/root/ros_workspace/install/config_utilities_msgs/lib/python3.12/site-packages:${PYTHONPATH} /usr/bin/cmake --install /root/ros_workspace/build/config_utilities_ros
[65.786s] -- Install configuration: "Release"
[65.793s] -- Installing: /root/ros_workspace/install/config_utilities_ros/share/config_utilities_ros/environment/pythonpath.sh
[65.800s] -- Installing: /root/ros_workspace/install/config_utilities_ros/share/config_utilities_ros/environment/pythonpath.dsv
[65.801s] -- Installing: /root/ros_workspace/install/config_utilities_ros/lib/python3.12/site-packages/config_utilities_ros-2.0.0-py3.12.egg-info
[65.813s] -- Installing: /root/ros_workspace/install/config_utilities_ros/lib/python3.12/site-packages/config_utilities_ros-2.0.0-py3.12.egg-info/top_level.txt
[65.818s] -- Installing: /root/ros_workspace/install/config_utilities_ros/lib/python3.12/site-packages/config_utilities_ros-2.0.0-py3.12.egg-info/SOURCES.txt
[65.819s] -- Installing: /root/ros_workspace/install/config_utilities_ros/lib/python3.12/site-packages/config_utilities_ros-2.0.0-py3.12.egg-info/dependency_links.txt
[65.821s] -- Installing: /root/ros_workspace/install/config_utilities_ros/lib/python3.12/site-packages/config_utilities_ros-2.0.0-py3.12.egg-info/PKG-INFO
[65.826s] -- Installing: /root/ros_workspace/install/config_utilities_ros/lib/python3.12/site-packages/config_utilities_ros
[65.826s] -- Installing: /root/ros_workspace/install/config_utilities_ros/lib/python3.12/site-packages/config_utilities_ros/__init__.py
[65.826s] -- Installing: /root/ros_workspace/install/config_utilities_ros/lib/python3.12/site-packages/config_utilities_ros/gui
[65.833s] -- Installing: /root/ros_workspace/install/config_utilities_ros/lib/python3.12/site-packages/config_utilities_ros/gui/README.md
[65.838s] -- Installing: /root/ros_workspace/install/config_utilities_ros/lib/python3.12/site-packages/config_utilities_ros/gui/static
[65.840s] -- Installing: /root/ros_workspace/install/config_utilities_ros/lib/python3.12/site-packages/config_utilities_ros/gui/static/js
[65.846s] -- Installing: /root/ros_workspace/install/config_utilities_ros/lib/python3.12/site-packages/config_utilities_ros/gui/static/js/build_fields.js
[65.858s] -- Installing: /root/ros_workspace/install/config_utilities_ros/lib/python3.12/site-packages/config_utilities_ros/gui/static/js/selection_panes.js
[65.858s] -- Installing: /root/ros_workspace/install/config_utilities_ros/lib/python3.12/site-packages/config_utilities_ros/gui/static/js/config_table.js
[65.859s] -- Installing: /root/ros_workspace/install/config_utilities_ros/lib/python3.12/site-packages/config_utilities_ros/gui/static/css
[65.865s] -- Installing: /root/ros_workspace/install/config_utilities_ros/lib/python3.12/site-packages/config_utilities_ros/gui/static/css/style.css
[65.871s] -- Installing: /root/ros_workspace/install/config_utilities_ros/lib/python3.12/site-packages/config_utilities_ros/gui/__init__.py
[65.871s] -- Installing: /root/ros_workspace/install/config_utilities_ros/lib/python3.12/site-packages/config_utilities_ros/gui/templates
[65.873s] -- Installing: /root/ros_workspace/install/config_utilities_ros/lib/python3.12/site-packages/config_utilities_ros/gui/templates/index.html
[65.874s] -- Installing: /root/ros_workspace/install/config_utilities_ros/lib/python3.12/site-packages/config_utilities_ros/gui/dynamic_config_gui.py
[66.145s] Listing '/root/ros_workspace/install/config_utilities_ros/lib/python3.12/site-packages/config_utilities_ros'...
[66.145s] Compiling '/root/ros_workspace/install/config_utilities_ros/lib/python3.12/site-packages/config_utilities_ros/__init__.py'...
[66.145s] Listing '/root/ros_workspace/install/config_utilities_ros/lib/python3.12/site-packages/config_utilities_ros/gui'...
[66.145s] Compiling '/root/ros_workspace/install/config_utilities_ros/lib/python3.12/site-packages/config_utilities_ros/gui/__init__.py'...
[66.145s] Compiling '/root/ros_workspace/install/config_utilities_ros/lib/python3.12/site-packages/config_utilities_ros/gui/dynamic_config_gui.py'...
[66.146s] Listing '/root/ros_workspace/install/config_utilities_ros/lib/python3.12/site-packages/config_utilities_ros/gui/static'...
[66.146s] Listing '/root/ros_workspace/install/config_utilities_ros/lib/python3.12/site-packages/config_utilities_ros/gui/static/css'...
[66.146s] Listing '/root/ros_workspace/install/config_utilities_ros/lib/python3.12/site-packages/config_utilities_ros/gui/static/js'...
[66.147s] Listing '/root/ros_workspace/install/config_utilities_ros/lib/python3.12/site-packages/config_utilities_ros/gui/templates'...
[66.187s] -- Installing: /root/ros_workspace/install/config_utilities_ros/lib/libconfig_utilities_ros.so
[66.189s] -- Set non-toolchain portion of runtime path of "/root/ros_workspace/install/config_utilities_ros/lib/libconfig_utilities_ros.so" to ""
[66.197s] -- Installing: /root/ros_workspace/install/config_utilities_ros/lib/config_utilities_ros/demo_ros_dynamic_config_server
[66.197s] -- Set non-toolchain portion of runtime path of "/root/ros_workspace/install/config_utilities_ros/lib/config_utilities_ros/demo_ros_dynamic_config_server" to ""
[66.201s] -- Installing: /root/ros_workspace/install/config_utilities_ros/include/config_utilities_ros/
[66.204s] -- Installing: /root/ros_workspace/install/config_utilities_ros/include/config_utilities_ros//config_utilities_ros
[66.212s] -- Installing: /root/ros_workspace/install/config_utilities_ros/include/config_utilities_ros//config_utilities_ros/ros_dynamic_config_server.h
[66.213s] -- Installing: /root/ros_workspace/install/config_utilities_ros/share/config_utilities_ros//launch
[66.241s] -- Installing: /root/ros_workspace/install/config_utilities_ros/share/config_utilities_ros//launch/demo_ros_dynamic_config.yaml
[66.241s] -- Installing: /root/ros_workspace/install/config_utilities_ros/lib/config_utilities_ros/gui
[66.244s] -- Installing: /root/ros_workspace/install/config_utilities_ros/share/config_utilities_ros/environment/library_path.sh
[66.245s] -- Installing: /root/ros_workspace/install/config_utilities_ros/share/config_utilities_ros/environment/library_path.dsv
[66.267s] -- Installing: /root/ros_workspace/install/config_utilities_ros/share/ament_index/resource_index/package_run_dependencies/config_utilities_ros
[66.268s] -- Installing: /root/ros_workspace/install/config_utilities_ros/share/ament_index/resource_index/parent_prefix_path/config_utilities_ros
[66.275s] -- Installing: /root/ros_workspace/install/config_utilities_ros/share/config_utilities_ros/environment/ament_prefix_path.sh
[66.275s] -- Installing: /root/ros_workspace/install/config_utilities_ros/share/config_utilities_ros/environment/ament_prefix_path.dsv
[66.282s] -- Installing: /root/ros_workspace/install/config_utilities_ros/share/config_utilities_ros/environment/path.sh
[66.282s] -- Installing: /root/ros_workspace/install/config_utilities_ros/share/config_utilities_ros/environment/path.dsv
[66.286s] -- Installing: /root/ros_workspace/install/config_utilities_ros/share/config_utilities_ros/local_setup.bash
[66.286s] -- Installing: /root/ros_workspace/install/config_utilities_ros/share/config_utilities_ros/local_setup.sh
[66.291s] -- Installing: /root/ros_workspace/install/config_utilities_ros/share/config_utilities_ros/local_setup.zsh
[66.292s] -- Installing: /root/ros_workspace/install/config_utilities_ros/share/config_utilities_ros/local_setup.dsv
[66.293s] -- Installing: /root/ros_workspace/install/config_utilities_ros/share/config_utilities_ros/package.dsv
[66.299s] -- Installing: /root/ros_workspace/install/config_utilities_ros/share/ament_index/resource_index/packages/config_utilities_ros
[66.305s] -- Installing: /root/ros_workspace/install/config_utilities_ros/share/config_utilities_ros/cmake/config_utilities_ros-targetsExport.cmake
[66.313s] -- Installing: /root/ros_workspace/install/config_utilities_ros/share/config_utilities_ros/cmake/config_utilities_ros-targetsExport-release.cmake
[66.313s] -- Installing: /root/ros_workspace/install/config_utilities_ros/share/config_utilities_ros/cmake/ament_cmake_export_targets-extras.cmake
[66.314s] -- Installing: /root/ros_workspace/install/config_utilities_ros/share/config_utilities_ros/cmake/ament_cmake_export_dependencies-extras.cmake
[66.314s] -- Installing: /root/ros_workspace/install/config_utilities_ros/share/config_utilities_ros/cmake/config_utilities_rosConfig.cmake
[66.316s] -- Installing: /root/ros_workspace/install/config_utilities_ros/share/config_utilities_ros/cmake/config_utilities_rosConfig-version.cmake
[66.318s] -- Installing: /root/ros_workspace/install/config_utilities_ros/share/config_utilities_ros/package.xml
[66.338s] Invoked command in '/root/ros_workspace/build/config_utilities_ros' returned '0': AMENT_PREFIX_PATH=/root/ros_workspace/install/config_utilities_msgs:${AMENT_PREFIX_PATH} CMAKE_PREFIX_PATH=/root/ros_workspace/install/config_utilities_msgs:/root/ros_workspace/install/config_utilities:/opt/ros/jazzy/opt/gz_sim_vendor:/opt/ros/jazzy/opt/gz_sensors_vendor:/opt/ros/jazzy/opt/gz_physics_vendor:/opt/ros/jazzy/opt/sdformat_vendor:/opt/ros/jazzy/opt/gz_gui_vendor:/opt/ros/jazzy/opt/gz_transport_vendor:/opt/ros/jazzy/opt/gz_rendering_vendor:/opt/ros/jazzy/opt/gz_plugin_vendor:/opt/ros/jazzy/opt/gz_fuel_tools_vendor:/opt/ros/jazzy/opt/gz_msgs_vendor:/opt/ros/jazzy/opt/gz_common_vendor:/opt/ros/jazzy/opt/gz_math_vendor:/opt/ros/jazzy/opt/gz_utils_vendor:/opt/ros/jazzy/opt/gz_tools_vendor:/opt/ros/jazzy/opt/gz_ogre_next_vendor:/opt/ros/jazzy/opt/gz_dartsim_vendor:/opt/ros/jazzy/opt/gz_cmake_vendor:/opt/ros/jazzy LD_LIBRARY_PATH=/root/ros_workspace/install/config_utilities_msgs/lib:/root/ros_workspace/install/config_utilities/lib:${LD_LIBRARY_PATH} PATH=/root/ros_workspace/install/config_utilities/bin:${PATH} PKG_CONFIG_PATH=/root/ros_workspace/install/config_utilities/lib/x86_64-linux-gnu/pkgconfig:/root/ros_workspace/install/config_utilities/lib/pkgconfig PYTHONPATH=/root/ros_workspace/install/config_utilities_msgs/lib/python3.12/site-packages:${PYTHONPATH} /usr/bin/cmake --install /root/ros_workspace/build/config_utilities_ros
