[2.810s] Invoking command in '/root/ros_workspace/src/turtlebot3/turtlebot3_example': AMENT_PREFIX_PATH=/root/ros_workspace/install/turtlebot3_msgs:${AMENT_PREFIX_PATH} CMAKE_PREFIX_PATH=/root/ros_workspace/install/turtlebot3_msgs:${CMAKE_PREFIX_PATH} LD_LIBRARY_PATH=/root/ros_workspace/install/turtlebot3_msgs/lib:${LD_LIBRARY_PATH} PYTHONPATH=/root/ros_workspace/build/turtlebot3_example/prefix_override:/usr/lib/python3/dist-packages/colcon_core/task/python/colcon_distutils_commands:/root/ros_workspace/install/turtlebot3_example/lib/python3.12/site-packages:/root/ros_workspace/install/turtlebot3_msgs/lib/python3.12/site-packages:${PYTHONPATH} /usr/bin/python3 -W ignore:setup.py install is deprecated -W ignore:easy_install command is deprecated setup.py egg_info --egg-base ../../../build/turtlebot3_example build --build-base /root/ros_workspace/build/turtlebot3_example/build install --record /root/ros_workspace/build/turtlebot3_example/install.log --single-version-externally-managed install_data
[4.082s] running egg_info
[4.151s] writing ../../../build/turtlebot3_example/turtlebot3_example.egg-info/PKG-INFO
[4.156s] writing dependency_links to ../../../build/turtlebot3_example/turtlebot3_example.egg-info/dependency_links.txt
[4.156s] writing entry points to ../../../build/turtlebot3_example/turtlebot3_example.egg-info/entry_points.txt
[4.159s] writing requirements to ../../../build/turtlebot3_example/turtlebot3_example.egg-info/requires.txt
[4.159s] writing top-level names to ../../../build/turtlebot3_example/turtlebot3_example.egg-info/top_level.txt
[4.450s] reading manifest file '../../../build/turtlebot3_example/turtlebot3_example.egg-info/SOURCES.txt'
[4.456s] writing manifest file '../../../build/turtlebot3_example/turtlebot3_example.egg-info/SOURCES.txt'
[4.464s] running build
[4.465s] running build_py
[4.465s] running install
[4.500s] running install_lib
[4.684s] running install_data
[4.685s] running install_egg_info
[4.821s] removing '/root/ros_workspace/install/turtlebot3_example/lib/python3.12/site-packages/turtlebot3_example-2.3.4-py3.12.egg-info' (and everything under it)
[4.825s] Copying ../../../build/turtlebot3_example/turtlebot3_example.egg-info to /root/ros_workspace/install/turtlebot3_example/lib/python3.12/site-packages/turtlebot3_example-2.3.4-py3.12.egg-info
[4.837s] running install_scripts
[5.466s] Installing turtlebot3_absolute_move script to /root/ros_workspace/install/turtlebot3_example/lib/turtlebot3_example
[5.467s] Installing turtlebot3_interactive_marker script to /root/ros_workspace/install/turtlebot3_example/lib/turtlebot3_example
[5.468s] Installing turtlebot3_obstacle_detection script to /root/ros_workspace/install/turtlebot3_example/lib/turtlebot3_example
[5.468s] Installing turtlebot3_patrol_client script to /root/ros_workspace/install/turtlebot3_example/lib/turtlebot3_example
[5.470s] Installing turtlebot3_patrol_server script to /root/ros_workspace/install/turtlebot3_example/lib/turtlebot3_example
[5.477s] Installing turtlebot3_relative_move script to /root/ros_workspace/install/turtlebot3_example/lib/turtlebot3_example
[5.479s] writing list of installed files to '/root/ros_workspace/build/turtlebot3_example/install.log'
[5.723s] Invoked command in '/root/ros_workspace/src/turtlebot3/turtlebot3_example' returned '0': AMENT_PREFIX_PATH=/root/ros_workspace/install/turtlebot3_msgs:${AMENT_PREFIX_PATH} CMAKE_PREFIX_PATH=/root/ros_workspace/install/turtlebot3_msgs:${CMAKE_PREFIX_PATH} LD_LIBRARY_PATH=/root/ros_workspace/install/turtlebot3_msgs/lib:${LD_LIBRARY_PATH} PYTHONPATH=/root/ros_workspace/build/turtlebot3_example/prefix_override:/usr/lib/python3/dist-packages/colcon_core/task/python/colcon_distutils_commands:/root/ros_workspace/install/turtlebot3_example/lib/python3.12/site-packages:/root/ros_workspace/install/turtlebot3_msgs/lib/python3.12/site-packages:${PYTHONPATH} /usr/bin/python3 -W ignore:setup.py install is deprecated -W ignore:easy_install command is deprecated setup.py egg_info --egg-base ../../../build/turtlebot3_example build --build-base /root/ros_workspace/build/turtlebot3_example/build install --record /root/ros_workspace/build/turtlebot3_example/install.log --single-version-externally-managed install_data
