[0.160s] Invoking command in '/root/ros_workspace/build/turtlebot3_description': /usr/bin/cmake /root/ros_workspace/src/turtlebot3/turtlebot3_description -DCMAKE_INSTALL_PREFIX=/root/ros_workspace/install/turtlebot3_description
[1.682s] Traceback (most recent call last):
[1.682s]   File "/opt/ros/jazzy/share/ament_cmake_core/cmake/package_templates/templates_2_cmake.py", line 21, in <module>
[1.682s]     from ament_package.templates import get_environment_hook_template_path
[1.682s] ModuleNotFoundError: No module named 'ament_package'
[1.682s] [31mCMake Error at /opt/ros/jazzy/share/ament_cmake_core/cmake/ament_cmake_package_templates-extras.cmake:41 (message):
[1.683s]   execute_process(/usr/bin/python3
[1.683s]   /opt/ros/jazzy/share/ament_cmake_core/cmake/package_templates/templates_2_cmake.py
[1.683s]   /root/ros_workspace/build/turtlebot3_description/ament_cmake_package_templates/templates.cmake)
[1.683s]   returned error code 1
[1.683s] Call Stack (most recent call first):
[1.683s]   /opt/ros/jazzy/share/ament_cmake_core/cmake/ament_cmake_coreConfig.cmake:41 (include)
[1.684s]   /opt/ros/jazzy/share/ament_cmake/cmake/ament_cmake_export_dependencies-extras.cmake:15 (find_package)
[1.684s]   /opt/ros/jazzy/share/ament_cmake/cmake/ament_cmakeConfig.cmake:41 (include)
[1.684s]   CMakeLists.txt:18 (find_package)
[1.684s] 
[1.684s] [0m
[1.692s] -- Found ament_cmake: 2.5.4 (/opt/ros/jazzy/share/ament_cmake/cmake)
[1.693s] -- Configuring incomplete, errors occurred!
[1.840s] Invoked command in '/root/ros_workspace/build/turtlebot3_description' returned '1': /usr/bin/cmake /root/ros_workspace/src/turtlebot3/turtlebot3_description -DCMAKE_INSTALL_PREFIX=/root/ros_workspace/install/turtlebot3_description
