[0.139s] Invoking command in '/root/ros_workspace/build/pose_graph_tools': CMAKE_PREFIX_PATH=${CMAKE_PREFIX_PATH}:/opt/ros/jazzy /usr/bin/cmake /root/ros_workspace/src/pose_graph_tools/pose_graph_tools -DCMAKE_BUILD_TYPE=Release -DCMAKE_INSTALL_PREFIX=/root/ros_workspace/install/pose_graph_tools
[0.696s] -- The C compiler identification is GNU 13.3.0
[1.122s] -- The CXX compiler identification is GNU 13.3.0
[1.177s] -- Detecting C compiler ABI info
[1.487s] -- Detecting C compiler ABI info - done
[1.508s] -- Check for working C compiler: /usr/bin/cc - skipped
[1.508s] -- Detecting C compile features
[1.509s] -- Detecting C compile features - done
[1.536s] -- Detecting CXX compiler ABI info
[1.857s] -- Detecting CXX compiler ABI info - done
[1.886s] -- Check for working CXX compiler: /usr/bin/c++ - skipped
[1.886s] -- Detecting CXX compile features
[1.887s] -- Detecting CXX compile features - done
[1.982s] -- Configuring done (1.7s)
[1.996s] -- Generating done (0.0s)
[2.002s] -- Build files have been written to: /root/ros_workspace/build/pose_graph_tools
[2.015s] Invoked command in '/root/ros_workspace/build/pose_graph_tools' returned '0': CMAKE_PREFIX_PATH=${CMAKE_PREFIX_PATH}:/opt/ros/jazzy /usr/bin/cmake /root/ros_workspace/src/pose_graph_tools/pose_graph_tools -DCMAKE_BUILD_TYPE=Release -DCMAKE_INSTALL_PREFIX=/root/ros_workspace/install/pose_graph_tools
[2.015s] Invoking command in '/root/ros_workspace/build/pose_graph_tools': CMAKE_PREFIX_PATH=${CMAKE_PREFIX_PATH}:/opt/ros/jazzy /usr/bin/cmake --build /root/ros_workspace/build/pose_graph_tools -- -j8 -l8
[5.945s] [ 50%] [32mBuilding CXX object CMakeFiles/pose_graph_tools.dir/src/ostream.cpp.o[0m
[25.084s] [100%] [32m[1mLinking CXX shared library libpose_graph_tools.so[0m
[26.616s] [100%] Built target pose_graph_tools
[26.918s] Invoked command in '/root/ros_workspace/build/pose_graph_tools' returned '0': CMAKE_PREFIX_PATH=${CMAKE_PREFIX_PATH}:/opt/ros/jazzy /usr/bin/cmake --build /root/ros_workspace/build/pose_graph_tools -- -j8 -l8
[26.918s] Invoking command in '/root/ros_workspace/build/pose_graph_tools': CMAKE_PREFIX_PATH=${CMAKE_PREFIX_PATH}:/opt/ros/jazzy /usr/bin/cmake --install /root/ros_workspace/build/pose_graph_tools
[36.014s] -- Install configuration: "Release"
[36.017s] -- Installing: /root/ros_workspace/install/pose_graph_tools/lib/libpose_graph_tools.so
[36.017s] -- Installing: /root/ros_workspace/install/pose_graph_tools/include
[36.018s] -- Installing: /root/ros_workspace/install/pose_graph_tools/include/pose_graph_tools
[36.018s] -- Installing: /root/ros_workspace/install/pose_graph_tools/include/pose_graph_tools/bow_vector.h
[36.018s] -- Installing: /root/ros_workspace/install/pose_graph_tools/include/pose_graph_tools/all.h
[36.018s] -- Installing: /root/ros_workspace/install/pose_graph_tools/include/pose_graph_tools/bow_query.h
[36.018s] -- Installing: /root/ros_workspace/install/pose_graph_tools/include/pose_graph_tools/bow_queries.h
[36.018s] -- Installing: /root/ros_workspace/install/pose_graph_tools/include/pose_graph_tools/pose_graph.h
[36.018s] -- Installing: /root/ros_workspace/install/pose_graph_tools/include/pose_graph_tools/pose_graph_edge.h
[36.018s] -- Installing: /root/ros_workspace/install/pose_graph_tools/include/pose_graph_tools/pose_graph_node.h
[36.018s] -- Installing: /root/ros_workspace/install/pose_graph_tools/lib/cmake/pose_graph_tools/pose_graph_toolsTargets.cmake
[36.019s] -- Installing: /root/ros_workspace/install/pose_graph_tools/lib/cmake/pose_graph_tools/pose_graph_toolsTargets-release.cmake
[36.019s] -- Installing: /root/ros_workspace/install/pose_graph_tools/lib/cmake/pose_graph_tools/pose_graph_toolsConfig.cmake
[36.026s] -- Installing: /root/ros_workspace/install/pose_graph_tools/lib/cmake/pose_graph_tools/pose_graph_toolsConfigVersion.cmake
[36.050s] Invoked command in '/root/ros_workspace/build/pose_graph_tools' returned '0': CMAKE_PREFIX_PATH=${CMAKE_PREFIX_PATH}:/opt/ros/jazzy /usr/bin/cmake --install /root/ros_workspace/build/pose_graph_tools
