[0.103s] Invoking command in '/root/ros_workspace/build/turtlebot3_gazebo': CMAKE_PREFIX_PATH=${CMAKE_PREFIX_PATH}:/root/ros_workspace/install/turtlebot3_teleop:/root/ros_workspace/install/turtlebot3_example:/opt/ros/jazzy /usr/bin/cmake /root/ros_workspace/src/turtlebot3_simulations/turtlebot3_gazebo -DAMENT_CMAKE_SYMLINK_INSTALL=1 -DCMAKE_INSTALL_PREFIX=/root/ros_workspace/install/turtlebot3_gazebo
[1.247s] -- Found ament_cmake: 2.5.4 (/opt/ros/jazzy/share/ament_cmake/cmake)
[1.261s] -- Override CMake install command with custom implementation using symlinks instead of copying resources
[1.261s] -- Found ros_gz_sim: 1.0.16 (/opt/ros/jazzy/share/ros_gz_sim/cmake)
[1.382s] -- Found rosidl_generator_c: 4.6.6 (/opt/ros/jazzy/share/rosidl_generator_c/cmake)
[1.444s] -- Found rosidl_generator_cpp: 4.6.6 (/opt/ros/jazzy/share/rosidl_generator_cpp/cmake)
[1.503s] -- Using all available rosidl_typesupport_c: rosidl_typesupport_fastrtps_c;rosidl_typesupport_introspection_c
[1.558s] -- Using all available rosidl_typesupport_cpp: rosidl_typesupport_fastrtps_cpp;rosidl_typesupport_introspection_cpp
[2.005s] -- Found rmw_implementation_cmake: 7.3.2 (/opt/ros/jazzy/share/rmw_implementation_cmake/cmake)
[2.010s] -- Found rmw_fastrtps_cpp: 8.4.3 (/opt/ros/jazzy/share/rmw_fastrtps_cpp/cmake)
[2.359s] -- Using RMW implementation 'rmw_fastrtps_cpp' as default
[3.359s] -- Found nav_msgs: 5.3.6 (/opt/ros/jazzy/share/nav_msgs/cmake)
[3.462s] -- Found sensor_msgs: 5.3.6 (/opt/ros/jazzy/share/sensor_msgs/cmake)
[3.590s] -- Found gz_math_vendor: 0.0.8 (/opt/ros/jazzy/share/gz_math_vendor/cmake)
[3.600s] -- Looking for gz-math7 -- found version 7.5.2
[3.632s] -- Searching for dependencies of gz-math7
[3.636s] -- Looking for gz-utils2 -- found version 2.2.1
[3.636s] -- Searching for dependencies of gz-utils2
[3.642s] -- Found gz_sim_vendor: 0.0.9 (/opt/ros/jazzy/share/gz_sim_vendor/cmake)
[3.696s] -- Looking for gz-sim8 -- found version 8.10.0
[3.697s] -- Searching for dependencies of gz-sim8
[3.699s] -- Looking for sdformat14 -- found version 14.8.0
[3.700s] -- Searching for dependencies of sdformat14
[3.720s] -- Checking for module 'tinyxml2'
[3.789s] --   Found tinyxml2, version 10.0.0
[3.914s] -- Looking for gz-math7 -- found version 7.5.2
[3.915s] -- Looking for gz-utils2 -- found version 2.2.1
[3.917s] -- Searching for dependencies of gz-utils2
[3.919s] -- Searching for <gz-utils2> component [cli]
[3.922s] -- Looking for gz-utils2-cli -- found version 2.2.1
[3.924s] -- Searching for dependencies of gz-utils2-cli
[3.931s] -- Looking for gz-plugin2 -- found version 2.0.4
[3.932s] -- Searching for dependencies of gz-plugin2
[3.933s] -- Looking for gz-utils2 -- found version 2.2.1
[3.936s] -- Searching for <gz-plugin2> component [loader]
[3.939s] -- Looking for gz-plugin2-loader -- found version 2.0.4
[3.940s] -- Searching for dependencies of gz-plugin2-loader
[3.942s] -- Searching for <gz-plugin2> component [register]
[3.944s] -- Looking for gz-plugin2-register -- found version 2.0.4
[3.945s] -- Searching for dependencies of gz-plugin2-register
[3.948s] -- Looking for gz-transport13 -- found version 13.5.0
[3.949s] -- Searching for dependencies of gz-transport13
[4.093s] -- Config-file not installed for ZeroMQ -- checking for pkg-config
[4.138s] -- Checking for module 'libzmq >= 4'
[4.205s] --   Found libzmq, version 4.3.5
[4.368s] -- Checking for module 'uuid'
[4.425s] --   Found uuid, version 2.39.3
[4.538s] -- Looking for gz-utils2 -- found version 2.2.1
[4.540s] -- Looking for gz-msgs10 -- found version 10.3.2
[4.540s] -- Searching for dependencies of gz-msgs10
[4.603s] -- Looking for gz-utils2 -- found version 2.2.1
[4.605s] -- Looking for gz-math7 -- found version 7.5.2
[4.633s] -- Searching for <gz-transport13> component [log]
[4.634s] -- Looking for gz-transport13-log -- found version 13.5.0
[4.635s] -- Searching for dependencies of gz-transport13-log
[4.637s] -- Searching for <gz-transport13> component [parameters]
[4.638s] -- Looking for gz-transport13-parameters -- found version 13.5.0
[4.638s] -- Searching for dependencies of gz-transport13-parameters
[4.642s] -- Looking for gz-msgs10 -- found version 10.3.2
[4.644s] -- Looking for gz-common5 -- found version 5.7.1
[4.645s] -- Searching for dependencies of gz-common5
[4.645s] -- Looking for gz-utils2 -- found version 2.2.1
[4.647s] -- Looking for dlfcn.h - found
[4.648s] -- Looking for libdl - found
[4.679s] -- Searching for <gz-common5> component [av]
[4.681s] -- Looking for gz-common5-av -- found version 5.7.1
[4.682s] -- Searching for dependencies of gz-common5-av
[4.701s] -- Checking for module 'libswscale'
[4.759s] --   Found libswscale, version 7.5.100
[4.871s] -- Checking for module 'libavdevice >= 56.4.100'
[4.941s] --   Found libavdevice, version 60.3.100
[5.217s] -- Checking for module 'libavformat'
[5.294s] --   Found libavformat, version 60.16.100
[5.469s] -- Checking for module 'libavcodec'
[5.544s] --   Found libavcodec, version 60.31.102
[5.762s] -- Checking for module 'libavutil'
[5.813s] --   Found libavutil, version 58.29.100
[5.905s] -- Searching for <gz-common5> component [events]
[5.910s] -- Looking for gz-common5-events -- found version 5.7.1
[5.911s] -- Searching for dependencies of gz-common5-events
[5.913s] -- Looking for gz-math7 -- found version 7.5.2
[5.917s] -- Searching for <gz-common5> component [graphics]
[5.921s] -- Looking for gz-common5-graphics -- found version 5.7.1
[5.921s] -- Searching for dependencies of gz-common5-graphics
[5.923s] -- Looking for gz-math7 -- found version 7.5.2
[5.937s] -- Searching for <gz-common5> component [io]
[5.939s] -- Looking for gz-common5-io -- found version 5.7.1
[5.940s] -- Searching for dependencies of gz-common5-io
[5.942s] -- Searching for <gz-common5> component [profiler]
[5.952s] -- Looking for gz-common5-profiler -- found version 5.7.1
[5.953s] -- Searching for dependencies of gz-common5-profiler
[5.957s] -- Looking for gz-fuel_tools9 -- found version 9.1.1
[5.958s] -- Searching for dependencies of gz-fuel_tools9
[6.083s] -- Checking for module 'jsoncpp'
[6.130s] --   Found jsoncpp, version 1.9.5
[6.300s] -- Checking for module 'yaml-0.1'
[6.351s] --   Found yaml-0.1, version 0.2.5
[6.495s] -- Checking for module 'libzip'
[6.542s] --   Found libzip, version 1.7.3
[6.653s] -- Looking for gz-utils2 -- found version 2.2.1
[6.655s] -- Looking for gz-common5 -- found version 5.7.1
[6.657s] -- Searching for dependencies of gz-common5
[6.659s] -- Looking for gz-utils2 -- found version 2.2.1
[6.660s] -- Looking for dlfcn.h - found
[6.660s] -- Looking for libdl - found
[6.685s] -- Searching for <gz-common5> component [testing]
[6.686s] -- Looking for gz-common5-testing -- found version 5.7.1
[6.687s] -- Searching for dependencies of gz-common5-testing
[6.698s] -- Looking for gz-math7 -- found version 7.5.2
[6.699s] -- Looking for gz-msgs10 -- found version 10.3.2
[6.704s] -- Looking for gz-gui8 -- found version 8.4.0
[6.706s] -- Searching for dependencies of gz-gui8
[6.815s] -- Looking for gz-utils2 -- found version 2.2.1
[6.832s] -- Looking for gz-math7 -- found version 7.5.2
[6.833s] -- Looking for gz-common5 -- found version 5.7.1
[6.838s] -- Looking for gz-plugin2 -- found version 2.0.4
[6.848s] -- Looking for gz-transport13 -- found version 13.5.0
[6.860s] -- Looking for gz-rendering8 -- found version 8.2.2
[6.860s] -- Searching for dependencies of gz-rendering8
[6.862s] -- Looking for gz-math7 -- found version 7.5.2
[6.863s] -- Searching for dependencies of gz-math7
[6.870s] -- Looking for gz-utils2 -- found version 2.2.1
[6.871s] -- Searching for <gz-math7> component [eigen3]
[6.882s] -- Looking for gz-math7-eigen3 -- found version 7.5.2
[6.883s] -- Searching for dependencies of gz-math7-eigen3
[6.892s] -- Looking for gz-common5 -- found version 5.7.1
[6.893s] -- Searching for dependencies of gz-common5
[6.895s] -- Looking for gz-utils2 -- found version 2.2.1
[6.917s] -- Looking for dlfcn.h - found
[6.917s] -- Looking for libdl - found
[6.938s] -- Searching for <gz-common5> component [graphics]
[6.938s] -- Searching for <gz-common5> component [events]
[6.943s] -- Searching for <gz-common5> component [geospatial]
[6.946s] -- Looking for gz-common5-geospatial -- found version 5.7.1
[6.946s] -- Searching for dependencies of gz-common5-geospatial
[6.947s] -- Looking for gz-math7 -- found version 7.5.2
[6.948s] -- Looking for gz-common5 -- found version 5.7.1
[6.963s] -- Looking for gz-plugin2 -- found version 2.0.4
[6.964s] -- Searching for dependencies of gz-plugin2
[6.966s] -- Looking for gz-utils2 -- found version 2.2.1
[6.967s] -- Searching for <gz-plugin2> component [all]
[6.970s] -- Looking for all libraries of gz-plugin2 -- found version 2.0.4
[6.973s] -- Looking for gz-plugin2 -- found version 2.0.4
[6.981s] -- Looking for gz-utils2 -- found version 2.2.1
[7.009s] -- Looking for gz-msgs10 -- found version 10.3.2
[7.109s] -- Looking for gz-physics7 -- found version 7.6.0
[7.110s] -- Searching for dependencies of gz-physics7
[7.112s] -- Looking for gz-common5 -- found version 5.7.1
[7.115s] -- Looking for gz-math7 -- found version 7.5.2
[7.117s] -- Looking for gz-plugin2 -- found version 2.0.4
[7.120s] -- Looking for gz-utils2 -- found version 2.2.1
[7.127s] -- Searching for <gz-physics7> component [heightmap]
[7.130s] -- Looking for gz-physics7-heightmap -- found version 7.6.0
[7.131s] -- Searching for dependencies of gz-physics7-heightmap
[7.133s] -- Looking for gz-common5 -- found version 5.7.1
[7.137s] -- Searching for <gz-physics7> component [mesh]
[7.143s] -- Looking for gz-physics7-mesh -- found version 7.6.0
[7.143s] -- Searching for dependencies of gz-physics7-mesh
[7.145s] -- Looking for gz-common5 -- found version 5.7.1
[7.148s] -- Searching for <gz-physics7> component [sdf]
[7.152s] -- Looking for gz-physics7-sdf -- found version 7.6.0
[7.153s] -- Searching for dependencies of gz-physics7-sdf
[7.155s] -- Looking for sdformat14 -- found version 14.8.0
[7.160s] -- Looking for gz-sensors8 -- found version 8.2.2
[7.162s] -- Searching for dependencies of gz-sensors8
[7.264s] -- Looking for gz-math7 -- found version 7.5.2
[7.267s] -- Looking for gz-common5 -- found version 5.7.1
[7.279s] -- Looking for gz-transport13 -- found version 13.5.0
[7.282s] -- Looking for gz-rendering8 -- found version 8.2.2
[7.295s] -- Looking for gz-msgs10 -- found version 10.3.2
[7.297s] -- Looking for sdformat14 -- found version 14.8.0
[7.310s] -- Searching for <gz-sensors8> component [air_pressure]
[7.314s] -- Looking for gz-sensors8-air_pressure -- found version 8.2.2
[7.315s] -- Searching for dependencies of gz-sensors8-air_pressure
[7.319s] -- Searching for <gz-sensors8> component [air_speed]
[7.326s] -- Looking for gz-sensors8-air_speed -- found version 8.2.2
[7.326s] -- Searching for dependencies of gz-sensors8-air_speed
[7.330s] -- Searching for <gz-sensors8> component [altimeter]
[7.333s] -- Looking for gz-sensors8-altimeter -- found version 8.2.2
[7.334s] -- Searching for dependencies of gz-sensors8-altimeter
[7.338s] -- Searching for <gz-sensors8> component [imu]
[7.345s] -- Looking for gz-sensors8-imu -- found version 8.2.2
[7.346s] -- Searching for dependencies of gz-sensors8-imu
[7.350s] -- Searching for <gz-sensors8> component [force_torque]
[7.352s] -- Looking for gz-sensors8-force_torque -- found version 8.2.2
[7.352s] -- Searching for dependencies of gz-sensors8-force_torque
[7.356s] -- Searching for <gz-sensors8> component [logical_camera]
[7.361s] -- Looking for gz-sensors8-logical_camera -- found version 8.2.2
[7.363s] -- Searching for dependencies of gz-sensors8-logical_camera
[7.364s] -- Searching for <gz-sensors8> component [magnetometer]
[7.366s] -- Looking for gz-sensors8-magnetometer -- found version 8.2.2
[7.367s] -- Searching for dependencies of gz-sensors8-magnetometer
[7.369s] -- Searching for <gz-sensors8> component [navsat]
[7.372s] -- Looking for gz-sensors8-navsat -- found version 8.2.2
[7.373s] -- Searching for dependencies of gz-sensors8-navsat
[7.377s] -- Searching for <gz-sensors8> component [dvl]
[7.381s] -- Looking for gz-sensors8-dvl -- found version 8.2.2
[7.382s] -- Searching for dependencies of gz-sensors8-dvl
[7.384s] -- Looking for gz-sensors8 -- found version 8.2.2
[7.385s] -- Searching for dependencies of gz-sensors8
[7.471s] -- Looking for gz-math7 -- found version 7.5.2
[7.477s] -- Looking for gz-common5 -- found version 5.7.1
[7.482s] -- Looking for gz-transport13 -- found version 13.5.0
[7.487s] -- Looking for gz-rendering8 -- found version 8.2.2
[7.489s] -- Looking for gz-msgs10 -- found version 10.3.2
[7.492s] -- Looking for sdformat14 -- found version 14.8.0
[7.493s] -- Searching for <gz-sensors8> component [rendering]
[7.497s] -- Looking for gz-sensors8-rendering -- found version 8.2.2
[7.498s] -- Searching for dependencies of gz-sensors8-rendering
[7.505s] -- Searching for <gz-sensors8> component [rendering]
[7.506s] -- Searching for <gz-sensors8> component [lidar]
[7.512s] -- Looking for gz-sensors8-lidar -- found version 8.2.2
[7.513s] -- Searching for dependencies of gz-sensors8-lidar
[7.515s] -- Looking for gz-sensors8 -- found version 8.2.2
[7.521s] -- Searching for <gz-sensors8> component [gpu_lidar]
[7.527s] -- Looking for gz-sensors8-gpu_lidar -- found version 8.2.2
[7.528s] -- Searching for dependencies of gz-sensors8-gpu_lidar
[7.530s] -- Looking for gz-sensors8 -- found version 8.2.2
[7.532s] -- Searching for <gz-sensors8> component [camera]
[7.535s] -- Looking for gz-sensors8-camera -- found version 8.2.2
[7.536s] -- Searching for dependencies of gz-sensors8-camera
[7.538s] -- Looking for gz-sensors8 -- found version 8.2.2
[7.542s] -- Searching for <gz-sensors8> component [boundingbox_camera]
[7.544s] -- Looking for gz-sensors8-boundingbox_camera -- found version 8.2.2
[7.545s] -- Searching for dependencies of gz-sensors8-boundingbox_camera
[7.546s] -- Searching for <gz-sensors8> component [segmentation_camera]
[7.548s] -- Looking for gz-sensors8-segmentation_camera -- found version 8.2.2
[7.548s] -- Searching for dependencies of gz-sensors8-segmentation_camera
[7.550s] -- Searching for <gz-sensors8> component [depth_camera]
[7.552s] -- Looking for gz-sensors8-depth_camera -- found version 8.2.2
[7.554s] -- Searching for dependencies of gz-sensors8-depth_camera
[7.557s] -- Looking for gz-sensors8 -- found version 8.2.2
[7.560s] -- Searching for <gz-sensors8> component [rgbd_camera]
[7.563s] -- Looking for gz-sensors8-rgbd_camera -- found version 8.2.2
[7.564s] -- Searching for dependencies of gz-sensors8-rgbd_camera
[7.566s] -- Looking for gz-sensors8 -- found version 8.2.2
[7.576s] -- Searching for <gz-sensors8> component [thermal_camera]
[7.577s] -- Looking for gz-sensors8-thermal_camera -- found version 8.2.2
[7.578s] -- Searching for dependencies of gz-sensors8-thermal_camera
[7.580s] -- Looking for gz-sensors8 -- found version 8.2.2
[7.581s] -- Searching for <gz-sensors8> component [wide_angle_camera]
[7.583s] -- Looking for gz-sensors8-wide_angle_camera -- found version 8.2.2
[7.583s] -- Searching for dependencies of gz-sensors8-wide_angle_camera
[7.586s] -- Looking for gz-rendering8 -- found version 8.2.2
[7.587s] -- Looking for gz-math7 -- found version 7.5.2
[7.589s] -- Looking for gz-utils2 -- found version 2.2.1
[7.641s] -- Looking for gz-plugin2 -- found version 2.0.4
[7.941s] -- Configuring done (7.8s)
[8.079s] -- Generating done (0.1s)
[8.103s] -- Build files have been written to: /root/ros_workspace/build/turtlebot3_gazebo
[8.126s] Invoked command in '/root/ros_workspace/build/turtlebot3_gazebo' returned '0': CMAKE_PREFIX_PATH=${CMAKE_PREFIX_PATH}:/root/ros_workspace/install/turtlebot3_teleop:/root/ros_workspace/install/turtlebot3_example:/opt/ros/jazzy /usr/bin/cmake /root/ros_workspace/src/turtlebot3_simulations/turtlebot3_gazebo -DAMENT_CMAKE_SYMLINK_INSTALL=1 -DCMAKE_INSTALL_PREFIX=/root/ros_workspace/install/turtlebot3_gazebo
[8.127s] Invoking command in '/root/ros_workspace/build/turtlebot3_gazebo': CMAKE_PREFIX_PATH=${CMAKE_PREFIX_PATH}:/root/ros_workspace/install/turtlebot3_teleop:/root/ros_workspace/install/turtlebot3_example:/opt/ros/jazzy /usr/bin/cmake --build /root/ros_workspace/build/turtlebot3_gazebo -- -j12 -l12
[8.347s] [ 25%] Built target obstacle2
[8.350s] [ 75%] Built target turtlebot3_drive
[8.350s] [ 75%] Built target obstacles
[8.361s] [100%] Built target obstacle1
[8.465s] Invoked command in '/root/ros_workspace/build/turtlebot3_gazebo' returned '0': CMAKE_PREFIX_PATH=${CMAKE_PREFIX_PATH}:/root/ros_workspace/install/turtlebot3_teleop:/root/ros_workspace/install/turtlebot3_example:/opt/ros/jazzy /usr/bin/cmake --build /root/ros_workspace/build/turtlebot3_gazebo -- -j12 -l12
[8.470s] Invoking command in '/root/ros_workspace/build/turtlebot3_gazebo': CMAKE_PREFIX_PATH=${CMAKE_PREFIX_PATH}:/root/ros_workspace/install/turtlebot3_teleop:/root/ros_workspace/install/turtlebot3_example:/opt/ros/jazzy /usr/bin/cmake --install /root/ros_workspace/build/turtlebot3_gazebo
[8.502s] -- Install configuration: ""
[8.504s] -- Execute custom install script
[8.506s] -- Up-to-date symlink: /root/ros_workspace/install/turtlebot3_gazebo/lib/turtlebot3_gazebo/turtlebot3_drive
[8.507s] -- Up-to-date symlink: /root/ros_workspace/install/turtlebot3_gazebo/lib/turtlebot3_gazebo/libobstacles.so
[8.510s] -- Up-to-date symlink: /root/ros_workspace/install/turtlebot3_gazebo/lib/turtlebot3_gazebo/libobstacle1.so
[8.514s] -- Up-to-date symlink: /root/ros_workspace/install/turtlebot3_gazebo/lib/turtlebot3_gazebo/libobstacle2.so
[8.516s] -- Up-to-date symlink: /root/ros_workspace/install/turtlebot3_gazebo/share/turtlebot3_gazebo//launch/empty_world.launch.py
[8.516s] -- Up-to-date symlink: /root/ros_workspace/install/turtlebot3_gazebo/share/turtlebot3_gazebo//launch/robot_state_publisher.launch.py
[8.524s] -- Up-to-date symlink: /root/ros_workspace/install/turtlebot3_gazebo/share/turtlebot3_gazebo//launch/spawn_turtlebot3.launch.py
[8.524s] -- Up-to-date symlink: /root/ros_workspace/install/turtlebot3_gazebo/share/turtlebot3_gazebo//launch/turtlebot3_dqn_stage1.launch.py
[8.524s] -- Up-to-date symlink: /root/ros_workspace/install/turtlebot3_gazebo/share/turtlebot3_gazebo//launch/turtlebot3_dqn_stage2.launch.py
[8.525s] -- Up-to-date symlink: /root/ros_workspace/install/turtlebot3_gazebo/share/turtlebot3_gazebo//launch/turtlebot3_dqn_stage3.launch.py
[8.525s] -- Up-to-date symlink: /root/ros_workspace/install/turtlebot3_gazebo/share/turtlebot3_gazebo//launch/turtlebot3_dqn_stage4.launch.py
[8.527s] -- Up-to-date symlink: /root/ros_workspace/install/turtlebot3_gazebo/share/turtlebot3_gazebo//launch/turtlebot3_house.launch.py
[8.527s] -- Up-to-date symlink: /root/ros_workspace/install/turtlebot3_gazebo/share/turtlebot3_gazebo//launch/turtlebot3_world.launch.py
[8.529s] -- Up-to-date symlink: /root/ros_workspace/install/turtlebot3_gazebo/share/turtlebot3_gazebo//models/turtlebot3_burger/model-1_4.sdf
[8.532s] -- Up-to-date symlink: /root/ros_workspace/install/turtlebot3_gazebo/share/turtlebot3_gazebo//models/turtlebot3_burger/model.config
[8.533s] -- Up-to-date symlink: /root/ros_workspace/install/turtlebot3_gazebo/share/turtlebot3_gazebo//models/turtlebot3_burger/model.sdf
[8.534s] -- Up-to-date symlink: /root/ros_workspace/install/turtlebot3_gazebo/share/turtlebot3_gazebo//models/turtlebot3_burger_cam/model-1_4.sdf
[8.535s] -- Up-to-date symlink: /root/ros_workspace/install/turtlebot3_gazebo/share/turtlebot3_gazebo//models/turtlebot3_burger_cam/model.config
[8.536s] -- Up-to-date symlink: /root/ros_workspace/install/turtlebot3_gazebo/share/turtlebot3_gazebo//models/turtlebot3_burger_cam/model.sdf
[8.540s] -- Up-to-date symlink: /root/ros_workspace/install/turtlebot3_gazebo/share/turtlebot3_gazebo//models/turtlebot3_common/meshes/bases/burger_base.stl
[8.541s] -- Up-to-date symlink: /root/ros_workspace/install/turtlebot3_gazebo/share/turtlebot3_gazebo//models/turtlebot3_common/meshes/bases/waffle_base.stl
[8.542s] -- Up-to-date symlink: /root/ros_workspace/install/turtlebot3_gazebo/share/turtlebot3_gazebo//models/turtlebot3_common/meshes/bases/waffle_pi_base.stl
[8.544s] -- Up-to-date symlink: /root/ros_workspace/install/turtlebot3_gazebo/share/turtlebot3_gazebo//models/turtlebot3_common/meshes/burger_base.dae
[8.553s] -- Up-to-date symlink: /root/ros_workspace/install/turtlebot3_gazebo/share/turtlebot3_gazebo//models/turtlebot3_common/meshes/lds.dae
[8.553s] -- Up-to-date symlink: /root/ros_workspace/install/turtlebot3_gazebo/share/turtlebot3_gazebo//models/turtlebot3_common/meshes/r200.dae
[8.555s] -- Up-to-date symlink: /root/ros_workspace/install/turtlebot3_gazebo/share/turtlebot3_gazebo//models/turtlebot3_common/meshes/sensors/astra.dae
[8.556s] -- Up-to-date symlink: /root/ros_workspace/install/turtlebot3_gazebo/share/turtlebot3_gazebo//models/turtlebot3_common/meshes/sensors/astra.jpg
[8.558s] -- Up-to-date symlink: /root/ros_workspace/install/turtlebot3_gazebo/share/turtlebot3_gazebo//models/turtlebot3_common/meshes/sensors/lds.stl
[8.558s] -- Up-to-date symlink: /root/ros_workspace/install/turtlebot3_gazebo/share/turtlebot3_gazebo//models/turtlebot3_common/meshes/sensors/r200.dae
[8.559s] -- Up-to-date symlink: /root/ros_workspace/install/turtlebot3_gazebo/share/turtlebot3_gazebo//models/turtlebot3_common/meshes/sensors/r200.jpg
[8.559s] -- Up-to-date symlink: /root/ros_workspace/install/turtlebot3_gazebo/share/turtlebot3_gazebo//models/turtlebot3_common/meshes/tire.dae
[8.560s] -- Up-to-date symlink: /root/ros_workspace/install/turtlebot3_gazebo/share/turtlebot3_gazebo//models/turtlebot3_common/meshes/waffle_base.dae
[8.561s] -- Up-to-date symlink: /root/ros_workspace/install/turtlebot3_gazebo/share/turtlebot3_gazebo//models/turtlebot3_common/meshes/waffle_pi_base.dae
[8.561s] -- Up-to-date symlink: /root/ros_workspace/install/turtlebot3_gazebo/share/turtlebot3_gazebo//models/turtlebot3_common/meshes/wheels/left_tire.stl
[8.562s] -- Up-to-date symlink: /root/ros_workspace/install/turtlebot3_gazebo/share/turtlebot3_gazebo//models/turtlebot3_common/meshes/wheels/right_tire.stl
[8.563s] -- Up-to-date symlink: /root/ros_workspace/install/turtlebot3_gazebo/share/turtlebot3_gazebo//models/turtlebot3_common/model.config
[8.564s] -- Up-to-date symlink: /root/ros_workspace/install/turtlebot3_gazebo/share/turtlebot3_gazebo//models/turtlebot3_dqn_world/goal_box/model.config
[8.565s] -- Up-to-date symlink: /root/ros_workspace/install/turtlebot3_gazebo/share/turtlebot3_gazebo//models/turtlebot3_dqn_world/goal_box/model.sdf
[8.566s] -- Up-to-date symlink: /root/ros_workspace/install/turtlebot3_gazebo/share/turtlebot3_gazebo//models/turtlebot3_dqn_world/inner_walls/model.config
[8.567s] -- Up-to-date symlink: /root/ros_workspace/install/turtlebot3_gazebo/share/turtlebot3_gazebo//models/turtlebot3_dqn_world/inner_walls/model.sdf
[8.571s] -- Up-to-date symlink: /root/ros_workspace/install/turtlebot3_gazebo/share/turtlebot3_gazebo//models/turtlebot3_dqn_world/inner_walls/textures/wood.png
[8.571s] -- Up-to-date symlink: /root/ros_workspace/install/turtlebot3_gazebo/share/turtlebot3_gazebo//models/turtlebot3_dqn_world/model.config
[8.572s] -- Up-to-date symlink: /root/ros_workspace/install/turtlebot3_gazebo/share/turtlebot3_gazebo//models/turtlebot3_dqn_world/model.sdf
[8.573s] -- Up-to-date symlink: /root/ros_workspace/install/turtlebot3_gazebo/share/turtlebot3_gazebo//models/turtlebot3_dqn_world/obstacle1/model.config
[8.573s] -- Up-to-date symlink: /root/ros_workspace/install/turtlebot3_gazebo/share/turtlebot3_gazebo//models/turtlebot3_dqn_world/obstacle1/model.sdf
[8.575s] -- Up-to-date symlink: /root/ros_workspace/install/turtlebot3_gazebo/share/turtlebot3_gazebo//models/turtlebot3_dqn_world/obstacle2/model.config
[8.576s] -- Up-to-date symlink: /root/ros_workspace/install/turtlebot3_gazebo/share/turtlebot3_gazebo//models/turtlebot3_dqn_world/obstacle2/model.sdf
[8.577s] -- Up-to-date symlink: /root/ros_workspace/install/turtlebot3_gazebo/share/turtlebot3_gazebo//models/turtlebot3_dqn_world/obstacles/model.config
[8.578s] -- Up-to-date symlink: /root/ros_workspace/install/turtlebot3_gazebo/share/turtlebot3_gazebo//models/turtlebot3_dqn_world/obstacles/model.sdf
[8.578s] -- Up-to-date symlink: /root/ros_workspace/install/turtlebot3_gazebo/share/turtlebot3_gazebo//models/turtlebot3_dqn_world/textures/wood.png
[8.579s] -- Up-to-date symlink: /root/ros_workspace/install/turtlebot3_gazebo/share/turtlebot3_gazebo//models/turtlebot3_house/cafe_table/materials/textures/Maple.jpg
[8.579s] -- Up-to-date symlink: /root/ros_workspace/install/turtlebot3_gazebo/share/turtlebot3_gazebo//models/turtlebot3_house/cafe_table/materials/textures/Wood_Floor_Dark.jpg
[8.580s] -- Up-to-date symlink: /root/ros_workspace/install/turtlebot3_gazebo/share/turtlebot3_gazebo//models/turtlebot3_house/cafe_table/meshes/cafe_table.dae
[8.580s] -- Up-to-date symlink: /root/ros_workspace/install/turtlebot3_gazebo/share/turtlebot3_gazebo//models/turtlebot3_house/cafe_table/model-1_4.sdf
[8.581s] -- Up-to-date symlink: /root/ros_workspace/install/turtlebot3_gazebo/share/turtlebot3_gazebo//models/turtlebot3_house/cafe_table/model.config
[8.582s] -- Up-to-date symlink: /root/ros_workspace/install/turtlebot3_gazebo/share/turtlebot3_gazebo//models/turtlebot3_house/cafe_table/model.sdf
[8.583s] -- Up-to-date symlink: /root/ros_workspace/install/turtlebot3_gazebo/share/turtlebot3_gazebo//models/turtlebot3_house/first_2015_trash_can/meshes/trash_can.dae
[8.584s] -- Up-to-date symlink: /root/ros_workspace/install/turtlebot3_gazebo/share/turtlebot3_gazebo//models/turtlebot3_house/first_2015_trash_can/model.config
[8.584s] -- Up-to-date symlink: /root/ros_workspace/install/turtlebot3_gazebo/share/turtlebot3_gazebo//models/turtlebot3_house/first_2015_trash_can/model.sdf
[8.585s] -- Up-to-date symlink: /root/ros_workspace/install/turtlebot3_gazebo/share/turtlebot3_gazebo//models/turtlebot3_house/mailbox/materials/scripts/mailbox.material
[8.586s] -- Up-to-date symlink: /root/ros_workspace/install/turtlebot3_gazebo/share/turtlebot3_gazebo//models/turtlebot3_house/mailbox/materials/textures/Mailbox_Diffuse.png
[8.586s] -- Up-to-date symlink: /root/ros_workspace/install/turtlebot3_gazebo/share/turtlebot3_gazebo//models/turtlebot3_house/mailbox/materials/textures/Mailbox_Diffuse.tga.orig
[8.588s] -- Up-to-date symlink: /root/ros_workspace/install/turtlebot3_gazebo/share/turtlebot3_gazebo//models/turtlebot3_house/mailbox/materials/textures/Mailbox_Spec.png
[8.588s] -- Up-to-date symlink: /root/ros_workspace/install/turtlebot3_gazebo/share/turtlebot3_gazebo//models/turtlebot3_house/mailbox/meshes/mailbox.dae
[8.589s] -- Up-to-date symlink: /root/ros_workspace/install/turtlebot3_gazebo/share/turtlebot3_gazebo//models/turtlebot3_house/mailbox/model-1_3.sdf
[8.590s] -- Up-to-date symlink: /root/ros_workspace/install/turtlebot3_gazebo/share/turtlebot3_gazebo//models/turtlebot3_house/mailbox/model-1_4.sdf
[8.591s] -- Up-to-date symlink: /root/ros_workspace/install/turtlebot3_gazebo/share/turtlebot3_gazebo//models/turtlebot3_house/mailbox/model.config
[8.591s] -- Up-to-date symlink: /root/ros_workspace/install/turtlebot3_gazebo/share/turtlebot3_gazebo//models/turtlebot3_house/mailbox/model.sdf
[8.592s] -- Up-to-date symlink: /root/ros_workspace/install/turtlebot3_gazebo/share/turtlebot3_gazebo//models/turtlebot3_house/model.config
[8.592s] -- Up-to-date symlink: /root/ros_workspace/install/turtlebot3_gazebo/share/turtlebot3_gazebo//models/turtlebot3_house/model.sdf
[8.593s] -- Up-to-date symlink: /root/ros_workspace/install/turtlebot3_gazebo/share/turtlebot3_gazebo//models/turtlebot3_house/table_marble/materials/scripts/table_lightmap.material
[8.594s] -- Up-to-date symlink: /root/ros_workspace/install/turtlebot3_gazebo/share/turtlebot3_gazebo//models/turtlebot3_house/table_marble/materials/textures/marble.png
[8.595s] -- Up-to-date symlink: /root/ros_workspace/install/turtlebot3_gazebo/share/turtlebot3_gazebo//models/turtlebot3_house/table_marble/materials/textures/table_lightmap.png
[8.595s] -- Up-to-date symlink: /root/ros_workspace/install/turtlebot3_gazebo/share/turtlebot3_gazebo//models/turtlebot3_house/table_marble/meshes/table_lightmap.dae
[8.596s] -- Up-to-date symlink: /root/ros_workspace/install/turtlebot3_gazebo/share/turtlebot3_gazebo//models/turtlebot3_house/table_marble/model-1_4.sdf
[8.597s] -- Up-to-date symlink: /root/ros_workspace/install/turtlebot3_gazebo/share/turtlebot3_gazebo//models/turtlebot3_house/table_marble/model.config
[8.598s] -- Up-to-date symlink: /root/ros_workspace/install/turtlebot3_gazebo/share/turtlebot3_gazebo//models/turtlebot3_house/table_marble/model.sdf
[8.599s] -- Up-to-date symlink: /root/ros_workspace/install/turtlebot3_gazebo/share/turtlebot3_gazebo//models/turtlebot3_house/textures/bricks.png
[8.599s] -- Up-to-date symlink: /root/ros_workspace/install/turtlebot3_gazebo/share/turtlebot3_gazebo//models/turtlebot3_house/textures/wood.png
[8.600s] -- Up-to-date symlink: /root/ros_workspace/install/turtlebot3_gazebo/share/turtlebot3_gazebo//models/turtlebot3_waffle/model-1_4.sdf
[8.600s] -- Up-to-date symlink: /root/ros_workspace/install/turtlebot3_gazebo/share/turtlebot3_gazebo//models/turtlebot3_waffle/model.config
[8.601s] -- Up-to-date symlink: /root/ros_workspace/install/turtlebot3_gazebo/share/turtlebot3_gazebo//models/turtlebot3_waffle/model.sdf
[8.601s] -- Up-to-date symlink: /root/ros_workspace/install/turtlebot3_gazebo/share/turtlebot3_gazebo//models/turtlebot3_waffle_pi/model-1_4_.sdf
[8.602s] -- Up-to-date symlink: /root/ros_workspace/install/turtlebot3_gazebo/share/turtlebot3_gazebo//models/turtlebot3_waffle_pi/model.config
[8.602s] -- Up-to-date symlink: /root/ros_workspace/install/turtlebot3_gazebo/share/turtlebot3_gazebo//models/turtlebot3_waffle_pi/model.sdf
[8.602s] -- Up-to-date symlink: /root/ros_workspace/install/turtlebot3_gazebo/share/turtlebot3_gazebo//models/turtlebot3_world/meshes/hexagon.dae
[8.603s] -- Up-to-date symlink: /root/ros_workspace/install/turtlebot3_gazebo/share/turtlebot3_gazebo//models/turtlebot3_world/meshes/wall.dae
[8.603s] -- Up-to-date symlink: /root/ros_workspace/install/turtlebot3_gazebo/share/turtlebot3_gazebo//models/turtlebot3_world/model-1_4.sdf
[8.603s] -- Up-to-date symlink: /root/ros_workspace/install/turtlebot3_gazebo/share/turtlebot3_gazebo//models/turtlebot3_world/model.config
[8.604s] -- Up-to-date symlink: /root/ros_workspace/install/turtlebot3_gazebo/share/turtlebot3_gazebo//models/turtlebot3_world/model.sdf
[8.604s] -- Up-to-date symlink: /root/ros_workspace/install/turtlebot3_gazebo/share/turtlebot3_gazebo//params/turtlebot3_burger_bridge.yaml
[8.605s] -- Up-to-date symlink: /root/ros_workspace/install/turtlebot3_gazebo/share/turtlebot3_gazebo//params/turtlebot3_burger_cam_bridge.yaml
[8.605s] -- Up-to-date symlink: /root/ros_workspace/install/turtlebot3_gazebo/share/turtlebot3_gazebo//params/turtlebot3_waffle_bridge.yaml
[8.606s] -- Up-to-date symlink: /root/ros_workspace/install/turtlebot3_gazebo/share/turtlebot3_gazebo//params/turtlebot3_waffle_pi_bridge.yaml
[8.607s] -- Up-to-date symlink: /root/ros_workspace/install/turtlebot3_gazebo/share/turtlebot3_gazebo//rviz/tb3_gazebo.rviz
[8.608s] -- Up-to-date symlink: /root/ros_workspace/install/turtlebot3_gazebo/share/turtlebot3_gazebo//urdf/common_properties.urdf
[8.609s] -- Up-to-date symlink: /root/ros_workspace/install/turtlebot3_gazebo/share/turtlebot3_gazebo//urdf/turtlebot3_burger.urdf
[8.609s] -- Up-to-date symlink: /root/ros_workspace/install/turtlebot3_gazebo/share/turtlebot3_gazebo//urdf/turtlebot3_burger_cam.urdf
[8.610s] -- Up-to-date symlink: /root/ros_workspace/install/turtlebot3_gazebo/share/turtlebot3_gazebo//urdf/turtlebot3_waffle.urdf
[8.610s] -- Up-to-date symlink: /root/ros_workspace/install/turtlebot3_gazebo/share/turtlebot3_gazebo//urdf/turtlebot3_waffle_pi.urdf
[8.610s] -- Up-to-date symlink: /root/ros_workspace/install/turtlebot3_gazebo/share/turtlebot3_gazebo//worlds/empty_world.world
[8.610s] -- Up-to-date symlink: /root/ros_workspace/install/turtlebot3_gazebo/share/turtlebot3_gazebo//worlds/turtlebot3_autorace_2020.world
[8.610s] -- Up-to-date symlink: /root/ros_workspace/install/turtlebot3_gazebo/share/turtlebot3_gazebo//worlds/turtlebot3_dqn_stage1.world
[8.611s] -- Up-to-date symlink: /root/ros_workspace/install/turtlebot3_gazebo/share/turtlebot3_gazebo//worlds/turtlebot3_dqn_stage2.world
[8.611s] -- Up-to-date symlink: /root/ros_workspace/install/turtlebot3_gazebo/share/turtlebot3_gazebo//worlds/turtlebot3_dqn_stage3.world
[8.611s] -- Up-to-date symlink: /root/ros_workspace/install/turtlebot3_gazebo/share/turtlebot3_gazebo//worlds/turtlebot3_dqn_stage4.world
[8.611s] -- Up-to-date symlink: /root/ros_workspace/install/turtlebot3_gazebo/share/turtlebot3_gazebo//worlds/turtlebot3_house.world
[8.611s] -- Up-to-date symlink: /root/ros_workspace/install/turtlebot3_gazebo/share/turtlebot3_gazebo//worlds/turtlebot3_world.world
[8.612s] -- Up-to-date symlink: /root/ros_workspace/install/turtlebot3_gazebo/include//turtlebot3_gazebo/obstacle1.hpp
[8.612s] -- Up-to-date symlink: /root/ros_workspace/install/turtlebot3_gazebo/include//turtlebot3_gazebo/obstacle2.hpp
[8.612s] -- Up-to-date symlink: /root/ros_workspace/install/turtlebot3_gazebo/include//turtlebot3_gazebo/obstacles.hpp
[8.612s] -- Up-to-date symlink: /root/ros_workspace/install/turtlebot3_gazebo/include//turtlebot3_gazebo/traffic_bar_plugin.hpp
[8.612s] -- Up-to-date symlink: /root/ros_workspace/install/turtlebot3_gazebo/include//turtlebot3_gazebo/traffic_light_plugin.hpp
[8.612s] -- Up-to-date symlink: /root/ros_workspace/install/turtlebot3_gazebo/include//turtlebot3_gazebo/turtlebot3_drive.hpp
[8.612s] -- Up-to-date symlink: /root/ros_workspace/install/turtlebot3_gazebo/share/ament_index/resource_index/package_run_dependencies/turtlebot3_gazebo
[8.613s] -- Up-to-date symlink: /root/ros_workspace/install/turtlebot3_gazebo/share/ament_index/resource_index/parent_prefix_path/turtlebot3_gazebo
[8.613s] -- Up-to-date symlink: /root/ros_workspace/install/turtlebot3_gazebo/share/turtlebot3_gazebo/environment/ament_prefix_path.sh
[8.613s] -- Up-to-date symlink: /root/ros_workspace/install/turtlebot3_gazebo/share/turtlebot3_gazebo/environment/ament_prefix_path.dsv
[8.614s] -- Up-to-date symlink: /root/ros_workspace/install/turtlebot3_gazebo/share/turtlebot3_gazebo/environment/path.sh
[8.614s] -- Up-to-date symlink: /root/ros_workspace/install/turtlebot3_gazebo/share/turtlebot3_gazebo/environment/path.dsv
[8.615s] -- Up-to-date symlink: /root/ros_workspace/install/turtlebot3_gazebo/share/turtlebot3_gazebo/local_setup.bash
[8.617s] -- Up-to-date symlink: /root/ros_workspace/install/turtlebot3_gazebo/share/turtlebot3_gazebo/local_setup.sh
[8.617s] -- Up-to-date symlink: /root/ros_workspace/install/turtlebot3_gazebo/share/turtlebot3_gazebo/local_setup.zsh
[8.618s] -- Up-to-date symlink: /root/ros_workspace/install/turtlebot3_gazebo/share/turtlebot3_gazebo/local_setup.dsv
[8.618s] -- Symlinking: /root/ros_workspace/install/turtlebot3_gazebo/share/turtlebot3_gazebo/package.dsv
[8.636s] -- Up-to-date symlink: /root/ros_workspace/install/turtlebot3_gazebo/share/ament_index/resource_index/packages/turtlebot3_gazebo
[8.637s] -- Up-to-date symlink: /root/ros_workspace/install/turtlebot3_gazebo/share/turtlebot3_gazebo/cmake/ament_cmake_export_include_directories-extras.cmake
[8.638s] -- Up-to-date symlink: /root/ros_workspace/install/turtlebot3_gazebo/share/turtlebot3_gazebo/cmake/ament_cmake_export_dependencies-extras.cmake
[8.639s] -- Up-to-date symlink: /root/ros_workspace/install/turtlebot3_gazebo/share/turtlebot3_gazebo/cmake/turtlebot3_gazeboConfig.cmake
[8.640s] -- Up-to-date symlink: /root/ros_workspace/install/turtlebot3_gazebo/share/turtlebot3_gazebo/cmake/turtlebot3_gazeboConfig-version.cmake
[8.641s] -- Up-to-date symlink: /root/ros_workspace/install/turtlebot3_gazebo/share/turtlebot3_gazebo/package.xml
[9.336s] Invoked command in '/root/ros_workspace/build/turtlebot3_gazebo' returned '0': CMAKE_PREFIX_PATH=${CMAKE_PREFIX_PATH}:/root/ros_workspace/install/turtlebot3_teleop:/root/ros_workspace/install/turtlebot3_example:/opt/ros/jazzy /usr/bin/cmake --install /root/ros_workspace/build/turtlebot3_gazebo
