[0.094s] Invoking command in '/root/ros_workspace/build/dynamixel_sdk': CMAKE_PREFIX_PATH=${CMAKE_PREFIX_PATH}:/root/ros_workspace/install/turtlebot3_teleop:/root/ros_workspace/install/turtlebot3_example:/root/ros_workspace/install/turtlebot3_control:/opt/ros/jazzy /usr/bin/cmake --build /root/ros_workspace/build/dynamixel_sdk -- -j12 -l12
[2.366s] [100%] Built target dynamixel_sdk
[2.366s] [100%] Built target ament_cmake_python_symlink_dynamixel_sdk
[2.367s] running egg_info
[2.367s] writing dynamixel_sdk.egg-info/PKG-INFO
[2.368s] writing dependency_links to dynamixel_sdk.egg-info/dependency_links.txt
[2.368s] writing top-level names to dynamixel_sdk.egg-info/top_level.txt
[2.368s] reading manifest file 'dynamixel_sdk.egg-info/SOURCES.txt'
[2.369s] writing manifest file 'dynamixel_sdk.egg-info/SOURCES.txt'
[2.369s] [100%] Built target ament_cmake_python_build_dynamixel_sdk_egg
[2.450s] Invoked command in '/root/ros_workspace/build/dynamixel_sdk' returned '0': CMAKE_PREFIX_PATH=${CMAKE_PREFIX_PATH}:/root/ros_workspace/install/turtlebot3_teleop:/root/ros_workspace/install/turtlebot3_example:/root/ros_workspace/install/turtlebot3_control:/opt/ros/jazzy /usr/bin/cmake --build /root/ros_workspace/build/dynamixel_sdk -- -j12 -l12
[2.644s] Invoking command in '/root/ros_workspace/build/dynamixel_sdk': CMAKE_PREFIX_PATH=${CMAKE_PREFIX_PATH}:/root/ros_workspace/install/turtlebot3_teleop:/root/ros_workspace/install/turtlebot3_example:/root/ros_workspace/install/turtlebot3_control:/opt/ros/jazzy /usr/bin/cmake --install /root/ros_workspace/build/dynamixel_sdk
[2.864s] -- Install configuration: ""
[2.864s] -- Execute custom install script
[2.865s] -- Up-to-date symlink: /root/ros_workspace/install/dynamixel_sdk/include//dynamixel_sdk/dynamixel_sdk.h
[2.865s] -- Up-to-date symlink: /root/ros_workspace/install/dynamixel_sdk/include//dynamixel_sdk/group_bulk_read.h
[2.866s] -- Up-to-date symlink: /root/ros_workspace/install/dynamixel_sdk/include//dynamixel_sdk/group_bulk_write.h
[2.867s] -- Up-to-date symlink: /root/ros_workspace/install/dynamixel_sdk/include//dynamixel_sdk/group_fast_bulk_read.h
[2.869s] -- Up-to-date symlink: /root/ros_workspace/install/dynamixel_sdk/include//dynamixel_sdk/group_fast_sync_read.h
[2.879s] -- Up-to-date symlink: /root/ros_workspace/install/dynamixel_sdk/include//dynamixel_sdk/group_handler.h
[2.880s] -- Up-to-date symlink: /root/ros_workspace/install/dynamixel_sdk/include//dynamixel_sdk/group_sync_read.h
[2.880s] -- Up-to-date symlink: /root/ros_workspace/install/dynamixel_sdk/include//dynamixel_sdk/group_sync_write.h
[2.881s] -- Up-to-date symlink: /root/ros_workspace/install/dynamixel_sdk/include//dynamixel_sdk/packet_handler.h
[2.881s] -- Up-to-date symlink: /root/ros_workspace/install/dynamixel_sdk/include//dynamixel_sdk/port_handler.h
[2.882s] -- Up-to-date symlink: /root/ros_workspace/install/dynamixel_sdk/include//dynamixel_sdk/port_handler_arduino.h
[2.882s] -- Up-to-date symlink: /root/ros_workspace/install/dynamixel_sdk/include//dynamixel_sdk/port_handler_linux.h
[2.882s] -- Up-to-date symlink: /root/ros_workspace/install/dynamixel_sdk/include//dynamixel_sdk/port_handler_mac.h
[2.894s] -- Up-to-date symlink: /root/ros_workspace/install/dynamixel_sdk/include//dynamixel_sdk/port_handler_windows.h
[2.894s] -- Up-to-date symlink: /root/ros_workspace/install/dynamixel_sdk/include//dynamixel_sdk/protocol1_packet_handler.h
[2.895s] -- Up-to-date symlink: /root/ros_workspace/install/dynamixel_sdk/include//dynamixel_sdk/protocol2_packet_handler.h
[2.895s] -- Up-to-date symlink: /root/ros_workspace/install/dynamixel_sdk/share/dynamixel_sdk/environment/pythonpath.sh
[2.896s] -- Up-to-date symlink: /root/ros_workspace/install/dynamixel_sdk/share/dynamixel_sdk/environment/pythonpath.dsv
[2.896s] -- Up-to-date symlink: /root/ros_workspace/install/dynamixel_sdk/lib/python3.12/site-packages/dynamixel_sdk-3.8.4-py3.12.egg-info/PKG-INFO
[2.896s] -- Up-to-date symlink: /root/ros_workspace/install/dynamixel_sdk/lib/python3.12/site-packages/dynamixel_sdk-3.8.4-py3.12.egg-info/SOURCES.txt
[2.897s] -- Up-to-date symlink: /root/ros_workspace/install/dynamixel_sdk/lib/python3.12/site-packages/dynamixel_sdk-3.8.4-py3.12.egg-info/dependency_links.txt
[2.898s] -- Up-to-date symlink: /root/ros_workspace/install/dynamixel_sdk/lib/python3.12/site-packages/dynamixel_sdk-3.8.4-py3.12.egg-info/top_level.txt
[2.898s] -- Up-to-date symlink: /root/ros_workspace/install/dynamixel_sdk/lib/python3.12/site-packages/dynamixel_sdk/__init__.py
[2.899s] -- Up-to-date symlink: /root/ros_workspace/install/dynamixel_sdk/lib/python3.12/site-packages/dynamixel_sdk/group_bulk_read.cpp
[2.911s] -- Up-to-date symlink: /root/ros_workspace/install/dynamixel_sdk/lib/python3.12/site-packages/dynamixel_sdk/group_bulk_read.py
[2.912s] -- Up-to-date symlink: /root/ros_workspace/install/dynamixel_sdk/lib/python3.12/site-packages/dynamixel_sdk/group_bulk_write.cpp
[2.915s] -- Up-to-date symlink: /root/ros_workspace/install/dynamixel_sdk/lib/python3.12/site-packages/dynamixel_sdk/group_bulk_write.py
[2.916s] -- Up-to-date symlink: /root/ros_workspace/install/dynamixel_sdk/lib/python3.12/site-packages/dynamixel_sdk/group_fast_bulk_read.cpp
[2.916s] -- Up-to-date symlink: /root/ros_workspace/install/dynamixel_sdk/lib/python3.12/site-packages/dynamixel_sdk/group_fast_sync_read.cpp
[2.917s] -- Up-to-date symlink: /root/ros_workspace/install/dynamixel_sdk/lib/python3.12/site-packages/dynamixel_sdk/group_handler.cpp
[2.917s] -- Up-to-date symlink: /root/ros_workspace/install/dynamixel_sdk/lib/python3.12/site-packages/dynamixel_sdk/group_sync_read.cpp
[2.917s] -- Up-to-date symlink: /root/ros_workspace/install/dynamixel_sdk/lib/python3.12/site-packages/dynamixel_sdk/group_sync_read.py
[2.917s] -- Up-to-date symlink: /root/ros_workspace/install/dynamixel_sdk/lib/python3.12/site-packages/dynamixel_sdk/group_sync_write.cpp
[2.918s] -- Up-to-date symlink: /root/ros_workspace/install/dynamixel_sdk/lib/python3.12/site-packages/dynamixel_sdk/group_sync_write.py
[2.918s] -- Up-to-date symlink: /root/ros_workspace/install/dynamixel_sdk/lib/python3.12/site-packages/dynamixel_sdk/packet_handler.cpp
[2.919s] -- Up-to-date symlink: /root/ros_workspace/install/dynamixel_sdk/lib/python3.12/site-packages/dynamixel_sdk/packet_handler.py
[2.919s] -- Up-to-date symlink: /root/ros_workspace/install/dynamixel_sdk/lib/python3.12/site-packages/dynamixel_sdk/port_handler.cpp
[2.919s] -- Up-to-date symlink: /root/ros_workspace/install/dynamixel_sdk/lib/python3.12/site-packages/dynamixel_sdk/port_handler.py
[2.924s] -- Up-to-date symlink: /root/ros_workspace/install/dynamixel_sdk/lib/python3.12/site-packages/dynamixel_sdk/port_handler_arduino.cpp
[2.925s] -- Up-to-date symlink: /root/ros_workspace/install/dynamixel_sdk/lib/python3.12/site-packages/dynamixel_sdk/port_handler_linux.cpp
[2.926s] -- Up-to-date symlink: /root/ros_workspace/install/dynamixel_sdk/lib/python3.12/site-packages/dynamixel_sdk/port_handler_mac.cpp
[2.926s] -- Up-to-date symlink: /root/ros_workspace/install/dynamixel_sdk/lib/python3.12/site-packages/dynamixel_sdk/port_handler_windows.cpp
[2.927s] -- Up-to-date symlink: /root/ros_workspace/install/dynamixel_sdk/lib/python3.12/site-packages/dynamixel_sdk/protocol1_packet_handler.cpp
[2.928s] -- Up-to-date symlink: /root/ros_workspace/install/dynamixel_sdk/lib/python3.12/site-packages/dynamixel_sdk/protocol1_packet_handler.py
[2.931s] -- Up-to-date symlink: /root/ros_workspace/install/dynamixel_sdk/lib/python3.12/site-packages/dynamixel_sdk/protocol2_packet_handler.cpp
[2.938s] -- Up-to-date symlink: /root/ros_workspace/install/dynamixel_sdk/lib/python3.12/site-packages/dynamixel_sdk/protocol2_packet_handler.py
[2.939s] -- Up-to-date symlink: /root/ros_workspace/install/dynamixel_sdk/lib/python3.12/site-packages/dynamixel_sdk/robotis_def.py
[2.940s] -- Up-to-date symlink: /root/ros_workspace/install/dynamixel_sdk/share/dynamixel_sdk/environment/library_path.sh
[2.941s] -- Up-to-date symlink: /root/ros_workspace/install/dynamixel_sdk/share/dynamixel_sdk/environment/library_path.dsv
[2.941s] -- Up-to-date symlink: /root/ros_workspace/install/dynamixel_sdk/share/ament_index/resource_index/package_run_dependencies/dynamixel_sdk
[2.942s] -- Up-to-date symlink: /root/ros_workspace/install/dynamixel_sdk/share/ament_index/resource_index/parent_prefix_path/dynamixel_sdk
[2.942s] -- Up-to-date symlink: /root/ros_workspace/install/dynamixel_sdk/share/dynamixel_sdk/environment/ament_prefix_path.sh
[2.944s] -- Up-to-date symlink: /root/ros_workspace/install/dynamixel_sdk/share/dynamixel_sdk/environment/ament_prefix_path.dsv
[2.945s] -- Up-to-date symlink: /root/ros_workspace/install/dynamixel_sdk/share/dynamixel_sdk/environment/path.sh
[2.945s] -- Up-to-date symlink: /root/ros_workspace/install/dynamixel_sdk/share/dynamixel_sdk/environment/path.dsv
[2.946s] -- Up-to-date symlink: /root/ros_workspace/install/dynamixel_sdk/share/dynamixel_sdk/local_setup.bash
[2.947s] -- Up-to-date symlink: /root/ros_workspace/install/dynamixel_sdk/share/dynamixel_sdk/local_setup.sh
[2.948s] -- Up-to-date symlink: /root/ros_workspace/install/dynamixel_sdk/share/dynamixel_sdk/local_setup.zsh
[2.949s] -- Up-to-date symlink: /root/ros_workspace/install/dynamixel_sdk/share/dynamixel_sdk/local_setup.dsv
[2.950s] -- Symlinking: /root/ros_workspace/install/dynamixel_sdk/share/dynamixel_sdk/package.dsv
[3.006s] -- Up-to-date symlink: /root/ros_workspace/install/dynamixel_sdk/share/ament_index/resource_index/packages/dynamixel_sdk
[3.010s] -- Up-to-date symlink: /root/ros_workspace/install/dynamixel_sdk/share/dynamixel_sdk/cmake/ament_cmake_export_targets-extras.cmake
[3.010s] -- Up-to-date symlink: /root/ros_workspace/install/dynamixel_sdk/share/dynamixel_sdk/cmake/ament_cmake_export_include_directories-extras.cmake
[3.010s] -- Up-to-date symlink: /root/ros_workspace/install/dynamixel_sdk/share/dynamixel_sdk/cmake/ament_cmake_export_libraries-extras.cmake
[3.013s] -- Up-to-date symlink: /root/ros_workspace/install/dynamixel_sdk/share/dynamixel_sdk/cmake/dynamixel_sdkConfig.cmake
[3.015s] -- Up-to-date symlink: /root/ros_workspace/install/dynamixel_sdk/share/dynamixel_sdk/cmake/dynamixel_sdkConfig-version.cmake
[3.017s] -- Up-to-date symlink: /root/ros_workspace/install/dynamixel_sdk/share/dynamixel_sdk/package.xml
[3.023s] -- Up-to-date: /root/ros_workspace/install/dynamixel_sdk/lib/libdynamixel_sdk.so
[3.162s] Listing '/root/ros_workspace/install/dynamixel_sdk/lib/python3.12/site-packages/dynamixel_sdk'...
[3.165s] -- Up-to-date: /root/ros_workspace/install/dynamixel_sdk/share/dynamixel_sdk/cmake/dynamixel_sdkExport.cmake
[3.166s] -- Up-to-date: /root/ros_workspace/install/dynamixel_sdk/share/dynamixel_sdk/cmake/dynamixel_sdkExport-noconfig.cmake
[3.373s] Invoked command in '/root/ros_workspace/build/dynamixel_sdk' returned '0': CMAKE_PREFIX_PATH=${CMAKE_PREFIX_PATH}:/root/ros_workspace/install/turtlebot3_teleop:/root/ros_workspace/install/turtlebot3_example:/root/ros_workspace/install/turtlebot3_control:/opt/ros/jazzy /usr/bin/cmake --install /root/ros_workspace/build/dynamixel_sdk
