[2.865s] Invoking command in '/root/ros_workspace/build/turtlebot3_example': CMAKE_PREFIX_PATH=/root/ros_workspace/install/turtlebot3_msgs:/root/ros_workspace/install/turtlebot3:/root/ros_workspace/install/turtlebot3_simulations:/root/ros_workspace/install/turtlebot3_bringup:/root/ros_workspace/install/turtlebot3_node:/root/ros_workspace/install/turtlebot3_navigation2:/root/ros_workspace/install/turtlebot3_fake_node:/root/ros_workspace/install/turtlebot3_gazebo:/root/ros_workspace/install/turtlebot3_description:/root/ros_workspace/install/turtlebot3_cartographer:/root/ros_workspace/install/dynamixel_sdk_examples:/root/ros_workspace/install/dynamixel_sdk_custom_interfaces:/root/ros_workspace/install/dynamixel_sdk:/opt/ros/jazzy/opt/gz_sim_vendor:/opt/ros/jazzy/opt/gz_sensors_vendor:/opt/ros/jazzy/opt/gz_physics_vendor:/opt/ros/jazzy/opt/sdformat_vendor:/opt/ros/jazzy/opt/gz_gui_vendor:/opt/ros/jazzy/opt/gz_transport_vendor:/opt/ros/jazzy/opt/gz_rendering_vendor:/opt/ros/jazzy/opt/gz_plugin_vendor:/opt/ros/jazzy/opt/gz_fuel_tools_vendor:/opt/ros/jazzy/opt/gz_msgs_vendor:/opt/ros/jazzy/opt/gz_common_vendor:/opt/ros/jazzy/opt/gz_math_vendor:/opt/ros/jazzy/opt/gz_utils_vendor:/opt/ros/jazzy/opt/gz_tools_vendor:/opt/ros/jazzy/opt/gz_ogre_next_vendor:/opt/ros/jazzy/opt/gz_dartsim_vendor:/opt/ros/jazzy/opt/gz_cmake_vendor PYTHONPATH=/root/ros_workspace/build/turtlebot3_example/prefix_override:/usr/lib/python3/dist-packages/colcon_core/task/python/colcon_distutils_commands:/root/ros_workspace/install/turtlebot3_example/lib/python3.12/site-packages:/root/ros_workspace/install/turtlebot3_msgs/lib/python3.12/site-packages:/root/ros_workspace/install/turtlebot3_teleop/lib/python3.12/site-packages:/root/ros_workspace/install/turtlebot3_example/lib/python3.12/site-packages:/root/ros_workspace/install/turtlebot3_control/lib/python3.12/site-packages:/root/ros_workspace/install/dynamixel_sdk_custom_interfaces/lib/python3.12/site-packages:/root/ros_workspace/install/dynamixel_sdk/lib/python3.12/site-packages:/opt/ros/jazzy/lib/python3.12/site-packages /usr/bin/python3 -W ignore:setup.py install is deprecated -W ignore:easy_install command is deprecated setup.py develop --uninstall --editable --build-directory /root/ros_workspace/build/turtlebot3_example/build
[3.782s] running develop
[4.244s] Removing /root/ros_workspace/install/turtlebot3_example/lib/python3.12/site-packages/turtlebot3-example.egg-link (link to .)
[4.403s] Invoked command in '/root/ros_workspace/build/turtlebot3_example' returned '0': CMAKE_PREFIX_PATH=/root/ros_workspace/install/turtlebot3_msgs:/root/ros_workspace/install/turtlebot3:/root/ros_workspace/install/turtlebot3_simulations:/root/ros_workspace/install/turtlebot3_bringup:/root/ros_workspace/install/turtlebot3_node:/root/ros_workspace/install/turtlebot3_navigation2:/root/ros_workspace/install/turtlebot3_fake_node:/root/ros_workspace/install/turtlebot3_gazebo:/root/ros_workspace/install/turtlebot3_description:/root/ros_workspace/install/turtlebot3_cartographer:/root/ros_workspace/install/dynamixel_sdk_examples:/root/ros_workspace/install/dynamixel_sdk_custom_interfaces:/root/ros_workspace/install/dynamixel_sdk:/opt/ros/jazzy/opt/gz_sim_vendor:/opt/ros/jazzy/opt/gz_sensors_vendor:/opt/ros/jazzy/opt/gz_physics_vendor:/opt/ros/jazzy/opt/sdformat_vendor:/opt/ros/jazzy/opt/gz_gui_vendor:/opt/ros/jazzy/opt/gz_transport_vendor:/opt/ros/jazzy/opt/gz_rendering_vendor:/opt/ros/jazzy/opt/gz_plugin_vendor:/opt/ros/jazzy/opt/gz_fuel_tools_vendor:/opt/ros/jazzy/opt/gz_msgs_vendor:/opt/ros/jazzy/opt/gz_common_vendor:/opt/ros/jazzy/opt/gz_math_vendor:/opt/ros/jazzy/opt/gz_utils_vendor:/opt/ros/jazzy/opt/gz_tools_vendor:/opt/ros/jazzy/opt/gz_ogre_next_vendor:/opt/ros/jazzy/opt/gz_dartsim_vendor:/opt/ros/jazzy/opt/gz_cmake_vendor PYTHONPATH=/root/ros_workspace/build/turtlebot3_example/prefix_override:/usr/lib/python3/dist-packages/colcon_core/task/python/colcon_distutils_commands:/root/ros_workspace/install/turtlebot3_example/lib/python3.12/site-packages:/root/ros_workspace/install/turtlebot3_msgs/lib/python3.12/site-packages:/root/ros_workspace/install/turtlebot3_teleop/lib/python3.12/site-packages:/root/ros_workspace/install/turtlebot3_example/lib/python3.12/site-packages:/root/ros_workspace/install/turtlebot3_control/lib/python3.12/site-packages:/root/ros_workspace/install/dynamixel_sdk_custom_interfaces/lib/python3.12/site-packages:/root/ros_workspace/install/dynamixel_sdk/lib/python3.12/site-packages:/opt/ros/jazzy/lib/python3.12/site-packages /usr/bin/python3 -W ignore:setup.py install is deprecated -W ignore:easy_install command is deprecated setup.py develop --uninstall --editable --build-directory /root/ros_workspace/build/turtlebot3_example/build
[4.413s] Invoking command in '/root/ros_workspace/src/turtlebot3/turtlebot3_example': CMAKE_PREFIX_PATH=/root/ros_workspace/install/turtlebot3_msgs:/root/ros_workspace/install/turtlebot3:/root/ros_workspace/install/turtlebot3_simulations:/root/ros_workspace/install/turtlebot3_bringup:/root/ros_workspace/install/turtlebot3_node:/root/ros_workspace/install/turtlebot3_navigation2:/root/ros_workspace/install/turtlebot3_fake_node:/root/ros_workspace/install/turtlebot3_gazebo:/root/ros_workspace/install/turtlebot3_description:/root/ros_workspace/install/turtlebot3_cartographer:/root/ros_workspace/install/dynamixel_sdk_examples:/root/ros_workspace/install/dynamixel_sdk_custom_interfaces:/root/ros_workspace/install/dynamixel_sdk:/opt/ros/jazzy/opt/gz_sim_vendor:/opt/ros/jazzy/opt/gz_sensors_vendor:/opt/ros/jazzy/opt/gz_physics_vendor:/opt/ros/jazzy/opt/sdformat_vendor:/opt/ros/jazzy/opt/gz_gui_vendor:/opt/ros/jazzy/opt/gz_transport_vendor:/opt/ros/jazzy/opt/gz_rendering_vendor:/opt/ros/jazzy/opt/gz_plugin_vendor:/opt/ros/jazzy/opt/gz_fuel_tools_vendor:/opt/ros/jazzy/opt/gz_msgs_vendor:/opt/ros/jazzy/opt/gz_common_vendor:/opt/ros/jazzy/opt/gz_math_vendor:/opt/ros/jazzy/opt/gz_utils_vendor:/opt/ros/jazzy/opt/gz_tools_vendor:/opt/ros/jazzy/opt/gz_ogre_next_vendor:/opt/ros/jazzy/opt/gz_dartsim_vendor:/opt/ros/jazzy/opt/gz_cmake_vendor PYTHONPATH=/root/ros_workspace/build/turtlebot3_example/prefix_override:/usr/lib/python3/dist-packages/colcon_core/task/python/colcon_distutils_commands:/root/ros_workspace/install/turtlebot3_example/lib/python3.12/site-packages:/root/ros_workspace/install/turtlebot3_msgs/lib/python3.12/site-packages:/root/ros_workspace/install/turtlebot3_teleop/lib/python3.12/site-packages:/root/ros_workspace/install/turtlebot3_example/lib/python3.12/site-packages:/root/ros_workspace/install/turtlebot3_control/lib/python3.12/site-packages:/root/ros_workspace/install/dynamixel_sdk_custom_interfaces/lib/python3.12/site-packages:/root/ros_workspace/install/dynamixel_sdk/lib/python3.12/site-packages:/opt/ros/jazzy/lib/python3.12/site-packages /usr/bin/python3 -W ignore:setup.py install is deprecated -W ignore:easy_install command is deprecated setup.py egg_info --egg-base ../../../build/turtlebot3_example build --build-base /root/ros_workspace/build/turtlebot3_example/build install --record /root/ros_workspace/build/turtlebot3_example/install.log --single-version-externally-managed install_data --force
[5.214s] running egg_info
[5.266s] writing ../../../build/turtlebot3_example/turtlebot3_example.egg-info/PKG-INFO
[5.283s] writing dependency_links to ../../../build/turtlebot3_example/turtlebot3_example.egg-info/dependency_links.txt
[5.283s] writing entry points to ../../../build/turtlebot3_example/turtlebot3_example.egg-info/entry_points.txt
[5.283s] writing requirements to ../../../build/turtlebot3_example/turtlebot3_example.egg-info/requires.txt
[5.284s] writing top-level names to ../../../build/turtlebot3_example/turtlebot3_example.egg-info/top_level.txt
[5.375s] reading manifest file '../../../build/turtlebot3_example/turtlebot3_example.egg-info/SOURCES.txt'
[5.383s] writing manifest file '../../../build/turtlebot3_example/turtlebot3_example.egg-info/SOURCES.txt'
[5.384s] running build
[5.394s] running build_py
[5.394s] running install
[5.420s] running install_lib
[5.479s] creating /root/ros_workspace/install/turtlebot3_example/lib/python3.12/site-packages/turtlebot3_example
[5.479s] copying /root/ros_workspace/build/turtlebot3_example/build/lib/turtlebot3_example/__init__.py -> /root/ros_workspace/install/turtlebot3_example/lib/python3.12/site-packages/turtlebot3_example
[5.481s] creating /root/ros_workspace/install/turtlebot3_example/lib/python3.12/site-packages/turtlebot3_example/turtlebot3_absolute_move
[5.482s] copying /root/ros_workspace/build/turtlebot3_example/build/lib/turtlebot3_example/turtlebot3_absolute_move/__init__.py -> /root/ros_workspace/install/turtlebot3_example/lib/python3.12/site-packages/turtlebot3_example/turtlebot3_absolute_move
[5.483s] copying /root/ros_workspace/build/turtlebot3_example/build/lib/turtlebot3_example/turtlebot3_absolute_move/turtlebot3_absolute_move.py -> /root/ros_workspace/install/turtlebot3_example/lib/python3.12/site-packages/turtlebot3_example/turtlebot3_absolute_move
[5.484s] creating /root/ros_workspace/install/turtlebot3_example/lib/python3.12/site-packages/turtlebot3_example/turtlebot3_patrol
[5.484s] copying /root/ros_workspace/build/turtlebot3_example/build/lib/turtlebot3_example/turtlebot3_patrol/__init__.py -> /root/ros_workspace/install/turtlebot3_example/lib/python3.12/site-packages/turtlebot3_example/turtlebot3_patrol
[5.485s] copying /root/ros_workspace/build/turtlebot3_example/build/lib/turtlebot3_example/turtlebot3_patrol/turtlebot3_patrol_client.py -> /root/ros_workspace/install/turtlebot3_example/lib/python3.12/site-packages/turtlebot3_example/turtlebot3_patrol
[5.505s] copying /root/ros_workspace/build/turtlebot3_example/build/lib/turtlebot3_example/turtlebot3_patrol/turtlebot3_patrol_server.py -> /root/ros_workspace/install/turtlebot3_example/lib/python3.12/site-packages/turtlebot3_example/turtlebot3_patrol
[5.506s] creating /root/ros_workspace/install/turtlebot3_example/lib/python3.12/site-packages/turtlebot3_example/turtlebot3_interactive_marker
[5.506s] copying /root/ros_workspace/build/turtlebot3_example/build/lib/turtlebot3_example/turtlebot3_interactive_marker/__init__.py -> /root/ros_workspace/install/turtlebot3_example/lib/python3.12/site-packages/turtlebot3_example/turtlebot3_interactive_marker
[5.506s] copying /root/ros_workspace/build/turtlebot3_example/build/lib/turtlebot3_example/turtlebot3_interactive_marker/turtlebot3_interactive_marker.py -> /root/ros_workspace/install/turtlebot3_example/lib/python3.12/site-packages/turtlebot3_example/turtlebot3_interactive_marker
[5.507s] creating /root/ros_workspace/install/turtlebot3_example/lib/python3.12/site-packages/turtlebot3_example/turtlebot3_relative_move
[5.507s] copying /root/ros_workspace/build/turtlebot3_example/build/lib/turtlebot3_example/turtlebot3_relative_move/__init__.py -> /root/ros_workspace/install/turtlebot3_example/lib/python3.12/site-packages/turtlebot3_example/turtlebot3_relative_move
[5.508s] copying /root/ros_workspace/build/turtlebot3_example/build/lib/turtlebot3_example/turtlebot3_relative_move/turtlebot3_relative_move.py -> /root/ros_workspace/install/turtlebot3_example/lib/python3.12/site-packages/turtlebot3_example/turtlebot3_relative_move
[5.509s] creating /root/ros_workspace/install/turtlebot3_example/lib/python3.12/site-packages/turtlebot3_example/turtlebot3_obstacle_detection
[5.509s] copying /root/ros_workspace/build/turtlebot3_example/build/lib/turtlebot3_example/turtlebot3_obstacle_detection/__init__.py -> /root/ros_workspace/install/turtlebot3_example/lib/python3.12/site-packages/turtlebot3_example/turtlebot3_obstacle_detection
[5.510s] copying /root/ros_workspace/build/turtlebot3_example/build/lib/turtlebot3_example/turtlebot3_obstacle_detection/turtlebot3_obstacle_detection.py -> /root/ros_workspace/install/turtlebot3_example/lib/python3.12/site-packages/turtlebot3_example/turtlebot3_obstacle_detection
[5.510s] byte-compiling /root/ros_workspace/install/turtlebot3_example/lib/python3.12/site-packages/turtlebot3_example/__init__.py to __init__.cpython-312.pyc
[5.510s] byte-compiling /root/ros_workspace/install/turtlebot3_example/lib/python3.12/site-packages/turtlebot3_example/turtlebot3_absolute_move/__init__.py to __init__.cpython-312.pyc
[5.511s] byte-compiling /root/ros_workspace/install/turtlebot3_example/lib/python3.12/site-packages/turtlebot3_example/turtlebot3_absolute_move/turtlebot3_absolute_move.py to turtlebot3_absolute_move.cpython-312.pyc
[5.511s] byte-compiling /root/ros_workspace/install/turtlebot3_example/lib/python3.12/site-packages/turtlebot3_example/turtlebot3_patrol/__init__.py to __init__.cpython-312.pyc
[5.518s] byte-compiling /root/ros_workspace/install/turtlebot3_example/lib/python3.12/site-packages/turtlebot3_example/turtlebot3_patrol/turtlebot3_patrol_client.py to turtlebot3_patrol_client.cpython-312.pyc
[5.542s] byte-compiling /root/ros_workspace/install/turtlebot3_example/lib/python3.12/site-packages/turtlebot3_example/turtlebot3_patrol/turtlebot3_patrol_server.py to turtlebot3_patrol_server.cpython-312.pyc
[5.542s] byte-compiling /root/ros_workspace/install/turtlebot3_example/lib/python3.12/site-packages/turtlebot3_example/turtlebot3_interactive_marker/__init__.py to __init__.cpython-312.pyc
[5.543s] byte-compiling /root/ros_workspace/install/turtlebot3_example/lib/python3.12/site-packages/turtlebot3_example/turtlebot3_interactive_marker/turtlebot3_interactive_marker.py to turtlebot3_interactive_marker.cpython-312.pyc
[5.543s] byte-compiling /root/ros_workspace/install/turtlebot3_example/lib/python3.12/site-packages/turtlebot3_example/turtlebot3_relative_move/__init__.py to __init__.cpython-312.pyc
[5.543s] byte-compiling /root/ros_workspace/install/turtlebot3_example/lib/python3.12/site-packages/turtlebot3_example/turtlebot3_relative_move/turtlebot3_relative_move.py to turtlebot3_relative_move.cpython-312.pyc
[5.543s] byte-compiling /root/ros_workspace/install/turtlebot3_example/lib/python3.12/site-packages/turtlebot3_example/turtlebot3_obstacle_detection/__init__.py to __init__.cpython-312.pyc
[5.543s] byte-compiling /root/ros_workspace/install/turtlebot3_example/lib/python3.12/site-packages/turtlebot3_example/turtlebot3_obstacle_detection/turtlebot3_obstacle_detection.py to turtlebot3_obstacle_detection.cpython-312.pyc
[5.543s] running install_data
[5.543s] copying resource/turtlebot3_example -> /root/ros_workspace/install/turtlebot3_example/share/ament_index/resource_index/packages
[5.544s] copying package.xml -> /root/ros_workspace/install/turtlebot3_example/share/turtlebot3_example
[5.544s] running install_egg_info
[5.567s] Copying ../../../build/turtlebot3_example/turtlebot3_example.egg-info to /root/ros_workspace/install/turtlebot3_example/lib/python3.12/site-packages/turtlebot3_example-2.3.4-py3.12.egg-info
[5.571s] running install_scripts
[5.905s] Installing turtlebot3_absolute_move script to /root/ros_workspace/install/turtlebot3_example/lib/turtlebot3_example
[5.906s] Installing turtlebot3_interactive_marker script to /root/ros_workspace/install/turtlebot3_example/lib/turtlebot3_example
[5.907s] Installing turtlebot3_obstacle_detection script to /root/ros_workspace/install/turtlebot3_example/lib/turtlebot3_example
[5.911s] Installing turtlebot3_patrol_client script to /root/ros_workspace/install/turtlebot3_example/lib/turtlebot3_example
[5.914s] Installing turtlebot3_patrol_server script to /root/ros_workspace/install/turtlebot3_example/lib/turtlebot3_example
[5.914s] Installing turtlebot3_relative_move script to /root/ros_workspace/install/turtlebot3_example/lib/turtlebot3_example
[5.914s] writing list of installed files to '/root/ros_workspace/build/turtlebot3_example/install.log'
[6.031s] Invoked command in '/root/ros_workspace/src/turtlebot3/turtlebot3_example' returned '0': CMAKE_PREFIX_PATH=/root/ros_workspace/install/turtlebot3_msgs:/root/ros_workspace/install/turtlebot3:/root/ros_workspace/install/turtlebot3_simulations:/root/ros_workspace/install/turtlebot3_bringup:/root/ros_workspace/install/turtlebot3_node:/root/ros_workspace/install/turtlebot3_navigation2:/root/ros_workspace/install/turtlebot3_fake_node:/root/ros_workspace/install/turtlebot3_gazebo:/root/ros_workspace/install/turtlebot3_description:/root/ros_workspace/install/turtlebot3_cartographer:/root/ros_workspace/install/dynamixel_sdk_examples:/root/ros_workspace/install/dynamixel_sdk_custom_interfaces:/root/ros_workspace/install/dynamixel_sdk:/opt/ros/jazzy/opt/gz_sim_vendor:/opt/ros/jazzy/opt/gz_sensors_vendor:/opt/ros/jazzy/opt/gz_physics_vendor:/opt/ros/jazzy/opt/sdformat_vendor:/opt/ros/jazzy/opt/gz_gui_vendor:/opt/ros/jazzy/opt/gz_transport_vendor:/opt/ros/jazzy/opt/gz_rendering_vendor:/opt/ros/jazzy/opt/gz_plugin_vendor:/opt/ros/jazzy/opt/gz_fuel_tools_vendor:/opt/ros/jazzy/opt/gz_msgs_vendor:/opt/ros/jazzy/opt/gz_common_vendor:/opt/ros/jazzy/opt/gz_math_vendor:/opt/ros/jazzy/opt/gz_utils_vendor:/opt/ros/jazzy/opt/gz_tools_vendor:/opt/ros/jazzy/opt/gz_ogre_next_vendor:/opt/ros/jazzy/opt/gz_dartsim_vendor:/opt/ros/jazzy/opt/gz_cmake_vendor PYTHONPATH=/root/ros_workspace/build/turtlebot3_example/prefix_override:/usr/lib/python3/dist-packages/colcon_core/task/python/colcon_distutils_commands:/root/ros_workspace/install/turtlebot3_example/lib/python3.12/site-packages:/root/ros_workspace/install/turtlebot3_msgs/lib/python3.12/site-packages:/root/ros_workspace/install/turtlebot3_teleop/lib/python3.12/site-packages:/root/ros_workspace/install/turtlebot3_example/lib/python3.12/site-packages:/root/ros_workspace/install/turtlebot3_control/lib/python3.12/site-packages:/root/ros_workspace/install/dynamixel_sdk_custom_interfaces/lib/python3.12/site-packages:/root/ros_workspace/install/dynamixel_sdk/lib/python3.12/site-packages:/opt/ros/jazzy/lib/python3.12/site-packages /usr/bin/python3 -W ignore:setup.py install is deprecated -W ignore:easy_install command is deprecated setup.py egg_info --egg-base ../../../build/turtlebot3_example build --build-base /root/ros_workspace/build/turtlebot3_example/build install --record /root/ros_workspace/build/turtlebot3_example/install.log --single-version-externally-managed install_data --force
