[0.243s] Invoking command in '/root/ros_workspace/build/turtlebot3_msgs': CMAKE_PREFIX_PATH=${CMAKE_PREFIX_PATH}:/root/ros_workspace/install/turtlebot3_teleop:/root/ros_workspace/install/turtlebot3_example:/root/ros_workspace/install/turtlebot3_control /usr/bin/cmake /root/ros_workspace/src/turtlebot3_msgs -DCMAKE_INSTALL_PREFIX=/root/ros_workspace/install/turtlebot3_msgs
[1.141s] -- Found action_msgs: 2.0.3 (/opt/ros/jazzy/share/action_msgs/cmake)
[1.148s] -- Configuring incomplete, errors occurred!
[1.157s] Traceback (most recent call last):
[1.164s]   File "/opt/ros/jazzy/share/ament_cmake_core/cmake/package_templates/templates_2_cmake.py", line 21, in <module>
[1.165s]     from ament_package.templates import get_environment_hook_template_path
[1.165s] ModuleNotFoundError: No module named 'ament_package'
[1.165s] [31mCMake Error at /opt/ros/jazzy/share/ament_cmake_core/cmake/ament_cmake_package_templates-extras.cmake:41 (message):
[1.166s]   execute_process(/usr/bin/python3
[1.166s]   /opt/ros/jazzy/share/ament_cmake_core/cmake/package_templates/templates_2_cmake.py
[1.166s]   /root/ros_workspace/build/turtlebot3_msgs/ament_cmake_package_templates/templates.cmake)
[1.166s]   returned error code 1
[1.166s] Call Stack (most recent call first):
[1.166s]   /opt/ros/jazzy/share/ament_cmake_core/cmake/ament_cmake_coreConfig.cmake:41 (include)
[1.167s]   /opt/ros/jazzy/share/action_msgs/cmake/ament_cmake_export_dependencies-extras.cmake:15 (find_package)
[1.167s]   /opt/ros/jazzy/share/action_msgs/cmake/action_msgsConfig.cmake:41 (include)
[1.167s]   CMakeLists.txt:18 (find_package)
[1.167s] 
[1.170s] [0m
[1.202s] Invoked command in '/root/ros_workspace/build/turtlebot3_msgs' returned '1': CMAKE_PREFIX_PATH=${CMAKE_PREFIX_PATH}:/root/ros_workspace/install/turtlebot3_teleop:/root/ros_workspace/install/turtlebot3_example:/root/ros_workspace/install/turtlebot3_control /usr/bin/cmake /root/ros_workspace/src/turtlebot3_msgs -DCMAKE_INSTALL_PREFIX=/root/ros_workspace/install/turtlebot3_msgs
