[0.156s] Invoking command in '/root/ros_workspace/build/dynamixel_sdk_custom_interfaces': CMAKE_PREFIX_PATH=${CMAKE_PREFIX_PATH}:/root/ros_workspace/install/turtlebot3_teleop:/root/ros_workspace/install/turtlebot3_example /usr/bin/cmake /root/ros_workspace/src/DynamixelSDK/ros/dynamixel_sdk_custom_interfaces -DCMAKE_INSTALL_PREFIX=/root/ros_workspace/install/dynamixel_sdk_custom_interfaces
[1.326s] -- Found ament_cmake: 2.5.4 (/opt/ros/jazzy/share/ament_cmake/cmake)
[1.326s] -- Configuring incomplete, errors occurred!
[1.326s] Traceback (most recent call last):
[1.326s]   File "/opt/ros/jazzy/share/ament_cmake_core/cmake/package_templates/templates_2_cmake.py", line 21, in <module>
[1.326s]     from ament_package.templates import get_environment_hook_template_path
[1.326s] ModuleNotFoundError: No module named 'ament_package'
[1.327s] [31mCMake Error at /opt/ros/jazzy/share/ament_cmake_core/cmake/ament_cmake_package_templates-extras.cmake:41 (message):
[1.327s]   execute_process(/usr/bin/python3
[1.327s]   /opt/ros/jazzy/share/ament_cmake_core/cmake/package_templates/templates_2_cmake.py
[1.327s]   /root/ros_workspace/build/dynamixel_sdk_custom_interfaces/ament_cmake_package_templates/templates.cmake)
[1.327s]   returned error code 1
[1.327s] Call Stack (most recent call first):
[1.327s]   /opt/ros/jazzy/share/ament_cmake_core/cmake/ament_cmake_coreConfig.cmake:41 (include)
[1.328s]   /opt/ros/jazzy/share/ament_cmake/cmake/ament_cmake_export_dependencies-extras.cmake:15 (find_package)
[1.328s]   /opt/ros/jazzy/share/ament_cmake/cmake/ament_cmakeConfig.cmake:41 (include)
[1.328s]   CMakeLists.txt:14 (find_package)
[1.329s] 
[1.329s] [0m
[1.509s] Invoked command in '/root/ros_workspace/build/dynamixel_sdk_custom_interfaces' returned '1': CMAKE_PREFIX_PATH=${CMAKE_PREFIX_PATH}:/root/ros_workspace/install/turtlebot3_teleop:/root/ros_workspace/install/turtlebot3_example /usr/bin/cmake /root/ros_workspace/src/DynamixelSDK/ros/dynamixel_sdk_custom_interfaces -DCMAKE_INSTALL_PREFIX=/root/ros_workspace/install/dynamixel_sdk_custom_interfaces
