[0.235s] Invoking command in '/root/ros_workspace/build/dynamixel_sdk_custom_interfaces': /usr/bin/cmake /root/ros_workspace/src/DynamixelSDK/ros/dynamixel_sdk_custom_interfaces -DCMAKE_INSTALL_PREFIX=/root/ros_workspace/install/dynamixel_sdk_custom_interfaces
[1.537s] -- Found ament_cmake: 2.5.4 (/opt/ros/jazzy/share/ament_cmake/cmake)
[1.538s] -- Found Python3: /usr/bin/python3 (found version "3.12.3") found components: Interpreter 
[1.538s] -- Configuring incomplete, errors occurred!
[1.538s] Traceback (most recent call last):
[1.538s]   File "/opt/ros/jazzy/share/ament_cmake_core/cmake/package_templates/templates_2_cmake.py", line 21, in <module>
[1.539s]     from ament_package.templates import get_environment_hook_template_path
[1.539s] ModuleNotFoundError: No module named 'ament_package'
[1.539s] [31mCMake Error at /opt/ros/jazzy/share/ament_cmake_core/cmake/ament_cmake_package_templates-extras.cmake:41 (message):
[1.539s]   execute_process(/usr/bin/python3
[1.539s]   /opt/ros/jazzy/share/ament_cmake_core/cmake/package_templates/templates_2_cmake.py
[1.539s]   /root/ros_workspace/build/dynamixel_sdk_custom_interfaces/ament_cmake_package_templates/templates.cmake)
[1.540s]   returned error code 1
[1.541s] Call Stack (most recent call first):
[1.541s]   /opt/ros/jazzy/share/ament_cmake_core/cmake/ament_cmake_coreConfig.cmake:41 (include)
[1.541s]   /opt/ros/jazzy/share/ament_cmake/cmake/ament_cmake_export_dependencies-extras.cmake:15 (find_package)
[1.541s]   /opt/ros/jazzy/share/ament_cmake/cmake/ament_cmakeConfig.cmake:41 (include)
[1.541s]   CMakeLists.txt:14 (find_package)
[1.541s] 
[1.541s] [0m
[1.740s] Invoked command in '/root/ros_workspace/build/dynamixel_sdk_custom_interfaces' returned '1': /usr/bin/cmake /root/ros_workspace/src/DynamixelSDK/ros/dynamixel_sdk_custom_interfaces -DCMAKE_INSTALL_PREFIX=/root/ros_workspace/install/dynamixel_sdk_custom_interfaces
