[3.978s] Invoking command in '/root/ros_workspace/src/turtlebot3_control': PYTHONPATH=/root/ros_workspace/build/turtlebot3_control/prefix_override:/usr/lib/python3/dist-packages/colcon_core/task/python/colcon_distutils_commands:/root/ros_workspace/install/turtlebot3_control/lib/python3.12/site-packages:${PYTHONPATH} /usr/bin/python3 -W ignore:setup.py install is deprecated -W ignore:easy_install command is deprecated setup.py egg_info --egg-base ../../build/turtlebot3_control build --build-base /root/ros_workspace/build/turtlebot3_control/build install --record /root/ros_workspace/build/turtlebot3_control/install.log --single-version-externally-managed install_data
[4.768s] running egg_info
[4.821s] writing ../../build/turtlebot3_control/turtlebot3_control.egg-info/PKG-INFO
[4.822s] writing dependency_links to ../../build/turtlebot3_control/turtlebot3_control.egg-info/dependency_links.txt
[4.825s] writing entry points to ../../build/turtlebot3_control/turtlebot3_control.egg-info/entry_points.txt
[4.826s] writing requirements to ../../build/turtlebot3_control/turtlebot3_control.egg-info/requires.txt
[4.828s] writing top-level names to ../../build/turtlebot3_control/turtlebot3_control.egg-info/top_level.txt
[4.929s] reading manifest file '../../build/turtlebot3_control/turtlebot3_control.egg-info/SOURCES.txt'
[4.929s] writing manifest file '../../build/turtlebot3_control/turtlebot3_control.egg-info/SOURCES.txt'
[4.930s] running build
[4.930s] running build_py
[4.931s] copying turtlebot3_control/waypoint_controller.py -> /root/ros_workspace/build/turtlebot3_control/build/lib/turtlebot3_control
[4.931s] running install
[4.948s] running install_lib
[4.984s] copying /root/ros_workspace/build/turtlebot3_control/build/lib/turtlebot3_control/waypoint_controller.py -> /root/ros_workspace/install/turtlebot3_control/lib/python3.12/site-packages/turtlebot3_control
[4.985s] byte-compiling /root/ros_workspace/install/turtlebot3_control/lib/python3.12/site-packages/turtlebot3_control/waypoint_controller.py to waypoint_controller.cpython-312.pyc
[4.988s] running install_data
[4.989s] running install_egg_info
[5.056s] removing '/root/ros_workspace/install/turtlebot3_control/lib/python3.12/site-packages/turtlebot3_control-0.0.0-py3.12.egg-info' (and everything under it)
[5.056s] Copying ../../build/turtlebot3_control/turtlebot3_control.egg-info to /root/ros_workspace/install/turtlebot3_control/lib/python3.12/site-packages/turtlebot3_control-0.0.0-py3.12.egg-info
[5.057s] running install_scripts
[5.458s] Installing waypoint_controller script to /root/ros_workspace/install/turtlebot3_control/lib/turtlebot3_control
[5.460s] writing list of installed files to '/root/ros_workspace/build/turtlebot3_control/install.log'
[5.616s] Invoked command in '/root/ros_workspace/src/turtlebot3_control' returned '0': PYTHONPATH=/root/ros_workspace/build/turtlebot3_control/prefix_override:/usr/lib/python3/dist-packages/colcon_core/task/python/colcon_distutils_commands:/root/ros_workspace/install/turtlebot3_control/lib/python3.12/site-packages:${PYTHONPATH} /usr/bin/python3 -W ignore:setup.py install is deprecated -W ignore:easy_install command is deprecated setup.py egg_info --egg-base ../../build/turtlebot3_control build --build-base /root/ros_workspace/build/turtlebot3_control/build install --record /root/ros_workspace/build/turtlebot3_control/install.log --single-version-externally-managed install_data
