[0.174s] Invoking command in '/root/ros_workspace/build/turtlebot3_cartographer': CMAKE_PREFIX_PATH=${CMAKE_PREFIX_PATH}:/opt/ros/jazzy /usr/bin/cmake --build /root/ros_workspace/build/turtlebot3_cartographer -- -j12 -l12
[1.439s] Invoked command in '/root/ros_workspace/build/turtlebot3_cartographer' returned '0': CMAKE_PREFIX_PATH=${CMAKE_PREFIX_PATH}:/opt/ros/jazzy /usr/bin/cmake --build /root/ros_workspace/build/turtlebot3_cartographer -- -j12 -l12
[1.440s] Invoking command in '/root/ros_workspace/build/turtlebot3_cartographer': CMAKE_PREFIX_PATH=${CMAKE_PREFIX_PATH}:/opt/ros/jazzy /usr/bin/cmake --install /root/ros_workspace/build/turtlebot3_cartographer
[1.725s] -- Install configuration: ""
[1.725s] -- Execute custom install script
[1.734s] -- Up-to-date symlink: /root/ros_workspace/install/turtlebot3_cartographer/share/turtlebot3_cartographer/config/turtlebot3_lds_2d.lua
[1.784s] -- Up-to-date symlink: /root/ros_workspace/install/turtlebot3_cartographer/share/turtlebot3_cartographer/launch/cartographer.launch.py
[1.784s] -- Up-to-date symlink: /root/ros_workspace/install/turtlebot3_cartographer/share/turtlebot3_cartographer/launch/occupancy_grid.launch.py
[1.785s] -- Up-to-date symlink: /root/ros_workspace/install/turtlebot3_cartographer/share/turtlebot3_cartographer/rviz/tb3_cartographer.rviz
[1.785s] -- Up-to-date symlink: /root/ros_workspace/install/turtlebot3_cartographer/share/ament_index/resource_index/package_run_dependencies/turtlebot3_cartographer
[1.785s] -- Up-to-date symlink: /root/ros_workspace/install/turtlebot3_cartographer/share/ament_index/resource_index/parent_prefix_path/turtlebot3_cartographer
[1.785s] -- Up-to-date symlink: /root/ros_workspace/install/turtlebot3_cartographer/share/turtlebot3_cartographer/environment/ament_prefix_path.sh
[1.786s] -- Up-to-date symlink: /root/ros_workspace/install/turtlebot3_cartographer/share/turtlebot3_cartographer/environment/ament_prefix_path.dsv
[1.786s] -- Up-to-date symlink: /root/ros_workspace/install/turtlebot3_cartographer/share/turtlebot3_cartographer/environment/path.sh
[1.786s] -- Up-to-date symlink: /root/ros_workspace/install/turtlebot3_cartographer/share/turtlebot3_cartographer/environment/path.dsv
[1.786s] -- Up-to-date symlink: /root/ros_workspace/install/turtlebot3_cartographer/share/turtlebot3_cartographer/local_setup.bash
[1.787s] -- Up-to-date symlink: /root/ros_workspace/install/turtlebot3_cartographer/share/turtlebot3_cartographer/local_setup.sh
[1.787s] -- Up-to-date symlink: /root/ros_workspace/install/turtlebot3_cartographer/share/turtlebot3_cartographer/local_setup.zsh
[1.788s] -- Up-to-date symlink: /root/ros_workspace/install/turtlebot3_cartographer/share/turtlebot3_cartographer/local_setup.dsv
[1.789s] -- Symlinking: /root/ros_workspace/install/turtlebot3_cartographer/share/turtlebot3_cartographer/package.dsv
[1.829s] -- Up-to-date symlink: /root/ros_workspace/install/turtlebot3_cartographer/share/ament_index/resource_index/packages/turtlebot3_cartographer
[1.830s] -- Up-to-date symlink: /root/ros_workspace/install/turtlebot3_cartographer/share/turtlebot3_cartographer/cmake/turtlebot3_cartographerConfig.cmake
[1.832s] -- Up-to-date symlink: /root/ros_workspace/install/turtlebot3_cartographer/share/turtlebot3_cartographer/cmake/turtlebot3_cartographerConfig-version.cmake
[1.832s] -- Up-to-date symlink: /root/ros_workspace/install/turtlebot3_cartographer/share/turtlebot3_cartographer/package.xml
[2.033s] Invoked command in '/root/ros_workspace/build/turtlebot3_cartographer' returned '0': CMAKE_PREFIX_PATH=${CMAKE_PREFIX_PATH}:/opt/ros/jazzy /usr/bin/cmake --install /root/ros_workspace/build/turtlebot3_cartographer
