[1.440s] Invoking command in '/root/ros_workspace/build/turtlebot3_example': AMENT_PREFIX_PATH=/root/ros_workspace/install/turtlebot3_msgs:${AMENT_PREFIX_PATH} CMAKE_PREFIX_PATH=/root/ros_workspace/install/turtlebot3_msgs:${CMAKE_PREFIX_PATH} LD_LIBRARY_PATH=/root/ros_workspace/install/turtlebot3_msgs/lib:${LD_LIBRARY_PATH} PYTHONPATH=/root/ros_workspace/build/turtlebot3_example/prefix_override:/usr/lib/python3/dist-packages/colcon_core/task/python/colcon_distutils_commands:/root/ros_workspace/install/turtlebot3_example/lib/python3.12/site-packages:/root/ros_workspace/install/turtlebot3_msgs/lib/python3.12/site-packages:${PYTHONPATH} /usr/bin/python3 -W ignore:setup.py install is deprecated -W ignore:easy_install command is deprecated setup.py develop --editable --build-directory /root/ros_workspace/build/turtlebot3_example/build --no-deps symlink_data --force
[1.915s] running develop
[2.208s] running egg_info
[2.231s] writing turtlebot3_example.egg-info/PKG-INFO
[2.232s] writing dependency_links to turtlebot3_example.egg-info/dependency_links.txt
[2.234s] writing entry points to turtlebot3_example.egg-info/entry_points.txt
[2.234s] writing requirements to turtlebot3_example.egg-info/requires.txt
[2.235s] writing top-level names to turtlebot3_example.egg-info/top_level.txt
[2.305s] reading manifest file 'turtlebot3_example.egg-info/SOURCES.txt'
[2.306s] writing manifest file 'turtlebot3_example.egg-info/SOURCES.txt'
[2.336s] running build_ext
[2.336s] Creating /root/ros_workspace/install/turtlebot3_example/lib/python3.12/site-packages/turtlebot3-example.egg-link (link to .)
[2.336s] Installing turtlebot3_absolute_move script to /root/ros_workspace/install/turtlebot3_example/lib/turtlebot3_example
[2.337s] Installing turtlebot3_interactive_marker script to /root/ros_workspace/install/turtlebot3_example/lib/turtlebot3_example
[2.337s] Installing turtlebot3_obstacle_detection script to /root/ros_workspace/install/turtlebot3_example/lib/turtlebot3_example
[2.338s] Installing turtlebot3_patrol_client script to /root/ros_workspace/install/turtlebot3_example/lib/turtlebot3_example
[2.338s] Installing turtlebot3_patrol_server script to /root/ros_workspace/install/turtlebot3_example/lib/turtlebot3_example
[2.338s] Installing turtlebot3_relative_move script to /root/ros_workspace/install/turtlebot3_example/lib/turtlebot3_example
[2.339s] 
[2.339s] Installed /root/ros_workspace/build/turtlebot3_example
[2.339s] running symlink_data
[2.340s] symbolically linking /root/ros_workspace/build/turtlebot3_example/resource/turtlebot3_example -> /root/ros_workspace/install/turtlebot3_example/share/ament_index/resource_index/packages
[2.341s] symbolically linking /root/ros_workspace/build/turtlebot3_example/package.xml -> /root/ros_workspace/install/turtlebot3_example/share/turtlebot3_example
[2.459s] Invoked command in '/root/ros_workspace/build/turtlebot3_example' returned '0': AMENT_PREFIX_PATH=/root/ros_workspace/install/turtlebot3_msgs:${AMENT_PREFIX_PATH} CMAKE_PREFIX_PATH=/root/ros_workspace/install/turtlebot3_msgs:${CMAKE_PREFIX_PATH} LD_LIBRARY_PATH=/root/ros_workspace/install/turtlebot3_msgs/lib:${LD_LIBRARY_PATH} PYTHONPATH=/root/ros_workspace/build/turtlebot3_example/prefix_override:/usr/lib/python3/dist-packages/colcon_core/task/python/colcon_distutils_commands:/root/ros_workspace/install/turtlebot3_example/lib/python3.12/site-packages:/root/ros_workspace/install/turtlebot3_msgs/lib/python3.12/site-packages:${PYTHONPATH} /usr/bin/python3 -W ignore:setup.py install is deprecated -W ignore:easy_install command is deprecated setup.py develop --editable --build-directory /root/ros_workspace/build/turtlebot3_example/build --no-deps symlink_data --force
