[4.497s] Invoking command in '/root/ros_workspace/build/turtlebot3_control': PYTHONPATH=/root/ros_workspace/build/turtlebot3_control/prefix_override:/usr/lib/python3/dist-packages/colcon_core/task/python/colcon_distutils_commands:/root/ros_workspace/install/turtlebot3_control/lib/python3.12/site-packages:${PYTHONPATH} /usr/bin/python3 -W ignore:setup.py install is deprecated -W ignore:easy_install command is deprecated setup.py develop --uninstall --editable --build-directory /root/ros_workspace/build/turtlebot3_control/build
[5.393s] running develop
[6.030s] Removing /root/ros_workspace/install/turtlebot3_control/lib/python3.12/site-packages/turtlebot3-control.egg-link (link to .)
[6.184s] Invoked command in '/root/ros_workspace/build/turtlebot3_control' returned '0': PYTHONPATH=/root/ros_workspace/build/turtlebot3_control/prefix_override:/usr/lib/python3/dist-packages/colcon_core/task/python/colcon_distutils_commands:/root/ros_workspace/install/turtlebot3_control/lib/python3.12/site-packages:${PYTHONPATH} /usr/bin/python3 -W ignore:setup.py install is deprecated -W ignore:easy_install command is deprecated setup.py develop --uninstall --editable --build-directory /root/ros_workspace/build/turtlebot3_control/build
[6.184s] Invoking command in '/root/ros_workspace/src/turtlebot3_control': PYTHONPATH=/root/ros_workspace/build/turtlebot3_control/prefix_override:/usr/lib/python3/dist-packages/colcon_core/task/python/colcon_distutils_commands:/root/ros_workspace/install/turtlebot3_control/lib/python3.12/site-packages:${PYTHONPATH} /usr/bin/python3 -W ignore:setup.py install is deprecated -W ignore:easy_install command is deprecated setup.py egg_info --egg-base ../../build/turtlebot3_control build --build-base /root/ros_workspace/build/turtlebot3_control/build install --record /root/ros_workspace/build/turtlebot3_control/install.log --single-version-externally-managed install_data --force
[7.021s] running egg_info
[7.074s] writing ../../build/turtlebot3_control/turtlebot3_control.egg-info/PKG-INFO
[7.076s] writing dependency_links to ../../build/turtlebot3_control/turtlebot3_control.egg-info/dependency_links.txt
[7.077s] writing entry points to ../../build/turtlebot3_control/turtlebot3_control.egg-info/entry_points.txt
[7.079s] writing requirements to ../../build/turtlebot3_control/turtlebot3_control.egg-info/requires.txt
[7.082s] writing top-level names to ../../build/turtlebot3_control/turtlebot3_control.egg-info/top_level.txt
[7.196s] reading manifest file '../../build/turtlebot3_control/turtlebot3_control.egg-info/SOURCES.txt'
[7.200s] writing manifest file '../../build/turtlebot3_control/turtlebot3_control.egg-info/SOURCES.txt'
[7.202s] running build
[7.203s] running build_py
[7.204s] copying turtlebot3_control/waypoint_controller.py -> /root/ros_workspace/build/turtlebot3_control/build/lib/turtlebot3_control
[7.206s] running install
[7.230s] running install_lib
[7.300s] creating /root/ros_workspace/install/turtlebot3_control/lib/python3.12/site-packages/turtlebot3_control
[7.302s] copying /root/ros_workspace/build/turtlebot3_control/build/lib/turtlebot3_control/__init__.py -> /root/ros_workspace/install/turtlebot3_control/lib/python3.12/site-packages/turtlebot3_control
[7.306s] copying /root/ros_workspace/build/turtlebot3_control/build/lib/turtlebot3_control/waypoint_controller.py -> /root/ros_workspace/install/turtlebot3_control/lib/python3.12/site-packages/turtlebot3_control
[7.309s] byte-compiling /root/ros_workspace/install/turtlebot3_control/lib/python3.12/site-packages/turtlebot3_control/__init__.py to __init__.cpython-312.pyc
[7.313s] byte-compiling /root/ros_workspace/install/turtlebot3_control/lib/python3.12/site-packages/turtlebot3_control/waypoint_controller.py to waypoint_controller.cpython-312.pyc
[7.317s] /root/ros_workspace/install/turtlebot3_control/lib/python3.12/site-packages/turtlebot3_control/waypoint_controller.py:45: SyntaxWarning: 'tuple' object is not callable; perhaps you missed a comma?
[7.317s]   (3.0, 0.0)
[7.325s] running install_data
[7.328s] copying resource/turtlebot3_control -> /root/ros_workspace/install/turtlebot3_control/share/ament_index/resource_index/packages
[7.330s] copying package.xml -> /root/ros_workspace/install/turtlebot3_control/share/turtlebot3_control
[7.331s] running install_egg_info
[7.406s] Copying ../../build/turtlebot3_control/turtlebot3_control.egg-info to /root/ros_workspace/install/turtlebot3_control/lib/python3.12/site-packages/turtlebot3_control-0.0.0-py3.12.egg-info
[7.412s] running install_scripts
[7.748s] Installing waypoint_controller script to /root/ros_workspace/install/turtlebot3_control/lib/turtlebot3_control
[7.748s] writing list of installed files to '/root/ros_workspace/build/turtlebot3_control/install.log'
[7.933s] Invoked command in '/root/ros_workspace/src/turtlebot3_control' returned '0': PYTHONPATH=/root/ros_workspace/build/turtlebot3_control/prefix_override:/usr/lib/python3/dist-packages/colcon_core/task/python/colcon_distutils_commands:/root/ros_workspace/install/turtlebot3_control/lib/python3.12/site-packages:${PYTHONPATH} /usr/bin/python3 -W ignore:setup.py install is deprecated -W ignore:easy_install command is deprecated setup.py egg_info --egg-base ../../build/turtlebot3_control build --build-base /root/ros_workspace/build/turtlebot3_control/build install --record /root/ros_workspace/build/turtlebot3_control/install.log --single-version-externally-managed install_data --force
